01/15/2025 13:43:33 - INFO - __main__ - Distributed environment: NO
Num processes: 1
Process index: 0
Local process index: 0
Device: cpu

Mixed precision type: fp16

01/15/2025 13:43:35 - INFO - root - freeze vision encoder
01/15/2025 13:43:45 - INFO - root - Loading pretrained model from /root/.cache/torch/hub/checkpoints/blip-diffusion
01/15/2025 13:43:45 - INFO - root - Loading pretrained BLIP2 Qformer weights.
01/15/2025 13:43:47 - INFO - root - Loading pretrained projection lyer weights.
01/15/2025 13:43:47 - INFO - root - Loading pretrained text encoder weights.
01/15/2025 13:43:47 - INFO - root - Loading pretrained vae weights.
01/15/2025 13:43:48 - INFO - root - Loading pretrained unet weights.
01/15/2025 13:44:07 - INFO - root - Using xformers.
01/15/2025 13:44:07 - INFO - root - Building datasets...
01/15/2025 13:44:17 - INFO - root - freeze vision encoder
01/15/2025 13:44:52 - INFO - root - load checkpoint from https://storage.googleapis.com/sfr-vision-language-research/LAVIS/models/BLIP2/blip2_pretrained_flant5xl.pth
01/15/2025 13:45:01 - INFO - __main__ - 
***** Running training *****
01/15/2025 13:45:01 - INFO - __main__ -   Num examples = 6
01/15/2025 13:45:01 - INFO - __main__ -   Num batches each epoch = 1
01/15/2025 13:45:01 - INFO - __main__ -   Num Epochs = 100
01/15/2025 13:45:01 - INFO - __main__ -   Instantaneous batch size per device = 6
01/15/2025 13:45:01 - INFO - __main__ -   Total train batch size (w. parallel, distributed & accumulation) = 6
01/15/2025 13:45:01 - INFO - __main__ -   Gradient Accumulation steps = 1
01/15/2025 13:45:01 - INFO - __main__ -   Total optimization steps = 100
01/15/2025 13:45:01 - INFO - __main__ -   Total parameters number = 1992400106
01/15/2025 13:45:01 - INFO - __main__ -   Training parameters number = 573392897
