01/18/2025 01:41:32 - INFO - __main__ - Distributed environment: NO
Num processes: 1
Process index: 0
Local process index: 0
Device: cuda

Mixed precision type: no

01/18/2025 01:41:34 - INFO - root - freeze vision encoder
01/18/2025 01:41:45 - INFO - root - Loading pretrained model from /root/.cache/torch/hub/checkpoints/blip-diffusion
01/18/2025 01:41:45 - INFO - root - Loading pretrained BLIP2 Qformer weights.
01/18/2025 01:41:47 - INFO - root - Loading pretrained projection lyer weights.
01/18/2025 01:41:47 - INFO - root - Loading pretrained text encoder weights.
01/18/2025 01:41:48 - INFO - root - Loading pretrained vae weights.
01/18/2025 01:41:49 - INFO - root - Loading pretrained unet weights.
01/18/2025 01:41:56 - INFO - root - Using xformers.
01/18/2025 01:41:56 - INFO - root - Building datasets...
01/18/2025 01:42:06 - INFO - root - freeze vision encoder
01/18/2025 01:42:45 - INFO - root - load checkpoint from https://storage.googleapis.com/sfr-vision-language-research/LAVIS/models/BLIP2/blip2_pretrained_flant5xl.pth
01/18/2025 01:42:54 - INFO - __main__ - 
***** Running training *****
01/18/2025 01:42:54 - INFO - __main__ -   Num examples = 5
01/18/2025 01:42:54 - INFO - __main__ -   Num batches each epoch = 2
01/18/2025 01:42:54 - INFO - __main__ -   Num Epochs = 50
01/18/2025 01:42:54 - INFO - __main__ -   Instantaneous batch size per device = 3
01/18/2025 01:42:54 - INFO - __main__ -   Total train batch size (w. parallel, distributed & accumulation) = 3
01/18/2025 01:42:54 - INFO - __main__ -   Gradient Accumulation steps = 1
01/18/2025 01:42:54 - INFO - __main__ -   Total optimization steps = 100
01/18/2025 01:42:54 - INFO - __main__ -   Total parameters number = 1994172650
01/18/2025 01:42:54 - INFO - __main__ -   Training parameters number = 575165441
01/18/2025 01:46:02 - INFO - __main__ - Running validation... 
 Generating 4 images with prompt:in the jungle.
