06/14/2024 15:08:39 - INFO - __main__ - Distributed environment: NO
Num processes: 1
Process index: 0
Local process index: 0
Device: cuda

Mixed precision type: no

06/14/2024 15:08:39 - WARNING - py.warnings - /shenzihe/venv/lib/python3.10/site-packages/huggingface_hub/file_download.py:1132: FutureWarning: `resume_download` is deprecated and will be removed in version 1.0.0. Downloads always resume when possible. If you want to force a new download, use `force_download=True`.
  warnings.warn(

06/14/2024 15:08:41 - INFO - root - freeze vision encoder
06/14/2024 15:08:44 - INFO - root - Loaded ViT-H-14 model config.
06/14/2024 15:08:49 - INFO - root - Loading pretrained ViT-H-14 weights (laion2b_s32b_b79k).
06/14/2024 15:08:51 - WARNING - py.warnings - /shenzihe/venv/lib/python3.10/site-packages/diffusers/configuration_utils.py:215: FutureWarning: It is deprecated to pass a pretrained model name or path to `from_config`.If you were trying to load a scheduler, please use <class 'diffusers.schedulers.scheduling_ddpm.DDPMScheduler'>.from_pretrained(...) instead. Otherwise, please make sure to pass a configuration dictionary instead. This functionality will be removed in v1.0.0.
  deprecate("config-passed-as-path", "1.0.0", deprecation_message, standard_warn=False)

06/14/2024 15:08:51 - INFO - root - Loading pretrained model from /root/.cache/torch/hub/checkpoints/blip-diffusion
06/14/2024 15:08:51 - INFO - root - Loading pretrained BLIP2 Qformer weights.
06/14/2024 15:08:53 - INFO - root - Loading pretrained projection lyer weights.
06/14/2024 15:08:53 - INFO - root - Loading pretrained text encoder weights.
06/14/2024 15:08:53 - INFO - root - Loading pretrained vae weights.
06/14/2024 15:08:54 - INFO - root - Loading pretrained unet weights.
06/14/2024 15:08:59 - INFO - root - Using xformers.
06/14/2024 15:08:59 - INFO - root - Building datasets...
06/14/2024 15:08:59 - INFO - __main__ - 
***** Running training *****
06/14/2024 15:08:59 - INFO - __main__ -   Num examples = 300000
06/14/2024 15:08:59 - INFO - __main__ -   Num batches each epoch = 150000
06/14/2024 15:08:59 - INFO - __main__ -   Num Epochs = 1
06/14/2024 15:08:59 - INFO - __main__ -   Instantaneous batch size per device = 2
06/14/2024 15:08:59 - INFO - __main__ -   Total train batch size (w. parallel, distributed & accumulation) = 2
06/14/2024 15:08:59 - INFO - __main__ -   Gradient Accumulation steps = 1
06/14/2024 15:08:59 - INFO - __main__ -   Total optimization steps = 1000
06/14/2024 15:09:00 - WARNING - py.warnings - /shenzihe/venv/lib/python3.10/site-packages/torch/backends/cuda/__init__.py:342: FutureWarning: torch.backends.cuda.sdp_kernel() is deprecated. In the future, this context manager will be removed. Please see, torch.nn.attention.sdpa_kernel() for the new context manager, with updated signature.
  warnings.warn(

06/14/2024 15:12:18 - INFO - accelerate.accelerator - Saving current state to /shenzihe/WD-Disk/output/mit_mascot_bsz_1_loss_0.01_1_0.001/checkpoint-100
06/14/2024 15:12:18 - WARNING - accelerate.utils.other - Removed shared tensor {'blip.Qformer.cls.predictions.decoder.bias', 'blip.Qformer.cls.predictions.decoder.weight'} while saving. This should be OK, but check by verifying that you don't receive any warning while reloading
06/14/2024 15:13:07 - INFO - accelerate.checkpointing - Model weights saved in /shenzihe/WD-Disk/output/mit_mascot_bsz_1_loss_0.01_1_0.001/checkpoint-100/model.safetensors
06/14/2024 15:13:42 - INFO - accelerate.checkpointing - Optimizer state saved in /shenzihe/WD-Disk/output/mit_mascot_bsz_1_loss_0.01_1_0.001/checkpoint-100/optimizer.bin
06/14/2024 15:13:42 - INFO - accelerate.checkpointing - Scheduler state saved in /shenzihe/WD-Disk/output/mit_mascot_bsz_1_loss_0.01_1_0.001/checkpoint-100/scheduler.bin
06/14/2024 15:13:42 - INFO - accelerate.checkpointing - Sampler state for dataloader 0 saved in /shenzihe/WD-Disk/output/mit_mascot_bsz_1_loss_0.01_1_0.001/checkpoint-100/sampler.bin
06/14/2024 15:13:42 - INFO - accelerate.checkpointing - Random states saved in /shenzihe/WD-Disk/output/mit_mascot_bsz_1_loss_0.01_1_0.001/checkpoint-100/random_states_0.pkl
06/14/2024 15:13:42 - INFO - __main__ - Saved state to /shenzihe/WD-Disk/output/mit_mascot_bsz_1_loss_0.01_1_0.001/checkpoint-100
06/14/2024 15:16:59 - INFO - accelerate.accelerator - Saving current state to /shenzihe/WD-Disk/output/mit_mascot_bsz_1_loss_0.01_1_0.001/checkpoint-200
06/14/2024 15:16:59 - WARNING - accelerate.utils.other - Removed shared tensor {'blip.Qformer.cls.predictions.decoder.bias', 'blip.Qformer.cls.predictions.decoder.weight'} while saving. This should be OK, but check by verifying that you don't receive any warning while reloading
06/14/2024 15:17:45 - INFO - accelerate.checkpointing - Model weights saved in /shenzihe/WD-Disk/output/mit_mascot_bsz_1_loss_0.01_1_0.001/checkpoint-200/model.safetensors
06/14/2024 15:18:21 - INFO - accelerate.checkpointing - Optimizer state saved in /shenzihe/WD-Disk/output/mit_mascot_bsz_1_loss_0.01_1_0.001/checkpoint-200/optimizer.bin
06/14/2024 15:18:21 - INFO - accelerate.checkpointing - Scheduler state saved in /shenzihe/WD-Disk/output/mit_mascot_bsz_1_loss_0.01_1_0.001/checkpoint-200/scheduler.bin
06/14/2024 15:18:21 - INFO - accelerate.checkpointing - Sampler state for dataloader 0 saved in /shenzihe/WD-Disk/output/mit_mascot_bsz_1_loss_0.01_1_0.001/checkpoint-200/sampler.bin
06/14/2024 15:18:21 - INFO - accelerate.checkpointing - Random states saved in /shenzihe/WD-Disk/output/mit_mascot_bsz_1_loss_0.01_1_0.001/checkpoint-200/random_states_0.pkl
06/14/2024 15:18:21 - INFO - __main__ - Saved state to /shenzihe/WD-Disk/output/mit_mascot_bsz_1_loss_0.01_1_0.001/checkpoint-200
06/14/2024 15:21:38 - INFO - accelerate.accelerator - Saving current state to /shenzihe/WD-Disk/output/mit_mascot_bsz_1_loss_0.01_1_0.001/checkpoint-300
06/14/2024 15:21:38 - WARNING - accelerate.utils.other - Removed shared tensor {'blip.Qformer.cls.predictions.decoder.bias', 'blip.Qformer.cls.predictions.decoder.weight'} while saving. This should be OK, but check by verifying that you don't receive any warning while reloading
06/14/2024 15:22:25 - INFO - accelerate.checkpointing - Model weights saved in /shenzihe/WD-Disk/output/mit_mascot_bsz_1_loss_0.01_1_0.001/checkpoint-300/model.safetensors
06/14/2024 15:23:02 - INFO - accelerate.checkpointing - Optimizer state saved in /shenzihe/WD-Disk/output/mit_mascot_bsz_1_loss_0.01_1_0.001/checkpoint-300/optimizer.bin
06/14/2024 15:23:02 - INFO - accelerate.checkpointing - Scheduler state saved in /shenzihe/WD-Disk/output/mit_mascot_bsz_1_loss_0.01_1_0.001/checkpoint-300/scheduler.bin
06/14/2024 15:23:02 - INFO - accelerate.checkpointing - Sampler state for dataloader 0 saved in /shenzihe/WD-Disk/output/mit_mascot_bsz_1_loss_0.01_1_0.001/checkpoint-300/sampler.bin
06/14/2024 15:23:02 - INFO - accelerate.checkpointing - Random states saved in /shenzihe/WD-Disk/output/mit_mascot_bsz_1_loss_0.01_1_0.001/checkpoint-300/random_states_0.pkl
06/14/2024 15:23:02 - INFO - __main__ - Saved state to /shenzihe/WD-Disk/output/mit_mascot_bsz_1_loss_0.01_1_0.001/checkpoint-300
06/14/2024 15:26:19 - INFO - accelerate.accelerator - Saving current state to /shenzihe/WD-Disk/output/mit_mascot_bsz_1_loss_0.01_1_0.001/checkpoint-400
06/14/2024 15:26:19 - WARNING - accelerate.utils.other - Removed shared tensor {'blip.Qformer.cls.predictions.decoder.bias', 'blip.Qformer.cls.predictions.decoder.weight'} while saving. This should be OK, but check by verifying that you don't receive any warning while reloading
06/14/2024 15:27:06 - INFO - accelerate.checkpointing - Model weights saved in /shenzihe/WD-Disk/output/mit_mascot_bsz_1_loss_0.01_1_0.001/checkpoint-400/model.safetensors
06/14/2024 15:27:43 - INFO - accelerate.checkpointing - Optimizer state saved in /shenzihe/WD-Disk/output/mit_mascot_bsz_1_loss_0.01_1_0.001/checkpoint-400/optimizer.bin
06/14/2024 15:27:43 - INFO - accelerate.checkpointing - Scheduler state saved in /shenzihe/WD-Disk/output/mit_mascot_bsz_1_loss_0.01_1_0.001/checkpoint-400/scheduler.bin
06/14/2024 15:27:43 - INFO - accelerate.checkpointing - Sampler state for dataloader 0 saved in /shenzihe/WD-Disk/output/mit_mascot_bsz_1_loss_0.01_1_0.001/checkpoint-400/sampler.bin
06/14/2024 15:27:43 - INFO - accelerate.checkpointing - Random states saved in /shenzihe/WD-Disk/output/mit_mascot_bsz_1_loss_0.01_1_0.001/checkpoint-400/random_states_0.pkl
06/14/2024 15:27:43 - INFO - __main__ - Saved state to /shenzihe/WD-Disk/output/mit_mascot_bsz_1_loss_0.01_1_0.001/checkpoint-400
06/14/2024 15:30:59 - INFO - accelerate.accelerator - Saving current state to /shenzihe/WD-Disk/output/mit_mascot_bsz_1_loss_0.01_1_0.001/checkpoint-500
06/14/2024 15:30:59 - WARNING - accelerate.utils.other - Removed shared tensor {'blip.Qformer.cls.predictions.decoder.bias', 'blip.Qformer.cls.predictions.decoder.weight'} while saving. This should be OK, but check by verifying that you don't receive any warning while reloading
06/14/2024 15:31:47 - INFO - accelerate.checkpointing - Model weights saved in /shenzihe/WD-Disk/output/mit_mascot_bsz_1_loss_0.01_1_0.001/checkpoint-500/model.safetensors
06/14/2024 15:32:24 - INFO - accelerate.checkpointing - Optimizer state saved in /shenzihe/WD-Disk/output/mit_mascot_bsz_1_loss_0.01_1_0.001/checkpoint-500/optimizer.bin
06/14/2024 15:32:24 - INFO - accelerate.checkpointing - Scheduler state saved in /shenzihe/WD-Disk/output/mit_mascot_bsz_1_loss_0.01_1_0.001/checkpoint-500/scheduler.bin
06/14/2024 15:32:24 - INFO - accelerate.checkpointing - Sampler state for dataloader 0 saved in /shenzihe/WD-Disk/output/mit_mascot_bsz_1_loss_0.01_1_0.001/checkpoint-500/sampler.bin
06/14/2024 15:32:24 - INFO - accelerate.checkpointing - Random states saved in /shenzihe/WD-Disk/output/mit_mascot_bsz_1_loss_0.01_1_0.001/checkpoint-500/random_states_0.pkl
06/14/2024 15:32:24 - INFO - __main__ - Saved state to /shenzihe/WD-Disk/output/mit_mascot_bsz_1_loss_0.01_1_0.001/checkpoint-500
06/14/2024 15:35:40 - INFO - accelerate.accelerator - Saving current state to /shenzihe/WD-Disk/output/mit_mascot_bsz_1_loss_0.01_1_0.001/checkpoint-600
06/14/2024 15:35:40 - WARNING - accelerate.utils.other - Removed shared tensor {'blip.Qformer.cls.predictions.decoder.bias', 'blip.Qformer.cls.predictions.decoder.weight'} while saving. This should be OK, but check by verifying that you don't receive any warning while reloading
06/14/2024 15:36:28 - INFO - accelerate.checkpointing - Model weights saved in /shenzihe/WD-Disk/output/mit_mascot_bsz_1_loss_0.01_1_0.001/checkpoint-600/model.safetensors
06/14/2024 15:37:06 - INFO - accelerate.checkpointing - Optimizer state saved in /shenzihe/WD-Disk/output/mit_mascot_bsz_1_loss_0.01_1_0.001/checkpoint-600/optimizer.bin
06/14/2024 15:37:06 - INFO - accelerate.checkpointing - Scheduler state saved in /shenzihe/WD-Disk/output/mit_mascot_bsz_1_loss_0.01_1_0.001/checkpoint-600/scheduler.bin
06/14/2024 15:37:06 - INFO - accelerate.checkpointing - Sampler state for dataloader 0 saved in /shenzihe/WD-Disk/output/mit_mascot_bsz_1_loss_0.01_1_0.001/checkpoint-600/sampler.bin
06/14/2024 15:37:06 - INFO - accelerate.checkpointing - Random states saved in /shenzihe/WD-Disk/output/mit_mascot_bsz_1_loss_0.01_1_0.001/checkpoint-600/random_states_0.pkl
06/14/2024 15:37:06 - INFO - __main__ - Saved state to /shenzihe/WD-Disk/output/mit_mascot_bsz_1_loss_0.01_1_0.001/checkpoint-600
06/14/2024 15:40:22 - INFO - accelerate.accelerator - Saving current state to /shenzihe/WD-Disk/output/mit_mascot_bsz_1_loss_0.01_1_0.001/checkpoint-700
06/14/2024 15:40:22 - WARNING - accelerate.utils.other - Removed shared tensor {'blip.Qformer.cls.predictions.decoder.bias', 'blip.Qformer.cls.predictions.decoder.weight'} while saving. This should be OK, but check by verifying that you don't receive any warning while reloading
06/14/2024 15:41:10 - INFO - accelerate.checkpointing - Model weights saved in /shenzihe/WD-Disk/output/mit_mascot_bsz_1_loss_0.01_1_0.001/checkpoint-700/model.safetensors
06/14/2024 15:41:48 - INFO - accelerate.checkpointing - Optimizer state saved in /shenzihe/WD-Disk/output/mit_mascot_bsz_1_loss_0.01_1_0.001/checkpoint-700/optimizer.bin
06/14/2024 15:41:48 - INFO - accelerate.checkpointing - Scheduler state saved in /shenzihe/WD-Disk/output/mit_mascot_bsz_1_loss_0.01_1_0.001/checkpoint-700/scheduler.bin
06/14/2024 15:41:48 - INFO - accelerate.checkpointing - Sampler state for dataloader 0 saved in /shenzihe/WD-Disk/output/mit_mascot_bsz_1_loss_0.01_1_0.001/checkpoint-700/sampler.bin
06/14/2024 15:41:48 - INFO - accelerate.checkpointing - Random states saved in /shenzihe/WD-Disk/output/mit_mascot_bsz_1_loss_0.01_1_0.001/checkpoint-700/random_states_0.pkl
06/14/2024 15:41:48 - INFO - __main__ - Saved state to /shenzihe/WD-Disk/output/mit_mascot_bsz_1_loss_0.01_1_0.001/checkpoint-700
06/14/2024 15:45:05 - INFO - accelerate.accelerator - Saving current state to /shenzihe/WD-Disk/output/mit_mascot_bsz_1_loss_0.01_1_0.001/checkpoint-800
06/14/2024 15:45:05 - WARNING - accelerate.utils.other - Removed shared tensor {'blip.Qformer.cls.predictions.decoder.bias', 'blip.Qformer.cls.predictions.decoder.weight'} while saving. This should be OK, but check by verifying that you don't receive any warning while reloading
06/14/2024 15:45:53 - INFO - accelerate.checkpointing - Model weights saved in /shenzihe/WD-Disk/output/mit_mascot_bsz_1_loss_0.01_1_0.001/checkpoint-800/model.safetensors
06/14/2024 15:46:31 - INFO - accelerate.checkpointing - Optimizer state saved in /shenzihe/WD-Disk/output/mit_mascot_bsz_1_loss_0.01_1_0.001/checkpoint-800/optimizer.bin
06/14/2024 15:46:31 - INFO - accelerate.checkpointing - Scheduler state saved in /shenzihe/WD-Disk/output/mit_mascot_bsz_1_loss_0.01_1_0.001/checkpoint-800/scheduler.bin
06/14/2024 15:46:31 - INFO - accelerate.checkpointing - Sampler state for dataloader 0 saved in /shenzihe/WD-Disk/output/mit_mascot_bsz_1_loss_0.01_1_0.001/checkpoint-800/sampler.bin
06/14/2024 15:46:31 - INFO - accelerate.checkpointing - Random states saved in /shenzihe/WD-Disk/output/mit_mascot_bsz_1_loss_0.01_1_0.001/checkpoint-800/random_states_0.pkl
06/14/2024 15:46:31 - INFO - __main__ - Saved state to /shenzihe/WD-Disk/output/mit_mascot_bsz_1_loss_0.01_1_0.001/checkpoint-800
06/14/2024 15:49:48 - INFO - accelerate.accelerator - Saving current state to /shenzihe/WD-Disk/output/mit_mascot_bsz_1_loss_0.01_1_0.001/checkpoint-900
06/14/2024 15:49:48 - WARNING - accelerate.utils.other - Removed shared tensor {'blip.Qformer.cls.predictions.decoder.bias', 'blip.Qformer.cls.predictions.decoder.weight'} while saving. This should be OK, but check by verifying that you don't receive any warning while reloading
06/14/2024 15:50:36 - INFO - accelerate.checkpointing - Model weights saved in /shenzihe/WD-Disk/output/mit_mascot_bsz_1_loss_0.01_1_0.001/checkpoint-900/model.safetensors
06/14/2024 15:51:15 - INFO - accelerate.checkpointing - Optimizer state saved in /shenzihe/WD-Disk/output/mit_mascot_bsz_1_loss_0.01_1_0.001/checkpoint-900/optimizer.bin
06/14/2024 15:51:15 - INFO - accelerate.checkpointing - Scheduler state saved in /shenzihe/WD-Disk/output/mit_mascot_bsz_1_loss_0.01_1_0.001/checkpoint-900/scheduler.bin
06/14/2024 15:51:15 - INFO - accelerate.checkpointing - Sampler state for dataloader 0 saved in /shenzihe/WD-Disk/output/mit_mascot_bsz_1_loss_0.01_1_0.001/checkpoint-900/sampler.bin
06/14/2024 15:51:15 - INFO - accelerate.checkpointing - Random states saved in /shenzihe/WD-Disk/output/mit_mascot_bsz_1_loss_0.01_1_0.001/checkpoint-900/random_states_0.pkl
06/14/2024 15:51:15 - INFO - __main__ - Saved state to /shenzihe/WD-Disk/output/mit_mascot_bsz_1_loss_0.01_1_0.001/checkpoint-900
06/14/2024 15:54:32 - INFO - accelerate.accelerator - Saving current state to /shenzihe/WD-Disk/output/mit_mascot_bsz_1_loss_0.01_1_0.001/checkpoint-1000
06/14/2024 15:54:32 - WARNING - accelerate.utils.other - Removed shared tensor {'blip.Qformer.cls.predictions.decoder.bias', 'blip.Qformer.cls.predictions.decoder.weight'} while saving. This should be OK, but check by verifying that you don't receive any warning while reloading
06/14/2024 15:55:20 - INFO - accelerate.checkpointing - Model weights saved in /shenzihe/WD-Disk/output/mit_mascot_bsz_1_loss_0.01_1_0.001/checkpoint-1000/model.safetensors
06/14/2024 15:55:59 - INFO - accelerate.checkpointing - Optimizer state saved in /shenzihe/WD-Disk/output/mit_mascot_bsz_1_loss_0.01_1_0.001/checkpoint-1000/optimizer.bin
06/14/2024 15:55:59 - INFO - accelerate.checkpointing - Scheduler state saved in /shenzihe/WD-Disk/output/mit_mascot_bsz_1_loss_0.01_1_0.001/checkpoint-1000/scheduler.bin
06/14/2024 15:55:59 - INFO - accelerate.checkpointing - Sampler state for dataloader 0 saved in /shenzihe/WD-Disk/output/mit_mascot_bsz_1_loss_0.01_1_0.001/checkpoint-1000/sampler.bin
06/14/2024 15:55:59 - INFO - accelerate.checkpointing - Random states saved in /shenzihe/WD-Disk/output/mit_mascot_bsz_1_loss_0.01_1_0.001/checkpoint-1000/random_states_0.pkl
06/14/2024 15:55:59 - INFO - __main__ - Saved state to /shenzihe/WD-Disk/output/mit_mascot_bsz_1_loss_0.01_1_0.001/checkpoint-1000
