06/18/2024 08:33:38 - INFO - __main__ - Distributed environment: NO
Num processes: 1
Process index: 0
Local process index: 0
Device: cuda

Mixed precision type: no

06/18/2024 08:33:38 - WARNING - py.warnings - /shenzihe/venv/lib/python3.10/site-packages/huggingface_hub/file_download.py:1132: FutureWarning: `resume_download` is deprecated and will be removed in version 1.0.0. Downloads always resume when possible. If you want to force a new download, use `force_download=True`.
  warnings.warn(

06/18/2024 08:33:40 - INFO - root - freeze vision encoder
06/18/2024 08:33:44 - INFO - root - Loaded ViT-H-14 model config.
06/18/2024 08:33:49 - INFO - root - Loading pretrained ViT-H-14 weights (laion2b_s32b_b79k).
06/18/2024 08:33:54 - WARNING - py.warnings - /shenzihe/venv/lib/python3.10/site-packages/diffusers/configuration_utils.py:215: FutureWarning: It is deprecated to pass a pretrained model name or path to `from_config`.If you were trying to load a scheduler, please use <class 'diffusers.schedulers.scheduling_ddpm.DDPMScheduler'>.from_pretrained(...) instead. Otherwise, please make sure to pass a configuration dictionary instead. This functionality will be removed in v1.0.0.
  deprecate("config-passed-as-path", "1.0.0", deprecation_message, standard_warn=False)

06/18/2024 08:33:54 - INFO - root - Loading pretrained model from /root/.cache/torch/hub/checkpoints/blip-diffusion
06/18/2024 08:33:54 - INFO - root - Loading pretrained BLIP2 Qformer weights.
06/18/2024 08:33:56 - INFO - root - Loading pretrained projection lyer weights.
06/18/2024 08:33:56 - INFO - root - Loading pretrained text encoder weights.
06/18/2024 08:33:56 - INFO - root - Loading pretrained vae weights.
06/18/2024 08:33:57 - INFO - root - Loading pretrained unet weights.
06/18/2024 08:34:04 - INFO - root - Using xformers.
06/18/2024 08:34:05 - INFO - root - Building datasets...
06/18/2024 08:34:05 - INFO - __main__ - 
***** Running training *****
06/18/2024 08:34:05 - INFO - __main__ -   Num examples = 300000
06/18/2024 08:34:05 - INFO - __main__ -   Num batches each epoch = 150000
06/18/2024 08:34:05 - INFO - __main__ -   Num Epochs = 1
06/18/2024 08:34:05 - INFO - __main__ -   Instantaneous batch size per device = 2
06/18/2024 08:34:05 - INFO - __main__ -   Total train batch size (w. parallel, distributed & accumulation) = 2
06/18/2024 08:34:05 - INFO - __main__ -   Gradient Accumulation steps = 1
06/18/2024 08:34:05 - INFO - __main__ -   Total optimization steps = 1000
06/18/2024 08:34:06 - WARNING - py.warnings - /shenzihe/venv/lib/python3.10/site-packages/torch/backends/cuda/__init__.py:342: FutureWarning: torch.backends.cuda.sdp_kernel() is deprecated. In the future, this context manager will be removed. Please see, torch.nn.attention.sdpa_kernel() for the new context manager, with updated signature.
  warnings.warn(

06/18/2024 08:37:22 - INFO - accelerate.accelerator - Saving current state to /shenzihe/WD-Disk/output/mit_mascot_bsz_2_loss_0.001_1_0.01/checkpoint-100
06/18/2024 08:37:22 - WARNING - accelerate.utils.other - Removed shared tensor {'blip.Qformer.cls.predictions.decoder.bias', 'blip.Qformer.cls.predictions.decoder.weight'} while saving. This should be OK, but check by verifying that you don't receive any warning while reloading
06/18/2024 08:37:39 - INFO - accelerate.checkpointing - Model weights saved in /shenzihe/WD-Disk/output/mit_mascot_bsz_2_loss_0.001_1_0.01/checkpoint-100/model.safetensors
06/18/2024 08:37:45 - INFO - accelerate.checkpointing - Optimizer state saved in /shenzihe/WD-Disk/output/mit_mascot_bsz_2_loss_0.001_1_0.01/checkpoint-100/optimizer.bin
06/18/2024 08:37:45 - INFO - accelerate.checkpointing - Scheduler state saved in /shenzihe/WD-Disk/output/mit_mascot_bsz_2_loss_0.001_1_0.01/checkpoint-100/scheduler.bin
06/18/2024 08:37:45 - INFO - accelerate.checkpointing - Sampler state for dataloader 0 saved in /shenzihe/WD-Disk/output/mit_mascot_bsz_2_loss_0.001_1_0.01/checkpoint-100/sampler.bin
06/18/2024 08:37:46 - INFO - accelerate.checkpointing - Random states saved in /shenzihe/WD-Disk/output/mit_mascot_bsz_2_loss_0.001_1_0.01/checkpoint-100/random_states_0.pkl
06/18/2024 08:37:46 - INFO - __main__ - Saved state to /shenzihe/WD-Disk/output/mit_mascot_bsz_2_loss_0.001_1_0.01/checkpoint-100
06/18/2024 08:41:02 - INFO - accelerate.accelerator - Saving current state to /shenzihe/WD-Disk/output/mit_mascot_bsz_2_loss_0.001_1_0.01/checkpoint-200
06/18/2024 08:41:02 - WARNING - accelerate.utils.other - Removed shared tensor {'blip.Qformer.cls.predictions.decoder.bias', 'blip.Qformer.cls.predictions.decoder.weight'} while saving. This should be OK, but check by verifying that you don't receive any warning while reloading
06/18/2024 08:41:16 - INFO - accelerate.checkpointing - Model weights saved in /shenzihe/WD-Disk/output/mit_mascot_bsz_2_loss_0.001_1_0.01/checkpoint-200/model.safetensors
06/18/2024 08:41:23 - INFO - accelerate.checkpointing - Optimizer state saved in /shenzihe/WD-Disk/output/mit_mascot_bsz_2_loss_0.001_1_0.01/checkpoint-200/optimizer.bin
06/18/2024 08:41:23 - INFO - accelerate.checkpointing - Scheduler state saved in /shenzihe/WD-Disk/output/mit_mascot_bsz_2_loss_0.001_1_0.01/checkpoint-200/scheduler.bin
06/18/2024 08:41:23 - INFO - accelerate.checkpointing - Sampler state for dataloader 0 saved in /shenzihe/WD-Disk/output/mit_mascot_bsz_2_loss_0.001_1_0.01/checkpoint-200/sampler.bin
06/18/2024 08:41:23 - INFO - accelerate.checkpointing - Random states saved in /shenzihe/WD-Disk/output/mit_mascot_bsz_2_loss_0.001_1_0.01/checkpoint-200/random_states_0.pkl
06/18/2024 08:41:23 - INFO - __main__ - Saved state to /shenzihe/WD-Disk/output/mit_mascot_bsz_2_loss_0.001_1_0.01/checkpoint-200
06/18/2024 08:44:40 - INFO - accelerate.accelerator - Saving current state to /shenzihe/WD-Disk/output/mit_mascot_bsz_2_loss_0.001_1_0.01/checkpoint-300
06/18/2024 08:44:40 - WARNING - accelerate.utils.other - Removed shared tensor {'blip.Qformer.cls.predictions.decoder.bias', 'blip.Qformer.cls.predictions.decoder.weight'} while saving. This should be OK, but check by verifying that you don't receive any warning while reloading
06/18/2024 08:44:54 - INFO - accelerate.checkpointing - Model weights saved in /shenzihe/WD-Disk/output/mit_mascot_bsz_2_loss_0.001_1_0.01/checkpoint-300/model.safetensors
06/18/2024 08:45:01 - INFO - accelerate.checkpointing - Optimizer state saved in /shenzihe/WD-Disk/output/mit_mascot_bsz_2_loss_0.001_1_0.01/checkpoint-300/optimizer.bin
06/18/2024 08:45:01 - INFO - accelerate.checkpointing - Scheduler state saved in /shenzihe/WD-Disk/output/mit_mascot_bsz_2_loss_0.001_1_0.01/checkpoint-300/scheduler.bin
06/18/2024 08:45:01 - INFO - accelerate.checkpointing - Sampler state for dataloader 0 saved in /shenzihe/WD-Disk/output/mit_mascot_bsz_2_loss_0.001_1_0.01/checkpoint-300/sampler.bin
06/18/2024 08:45:01 - INFO - accelerate.checkpointing - Random states saved in /shenzihe/WD-Disk/output/mit_mascot_bsz_2_loss_0.001_1_0.01/checkpoint-300/random_states_0.pkl
06/18/2024 08:45:01 - INFO - __main__ - Saved state to /shenzihe/WD-Disk/output/mit_mascot_bsz_2_loss_0.001_1_0.01/checkpoint-300
06/18/2024 08:48:17 - INFO - accelerate.accelerator - Saving current state to /shenzihe/WD-Disk/output/mit_mascot_bsz_2_loss_0.001_1_0.01/checkpoint-400
06/18/2024 08:48:17 - WARNING - accelerate.utils.other - Removed shared tensor {'blip.Qformer.cls.predictions.decoder.bias', 'blip.Qformer.cls.predictions.decoder.weight'} while saving. This should be OK, but check by verifying that you don't receive any warning while reloading
06/18/2024 08:48:31 - INFO - accelerate.checkpointing - Model weights saved in /shenzihe/WD-Disk/output/mit_mascot_bsz_2_loss_0.001_1_0.01/checkpoint-400/model.safetensors
06/18/2024 08:48:38 - INFO - accelerate.checkpointing - Optimizer state saved in /shenzihe/WD-Disk/output/mit_mascot_bsz_2_loss_0.001_1_0.01/checkpoint-400/optimizer.bin
06/18/2024 08:48:38 - INFO - accelerate.checkpointing - Scheduler state saved in /shenzihe/WD-Disk/output/mit_mascot_bsz_2_loss_0.001_1_0.01/checkpoint-400/scheduler.bin
06/18/2024 08:48:38 - INFO - accelerate.checkpointing - Sampler state for dataloader 0 saved in /shenzihe/WD-Disk/output/mit_mascot_bsz_2_loss_0.001_1_0.01/checkpoint-400/sampler.bin
06/18/2024 08:48:38 - INFO - accelerate.checkpointing - Random states saved in /shenzihe/WD-Disk/output/mit_mascot_bsz_2_loss_0.001_1_0.01/checkpoint-400/random_states_0.pkl
06/18/2024 08:48:38 - INFO - __main__ - Saved state to /shenzihe/WD-Disk/output/mit_mascot_bsz_2_loss_0.001_1_0.01/checkpoint-400
06/18/2024 08:51:54 - INFO - accelerate.accelerator - Saving current state to /shenzihe/WD-Disk/output/mit_mascot_bsz_2_loss_0.001_1_0.01/checkpoint-500
06/18/2024 08:51:54 - WARNING - accelerate.utils.other - Removed shared tensor {'blip.Qformer.cls.predictions.decoder.bias', 'blip.Qformer.cls.predictions.decoder.weight'} while saving. This should be OK, but check by verifying that you don't receive any warning while reloading
06/18/2024 08:52:08 - INFO - accelerate.checkpointing - Model weights saved in /shenzihe/WD-Disk/output/mit_mascot_bsz_2_loss_0.001_1_0.01/checkpoint-500/model.safetensors
06/18/2024 08:52:15 - INFO - accelerate.checkpointing - Optimizer state saved in /shenzihe/WD-Disk/output/mit_mascot_bsz_2_loss_0.001_1_0.01/checkpoint-500/optimizer.bin
06/18/2024 08:52:15 - INFO - accelerate.checkpointing - Scheduler state saved in /shenzihe/WD-Disk/output/mit_mascot_bsz_2_loss_0.001_1_0.01/checkpoint-500/scheduler.bin
06/18/2024 08:52:15 - INFO - accelerate.checkpointing - Sampler state for dataloader 0 saved in /shenzihe/WD-Disk/output/mit_mascot_bsz_2_loss_0.001_1_0.01/checkpoint-500/sampler.bin
06/18/2024 08:52:15 - INFO - accelerate.checkpointing - Random states saved in /shenzihe/WD-Disk/output/mit_mascot_bsz_2_loss_0.001_1_0.01/checkpoint-500/random_states_0.pkl
06/18/2024 08:52:15 - INFO - __main__ - Saved state to /shenzihe/WD-Disk/output/mit_mascot_bsz_2_loss_0.001_1_0.01/checkpoint-500
06/18/2024 08:55:31 - INFO - accelerate.accelerator - Saving current state to /shenzihe/WD-Disk/output/mit_mascot_bsz_2_loss_0.001_1_0.01/checkpoint-600
06/18/2024 08:55:31 - WARNING - accelerate.utils.other - Removed shared tensor {'blip.Qformer.cls.predictions.decoder.bias', 'blip.Qformer.cls.predictions.decoder.weight'} while saving. This should be OK, but check by verifying that you don't receive any warning while reloading
06/18/2024 08:55:45 - INFO - accelerate.checkpointing - Model weights saved in /shenzihe/WD-Disk/output/mit_mascot_bsz_2_loss_0.001_1_0.01/checkpoint-600/model.safetensors
06/18/2024 08:55:52 - INFO - accelerate.checkpointing - Optimizer state saved in /shenzihe/WD-Disk/output/mit_mascot_bsz_2_loss_0.001_1_0.01/checkpoint-600/optimizer.bin
06/18/2024 08:55:52 - INFO - accelerate.checkpointing - Scheduler state saved in /shenzihe/WD-Disk/output/mit_mascot_bsz_2_loss_0.001_1_0.01/checkpoint-600/scheduler.bin
06/18/2024 08:55:52 - INFO - accelerate.checkpointing - Sampler state for dataloader 0 saved in /shenzihe/WD-Disk/output/mit_mascot_bsz_2_loss_0.001_1_0.01/checkpoint-600/sampler.bin
06/18/2024 08:55:52 - INFO - accelerate.checkpointing - Random states saved in /shenzihe/WD-Disk/output/mit_mascot_bsz_2_loss_0.001_1_0.01/checkpoint-600/random_states_0.pkl
06/18/2024 08:55:52 - INFO - __main__ - Saved state to /shenzihe/WD-Disk/output/mit_mascot_bsz_2_loss_0.001_1_0.01/checkpoint-600
06/18/2024 08:59:08 - INFO - accelerate.accelerator - Saving current state to /shenzihe/WD-Disk/output/mit_mascot_bsz_2_loss_0.001_1_0.01/checkpoint-700
06/18/2024 08:59:08 - WARNING - accelerate.utils.other - Removed shared tensor {'blip.Qformer.cls.predictions.decoder.bias', 'blip.Qformer.cls.predictions.decoder.weight'} while saving. This should be OK, but check by verifying that you don't receive any warning while reloading
06/18/2024 08:59:19 - INFO - accelerate.checkpointing - Model weights saved in /shenzihe/WD-Disk/output/mit_mascot_bsz_2_loss_0.001_1_0.01/checkpoint-700/model.safetensors
06/18/2024 08:59:26 - INFO - accelerate.checkpointing - Optimizer state saved in /shenzihe/WD-Disk/output/mit_mascot_bsz_2_loss_0.001_1_0.01/checkpoint-700/optimizer.bin
06/18/2024 08:59:26 - INFO - accelerate.checkpointing - Scheduler state saved in /shenzihe/WD-Disk/output/mit_mascot_bsz_2_loss_0.001_1_0.01/checkpoint-700/scheduler.bin
06/18/2024 08:59:26 - INFO - accelerate.checkpointing - Sampler state for dataloader 0 saved in /shenzihe/WD-Disk/output/mit_mascot_bsz_2_loss_0.001_1_0.01/checkpoint-700/sampler.bin
06/18/2024 08:59:26 - INFO - accelerate.checkpointing - Random states saved in /shenzihe/WD-Disk/output/mit_mascot_bsz_2_loss_0.001_1_0.01/checkpoint-700/random_states_0.pkl
06/18/2024 08:59:26 - INFO - __main__ - Saved state to /shenzihe/WD-Disk/output/mit_mascot_bsz_2_loss_0.001_1_0.01/checkpoint-700
06/18/2024 09:02:42 - INFO - accelerate.accelerator - Saving current state to /shenzihe/WD-Disk/output/mit_mascot_bsz_2_loss_0.001_1_0.01/checkpoint-800
06/18/2024 09:02:42 - WARNING - accelerate.utils.other - Removed shared tensor {'blip.Qformer.cls.predictions.decoder.bias', 'blip.Qformer.cls.predictions.decoder.weight'} while saving. This should be OK, but check by verifying that you don't receive any warning while reloading
06/18/2024 09:02:56 - INFO - accelerate.checkpointing - Model weights saved in /shenzihe/WD-Disk/output/mit_mascot_bsz_2_loss_0.001_1_0.01/checkpoint-800/model.safetensors
06/18/2024 09:03:03 - INFO - accelerate.checkpointing - Optimizer state saved in /shenzihe/WD-Disk/output/mit_mascot_bsz_2_loss_0.001_1_0.01/checkpoint-800/optimizer.bin
06/18/2024 09:03:03 - INFO - accelerate.checkpointing - Scheduler state saved in /shenzihe/WD-Disk/output/mit_mascot_bsz_2_loss_0.001_1_0.01/checkpoint-800/scheduler.bin
06/18/2024 09:03:03 - INFO - accelerate.checkpointing - Sampler state for dataloader 0 saved in /shenzihe/WD-Disk/output/mit_mascot_bsz_2_loss_0.001_1_0.01/checkpoint-800/sampler.bin
06/18/2024 09:03:03 - INFO - accelerate.checkpointing - Random states saved in /shenzihe/WD-Disk/output/mit_mascot_bsz_2_loss_0.001_1_0.01/checkpoint-800/random_states_0.pkl
06/18/2024 09:03:03 - INFO - __main__ - Saved state to /shenzihe/WD-Disk/output/mit_mascot_bsz_2_loss_0.001_1_0.01/checkpoint-800
06/18/2024 09:06:20 - INFO - accelerate.accelerator - Saving current state to /shenzihe/WD-Disk/output/mit_mascot_bsz_2_loss_0.001_1_0.01/checkpoint-900
06/18/2024 09:06:20 - WARNING - accelerate.utils.other - Removed shared tensor {'blip.Qformer.cls.predictions.decoder.bias', 'blip.Qformer.cls.predictions.decoder.weight'} while saving. This should be OK, but check by verifying that you don't receive any warning while reloading
06/18/2024 09:06:33 - INFO - accelerate.checkpointing - Model weights saved in /shenzihe/WD-Disk/output/mit_mascot_bsz_2_loss_0.001_1_0.01/checkpoint-900/model.safetensors
06/18/2024 09:06:43 - INFO - accelerate.checkpointing - Optimizer state saved in /shenzihe/WD-Disk/output/mit_mascot_bsz_2_loss_0.001_1_0.01/checkpoint-900/optimizer.bin
06/18/2024 09:06:43 - INFO - accelerate.checkpointing - Scheduler state saved in /shenzihe/WD-Disk/output/mit_mascot_bsz_2_loss_0.001_1_0.01/checkpoint-900/scheduler.bin
06/18/2024 09:06:43 - INFO - accelerate.checkpointing - Sampler state for dataloader 0 saved in /shenzihe/WD-Disk/output/mit_mascot_bsz_2_loss_0.001_1_0.01/checkpoint-900/sampler.bin
06/18/2024 09:06:43 - INFO - accelerate.checkpointing - Random states saved in /shenzihe/WD-Disk/output/mit_mascot_bsz_2_loss_0.001_1_0.01/checkpoint-900/random_states_0.pkl
06/18/2024 09:06:43 - INFO - __main__ - Saved state to /shenzihe/WD-Disk/output/mit_mascot_bsz_2_loss_0.001_1_0.01/checkpoint-900
06/18/2024 09:10:00 - INFO - accelerate.accelerator - Saving current state to /shenzihe/WD-Disk/output/mit_mascot_bsz_2_loss_0.001_1_0.01/checkpoint-1000
06/18/2024 09:10:00 - WARNING - accelerate.utils.other - Removed shared tensor {'blip.Qformer.cls.predictions.decoder.bias', 'blip.Qformer.cls.predictions.decoder.weight'} while saving. This should be OK, but check by verifying that you don't receive any warning while reloading
06/18/2024 09:10:14 - INFO - accelerate.checkpointing - Model weights saved in /shenzihe/WD-Disk/output/mit_mascot_bsz_2_loss_0.001_1_0.01/checkpoint-1000/model.safetensors
06/18/2024 09:10:21 - INFO - accelerate.checkpointing - Optimizer state saved in /shenzihe/WD-Disk/output/mit_mascot_bsz_2_loss_0.001_1_0.01/checkpoint-1000/optimizer.bin
06/18/2024 09:10:21 - INFO - accelerate.checkpointing - Scheduler state saved in /shenzihe/WD-Disk/output/mit_mascot_bsz_2_loss_0.001_1_0.01/checkpoint-1000/scheduler.bin
06/18/2024 09:10:21 - INFO - accelerate.checkpointing - Sampler state for dataloader 0 saved in /shenzihe/WD-Disk/output/mit_mascot_bsz_2_loss_0.001_1_0.01/checkpoint-1000/sampler.bin
06/18/2024 09:10:21 - INFO - accelerate.checkpointing - Random states saved in /shenzihe/WD-Disk/output/mit_mascot_bsz_2_loss_0.001_1_0.01/checkpoint-1000/random_states_0.pkl
06/18/2024 09:10:21 - INFO - __main__ - Saved state to /shenzihe/WD-Disk/output/mit_mascot_bsz_2_loss_0.001_1_0.01/checkpoint-1000
