06/14/2024 14:32:40 - INFO - __main__ - Distributed environment: NO
Num processes: 1
Process index: 0
Local process index: 0
Device: cuda

Mixed precision type: no

06/14/2024 14:32:40 - WARNING - py.warnings - /shenzihe/venv/lib/python3.10/site-packages/huggingface_hub/file_download.py:1132: FutureWarning: `resume_download` is deprecated and will be removed in version 1.0.0. Downloads always resume when possible. If you want to force a new download, use `force_download=True`.
  warnings.warn(

06/14/2024 14:32:44 - INFO - timm.models.hub - Downloading: "https://storage.googleapis.com/sfr-vision-language-research/LAVIS/models/BLIP2/clip_vit_L.pth" to /root/.cache/torch/hub/checkpoints/clip_vit_L.pth

06/14/2024 14:33:37 - INFO - root - freeze vision encoder
06/14/2024 14:35:04 - INFO - root - Loaded ViT-H-14 model config.
06/14/2024 14:40:55 - INFO - root - Loading pretrained ViT-H-14 weights (laion2b_s32b_b79k).
06/14/2024 14:46:29 - WARNING - py.warnings - /shenzihe/venv/lib/python3.10/site-packages/diffusers/configuration_utils.py:215: FutureWarning: It is deprecated to pass a pretrained model name or path to `from_config`.If you were trying to load a scheduler, please use <class 'diffusers.schedulers.scheduling_ddpm.DDPMScheduler'>.from_pretrained(...) instead. Otherwise, please make sure to pass a configuration dictionary instead. This functionality will be removed in v1.0.0.
  deprecate("config-passed-as-path", "1.0.0", deprecation_message, standard_warn=False)

06/14/2024 14:46:30 - INFO - timm.models.hub - Downloading: "https://storage.googleapis.com/sfr-vision-language-research/LAVIS/models/BLIP-Diffusion/blip-diffusion.tar.gz" to /root/.cache/torch/hub/checkpoints/blip-diffusion.tar.gz

06/14/2024 14:58:05 - INFO - root - Loading pretrained model from /root/.cache/torch/hub/checkpoints/blip-diffusion
06/14/2024 14:58:05 - INFO - root - Loading pretrained BLIP2 Qformer weights.
06/14/2024 14:58:06 - INFO - root - Loading pretrained projection lyer weights.
06/14/2024 14:58:06 - INFO - root - Loading pretrained text encoder weights.
06/14/2024 14:58:06 - INFO - root - Loading pretrained vae weights.
06/14/2024 14:58:11 - INFO - root - Loading pretrained unet weights.
