06/14/2024 15:59:52 - INFO - __main__ - Distributed environment: NO
Num processes: 1
Process index: 0
Local process index: 0
Device: cuda

Mixed precision type: no

06/14/2024 15:59:52 - WARNING - py.warnings - /shenzihe/venv/lib/python3.10/site-packages/huggingface_hub/file_download.py:1132: FutureWarning: `resume_download` is deprecated and will be removed in version 1.0.0. Downloads always resume when possible. If you want to force a new download, use `force_download=True`.
  warnings.warn(

06/14/2024 15:59:54 - INFO - root - freeze vision encoder
06/14/2024 15:59:57 - INFO - root - Loaded ViT-H-14 model config.
06/14/2024 16:00:02 - INFO - root - Loading pretrained ViT-H-14 weights (laion2b_s32b_b79k).
06/14/2024 16:00:07 - WARNING - py.warnings - /shenzihe/venv/lib/python3.10/site-packages/diffusers/configuration_utils.py:215: FutureWarning: It is deprecated to pass a pretrained model name or path to `from_config`.If you were trying to load a scheduler, please use <class 'diffusers.schedulers.scheduling_ddpm.DDPMScheduler'>.from_pretrained(...) instead. Otherwise, please make sure to pass a configuration dictionary instead. This functionality will be removed in v1.0.0.
  deprecate("config-passed-as-path", "1.0.0", deprecation_message, standard_warn=False)

06/14/2024 16:00:07 - INFO - root - Loading pretrained model from /root/.cache/torch/hub/checkpoints/blip-diffusion
06/14/2024 16:00:07 - INFO - root - Loading pretrained BLIP2 Qformer weights.
06/14/2024 16:00:09 - INFO - root - Loading pretrained projection lyer weights.
06/14/2024 16:00:09 - INFO - root - Loading pretrained text encoder weights.
06/14/2024 16:00:09 - INFO - root - Loading pretrained vae weights.
06/14/2024 16:00:10 - INFO - root - Loading pretrained unet weights.
06/14/2024 16:00:16 - INFO - root - Using xformers.
06/14/2024 16:00:16 - INFO - root - Building datasets...
06/14/2024 16:00:16 - INFO - __main__ - 
***** Running training *****
06/14/2024 16:00:16 - INFO - __main__ -   Num examples = 300000
06/14/2024 16:00:16 - INFO - __main__ -   Num batches each epoch = 150000
06/14/2024 16:00:16 - INFO - __main__ -   Num Epochs = 1
06/14/2024 16:00:16 - INFO - __main__ -   Instantaneous batch size per device = 2
06/14/2024 16:00:16 - INFO - __main__ -   Total train batch size (w. parallel, distributed & accumulation) = 2
06/14/2024 16:00:16 - INFO - __main__ -   Gradient Accumulation steps = 1
06/14/2024 16:00:16 - INFO - __main__ -   Total optimization steps = 1000
06/14/2024 16:00:18 - WARNING - py.warnings - /shenzihe/venv/lib/python3.10/site-packages/torch/backends/cuda/__init__.py:342: FutureWarning: torch.backends.cuda.sdp_kernel() is deprecated. In the future, this context manager will be removed. Please see, torch.nn.attention.sdpa_kernel() for the new context manager, with updated signature.
  warnings.warn(

06/14/2024 16:03:34 - INFO - accelerate.accelerator - Saving current state to /shenzihe/WD-Disk/output/mit_mascot_bsz_2_loss_0.01_1_0.01/checkpoint-100
06/14/2024 16:03:34 - WARNING - accelerate.utils.other - Removed shared tensor {'blip.Qformer.cls.predictions.decoder.weight', 'blip.Qformer.cls.predictions.decoder.bias'} while saving. This should be OK, but check by verifying that you don't receive any warning while reloading
06/14/2024 16:04:24 - INFO - accelerate.checkpointing - Model weights saved in /shenzihe/WD-Disk/output/mit_mascot_bsz_2_loss_0.01_1_0.01/checkpoint-100/model.safetensors
06/14/2024 16:05:02 - INFO - accelerate.checkpointing - Optimizer state saved in /shenzihe/WD-Disk/output/mit_mascot_bsz_2_loss_0.01_1_0.01/checkpoint-100/optimizer.bin
06/14/2024 16:05:02 - INFO - accelerate.checkpointing - Scheduler state saved in /shenzihe/WD-Disk/output/mit_mascot_bsz_2_loss_0.01_1_0.01/checkpoint-100/scheduler.bin
06/14/2024 16:05:02 - INFO - accelerate.checkpointing - Sampler state for dataloader 0 saved in /shenzihe/WD-Disk/output/mit_mascot_bsz_2_loss_0.01_1_0.01/checkpoint-100/sampler.bin
06/14/2024 16:05:02 - INFO - accelerate.checkpointing - Random states saved in /shenzihe/WD-Disk/output/mit_mascot_bsz_2_loss_0.01_1_0.01/checkpoint-100/random_states_0.pkl
06/14/2024 16:05:02 - INFO - __main__ - Saved state to /shenzihe/WD-Disk/output/mit_mascot_bsz_2_loss_0.01_1_0.01/checkpoint-100
06/14/2024 16:08:19 - INFO - accelerate.accelerator - Saving current state to /shenzihe/WD-Disk/output/mit_mascot_bsz_2_loss_0.01_1_0.01/checkpoint-200
06/14/2024 16:08:19 - WARNING - accelerate.utils.other - Removed shared tensor {'blip.Qformer.cls.predictions.decoder.weight', 'blip.Qformer.cls.predictions.decoder.bias'} while saving. This should be OK, but check by verifying that you don't receive any warning while reloading
06/14/2024 16:09:08 - INFO - accelerate.checkpointing - Model weights saved in /shenzihe/WD-Disk/output/mit_mascot_bsz_2_loss_0.01_1_0.01/checkpoint-200/model.safetensors
06/14/2024 16:09:47 - INFO - accelerate.checkpointing - Optimizer state saved in /shenzihe/WD-Disk/output/mit_mascot_bsz_2_loss_0.01_1_0.01/checkpoint-200/optimizer.bin
06/14/2024 16:09:47 - INFO - accelerate.checkpointing - Scheduler state saved in /shenzihe/WD-Disk/output/mit_mascot_bsz_2_loss_0.01_1_0.01/checkpoint-200/scheduler.bin
06/14/2024 16:09:47 - INFO - accelerate.checkpointing - Sampler state for dataloader 0 saved in /shenzihe/WD-Disk/output/mit_mascot_bsz_2_loss_0.01_1_0.01/checkpoint-200/sampler.bin
06/14/2024 16:09:47 - INFO - accelerate.checkpointing - Random states saved in /shenzihe/WD-Disk/output/mit_mascot_bsz_2_loss_0.01_1_0.01/checkpoint-200/random_states_0.pkl
06/14/2024 16:09:47 - INFO - __main__ - Saved state to /shenzihe/WD-Disk/output/mit_mascot_bsz_2_loss_0.01_1_0.01/checkpoint-200
06/14/2024 16:13:04 - INFO - accelerate.accelerator - Saving current state to /shenzihe/WD-Disk/output/mit_mascot_bsz_2_loss_0.01_1_0.01/checkpoint-300
06/14/2024 16:13:04 - WARNING - accelerate.utils.other - Removed shared tensor {'blip.Qformer.cls.predictions.decoder.weight', 'blip.Qformer.cls.predictions.decoder.bias'} while saving. This should be OK, but check by verifying that you don't receive any warning while reloading
06/14/2024 16:13:53 - INFO - accelerate.checkpointing - Model weights saved in /shenzihe/WD-Disk/output/mit_mascot_bsz_2_loss_0.01_1_0.01/checkpoint-300/model.safetensors
06/14/2024 16:14:29 - INFO - accelerate.checkpointing - Optimizer state saved in /shenzihe/WD-Disk/output/mit_mascot_bsz_2_loss_0.01_1_0.01/checkpoint-300/optimizer.bin
06/14/2024 16:14:29 - INFO - accelerate.checkpointing - Scheduler state saved in /shenzihe/WD-Disk/output/mit_mascot_bsz_2_loss_0.01_1_0.01/checkpoint-300/scheduler.bin
06/14/2024 16:14:29 - INFO - accelerate.checkpointing - Sampler state for dataloader 0 saved in /shenzihe/WD-Disk/output/mit_mascot_bsz_2_loss_0.01_1_0.01/checkpoint-300/sampler.bin
06/14/2024 16:14:29 - INFO - accelerate.checkpointing - Random states saved in /shenzihe/WD-Disk/output/mit_mascot_bsz_2_loss_0.01_1_0.01/checkpoint-300/random_states_0.pkl
06/14/2024 16:14:29 - INFO - __main__ - Saved state to /shenzihe/WD-Disk/output/mit_mascot_bsz_2_loss_0.01_1_0.01/checkpoint-300
06/14/2024 16:17:46 - INFO - accelerate.accelerator - Saving current state to /shenzihe/WD-Disk/output/mit_mascot_bsz_2_loss_0.01_1_0.01/checkpoint-400
06/14/2024 16:17:46 - WARNING - accelerate.utils.other - Removed shared tensor {'blip.Qformer.cls.predictions.decoder.weight', 'blip.Qformer.cls.predictions.decoder.bias'} while saving. This should be OK, but check by verifying that you don't receive any warning while reloading
06/14/2024 16:18:36 - INFO - accelerate.checkpointing - Model weights saved in /shenzihe/WD-Disk/output/mit_mascot_bsz_2_loss_0.01_1_0.01/checkpoint-400/model.safetensors
06/14/2024 16:19:16 - INFO - accelerate.checkpointing - Optimizer state saved in /shenzihe/WD-Disk/output/mit_mascot_bsz_2_loss_0.01_1_0.01/checkpoint-400/optimizer.bin
06/14/2024 16:19:16 - INFO - accelerate.checkpointing - Scheduler state saved in /shenzihe/WD-Disk/output/mit_mascot_bsz_2_loss_0.01_1_0.01/checkpoint-400/scheduler.bin
06/14/2024 16:19:16 - INFO - accelerate.checkpointing - Sampler state for dataloader 0 saved in /shenzihe/WD-Disk/output/mit_mascot_bsz_2_loss_0.01_1_0.01/checkpoint-400/sampler.bin
06/14/2024 16:19:16 - INFO - accelerate.checkpointing - Random states saved in /shenzihe/WD-Disk/output/mit_mascot_bsz_2_loss_0.01_1_0.01/checkpoint-400/random_states_0.pkl
06/14/2024 16:19:16 - INFO - __main__ - Saved state to /shenzihe/WD-Disk/output/mit_mascot_bsz_2_loss_0.01_1_0.01/checkpoint-400
06/14/2024 16:22:33 - INFO - accelerate.accelerator - Saving current state to /shenzihe/WD-Disk/output/mit_mascot_bsz_2_loss_0.01_1_0.01/checkpoint-500
06/14/2024 16:22:33 - WARNING - accelerate.utils.other - Removed shared tensor {'blip.Qformer.cls.predictions.decoder.weight', 'blip.Qformer.cls.predictions.decoder.bias'} while saving. This should be OK, but check by verifying that you don't receive any warning while reloading
06/14/2024 16:23:23 - INFO - accelerate.checkpointing - Model weights saved in /shenzihe/WD-Disk/output/mit_mascot_bsz_2_loss_0.01_1_0.01/checkpoint-500/model.safetensors
06/14/2024 16:24:03 - INFO - accelerate.checkpointing - Optimizer state saved in /shenzihe/WD-Disk/output/mit_mascot_bsz_2_loss_0.01_1_0.01/checkpoint-500/optimizer.bin
06/14/2024 16:24:03 - INFO - accelerate.checkpointing - Scheduler state saved in /shenzihe/WD-Disk/output/mit_mascot_bsz_2_loss_0.01_1_0.01/checkpoint-500/scheduler.bin
06/14/2024 16:24:03 - INFO - accelerate.checkpointing - Sampler state for dataloader 0 saved in /shenzihe/WD-Disk/output/mit_mascot_bsz_2_loss_0.01_1_0.01/checkpoint-500/sampler.bin
06/14/2024 16:24:03 - INFO - accelerate.checkpointing - Random states saved in /shenzihe/WD-Disk/output/mit_mascot_bsz_2_loss_0.01_1_0.01/checkpoint-500/random_states_0.pkl
06/14/2024 16:24:03 - INFO - __main__ - Saved state to /shenzihe/WD-Disk/output/mit_mascot_bsz_2_loss_0.01_1_0.01/checkpoint-500
06/14/2024 16:27:20 - INFO - accelerate.accelerator - Saving current state to /shenzihe/WD-Disk/output/mit_mascot_bsz_2_loss_0.01_1_0.01/checkpoint-600
06/14/2024 16:27:20 - WARNING - accelerate.utils.other - Removed shared tensor {'blip.Qformer.cls.predictions.decoder.weight', 'blip.Qformer.cls.predictions.decoder.bias'} while saving. This should be OK, but check by verifying that you don't receive any warning while reloading
06/14/2024 16:28:10 - INFO - accelerate.checkpointing - Model weights saved in /shenzihe/WD-Disk/output/mit_mascot_bsz_2_loss_0.01_1_0.01/checkpoint-600/model.safetensors
06/14/2024 16:28:51 - INFO - accelerate.checkpointing - Optimizer state saved in /shenzihe/WD-Disk/output/mit_mascot_bsz_2_loss_0.01_1_0.01/checkpoint-600/optimizer.bin
06/14/2024 16:28:51 - INFO - accelerate.checkpointing - Scheduler state saved in /shenzihe/WD-Disk/output/mit_mascot_bsz_2_loss_0.01_1_0.01/checkpoint-600/scheduler.bin
06/14/2024 16:28:51 - INFO - accelerate.checkpointing - Sampler state for dataloader 0 saved in /shenzihe/WD-Disk/output/mit_mascot_bsz_2_loss_0.01_1_0.01/checkpoint-600/sampler.bin
06/14/2024 16:28:51 - INFO - accelerate.checkpointing - Random states saved in /shenzihe/WD-Disk/output/mit_mascot_bsz_2_loss_0.01_1_0.01/checkpoint-600/random_states_0.pkl
06/14/2024 16:28:51 - INFO - __main__ - Saved state to /shenzihe/WD-Disk/output/mit_mascot_bsz_2_loss_0.01_1_0.01/checkpoint-600
06/14/2024 16:32:08 - INFO - accelerate.accelerator - Saving current state to /shenzihe/WD-Disk/output/mit_mascot_bsz_2_loss_0.01_1_0.01/checkpoint-700
06/14/2024 16:32:08 - WARNING - accelerate.utils.other - Removed shared tensor {'blip.Qformer.cls.predictions.decoder.weight', 'blip.Qformer.cls.predictions.decoder.bias'} while saving. This should be OK, but check by verifying that you don't receive any warning while reloading
06/14/2024 16:32:57 - INFO - accelerate.checkpointing - Model weights saved in /shenzihe/WD-Disk/output/mit_mascot_bsz_2_loss_0.01_1_0.01/checkpoint-700/model.safetensors
06/14/2024 16:33:38 - INFO - accelerate.checkpointing - Optimizer state saved in /shenzihe/WD-Disk/output/mit_mascot_bsz_2_loss_0.01_1_0.01/checkpoint-700/optimizer.bin
06/14/2024 16:33:38 - INFO - accelerate.checkpointing - Scheduler state saved in /shenzihe/WD-Disk/output/mit_mascot_bsz_2_loss_0.01_1_0.01/checkpoint-700/scheduler.bin
06/14/2024 16:33:38 - INFO - accelerate.checkpointing - Sampler state for dataloader 0 saved in /shenzihe/WD-Disk/output/mit_mascot_bsz_2_loss_0.01_1_0.01/checkpoint-700/sampler.bin
06/14/2024 16:33:38 - INFO - accelerate.checkpointing - Random states saved in /shenzihe/WD-Disk/output/mit_mascot_bsz_2_loss_0.01_1_0.01/checkpoint-700/random_states_0.pkl
06/14/2024 16:33:38 - INFO - __main__ - Saved state to /shenzihe/WD-Disk/output/mit_mascot_bsz_2_loss_0.01_1_0.01/checkpoint-700
06/14/2024 16:36:55 - INFO - accelerate.accelerator - Saving current state to /shenzihe/WD-Disk/output/mit_mascot_bsz_2_loss_0.01_1_0.01/checkpoint-800
06/14/2024 16:36:55 - WARNING - accelerate.utils.other - Removed shared tensor {'blip.Qformer.cls.predictions.decoder.weight', 'blip.Qformer.cls.predictions.decoder.bias'} while saving. This should be OK, but check by verifying that you don't receive any warning while reloading
06/14/2024 16:37:45 - INFO - accelerate.checkpointing - Model weights saved in /shenzihe/WD-Disk/output/mit_mascot_bsz_2_loss_0.01_1_0.01/checkpoint-800/model.safetensors
06/14/2024 16:38:26 - INFO - accelerate.checkpointing - Optimizer state saved in /shenzihe/WD-Disk/output/mit_mascot_bsz_2_loss_0.01_1_0.01/checkpoint-800/optimizer.bin
06/14/2024 16:38:26 - INFO - accelerate.checkpointing - Scheduler state saved in /shenzihe/WD-Disk/output/mit_mascot_bsz_2_loss_0.01_1_0.01/checkpoint-800/scheduler.bin
06/14/2024 16:38:26 - INFO - accelerate.checkpointing - Sampler state for dataloader 0 saved in /shenzihe/WD-Disk/output/mit_mascot_bsz_2_loss_0.01_1_0.01/checkpoint-800/sampler.bin
06/14/2024 16:38:26 - INFO - accelerate.checkpointing - Random states saved in /shenzihe/WD-Disk/output/mit_mascot_bsz_2_loss_0.01_1_0.01/checkpoint-800/random_states_0.pkl
06/14/2024 16:38:26 - INFO - __main__ - Saved state to /shenzihe/WD-Disk/output/mit_mascot_bsz_2_loss_0.01_1_0.01/checkpoint-800
06/14/2024 16:41:43 - INFO - accelerate.accelerator - Saving current state to /shenzihe/WD-Disk/output/mit_mascot_bsz_2_loss_0.01_1_0.01/checkpoint-900
06/14/2024 16:41:43 - WARNING - accelerate.utils.other - Removed shared tensor {'blip.Qformer.cls.predictions.decoder.weight', 'blip.Qformer.cls.predictions.decoder.bias'} while saving. This should be OK, but check by verifying that you don't receive any warning while reloading
06/14/2024 16:42:33 - INFO - accelerate.checkpointing - Model weights saved in /shenzihe/WD-Disk/output/mit_mascot_bsz_2_loss_0.01_1_0.01/checkpoint-900/model.safetensors
06/14/2024 16:43:15 - INFO - accelerate.checkpointing - Optimizer state saved in /shenzihe/WD-Disk/output/mit_mascot_bsz_2_loss_0.01_1_0.01/checkpoint-900/optimizer.bin
06/14/2024 16:43:15 - INFO - accelerate.checkpointing - Scheduler state saved in /shenzihe/WD-Disk/output/mit_mascot_bsz_2_loss_0.01_1_0.01/checkpoint-900/scheduler.bin
06/14/2024 16:43:15 - INFO - accelerate.checkpointing - Sampler state for dataloader 0 saved in /shenzihe/WD-Disk/output/mit_mascot_bsz_2_loss_0.01_1_0.01/checkpoint-900/sampler.bin
06/14/2024 16:43:15 - INFO - accelerate.checkpointing - Random states saved in /shenzihe/WD-Disk/output/mit_mascot_bsz_2_loss_0.01_1_0.01/checkpoint-900/random_states_0.pkl
06/14/2024 16:43:15 - INFO - __main__ - Saved state to /shenzihe/WD-Disk/output/mit_mascot_bsz_2_loss_0.01_1_0.01/checkpoint-900
06/14/2024 16:46:31 - INFO - accelerate.accelerator - Saving current state to /shenzihe/WD-Disk/output/mit_mascot_bsz_2_loss_0.01_1_0.01/checkpoint-1000
06/14/2024 16:46:31 - WARNING - accelerate.utils.other - Removed shared tensor {'blip.Qformer.cls.predictions.decoder.weight', 'blip.Qformer.cls.predictions.decoder.bias'} while saving. This should be OK, but check by verifying that you don't receive any warning while reloading
06/14/2024 16:47:22 - INFO - accelerate.checkpointing - Model weights saved in /shenzihe/WD-Disk/output/mit_mascot_bsz_2_loss_0.01_1_0.01/checkpoint-1000/model.safetensors
06/14/2024 16:48:04 - INFO - accelerate.checkpointing - Optimizer state saved in /shenzihe/WD-Disk/output/mit_mascot_bsz_2_loss_0.01_1_0.01/checkpoint-1000/optimizer.bin
06/14/2024 16:48:04 - INFO - accelerate.checkpointing - Scheduler state saved in /shenzihe/WD-Disk/output/mit_mascot_bsz_2_loss_0.01_1_0.01/checkpoint-1000/scheduler.bin
06/14/2024 16:48:04 - INFO - accelerate.checkpointing - Sampler state for dataloader 0 saved in /shenzihe/WD-Disk/output/mit_mascot_bsz_2_loss_0.01_1_0.01/checkpoint-1000/sampler.bin
06/14/2024 16:48:04 - INFO - accelerate.checkpointing - Random states saved in /shenzihe/WD-Disk/output/mit_mascot_bsz_2_loss_0.01_1_0.01/checkpoint-1000/random_states_0.pkl
06/14/2024 16:48:04 - INFO - __main__ - Saved state to /shenzihe/WD-Disk/output/mit_mascot_bsz_2_loss_0.01_1_0.01/checkpoint-1000
