07/09/2024 03:20:07 - INFO - __main__ - Distributed environment: NO
Num processes: 1
Process index: 0
Local process index: 0
Device: cuda

Mixed precision type: no

07/09/2024 03:20:07 - WARNING - py.warnings - /shenzihe/venv/lib/python3.10/site-packages/huggingface_hub/file_download.py:1132: FutureWarning: `resume_download` is deprecated and will be removed in version 1.0.0. Downloads always resume when possible. If you want to force a new download, use `force_download=True`.
  warnings.warn(

07/09/2024 03:20:09 - INFO - root - freeze vision encoder
07/09/2024 03:20:12 - INFO - root - Loaded ViT-H-14 model config.
07/09/2024 03:20:17 - INFO - root - Loading pretrained ViT-H-14 weights (laion2b_s32b_b79k).
07/09/2024 03:20:20 - WARNING - py.warnings - /shenzihe/venv/lib/python3.10/site-packages/diffusers/configuration_utils.py:215: FutureWarning: It is deprecated to pass a pretrained model name or path to `from_config`.If you were trying to load a scheduler, please use <class 'diffusers.schedulers.scheduling_ddpm.DDPMScheduler'>.from_pretrained(...) instead. Otherwise, please make sure to pass a configuration dictionary instead. This functionality will be removed in v1.0.0.
  deprecate("config-passed-as-path", "1.0.0", deprecation_message, standard_warn=False)

07/09/2024 03:20:20 - INFO - root - Loading pretrained model from /root/.cache/torch/hub/checkpoints/blip-diffusion
07/09/2024 03:20:20 - INFO - root - Loading pretrained BLIP2 Qformer weights.
07/09/2024 03:20:21 - INFO - root - Loading pretrained projection lyer weights.
07/09/2024 03:20:21 - INFO - root - Loading pretrained text encoder weights.
07/09/2024 03:20:22 - INFO - root - Loading pretrained vae weights.
07/09/2024 03:20:22 - INFO - root - Loading pretrained unet weights.
07/09/2024 03:20:25 - INFO - root - Using xformers.
07/09/2024 03:20:25 - INFO - root - Building datasets...
07/09/2024 03:20:26 - INFO - __main__ - 
***** Running training *****
07/09/2024 03:20:26 - INFO - __main__ -   Num examples = 4
07/09/2024 03:20:26 - INFO - __main__ -   Num batches each epoch = 2
07/09/2024 03:20:26 - INFO - __main__ -   Num Epochs = 30
07/09/2024 03:20:26 - INFO - __main__ -   Instantaneous batch size per device = 2
07/09/2024 03:20:26 - INFO - __main__ -   Total train batch size (w. parallel, distributed & accumulation) = 2
07/09/2024 03:20:26 - INFO - __main__ -   Gradient Accumulation steps = 1
07/09/2024 03:20:26 - INFO - __main__ -   Total optimization steps = 60
07/09/2024 03:20:27 - WARNING - py.warnings - /shenzihe/venv/lib/python3.10/site-packages/torch/backends/cuda/__init__.py:342: FutureWarning: torch.backends.cuda.sdp_kernel() is deprecated. In the future, this context manager will be removed. Please see, torch.nn.attention.sdpa_kernel() for the new context manager, with updated signature.
  warnings.warn(

07/09/2024 03:20:29 - INFO - root - {'loss': 0.32895365357398987, 'lr': 0.0001}
07/09/2024 03:20:31 - INFO - root - {'loss': 0.08864050358533859, 'lr': 0.0001}
07/09/2024 03:20:33 - INFO - root - {'loss': 0.4842245280742645, 'lr': 0.0001}
07/09/2024 03:20:35 - INFO - root - {'loss': 0.020917842164635658, 'lr': 0.0001}
07/09/2024 03:20:37 - INFO - root - {'loss': 0.15692174434661865, 'lr': 0.0001}
07/09/2024 03:20:39 - INFO - root - {'loss': 0.29473504424095154, 'lr': 0.0001}
07/09/2024 03:20:42 - INFO - root - {'loss': 0.019977470859885216, 'lr': 0.0001}
07/09/2024 03:20:44 - INFO - root - {'loss': 0.15293654799461365, 'lr': 0.0001}
07/09/2024 03:20:46 - INFO - root - {'loss': 0.2773701548576355, 'lr': 0.0001}
07/09/2024 03:20:48 - INFO - root - {'loss': 0.1071542277932167, 'lr': 0.0001}
07/09/2024 03:20:50 - INFO - root - {'loss': 0.045292481780052185, 'lr': 0.0001}
07/09/2024 03:20:52 - INFO - root - {'loss': 0.010946688242256641, 'lr': 0.0001}
07/09/2024 03:20:54 - INFO - root - {'loss': 0.24746516346931458, 'lr': 0.0001}
07/09/2024 03:20:56 - INFO - root - {'loss': 0.04195564612746239, 'lr': 0.0001}
07/09/2024 03:20:58 - INFO - root - {'loss': 0.0338013619184494, 'lr': 0.0001}
07/09/2024 03:21:00 - INFO - root - {'loss': 0.08852995187044144, 'lr': 0.0001}
07/09/2024 03:21:03 - INFO - root - {'loss': 0.2120901644229889, 'lr': 0.0001}
07/09/2024 03:21:05 - INFO - root - {'loss': 0.07259956747293472, 'lr': 0.0001}
07/09/2024 03:21:07 - INFO - root - {'loss': 0.05617598444223404, 'lr': 0.0001}
07/09/2024 03:21:09 - INFO - root - {'loss': 0.16461439430713654, 'lr': 0.0001}
07/09/2024 03:21:09 - INFO - __main__ - Running validation... 
 Generating 4 images with prompt:in the jungle.
07/09/2024 03:21:09 - WARNING - py.warnings - /shenzihe/multi_BlipDisenBooth/multi_BD.py:646: FutureWarning: Accessing config attribute `in_channels` directly via 'UNet2DConditionModel' object attribute is deprecated. Please access 'in_channels' over 'UNet2DConditionModel's config object instead, e.g. 'unet.config.in_channels'.
  (1, self.unet.in_channels, height // 8, width // 8),

07/09/2024 03:21:09 - WARNING - py.warnings - /shenzihe/multi_BlipDisenBooth/multi_BD.py:652: FutureWarning: Accessing config attribute `in_channels` directly via 'UNet2DConditionModel' object attribute is deprecated. Please access 'in_channels' over 'UNet2DConditionModel's config object instead, e.g. 'unet.config.in_channels'.
  self.unet.in_channels,

07/09/2024 03:21:22 - INFO - root - Image have been saved in /shenzihe/WD-Disk/output/mit_mascot_bsz_2_loss_0.01_1_0/checkpoint-20/images/in_the_jungle/
07/09/2024 03:21:35 - INFO - root - Image have been saved in /shenzihe/WD-Disk/output/mit_mascot_bsz_2_loss_0.01_1_0/checkpoint-20/images/in_the_jungle/
07/09/2024 03:21:49 - INFO - root - Image have been saved in /shenzihe/WD-Disk/output/mit_mascot_bsz_2_loss_0.01_1_0/checkpoint-20/images/in_the_jungle/
07/09/2024 03:22:02 - INFO - root - Image have been saved in /shenzihe/WD-Disk/output/mit_mascot_bsz_2_loss_0.01_1_0/checkpoint-20/images/in_the_jungle/
07/09/2024 03:22:02 - INFO - __main__ - Running validation... 
 Generating 4 images with prompt:in the snow.
07/09/2024 03:22:15 - INFO - root - Image have been saved in /shenzihe/WD-Disk/output/mit_mascot_bsz_2_loss_0.01_1_0/checkpoint-20/images/in_the_snow/
07/09/2024 03:22:29 - INFO - root - Image have been saved in /shenzihe/WD-Disk/output/mit_mascot_bsz_2_loss_0.01_1_0/checkpoint-20/images/in_the_snow/
07/09/2024 03:22:42 - INFO - root - Image have been saved in /shenzihe/WD-Disk/output/mit_mascot_bsz_2_loss_0.01_1_0/checkpoint-20/images/in_the_snow/
07/09/2024 03:22:55 - INFO - root - Image have been saved in /shenzihe/WD-Disk/output/mit_mascot_bsz_2_loss_0.01_1_0/checkpoint-20/images/in_the_snow/
07/09/2024 03:22:55 - INFO - __main__ - Running validation... 
 Generating 4 images with prompt:on the beach.
07/09/2024 03:23:09 - INFO - root - Image have been saved in /shenzihe/WD-Disk/output/mit_mascot_bsz_2_loss_0.01_1_0/checkpoint-20/images/on_the_beach/
07/09/2024 03:23:22 - INFO - root - Image have been saved in /shenzihe/WD-Disk/output/mit_mascot_bsz_2_loss_0.01_1_0/checkpoint-20/images/on_the_beach/
07/09/2024 03:23:35 - INFO - root - Image have been saved in /shenzihe/WD-Disk/output/mit_mascot_bsz_2_loss_0.01_1_0/checkpoint-20/images/on_the_beach/
07/09/2024 03:23:49 - INFO - root - Image have been saved in /shenzihe/WD-Disk/output/mit_mascot_bsz_2_loss_0.01_1_0/checkpoint-20/images/on_the_beach/
07/09/2024 03:23:49 - INFO - __main__ - Running validation... 
 Generating 4 images with prompt:on a cobblestone street.
07/09/2024 03:24:02 - INFO - root - Image have been saved in /shenzihe/WD-Disk/output/mit_mascot_bsz_2_loss_0.01_1_0/checkpoint-20/images/on_a_cobblestone_street/
07/09/2024 03:24:15 - INFO - root - Image have been saved in /shenzihe/WD-Disk/output/mit_mascot_bsz_2_loss_0.01_1_0/checkpoint-20/images/on_a_cobblestone_street/
07/09/2024 03:24:29 - INFO - root - Image have been saved in /shenzihe/WD-Disk/output/mit_mascot_bsz_2_loss_0.01_1_0/checkpoint-20/images/on_a_cobblestone_street/
07/09/2024 03:24:42 - INFO - root - Image have been saved in /shenzihe/WD-Disk/output/mit_mascot_bsz_2_loss_0.01_1_0/checkpoint-20/images/on_a_cobblestone_street/
07/09/2024 03:24:42 - INFO - __main__ - Running validation... 
 Generating 4 images with prompt:on top of pink fabric.
07/09/2024 03:24:55 - INFO - root - Image have been saved in /shenzihe/WD-Disk/output/mit_mascot_bsz_2_loss_0.01_1_0/checkpoint-20/images/on_top_of_pink_fabric/
07/09/2024 03:25:08 - INFO - root - Image have been saved in /shenzihe/WD-Disk/output/mit_mascot_bsz_2_loss_0.01_1_0/checkpoint-20/images/on_top_of_pink_fabric/
07/09/2024 03:25:22 - INFO - root - Image have been saved in /shenzihe/WD-Disk/output/mit_mascot_bsz_2_loss_0.01_1_0/checkpoint-20/images/on_top_of_pink_fabric/
07/09/2024 03:25:35 - INFO - root - Image have been saved in /shenzihe/WD-Disk/output/mit_mascot_bsz_2_loss_0.01_1_0/checkpoint-20/images/on_top_of_pink_fabric/
07/09/2024 03:25:35 - INFO - __main__ - Running validation... 
 Generating 4 images with prompt:on top of a wooden floor.
07/09/2024 03:25:48 - INFO - root - Image have been saved in /shenzihe/WD-Disk/output/mit_mascot_bsz_2_loss_0.01_1_0/checkpoint-20/images/on_top_of_a_wooden_floor/
07/09/2024 03:26:02 - INFO - root - Image have been saved in /shenzihe/WD-Disk/output/mit_mascot_bsz_2_loss_0.01_1_0/checkpoint-20/images/on_top_of_a_wooden_floor/
07/09/2024 03:26:15 - INFO - root - Image have been saved in /shenzihe/WD-Disk/output/mit_mascot_bsz_2_loss_0.01_1_0/checkpoint-20/images/on_top_of_a_wooden_floor/
07/09/2024 03:26:28 - INFO - root - Image have been saved in /shenzihe/WD-Disk/output/mit_mascot_bsz_2_loss_0.01_1_0/checkpoint-20/images/on_top_of_a_wooden_floor/
07/09/2024 03:26:28 - INFO - __main__ - Running validation... 
 Generating 4 images with prompt:with a city in the background.
07/09/2024 03:26:42 - INFO - root - Image have been saved in /shenzihe/WD-Disk/output/mit_mascot_bsz_2_loss_0.01_1_0/checkpoint-20/images/with_a_city_in_the_background/
07/09/2024 03:26:55 - INFO - root - Image have been saved in /shenzihe/WD-Disk/output/mit_mascot_bsz_2_loss_0.01_1_0/checkpoint-20/images/with_a_city_in_the_background/
07/09/2024 03:27:08 - INFO - root - Image have been saved in /shenzihe/WD-Disk/output/mit_mascot_bsz_2_loss_0.01_1_0/checkpoint-20/images/with_a_city_in_the_background/
07/09/2024 03:27:22 - INFO - root - Image have been saved in /shenzihe/WD-Disk/output/mit_mascot_bsz_2_loss_0.01_1_0/checkpoint-20/images/with_a_city_in_the_background/
07/09/2024 03:27:22 - INFO - __main__ - Running validation... 
 Generating 4 images with prompt:with a mountain in the background.
07/09/2024 03:27:35 - INFO - root - Image have been saved in /shenzihe/WD-Disk/output/mit_mascot_bsz_2_loss_0.01_1_0/checkpoint-20/images/with_a_mountain_in_the_background/
07/09/2024 03:27:48 - INFO - root - Image have been saved in /shenzihe/WD-Disk/output/mit_mascot_bsz_2_loss_0.01_1_0/checkpoint-20/images/with_a_mountain_in_the_background/
07/09/2024 03:28:01 - INFO - root - Image have been saved in /shenzihe/WD-Disk/output/mit_mascot_bsz_2_loss_0.01_1_0/checkpoint-20/images/with_a_mountain_in_the_background/
07/09/2024 03:28:15 - INFO - root - Image have been saved in /shenzihe/WD-Disk/output/mit_mascot_bsz_2_loss_0.01_1_0/checkpoint-20/images/with_a_mountain_in_the_background/
07/09/2024 03:28:15 - INFO - __main__ - Running validation... 
 Generating 4 images with prompt:with a blue house in the background.
07/09/2024 03:28:28 - INFO - root - Image have been saved in /shenzihe/WD-Disk/output/mit_mascot_bsz_2_loss_0.01_1_0/checkpoint-20/images/with_a_blue_house_in_the_background/
07/09/2024 03:28:41 - INFO - root - Image have been saved in /shenzihe/WD-Disk/output/mit_mascot_bsz_2_loss_0.01_1_0/checkpoint-20/images/with_a_blue_house_in_the_background/
07/09/2024 03:28:55 - INFO - root - Image have been saved in /shenzihe/WD-Disk/output/mit_mascot_bsz_2_loss_0.01_1_0/checkpoint-20/images/with_a_blue_house_in_the_background/
07/09/2024 03:29:08 - INFO - root - Image have been saved in /shenzihe/WD-Disk/output/mit_mascot_bsz_2_loss_0.01_1_0/checkpoint-20/images/with_a_blue_house_in_the_background/
07/09/2024 03:29:08 - INFO - __main__ - Running validation... 
 Generating 4 images with prompt:on top of a purple rug in a forest.
07/09/2024 03:29:21 - INFO - root - Image have been saved in /shenzihe/WD-Disk/output/mit_mascot_bsz_2_loss_0.01_1_0/checkpoint-20/images/on_top_of_a_purple_rug_in_a_forest/
07/09/2024 03:29:34 - INFO - root - Image have been saved in /shenzihe/WD-Disk/output/mit_mascot_bsz_2_loss_0.01_1_0/checkpoint-20/images/on_top_of_a_purple_rug_in_a_forest/
07/09/2024 03:29:48 - INFO - root - Image have been saved in /shenzihe/WD-Disk/output/mit_mascot_bsz_2_loss_0.01_1_0/checkpoint-20/images/on_top_of_a_purple_rug_in_a_forest/
07/09/2024 03:30:01 - INFO - root - Image have been saved in /shenzihe/WD-Disk/output/mit_mascot_bsz_2_loss_0.01_1_0/checkpoint-20/images/on_top_of_a_purple_rug_in_a_forest/
07/09/2024 03:30:01 - INFO - __main__ - Running validation... 
 Generating 4 images with prompt:with a wheat field in the background.
07/09/2024 03:30:14 - INFO - root - Image have been saved in /shenzihe/WD-Disk/output/mit_mascot_bsz_2_loss_0.01_1_0/checkpoint-20/images/with_a_wheat_field_in_the_background/
07/09/2024 03:30:27 - INFO - root - Image have been saved in /shenzihe/WD-Disk/output/mit_mascot_bsz_2_loss_0.01_1_0/checkpoint-20/images/with_a_wheat_field_in_the_background/
07/09/2024 03:30:41 - INFO - root - Image have been saved in /shenzihe/WD-Disk/output/mit_mascot_bsz_2_loss_0.01_1_0/checkpoint-20/images/with_a_wheat_field_in_the_background/
07/09/2024 03:30:54 - INFO - root - Image have been saved in /shenzihe/WD-Disk/output/mit_mascot_bsz_2_loss_0.01_1_0/checkpoint-20/images/with_a_wheat_field_in_the_background/
07/09/2024 03:30:54 - INFO - __main__ - Running validation... 
 Generating 4 images with prompt:with a tree and autumn leaves in the background.
07/09/2024 03:31:07 - INFO - root - Image have been saved in /shenzihe/WD-Disk/output/mit_mascot_bsz_2_loss_0.01_1_0/checkpoint-20/images/with_a_tree_and_autumn_leaves_in_the_background/
07/09/2024 03:31:21 - INFO - root - Image have been saved in /shenzihe/WD-Disk/output/mit_mascot_bsz_2_loss_0.01_1_0/checkpoint-20/images/with_a_tree_and_autumn_leaves_in_the_background/
07/09/2024 03:31:34 - INFO - root - Image have been saved in /shenzihe/WD-Disk/output/mit_mascot_bsz_2_loss_0.01_1_0/checkpoint-20/images/with_a_tree_and_autumn_leaves_in_the_background/
07/09/2024 03:31:47 - INFO - root - Image have been saved in /shenzihe/WD-Disk/output/mit_mascot_bsz_2_loss_0.01_1_0/checkpoint-20/images/with_a_tree_and_autumn_leaves_in_the_background/
07/09/2024 03:31:47 - INFO - __main__ - Running validation... 
 Generating 4 images with prompt:with the Eiffel Tower in the background.
07/09/2024 03:32:01 - INFO - root - Image have been saved in /shenzihe/WD-Disk/output/mit_mascot_bsz_2_loss_0.01_1_0/checkpoint-20/images/with_the_Eiffel_Tower_in_the_background/
07/09/2024 03:32:14 - INFO - root - Image have been saved in /shenzihe/WD-Disk/output/mit_mascot_bsz_2_loss_0.01_1_0/checkpoint-20/images/with_the_Eiffel_Tower_in_the_background/
07/09/2024 03:32:27 - INFO - root - Image have been saved in /shenzihe/WD-Disk/output/mit_mascot_bsz_2_loss_0.01_1_0/checkpoint-20/images/with_the_Eiffel_Tower_in_the_background/
07/09/2024 03:32:40 - INFO - root - Image have been saved in /shenzihe/WD-Disk/output/mit_mascot_bsz_2_loss_0.01_1_0/checkpoint-20/images/with_the_Eiffel_Tower_in_the_background/
07/09/2024 03:32:40 - INFO - __main__ - Running validation... 
 Generating 4 images with prompt:floating on top of water.
07/09/2024 03:32:54 - INFO - root - Image have been saved in /shenzihe/WD-Disk/output/mit_mascot_bsz_2_loss_0.01_1_0/checkpoint-20/images/floating_on_top_of_water/
07/09/2024 03:33:07 - INFO - root - Image have been saved in /shenzihe/WD-Disk/output/mit_mascot_bsz_2_loss_0.01_1_0/checkpoint-20/images/floating_on_top_of_water/
07/09/2024 03:33:20 - INFO - root - Image have been saved in /shenzihe/WD-Disk/output/mit_mascot_bsz_2_loss_0.01_1_0/checkpoint-20/images/floating_on_top_of_water/
07/09/2024 03:33:34 - INFO - root - Image have been saved in /shenzihe/WD-Disk/output/mit_mascot_bsz_2_loss_0.01_1_0/checkpoint-20/images/floating_on_top_of_water/
07/09/2024 03:33:34 - INFO - __main__ - Running validation... 
 Generating 4 images with prompt:floating in an ocean of milk.
07/09/2024 03:33:47 - INFO - root - Image have been saved in /shenzihe/WD-Disk/output/mit_mascot_bsz_2_loss_0.01_1_0/checkpoint-20/images/floating_in_an_ocean_of_milk/
07/09/2024 03:34:00 - INFO - root - Image have been saved in /shenzihe/WD-Disk/output/mit_mascot_bsz_2_loss_0.01_1_0/checkpoint-20/images/floating_in_an_ocean_of_milk/
07/09/2024 03:34:14 - INFO - root - Image have been saved in /shenzihe/WD-Disk/output/mit_mascot_bsz_2_loss_0.01_1_0/checkpoint-20/images/floating_in_an_ocean_of_milk/
07/09/2024 03:34:27 - INFO - root - Image have been saved in /shenzihe/WD-Disk/output/mit_mascot_bsz_2_loss_0.01_1_0/checkpoint-20/images/floating_in_an_ocean_of_milk/
07/09/2024 03:34:27 - INFO - __main__ - Running validation... 
 Generating 4 images with prompt:on top of green grass with sunflowers around it.
07/09/2024 03:34:40 - INFO - root - Image have been saved in /shenzihe/WD-Disk/output/mit_mascot_bsz_2_loss_0.01_1_0/checkpoint-20/images/on_top_of_green_grass_with_sunflowers_around_it/
07/09/2024 03:34:54 - INFO - root - Image have been saved in /shenzihe/WD-Disk/output/mit_mascot_bsz_2_loss_0.01_1_0/checkpoint-20/images/on_top_of_green_grass_with_sunflowers_around_it/
07/09/2024 03:35:07 - INFO - root - Image have been saved in /shenzihe/WD-Disk/output/mit_mascot_bsz_2_loss_0.01_1_0/checkpoint-20/images/on_top_of_green_grass_with_sunflowers_around_it/
07/09/2024 03:35:20 - INFO - root - Image have been saved in /shenzihe/WD-Disk/output/mit_mascot_bsz_2_loss_0.01_1_0/checkpoint-20/images/on_top_of_green_grass_with_sunflowers_around_it/
07/09/2024 03:35:20 - INFO - __main__ - Running validation... 
 Generating 4 images with prompt:on top of a mirror.
07/09/2024 03:35:34 - INFO - root - Image have been saved in /shenzihe/WD-Disk/output/mit_mascot_bsz_2_loss_0.01_1_0/checkpoint-20/images/on_top_of_a_mirror/
07/09/2024 03:35:47 - INFO - root - Image have been saved in /shenzihe/WD-Disk/output/mit_mascot_bsz_2_loss_0.01_1_0/checkpoint-20/images/on_top_of_a_mirror/
07/09/2024 03:36:00 - INFO - root - Image have been saved in /shenzihe/WD-Disk/output/mit_mascot_bsz_2_loss_0.01_1_0/checkpoint-20/images/on_top_of_a_mirror/
07/09/2024 03:36:14 - INFO - root - Image have been saved in /shenzihe/WD-Disk/output/mit_mascot_bsz_2_loss_0.01_1_0/checkpoint-20/images/on_top_of_a_mirror/
07/09/2024 03:36:14 - INFO - __main__ - Running validation... 
 Generating 4 images with prompt:on top of the sidewalk in a crowded street.
07/09/2024 03:36:27 - INFO - root - Image have been saved in /shenzihe/WD-Disk/output/mit_mascot_bsz_2_loss_0.01_1_0/checkpoint-20/images/on_top_of_the_sidewalk_in_a_crowded_street/
07/09/2024 03:36:40 - INFO - root - Image have been saved in /shenzihe/WD-Disk/output/mit_mascot_bsz_2_loss_0.01_1_0/checkpoint-20/images/on_top_of_the_sidewalk_in_a_crowded_street/
07/09/2024 03:36:54 - INFO - root - Image have been saved in /shenzihe/WD-Disk/output/mit_mascot_bsz_2_loss_0.01_1_0/checkpoint-20/images/on_top_of_the_sidewalk_in_a_crowded_street/
07/09/2024 03:37:07 - INFO - root - Image have been saved in /shenzihe/WD-Disk/output/mit_mascot_bsz_2_loss_0.01_1_0/checkpoint-20/images/on_top_of_the_sidewalk_in_a_crowded_street/
07/09/2024 03:37:07 - INFO - __main__ - Running validation... 
 Generating 4 images with prompt:on top of a dirt road.
07/09/2024 03:37:20 - INFO - root - Image have been saved in /shenzihe/WD-Disk/output/mit_mascot_bsz_2_loss_0.01_1_0/checkpoint-20/images/on_top_of_a_dirt_road/
07/09/2024 03:37:34 - INFO - root - Image have been saved in /shenzihe/WD-Disk/output/mit_mascot_bsz_2_loss_0.01_1_0/checkpoint-20/images/on_top_of_a_dirt_road/
07/09/2024 03:37:47 - INFO - root - Image have been saved in /shenzihe/WD-Disk/output/mit_mascot_bsz_2_loss_0.01_1_0/checkpoint-20/images/on_top_of_a_dirt_road/
07/09/2024 03:38:00 - INFO - root - Image have been saved in /shenzihe/WD-Disk/output/mit_mascot_bsz_2_loss_0.01_1_0/checkpoint-20/images/on_top_of_a_dirt_road/
07/09/2024 03:38:00 - INFO - __main__ - Running validation... 
 Generating 4 images with prompt:on top of a white rug.
07/09/2024 03:38:14 - INFO - root - Image have been saved in /shenzihe/WD-Disk/output/mit_mascot_bsz_2_loss_0.01_1_0/checkpoint-20/images/on_top_of_a_white_rug/
07/09/2024 03:38:27 - INFO - root - Image have been saved in /shenzihe/WD-Disk/output/mit_mascot_bsz_2_loss_0.01_1_0/checkpoint-20/images/on_top_of_a_white_rug/
07/09/2024 03:38:40 - INFO - root - Image have been saved in /shenzihe/WD-Disk/output/mit_mascot_bsz_2_loss_0.01_1_0/checkpoint-20/images/on_top_of_a_white_rug/
07/09/2024 03:38:54 - INFO - root - Image have been saved in /shenzihe/WD-Disk/output/mit_mascot_bsz_2_loss_0.01_1_0/checkpoint-20/images/on_top_of_a_white_rug/
07/09/2024 03:38:54 - INFO - __main__ - Running validation... 
 Generating 4 images with prompt:red.
07/09/2024 03:39:07 - INFO - root - Image have been saved in /shenzihe/WD-Disk/output/mit_mascot_bsz_2_loss_0.01_1_0/checkpoint-20/images/red/
07/09/2024 03:39:20 - INFO - root - Image have been saved in /shenzihe/WD-Disk/output/mit_mascot_bsz_2_loss_0.01_1_0/checkpoint-20/images/red/
07/09/2024 03:39:33 - INFO - root - Image have been saved in /shenzihe/WD-Disk/output/mit_mascot_bsz_2_loss_0.01_1_0/checkpoint-20/images/red/
07/09/2024 03:39:47 - INFO - root - Image have been saved in /shenzihe/WD-Disk/output/mit_mascot_bsz_2_loss_0.01_1_0/checkpoint-20/images/red/
07/09/2024 03:39:47 - INFO - __main__ - Running validation... 
 Generating 4 images with prompt:purple.
07/09/2024 03:40:00 - INFO - root - Image have been saved in /shenzihe/WD-Disk/output/mit_mascot_bsz_2_loss_0.01_1_0/checkpoint-20/images/purple/
07/09/2024 03:40:13 - INFO - root - Image have been saved in /shenzihe/WD-Disk/output/mit_mascot_bsz_2_loss_0.01_1_0/checkpoint-20/images/purple/
07/09/2024 03:40:27 - INFO - root - Image have been saved in /shenzihe/WD-Disk/output/mit_mascot_bsz_2_loss_0.01_1_0/checkpoint-20/images/purple/
07/09/2024 03:40:40 - INFO - root - Image have been saved in /shenzihe/WD-Disk/output/mit_mascot_bsz_2_loss_0.01_1_0/checkpoint-20/images/purple/
07/09/2024 03:40:40 - INFO - __main__ - Running validation... 
 Generating 4 images with prompt:shiny.
07/09/2024 03:40:53 - INFO - root - Image have been saved in /shenzihe/WD-Disk/output/mit_mascot_bsz_2_loss_0.01_1_0/checkpoint-20/images/shiny/
07/09/2024 03:41:07 - INFO - root - Image have been saved in /shenzihe/WD-Disk/output/mit_mascot_bsz_2_loss_0.01_1_0/checkpoint-20/images/shiny/
07/09/2024 03:41:20 - INFO - root - Image have been saved in /shenzihe/WD-Disk/output/mit_mascot_bsz_2_loss_0.01_1_0/checkpoint-20/images/shiny/
07/09/2024 03:41:33 - INFO - root - Image have been saved in /shenzihe/WD-Disk/output/mit_mascot_bsz_2_loss_0.01_1_0/checkpoint-20/images/shiny/
07/09/2024 03:41:33 - INFO - __main__ - Running validation... 
 Generating 4 images with prompt:wet.
07/09/2024 03:41:47 - INFO - root - Image have been saved in /shenzihe/WD-Disk/output/mit_mascot_bsz_2_loss_0.01_1_0/checkpoint-20/images/wet/
07/09/2024 03:42:00 - INFO - root - Image have been saved in /shenzihe/WD-Disk/output/mit_mascot_bsz_2_loss_0.01_1_0/checkpoint-20/images/wet/
07/09/2024 03:42:13 - INFO - root - Image have been saved in /shenzihe/WD-Disk/output/mit_mascot_bsz_2_loss_0.01_1_0/checkpoint-20/images/wet/
07/09/2024 03:42:27 - INFO - root - Image have been saved in /shenzihe/WD-Disk/output/mit_mascot_bsz_2_loss_0.01_1_0/checkpoint-20/images/wet/
07/09/2024 03:42:27 - INFO - __main__ - Running validation... 
 Generating 4 images with prompt:cube shaped.
07/09/2024 03:42:40 - INFO - root - Image have been saved in /shenzihe/WD-Disk/output/mit_mascot_bsz_2_loss_0.01_1_0/checkpoint-20/images/cube_shaped/
07/09/2024 03:42:53 - INFO - root - Image have been saved in /shenzihe/WD-Disk/output/mit_mascot_bsz_2_loss_0.01_1_0/checkpoint-20/images/cube_shaped/
07/09/2024 03:43:07 - INFO - root - Image have been saved in /shenzihe/WD-Disk/output/mit_mascot_bsz_2_loss_0.01_1_0/checkpoint-20/images/cube_shaped/
07/09/2024 03:43:20 - INFO - root - Image have been saved in /shenzihe/WD-Disk/output/mit_mascot_bsz_2_loss_0.01_1_0/checkpoint-20/images/cube_shaped/
07/09/2024 03:43:22 - INFO - root - {'loss': 0.016599461436271667, 'lr': 0.0001}
07/09/2024 03:43:24 - INFO - root - {'loss': 0.4365957975387573, 'lr': 0.0001}
07/09/2024 03:43:26 - INFO - root - {'loss': 0.16968372464179993, 'lr': 0.0001}
07/09/2024 03:43:28 - INFO - root - {'loss': 0.13597479462623596, 'lr': 0.0001}
07/09/2024 03:43:31 - INFO - root - {'loss': 0.1932275891304016, 'lr': 0.0001}
07/09/2024 03:43:33 - INFO - root - {'loss': 0.10327479243278503, 'lr': 0.0001}
07/09/2024 03:43:35 - INFO - root - {'loss': 0.08871044218540192, 'lr': 0.0001}
07/09/2024 03:43:37 - INFO - root - {'loss': 0.4634416401386261, 'lr': 0.0001}
07/09/2024 03:43:39 - INFO - root - {'loss': 0.4538120627403259, 'lr': 0.0001}
07/09/2024 03:43:41 - INFO - root - {'loss': 0.24490641057491302, 'lr': 0.0001}
07/09/2024 03:43:43 - INFO - root - {'loss': 0.14287428557872772, 'lr': 0.0001}
07/09/2024 03:43:45 - INFO - root - {'loss': 0.21088869869709015, 'lr': 0.0001}
07/09/2024 03:43:48 - INFO - root - {'loss': 0.11654338240623474, 'lr': 0.0001}
07/09/2024 03:43:50 - INFO - root - {'loss': 0.005239030346274376, 'lr': 0.0001}
07/09/2024 03:43:52 - INFO - root - {'loss': 0.16364507377147675, 'lr': 0.0001}
07/09/2024 03:43:54 - INFO - root - {'loss': 0.05349256098270416, 'lr': 0.0001}
07/09/2024 03:43:56 - INFO - root - {'loss': 0.5593024492263794, 'lr': 0.0001}
07/09/2024 03:43:58 - INFO - root - {'loss': 0.5893362164497375, 'lr': 0.0001}
07/09/2024 03:44:00 - INFO - root - {'loss': 0.07843917608261108, 'lr': 0.0001}
07/09/2024 03:44:02 - INFO - root - {'loss': 0.348119854927063, 'lr': 0.0001}
07/09/2024 03:44:02 - INFO - __main__ - Running validation... 
 Generating 4 images with prompt:in the jungle.
07/09/2024 03:44:16 - INFO - root - Image have been saved in /shenzihe/WD-Disk/output/mit_mascot_bsz_2_loss_0.01_1_0/checkpoint-40/images/in_the_jungle/
07/09/2024 03:44:29 - INFO - root - Image have been saved in /shenzihe/WD-Disk/output/mit_mascot_bsz_2_loss_0.01_1_0/checkpoint-40/images/in_the_jungle/
07/09/2024 03:44:42 - INFO - root - Image have been saved in /shenzihe/WD-Disk/output/mit_mascot_bsz_2_loss_0.01_1_0/checkpoint-40/images/in_the_jungle/
07/09/2024 03:44:55 - INFO - root - Image have been saved in /shenzihe/WD-Disk/output/mit_mascot_bsz_2_loss_0.01_1_0/checkpoint-40/images/in_the_jungle/
07/09/2024 03:44:55 - INFO - __main__ - Running validation... 
 Generating 4 images with prompt:in the snow.
07/09/2024 03:45:09 - INFO - root - Image have been saved in /shenzihe/WD-Disk/output/mit_mascot_bsz_2_loss_0.01_1_0/checkpoint-40/images/in_the_snow/
07/09/2024 03:45:22 - INFO - root - Image have been saved in /shenzihe/WD-Disk/output/mit_mascot_bsz_2_loss_0.01_1_0/checkpoint-40/images/in_the_snow/
07/09/2024 03:45:35 - INFO - root - Image have been saved in /shenzihe/WD-Disk/output/mit_mascot_bsz_2_loss_0.01_1_0/checkpoint-40/images/in_the_snow/
07/09/2024 03:45:49 - INFO - root - Image have been saved in /shenzihe/WD-Disk/output/mit_mascot_bsz_2_loss_0.01_1_0/checkpoint-40/images/in_the_snow/
07/09/2024 03:45:49 - INFO - __main__ - Running validation... 
 Generating 4 images with prompt:on the beach.
07/09/2024 03:46:02 - INFO - root - Image have been saved in /shenzihe/WD-Disk/output/mit_mascot_bsz_2_loss_0.01_1_0/checkpoint-40/images/on_the_beach/
07/09/2024 03:46:15 - INFO - root - Image have been saved in /shenzihe/WD-Disk/output/mit_mascot_bsz_2_loss_0.01_1_0/checkpoint-40/images/on_the_beach/
07/09/2024 03:46:29 - INFO - root - Image have been saved in /shenzihe/WD-Disk/output/mit_mascot_bsz_2_loss_0.01_1_0/checkpoint-40/images/on_the_beach/
07/09/2024 03:46:42 - INFO - root - Image have been saved in /shenzihe/WD-Disk/output/mit_mascot_bsz_2_loss_0.01_1_0/checkpoint-40/images/on_the_beach/
07/09/2024 03:46:42 - INFO - __main__ - Running validation... 
 Generating 4 images with prompt:on a cobblestone street.
07/09/2024 03:46:55 - INFO - root - Image have been saved in /shenzihe/WD-Disk/output/mit_mascot_bsz_2_loss_0.01_1_0/checkpoint-40/images/on_a_cobblestone_street/
07/09/2024 03:47:08 - INFO - root - Image have been saved in /shenzihe/WD-Disk/output/mit_mascot_bsz_2_loss_0.01_1_0/checkpoint-40/images/on_a_cobblestone_street/
07/09/2024 03:47:22 - INFO - root - Image have been saved in /shenzihe/WD-Disk/output/mit_mascot_bsz_2_loss_0.01_1_0/checkpoint-40/images/on_a_cobblestone_street/
07/09/2024 03:47:35 - INFO - root - Image have been saved in /shenzihe/WD-Disk/output/mit_mascot_bsz_2_loss_0.01_1_0/checkpoint-40/images/on_a_cobblestone_street/
07/09/2024 03:47:35 - INFO - __main__ - Running validation... 
 Generating 4 images with prompt:on top of pink fabric.
07/09/2024 03:47:48 - INFO - root - Image have been saved in /shenzihe/WD-Disk/output/mit_mascot_bsz_2_loss_0.01_1_0/checkpoint-40/images/on_top_of_pink_fabric/
07/09/2024 03:48:01 - INFO - root - Image have been saved in /shenzihe/WD-Disk/output/mit_mascot_bsz_2_loss_0.01_1_0/checkpoint-40/images/on_top_of_pink_fabric/
07/09/2024 03:48:15 - INFO - root - Image have been saved in /shenzihe/WD-Disk/output/mit_mascot_bsz_2_loss_0.01_1_0/checkpoint-40/images/on_top_of_pink_fabric/
07/09/2024 03:48:28 - INFO - root - Image have been saved in /shenzihe/WD-Disk/output/mit_mascot_bsz_2_loss_0.01_1_0/checkpoint-40/images/on_top_of_pink_fabric/
07/09/2024 03:48:28 - INFO - __main__ - Running validation... 
 Generating 4 images with prompt:on top of a wooden floor.
07/09/2024 03:48:41 - INFO - root - Image have been saved in /shenzihe/WD-Disk/output/mit_mascot_bsz_2_loss_0.01_1_0/checkpoint-40/images/on_top_of_a_wooden_floor/
07/09/2024 03:48:55 - INFO - root - Image have been saved in /shenzihe/WD-Disk/output/mit_mascot_bsz_2_loss_0.01_1_0/checkpoint-40/images/on_top_of_a_wooden_floor/
07/09/2024 03:49:08 - INFO - root - Image have been saved in /shenzihe/WD-Disk/output/mit_mascot_bsz_2_loss_0.01_1_0/checkpoint-40/images/on_top_of_a_wooden_floor/
07/09/2024 03:49:21 - INFO - root - Image have been saved in /shenzihe/WD-Disk/output/mit_mascot_bsz_2_loss_0.01_1_0/checkpoint-40/images/on_top_of_a_wooden_floor/
07/09/2024 03:49:21 - INFO - __main__ - Running validation... 
 Generating 4 images with prompt:with a city in the background.
07/09/2024 03:49:34 - INFO - root - Image have been saved in /shenzihe/WD-Disk/output/mit_mascot_bsz_2_loss_0.01_1_0/checkpoint-40/images/with_a_city_in_the_background/
07/09/2024 03:49:48 - INFO - root - Image have been saved in /shenzihe/WD-Disk/output/mit_mascot_bsz_2_loss_0.01_1_0/checkpoint-40/images/with_a_city_in_the_background/
07/09/2024 03:50:01 - INFO - root - Image have been saved in /shenzihe/WD-Disk/output/mit_mascot_bsz_2_loss_0.01_1_0/checkpoint-40/images/with_a_city_in_the_background/
07/09/2024 03:50:14 - INFO - root - Image have been saved in /shenzihe/WD-Disk/output/mit_mascot_bsz_2_loss_0.01_1_0/checkpoint-40/images/with_a_city_in_the_background/
07/09/2024 03:50:14 - INFO - __main__ - Running validation... 
 Generating 4 images with prompt:with a mountain in the background.
07/09/2024 03:50:28 - INFO - root - Image have been saved in /shenzihe/WD-Disk/output/mit_mascot_bsz_2_loss_0.01_1_0/checkpoint-40/images/with_a_mountain_in_the_background/
07/09/2024 03:50:41 - INFO - root - Image have been saved in /shenzihe/WD-Disk/output/mit_mascot_bsz_2_loss_0.01_1_0/checkpoint-40/images/with_a_mountain_in_the_background/
07/09/2024 03:50:54 - INFO - root - Image have been saved in /shenzihe/WD-Disk/output/mit_mascot_bsz_2_loss_0.01_1_0/checkpoint-40/images/with_a_mountain_in_the_background/
07/09/2024 03:51:08 - INFO - root - Image have been saved in /shenzihe/WD-Disk/output/mit_mascot_bsz_2_loss_0.01_1_0/checkpoint-40/images/with_a_mountain_in_the_background/
07/09/2024 03:51:08 - INFO - __main__ - Running validation... 
 Generating 4 images with prompt:with a blue house in the background.
07/09/2024 03:51:21 - INFO - root - Image have been saved in /shenzihe/WD-Disk/output/mit_mascot_bsz_2_loss_0.01_1_0/checkpoint-40/images/with_a_blue_house_in_the_background/
07/09/2024 03:51:34 - INFO - root - Image have been saved in /shenzihe/WD-Disk/output/mit_mascot_bsz_2_loss_0.01_1_0/checkpoint-40/images/with_a_blue_house_in_the_background/
07/09/2024 03:51:47 - INFO - root - Image have been saved in /shenzihe/WD-Disk/output/mit_mascot_bsz_2_loss_0.01_1_0/checkpoint-40/images/with_a_blue_house_in_the_background/
07/09/2024 03:52:01 - INFO - root - Image have been saved in /shenzihe/WD-Disk/output/mit_mascot_bsz_2_loss_0.01_1_0/checkpoint-40/images/with_a_blue_house_in_the_background/
07/09/2024 03:52:01 - INFO - __main__ - Running validation... 
 Generating 4 images with prompt:on top of a purple rug in a forest.
07/09/2024 03:52:14 - INFO - root - Image have been saved in /shenzihe/WD-Disk/output/mit_mascot_bsz_2_loss_0.01_1_0/checkpoint-40/images/on_top_of_a_purple_rug_in_a_forest/
07/09/2024 03:52:27 - INFO - root - Image have been saved in /shenzihe/WD-Disk/output/mit_mascot_bsz_2_loss_0.01_1_0/checkpoint-40/images/on_top_of_a_purple_rug_in_a_forest/
07/09/2024 03:52:41 - INFO - root - Image have been saved in /shenzihe/WD-Disk/output/mit_mascot_bsz_2_loss_0.01_1_0/checkpoint-40/images/on_top_of_a_purple_rug_in_a_forest/
07/09/2024 03:52:54 - INFO - root - Image have been saved in /shenzihe/WD-Disk/output/mit_mascot_bsz_2_loss_0.01_1_0/checkpoint-40/images/on_top_of_a_purple_rug_in_a_forest/
07/09/2024 03:52:54 - INFO - __main__ - Running validation... 
 Generating 4 images with prompt:with a wheat field in the background.
07/09/2024 03:53:07 - INFO - root - Image have been saved in /shenzihe/WD-Disk/output/mit_mascot_bsz_2_loss_0.01_1_0/checkpoint-40/images/with_a_wheat_field_in_the_background/
07/09/2024 03:53:21 - INFO - root - Image have been saved in /shenzihe/WD-Disk/output/mit_mascot_bsz_2_loss_0.01_1_0/checkpoint-40/images/with_a_wheat_field_in_the_background/
07/09/2024 03:53:34 - INFO - root - Image have been saved in /shenzihe/WD-Disk/output/mit_mascot_bsz_2_loss_0.01_1_0/checkpoint-40/images/with_a_wheat_field_in_the_background/
07/09/2024 03:53:47 - INFO - root - Image have been saved in /shenzihe/WD-Disk/output/mit_mascot_bsz_2_loss_0.01_1_0/checkpoint-40/images/with_a_wheat_field_in_the_background/
07/09/2024 03:53:47 - INFO - __main__ - Running validation... 
 Generating 4 images with prompt:with a tree and autumn leaves in the background.
07/09/2024 03:54:01 - INFO - root - Image have been saved in /shenzihe/WD-Disk/output/mit_mascot_bsz_2_loss_0.01_1_0/checkpoint-40/images/with_a_tree_and_autumn_leaves_in_the_background/
07/09/2024 03:54:14 - INFO - root - Image have been saved in /shenzihe/WD-Disk/output/mit_mascot_bsz_2_loss_0.01_1_0/checkpoint-40/images/with_a_tree_and_autumn_leaves_in_the_background/
07/09/2024 03:54:27 - INFO - root - Image have been saved in /shenzihe/WD-Disk/output/mit_mascot_bsz_2_loss_0.01_1_0/checkpoint-40/images/with_a_tree_and_autumn_leaves_in_the_background/
07/09/2024 03:54:40 - INFO - root - Image have been saved in /shenzihe/WD-Disk/output/mit_mascot_bsz_2_loss_0.01_1_0/checkpoint-40/images/with_a_tree_and_autumn_leaves_in_the_background/
07/09/2024 03:54:40 - INFO - __main__ - Running validation... 
 Generating 4 images with prompt:with the Eiffel Tower in the background.
07/09/2024 03:54:54 - INFO - root - Image have been saved in /shenzihe/WD-Disk/output/mit_mascot_bsz_2_loss_0.01_1_0/checkpoint-40/images/with_the_Eiffel_Tower_in_the_background/
07/09/2024 03:55:07 - INFO - root - Image have been saved in /shenzihe/WD-Disk/output/mit_mascot_bsz_2_loss_0.01_1_0/checkpoint-40/images/with_the_Eiffel_Tower_in_the_background/
07/09/2024 03:55:20 - INFO - root - Image have been saved in /shenzihe/WD-Disk/output/mit_mascot_bsz_2_loss_0.01_1_0/checkpoint-40/images/with_the_Eiffel_Tower_in_the_background/
07/09/2024 03:55:33 - INFO - root - Image have been saved in /shenzihe/WD-Disk/output/mit_mascot_bsz_2_loss_0.01_1_0/checkpoint-40/images/with_the_Eiffel_Tower_in_the_background/
07/09/2024 03:55:33 - INFO - __main__ - Running validation... 
 Generating 4 images with prompt:floating on top of water.
07/09/2024 03:55:47 - INFO - root - Image have been saved in /shenzihe/WD-Disk/output/mit_mascot_bsz_2_loss_0.01_1_0/checkpoint-40/images/floating_on_top_of_water/
07/09/2024 03:56:00 - INFO - root - Image have been saved in /shenzihe/WD-Disk/output/mit_mascot_bsz_2_loss_0.01_1_0/checkpoint-40/images/floating_on_top_of_water/
07/09/2024 03:56:13 - INFO - root - Image have been saved in /shenzihe/WD-Disk/output/mit_mascot_bsz_2_loss_0.01_1_0/checkpoint-40/images/floating_on_top_of_water/
07/09/2024 03:56:27 - INFO - root - Image have been saved in /shenzihe/WD-Disk/output/mit_mascot_bsz_2_loss_0.01_1_0/checkpoint-40/images/floating_on_top_of_water/
07/09/2024 03:56:27 - INFO - __main__ - Running validation... 
 Generating 4 images with prompt:floating in an ocean of milk.
07/09/2024 03:56:40 - INFO - root - Image have been saved in /shenzihe/WD-Disk/output/mit_mascot_bsz_2_loss_0.01_1_0/checkpoint-40/images/floating_in_an_ocean_of_milk/
07/09/2024 03:56:53 - INFO - root - Image have been saved in /shenzihe/WD-Disk/output/mit_mascot_bsz_2_loss_0.01_1_0/checkpoint-40/images/floating_in_an_ocean_of_milk/
07/09/2024 03:57:07 - INFO - root - Image have been saved in /shenzihe/WD-Disk/output/mit_mascot_bsz_2_loss_0.01_1_0/checkpoint-40/images/floating_in_an_ocean_of_milk/
07/09/2024 03:57:20 - INFO - root - Image have been saved in /shenzihe/WD-Disk/output/mit_mascot_bsz_2_loss_0.01_1_0/checkpoint-40/images/floating_in_an_ocean_of_milk/
07/09/2024 03:57:20 - INFO - __main__ - Running validation... 
 Generating 4 images with prompt:on top of green grass with sunflowers around it.
07/09/2024 03:57:33 - INFO - root - Image have been saved in /shenzihe/WD-Disk/output/mit_mascot_bsz_2_loss_0.01_1_0/checkpoint-40/images/on_top_of_green_grass_with_sunflowers_around_it/
07/09/2024 03:57:46 - INFO - root - Image have been saved in /shenzihe/WD-Disk/output/mit_mascot_bsz_2_loss_0.01_1_0/checkpoint-40/images/on_top_of_green_grass_with_sunflowers_around_it/
07/09/2024 03:58:00 - INFO - root - Image have been saved in /shenzihe/WD-Disk/output/mit_mascot_bsz_2_loss_0.01_1_0/checkpoint-40/images/on_top_of_green_grass_with_sunflowers_around_it/
07/09/2024 03:58:13 - INFO - root - Image have been saved in /shenzihe/WD-Disk/output/mit_mascot_bsz_2_loss_0.01_1_0/checkpoint-40/images/on_top_of_green_grass_with_sunflowers_around_it/
07/09/2024 03:58:13 - INFO - __main__ - Running validation... 
 Generating 4 images with prompt:on top of a mirror.
07/09/2024 03:58:26 - INFO - root - Image have been saved in /shenzihe/WD-Disk/output/mit_mascot_bsz_2_loss_0.01_1_0/checkpoint-40/images/on_top_of_a_mirror/
07/09/2024 03:58:40 - INFO - root - Image have been saved in /shenzihe/WD-Disk/output/mit_mascot_bsz_2_loss_0.01_1_0/checkpoint-40/images/on_top_of_a_mirror/
07/09/2024 03:58:53 - INFO - root - Image have been saved in /shenzihe/WD-Disk/output/mit_mascot_bsz_2_loss_0.01_1_0/checkpoint-40/images/on_top_of_a_mirror/
07/09/2024 03:59:06 - INFO - root - Image have been saved in /shenzihe/WD-Disk/output/mit_mascot_bsz_2_loss_0.01_1_0/checkpoint-40/images/on_top_of_a_mirror/
07/09/2024 03:59:06 - INFO - __main__ - Running validation... 
 Generating 4 images with prompt:on top of the sidewalk in a crowded street.
07/09/2024 03:59:20 - INFO - root - Image have been saved in /shenzihe/WD-Disk/output/mit_mascot_bsz_2_loss_0.01_1_0/checkpoint-40/images/on_top_of_the_sidewalk_in_a_crowded_street/
07/09/2024 03:59:33 - INFO - root - Image have been saved in /shenzihe/WD-Disk/output/mit_mascot_bsz_2_loss_0.01_1_0/checkpoint-40/images/on_top_of_the_sidewalk_in_a_crowded_street/
07/09/2024 03:59:46 - INFO - root - Image have been saved in /shenzihe/WD-Disk/output/mit_mascot_bsz_2_loss_0.01_1_0/checkpoint-40/images/on_top_of_the_sidewalk_in_a_crowded_street/
07/09/2024 03:59:59 - INFO - root - Image have been saved in /shenzihe/WD-Disk/output/mit_mascot_bsz_2_loss_0.01_1_0/checkpoint-40/images/on_top_of_the_sidewalk_in_a_crowded_street/
07/09/2024 03:59:59 - INFO - __main__ - Running validation... 
 Generating 4 images with prompt:on top of a dirt road.
07/09/2024 04:00:13 - INFO - root - Image have been saved in /shenzihe/WD-Disk/output/mit_mascot_bsz_2_loss_0.01_1_0/checkpoint-40/images/on_top_of_a_dirt_road/
07/09/2024 04:00:26 - INFO - root - Image have been saved in /shenzihe/WD-Disk/output/mit_mascot_bsz_2_loss_0.01_1_0/checkpoint-40/images/on_top_of_a_dirt_road/
07/09/2024 04:00:39 - INFO - root - Image have been saved in /shenzihe/WD-Disk/output/mit_mascot_bsz_2_loss_0.01_1_0/checkpoint-40/images/on_top_of_a_dirt_road/
07/09/2024 04:00:53 - INFO - root - Image have been saved in /shenzihe/WD-Disk/output/mit_mascot_bsz_2_loss_0.01_1_0/checkpoint-40/images/on_top_of_a_dirt_road/
07/09/2024 04:00:53 - INFO - __main__ - Running validation... 
 Generating 4 images with prompt:on top of a white rug.
07/09/2024 04:01:06 - INFO - root - Image have been saved in /shenzihe/WD-Disk/output/mit_mascot_bsz_2_loss_0.01_1_0/checkpoint-40/images/on_top_of_a_white_rug/
07/09/2024 04:01:19 - INFO - root - Image have been saved in /shenzihe/WD-Disk/output/mit_mascot_bsz_2_loss_0.01_1_0/checkpoint-40/images/on_top_of_a_white_rug/
07/09/2024 04:01:32 - INFO - root - Image have been saved in /shenzihe/WD-Disk/output/mit_mascot_bsz_2_loss_0.01_1_0/checkpoint-40/images/on_top_of_a_white_rug/
07/09/2024 04:01:46 - INFO - root - Image have been saved in /shenzihe/WD-Disk/output/mit_mascot_bsz_2_loss_0.01_1_0/checkpoint-40/images/on_top_of_a_white_rug/
07/09/2024 04:01:46 - INFO - __main__ - Running validation... 
 Generating 4 images with prompt:red.
07/09/2024 04:01:59 - INFO - root - Image have been saved in /shenzihe/WD-Disk/output/mit_mascot_bsz_2_loss_0.01_1_0/checkpoint-40/images/red/
07/09/2024 04:02:12 - INFO - root - Image have been saved in /shenzihe/WD-Disk/output/mit_mascot_bsz_2_loss_0.01_1_0/checkpoint-40/images/red/
07/09/2024 04:02:25 - INFO - root - Image have been saved in /shenzihe/WD-Disk/output/mit_mascot_bsz_2_loss_0.01_1_0/checkpoint-40/images/red/
07/09/2024 04:02:39 - INFO - root - Image have been saved in /shenzihe/WD-Disk/output/mit_mascot_bsz_2_loss_0.01_1_0/checkpoint-40/images/red/
07/09/2024 04:02:39 - INFO - __main__ - Running validation... 
 Generating 4 images with prompt:purple.
07/09/2024 04:02:52 - INFO - root - Image have been saved in /shenzihe/WD-Disk/output/mit_mascot_bsz_2_loss_0.01_1_0/checkpoint-40/images/purple/
07/09/2024 04:03:05 - INFO - root - Image have been saved in /shenzihe/WD-Disk/output/mit_mascot_bsz_2_loss_0.01_1_0/checkpoint-40/images/purple/
07/09/2024 04:03:19 - INFO - root - Image have been saved in /shenzihe/WD-Disk/output/mit_mascot_bsz_2_loss_0.01_1_0/checkpoint-40/images/purple/
07/09/2024 04:03:32 - INFO - root - Image have been saved in /shenzihe/WD-Disk/output/mit_mascot_bsz_2_loss_0.01_1_0/checkpoint-40/images/purple/
07/09/2024 04:03:32 - INFO - __main__ - Running validation... 
 Generating 4 images with prompt:shiny.
07/09/2024 04:03:45 - INFO - root - Image have been saved in /shenzihe/WD-Disk/output/mit_mascot_bsz_2_loss_0.01_1_0/checkpoint-40/images/shiny/
07/09/2024 04:03:59 - INFO - root - Image have been saved in /shenzihe/WD-Disk/output/mit_mascot_bsz_2_loss_0.01_1_0/checkpoint-40/images/shiny/
07/09/2024 04:04:12 - INFO - root - Image have been saved in /shenzihe/WD-Disk/output/mit_mascot_bsz_2_loss_0.01_1_0/checkpoint-40/images/shiny/
07/09/2024 04:04:25 - INFO - root - Image have been saved in /shenzihe/WD-Disk/output/mit_mascot_bsz_2_loss_0.01_1_0/checkpoint-40/images/shiny/
07/09/2024 04:04:25 - INFO - __main__ - Running validation... 
 Generating 4 images with prompt:wet.
07/09/2024 04:04:39 - INFO - root - Image have been saved in /shenzihe/WD-Disk/output/mit_mascot_bsz_2_loss_0.01_1_0/checkpoint-40/images/wet/
07/09/2024 04:04:52 - INFO - root - Image have been saved in /shenzihe/WD-Disk/output/mit_mascot_bsz_2_loss_0.01_1_0/checkpoint-40/images/wet/
07/09/2024 04:05:05 - INFO - root - Image have been saved in /shenzihe/WD-Disk/output/mit_mascot_bsz_2_loss_0.01_1_0/checkpoint-40/images/wet/
07/09/2024 04:05:18 - INFO - root - Image have been saved in /shenzihe/WD-Disk/output/mit_mascot_bsz_2_loss_0.01_1_0/checkpoint-40/images/wet/
07/09/2024 04:05:18 - INFO - __main__ - Running validation... 
 Generating 4 images with prompt:cube shaped.
07/09/2024 04:05:32 - INFO - root - Image have been saved in /shenzihe/WD-Disk/output/mit_mascot_bsz_2_loss_0.01_1_0/checkpoint-40/images/cube_shaped/
07/09/2024 04:05:45 - INFO - root - Image have been saved in /shenzihe/WD-Disk/output/mit_mascot_bsz_2_loss_0.01_1_0/checkpoint-40/images/cube_shaped/
07/09/2024 04:05:58 - INFO - root - Image have been saved in /shenzihe/WD-Disk/output/mit_mascot_bsz_2_loss_0.01_1_0/checkpoint-40/images/cube_shaped/
07/09/2024 04:06:12 - INFO - root - Image have been saved in /shenzihe/WD-Disk/output/mit_mascot_bsz_2_loss_0.01_1_0/checkpoint-40/images/cube_shaped/
07/09/2024 04:06:14 - INFO - root - {'loss': 0.08676222711801529, 'lr': 0.0001}
07/09/2024 04:06:16 - INFO - root - {'loss': 0.07412608712911606, 'lr': 0.0001}
07/09/2024 04:06:18 - INFO - root - {'loss': 0.2525130808353424, 'lr': 0.0001}
07/09/2024 04:06:20 - INFO - root - {'loss': 0.009453834034502506, 'lr': 0.0001}
07/09/2024 04:06:22 - INFO - root - {'loss': 0.10079456120729446, 'lr': 0.0001}
07/09/2024 04:06:25 - INFO - root - {'loss': 0.09501216560602188, 'lr': 0.0001}
07/09/2024 04:06:27 - INFO - root - {'loss': 0.012224728241562843, 'lr': 0.0001}
07/09/2024 04:06:29 - INFO - root - {'loss': 0.12118682265281677, 'lr': 0.0001}
07/09/2024 04:06:31 - INFO - root - {'loss': 0.1273127943277359, 'lr': 0.0001}
07/09/2024 04:06:33 - INFO - root - {'loss': 0.06869716942310333, 'lr': 0.0001}
07/09/2024 04:06:35 - INFO - root - {'loss': 0.15299822390079498, 'lr': 0.0001}
07/09/2024 04:06:37 - INFO - root - {'loss': 0.26708510518074036, 'lr': 0.0001}
07/09/2024 04:06:39 - INFO - root - {'loss': 0.060040757060050964, 'lr': 0.0001}
07/09/2024 04:06:41 - INFO - root - {'loss': 0.26141268014907837, 'lr': 0.0001}
07/09/2024 04:06:44 - INFO - root - {'loss': 0.13287976384162903, 'lr': 0.0001}
07/09/2024 04:06:46 - INFO - root - {'loss': 0.10372159630060196, 'lr': 0.0001}
07/09/2024 04:06:48 - INFO - root - {'loss': 0.19113749265670776, 'lr': 0.0001}
07/09/2024 04:06:50 - INFO - root - {'loss': 0.025848500430583954, 'lr': 0.0001}
07/09/2024 04:06:52 - INFO - root - {'loss': 0.15976327657699585, 'lr': 0.0001}
07/09/2024 04:06:54 - INFO - root - {'loss': 0.07950876653194427, 'lr': 0.0001}
07/09/2024 04:06:54 - INFO - __main__ - Running validation... 
 Generating 4 images with prompt:in the jungle.
07/09/2024 04:07:07 - INFO - root - Image have been saved in /shenzihe/WD-Disk/output/mit_mascot_bsz_2_loss_0.01_1_0/checkpoint-60/images/in_the_jungle/
07/09/2024 04:07:21 - INFO - root - Image have been saved in /shenzihe/WD-Disk/output/mit_mascot_bsz_2_loss_0.01_1_0/checkpoint-60/images/in_the_jungle/
07/09/2024 04:07:34 - INFO - root - Image have been saved in /shenzihe/WD-Disk/output/mit_mascot_bsz_2_loss_0.01_1_0/checkpoint-60/images/in_the_jungle/
07/09/2024 04:07:47 - INFO - root - Image have been saved in /shenzihe/WD-Disk/output/mit_mascot_bsz_2_loss_0.01_1_0/checkpoint-60/images/in_the_jungle/
07/09/2024 04:07:47 - INFO - __main__ - Running validation... 
 Generating 4 images with prompt:in the snow.
07/09/2024 04:08:00 - INFO - root - Image have been saved in /shenzihe/WD-Disk/output/mit_mascot_bsz_2_loss_0.01_1_0/checkpoint-60/images/in_the_snow/
07/09/2024 04:08:14 - INFO - root - Image have been saved in /shenzihe/WD-Disk/output/mit_mascot_bsz_2_loss_0.01_1_0/checkpoint-60/images/in_the_snow/
07/09/2024 04:08:27 - INFO - root - Image have been saved in /shenzihe/WD-Disk/output/mit_mascot_bsz_2_loss_0.01_1_0/checkpoint-60/images/in_the_snow/
07/09/2024 04:08:40 - INFO - root - Image have been saved in /shenzihe/WD-Disk/output/mit_mascot_bsz_2_loss_0.01_1_0/checkpoint-60/images/in_the_snow/
07/09/2024 04:08:40 - INFO - __main__ - Running validation... 
 Generating 4 images with prompt:on the beach.
07/09/2024 04:08:53 - INFO - root - Image have been saved in /shenzihe/WD-Disk/output/mit_mascot_bsz_2_loss_0.01_1_0/checkpoint-60/images/on_the_beach/
07/09/2024 04:09:07 - INFO - root - Image have been saved in /shenzihe/WD-Disk/output/mit_mascot_bsz_2_loss_0.01_1_0/checkpoint-60/images/on_the_beach/
07/09/2024 04:09:20 - INFO - root - Image have been saved in /shenzihe/WD-Disk/output/mit_mascot_bsz_2_loss_0.01_1_0/checkpoint-60/images/on_the_beach/
07/09/2024 04:09:33 - INFO - root - Image have been saved in /shenzihe/WD-Disk/output/mit_mascot_bsz_2_loss_0.01_1_0/checkpoint-60/images/on_the_beach/
07/09/2024 04:09:33 - INFO - __main__ - Running validation... 
 Generating 4 images with prompt:on a cobblestone street.
07/09/2024 04:09:47 - INFO - root - Image have been saved in /shenzihe/WD-Disk/output/mit_mascot_bsz_2_loss_0.01_1_0/checkpoint-60/images/on_a_cobblestone_street/
07/09/2024 04:10:00 - INFO - root - Image have been saved in /shenzihe/WD-Disk/output/mit_mascot_bsz_2_loss_0.01_1_0/checkpoint-60/images/on_a_cobblestone_street/
07/09/2024 04:10:13 - INFO - root - Image have been saved in /shenzihe/WD-Disk/output/mit_mascot_bsz_2_loss_0.01_1_0/checkpoint-60/images/on_a_cobblestone_street/
07/09/2024 04:10:27 - INFO - root - Image have been saved in /shenzihe/WD-Disk/output/mit_mascot_bsz_2_loss_0.01_1_0/checkpoint-60/images/on_a_cobblestone_street/
07/09/2024 04:10:27 - INFO - __main__ - Running validation... 
 Generating 4 images with prompt:on top of pink fabric.
07/09/2024 04:10:40 - INFO - root - Image have been saved in /shenzihe/WD-Disk/output/mit_mascot_bsz_2_loss_0.01_1_0/checkpoint-60/images/on_top_of_pink_fabric/
07/09/2024 04:10:53 - INFO - root - Image have been saved in /shenzihe/WD-Disk/output/mit_mascot_bsz_2_loss_0.01_1_0/checkpoint-60/images/on_top_of_pink_fabric/
07/09/2024 04:11:06 - INFO - root - Image have been saved in /shenzihe/WD-Disk/output/mit_mascot_bsz_2_loss_0.01_1_0/checkpoint-60/images/on_top_of_pink_fabric/
07/09/2024 04:11:20 - INFO - root - Image have been saved in /shenzihe/WD-Disk/output/mit_mascot_bsz_2_loss_0.01_1_0/checkpoint-60/images/on_top_of_pink_fabric/
07/09/2024 04:11:20 - INFO - __main__ - Running validation... 
 Generating 4 images with prompt:on top of a wooden floor.
07/09/2024 04:11:33 - INFO - root - Image have been saved in /shenzihe/WD-Disk/output/mit_mascot_bsz_2_loss_0.01_1_0/checkpoint-60/images/on_top_of_a_wooden_floor/
07/09/2024 04:11:46 - INFO - root - Image have been saved in /shenzihe/WD-Disk/output/mit_mascot_bsz_2_loss_0.01_1_0/checkpoint-60/images/on_top_of_a_wooden_floor/
07/09/2024 04:12:00 - INFO - root - Image have been saved in /shenzihe/WD-Disk/output/mit_mascot_bsz_2_loss_0.01_1_0/checkpoint-60/images/on_top_of_a_wooden_floor/
07/09/2024 04:12:13 - INFO - root - Image have been saved in /shenzihe/WD-Disk/output/mit_mascot_bsz_2_loss_0.01_1_0/checkpoint-60/images/on_top_of_a_wooden_floor/
07/09/2024 04:12:13 - INFO - __main__ - Running validation... 
 Generating 4 images with prompt:with a city in the background.
07/09/2024 04:12:26 - INFO - root - Image have been saved in /shenzihe/WD-Disk/output/mit_mascot_bsz_2_loss_0.01_1_0/checkpoint-60/images/with_a_city_in_the_background/
07/09/2024 04:12:40 - INFO - root - Image have been saved in /shenzihe/WD-Disk/output/mit_mascot_bsz_2_loss_0.01_1_0/checkpoint-60/images/with_a_city_in_the_background/
07/09/2024 04:12:53 - INFO - root - Image have been saved in /shenzihe/WD-Disk/output/mit_mascot_bsz_2_loss_0.01_1_0/checkpoint-60/images/with_a_city_in_the_background/
07/09/2024 04:13:06 - INFO - root - Image have been saved in /shenzihe/WD-Disk/output/mit_mascot_bsz_2_loss_0.01_1_0/checkpoint-60/images/with_a_city_in_the_background/
07/09/2024 04:13:06 - INFO - __main__ - Running validation... 
 Generating 4 images with prompt:with a mountain in the background.
07/09/2024 04:13:20 - INFO - root - Image have been saved in /shenzihe/WD-Disk/output/mit_mascot_bsz_2_loss_0.01_1_0/checkpoint-60/images/with_a_mountain_in_the_background/
07/09/2024 04:13:33 - INFO - root - Image have been saved in /shenzihe/WD-Disk/output/mit_mascot_bsz_2_loss_0.01_1_0/checkpoint-60/images/with_a_mountain_in_the_background/
07/09/2024 04:13:46 - INFO - root - Image have been saved in /shenzihe/WD-Disk/output/mit_mascot_bsz_2_loss_0.01_1_0/checkpoint-60/images/with_a_mountain_in_the_background/
07/09/2024 04:14:00 - INFO - root - Image have been saved in /shenzihe/WD-Disk/output/mit_mascot_bsz_2_loss_0.01_1_0/checkpoint-60/images/with_a_mountain_in_the_background/
07/09/2024 04:14:00 - INFO - __main__ - Running validation... 
 Generating 4 images with prompt:with a blue house in the background.
07/09/2024 04:14:13 - INFO - root - Image have been saved in /shenzihe/WD-Disk/output/mit_mascot_bsz_2_loss_0.01_1_0/checkpoint-60/images/with_a_blue_house_in_the_background/
07/09/2024 04:14:26 - INFO - root - Image have been saved in /shenzihe/WD-Disk/output/mit_mascot_bsz_2_loss_0.01_1_0/checkpoint-60/images/with_a_blue_house_in_the_background/
07/09/2024 04:14:40 - INFO - root - Image have been saved in /shenzihe/WD-Disk/output/mit_mascot_bsz_2_loss_0.01_1_0/checkpoint-60/images/with_a_blue_house_in_the_background/
07/09/2024 04:14:53 - INFO - root - Image have been saved in /shenzihe/WD-Disk/output/mit_mascot_bsz_2_loss_0.01_1_0/checkpoint-60/images/with_a_blue_house_in_the_background/
07/09/2024 04:14:53 - INFO - __main__ - Running validation... 
 Generating 4 images with prompt:on top of a purple rug in a forest.
07/09/2024 04:15:06 - INFO - root - Image have been saved in /shenzihe/WD-Disk/output/mit_mascot_bsz_2_loss_0.01_1_0/checkpoint-60/images/on_top_of_a_purple_rug_in_a_forest/
07/09/2024 04:15:19 - INFO - root - Image have been saved in /shenzihe/WD-Disk/output/mit_mascot_bsz_2_loss_0.01_1_0/checkpoint-60/images/on_top_of_a_purple_rug_in_a_forest/
07/09/2024 04:15:33 - INFO - root - Image have been saved in /shenzihe/WD-Disk/output/mit_mascot_bsz_2_loss_0.01_1_0/checkpoint-60/images/on_top_of_a_purple_rug_in_a_forest/
07/09/2024 04:15:46 - INFO - root - Image have been saved in /shenzihe/WD-Disk/output/mit_mascot_bsz_2_loss_0.01_1_0/checkpoint-60/images/on_top_of_a_purple_rug_in_a_forest/
07/09/2024 04:15:46 - INFO - __main__ - Running validation... 
 Generating 4 images with prompt:with a wheat field in the background.
07/09/2024 04:15:59 - INFO - root - Image have been saved in /shenzihe/WD-Disk/output/mit_mascot_bsz_2_loss_0.01_1_0/checkpoint-60/images/with_a_wheat_field_in_the_background/
07/09/2024 04:16:13 - INFO - root - Image have been saved in /shenzihe/WD-Disk/output/mit_mascot_bsz_2_loss_0.01_1_0/checkpoint-60/images/with_a_wheat_field_in_the_background/
07/09/2024 04:16:26 - INFO - root - Image have been saved in /shenzihe/WD-Disk/output/mit_mascot_bsz_2_loss_0.01_1_0/checkpoint-60/images/with_a_wheat_field_in_the_background/
07/09/2024 04:16:40 - INFO - root - Image have been saved in /shenzihe/WD-Disk/output/mit_mascot_bsz_2_loss_0.01_1_0/checkpoint-60/images/with_a_wheat_field_in_the_background/
07/09/2024 04:16:40 - INFO - __main__ - Running validation... 
 Generating 4 images with prompt:with a tree and autumn leaves in the background.
07/09/2024 04:16:53 - INFO - root - Image have been saved in /shenzihe/WD-Disk/output/mit_mascot_bsz_2_loss_0.01_1_0/checkpoint-60/images/with_a_tree_and_autumn_leaves_in_the_background/
07/09/2024 04:17:06 - INFO - root - Image have been saved in /shenzihe/WD-Disk/output/mit_mascot_bsz_2_loss_0.01_1_0/checkpoint-60/images/with_a_tree_and_autumn_leaves_in_the_background/
07/09/2024 04:17:19 - INFO - root - Image have been saved in /shenzihe/WD-Disk/output/mit_mascot_bsz_2_loss_0.01_1_0/checkpoint-60/images/with_a_tree_and_autumn_leaves_in_the_background/
07/09/2024 04:17:33 - INFO - root - Image have been saved in /shenzihe/WD-Disk/output/mit_mascot_bsz_2_loss_0.01_1_0/checkpoint-60/images/with_a_tree_and_autumn_leaves_in_the_background/
07/09/2024 04:17:33 - INFO - __main__ - Running validation... 
 Generating 4 images with prompt:with the Eiffel Tower in the background.
07/09/2024 04:17:46 - INFO - root - Image have been saved in /shenzihe/WD-Disk/output/mit_mascot_bsz_2_loss_0.01_1_0/checkpoint-60/images/with_the_Eiffel_Tower_in_the_background/
07/09/2024 04:17:59 - INFO - root - Image have been saved in /shenzihe/WD-Disk/output/mit_mascot_bsz_2_loss_0.01_1_0/checkpoint-60/images/with_the_Eiffel_Tower_in_the_background/
07/09/2024 04:18:13 - INFO - root - Image have been saved in /shenzihe/WD-Disk/output/mit_mascot_bsz_2_loss_0.01_1_0/checkpoint-60/images/with_the_Eiffel_Tower_in_the_background/
07/09/2024 04:18:26 - INFO - root - Image have been saved in /shenzihe/WD-Disk/output/mit_mascot_bsz_2_loss_0.01_1_0/checkpoint-60/images/with_the_Eiffel_Tower_in_the_background/
07/09/2024 04:18:26 - INFO - __main__ - Running validation... 
 Generating 4 images with prompt:floating on top of water.
07/09/2024 04:18:39 - INFO - root - Image have been saved in /shenzihe/WD-Disk/output/mit_mascot_bsz_2_loss_0.01_1_0/checkpoint-60/images/floating_on_top_of_water/
07/09/2024 04:18:53 - INFO - root - Image have been saved in /shenzihe/WD-Disk/output/mit_mascot_bsz_2_loss_0.01_1_0/checkpoint-60/images/floating_on_top_of_water/
07/09/2024 04:19:06 - INFO - root - Image have been saved in /shenzihe/WD-Disk/output/mit_mascot_bsz_2_loss_0.01_1_0/checkpoint-60/images/floating_on_top_of_water/
07/09/2024 04:19:19 - INFO - root - Image have been saved in /shenzihe/WD-Disk/output/mit_mascot_bsz_2_loss_0.01_1_0/checkpoint-60/images/floating_on_top_of_water/
07/09/2024 04:19:19 - INFO - __main__ - Running validation... 
 Generating 4 images with prompt:floating in an ocean of milk.
07/09/2024 04:19:33 - INFO - root - Image have been saved in /shenzihe/WD-Disk/output/mit_mascot_bsz_2_loss_0.01_1_0/checkpoint-60/images/floating_in_an_ocean_of_milk/
07/09/2024 04:19:46 - INFO - root - Image have been saved in /shenzihe/WD-Disk/output/mit_mascot_bsz_2_loss_0.01_1_0/checkpoint-60/images/floating_in_an_ocean_of_milk/
07/09/2024 04:19:59 - INFO - root - Image have been saved in /shenzihe/WD-Disk/output/mit_mascot_bsz_2_loss_0.01_1_0/checkpoint-60/images/floating_in_an_ocean_of_milk/
07/09/2024 04:20:12 - INFO - root - Image have been saved in /shenzihe/WD-Disk/output/mit_mascot_bsz_2_loss_0.01_1_0/checkpoint-60/images/floating_in_an_ocean_of_milk/
07/09/2024 04:20:12 - INFO - __main__ - Running validation... 
 Generating 4 images with prompt:on top of green grass with sunflowers around it.
07/09/2024 04:20:26 - INFO - root - Image have been saved in /shenzihe/WD-Disk/output/mit_mascot_bsz_2_loss_0.01_1_0/checkpoint-60/images/on_top_of_green_grass_with_sunflowers_around_it/
07/09/2024 04:20:39 - INFO - root - Image have been saved in /shenzihe/WD-Disk/output/mit_mascot_bsz_2_loss_0.01_1_0/checkpoint-60/images/on_top_of_green_grass_with_sunflowers_around_it/
07/09/2024 04:20:52 - INFO - root - Image have been saved in /shenzihe/WD-Disk/output/mit_mascot_bsz_2_loss_0.01_1_0/checkpoint-60/images/on_top_of_green_grass_with_sunflowers_around_it/
07/09/2024 04:21:06 - INFO - root - Image have been saved in /shenzihe/WD-Disk/output/mit_mascot_bsz_2_loss_0.01_1_0/checkpoint-60/images/on_top_of_green_grass_with_sunflowers_around_it/
07/09/2024 04:21:06 - INFO - __main__ - Running validation... 
 Generating 4 images with prompt:on top of a mirror.
07/09/2024 04:21:19 - INFO - root - Image have been saved in /shenzihe/WD-Disk/output/mit_mascot_bsz_2_loss_0.01_1_0/checkpoint-60/images/on_top_of_a_mirror/
07/09/2024 04:21:32 - INFO - root - Image have been saved in /shenzihe/WD-Disk/output/mit_mascot_bsz_2_loss_0.01_1_0/checkpoint-60/images/on_top_of_a_mirror/
07/09/2024 04:21:46 - INFO - root - Image have been saved in /shenzihe/WD-Disk/output/mit_mascot_bsz_2_loss_0.01_1_0/checkpoint-60/images/on_top_of_a_mirror/
07/09/2024 04:21:59 - INFO - root - Image have been saved in /shenzihe/WD-Disk/output/mit_mascot_bsz_2_loss_0.01_1_0/checkpoint-60/images/on_top_of_a_mirror/
07/09/2024 04:21:59 - INFO - __main__ - Running validation... 
 Generating 4 images with prompt:on top of the sidewalk in a crowded street.
07/09/2024 04:22:12 - INFO - root - Image have been saved in /shenzihe/WD-Disk/output/mit_mascot_bsz_2_loss_0.01_1_0/checkpoint-60/images/on_top_of_the_sidewalk_in_a_crowded_street/
07/09/2024 04:22:26 - INFO - root - Image have been saved in /shenzihe/WD-Disk/output/mit_mascot_bsz_2_loss_0.01_1_0/checkpoint-60/images/on_top_of_the_sidewalk_in_a_crowded_street/
07/09/2024 04:22:39 - INFO - root - Image have been saved in /shenzihe/WD-Disk/output/mit_mascot_bsz_2_loss_0.01_1_0/checkpoint-60/images/on_top_of_the_sidewalk_in_a_crowded_street/
07/09/2024 04:22:52 - INFO - root - Image have been saved in /shenzihe/WD-Disk/output/mit_mascot_bsz_2_loss_0.01_1_0/checkpoint-60/images/on_top_of_the_sidewalk_in_a_crowded_street/
07/09/2024 04:22:52 - INFO - __main__ - Running validation... 
 Generating 4 images with prompt:on top of a dirt road.
07/09/2024 04:23:05 - INFO - root - Image have been saved in /shenzihe/WD-Disk/output/mit_mascot_bsz_2_loss_0.01_1_0/checkpoint-60/images/on_top_of_a_dirt_road/
07/09/2024 04:23:19 - INFO - root - Image have been saved in /shenzihe/WD-Disk/output/mit_mascot_bsz_2_loss_0.01_1_0/checkpoint-60/images/on_top_of_a_dirt_road/
07/09/2024 04:23:32 - INFO - root - Image have been saved in /shenzihe/WD-Disk/output/mit_mascot_bsz_2_loss_0.01_1_0/checkpoint-60/images/on_top_of_a_dirt_road/
07/09/2024 04:23:45 - INFO - root - Image have been saved in /shenzihe/WD-Disk/output/mit_mascot_bsz_2_loss_0.01_1_0/checkpoint-60/images/on_top_of_a_dirt_road/
07/09/2024 04:23:45 - INFO - __main__ - Running validation... 
 Generating 4 images with prompt:on top of a white rug.
07/09/2024 04:23:59 - INFO - root - Image have been saved in /shenzihe/WD-Disk/output/mit_mascot_bsz_2_loss_0.01_1_0/checkpoint-60/images/on_top_of_a_white_rug/
07/09/2024 04:24:12 - INFO - root - Image have been saved in /shenzihe/WD-Disk/output/mit_mascot_bsz_2_loss_0.01_1_0/checkpoint-60/images/on_top_of_a_white_rug/
07/09/2024 04:24:25 - INFO - root - Image have been saved in /shenzihe/WD-Disk/output/mit_mascot_bsz_2_loss_0.01_1_0/checkpoint-60/images/on_top_of_a_white_rug/
07/09/2024 04:24:39 - INFO - root - Image have been saved in /shenzihe/WD-Disk/output/mit_mascot_bsz_2_loss_0.01_1_0/checkpoint-60/images/on_top_of_a_white_rug/
07/09/2024 04:24:39 - INFO - __main__ - Running validation... 
 Generating 4 images with prompt:red.
07/09/2024 04:24:52 - INFO - root - Image have been saved in /shenzihe/WD-Disk/output/mit_mascot_bsz_2_loss_0.01_1_0/checkpoint-60/images/red/
07/09/2024 04:25:05 - INFO - root - Image have been saved in /shenzihe/WD-Disk/output/mit_mascot_bsz_2_loss_0.01_1_0/checkpoint-60/images/red/
07/09/2024 04:25:19 - INFO - root - Image have been saved in /shenzihe/WD-Disk/output/mit_mascot_bsz_2_loss_0.01_1_0/checkpoint-60/images/red/
07/09/2024 04:25:32 - INFO - root - Image have been saved in /shenzihe/WD-Disk/output/mit_mascot_bsz_2_loss_0.01_1_0/checkpoint-60/images/red/
07/09/2024 04:25:32 - INFO - __main__ - Running validation... 
 Generating 4 images with prompt:purple.
07/09/2024 04:25:45 - INFO - root - Image have been saved in /shenzihe/WD-Disk/output/mit_mascot_bsz_2_loss_0.01_1_0/checkpoint-60/images/purple/
07/09/2024 04:25:59 - INFO - root - Image have been saved in /shenzihe/WD-Disk/output/mit_mascot_bsz_2_loss_0.01_1_0/checkpoint-60/images/purple/
07/09/2024 04:26:12 - INFO - root - Image have been saved in /shenzihe/WD-Disk/output/mit_mascot_bsz_2_loss_0.01_1_0/checkpoint-60/images/purple/
07/09/2024 04:26:25 - INFO - root - Image have been saved in /shenzihe/WD-Disk/output/mit_mascot_bsz_2_loss_0.01_1_0/checkpoint-60/images/purple/
07/09/2024 04:26:25 - INFO - __main__ - Running validation... 
 Generating 4 images with prompt:shiny.
07/09/2024 04:26:38 - INFO - root - Image have been saved in /shenzihe/WD-Disk/output/mit_mascot_bsz_2_loss_0.01_1_0/checkpoint-60/images/shiny/
07/09/2024 04:26:52 - INFO - root - Image have been saved in /shenzihe/WD-Disk/output/mit_mascot_bsz_2_loss_0.01_1_0/checkpoint-60/images/shiny/
07/09/2024 04:27:05 - INFO - root - Image have been saved in /shenzihe/WD-Disk/output/mit_mascot_bsz_2_loss_0.01_1_0/checkpoint-60/images/shiny/
07/09/2024 04:27:18 - INFO - root - Image have been saved in /shenzihe/WD-Disk/output/mit_mascot_bsz_2_loss_0.01_1_0/checkpoint-60/images/shiny/
07/09/2024 04:27:18 - INFO - __main__ - Running validation... 
 Generating 4 images with prompt:wet.
07/09/2024 04:27:32 - INFO - root - Image have been saved in /shenzihe/WD-Disk/output/mit_mascot_bsz_2_loss_0.01_1_0/checkpoint-60/images/wet/
07/09/2024 04:27:45 - INFO - root - Image have been saved in /shenzihe/WD-Disk/output/mit_mascot_bsz_2_loss_0.01_1_0/checkpoint-60/images/wet/
07/09/2024 04:27:58 - INFO - root - Image have been saved in /shenzihe/WD-Disk/output/mit_mascot_bsz_2_loss_0.01_1_0/checkpoint-60/images/wet/
07/09/2024 04:28:12 - INFO - root - Image have been saved in /shenzihe/WD-Disk/output/mit_mascot_bsz_2_loss_0.01_1_0/checkpoint-60/images/wet/
07/09/2024 04:28:12 - INFO - __main__ - Running validation... 
 Generating 4 images with prompt:cube shaped.
07/09/2024 04:28:25 - INFO - root - Image have been saved in /shenzihe/WD-Disk/output/mit_mascot_bsz_2_loss_0.01_1_0/checkpoint-60/images/cube_shaped/
07/09/2024 04:28:38 - INFO - root - Image have been saved in /shenzihe/WD-Disk/output/mit_mascot_bsz_2_loss_0.01_1_0/checkpoint-60/images/cube_shaped/
07/09/2024 04:28:52 - INFO - root - Image have been saved in /shenzihe/WD-Disk/output/mit_mascot_bsz_2_loss_0.01_1_0/checkpoint-60/images/cube_shaped/
07/09/2024 04:29:05 - INFO - root - Image have been saved in /shenzihe/WD-Disk/output/mit_mascot_bsz_2_loss_0.01_1_0/checkpoint-60/images/cube_shaped/
