07/09/2024 02:11:01 - INFO - __main__ - Distributed environment: NO
Num processes: 1
Process index: 0
Local process index: 0
Device: cuda

Mixed precision type: no

07/09/2024 02:11:01 - WARNING - py.warnings - /shenzihe/venv/lib/python3.10/site-packages/huggingface_hub/file_download.py:1132: FutureWarning: `resume_download` is deprecated and will be removed in version 1.0.0. Downloads always resume when possible. If you want to force a new download, use `force_download=True`.
  warnings.warn(

07/09/2024 02:11:03 - INFO - root - freeze vision encoder
07/09/2024 02:11:06 - INFO - root - Loaded ViT-H-14 model config.
07/09/2024 02:11:11 - INFO - root - Loading pretrained ViT-H-14 weights (laion2b_s32b_b79k).
07/09/2024 02:11:13 - WARNING - py.warnings - /shenzihe/venv/lib/python3.10/site-packages/diffusers/configuration_utils.py:215: FutureWarning: It is deprecated to pass a pretrained model name or path to `from_config`.If you were trying to load a scheduler, please use <class 'diffusers.schedulers.scheduling_ddpm.DDPMScheduler'>.from_pretrained(...) instead. Otherwise, please make sure to pass a configuration dictionary instead. This functionality will be removed in v1.0.0.
  deprecate("config-passed-as-path", "1.0.0", deprecation_message, standard_warn=False)

07/09/2024 02:11:14 - INFO - root - Loading pretrained model from /root/.cache/torch/hub/checkpoints/blip-diffusion
07/09/2024 02:11:14 - INFO - root - Loading pretrained BLIP2 Qformer weights.
07/09/2024 02:11:15 - INFO - root - Loading pretrained projection lyer weights.
07/09/2024 02:11:15 - INFO - root - Loading pretrained text encoder weights.
07/09/2024 02:11:15 - INFO - root - Loading pretrained vae weights.
07/09/2024 02:11:15 - INFO - root - Loading pretrained unet weights.
07/09/2024 02:11:19 - INFO - root - Using xformers.
07/09/2024 02:11:19 - INFO - root - Building datasets...
07/09/2024 02:11:19 - INFO - __main__ - 
***** Running training *****
07/09/2024 02:11:19 - INFO - __main__ -   Num examples = 4
07/09/2024 02:11:19 - INFO - __main__ -   Num batches each epoch = 2
07/09/2024 02:11:19 - INFO - __main__ -   Num Epochs = 30
07/09/2024 02:11:19 - INFO - __main__ -   Instantaneous batch size per device = 2
07/09/2024 02:11:19 - INFO - __main__ -   Total train batch size (w. parallel, distributed & accumulation) = 2
07/09/2024 02:11:19 - INFO - __main__ -   Gradient Accumulation steps = 1
07/09/2024 02:11:19 - INFO - __main__ -   Total optimization steps = 60
07/09/2024 02:11:20 - WARNING - py.warnings - /shenzihe/venv/lib/python3.10/site-packages/torch/backends/cuda/__init__.py:342: FutureWarning: torch.backends.cuda.sdp_kernel() is deprecated. In the future, this context manager will be removed. Please see, torch.nn.attention.sdpa_kernel() for the new context manager, with updated signature.
  warnings.warn(

07/09/2024 02:11:23 - INFO - root - {'loss': 0.32891198992729187, 'lr': 0.0001}
07/09/2024 02:11:25 - INFO - root - {'loss': 0.08875687420368195, 'lr': 0.0001}
07/09/2024 02:11:27 - INFO - root - {'loss': 0.48432591557502747, 'lr': 0.0001}
07/09/2024 02:11:29 - INFO - root - {'loss': 0.020872045308351517, 'lr': 0.0001}
07/09/2024 02:11:31 - INFO - root - {'loss': 0.15682926774024963, 'lr': 0.0001}
07/09/2024 02:11:33 - INFO - root - {'loss': 0.2947026491165161, 'lr': 0.0001}
07/09/2024 02:11:35 - INFO - root - {'loss': 0.019972633570432663, 'lr': 0.0001}
07/09/2024 02:11:37 - INFO - root - {'loss': 0.15294915437698364, 'lr': 0.0001}
07/09/2024 02:11:39 - INFO - root - {'loss': 0.2773817181587219, 'lr': 0.0001}
07/09/2024 02:11:41 - INFO - root - {'loss': 0.10721695423126221, 'lr': 0.0001}
07/09/2024 02:11:44 - INFO - root - {'loss': 0.045310139656066895, 'lr': 0.0001}
07/09/2024 02:11:46 - INFO - root - {'loss': 0.010991371236741543, 'lr': 0.0001}
07/09/2024 02:11:48 - INFO - root - {'loss': 0.2475152313709259, 'lr': 0.0001}
07/09/2024 02:11:50 - INFO - root - {'loss': 0.04203153774142265, 'lr': 0.0001}
07/09/2024 02:11:52 - INFO - root - {'loss': 0.03388332948088646, 'lr': 0.0001}
07/09/2024 02:11:54 - INFO - root - {'loss': 0.0885605588555336, 'lr': 0.0001}
07/09/2024 02:11:56 - INFO - root - {'loss': 0.21221725642681122, 'lr': 0.0001}
07/09/2024 02:11:58 - INFO - root - {'loss': 0.0726267471909523, 'lr': 0.0001}
07/09/2024 02:12:01 - INFO - root - {'loss': 0.05614425987005234, 'lr': 0.0001}
07/09/2024 02:12:03 - INFO - root - {'loss': 0.16461452841758728, 'lr': 0.0001}
07/09/2024 02:12:03 - INFO - __main__ - Running validation... 
 Generating 4 images with prompt:in the jungle.
07/09/2024 02:12:03 - WARNING - py.warnings - /shenzihe/multi_BlipDisenBooth/multi_BD.py:646: FutureWarning: Accessing config attribute `in_channels` directly via 'UNet2DConditionModel' object attribute is deprecated. Please access 'in_channels' over 'UNet2DConditionModel's config object instead, e.g. 'unet.config.in_channels'.
  (1, self.unet.in_channels, height // 8, width // 8),

07/09/2024 02:12:03 - WARNING - py.warnings - /shenzihe/multi_BlipDisenBooth/multi_BD.py:652: FutureWarning: Accessing config attribute `in_channels` directly via 'UNet2DConditionModel' object attribute is deprecated. Please access 'in_channels' over 'UNet2DConditionModel's config object instead, e.g. 'unet.config.in_channels'.
  self.unet.in_channels,

07/09/2024 02:12:16 - INFO - root - Image have been saved in /shenzihe/WD-Disk/output/mit_mascot_bsz_2_loss_0.01_1_0.001/checkpoint-20/images/in_the_jungle/
07/09/2024 02:12:29 - INFO - root - Image have been saved in /shenzihe/WD-Disk/output/mit_mascot_bsz_2_loss_0.01_1_0.001/checkpoint-20/images/in_the_jungle/
07/09/2024 02:12:42 - INFO - root - Image have been saved in /shenzihe/WD-Disk/output/mit_mascot_bsz_2_loss_0.01_1_0.001/checkpoint-20/images/in_the_jungle/
07/09/2024 02:12:55 - INFO - root - Image have been saved in /shenzihe/WD-Disk/output/mit_mascot_bsz_2_loss_0.01_1_0.001/checkpoint-20/images/in_the_jungle/
07/09/2024 02:12:55 - INFO - __main__ - Running validation... 
 Generating 4 images with prompt:in the snow.
07/09/2024 02:13:09 - INFO - root - Image have been saved in /shenzihe/WD-Disk/output/mit_mascot_bsz_2_loss_0.01_1_0.001/checkpoint-20/images/in_the_snow/
07/09/2024 02:13:22 - INFO - root - Image have been saved in /shenzihe/WD-Disk/output/mit_mascot_bsz_2_loss_0.01_1_0.001/checkpoint-20/images/in_the_snow/
07/09/2024 02:13:35 - INFO - root - Image have been saved in /shenzihe/WD-Disk/output/mit_mascot_bsz_2_loss_0.01_1_0.001/checkpoint-20/images/in_the_snow/
07/09/2024 02:13:49 - INFO - root - Image have been saved in /shenzihe/WD-Disk/output/mit_mascot_bsz_2_loss_0.01_1_0.001/checkpoint-20/images/in_the_snow/
07/09/2024 02:13:49 - INFO - __main__ - Running validation... 
 Generating 4 images with prompt:on the beach.
07/09/2024 02:14:02 - INFO - root - Image have been saved in /shenzihe/WD-Disk/output/mit_mascot_bsz_2_loss_0.01_1_0.001/checkpoint-20/images/on_the_beach/
07/09/2024 02:14:15 - INFO - root - Image have been saved in /shenzihe/WD-Disk/output/mit_mascot_bsz_2_loss_0.01_1_0.001/checkpoint-20/images/on_the_beach/
07/09/2024 02:14:29 - INFO - root - Image have been saved in /shenzihe/WD-Disk/output/mit_mascot_bsz_2_loss_0.01_1_0.001/checkpoint-20/images/on_the_beach/
07/09/2024 02:14:42 - INFO - root - Image have been saved in /shenzihe/WD-Disk/output/mit_mascot_bsz_2_loss_0.01_1_0.001/checkpoint-20/images/on_the_beach/
07/09/2024 02:14:42 - INFO - __main__ - Running validation... 
 Generating 4 images with prompt:on a cobblestone street.
07/09/2024 02:14:55 - INFO - root - Image have been saved in /shenzihe/WD-Disk/output/mit_mascot_bsz_2_loss_0.01_1_0.001/checkpoint-20/images/on_a_cobblestone_street/
07/09/2024 02:15:09 - INFO - root - Image have been saved in /shenzihe/WD-Disk/output/mit_mascot_bsz_2_loss_0.01_1_0.001/checkpoint-20/images/on_a_cobblestone_street/
07/09/2024 02:15:22 - INFO - root - Image have been saved in /shenzihe/WD-Disk/output/mit_mascot_bsz_2_loss_0.01_1_0.001/checkpoint-20/images/on_a_cobblestone_street/
07/09/2024 02:15:35 - INFO - root - Image have been saved in /shenzihe/WD-Disk/output/mit_mascot_bsz_2_loss_0.01_1_0.001/checkpoint-20/images/on_a_cobblestone_street/
07/09/2024 02:15:35 - INFO - __main__ - Running validation... 
 Generating 4 images with prompt:on top of pink fabric.
07/09/2024 02:15:49 - INFO - root - Image have been saved in /shenzihe/WD-Disk/output/mit_mascot_bsz_2_loss_0.01_1_0.001/checkpoint-20/images/on_top_of_pink_fabric/
07/09/2024 02:16:02 - INFO - root - Image have been saved in /shenzihe/WD-Disk/output/mit_mascot_bsz_2_loss_0.01_1_0.001/checkpoint-20/images/on_top_of_pink_fabric/
07/09/2024 02:16:15 - INFO - root - Image have been saved in /shenzihe/WD-Disk/output/mit_mascot_bsz_2_loss_0.01_1_0.001/checkpoint-20/images/on_top_of_pink_fabric/
07/09/2024 02:16:28 - INFO - root - Image have been saved in /shenzihe/WD-Disk/output/mit_mascot_bsz_2_loss_0.01_1_0.001/checkpoint-20/images/on_top_of_pink_fabric/
07/09/2024 02:16:28 - INFO - __main__ - Running validation... 
 Generating 4 images with prompt:on top of a wooden floor.
07/09/2024 02:16:42 - INFO - root - Image have been saved in /shenzihe/WD-Disk/output/mit_mascot_bsz_2_loss_0.01_1_0.001/checkpoint-20/images/on_top_of_a_wooden_floor/
07/09/2024 02:16:55 - INFO - root - Image have been saved in /shenzihe/WD-Disk/output/mit_mascot_bsz_2_loss_0.01_1_0.001/checkpoint-20/images/on_top_of_a_wooden_floor/
07/09/2024 02:17:08 - INFO - root - Image have been saved in /shenzihe/WD-Disk/output/mit_mascot_bsz_2_loss_0.01_1_0.001/checkpoint-20/images/on_top_of_a_wooden_floor/
07/09/2024 02:17:22 - INFO - root - Image have been saved in /shenzihe/WD-Disk/output/mit_mascot_bsz_2_loss_0.01_1_0.001/checkpoint-20/images/on_top_of_a_wooden_floor/
07/09/2024 02:17:22 - INFO - __main__ - Running validation... 
 Generating 4 images with prompt:with a city in the background.
07/09/2024 02:17:35 - INFO - root - Image have been saved in /shenzihe/WD-Disk/output/mit_mascot_bsz_2_loss_0.01_1_0.001/checkpoint-20/images/with_a_city_in_the_background/
07/09/2024 02:17:48 - INFO - root - Image have been saved in /shenzihe/WD-Disk/output/mit_mascot_bsz_2_loss_0.01_1_0.001/checkpoint-20/images/with_a_city_in_the_background/
07/09/2024 02:18:02 - INFO - root - Image have been saved in /shenzihe/WD-Disk/output/mit_mascot_bsz_2_loss_0.01_1_0.001/checkpoint-20/images/with_a_city_in_the_background/
07/09/2024 02:18:15 - INFO - root - Image have been saved in /shenzihe/WD-Disk/output/mit_mascot_bsz_2_loss_0.01_1_0.001/checkpoint-20/images/with_a_city_in_the_background/
07/09/2024 02:18:15 - INFO - __main__ - Running validation... 
 Generating 4 images with prompt:with a mountain in the background.
07/09/2024 02:18:28 - INFO - root - Image have been saved in /shenzihe/WD-Disk/output/mit_mascot_bsz_2_loss_0.01_1_0.001/checkpoint-20/images/with_a_mountain_in_the_background/
07/09/2024 02:18:41 - INFO - root - Image have been saved in /shenzihe/WD-Disk/output/mit_mascot_bsz_2_loss_0.01_1_0.001/checkpoint-20/images/with_a_mountain_in_the_background/
07/09/2024 02:18:55 - INFO - root - Image have been saved in /shenzihe/WD-Disk/output/mit_mascot_bsz_2_loss_0.01_1_0.001/checkpoint-20/images/with_a_mountain_in_the_background/
07/09/2024 02:19:08 - INFO - root - Image have been saved in /shenzihe/WD-Disk/output/mit_mascot_bsz_2_loss_0.01_1_0.001/checkpoint-20/images/with_a_mountain_in_the_background/
07/09/2024 02:19:08 - INFO - __main__ - Running validation... 
 Generating 4 images with prompt:with a blue house in the background.
07/09/2024 02:19:21 - INFO - root - Image have been saved in /shenzihe/WD-Disk/output/mit_mascot_bsz_2_loss_0.01_1_0.001/checkpoint-20/images/with_a_blue_house_in_the_background/
07/09/2024 02:19:35 - INFO - root - Image have been saved in /shenzihe/WD-Disk/output/mit_mascot_bsz_2_loss_0.01_1_0.001/checkpoint-20/images/with_a_blue_house_in_the_background/
07/09/2024 02:19:48 - INFO - root - Image have been saved in /shenzihe/WD-Disk/output/mit_mascot_bsz_2_loss_0.01_1_0.001/checkpoint-20/images/with_a_blue_house_in_the_background/
07/09/2024 02:20:01 - INFO - root - Image have been saved in /shenzihe/WD-Disk/output/mit_mascot_bsz_2_loss_0.01_1_0.001/checkpoint-20/images/with_a_blue_house_in_the_background/
07/09/2024 02:20:01 - INFO - __main__ - Running validation... 
 Generating 4 images with prompt:on top of a purple rug in a forest.
07/09/2024 02:20:14 - INFO - root - Image have been saved in /shenzihe/WD-Disk/output/mit_mascot_bsz_2_loss_0.01_1_0.001/checkpoint-20/images/on_top_of_a_purple_rug_in_a_forest/
07/09/2024 02:20:28 - INFO - root - Image have been saved in /shenzihe/WD-Disk/output/mit_mascot_bsz_2_loss_0.01_1_0.001/checkpoint-20/images/on_top_of_a_purple_rug_in_a_forest/
07/09/2024 02:20:41 - INFO - root - Image have been saved in /shenzihe/WD-Disk/output/mit_mascot_bsz_2_loss_0.01_1_0.001/checkpoint-20/images/on_top_of_a_purple_rug_in_a_forest/
07/09/2024 02:20:54 - INFO - root - Image have been saved in /shenzihe/WD-Disk/output/mit_mascot_bsz_2_loss_0.01_1_0.001/checkpoint-20/images/on_top_of_a_purple_rug_in_a_forest/
07/09/2024 02:20:54 - INFO - __main__ - Running validation... 
 Generating 4 images with prompt:with a wheat field in the background.
07/09/2024 02:21:08 - INFO - root - Image have been saved in /shenzihe/WD-Disk/output/mit_mascot_bsz_2_loss_0.01_1_0.001/checkpoint-20/images/with_a_wheat_field_in_the_background/
07/09/2024 02:21:21 - INFO - root - Image have been saved in /shenzihe/WD-Disk/output/mit_mascot_bsz_2_loss_0.01_1_0.001/checkpoint-20/images/with_a_wheat_field_in_the_background/
07/09/2024 02:21:34 - INFO - root - Image have been saved in /shenzihe/WD-Disk/output/mit_mascot_bsz_2_loss_0.01_1_0.001/checkpoint-20/images/with_a_wheat_field_in_the_background/
07/09/2024 02:21:48 - INFO - root - Image have been saved in /shenzihe/WD-Disk/output/mit_mascot_bsz_2_loss_0.01_1_0.001/checkpoint-20/images/with_a_wheat_field_in_the_background/
07/09/2024 02:21:48 - INFO - __main__ - Running validation... 
 Generating 4 images with prompt:with a tree and autumn leaves in the background.
07/09/2024 02:22:01 - INFO - root - Image have been saved in /shenzihe/WD-Disk/output/mit_mascot_bsz_2_loss_0.01_1_0.001/checkpoint-20/images/with_a_tree_and_autumn_leaves_in_the_background/
07/09/2024 02:22:14 - INFO - root - Image have been saved in /shenzihe/WD-Disk/output/mit_mascot_bsz_2_loss_0.01_1_0.001/checkpoint-20/images/with_a_tree_and_autumn_leaves_in_the_background/
07/09/2024 02:22:27 - INFO - root - Image have been saved in /shenzihe/WD-Disk/output/mit_mascot_bsz_2_loss_0.01_1_0.001/checkpoint-20/images/with_a_tree_and_autumn_leaves_in_the_background/
07/09/2024 02:22:41 - INFO - root - Image have been saved in /shenzihe/WD-Disk/output/mit_mascot_bsz_2_loss_0.01_1_0.001/checkpoint-20/images/with_a_tree_and_autumn_leaves_in_the_background/
07/09/2024 02:22:41 - INFO - __main__ - Running validation... 
 Generating 4 images with prompt:with the Eiffel Tower in the background.
07/09/2024 02:22:54 - INFO - root - Image have been saved in /shenzihe/WD-Disk/output/mit_mascot_bsz_2_loss_0.01_1_0.001/checkpoint-20/images/with_the_Eiffel_Tower_in_the_background/
07/09/2024 02:23:08 - INFO - root - Image have been saved in /shenzihe/WD-Disk/output/mit_mascot_bsz_2_loss_0.01_1_0.001/checkpoint-20/images/with_the_Eiffel_Tower_in_the_background/
07/09/2024 02:23:21 - INFO - root - Image have been saved in /shenzihe/WD-Disk/output/mit_mascot_bsz_2_loss_0.01_1_0.001/checkpoint-20/images/with_the_Eiffel_Tower_in_the_background/
07/09/2024 02:23:35 - INFO - root - Image have been saved in /shenzihe/WD-Disk/output/mit_mascot_bsz_2_loss_0.01_1_0.001/checkpoint-20/images/with_the_Eiffel_Tower_in_the_background/
07/09/2024 02:23:35 - INFO - __main__ - Running validation... 
 Generating 4 images with prompt:floating on top of water.
07/09/2024 02:23:48 - INFO - root - Image have been saved in /shenzihe/WD-Disk/output/mit_mascot_bsz_2_loss_0.01_1_0.001/checkpoint-20/images/floating_on_top_of_water/
07/09/2024 02:24:01 - INFO - root - Image have been saved in /shenzihe/WD-Disk/output/mit_mascot_bsz_2_loss_0.01_1_0.001/checkpoint-20/images/floating_on_top_of_water/
07/09/2024 02:24:15 - INFO - root - Image have been saved in /shenzihe/WD-Disk/output/mit_mascot_bsz_2_loss_0.01_1_0.001/checkpoint-20/images/floating_on_top_of_water/
07/09/2024 02:24:28 - INFO - root - Image have been saved in /shenzihe/WD-Disk/output/mit_mascot_bsz_2_loss_0.01_1_0.001/checkpoint-20/images/floating_on_top_of_water/
07/09/2024 02:24:28 - INFO - __main__ - Running validation... 
 Generating 4 images with prompt:floating in an ocean of milk.
07/09/2024 02:24:41 - INFO - root - Image have been saved in /shenzihe/WD-Disk/output/mit_mascot_bsz_2_loss_0.01_1_0.001/checkpoint-20/images/floating_in_an_ocean_of_milk/
07/09/2024 02:24:54 - INFO - root - Image have been saved in /shenzihe/WD-Disk/output/mit_mascot_bsz_2_loss_0.01_1_0.001/checkpoint-20/images/floating_in_an_ocean_of_milk/
07/09/2024 02:25:08 - INFO - root - Image have been saved in /shenzihe/WD-Disk/output/mit_mascot_bsz_2_loss_0.01_1_0.001/checkpoint-20/images/floating_in_an_ocean_of_milk/
07/09/2024 02:25:21 - INFO - root - Image have been saved in /shenzihe/WD-Disk/output/mit_mascot_bsz_2_loss_0.01_1_0.001/checkpoint-20/images/floating_in_an_ocean_of_milk/
07/09/2024 02:25:21 - INFO - __main__ - Running validation... 
 Generating 4 images with prompt:on top of green grass with sunflowers around it.
07/09/2024 02:25:34 - INFO - root - Image have been saved in /shenzihe/WD-Disk/output/mit_mascot_bsz_2_loss_0.01_1_0.001/checkpoint-20/images/on_top_of_green_grass_with_sunflowers_around_it/
07/09/2024 02:25:48 - INFO - root - Image have been saved in /shenzihe/WD-Disk/output/mit_mascot_bsz_2_loss_0.01_1_0.001/checkpoint-20/images/on_top_of_green_grass_with_sunflowers_around_it/
07/09/2024 02:26:01 - INFO - root - Image have been saved in /shenzihe/WD-Disk/output/mit_mascot_bsz_2_loss_0.01_1_0.001/checkpoint-20/images/on_top_of_green_grass_with_sunflowers_around_it/
07/09/2024 02:26:14 - INFO - root - Image have been saved in /shenzihe/WD-Disk/output/mit_mascot_bsz_2_loss_0.01_1_0.001/checkpoint-20/images/on_top_of_green_grass_with_sunflowers_around_it/
07/09/2024 02:26:14 - INFO - __main__ - Running validation... 
 Generating 4 images with prompt:on top of a mirror.
07/09/2024 02:26:28 - INFO - root - Image have been saved in /shenzihe/WD-Disk/output/mit_mascot_bsz_2_loss_0.01_1_0.001/checkpoint-20/images/on_top_of_a_mirror/
07/09/2024 02:26:41 - INFO - root - Image have been saved in /shenzihe/WD-Disk/output/mit_mascot_bsz_2_loss_0.01_1_0.001/checkpoint-20/images/on_top_of_a_mirror/
07/09/2024 02:26:54 - INFO - root - Image have been saved in /shenzihe/WD-Disk/output/mit_mascot_bsz_2_loss_0.01_1_0.001/checkpoint-20/images/on_top_of_a_mirror/
07/09/2024 02:27:08 - INFO - root - Image have been saved in /shenzihe/WD-Disk/output/mit_mascot_bsz_2_loss_0.01_1_0.001/checkpoint-20/images/on_top_of_a_mirror/
07/09/2024 02:27:08 - INFO - __main__ - Running validation... 
 Generating 4 images with prompt:on top of the sidewalk in a crowded street.
07/09/2024 02:27:21 - INFO - root - Image have been saved in /shenzihe/WD-Disk/output/mit_mascot_bsz_2_loss_0.01_1_0.001/checkpoint-20/images/on_top_of_the_sidewalk_in_a_crowded_street/
07/09/2024 02:27:34 - INFO - root - Image have been saved in /shenzihe/WD-Disk/output/mit_mascot_bsz_2_loss_0.01_1_0.001/checkpoint-20/images/on_top_of_the_sidewalk_in_a_crowded_street/
07/09/2024 02:27:48 - INFO - root - Image have been saved in /shenzihe/WD-Disk/output/mit_mascot_bsz_2_loss_0.01_1_0.001/checkpoint-20/images/on_top_of_the_sidewalk_in_a_crowded_street/
07/09/2024 02:28:01 - INFO - root - Image have been saved in /shenzihe/WD-Disk/output/mit_mascot_bsz_2_loss_0.01_1_0.001/checkpoint-20/images/on_top_of_the_sidewalk_in_a_crowded_street/
07/09/2024 02:28:01 - INFO - __main__ - Running validation... 
 Generating 4 images with prompt:on top of a dirt road.
07/09/2024 02:28:14 - INFO - root - Image have been saved in /shenzihe/WD-Disk/output/mit_mascot_bsz_2_loss_0.01_1_0.001/checkpoint-20/images/on_top_of_a_dirt_road/
07/09/2024 02:28:27 - INFO - root - Image have been saved in /shenzihe/WD-Disk/output/mit_mascot_bsz_2_loss_0.01_1_0.001/checkpoint-20/images/on_top_of_a_dirt_road/
07/09/2024 02:28:41 - INFO - root - Image have been saved in /shenzihe/WD-Disk/output/mit_mascot_bsz_2_loss_0.01_1_0.001/checkpoint-20/images/on_top_of_a_dirt_road/
07/09/2024 02:28:54 - INFO - root - Image have been saved in /shenzihe/WD-Disk/output/mit_mascot_bsz_2_loss_0.01_1_0.001/checkpoint-20/images/on_top_of_a_dirt_road/
07/09/2024 02:28:54 - INFO - __main__ - Running validation... 
 Generating 4 images with prompt:on top of a white rug.
07/09/2024 02:29:07 - INFO - root - Image have been saved in /shenzihe/WD-Disk/output/mit_mascot_bsz_2_loss_0.01_1_0.001/checkpoint-20/images/on_top_of_a_white_rug/
07/09/2024 02:29:21 - INFO - root - Image have been saved in /shenzihe/WD-Disk/output/mit_mascot_bsz_2_loss_0.01_1_0.001/checkpoint-20/images/on_top_of_a_white_rug/
07/09/2024 02:29:34 - INFO - root - Image have been saved in /shenzihe/WD-Disk/output/mit_mascot_bsz_2_loss_0.01_1_0.001/checkpoint-20/images/on_top_of_a_white_rug/
07/09/2024 02:29:47 - INFO - root - Image have been saved in /shenzihe/WD-Disk/output/mit_mascot_bsz_2_loss_0.01_1_0.001/checkpoint-20/images/on_top_of_a_white_rug/
07/09/2024 02:29:47 - INFO - __main__ - Running validation... 
 Generating 4 images with prompt:red.
07/09/2024 02:30:01 - INFO - root - Image have been saved in /shenzihe/WD-Disk/output/mit_mascot_bsz_2_loss_0.01_1_0.001/checkpoint-20/images/red/
07/09/2024 02:30:14 - INFO - root - Image have been saved in /shenzihe/WD-Disk/output/mit_mascot_bsz_2_loss_0.01_1_0.001/checkpoint-20/images/red/
07/09/2024 02:30:27 - INFO - root - Image have been saved in /shenzihe/WD-Disk/output/mit_mascot_bsz_2_loss_0.01_1_0.001/checkpoint-20/images/red/
07/09/2024 02:30:41 - INFO - root - Image have been saved in /shenzihe/WD-Disk/output/mit_mascot_bsz_2_loss_0.01_1_0.001/checkpoint-20/images/red/
07/09/2024 02:30:41 - INFO - __main__ - Running validation... 
 Generating 4 images with prompt:purple.
07/09/2024 02:30:54 - INFO - root - Image have been saved in /shenzihe/WD-Disk/output/mit_mascot_bsz_2_loss_0.01_1_0.001/checkpoint-20/images/purple/
07/09/2024 02:31:07 - INFO - root - Image have been saved in /shenzihe/WD-Disk/output/mit_mascot_bsz_2_loss_0.01_1_0.001/checkpoint-20/images/purple/
07/09/2024 02:31:20 - INFO - root - Image have been saved in /shenzihe/WD-Disk/output/mit_mascot_bsz_2_loss_0.01_1_0.001/checkpoint-20/images/purple/
07/09/2024 02:31:34 - INFO - root - Image have been saved in /shenzihe/WD-Disk/output/mit_mascot_bsz_2_loss_0.01_1_0.001/checkpoint-20/images/purple/
07/09/2024 02:31:34 - INFO - __main__ - Running validation... 
 Generating 4 images with prompt:shiny.
07/09/2024 02:31:47 - INFO - root - Image have been saved in /shenzihe/WD-Disk/output/mit_mascot_bsz_2_loss_0.01_1_0.001/checkpoint-20/images/shiny/
07/09/2024 02:32:00 - INFO - root - Image have been saved in /shenzihe/WD-Disk/output/mit_mascot_bsz_2_loss_0.01_1_0.001/checkpoint-20/images/shiny/
07/09/2024 02:32:14 - INFO - root - Image have been saved in /shenzihe/WD-Disk/output/mit_mascot_bsz_2_loss_0.01_1_0.001/checkpoint-20/images/shiny/
07/09/2024 02:32:27 - INFO - root - Image have been saved in /shenzihe/WD-Disk/output/mit_mascot_bsz_2_loss_0.01_1_0.001/checkpoint-20/images/shiny/
07/09/2024 02:32:27 - INFO - __main__ - Running validation... 
 Generating 4 images with prompt:wet.
07/09/2024 02:32:40 - INFO - root - Image have been saved in /shenzihe/WD-Disk/output/mit_mascot_bsz_2_loss_0.01_1_0.001/checkpoint-20/images/wet/
07/09/2024 02:32:54 - INFO - root - Image have been saved in /shenzihe/WD-Disk/output/mit_mascot_bsz_2_loss_0.01_1_0.001/checkpoint-20/images/wet/
07/09/2024 02:33:07 - INFO - root - Image have been saved in /shenzihe/WD-Disk/output/mit_mascot_bsz_2_loss_0.01_1_0.001/checkpoint-20/images/wet/
07/09/2024 02:33:20 - INFO - root - Image have been saved in /shenzihe/WD-Disk/output/mit_mascot_bsz_2_loss_0.01_1_0.001/checkpoint-20/images/wet/
07/09/2024 02:33:20 - INFO - __main__ - Running validation... 
 Generating 4 images with prompt:cube shaped.
07/09/2024 02:33:34 - INFO - root - Image have been saved in /shenzihe/WD-Disk/output/mit_mascot_bsz_2_loss_0.01_1_0.001/checkpoint-20/images/cube_shaped/
07/09/2024 02:33:47 - INFO - root - Image have been saved in /shenzihe/WD-Disk/output/mit_mascot_bsz_2_loss_0.01_1_0.001/checkpoint-20/images/cube_shaped/
07/09/2024 02:34:00 - INFO - root - Image have been saved in /shenzihe/WD-Disk/output/mit_mascot_bsz_2_loss_0.01_1_0.001/checkpoint-20/images/cube_shaped/
07/09/2024 02:34:14 - INFO - root - Image have been saved in /shenzihe/WD-Disk/output/mit_mascot_bsz_2_loss_0.01_1_0.001/checkpoint-20/images/cube_shaped/
07/09/2024 02:34:16 - INFO - root - {'loss': 0.016582932323217392, 'lr': 0.0001}
07/09/2024 02:34:18 - INFO - root - {'loss': 0.4365806579589844, 'lr': 0.0001}
07/09/2024 02:34:20 - INFO - root - {'loss': 0.169686421751976, 'lr': 0.0001}
07/09/2024 02:34:22 - INFO - root - {'loss': 0.13596418499946594, 'lr': 0.0001}
07/09/2024 02:34:24 - INFO - root - {'loss': 0.19321824610233307, 'lr': 0.0001}
07/09/2024 02:34:26 - INFO - root - {'loss': 0.10329560190439224, 'lr': 0.0001}
07/09/2024 02:34:29 - INFO - root - {'loss': 0.08870277553796768, 'lr': 0.0001}
07/09/2024 02:34:31 - INFO - root - {'loss': 0.4634484350681305, 'lr': 0.0001}
07/09/2024 02:34:33 - INFO - root - {'loss': 0.45378589630126953, 'lr': 0.0001}
07/09/2024 02:34:35 - INFO - root - {'loss': 0.24489371478557587, 'lr': 0.0001}
07/09/2024 02:34:37 - INFO - root - {'loss': 0.14288194477558136, 'lr': 0.0001}
07/09/2024 02:34:39 - INFO - root - {'loss': 0.21084684133529663, 'lr': 0.0001}
07/09/2024 02:34:41 - INFO - root - {'loss': 0.11660526692867279, 'lr': 0.0001}
07/09/2024 02:34:43 - INFO - root - {'loss': 0.005238392855972052, 'lr': 0.0001}
07/09/2024 02:34:46 - INFO - root - {'loss': 0.16367676854133606, 'lr': 0.0001}
07/09/2024 02:34:48 - INFO - root - {'loss': 0.0534282848238945, 'lr': 0.0001}
07/09/2024 02:34:50 - INFO - root - {'loss': 0.5592527985572815, 'lr': 0.0001}
07/09/2024 02:34:52 - INFO - root - {'loss': 0.5893161296844482, 'lr': 0.0001}
07/09/2024 02:34:54 - INFO - root - {'loss': 0.07851304113864899, 'lr': 0.0001}
07/09/2024 02:34:56 - INFO - root - {'loss': 0.3481522500514984, 'lr': 0.0001}
07/09/2024 02:34:56 - INFO - __main__ - Running validation... 
 Generating 4 images with prompt:in the jungle.
07/09/2024 02:35:09 - INFO - root - Image have been saved in /shenzihe/WD-Disk/output/mit_mascot_bsz_2_loss_0.01_1_0.001/checkpoint-40/images/in_the_jungle/
07/09/2024 02:35:23 - INFO - root - Image have been saved in /shenzihe/WD-Disk/output/mit_mascot_bsz_2_loss_0.01_1_0.001/checkpoint-40/images/in_the_jungle/
07/09/2024 02:35:36 - INFO - root - Image have been saved in /shenzihe/WD-Disk/output/mit_mascot_bsz_2_loss_0.01_1_0.001/checkpoint-40/images/in_the_jungle/
07/09/2024 02:35:49 - INFO - root - Image have been saved in /shenzihe/WD-Disk/output/mit_mascot_bsz_2_loss_0.01_1_0.001/checkpoint-40/images/in_the_jungle/
07/09/2024 02:35:49 - INFO - __main__ - Running validation... 
 Generating 4 images with prompt:in the snow.
07/09/2024 02:36:02 - INFO - root - Image have been saved in /shenzihe/WD-Disk/output/mit_mascot_bsz_2_loss_0.01_1_0.001/checkpoint-40/images/in_the_snow/
07/09/2024 02:36:16 - INFO - root - Image have been saved in /shenzihe/WD-Disk/output/mit_mascot_bsz_2_loss_0.01_1_0.001/checkpoint-40/images/in_the_snow/
07/09/2024 02:36:29 - INFO - root - Image have been saved in /shenzihe/WD-Disk/output/mit_mascot_bsz_2_loss_0.01_1_0.001/checkpoint-40/images/in_the_snow/
07/09/2024 02:36:43 - INFO - root - Image have been saved in /shenzihe/WD-Disk/output/mit_mascot_bsz_2_loss_0.01_1_0.001/checkpoint-40/images/in_the_snow/
07/09/2024 02:36:43 - INFO - __main__ - Running validation... 
 Generating 4 images with prompt:on the beach.
07/09/2024 02:36:56 - INFO - root - Image have been saved in /shenzihe/WD-Disk/output/mit_mascot_bsz_2_loss_0.01_1_0.001/checkpoint-40/images/on_the_beach/
07/09/2024 02:37:09 - INFO - root - Image have been saved in /shenzihe/WD-Disk/output/mit_mascot_bsz_2_loss_0.01_1_0.001/checkpoint-40/images/on_the_beach/
07/09/2024 02:37:23 - INFO - root - Image have been saved in /shenzihe/WD-Disk/output/mit_mascot_bsz_2_loss_0.01_1_0.001/checkpoint-40/images/on_the_beach/
07/09/2024 02:37:36 - INFO - root - Image have been saved in /shenzihe/WD-Disk/output/mit_mascot_bsz_2_loss_0.01_1_0.001/checkpoint-40/images/on_the_beach/
07/09/2024 02:37:36 - INFO - __main__ - Running validation... 
 Generating 4 images with prompt:on a cobblestone street.
07/09/2024 02:37:49 - INFO - root - Image have been saved in /shenzihe/WD-Disk/output/mit_mascot_bsz_2_loss_0.01_1_0.001/checkpoint-40/images/on_a_cobblestone_street/
07/09/2024 02:38:02 - INFO - root - Image have been saved in /shenzihe/WD-Disk/output/mit_mascot_bsz_2_loss_0.01_1_0.001/checkpoint-40/images/on_a_cobblestone_street/
07/09/2024 02:38:16 - INFO - root - Image have been saved in /shenzihe/WD-Disk/output/mit_mascot_bsz_2_loss_0.01_1_0.001/checkpoint-40/images/on_a_cobblestone_street/
07/09/2024 02:38:29 - INFO - root - Image have been saved in /shenzihe/WD-Disk/output/mit_mascot_bsz_2_loss_0.01_1_0.001/checkpoint-40/images/on_a_cobblestone_street/
07/09/2024 02:38:29 - INFO - __main__ - Running validation... 
 Generating 4 images with prompt:on top of pink fabric.
07/09/2024 02:38:42 - INFO - root - Image have been saved in /shenzihe/WD-Disk/output/mit_mascot_bsz_2_loss_0.01_1_0.001/checkpoint-40/images/on_top_of_pink_fabric/
07/09/2024 02:38:56 - INFO - root - Image have been saved in /shenzihe/WD-Disk/output/mit_mascot_bsz_2_loss_0.01_1_0.001/checkpoint-40/images/on_top_of_pink_fabric/
07/09/2024 02:39:09 - INFO - root - Image have been saved in /shenzihe/WD-Disk/output/mit_mascot_bsz_2_loss_0.01_1_0.001/checkpoint-40/images/on_top_of_pink_fabric/
07/09/2024 02:39:22 - INFO - root - Image have been saved in /shenzihe/WD-Disk/output/mit_mascot_bsz_2_loss_0.01_1_0.001/checkpoint-40/images/on_top_of_pink_fabric/
07/09/2024 02:39:22 - INFO - __main__ - Running validation... 
 Generating 4 images with prompt:on top of a wooden floor.
07/09/2024 02:39:36 - INFO - root - Image have been saved in /shenzihe/WD-Disk/output/mit_mascot_bsz_2_loss_0.01_1_0.001/checkpoint-40/images/on_top_of_a_wooden_floor/
07/09/2024 02:39:49 - INFO - root - Image have been saved in /shenzihe/WD-Disk/output/mit_mascot_bsz_2_loss_0.01_1_0.001/checkpoint-40/images/on_top_of_a_wooden_floor/
07/09/2024 02:40:02 - INFO - root - Image have been saved in /shenzihe/WD-Disk/output/mit_mascot_bsz_2_loss_0.01_1_0.001/checkpoint-40/images/on_top_of_a_wooden_floor/
07/09/2024 02:40:16 - INFO - root - Image have been saved in /shenzihe/WD-Disk/output/mit_mascot_bsz_2_loss_0.01_1_0.001/checkpoint-40/images/on_top_of_a_wooden_floor/
07/09/2024 02:40:16 - INFO - __main__ - Running validation... 
 Generating 4 images with prompt:with a city in the background.
07/09/2024 02:40:29 - INFO - root - Image have been saved in /shenzihe/WD-Disk/output/mit_mascot_bsz_2_loss_0.01_1_0.001/checkpoint-40/images/with_a_city_in_the_background/
07/09/2024 02:40:42 - INFO - root - Image have been saved in /shenzihe/WD-Disk/output/mit_mascot_bsz_2_loss_0.01_1_0.001/checkpoint-40/images/with_a_city_in_the_background/
07/09/2024 02:40:56 - INFO - root - Image have been saved in /shenzihe/WD-Disk/output/mit_mascot_bsz_2_loss_0.01_1_0.001/checkpoint-40/images/with_a_city_in_the_background/
07/09/2024 02:41:09 - INFO - root - Image have been saved in /shenzihe/WD-Disk/output/mit_mascot_bsz_2_loss_0.01_1_0.001/checkpoint-40/images/with_a_city_in_the_background/
07/09/2024 02:41:09 - INFO - __main__ - Running validation... 
 Generating 4 images with prompt:with a mountain in the background.
07/09/2024 02:41:22 - INFO - root - Image have been saved in /shenzihe/WD-Disk/output/mit_mascot_bsz_2_loss_0.01_1_0.001/checkpoint-40/images/with_a_mountain_in_the_background/
07/09/2024 02:41:35 - INFO - root - Image have been saved in /shenzihe/WD-Disk/output/mit_mascot_bsz_2_loss_0.01_1_0.001/checkpoint-40/images/with_a_mountain_in_the_background/
07/09/2024 02:41:49 - INFO - root - Image have been saved in /shenzihe/WD-Disk/output/mit_mascot_bsz_2_loss_0.01_1_0.001/checkpoint-40/images/with_a_mountain_in_the_background/
07/09/2024 02:42:02 - INFO - root - Image have been saved in /shenzihe/WD-Disk/output/mit_mascot_bsz_2_loss_0.01_1_0.001/checkpoint-40/images/with_a_mountain_in_the_background/
07/09/2024 02:42:02 - INFO - __main__ - Running validation... 
 Generating 4 images with prompt:with a blue house in the background.
07/09/2024 02:42:15 - INFO - root - Image have been saved in /shenzihe/WD-Disk/output/mit_mascot_bsz_2_loss_0.01_1_0.001/checkpoint-40/images/with_a_blue_house_in_the_background/
07/09/2024 02:42:29 - INFO - root - Image have been saved in /shenzihe/WD-Disk/output/mit_mascot_bsz_2_loss_0.01_1_0.001/checkpoint-40/images/with_a_blue_house_in_the_background/
07/09/2024 02:42:42 - INFO - root - Image have been saved in /shenzihe/WD-Disk/output/mit_mascot_bsz_2_loss_0.01_1_0.001/checkpoint-40/images/with_a_blue_house_in_the_background/
07/09/2024 02:42:55 - INFO - root - Image have been saved in /shenzihe/WD-Disk/output/mit_mascot_bsz_2_loss_0.01_1_0.001/checkpoint-40/images/with_a_blue_house_in_the_background/
07/09/2024 02:42:55 - INFO - __main__ - Running validation... 
 Generating 4 images with prompt:on top of a purple rug in a forest.
07/09/2024 02:43:09 - INFO - root - Image have been saved in /shenzihe/WD-Disk/output/mit_mascot_bsz_2_loss_0.01_1_0.001/checkpoint-40/images/on_top_of_a_purple_rug_in_a_forest/
07/09/2024 02:43:22 - INFO - root - Image have been saved in /shenzihe/WD-Disk/output/mit_mascot_bsz_2_loss_0.01_1_0.001/checkpoint-40/images/on_top_of_a_purple_rug_in_a_forest/
07/09/2024 02:43:35 - INFO - root - Image have been saved in /shenzihe/WD-Disk/output/mit_mascot_bsz_2_loss_0.01_1_0.001/checkpoint-40/images/on_top_of_a_purple_rug_in_a_forest/
07/09/2024 02:43:49 - INFO - root - Image have been saved in /shenzihe/WD-Disk/output/mit_mascot_bsz_2_loss_0.01_1_0.001/checkpoint-40/images/on_top_of_a_purple_rug_in_a_forest/
07/09/2024 02:43:49 - INFO - __main__ - Running validation... 
 Generating 4 images with prompt:with a wheat field in the background.
07/09/2024 02:44:02 - INFO - root - Image have been saved in /shenzihe/WD-Disk/output/mit_mascot_bsz_2_loss_0.01_1_0.001/checkpoint-40/images/with_a_wheat_field_in_the_background/
07/09/2024 02:44:15 - INFO - root - Image have been saved in /shenzihe/WD-Disk/output/mit_mascot_bsz_2_loss_0.01_1_0.001/checkpoint-40/images/with_a_wheat_field_in_the_background/
07/09/2024 02:44:28 - INFO - root - Image have been saved in /shenzihe/WD-Disk/output/mit_mascot_bsz_2_loss_0.01_1_0.001/checkpoint-40/images/with_a_wheat_field_in_the_background/
07/09/2024 02:44:42 - INFO - root - Image have been saved in /shenzihe/WD-Disk/output/mit_mascot_bsz_2_loss_0.01_1_0.001/checkpoint-40/images/with_a_wheat_field_in_the_background/
07/09/2024 02:44:42 - INFO - __main__ - Running validation... 
 Generating 4 images with prompt:with a tree and autumn leaves in the background.
07/09/2024 02:44:55 - INFO - root - Image have been saved in /shenzihe/WD-Disk/output/mit_mascot_bsz_2_loss_0.01_1_0.001/checkpoint-40/images/with_a_tree_and_autumn_leaves_in_the_background/
07/09/2024 02:45:08 - INFO - root - Image have been saved in /shenzihe/WD-Disk/output/mit_mascot_bsz_2_loss_0.01_1_0.001/checkpoint-40/images/with_a_tree_and_autumn_leaves_in_the_background/
07/09/2024 02:45:22 - INFO - root - Image have been saved in /shenzihe/WD-Disk/output/mit_mascot_bsz_2_loss_0.01_1_0.001/checkpoint-40/images/with_a_tree_and_autumn_leaves_in_the_background/
07/09/2024 02:45:35 - INFO - root - Image have been saved in /shenzihe/WD-Disk/output/mit_mascot_bsz_2_loss_0.01_1_0.001/checkpoint-40/images/with_a_tree_and_autumn_leaves_in_the_background/
07/09/2024 02:45:35 - INFO - __main__ - Running validation... 
 Generating 4 images with prompt:with the Eiffel Tower in the background.
07/09/2024 02:45:48 - INFO - root - Image have been saved in /shenzihe/WD-Disk/output/mit_mascot_bsz_2_loss_0.01_1_0.001/checkpoint-40/images/with_the_Eiffel_Tower_in_the_background/
07/09/2024 02:46:02 - INFO - root - Image have been saved in /shenzihe/WD-Disk/output/mit_mascot_bsz_2_loss_0.01_1_0.001/checkpoint-40/images/with_the_Eiffel_Tower_in_the_background/
07/09/2024 02:46:15 - INFO - root - Image have been saved in /shenzihe/WD-Disk/output/mit_mascot_bsz_2_loss_0.01_1_0.001/checkpoint-40/images/with_the_Eiffel_Tower_in_the_background/
07/09/2024 02:46:28 - INFO - root - Image have been saved in /shenzihe/WD-Disk/output/mit_mascot_bsz_2_loss_0.01_1_0.001/checkpoint-40/images/with_the_Eiffel_Tower_in_the_background/
07/09/2024 02:46:28 - INFO - __main__ - Running validation... 
 Generating 4 images with prompt:floating on top of water.
07/09/2024 02:46:42 - INFO - root - Image have been saved in /shenzihe/WD-Disk/output/mit_mascot_bsz_2_loss_0.01_1_0.001/checkpoint-40/images/floating_on_top_of_water/
07/09/2024 02:46:55 - INFO - root - Image have been saved in /shenzihe/WD-Disk/output/mit_mascot_bsz_2_loss_0.01_1_0.001/checkpoint-40/images/floating_on_top_of_water/
07/09/2024 02:47:08 - INFO - root - Image have been saved in /shenzihe/WD-Disk/output/mit_mascot_bsz_2_loss_0.01_1_0.001/checkpoint-40/images/floating_on_top_of_water/
07/09/2024 02:47:22 - INFO - root - Image have been saved in /shenzihe/WD-Disk/output/mit_mascot_bsz_2_loss_0.01_1_0.001/checkpoint-40/images/floating_on_top_of_water/
07/09/2024 02:47:22 - INFO - __main__ - Running validation... 
 Generating 4 images with prompt:floating in an ocean of milk.
07/09/2024 02:47:35 - INFO - root - Image have been saved in /shenzihe/WD-Disk/output/mit_mascot_bsz_2_loss_0.01_1_0.001/checkpoint-40/images/floating_in_an_ocean_of_milk/
07/09/2024 02:47:48 - INFO - root - Image have been saved in /shenzihe/WD-Disk/output/mit_mascot_bsz_2_loss_0.01_1_0.001/checkpoint-40/images/floating_in_an_ocean_of_milk/
07/09/2024 02:48:01 - INFO - root - Image have been saved in /shenzihe/WD-Disk/output/mit_mascot_bsz_2_loss_0.01_1_0.001/checkpoint-40/images/floating_in_an_ocean_of_milk/
07/09/2024 02:48:15 - INFO - root - Image have been saved in /shenzihe/WD-Disk/output/mit_mascot_bsz_2_loss_0.01_1_0.001/checkpoint-40/images/floating_in_an_ocean_of_milk/
07/09/2024 02:48:15 - INFO - __main__ - Running validation... 
 Generating 4 images with prompt:on top of green grass with sunflowers around it.
07/09/2024 02:48:28 - INFO - root - Image have been saved in /shenzihe/WD-Disk/output/mit_mascot_bsz_2_loss_0.01_1_0.001/checkpoint-40/images/on_top_of_green_grass_with_sunflowers_around_it/
07/09/2024 02:48:41 - INFO - root - Image have been saved in /shenzihe/WD-Disk/output/mit_mascot_bsz_2_loss_0.01_1_0.001/checkpoint-40/images/on_top_of_green_grass_with_sunflowers_around_it/
07/09/2024 02:48:55 - INFO - root - Image have been saved in /shenzihe/WD-Disk/output/mit_mascot_bsz_2_loss_0.01_1_0.001/checkpoint-40/images/on_top_of_green_grass_with_sunflowers_around_it/
07/09/2024 02:49:08 - INFO - root - Image have been saved in /shenzihe/WD-Disk/output/mit_mascot_bsz_2_loss_0.01_1_0.001/checkpoint-40/images/on_top_of_green_grass_with_sunflowers_around_it/
07/09/2024 02:49:08 - INFO - __main__ - Running validation... 
 Generating 4 images with prompt:on top of a mirror.
07/09/2024 02:49:21 - INFO - root - Image have been saved in /shenzihe/WD-Disk/output/mit_mascot_bsz_2_loss_0.01_1_0.001/checkpoint-40/images/on_top_of_a_mirror/
07/09/2024 02:49:35 - INFO - root - Image have been saved in /shenzihe/WD-Disk/output/mit_mascot_bsz_2_loss_0.01_1_0.001/checkpoint-40/images/on_top_of_a_mirror/
07/09/2024 02:49:48 - INFO - root - Image have been saved in /shenzihe/WD-Disk/output/mit_mascot_bsz_2_loss_0.01_1_0.001/checkpoint-40/images/on_top_of_a_mirror/
07/09/2024 02:50:01 - INFO - root - Image have been saved in /shenzihe/WD-Disk/output/mit_mascot_bsz_2_loss_0.01_1_0.001/checkpoint-40/images/on_top_of_a_mirror/
07/09/2024 02:50:01 - INFO - __main__ - Running validation... 
 Generating 4 images with prompt:on top of the sidewalk in a crowded street.
07/09/2024 02:50:15 - INFO - root - Image have been saved in /shenzihe/WD-Disk/output/mit_mascot_bsz_2_loss_0.01_1_0.001/checkpoint-40/images/on_top_of_the_sidewalk_in_a_crowded_street/
07/09/2024 02:50:28 - INFO - root - Image have been saved in /shenzihe/WD-Disk/output/mit_mascot_bsz_2_loss_0.01_1_0.001/checkpoint-40/images/on_top_of_the_sidewalk_in_a_crowded_street/
07/09/2024 02:50:41 - INFO - root - Image have been saved in /shenzihe/WD-Disk/output/mit_mascot_bsz_2_loss_0.01_1_0.001/checkpoint-40/images/on_top_of_the_sidewalk_in_a_crowded_street/
07/09/2024 02:50:54 - INFO - root - Image have been saved in /shenzihe/WD-Disk/output/mit_mascot_bsz_2_loss_0.01_1_0.001/checkpoint-40/images/on_top_of_the_sidewalk_in_a_crowded_street/
07/09/2024 02:50:54 - INFO - __main__ - Running validation... 
 Generating 4 images with prompt:on top of a dirt road.
07/09/2024 02:51:08 - INFO - root - Image have been saved in /shenzihe/WD-Disk/output/mit_mascot_bsz_2_loss_0.01_1_0.001/checkpoint-40/images/on_top_of_a_dirt_road/
07/09/2024 02:51:21 - INFO - root - Image have been saved in /shenzihe/WD-Disk/output/mit_mascot_bsz_2_loss_0.01_1_0.001/checkpoint-40/images/on_top_of_a_dirt_road/
07/09/2024 02:51:34 - INFO - root - Image have been saved in /shenzihe/WD-Disk/output/mit_mascot_bsz_2_loss_0.01_1_0.001/checkpoint-40/images/on_top_of_a_dirt_road/
07/09/2024 02:51:48 - INFO - root - Image have been saved in /shenzihe/WD-Disk/output/mit_mascot_bsz_2_loss_0.01_1_0.001/checkpoint-40/images/on_top_of_a_dirt_road/
07/09/2024 02:51:48 - INFO - __main__ - Running validation... 
 Generating 4 images with prompt:on top of a white rug.
07/09/2024 02:52:01 - INFO - root - Image have been saved in /shenzihe/WD-Disk/output/mit_mascot_bsz_2_loss_0.01_1_0.001/checkpoint-40/images/on_top_of_a_white_rug/
07/09/2024 02:52:14 - INFO - root - Image have been saved in /shenzihe/WD-Disk/output/mit_mascot_bsz_2_loss_0.01_1_0.001/checkpoint-40/images/on_top_of_a_white_rug/
07/09/2024 02:52:28 - INFO - root - Image have been saved in /shenzihe/WD-Disk/output/mit_mascot_bsz_2_loss_0.01_1_0.001/checkpoint-40/images/on_top_of_a_white_rug/
07/09/2024 02:52:41 - INFO - root - Image have been saved in /shenzihe/WD-Disk/output/mit_mascot_bsz_2_loss_0.01_1_0.001/checkpoint-40/images/on_top_of_a_white_rug/
07/09/2024 02:52:41 - INFO - __main__ - Running validation... 
 Generating 4 images with prompt:red.
07/09/2024 02:52:54 - INFO - root - Image have been saved in /shenzihe/WD-Disk/output/mit_mascot_bsz_2_loss_0.01_1_0.001/checkpoint-40/images/red/
07/09/2024 02:53:08 - INFO - root - Image have been saved in /shenzihe/WD-Disk/output/mit_mascot_bsz_2_loss_0.01_1_0.001/checkpoint-40/images/red/
07/09/2024 02:53:21 - INFO - root - Image have been saved in /shenzihe/WD-Disk/output/mit_mascot_bsz_2_loss_0.01_1_0.001/checkpoint-40/images/red/
07/09/2024 02:53:34 - INFO - root - Image have been saved in /shenzihe/WD-Disk/output/mit_mascot_bsz_2_loss_0.01_1_0.001/checkpoint-40/images/red/
07/09/2024 02:53:34 - INFO - __main__ - Running validation... 
 Generating 4 images with prompt:purple.
07/09/2024 02:53:48 - INFO - root - Image have been saved in /shenzihe/WD-Disk/output/mit_mascot_bsz_2_loss_0.01_1_0.001/checkpoint-40/images/purple/
07/09/2024 02:54:01 - INFO - root - Image have been saved in /shenzihe/WD-Disk/output/mit_mascot_bsz_2_loss_0.01_1_0.001/checkpoint-40/images/purple/
07/09/2024 02:54:14 - INFO - root - Image have been saved in /shenzihe/WD-Disk/output/mit_mascot_bsz_2_loss_0.01_1_0.001/checkpoint-40/images/purple/
07/09/2024 02:54:27 - INFO - root - Image have been saved in /shenzihe/WD-Disk/output/mit_mascot_bsz_2_loss_0.01_1_0.001/checkpoint-40/images/purple/
07/09/2024 02:54:27 - INFO - __main__ - Running validation... 
 Generating 4 images with prompt:shiny.
07/09/2024 02:54:41 - INFO - root - Image have been saved in /shenzihe/WD-Disk/output/mit_mascot_bsz_2_loss_0.01_1_0.001/checkpoint-40/images/shiny/
07/09/2024 02:54:54 - INFO - root - Image have been saved in /shenzihe/WD-Disk/output/mit_mascot_bsz_2_loss_0.01_1_0.001/checkpoint-40/images/shiny/
07/09/2024 02:55:07 - INFO - root - Image have been saved in /shenzihe/WD-Disk/output/mit_mascot_bsz_2_loss_0.01_1_0.001/checkpoint-40/images/shiny/
07/09/2024 02:55:21 - INFO - root - Image have been saved in /shenzihe/WD-Disk/output/mit_mascot_bsz_2_loss_0.01_1_0.001/checkpoint-40/images/shiny/
07/09/2024 02:55:21 - INFO - __main__ - Running validation... 
 Generating 4 images with prompt:wet.
07/09/2024 02:55:34 - INFO - root - Image have been saved in /shenzihe/WD-Disk/output/mit_mascot_bsz_2_loss_0.01_1_0.001/checkpoint-40/images/wet/
07/09/2024 02:55:47 - INFO - root - Image have been saved in /shenzihe/WD-Disk/output/mit_mascot_bsz_2_loss_0.01_1_0.001/checkpoint-40/images/wet/
07/09/2024 02:56:01 - INFO - root - Image have been saved in /shenzihe/WD-Disk/output/mit_mascot_bsz_2_loss_0.01_1_0.001/checkpoint-40/images/wet/
07/09/2024 02:56:14 - INFO - root - Image have been saved in /shenzihe/WD-Disk/output/mit_mascot_bsz_2_loss_0.01_1_0.001/checkpoint-40/images/wet/
07/09/2024 02:56:14 - INFO - __main__ - Running validation... 
 Generating 4 images with prompt:cube shaped.
07/09/2024 02:56:27 - INFO - root - Image have been saved in /shenzihe/WD-Disk/output/mit_mascot_bsz_2_loss_0.01_1_0.001/checkpoint-40/images/cube_shaped/
07/09/2024 02:56:40 - INFO - root - Image have been saved in /shenzihe/WD-Disk/output/mit_mascot_bsz_2_loss_0.01_1_0.001/checkpoint-40/images/cube_shaped/
07/09/2024 02:56:54 - INFO - root - Image have been saved in /shenzihe/WD-Disk/output/mit_mascot_bsz_2_loss_0.01_1_0.001/checkpoint-40/images/cube_shaped/
07/09/2024 02:57:07 - INFO - root - Image have been saved in /shenzihe/WD-Disk/output/mit_mascot_bsz_2_loss_0.01_1_0.001/checkpoint-40/images/cube_shaped/
07/09/2024 02:57:09 - INFO - root - {'loss': 0.08680678904056549, 'lr': 0.0001}
07/09/2024 02:57:11 - INFO - root - {'loss': 0.07418322563171387, 'lr': 0.0001}
07/09/2024 02:57:14 - INFO - root - {'loss': 0.2525951564311981, 'lr': 0.0001}
07/09/2024 02:57:16 - INFO - root - {'loss': 0.009507247246801853, 'lr': 0.0001}
07/09/2024 02:57:18 - INFO - root - {'loss': 0.10085541754961014, 'lr': 0.0001}
07/09/2024 02:57:20 - INFO - root - {'loss': 0.09510499238967896, 'lr': 0.0001}
07/09/2024 02:57:22 - INFO - root - {'loss': 0.012330097146332264, 'lr': 0.0001}
07/09/2024 02:57:24 - INFO - root - {'loss': 0.12124678492546082, 'lr': 0.0001}
07/09/2024 02:57:26 - INFO - root - {'loss': 0.12744882702827454, 'lr': 0.0001}
07/09/2024 02:57:28 - INFO - root - {'loss': 0.06880984455347061, 'lr': 0.0001}
07/09/2024 02:57:31 - INFO - root - {'loss': 0.15298864245414734, 'lr': 0.0001}
07/09/2024 02:57:33 - INFO - root - {'loss': 0.2673261761665344, 'lr': 0.0001}
07/09/2024 02:57:35 - INFO - root - {'loss': 0.059999242424964905, 'lr': 0.0001}
07/09/2024 02:57:37 - INFO - root - {'loss': 0.26153919100761414, 'lr': 0.0001}
07/09/2024 02:57:39 - INFO - root - {'loss': 0.1326558142900467, 'lr': 0.0001}
07/09/2024 02:57:41 - INFO - root - {'loss': 0.10383318364620209, 'lr': 0.0001}
07/09/2024 02:57:43 - INFO - root - {'loss': 0.19148492813110352, 'lr': 0.0001}
07/09/2024 02:57:45 - INFO - root - {'loss': 0.02581101469695568, 'lr': 0.0001}
07/09/2024 02:57:48 - INFO - root - {'loss': 0.15999120473861694, 'lr': 0.0001}
07/09/2024 02:57:50 - INFO - root - {'loss': 0.07963865250349045, 'lr': 0.0001}
07/09/2024 02:57:50 - INFO - __main__ - Running validation... 
 Generating 4 images with prompt:in the jungle.
07/09/2024 02:58:03 - INFO - root - Image have been saved in /shenzihe/WD-Disk/output/mit_mascot_bsz_2_loss_0.01_1_0.001/checkpoint-60/images/in_the_jungle/
07/09/2024 02:58:16 - INFO - root - Image have been saved in /shenzihe/WD-Disk/output/mit_mascot_bsz_2_loss_0.01_1_0.001/checkpoint-60/images/in_the_jungle/
07/09/2024 02:58:29 - INFO - root - Image have been saved in /shenzihe/WD-Disk/output/mit_mascot_bsz_2_loss_0.01_1_0.001/checkpoint-60/images/in_the_jungle/
07/09/2024 02:58:42 - INFO - root - Image have been saved in /shenzihe/WD-Disk/output/mit_mascot_bsz_2_loss_0.01_1_0.001/checkpoint-60/images/in_the_jungle/
07/09/2024 02:58:42 - INFO - __main__ - Running validation... 
 Generating 4 images with prompt:in the snow.
07/09/2024 02:58:56 - INFO - root - Image have been saved in /shenzihe/WD-Disk/output/mit_mascot_bsz_2_loss_0.01_1_0.001/checkpoint-60/images/in_the_snow/
07/09/2024 02:59:09 - INFO - root - Image have been saved in /shenzihe/WD-Disk/output/mit_mascot_bsz_2_loss_0.01_1_0.001/checkpoint-60/images/in_the_snow/
07/09/2024 02:59:22 - INFO - root - Image have been saved in /shenzihe/WD-Disk/output/mit_mascot_bsz_2_loss_0.01_1_0.001/checkpoint-60/images/in_the_snow/
07/09/2024 02:59:36 - INFO - root - Image have been saved in /shenzihe/WD-Disk/output/mit_mascot_bsz_2_loss_0.01_1_0.001/checkpoint-60/images/in_the_snow/
07/09/2024 02:59:36 - INFO - __main__ - Running validation... 
 Generating 4 images with prompt:on the beach.
07/09/2024 02:59:49 - INFO - root - Image have been saved in /shenzihe/WD-Disk/output/mit_mascot_bsz_2_loss_0.01_1_0.001/checkpoint-60/images/on_the_beach/
07/09/2024 03:00:02 - INFO - root - Image have been saved in /shenzihe/WD-Disk/output/mit_mascot_bsz_2_loss_0.01_1_0.001/checkpoint-60/images/on_the_beach/
07/09/2024 03:00:16 - INFO - root - Image have been saved in /shenzihe/WD-Disk/output/mit_mascot_bsz_2_loss_0.01_1_0.001/checkpoint-60/images/on_the_beach/
07/09/2024 03:00:29 - INFO - root - Image have been saved in /shenzihe/WD-Disk/output/mit_mascot_bsz_2_loss_0.01_1_0.001/checkpoint-60/images/on_the_beach/
07/09/2024 03:00:29 - INFO - __main__ - Running validation... 
 Generating 4 images with prompt:on a cobblestone street.
07/09/2024 03:00:42 - INFO - root - Image have been saved in /shenzihe/WD-Disk/output/mit_mascot_bsz_2_loss_0.01_1_0.001/checkpoint-60/images/on_a_cobblestone_street/
07/09/2024 03:00:56 - INFO - root - Image have been saved in /shenzihe/WD-Disk/output/mit_mascot_bsz_2_loss_0.01_1_0.001/checkpoint-60/images/on_a_cobblestone_street/
07/09/2024 03:01:09 - INFO - root - Image have been saved in /shenzihe/WD-Disk/output/mit_mascot_bsz_2_loss_0.01_1_0.001/checkpoint-60/images/on_a_cobblestone_street/
07/09/2024 03:01:22 - INFO - root - Image have been saved in /shenzihe/WD-Disk/output/mit_mascot_bsz_2_loss_0.01_1_0.001/checkpoint-60/images/on_a_cobblestone_street/
07/09/2024 03:01:22 - INFO - __main__ - Running validation... 
 Generating 4 images with prompt:on top of pink fabric.
07/09/2024 03:01:36 - INFO - root - Image have been saved in /shenzihe/WD-Disk/output/mit_mascot_bsz_2_loss_0.01_1_0.001/checkpoint-60/images/on_top_of_pink_fabric/
07/09/2024 03:01:49 - INFO - root - Image have been saved in /shenzihe/WD-Disk/output/mit_mascot_bsz_2_loss_0.01_1_0.001/checkpoint-60/images/on_top_of_pink_fabric/
07/09/2024 03:02:02 - INFO - root - Image have been saved in /shenzihe/WD-Disk/output/mit_mascot_bsz_2_loss_0.01_1_0.001/checkpoint-60/images/on_top_of_pink_fabric/
07/09/2024 03:02:15 - INFO - root - Image have been saved in /shenzihe/WD-Disk/output/mit_mascot_bsz_2_loss_0.01_1_0.001/checkpoint-60/images/on_top_of_pink_fabric/
07/09/2024 03:02:15 - INFO - __main__ - Running validation... 
 Generating 4 images with prompt:on top of a wooden floor.
07/09/2024 03:02:29 - INFO - root - Image have been saved in /shenzihe/WD-Disk/output/mit_mascot_bsz_2_loss_0.01_1_0.001/checkpoint-60/images/on_top_of_a_wooden_floor/
07/09/2024 03:02:42 - INFO - root - Image have been saved in /shenzihe/WD-Disk/output/mit_mascot_bsz_2_loss_0.01_1_0.001/checkpoint-60/images/on_top_of_a_wooden_floor/
07/09/2024 03:02:55 - INFO - root - Image have been saved in /shenzihe/WD-Disk/output/mit_mascot_bsz_2_loss_0.01_1_0.001/checkpoint-60/images/on_top_of_a_wooden_floor/
07/09/2024 03:03:09 - INFO - root - Image have been saved in /shenzihe/WD-Disk/output/mit_mascot_bsz_2_loss_0.01_1_0.001/checkpoint-60/images/on_top_of_a_wooden_floor/
07/09/2024 03:03:09 - INFO - __main__ - Running validation... 
 Generating 4 images with prompt:with a city in the background.
07/09/2024 03:03:22 - INFO - root - Image have been saved in /shenzihe/WD-Disk/output/mit_mascot_bsz_2_loss_0.01_1_0.001/checkpoint-60/images/with_a_city_in_the_background/
07/09/2024 03:03:35 - INFO - root - Image have been saved in /shenzihe/WD-Disk/output/mit_mascot_bsz_2_loss_0.01_1_0.001/checkpoint-60/images/with_a_city_in_the_background/
07/09/2024 03:03:49 - INFO - root - Image have been saved in /shenzihe/WD-Disk/output/mit_mascot_bsz_2_loss_0.01_1_0.001/checkpoint-60/images/with_a_city_in_the_background/
07/09/2024 03:04:02 - INFO - root - Image have been saved in /shenzihe/WD-Disk/output/mit_mascot_bsz_2_loss_0.01_1_0.001/checkpoint-60/images/with_a_city_in_the_background/
07/09/2024 03:04:02 - INFO - __main__ - Running validation... 
 Generating 4 images with prompt:with a mountain in the background.
07/09/2024 03:04:15 - INFO - root - Image have been saved in /shenzihe/WD-Disk/output/mit_mascot_bsz_2_loss_0.01_1_0.001/checkpoint-60/images/with_a_mountain_in_the_background/
07/09/2024 03:04:29 - INFO - root - Image have been saved in /shenzihe/WD-Disk/output/mit_mascot_bsz_2_loss_0.01_1_0.001/checkpoint-60/images/with_a_mountain_in_the_background/
07/09/2024 03:04:42 - INFO - root - Image have been saved in /shenzihe/WD-Disk/output/mit_mascot_bsz_2_loss_0.01_1_0.001/checkpoint-60/images/with_a_mountain_in_the_background/
07/09/2024 03:04:55 - INFO - root - Image have been saved in /shenzihe/WD-Disk/output/mit_mascot_bsz_2_loss_0.01_1_0.001/checkpoint-60/images/with_a_mountain_in_the_background/
07/09/2024 03:04:55 - INFO - __main__ - Running validation... 
 Generating 4 images with prompt:with a blue house in the background.
07/09/2024 03:05:09 - INFO - root - Image have been saved in /shenzihe/WD-Disk/output/mit_mascot_bsz_2_loss_0.01_1_0.001/checkpoint-60/images/with_a_blue_house_in_the_background/
07/09/2024 03:05:22 - INFO - root - Image have been saved in /shenzihe/WD-Disk/output/mit_mascot_bsz_2_loss_0.01_1_0.001/checkpoint-60/images/with_a_blue_house_in_the_background/
07/09/2024 03:05:35 - INFO - root - Image have been saved in /shenzihe/WD-Disk/output/mit_mascot_bsz_2_loss_0.01_1_0.001/checkpoint-60/images/with_a_blue_house_in_the_background/
07/09/2024 03:05:49 - INFO - root - Image have been saved in /shenzihe/WD-Disk/output/mit_mascot_bsz_2_loss_0.01_1_0.001/checkpoint-60/images/with_a_blue_house_in_the_background/
07/09/2024 03:05:49 - INFO - __main__ - Running validation... 
 Generating 4 images with prompt:on top of a purple rug in a forest.
07/09/2024 03:06:02 - INFO - root - Image have been saved in /shenzihe/WD-Disk/output/mit_mascot_bsz_2_loss_0.01_1_0.001/checkpoint-60/images/on_top_of_a_purple_rug_in_a_forest/
07/09/2024 03:06:15 - INFO - root - Image have been saved in /shenzihe/WD-Disk/output/mit_mascot_bsz_2_loss_0.01_1_0.001/checkpoint-60/images/on_top_of_a_purple_rug_in_a_forest/
07/09/2024 03:06:28 - INFO - root - Image have been saved in /shenzihe/WD-Disk/output/mit_mascot_bsz_2_loss_0.01_1_0.001/checkpoint-60/images/on_top_of_a_purple_rug_in_a_forest/
07/09/2024 03:06:42 - INFO - root - Image have been saved in /shenzihe/WD-Disk/output/mit_mascot_bsz_2_loss_0.01_1_0.001/checkpoint-60/images/on_top_of_a_purple_rug_in_a_forest/
07/09/2024 03:06:42 - INFO - __main__ - Running validation... 
 Generating 4 images with prompt:with a wheat field in the background.
07/09/2024 03:06:55 - INFO - root - Image have been saved in /shenzihe/WD-Disk/output/mit_mascot_bsz_2_loss_0.01_1_0.001/checkpoint-60/images/with_a_wheat_field_in_the_background/
07/09/2024 03:07:08 - INFO - root - Image have been saved in /shenzihe/WD-Disk/output/mit_mascot_bsz_2_loss_0.01_1_0.001/checkpoint-60/images/with_a_wheat_field_in_the_background/
07/09/2024 03:07:22 - INFO - root - Image have been saved in /shenzihe/WD-Disk/output/mit_mascot_bsz_2_loss_0.01_1_0.001/checkpoint-60/images/with_a_wheat_field_in_the_background/
07/09/2024 03:07:35 - INFO - root - Image have been saved in /shenzihe/WD-Disk/output/mit_mascot_bsz_2_loss_0.01_1_0.001/checkpoint-60/images/with_a_wheat_field_in_the_background/
07/09/2024 03:07:35 - INFO - __main__ - Running validation... 
 Generating 4 images with prompt:with a tree and autumn leaves in the background.
07/09/2024 03:07:48 - INFO - root - Image have been saved in /shenzihe/WD-Disk/output/mit_mascot_bsz_2_loss_0.01_1_0.001/checkpoint-60/images/with_a_tree_and_autumn_leaves_in_the_background/
07/09/2024 03:08:02 - INFO - root - Image have been saved in /shenzihe/WD-Disk/output/mit_mascot_bsz_2_loss_0.01_1_0.001/checkpoint-60/images/with_a_tree_and_autumn_leaves_in_the_background/
07/09/2024 03:08:15 - INFO - root - Image have been saved in /shenzihe/WD-Disk/output/mit_mascot_bsz_2_loss_0.01_1_0.001/checkpoint-60/images/with_a_tree_and_autumn_leaves_in_the_background/
07/09/2024 03:08:28 - INFO - root - Image have been saved in /shenzihe/WD-Disk/output/mit_mascot_bsz_2_loss_0.01_1_0.001/checkpoint-60/images/with_a_tree_and_autumn_leaves_in_the_background/
07/09/2024 03:08:28 - INFO - __main__ - Running validation... 
 Generating 4 images with prompt:with the Eiffel Tower in the background.
07/09/2024 03:08:42 - INFO - root - Image have been saved in /shenzihe/WD-Disk/output/mit_mascot_bsz_2_loss_0.01_1_0.001/checkpoint-60/images/with_the_Eiffel_Tower_in_the_background/
07/09/2024 03:08:55 - INFO - root - Image have been saved in /shenzihe/WD-Disk/output/mit_mascot_bsz_2_loss_0.01_1_0.001/checkpoint-60/images/with_the_Eiffel_Tower_in_the_background/
07/09/2024 03:09:08 - INFO - root - Image have been saved in /shenzihe/WD-Disk/output/mit_mascot_bsz_2_loss_0.01_1_0.001/checkpoint-60/images/with_the_Eiffel_Tower_in_the_background/
07/09/2024 03:09:21 - INFO - root - Image have been saved in /shenzihe/WD-Disk/output/mit_mascot_bsz_2_loss_0.01_1_0.001/checkpoint-60/images/with_the_Eiffel_Tower_in_the_background/
07/09/2024 03:09:21 - INFO - __main__ - Running validation... 
 Generating 4 images with prompt:floating on top of water.
07/09/2024 03:09:35 - INFO - root - Image have been saved in /shenzihe/WD-Disk/output/mit_mascot_bsz_2_loss_0.01_1_0.001/checkpoint-60/images/floating_on_top_of_water/
07/09/2024 03:09:48 - INFO - root - Image have been saved in /shenzihe/WD-Disk/output/mit_mascot_bsz_2_loss_0.01_1_0.001/checkpoint-60/images/floating_on_top_of_water/
07/09/2024 03:10:01 - INFO - root - Image have been saved in /shenzihe/WD-Disk/output/mit_mascot_bsz_2_loss_0.01_1_0.001/checkpoint-60/images/floating_on_top_of_water/
07/09/2024 03:10:15 - INFO - root - Image have been saved in /shenzihe/WD-Disk/output/mit_mascot_bsz_2_loss_0.01_1_0.001/checkpoint-60/images/floating_on_top_of_water/
07/09/2024 03:10:15 - INFO - __main__ - Running validation... 
 Generating 4 images with prompt:floating in an ocean of milk.
07/09/2024 03:10:28 - INFO - root - Image have been saved in /shenzihe/WD-Disk/output/mit_mascot_bsz_2_loss_0.01_1_0.001/checkpoint-60/images/floating_in_an_ocean_of_milk/
07/09/2024 03:10:41 - INFO - root - Image have been saved in /shenzihe/WD-Disk/output/mit_mascot_bsz_2_loss_0.01_1_0.001/checkpoint-60/images/floating_in_an_ocean_of_milk/
07/09/2024 03:10:55 - INFO - root - Image have been saved in /shenzihe/WD-Disk/output/mit_mascot_bsz_2_loss_0.01_1_0.001/checkpoint-60/images/floating_in_an_ocean_of_milk/
07/09/2024 03:11:08 - INFO - root - Image have been saved in /shenzihe/WD-Disk/output/mit_mascot_bsz_2_loss_0.01_1_0.001/checkpoint-60/images/floating_in_an_ocean_of_milk/
07/09/2024 03:11:08 - INFO - __main__ - Running validation... 
 Generating 4 images with prompt:on top of green grass with sunflowers around it.
07/09/2024 03:11:21 - INFO - root - Image have been saved in /shenzihe/WD-Disk/output/mit_mascot_bsz_2_loss_0.01_1_0.001/checkpoint-60/images/on_top_of_green_grass_with_sunflowers_around_it/
07/09/2024 03:11:35 - INFO - root - Image have been saved in /shenzihe/WD-Disk/output/mit_mascot_bsz_2_loss_0.01_1_0.001/checkpoint-60/images/on_top_of_green_grass_with_sunflowers_around_it/
07/09/2024 03:11:48 - INFO - root - Image have been saved in /shenzihe/WD-Disk/output/mit_mascot_bsz_2_loss_0.01_1_0.001/checkpoint-60/images/on_top_of_green_grass_with_sunflowers_around_it/
07/09/2024 03:12:01 - INFO - root - Image have been saved in /shenzihe/WD-Disk/output/mit_mascot_bsz_2_loss_0.01_1_0.001/checkpoint-60/images/on_top_of_green_grass_with_sunflowers_around_it/
07/09/2024 03:12:01 - INFO - __main__ - Running validation... 
 Generating 4 images with prompt:on top of a mirror.
07/09/2024 03:12:15 - INFO - root - Image have been saved in /shenzihe/WD-Disk/output/mit_mascot_bsz_2_loss_0.01_1_0.001/checkpoint-60/images/on_top_of_a_mirror/
07/09/2024 03:12:28 - INFO - root - Image have been saved in /shenzihe/WD-Disk/output/mit_mascot_bsz_2_loss_0.01_1_0.001/checkpoint-60/images/on_top_of_a_mirror/
07/09/2024 03:12:42 - INFO - root - Image have been saved in /shenzihe/WD-Disk/output/mit_mascot_bsz_2_loss_0.01_1_0.001/checkpoint-60/images/on_top_of_a_mirror/
07/09/2024 03:12:55 - INFO - root - Image have been saved in /shenzihe/WD-Disk/output/mit_mascot_bsz_2_loss_0.01_1_0.001/checkpoint-60/images/on_top_of_a_mirror/
07/09/2024 03:12:55 - INFO - __main__ - Running validation... 
 Generating 4 images with prompt:on top of the sidewalk in a crowded street.
07/09/2024 03:13:08 - INFO - root - Image have been saved in /shenzihe/WD-Disk/output/mit_mascot_bsz_2_loss_0.01_1_0.001/checkpoint-60/images/on_top_of_the_sidewalk_in_a_crowded_street/
07/09/2024 03:13:21 - INFO - root - Image have been saved in /shenzihe/WD-Disk/output/mit_mascot_bsz_2_loss_0.01_1_0.001/checkpoint-60/images/on_top_of_the_sidewalk_in_a_crowded_street/
07/09/2024 03:13:35 - INFO - root - Image have been saved in /shenzihe/WD-Disk/output/mit_mascot_bsz_2_loss_0.01_1_0.001/checkpoint-60/images/on_top_of_the_sidewalk_in_a_crowded_street/
07/09/2024 03:13:48 - INFO - root - Image have been saved in /shenzihe/WD-Disk/output/mit_mascot_bsz_2_loss_0.01_1_0.001/checkpoint-60/images/on_top_of_the_sidewalk_in_a_crowded_street/
07/09/2024 03:13:48 - INFO - __main__ - Running validation... 
 Generating 4 images with prompt:on top of a dirt road.
07/09/2024 03:14:01 - INFO - root - Image have been saved in /shenzihe/WD-Disk/output/mit_mascot_bsz_2_loss_0.01_1_0.001/checkpoint-60/images/on_top_of_a_dirt_road/
07/09/2024 03:14:15 - INFO - root - Image have been saved in /shenzihe/WD-Disk/output/mit_mascot_bsz_2_loss_0.01_1_0.001/checkpoint-60/images/on_top_of_a_dirt_road/
07/09/2024 03:14:28 - INFO - root - Image have been saved in /shenzihe/WD-Disk/output/mit_mascot_bsz_2_loss_0.01_1_0.001/checkpoint-60/images/on_top_of_a_dirt_road/
07/09/2024 03:14:41 - INFO - root - Image have been saved in /shenzihe/WD-Disk/output/mit_mascot_bsz_2_loss_0.01_1_0.001/checkpoint-60/images/on_top_of_a_dirt_road/
07/09/2024 03:14:41 - INFO - __main__ - Running validation... 
 Generating 4 images with prompt:on top of a white rug.
07/09/2024 03:14:55 - INFO - root - Image have been saved in /shenzihe/WD-Disk/output/mit_mascot_bsz_2_loss_0.01_1_0.001/checkpoint-60/images/on_top_of_a_white_rug/
07/09/2024 03:15:08 - INFO - root - Image have been saved in /shenzihe/WD-Disk/output/mit_mascot_bsz_2_loss_0.01_1_0.001/checkpoint-60/images/on_top_of_a_white_rug/
07/09/2024 03:15:21 - INFO - root - Image have been saved in /shenzihe/WD-Disk/output/mit_mascot_bsz_2_loss_0.01_1_0.001/checkpoint-60/images/on_top_of_a_white_rug/
07/09/2024 03:15:35 - INFO - root - Image have been saved in /shenzihe/WD-Disk/output/mit_mascot_bsz_2_loss_0.01_1_0.001/checkpoint-60/images/on_top_of_a_white_rug/
07/09/2024 03:15:35 - INFO - __main__ - Running validation... 
 Generating 4 images with prompt:red.
07/09/2024 03:15:48 - INFO - root - Image have been saved in /shenzihe/WD-Disk/output/mit_mascot_bsz_2_loss_0.01_1_0.001/checkpoint-60/images/red/
07/09/2024 03:16:01 - INFO - root - Image have been saved in /shenzihe/WD-Disk/output/mit_mascot_bsz_2_loss_0.01_1_0.001/checkpoint-60/images/red/
07/09/2024 03:16:14 - INFO - root - Image have been saved in /shenzihe/WD-Disk/output/mit_mascot_bsz_2_loss_0.01_1_0.001/checkpoint-60/images/red/
07/09/2024 03:16:28 - INFO - root - Image have been saved in /shenzihe/WD-Disk/output/mit_mascot_bsz_2_loss_0.01_1_0.001/checkpoint-60/images/red/
07/09/2024 03:16:28 - INFO - __main__ - Running validation... 
 Generating 4 images with prompt:purple.
07/09/2024 03:16:41 - INFO - root - Image have been saved in /shenzihe/WD-Disk/output/mit_mascot_bsz_2_loss_0.01_1_0.001/checkpoint-60/images/purple/
07/09/2024 03:16:54 - INFO - root - Image have been saved in /shenzihe/WD-Disk/output/mit_mascot_bsz_2_loss_0.01_1_0.001/checkpoint-60/images/purple/
07/09/2024 03:17:08 - INFO - root - Image have been saved in /shenzihe/WD-Disk/output/mit_mascot_bsz_2_loss_0.01_1_0.001/checkpoint-60/images/purple/
07/09/2024 03:17:21 - INFO - root - Image have been saved in /shenzihe/WD-Disk/output/mit_mascot_bsz_2_loss_0.01_1_0.001/checkpoint-60/images/purple/
07/09/2024 03:17:21 - INFO - __main__ - Running validation... 
 Generating 4 images with prompt:shiny.
07/09/2024 03:17:34 - INFO - root - Image have been saved in /shenzihe/WD-Disk/output/mit_mascot_bsz_2_loss_0.01_1_0.001/checkpoint-60/images/shiny/
07/09/2024 03:17:48 - INFO - root - Image have been saved in /shenzihe/WD-Disk/output/mit_mascot_bsz_2_loss_0.01_1_0.001/checkpoint-60/images/shiny/
07/09/2024 03:18:01 - INFO - root - Image have been saved in /shenzihe/WD-Disk/output/mit_mascot_bsz_2_loss_0.01_1_0.001/checkpoint-60/images/shiny/
07/09/2024 03:18:14 - INFO - root - Image have been saved in /shenzihe/WD-Disk/output/mit_mascot_bsz_2_loss_0.01_1_0.001/checkpoint-60/images/shiny/
07/09/2024 03:18:14 - INFO - __main__ - Running validation... 
 Generating 4 images with prompt:wet.
07/09/2024 03:18:28 - INFO - root - Image have been saved in /shenzihe/WD-Disk/output/mit_mascot_bsz_2_loss_0.01_1_0.001/checkpoint-60/images/wet/
07/09/2024 03:18:41 - INFO - root - Image have been saved in /shenzihe/WD-Disk/output/mit_mascot_bsz_2_loss_0.01_1_0.001/checkpoint-60/images/wet/
07/09/2024 03:18:54 - INFO - root - Image have been saved in /shenzihe/WD-Disk/output/mit_mascot_bsz_2_loss_0.01_1_0.001/checkpoint-60/images/wet/
07/09/2024 03:19:08 - INFO - root - Image have been saved in /shenzihe/WD-Disk/output/mit_mascot_bsz_2_loss_0.01_1_0.001/checkpoint-60/images/wet/
07/09/2024 03:19:08 - INFO - __main__ - Running validation... 
 Generating 4 images with prompt:cube shaped.
07/09/2024 03:19:21 - INFO - root - Image have been saved in /shenzihe/WD-Disk/output/mit_mascot_bsz_2_loss_0.01_1_0.001/checkpoint-60/images/cube_shaped/
07/09/2024 03:19:34 - INFO - root - Image have been saved in /shenzihe/WD-Disk/output/mit_mascot_bsz_2_loss_0.01_1_0.001/checkpoint-60/images/cube_shaped/
07/09/2024 03:19:47 - INFO - root - Image have been saved in /shenzihe/WD-Disk/output/mit_mascot_bsz_2_loss_0.01_1_0.001/checkpoint-60/images/cube_shaped/
07/09/2024 03:20:01 - INFO - root - Image have been saved in /shenzihe/WD-Disk/output/mit_mascot_bsz_2_loss_0.01_1_0.001/checkpoint-60/images/cube_shaped/
