07/08/2024 15:38:34 - INFO - __main__ - Distributed environment: NO
Num processes: 1
Process index: 0
Local process index: 0
Device: cuda

Mixed precision type: no

07/08/2024 15:38:34 - WARNING - py.warnings - /shenzihe/venv/lib/python3.10/site-packages/huggingface_hub/file_download.py:1132: FutureWarning: `resume_download` is deprecated and will be removed in version 1.0.0. Downloads always resume when possible. If you want to force a new download, use `force_download=True`.
  warnings.warn(

07/08/2024 15:38:37 - INFO - root - freeze vision encoder
07/08/2024 15:38:40 - INFO - root - Loaded ViT-H-14 model config.
07/08/2024 15:38:45 - INFO - root - Loading pretrained ViT-H-14 weights (laion2b_s32b_b79k).
07/08/2024 15:38:50 - WARNING - py.warnings - /shenzihe/venv/lib/python3.10/site-packages/diffusers/configuration_utils.py:215: FutureWarning: It is deprecated to pass a pretrained model name or path to `from_config`.If you were trying to load a scheduler, please use <class 'diffusers.schedulers.scheduling_ddpm.DDPMScheduler'>.from_pretrained(...) instead. Otherwise, please make sure to pass a configuration dictionary instead. This functionality will be removed in v1.0.0.
  deprecate("config-passed-as-path", "1.0.0", deprecation_message, standard_warn=False)

07/08/2024 15:38:50 - INFO - root - Loading pretrained model from /root/.cache/torch/hub/checkpoints/blip-diffusion
07/08/2024 15:38:50 - INFO - root - Loading pretrained BLIP2 Qformer weights.
07/08/2024 15:38:52 - INFO - root - Loading pretrained projection lyer weights.
07/08/2024 15:38:52 - INFO - root - Loading pretrained text encoder weights.
07/08/2024 15:38:52 - INFO - root - Loading pretrained vae weights.
07/08/2024 15:38:53 - INFO - root - Loading pretrained unet weights.
07/08/2024 15:39:01 - INFO - root - Using xformers.
07/08/2024 15:39:01 - INFO - root - Building datasets...
07/08/2024 15:39:01 - INFO - __main__ - 
***** Running training *****
07/08/2024 15:39:01 - INFO - __main__ -   Num examples = 4
07/08/2024 15:39:01 - INFO - __main__ -   Num batches each epoch = 2
07/08/2024 15:39:01 - INFO - __main__ -   Num Epochs = 30
07/08/2024 15:39:01 - INFO - __main__ -   Instantaneous batch size per device = 2
07/08/2024 15:39:01 - INFO - __main__ -   Total train batch size (w. parallel, distributed & accumulation) = 2
07/08/2024 15:39:01 - INFO - __main__ -   Gradient Accumulation steps = 1
07/08/2024 15:39:01 - INFO - __main__ -   Total optimization steps = 60
07/08/2024 15:39:02 - WARNING - py.warnings - /shenzihe/venv/lib/python3.10/site-packages/torch/backends/cuda/__init__.py:342: FutureWarning: torch.backends.cuda.sdp_kernel() is deprecated. In the future, this context manager will be removed. Please see, torch.nn.attention.sdpa_kernel() for the new context manager, with updated signature.
  warnings.warn(

07/08/2024 15:39:04 - INFO - root - {'loss': 0.3247869908809662, 'lr': 0.0001}
07/08/2024 15:39:06 - INFO - root - {'loss': 0.1003585010766983, 'lr': 0.0001}
07/08/2024 15:39:09 - INFO - root - {'loss': 0.49386557936668396, 'lr': 0.0001}
07/08/2024 15:39:11 - INFO - root - {'loss': 0.016360145062208176, 'lr': 0.0001}
07/08/2024 15:39:13 - INFO - root - {'loss': 0.1456185281276703, 'lr': 0.0001}
07/08/2024 15:39:15 - INFO - root - {'loss': 0.2890223562717438, 'lr': 0.0001}
07/08/2024 15:39:17 - INFO - root - {'loss': 0.01932755671441555, 'lr': 0.0001}
07/08/2024 15:39:19 - INFO - root - {'loss': 0.15437008440494537, 'lr': 0.0001}
07/08/2024 15:39:21 - INFO - root - {'loss': 0.2786727249622345, 'lr': 0.0001}
07/08/2024 15:39:23 - INFO - root - {'loss': 0.11288796365261078, 'lr': 0.0001}
07/08/2024 15:39:25 - INFO - root - {'loss': 0.04685596004128456, 'lr': 0.0001}
07/08/2024 15:39:27 - INFO - root - {'loss': 0.015374702401459217, 'lr': 0.0001}
07/08/2024 15:39:29 - INFO - root - {'loss': 0.2477545589208603, 'lr': 0.0001}
07/08/2024 15:39:32 - INFO - root - {'loss': 0.04821398854255676, 'lr': 0.0001}
07/08/2024 15:39:34 - INFO - root - {'loss': 0.0417470745742321, 'lr': 0.0001}
07/08/2024 15:39:36 - INFO - root - {'loss': 0.09372483193874359, 'lr': 0.0001}
07/08/2024 15:39:38 - INFO - root - {'loss': 0.22137629985809326, 'lr': 0.0001}
07/08/2024 15:39:40 - INFO - root - {'loss': 0.07624144852161407, 'lr': 0.0001}
07/08/2024 15:39:42 - INFO - root - {'loss': 0.05614244192838669, 'lr': 0.0001}
07/08/2024 15:39:44 - INFO - root - {'loss': 0.169419065117836, 'lr': 0.0001}
07/08/2024 15:39:44 - INFO - __main__ - Running validation... 
 Generating 4 images with prompt:in the jungle.
07/08/2024 15:39:45 - WARNING - py.warnings - /shenzihe/multi_BlipDisenBooth/multi_BD.py:646: FutureWarning: Accessing config attribute `in_channels` directly via 'UNet2DConditionModel' object attribute is deprecated. Please access 'in_channels' over 'UNet2DConditionModel's config object instead, e.g. 'unet.config.in_channels'.
  (1, self.unet.in_channels, height // 8, width // 8),

07/08/2024 15:39:45 - WARNING - py.warnings - /shenzihe/multi_BlipDisenBooth/multi_BD.py:652: FutureWarning: Accessing config attribute `in_channels` directly via 'UNet2DConditionModel' object attribute is deprecated. Please access 'in_channels' over 'UNet2DConditionModel's config object instead, e.g. 'unet.config.in_channels'.
  self.unet.in_channels,

07/08/2024 15:39:58 - INFO - root - Image have been saved in /shenzihe/WD-Disk/output/mit_mascot_bsz_2_loss_0.01_1_0.1/checkpoint-20/images/prompt.replace(' ', '_')/
07/08/2024 15:40:11 - INFO - root - Image have been saved in /shenzihe/WD-Disk/output/mit_mascot_bsz_2_loss_0.01_1_0.1/checkpoint-20/images/prompt.replace(' ', '_')/
07/08/2024 15:40:25 - INFO - root - Image have been saved in /shenzihe/WD-Disk/output/mit_mascot_bsz_2_loss_0.01_1_0.1/checkpoint-20/images/prompt.replace(' ', '_')/
07/08/2024 15:40:38 - INFO - root - Image have been saved in /shenzihe/WD-Disk/output/mit_mascot_bsz_2_loss_0.01_1_0.1/checkpoint-20/images/prompt.replace(' ', '_')/
07/08/2024 15:40:38 - INFO - __main__ - Running validation... 
 Generating 4 images with prompt:in the snow.
07/08/2024 15:40:52 - INFO - root - Image have been saved in /shenzihe/WD-Disk/output/mit_mascot_bsz_2_loss_0.01_1_0.1/checkpoint-20/images/prompt.replace(' ', '_')/
07/08/2024 15:41:05 - INFO - root - Image have been saved in /shenzihe/WD-Disk/output/mit_mascot_bsz_2_loss_0.01_1_0.1/checkpoint-20/images/prompt.replace(' ', '_')/
07/08/2024 15:41:19 - INFO - root - Image have been saved in /shenzihe/WD-Disk/output/mit_mascot_bsz_2_loss_0.01_1_0.1/checkpoint-20/images/prompt.replace(' ', '_')/
07/08/2024 15:41:32 - INFO - root - Image have been saved in /shenzihe/WD-Disk/output/mit_mascot_bsz_2_loss_0.01_1_0.1/checkpoint-20/images/prompt.replace(' ', '_')/
07/08/2024 15:41:32 - INFO - __main__ - Running validation... 
 Generating 4 images with prompt:on the beach.
07/08/2024 15:41:46 - INFO - root - Image have been saved in /shenzihe/WD-Disk/output/mit_mascot_bsz_2_loss_0.01_1_0.1/checkpoint-20/images/prompt.replace(' ', '_')/
07/08/2024 15:41:59 - INFO - root - Image have been saved in /shenzihe/WD-Disk/output/mit_mascot_bsz_2_loss_0.01_1_0.1/checkpoint-20/images/prompt.replace(' ', '_')/
07/08/2024 15:42:13 - INFO - root - Image have been saved in /shenzihe/WD-Disk/output/mit_mascot_bsz_2_loss_0.01_1_0.1/checkpoint-20/images/prompt.replace(' ', '_')/
07/08/2024 15:42:26 - INFO - root - Image have been saved in /shenzihe/WD-Disk/output/mit_mascot_bsz_2_loss_0.01_1_0.1/checkpoint-20/images/prompt.replace(' ', '_')/
07/08/2024 15:42:26 - INFO - __main__ - Running validation... 
 Generating 4 images with prompt:on a cobblestone street.
07/08/2024 15:42:40 - INFO - root - Image have been saved in /shenzihe/WD-Disk/output/mit_mascot_bsz_2_loss_0.01_1_0.1/checkpoint-20/images/prompt.replace(' ', '_')/
07/08/2024 15:42:53 - INFO - root - Image have been saved in /shenzihe/WD-Disk/output/mit_mascot_bsz_2_loss_0.01_1_0.1/checkpoint-20/images/prompt.replace(' ', '_')/
07/08/2024 15:43:06 - INFO - root - Image have been saved in /shenzihe/WD-Disk/output/mit_mascot_bsz_2_loss_0.01_1_0.1/checkpoint-20/images/prompt.replace(' ', '_')/
07/08/2024 15:43:20 - INFO - root - Image have been saved in /shenzihe/WD-Disk/output/mit_mascot_bsz_2_loss_0.01_1_0.1/checkpoint-20/images/prompt.replace(' ', '_')/
07/08/2024 15:43:20 - INFO - __main__ - Running validation... 
 Generating 4 images with prompt:on top of pink fabric.
07/08/2024 15:43:34 - INFO - root - Image have been saved in /shenzihe/WD-Disk/output/mit_mascot_bsz_2_loss_0.01_1_0.1/checkpoint-20/images/prompt.replace(' ', '_')/
07/08/2024 15:43:47 - INFO - root - Image have been saved in /shenzihe/WD-Disk/output/mit_mascot_bsz_2_loss_0.01_1_0.1/checkpoint-20/images/prompt.replace(' ', '_')/
07/08/2024 15:44:01 - INFO - root - Image have been saved in /shenzihe/WD-Disk/output/mit_mascot_bsz_2_loss_0.01_1_0.1/checkpoint-20/images/prompt.replace(' ', '_')/
07/08/2024 15:44:14 - INFO - root - Image have been saved in /shenzihe/WD-Disk/output/mit_mascot_bsz_2_loss_0.01_1_0.1/checkpoint-20/images/prompt.replace(' ', '_')/
07/08/2024 15:44:14 - INFO - __main__ - Running validation... 
 Generating 4 images with prompt:on top of a wooden floor.
07/08/2024 15:44:28 - INFO - root - Image have been saved in /shenzihe/WD-Disk/output/mit_mascot_bsz_2_loss_0.01_1_0.1/checkpoint-20/images/prompt.replace(' ', '_')/
07/08/2024 15:44:41 - INFO - root - Image have been saved in /shenzihe/WD-Disk/output/mit_mascot_bsz_2_loss_0.01_1_0.1/checkpoint-20/images/prompt.replace(' ', '_')/
07/08/2024 15:44:54 - INFO - root - Image have been saved in /shenzihe/WD-Disk/output/mit_mascot_bsz_2_loss_0.01_1_0.1/checkpoint-20/images/prompt.replace(' ', '_')/
07/08/2024 15:45:08 - INFO - root - Image have been saved in /shenzihe/WD-Disk/output/mit_mascot_bsz_2_loss_0.01_1_0.1/checkpoint-20/images/prompt.replace(' ', '_')/
07/08/2024 15:45:08 - INFO - __main__ - Running validation... 
 Generating 4 images with prompt:with a city in the background.
07/08/2024 15:45:22 - INFO - root - Image have been saved in /shenzihe/WD-Disk/output/mit_mascot_bsz_2_loss_0.01_1_0.1/checkpoint-20/images/prompt.replace(' ', '_')/
07/08/2024 15:45:35 - INFO - root - Image have been saved in /shenzihe/WD-Disk/output/mit_mascot_bsz_2_loss_0.01_1_0.1/checkpoint-20/images/prompt.replace(' ', '_')/
07/08/2024 15:45:48 - INFO - root - Image have been saved in /shenzihe/WD-Disk/output/mit_mascot_bsz_2_loss_0.01_1_0.1/checkpoint-20/images/prompt.replace(' ', '_')/
07/08/2024 15:46:02 - INFO - root - Image have been saved in /shenzihe/WD-Disk/output/mit_mascot_bsz_2_loss_0.01_1_0.1/checkpoint-20/images/prompt.replace(' ', '_')/
07/08/2024 15:46:02 - INFO - __main__ - Running validation... 
 Generating 4 images with prompt:with a mountain in the background.
07/08/2024 15:46:15 - INFO - root - Image have been saved in /shenzihe/WD-Disk/output/mit_mascot_bsz_2_loss_0.01_1_0.1/checkpoint-20/images/prompt.replace(' ', '_')/
07/08/2024 15:46:29 - INFO - root - Image have been saved in /shenzihe/WD-Disk/output/mit_mascot_bsz_2_loss_0.01_1_0.1/checkpoint-20/images/prompt.replace(' ', '_')/
07/08/2024 15:46:43 - INFO - root - Image have been saved in /shenzihe/WD-Disk/output/mit_mascot_bsz_2_loss_0.01_1_0.1/checkpoint-20/images/prompt.replace(' ', '_')/
07/08/2024 15:46:56 - INFO - root - Image have been saved in /shenzihe/WD-Disk/output/mit_mascot_bsz_2_loss_0.01_1_0.1/checkpoint-20/images/prompt.replace(' ', '_')/
07/08/2024 15:46:56 - INFO - __main__ - Running validation... 
 Generating 4 images with prompt:with a blue house in the background.
07/08/2024 15:47:10 - INFO - root - Image have been saved in /shenzihe/WD-Disk/output/mit_mascot_bsz_2_loss_0.01_1_0.1/checkpoint-20/images/prompt.replace(' ', '_')/
07/08/2024 15:47:23 - INFO - root - Image have been saved in /shenzihe/WD-Disk/output/mit_mascot_bsz_2_loss_0.01_1_0.1/checkpoint-20/images/prompt.replace(' ', '_')/
07/08/2024 15:47:37 - INFO - root - Image have been saved in /shenzihe/WD-Disk/output/mit_mascot_bsz_2_loss_0.01_1_0.1/checkpoint-20/images/prompt.replace(' ', '_')/
07/08/2024 15:47:50 - INFO - root - Image have been saved in /shenzihe/WD-Disk/output/mit_mascot_bsz_2_loss_0.01_1_0.1/checkpoint-20/images/prompt.replace(' ', '_')/
07/08/2024 15:47:50 - INFO - __main__ - Running validation... 
 Generating 4 images with prompt:on top of a purple rug in a forest.
07/08/2024 15:48:04 - INFO - root - Image have been saved in /shenzihe/WD-Disk/output/mit_mascot_bsz_2_loss_0.01_1_0.1/checkpoint-20/images/prompt.replace(' ', '_')/
07/08/2024 15:48:17 - INFO - root - Image have been saved in /shenzihe/WD-Disk/output/mit_mascot_bsz_2_loss_0.01_1_0.1/checkpoint-20/images/prompt.replace(' ', '_')/
07/08/2024 15:48:30 - INFO - root - Image have been saved in /shenzihe/WD-Disk/output/mit_mascot_bsz_2_loss_0.01_1_0.1/checkpoint-20/images/prompt.replace(' ', '_')/
07/08/2024 15:48:44 - INFO - root - Image have been saved in /shenzihe/WD-Disk/output/mit_mascot_bsz_2_loss_0.01_1_0.1/checkpoint-20/images/prompt.replace(' ', '_')/
07/08/2024 15:48:44 - INFO - __main__ - Running validation... 
 Generating 4 images with prompt:with a wheat field in the background.
