07/08/2024 21:35:08 - INFO - __main__ - Distributed environment: NO
Num processes: 1
Process index: 0
Local process index: 0
Device: cuda

Mixed precision type: no

07/08/2024 21:35:08 - WARNING - py.warnings - /shenzihe/venv/lib/python3.10/site-packages/huggingface_hub/file_download.py:1132: FutureWarning: `resume_download` is deprecated and will be removed in version 1.0.0. Downloads always resume when possible. If you want to force a new download, use `force_download=True`.
  warnings.warn(

07/08/2024 21:35:10 - INFO - root - freeze vision encoder
07/08/2024 21:35:13 - INFO - root - Loaded ViT-H-14 model config.
07/08/2024 21:35:18 - INFO - root - Loading pretrained ViT-H-14 weights (laion2b_s32b_b79k).
07/08/2024 21:35:21 - WARNING - py.warnings - /shenzihe/venv/lib/python3.10/site-packages/diffusers/configuration_utils.py:215: FutureWarning: It is deprecated to pass a pretrained model name or path to `from_config`.If you were trying to load a scheduler, please use <class 'diffusers.schedulers.scheduling_ddpm.DDPMScheduler'>.from_pretrained(...) instead. Otherwise, please make sure to pass a configuration dictionary instead. This functionality will be removed in v1.0.0.
  deprecate("config-passed-as-path", "1.0.0", deprecation_message, standard_warn=False)

07/08/2024 21:35:22 - INFO - root - Loading pretrained model from /root/.cache/torch/hub/checkpoints/blip-diffusion
07/08/2024 21:35:22 - INFO - root - Loading pretrained BLIP2 Qformer weights.
07/08/2024 21:35:23 - INFO - root - Loading pretrained projection lyer weights.
07/08/2024 21:35:23 - INFO - root - Loading pretrained text encoder weights.
07/08/2024 21:35:23 - INFO - root - Loading pretrained vae weights.
07/08/2024 21:35:23 - INFO - root - Loading pretrained unet weights.
07/08/2024 21:35:27 - INFO - root - Using xformers.
07/08/2024 21:35:27 - INFO - root - Building datasets...
07/08/2024 21:35:27 - INFO - __main__ - 
***** Running training *****
07/08/2024 21:35:27 - INFO - __main__ -   Num examples = 4
07/08/2024 21:35:27 - INFO - __main__ -   Num batches each epoch = 2
07/08/2024 21:35:27 - INFO - __main__ -   Num Epochs = 30
07/08/2024 21:35:27 - INFO - __main__ -   Instantaneous batch size per device = 2
07/08/2024 21:35:27 - INFO - __main__ -   Total train batch size (w. parallel, distributed & accumulation) = 2
07/08/2024 21:35:27 - INFO - __main__ -   Gradient Accumulation steps = 1
07/08/2024 21:35:27 - INFO - __main__ -   Total optimization steps = 60
07/08/2024 21:35:28 - WARNING - py.warnings - /shenzihe/venv/lib/python3.10/site-packages/torch/backends/cuda/__init__.py:342: FutureWarning: torch.backends.cuda.sdp_kernel() is deprecated. In the future, this context manager will be removed. Please see, torch.nn.attention.sdpa_kernel() for the new context manager, with updated signature.
  warnings.warn(

07/08/2024 21:35:30 - INFO - root - {'loss': 0.3574265241622925, 'lr': 0.0001}
07/08/2024 21:35:32 - INFO - root - {'loss': 0.09614721685647964, 'lr': 0.0001}
07/08/2024 21:35:35 - INFO - root - {'loss': 0.5246553421020508, 'lr': 0.0001}
07/08/2024 21:35:37 - INFO - root - {'loss': 0.022700944915413857, 'lr': 0.0001}
07/08/2024 21:35:39 - INFO - root - {'loss': 0.168583944439888, 'lr': 0.0001}
07/08/2024 21:35:41 - INFO - root - {'loss': 0.3161288797855377, 'lr': 0.0001}
07/08/2024 21:35:43 - INFO - root - {'loss': 0.021566053852438927, 'lr': 0.0001}
07/08/2024 21:35:45 - INFO - root - {'loss': 0.16599489748477936, 'lr': 0.0001}
07/08/2024 21:35:47 - INFO - root - {'loss': 0.3021078407764435, 'lr': 0.0001}
07/08/2024 21:35:49 - INFO - root - {'loss': 0.11640866100788116, 'lr': 0.0001}
07/08/2024 21:35:51 - INFO - root - {'loss': 0.04837122932076454, 'lr': 0.0001}
07/08/2024 21:35:53 - INFO - root - {'loss': 0.011748598888516426, 'lr': 0.0001}
07/08/2024 21:35:56 - INFO - root - {'loss': 0.26482611894607544, 'lr': 0.0001}
07/08/2024 21:35:58 - INFO - root - {'loss': 0.04456276074051857, 'lr': 0.0001}
07/08/2024 21:36:00 - INFO - root - {'loss': 0.037588752806186676, 'lr': 0.0001}
07/08/2024 21:36:02 - INFO - root - {'loss': 0.09492716193199158, 'lr': 0.0001}
07/08/2024 21:36:04 - INFO - root - {'loss': 0.2257820963859558, 'lr': 0.0001}
07/08/2024 21:36:06 - INFO - root - {'loss': 0.07715790718793869, 'lr': 0.0001}
07/08/2024 21:36:08 - INFO - root - {'loss': 0.057990506291389465, 'lr': 0.0001}
07/08/2024 21:36:10 - INFO - root - {'loss': 0.173563614487648, 'lr': 0.0001}
07/08/2024 21:36:10 - INFO - __main__ - Running validation... 
 Generating 4 images with prompt:in the jungle.
07/08/2024 21:36:11 - WARNING - py.warnings - /shenzihe/multi_BlipDisenBooth/multi_BD.py:646: FutureWarning: Accessing config attribute `in_channels` directly via 'UNet2DConditionModel' object attribute is deprecated. Please access 'in_channels' over 'UNet2DConditionModel's config object instead, e.g. 'unet.config.in_channels'.
  (1, self.unet.in_channels, height // 8, width // 8),

07/08/2024 21:36:11 - WARNING - py.warnings - /shenzihe/multi_BlipDisenBooth/multi_BD.py:652: FutureWarning: Accessing config attribute `in_channels` directly via 'UNet2DConditionModel' object attribute is deprecated. Please access 'in_channels' over 'UNet2DConditionModel's config object instead, e.g. 'unet.config.in_channels'.
  self.unet.in_channels,

07/08/2024 21:36:24 - INFO - root - Image have been saved in /shenzihe/WD-Disk/output/mit_mascot_bsz_2_loss_0.1_1_0/checkpoint-20/images/in_the_jungle/
07/08/2024 21:36:37 - INFO - root - Image have been saved in /shenzihe/WD-Disk/output/mit_mascot_bsz_2_loss_0.1_1_0/checkpoint-20/images/in_the_jungle/
07/08/2024 21:36:51 - INFO - root - Image have been saved in /shenzihe/WD-Disk/output/mit_mascot_bsz_2_loss_0.1_1_0/checkpoint-20/images/in_the_jungle/
07/08/2024 21:37:04 - INFO - root - Image have been saved in /shenzihe/WD-Disk/output/mit_mascot_bsz_2_loss_0.1_1_0/checkpoint-20/images/in_the_jungle/
07/08/2024 21:37:04 - INFO - __main__ - Running validation... 
 Generating 4 images with prompt:in the snow.
07/08/2024 21:37:17 - INFO - root - Image have been saved in /shenzihe/WD-Disk/output/mit_mascot_bsz_2_loss_0.1_1_0/checkpoint-20/images/in_the_snow/
07/08/2024 21:37:31 - INFO - root - Image have been saved in /shenzihe/WD-Disk/output/mit_mascot_bsz_2_loss_0.1_1_0/checkpoint-20/images/in_the_snow/
07/08/2024 21:37:44 - INFO - root - Image have been saved in /shenzihe/WD-Disk/output/mit_mascot_bsz_2_loss_0.1_1_0/checkpoint-20/images/in_the_snow/
07/08/2024 21:37:57 - INFO - root - Image have been saved in /shenzihe/WD-Disk/output/mit_mascot_bsz_2_loss_0.1_1_0/checkpoint-20/images/in_the_snow/
07/08/2024 21:37:57 - INFO - __main__ - Running validation... 
 Generating 4 images with prompt:on the beach.
07/08/2024 21:38:11 - INFO - root - Image have been saved in /shenzihe/WD-Disk/output/mit_mascot_bsz_2_loss_0.1_1_0/checkpoint-20/images/on_the_beach/
07/08/2024 21:38:24 - INFO - root - Image have been saved in /shenzihe/WD-Disk/output/mit_mascot_bsz_2_loss_0.1_1_0/checkpoint-20/images/on_the_beach/
07/08/2024 21:38:37 - INFO - root - Image have been saved in /shenzihe/WD-Disk/output/mit_mascot_bsz_2_loss_0.1_1_0/checkpoint-20/images/on_the_beach/
07/08/2024 21:38:50 - INFO - root - Image have been saved in /shenzihe/WD-Disk/output/mit_mascot_bsz_2_loss_0.1_1_0/checkpoint-20/images/on_the_beach/
07/08/2024 21:38:50 - INFO - __main__ - Running validation... 
 Generating 4 images with prompt:on a cobblestone street.
07/08/2024 21:39:04 - INFO - root - Image have been saved in /shenzihe/WD-Disk/output/mit_mascot_bsz_2_loss_0.1_1_0/checkpoint-20/images/on_a_cobblestone_street/
07/08/2024 21:39:17 - INFO - root - Image have been saved in /shenzihe/WD-Disk/output/mit_mascot_bsz_2_loss_0.1_1_0/checkpoint-20/images/on_a_cobblestone_street/
07/08/2024 21:39:30 - INFO - root - Image have been saved in /shenzihe/WD-Disk/output/mit_mascot_bsz_2_loss_0.1_1_0/checkpoint-20/images/on_a_cobblestone_street/
07/08/2024 21:39:44 - INFO - root - Image have been saved in /shenzihe/WD-Disk/output/mit_mascot_bsz_2_loss_0.1_1_0/checkpoint-20/images/on_a_cobblestone_street/
07/08/2024 21:39:44 - INFO - __main__ - Running validation... 
 Generating 4 images with prompt:on top of pink fabric.
07/08/2024 21:39:57 - INFO - root - Image have been saved in /shenzihe/WD-Disk/output/mit_mascot_bsz_2_loss_0.1_1_0/checkpoint-20/images/on_top_of_pink_fabric/
07/08/2024 21:40:10 - INFO - root - Image have been saved in /shenzihe/WD-Disk/output/mit_mascot_bsz_2_loss_0.1_1_0/checkpoint-20/images/on_top_of_pink_fabric/
07/08/2024 21:40:24 - INFO - root - Image have been saved in /shenzihe/WD-Disk/output/mit_mascot_bsz_2_loss_0.1_1_0/checkpoint-20/images/on_top_of_pink_fabric/
07/08/2024 21:40:37 - INFO - root - Image have been saved in /shenzihe/WD-Disk/output/mit_mascot_bsz_2_loss_0.1_1_0/checkpoint-20/images/on_top_of_pink_fabric/
07/08/2024 21:40:37 - INFO - __main__ - Running validation... 
 Generating 4 images with prompt:on top of a wooden floor.
07/08/2024 21:40:50 - INFO - root - Image have been saved in /shenzihe/WD-Disk/output/mit_mascot_bsz_2_loss_0.1_1_0/checkpoint-20/images/on_top_of_a_wooden_floor/
07/08/2024 21:41:04 - INFO - root - Image have been saved in /shenzihe/WD-Disk/output/mit_mascot_bsz_2_loss_0.1_1_0/checkpoint-20/images/on_top_of_a_wooden_floor/
07/08/2024 21:41:17 - INFO - root - Image have been saved in /shenzihe/WD-Disk/output/mit_mascot_bsz_2_loss_0.1_1_0/checkpoint-20/images/on_top_of_a_wooden_floor/
07/08/2024 21:41:30 - INFO - root - Image have been saved in /shenzihe/WD-Disk/output/mit_mascot_bsz_2_loss_0.1_1_0/checkpoint-20/images/on_top_of_a_wooden_floor/
07/08/2024 21:41:30 - INFO - __main__ - Running validation... 
 Generating 4 images with prompt:with a city in the background.
07/08/2024 21:41:44 - INFO - root - Image have been saved in /shenzihe/WD-Disk/output/mit_mascot_bsz_2_loss_0.1_1_0/checkpoint-20/images/with_a_city_in_the_background/
07/08/2024 21:41:57 - INFO - root - Image have been saved in /shenzihe/WD-Disk/output/mit_mascot_bsz_2_loss_0.1_1_0/checkpoint-20/images/with_a_city_in_the_background/
07/08/2024 21:42:10 - INFO - root - Image have been saved in /shenzihe/WD-Disk/output/mit_mascot_bsz_2_loss_0.1_1_0/checkpoint-20/images/with_a_city_in_the_background/
07/08/2024 21:42:23 - INFO - root - Image have been saved in /shenzihe/WD-Disk/output/mit_mascot_bsz_2_loss_0.1_1_0/checkpoint-20/images/with_a_city_in_the_background/
07/08/2024 21:42:23 - INFO - __main__ - Running validation... 
 Generating 4 images with prompt:with a mountain in the background.
07/08/2024 21:42:37 - INFO - root - Image have been saved in /shenzihe/WD-Disk/output/mit_mascot_bsz_2_loss_0.1_1_0/checkpoint-20/images/with_a_mountain_in_the_background/
07/08/2024 21:42:50 - INFO - root - Image have been saved in /shenzihe/WD-Disk/output/mit_mascot_bsz_2_loss_0.1_1_0/checkpoint-20/images/with_a_mountain_in_the_background/
07/08/2024 21:43:03 - INFO - root - Image have been saved in /shenzihe/WD-Disk/output/mit_mascot_bsz_2_loss_0.1_1_0/checkpoint-20/images/with_a_mountain_in_the_background/
07/08/2024 21:43:17 - INFO - root - Image have been saved in /shenzihe/WD-Disk/output/mit_mascot_bsz_2_loss_0.1_1_0/checkpoint-20/images/with_a_mountain_in_the_background/
07/08/2024 21:43:17 - INFO - __main__ - Running validation... 
 Generating 4 images with prompt:with a blue house in the background.
07/08/2024 21:43:30 - INFO - root - Image have been saved in /shenzihe/WD-Disk/output/mit_mascot_bsz_2_loss_0.1_1_0/checkpoint-20/images/with_a_blue_house_in_the_background/
07/08/2024 21:43:43 - INFO - root - Image have been saved in /shenzihe/WD-Disk/output/mit_mascot_bsz_2_loss_0.1_1_0/checkpoint-20/images/with_a_blue_house_in_the_background/
07/08/2024 21:43:57 - INFO - root - Image have been saved in /shenzihe/WD-Disk/output/mit_mascot_bsz_2_loss_0.1_1_0/checkpoint-20/images/with_a_blue_house_in_the_background/
07/08/2024 21:44:10 - INFO - root - Image have been saved in /shenzihe/WD-Disk/output/mit_mascot_bsz_2_loss_0.1_1_0/checkpoint-20/images/with_a_blue_house_in_the_background/
07/08/2024 21:44:10 - INFO - __main__ - Running validation... 
 Generating 4 images with prompt:on top of a purple rug in a forest.
07/08/2024 21:44:24 - INFO - root - Image have been saved in /shenzihe/WD-Disk/output/mit_mascot_bsz_2_loss_0.1_1_0/checkpoint-20/images/on_top_of_a_purple_rug_in_a_forest/
07/08/2024 21:44:37 - INFO - root - Image have been saved in /shenzihe/WD-Disk/output/mit_mascot_bsz_2_loss_0.1_1_0/checkpoint-20/images/on_top_of_a_purple_rug_in_a_forest/
07/08/2024 21:44:50 - INFO - root - Image have been saved in /shenzihe/WD-Disk/output/mit_mascot_bsz_2_loss_0.1_1_0/checkpoint-20/images/on_top_of_a_purple_rug_in_a_forest/
07/08/2024 21:45:04 - INFO - root - Image have been saved in /shenzihe/WD-Disk/output/mit_mascot_bsz_2_loss_0.1_1_0/checkpoint-20/images/on_top_of_a_purple_rug_in_a_forest/
07/08/2024 21:45:04 - INFO - __main__ - Running validation... 
 Generating 4 images with prompt:with a wheat field in the background.
07/08/2024 21:45:17 - INFO - root - Image have been saved in /shenzihe/WD-Disk/output/mit_mascot_bsz_2_loss_0.1_1_0/checkpoint-20/images/with_a_wheat_field_in_the_background/
07/08/2024 21:45:30 - INFO - root - Image have been saved in /shenzihe/WD-Disk/output/mit_mascot_bsz_2_loss_0.1_1_0/checkpoint-20/images/with_a_wheat_field_in_the_background/
07/08/2024 21:45:44 - INFO - root - Image have been saved in /shenzihe/WD-Disk/output/mit_mascot_bsz_2_loss_0.1_1_0/checkpoint-20/images/with_a_wheat_field_in_the_background/
07/08/2024 21:45:57 - INFO - root - Image have been saved in /shenzihe/WD-Disk/output/mit_mascot_bsz_2_loss_0.1_1_0/checkpoint-20/images/with_a_wheat_field_in_the_background/
07/08/2024 21:45:57 - INFO - __main__ - Running validation... 
 Generating 4 images with prompt:with a tree and autumn leaves in the background.
07/08/2024 21:46:10 - INFO - root - Image have been saved in /shenzihe/WD-Disk/output/mit_mascot_bsz_2_loss_0.1_1_0/checkpoint-20/images/with_a_tree_and_autumn_leaves_in_the_background/
07/08/2024 21:46:24 - INFO - root - Image have been saved in /shenzihe/WD-Disk/output/mit_mascot_bsz_2_loss_0.1_1_0/checkpoint-20/images/with_a_tree_and_autumn_leaves_in_the_background/
07/08/2024 21:46:37 - INFO - root - Image have been saved in /shenzihe/WD-Disk/output/mit_mascot_bsz_2_loss_0.1_1_0/checkpoint-20/images/with_a_tree_and_autumn_leaves_in_the_background/
07/08/2024 21:46:50 - INFO - root - Image have been saved in /shenzihe/WD-Disk/output/mit_mascot_bsz_2_loss_0.1_1_0/checkpoint-20/images/with_a_tree_and_autumn_leaves_in_the_background/
07/08/2024 21:46:50 - INFO - __main__ - Running validation... 
 Generating 4 images with prompt:with the Eiffel Tower in the background.
07/08/2024 21:47:04 - INFO - root - Image have been saved in /shenzihe/WD-Disk/output/mit_mascot_bsz_2_loss_0.1_1_0/checkpoint-20/images/with_the_Eiffel_Tower_in_the_background/
07/08/2024 21:47:17 - INFO - root - Image have been saved in /shenzihe/WD-Disk/output/mit_mascot_bsz_2_loss_0.1_1_0/checkpoint-20/images/with_the_Eiffel_Tower_in_the_background/
07/08/2024 21:47:30 - INFO - root - Image have been saved in /shenzihe/WD-Disk/output/mit_mascot_bsz_2_loss_0.1_1_0/checkpoint-20/images/with_the_Eiffel_Tower_in_the_background/
07/08/2024 21:47:43 - INFO - root - Image have been saved in /shenzihe/WD-Disk/output/mit_mascot_bsz_2_loss_0.1_1_0/checkpoint-20/images/with_the_Eiffel_Tower_in_the_background/
07/08/2024 21:47:43 - INFO - __main__ - Running validation... 
 Generating 4 images with prompt:floating on top of water.
07/08/2024 21:47:57 - INFO - root - Image have been saved in /shenzihe/WD-Disk/output/mit_mascot_bsz_2_loss_0.1_1_0/checkpoint-20/images/floating_on_top_of_water/
07/08/2024 21:48:10 - INFO - root - Image have been saved in /shenzihe/WD-Disk/output/mit_mascot_bsz_2_loss_0.1_1_0/checkpoint-20/images/floating_on_top_of_water/
07/08/2024 21:48:23 - INFO - root - Image have been saved in /shenzihe/WD-Disk/output/mit_mascot_bsz_2_loss_0.1_1_0/checkpoint-20/images/floating_on_top_of_water/
07/08/2024 21:48:37 - INFO - root - Image have been saved in /shenzihe/WD-Disk/output/mit_mascot_bsz_2_loss_0.1_1_0/checkpoint-20/images/floating_on_top_of_water/
07/08/2024 21:48:37 - INFO - __main__ - Running validation... 
 Generating 4 images with prompt:floating in an ocean of milk.
07/08/2024 21:48:50 - INFO - root - Image have been saved in /shenzihe/WD-Disk/output/mit_mascot_bsz_2_loss_0.1_1_0/checkpoint-20/images/floating_in_an_ocean_of_milk/
07/08/2024 21:49:03 - INFO - root - Image have been saved in /shenzihe/WD-Disk/output/mit_mascot_bsz_2_loss_0.1_1_0/checkpoint-20/images/floating_in_an_ocean_of_milk/
07/08/2024 21:49:17 - INFO - root - Image have been saved in /shenzihe/WD-Disk/output/mit_mascot_bsz_2_loss_0.1_1_0/checkpoint-20/images/floating_in_an_ocean_of_milk/
07/08/2024 21:49:30 - INFO - root - Image have been saved in /shenzihe/WD-Disk/output/mit_mascot_bsz_2_loss_0.1_1_0/checkpoint-20/images/floating_in_an_ocean_of_milk/
07/08/2024 21:49:30 - INFO - __main__ - Running validation... 
 Generating 4 images with prompt:on top of green grass with sunflowers around it.
07/08/2024 21:49:43 - INFO - root - Image have been saved in /shenzihe/WD-Disk/output/mit_mascot_bsz_2_loss_0.1_1_0/checkpoint-20/images/on_top_of_green_grass_with_sunflowers_around_it/
07/08/2024 21:49:57 - INFO - root - Image have been saved in /shenzihe/WD-Disk/output/mit_mascot_bsz_2_loss_0.1_1_0/checkpoint-20/images/on_top_of_green_grass_with_sunflowers_around_it/
07/08/2024 21:50:10 - INFO - root - Image have been saved in /shenzihe/WD-Disk/output/mit_mascot_bsz_2_loss_0.1_1_0/checkpoint-20/images/on_top_of_green_grass_with_sunflowers_around_it/
07/08/2024 21:50:23 - INFO - root - Image have been saved in /shenzihe/WD-Disk/output/mit_mascot_bsz_2_loss_0.1_1_0/checkpoint-20/images/on_top_of_green_grass_with_sunflowers_around_it/
07/08/2024 21:50:23 - INFO - __main__ - Running validation... 
 Generating 4 images with prompt:on top of a mirror.
07/08/2024 21:50:37 - INFO - root - Image have been saved in /shenzihe/WD-Disk/output/mit_mascot_bsz_2_loss_0.1_1_0/checkpoint-20/images/on_top_of_a_mirror/
07/08/2024 21:50:50 - INFO - root - Image have been saved in /shenzihe/WD-Disk/output/mit_mascot_bsz_2_loss_0.1_1_0/checkpoint-20/images/on_top_of_a_mirror/
07/08/2024 21:51:04 - INFO - root - Image have been saved in /shenzihe/WD-Disk/output/mit_mascot_bsz_2_loss_0.1_1_0/checkpoint-20/images/on_top_of_a_mirror/
07/08/2024 21:51:17 - INFO - root - Image have been saved in /shenzihe/WD-Disk/output/mit_mascot_bsz_2_loss_0.1_1_0/checkpoint-20/images/on_top_of_a_mirror/
07/08/2024 21:51:17 - INFO - __main__ - Running validation... 
 Generating 4 images with prompt:on top of the sidewalk in a crowded street.
07/08/2024 21:51:30 - INFO - root - Image have been saved in /shenzihe/WD-Disk/output/mit_mascot_bsz_2_loss_0.1_1_0/checkpoint-20/images/on_top_of_the_sidewalk_in_a_crowded_street/
07/08/2024 21:51:44 - INFO - root - Image have been saved in /shenzihe/WD-Disk/output/mit_mascot_bsz_2_loss_0.1_1_0/checkpoint-20/images/on_top_of_the_sidewalk_in_a_crowded_street/
07/08/2024 21:51:57 - INFO - root - Image have been saved in /shenzihe/WD-Disk/output/mit_mascot_bsz_2_loss_0.1_1_0/checkpoint-20/images/on_top_of_the_sidewalk_in_a_crowded_street/
07/08/2024 21:52:10 - INFO - root - Image have been saved in /shenzihe/WD-Disk/output/mit_mascot_bsz_2_loss_0.1_1_0/checkpoint-20/images/on_top_of_the_sidewalk_in_a_crowded_street/
07/08/2024 21:52:10 - INFO - __main__ - Running validation... 
 Generating 4 images with prompt:on top of a dirt road.
07/08/2024 21:52:24 - INFO - root - Image have been saved in /shenzihe/WD-Disk/output/mit_mascot_bsz_2_loss_0.1_1_0/checkpoint-20/images/on_top_of_a_dirt_road/
07/08/2024 21:52:37 - INFO - root - Image have been saved in /shenzihe/WD-Disk/output/mit_mascot_bsz_2_loss_0.1_1_0/checkpoint-20/images/on_top_of_a_dirt_road/
07/08/2024 21:52:51 - INFO - root - Image have been saved in /shenzihe/WD-Disk/output/mit_mascot_bsz_2_loss_0.1_1_0/checkpoint-20/images/on_top_of_a_dirt_road/
07/08/2024 21:53:04 - INFO - root - Image have been saved in /shenzihe/WD-Disk/output/mit_mascot_bsz_2_loss_0.1_1_0/checkpoint-20/images/on_top_of_a_dirt_road/
07/08/2024 21:53:04 - INFO - __main__ - Running validation... 
 Generating 4 images with prompt:on top of a white rug.
07/08/2024 21:53:17 - INFO - root - Image have been saved in /shenzihe/WD-Disk/output/mit_mascot_bsz_2_loss_0.1_1_0/checkpoint-20/images/on_top_of_a_white_rug/
07/08/2024 21:53:30 - INFO - root - Image have been saved in /shenzihe/WD-Disk/output/mit_mascot_bsz_2_loss_0.1_1_0/checkpoint-20/images/on_top_of_a_white_rug/
07/08/2024 21:53:44 - INFO - root - Image have been saved in /shenzihe/WD-Disk/output/mit_mascot_bsz_2_loss_0.1_1_0/checkpoint-20/images/on_top_of_a_white_rug/
07/08/2024 21:53:57 - INFO - root - Image have been saved in /shenzihe/WD-Disk/output/mit_mascot_bsz_2_loss_0.1_1_0/checkpoint-20/images/on_top_of_a_white_rug/
07/08/2024 21:53:57 - INFO - __main__ - Running validation... 
 Generating 4 images with prompt:red.
07/08/2024 21:54:10 - INFO - root - Image have been saved in /shenzihe/WD-Disk/output/mit_mascot_bsz_2_loss_0.1_1_0/checkpoint-20/images/red/
07/08/2024 21:54:24 - INFO - root - Image have been saved in /shenzihe/WD-Disk/output/mit_mascot_bsz_2_loss_0.1_1_0/checkpoint-20/images/red/
07/08/2024 21:54:37 - INFO - root - Image have been saved in /shenzihe/WD-Disk/output/mit_mascot_bsz_2_loss_0.1_1_0/checkpoint-20/images/red/
07/08/2024 21:54:50 - INFO - root - Image have been saved in /shenzihe/WD-Disk/output/mit_mascot_bsz_2_loss_0.1_1_0/checkpoint-20/images/red/
07/08/2024 21:54:50 - INFO - __main__ - Running validation... 
 Generating 4 images with prompt:purple.
07/08/2024 21:55:04 - INFO - root - Image have been saved in /shenzihe/WD-Disk/output/mit_mascot_bsz_2_loss_0.1_1_0/checkpoint-20/images/purple/
07/08/2024 21:55:17 - INFO - root - Image have been saved in /shenzihe/WD-Disk/output/mit_mascot_bsz_2_loss_0.1_1_0/checkpoint-20/images/purple/
07/08/2024 21:55:30 - INFO - root - Image have been saved in /shenzihe/WD-Disk/output/mit_mascot_bsz_2_loss_0.1_1_0/checkpoint-20/images/purple/
07/08/2024 21:55:44 - INFO - root - Image have been saved in /shenzihe/WD-Disk/output/mit_mascot_bsz_2_loss_0.1_1_0/checkpoint-20/images/purple/
07/08/2024 21:55:44 - INFO - __main__ - Running validation... 
 Generating 4 images with prompt:shiny.
07/08/2024 21:55:57 - INFO - root - Image have been saved in /shenzihe/WD-Disk/output/mit_mascot_bsz_2_loss_0.1_1_0/checkpoint-20/images/shiny/
07/08/2024 21:56:10 - INFO - root - Image have been saved in /shenzihe/WD-Disk/output/mit_mascot_bsz_2_loss_0.1_1_0/checkpoint-20/images/shiny/
07/08/2024 21:56:24 - INFO - root - Image have been saved in /shenzihe/WD-Disk/output/mit_mascot_bsz_2_loss_0.1_1_0/checkpoint-20/images/shiny/
07/08/2024 21:56:37 - INFO - root - Image have been saved in /shenzihe/WD-Disk/output/mit_mascot_bsz_2_loss_0.1_1_0/checkpoint-20/images/shiny/
07/08/2024 21:56:37 - INFO - __main__ - Running validation... 
 Generating 4 images with prompt:wet.
07/08/2024 21:56:50 - INFO - root - Image have been saved in /shenzihe/WD-Disk/output/mit_mascot_bsz_2_loss_0.1_1_0/checkpoint-20/images/wet/
07/08/2024 21:57:04 - INFO - root - Image have been saved in /shenzihe/WD-Disk/output/mit_mascot_bsz_2_loss_0.1_1_0/checkpoint-20/images/wet/
07/08/2024 21:57:17 - INFO - root - Image have been saved in /shenzihe/WD-Disk/output/mit_mascot_bsz_2_loss_0.1_1_0/checkpoint-20/images/wet/
07/08/2024 21:57:30 - INFO - root - Image have been saved in /shenzihe/WD-Disk/output/mit_mascot_bsz_2_loss_0.1_1_0/checkpoint-20/images/wet/
07/08/2024 21:57:30 - INFO - __main__ - Running validation... 
 Generating 4 images with prompt:cube shaped.
07/08/2024 21:57:44 - INFO - root - Image have been saved in /shenzihe/WD-Disk/output/mit_mascot_bsz_2_loss_0.1_1_0/checkpoint-20/images/cube_shaped/
07/08/2024 21:57:57 - INFO - root - Image have been saved in /shenzihe/WD-Disk/output/mit_mascot_bsz_2_loss_0.1_1_0/checkpoint-20/images/cube_shaped/
07/08/2024 21:58:10 - INFO - root - Image have been saved in /shenzihe/WD-Disk/output/mit_mascot_bsz_2_loss_0.1_1_0/checkpoint-20/images/cube_shaped/
07/08/2024 21:58:23 - INFO - root - Image have been saved in /shenzihe/WD-Disk/output/mit_mascot_bsz_2_loss_0.1_1_0/checkpoint-20/images/cube_shaped/
07/08/2024 21:58:26 - INFO - root - {'loss': 0.017141439020633698, 'lr': 0.0001}
07/08/2024 21:58:28 - INFO - root - {'loss': 0.4752940833568573, 'lr': 0.0001}
07/08/2024 21:58:30 - INFO - root - {'loss': 0.18622992932796478, 'lr': 0.0001}
07/08/2024 21:58:32 - INFO - root - {'loss': 0.14665211737155914, 'lr': 0.0001}
07/08/2024 21:58:34 - INFO - root - {'loss': 0.21133090555667877, 'lr': 0.0001}
07/08/2024 21:58:36 - INFO - root - {'loss': 0.11185406148433685, 'lr': 0.0001}
07/08/2024 21:58:39 - INFO - root - {'loss': 0.09494990855455399, 'lr': 0.0001}
07/08/2024 21:58:41 - INFO - root - {'loss': 0.5036645531654358, 'lr': 0.0001}
07/08/2024 21:58:43 - INFO - root - {'loss': 0.4934910237789154, 'lr': 0.0001}
07/08/2024 21:58:45 - INFO - root - {'loss': 0.27120381593704224, 'lr': 0.0001}
07/08/2024 21:58:47 - INFO - root - {'loss': 0.15371210873126984, 'lr': 0.0001}
07/08/2024 21:58:49 - INFO - root - {'loss': 0.22704307734966278, 'lr': 0.0001}
07/08/2024 21:58:51 - INFO - root - {'loss': 0.12677820026874542, 'lr': 0.0001}
07/08/2024 21:58:53 - INFO - root - {'loss': 0.005936210043728352, 'lr': 0.0001}
07/08/2024 21:58:56 - INFO - root - {'loss': 0.1799091100692749, 'lr': 0.0001}
07/08/2024 21:58:58 - INFO - root - {'loss': 0.05785658210515976, 'lr': 0.0001}
07/08/2024 21:59:00 - INFO - root - {'loss': 0.6053063273429871, 'lr': 0.0001}
07/08/2024 21:59:02 - INFO - root - {'loss': 0.6390647888183594, 'lr': 0.0001}
07/08/2024 21:59:04 - INFO - root - {'loss': 0.08463279902935028, 'lr': 0.0001}
07/08/2024 21:59:06 - INFO - root - {'loss': 0.376725971698761, 'lr': 0.0001}
07/08/2024 21:59:06 - INFO - __main__ - Running validation... 
 Generating 4 images with prompt:in the jungle.
07/08/2024 21:59:19 - INFO - root - Image have been saved in /shenzihe/WD-Disk/output/mit_mascot_bsz_2_loss_0.1_1_0/checkpoint-40/images/in_the_jungle/
07/08/2024 21:59:33 - INFO - root - Image have been saved in /shenzihe/WD-Disk/output/mit_mascot_bsz_2_loss_0.1_1_0/checkpoint-40/images/in_the_jungle/
07/08/2024 21:59:46 - INFO - root - Image have been saved in /shenzihe/WD-Disk/output/mit_mascot_bsz_2_loss_0.1_1_0/checkpoint-40/images/in_the_jungle/
07/08/2024 21:59:59 - INFO - root - Image have been saved in /shenzihe/WD-Disk/output/mit_mascot_bsz_2_loss_0.1_1_0/checkpoint-40/images/in_the_jungle/
07/08/2024 21:59:59 - INFO - __main__ - Running validation... 
 Generating 4 images with prompt:in the snow.
07/08/2024 22:00:13 - INFO - root - Image have been saved in /shenzihe/WD-Disk/output/mit_mascot_bsz_2_loss_0.1_1_0/checkpoint-40/images/in_the_snow/
07/08/2024 22:00:26 - INFO - root - Image have been saved in /shenzihe/WD-Disk/output/mit_mascot_bsz_2_loss_0.1_1_0/checkpoint-40/images/in_the_snow/
07/08/2024 22:00:39 - INFO - root - Image have been saved in /shenzihe/WD-Disk/output/mit_mascot_bsz_2_loss_0.1_1_0/checkpoint-40/images/in_the_snow/
07/08/2024 22:00:53 - INFO - root - Image have been saved in /shenzihe/WD-Disk/output/mit_mascot_bsz_2_loss_0.1_1_0/checkpoint-40/images/in_the_snow/
07/08/2024 22:00:53 - INFO - __main__ - Running validation... 
 Generating 4 images with prompt:on the beach.
07/08/2024 22:01:06 - INFO - root - Image have been saved in /shenzihe/WD-Disk/output/mit_mascot_bsz_2_loss_0.1_1_0/checkpoint-40/images/on_the_beach/
07/08/2024 22:01:19 - INFO - root - Image have been saved in /shenzihe/WD-Disk/output/mit_mascot_bsz_2_loss_0.1_1_0/checkpoint-40/images/on_the_beach/
07/08/2024 22:01:33 - INFO - root - Image have been saved in /shenzihe/WD-Disk/output/mit_mascot_bsz_2_loss_0.1_1_0/checkpoint-40/images/on_the_beach/
07/08/2024 22:01:46 - INFO - root - Image have been saved in /shenzihe/WD-Disk/output/mit_mascot_bsz_2_loss_0.1_1_0/checkpoint-40/images/on_the_beach/
07/08/2024 22:01:46 - INFO - __main__ - Running validation... 
 Generating 4 images with prompt:on a cobblestone street.
07/08/2024 22:01:59 - INFO - root - Image have been saved in /shenzihe/WD-Disk/output/mit_mascot_bsz_2_loss_0.1_1_0/checkpoint-40/images/on_a_cobblestone_street/
07/08/2024 22:02:13 - INFO - root - Image have been saved in /shenzihe/WD-Disk/output/mit_mascot_bsz_2_loss_0.1_1_0/checkpoint-40/images/on_a_cobblestone_street/
07/08/2024 22:02:26 - INFO - root - Image have been saved in /shenzihe/WD-Disk/output/mit_mascot_bsz_2_loss_0.1_1_0/checkpoint-40/images/on_a_cobblestone_street/
07/08/2024 22:02:39 - INFO - root - Image have been saved in /shenzihe/WD-Disk/output/mit_mascot_bsz_2_loss_0.1_1_0/checkpoint-40/images/on_a_cobblestone_street/
07/08/2024 22:02:39 - INFO - __main__ - Running validation... 
 Generating 4 images with prompt:on top of pink fabric.
07/08/2024 22:02:53 - INFO - root - Image have been saved in /shenzihe/WD-Disk/output/mit_mascot_bsz_2_loss_0.1_1_0/checkpoint-40/images/on_top_of_pink_fabric/
07/08/2024 22:03:06 - INFO - root - Image have been saved in /shenzihe/WD-Disk/output/mit_mascot_bsz_2_loss_0.1_1_0/checkpoint-40/images/on_top_of_pink_fabric/
07/08/2024 22:03:19 - INFO - root - Image have been saved in /shenzihe/WD-Disk/output/mit_mascot_bsz_2_loss_0.1_1_0/checkpoint-40/images/on_top_of_pink_fabric/
07/08/2024 22:03:33 - INFO - root - Image have been saved in /shenzihe/WD-Disk/output/mit_mascot_bsz_2_loss_0.1_1_0/checkpoint-40/images/on_top_of_pink_fabric/
07/08/2024 22:03:33 - INFO - __main__ - Running validation... 
 Generating 4 images with prompt:on top of a wooden floor.
07/08/2024 22:03:46 - INFO - root - Image have been saved in /shenzihe/WD-Disk/output/mit_mascot_bsz_2_loss_0.1_1_0/checkpoint-40/images/on_top_of_a_wooden_floor/
07/08/2024 22:03:59 - INFO - root - Image have been saved in /shenzihe/WD-Disk/output/mit_mascot_bsz_2_loss_0.1_1_0/checkpoint-40/images/on_top_of_a_wooden_floor/
07/08/2024 22:04:12 - INFO - root - Image have been saved in /shenzihe/WD-Disk/output/mit_mascot_bsz_2_loss_0.1_1_0/checkpoint-40/images/on_top_of_a_wooden_floor/
07/08/2024 22:04:26 - INFO - root - Image have been saved in /shenzihe/WD-Disk/output/mit_mascot_bsz_2_loss_0.1_1_0/checkpoint-40/images/on_top_of_a_wooden_floor/
07/08/2024 22:04:26 - INFO - __main__ - Running validation... 
 Generating 4 images with prompt:with a city in the background.
07/08/2024 22:04:39 - INFO - root - Image have been saved in /shenzihe/WD-Disk/output/mit_mascot_bsz_2_loss_0.1_1_0/checkpoint-40/images/with_a_city_in_the_background/
07/08/2024 22:04:52 - INFO - root - Image have been saved in /shenzihe/WD-Disk/output/mit_mascot_bsz_2_loss_0.1_1_0/checkpoint-40/images/with_a_city_in_the_background/
07/08/2024 22:05:06 - INFO - root - Image have been saved in /shenzihe/WD-Disk/output/mit_mascot_bsz_2_loss_0.1_1_0/checkpoint-40/images/with_a_city_in_the_background/
07/08/2024 22:05:19 - INFO - root - Image have been saved in /shenzihe/WD-Disk/output/mit_mascot_bsz_2_loss_0.1_1_0/checkpoint-40/images/with_a_city_in_the_background/
07/08/2024 22:05:19 - INFO - __main__ - Running validation... 
 Generating 4 images with prompt:with a mountain in the background.
07/08/2024 22:05:32 - INFO - root - Image have been saved in /shenzihe/WD-Disk/output/mit_mascot_bsz_2_loss_0.1_1_0/checkpoint-40/images/with_a_mountain_in_the_background/
07/08/2024 22:05:46 - INFO - root - Image have been saved in /shenzihe/WD-Disk/output/mit_mascot_bsz_2_loss_0.1_1_0/checkpoint-40/images/with_a_mountain_in_the_background/
07/08/2024 22:05:59 - INFO - root - Image have been saved in /shenzihe/WD-Disk/output/mit_mascot_bsz_2_loss_0.1_1_0/checkpoint-40/images/with_a_mountain_in_the_background/
07/08/2024 22:06:12 - INFO - root - Image have been saved in /shenzihe/WD-Disk/output/mit_mascot_bsz_2_loss_0.1_1_0/checkpoint-40/images/with_a_mountain_in_the_background/
07/08/2024 22:06:12 - INFO - __main__ - Running validation... 
 Generating 4 images with prompt:with a blue house in the background.
07/08/2024 22:06:26 - INFO - root - Image have been saved in /shenzihe/WD-Disk/output/mit_mascot_bsz_2_loss_0.1_1_0/checkpoint-40/images/with_a_blue_house_in_the_background/
07/08/2024 22:06:39 - INFO - root - Image have been saved in /shenzihe/WD-Disk/output/mit_mascot_bsz_2_loss_0.1_1_0/checkpoint-40/images/with_a_blue_house_in_the_background/
07/08/2024 22:06:52 - INFO - root - Image have been saved in /shenzihe/WD-Disk/output/mit_mascot_bsz_2_loss_0.1_1_0/checkpoint-40/images/with_a_blue_house_in_the_background/
07/08/2024 22:07:05 - INFO - root - Image have been saved in /shenzihe/WD-Disk/output/mit_mascot_bsz_2_loss_0.1_1_0/checkpoint-40/images/with_a_blue_house_in_the_background/
07/08/2024 22:07:05 - INFO - __main__ - Running validation... 
 Generating 4 images with prompt:on top of a purple rug in a forest.
07/08/2024 22:07:19 - INFO - root - Image have been saved in /shenzihe/WD-Disk/output/mit_mascot_bsz_2_loss_0.1_1_0/checkpoint-40/images/on_top_of_a_purple_rug_in_a_forest/
07/08/2024 22:07:32 - INFO - root - Image have been saved in /shenzihe/WD-Disk/output/mit_mascot_bsz_2_loss_0.1_1_0/checkpoint-40/images/on_top_of_a_purple_rug_in_a_forest/
07/08/2024 22:07:45 - INFO - root - Image have been saved in /shenzihe/WD-Disk/output/mit_mascot_bsz_2_loss_0.1_1_0/checkpoint-40/images/on_top_of_a_purple_rug_in_a_forest/
07/08/2024 22:07:59 - INFO - root - Image have been saved in /shenzihe/WD-Disk/output/mit_mascot_bsz_2_loss_0.1_1_0/checkpoint-40/images/on_top_of_a_purple_rug_in_a_forest/
07/08/2024 22:07:59 - INFO - __main__ - Running validation... 
 Generating 4 images with prompt:with a wheat field in the background.
07/08/2024 22:08:12 - INFO - root - Image have been saved in /shenzihe/WD-Disk/output/mit_mascot_bsz_2_loss_0.1_1_0/checkpoint-40/images/with_a_wheat_field_in_the_background/
07/08/2024 22:08:25 - INFO - root - Image have been saved in /shenzihe/WD-Disk/output/mit_mascot_bsz_2_loss_0.1_1_0/checkpoint-40/images/with_a_wheat_field_in_the_background/
07/08/2024 22:08:39 - INFO - root - Image have been saved in /shenzihe/WD-Disk/output/mit_mascot_bsz_2_loss_0.1_1_0/checkpoint-40/images/with_a_wheat_field_in_the_background/
07/08/2024 22:08:52 - INFO - root - Image have been saved in /shenzihe/WD-Disk/output/mit_mascot_bsz_2_loss_0.1_1_0/checkpoint-40/images/with_a_wheat_field_in_the_background/
07/08/2024 22:08:52 - INFO - __main__ - Running validation... 
 Generating 4 images with prompt:with a tree and autumn leaves in the background.
07/08/2024 22:09:05 - INFO - root - Image have been saved in /shenzihe/WD-Disk/output/mit_mascot_bsz_2_loss_0.1_1_0/checkpoint-40/images/with_a_tree_and_autumn_leaves_in_the_background/
07/08/2024 22:09:19 - INFO - root - Image have been saved in /shenzihe/WD-Disk/output/mit_mascot_bsz_2_loss_0.1_1_0/checkpoint-40/images/with_a_tree_and_autumn_leaves_in_the_background/
07/08/2024 22:09:32 - INFO - root - Image have been saved in /shenzihe/WD-Disk/output/mit_mascot_bsz_2_loss_0.1_1_0/checkpoint-40/images/with_a_tree_and_autumn_leaves_in_the_background/
07/08/2024 22:09:45 - INFO - root - Image have been saved in /shenzihe/WD-Disk/output/mit_mascot_bsz_2_loss_0.1_1_0/checkpoint-40/images/with_a_tree_and_autumn_leaves_in_the_background/
07/08/2024 22:09:45 - INFO - __main__ - Running validation... 
 Generating 4 images with prompt:with the Eiffel Tower in the background.
07/08/2024 22:09:58 - INFO - root - Image have been saved in /shenzihe/WD-Disk/output/mit_mascot_bsz_2_loss_0.1_1_0/checkpoint-40/images/with_the_Eiffel_Tower_in_the_background/
07/08/2024 22:10:12 - INFO - root - Image have been saved in /shenzihe/WD-Disk/output/mit_mascot_bsz_2_loss_0.1_1_0/checkpoint-40/images/with_the_Eiffel_Tower_in_the_background/
07/08/2024 22:10:25 - INFO - root - Image have been saved in /shenzihe/WD-Disk/output/mit_mascot_bsz_2_loss_0.1_1_0/checkpoint-40/images/with_the_Eiffel_Tower_in_the_background/
07/08/2024 22:10:38 - INFO - root - Image have been saved in /shenzihe/WD-Disk/output/mit_mascot_bsz_2_loss_0.1_1_0/checkpoint-40/images/with_the_Eiffel_Tower_in_the_background/
07/08/2024 22:10:38 - INFO - __main__ - Running validation... 
 Generating 4 images with prompt:floating on top of water.
07/08/2024 22:10:52 - INFO - root - Image have been saved in /shenzihe/WD-Disk/output/mit_mascot_bsz_2_loss_0.1_1_0/checkpoint-40/images/floating_on_top_of_water/
07/08/2024 22:11:05 - INFO - root - Image have been saved in /shenzihe/WD-Disk/output/mit_mascot_bsz_2_loss_0.1_1_0/checkpoint-40/images/floating_on_top_of_water/
07/08/2024 22:11:18 - INFO - root - Image have been saved in /shenzihe/WD-Disk/output/mit_mascot_bsz_2_loss_0.1_1_0/checkpoint-40/images/floating_on_top_of_water/
07/08/2024 22:11:32 - INFO - root - Image have been saved in /shenzihe/WD-Disk/output/mit_mascot_bsz_2_loss_0.1_1_0/checkpoint-40/images/floating_on_top_of_water/
07/08/2024 22:11:32 - INFO - __main__ - Running validation... 
 Generating 4 images with prompt:floating in an ocean of milk.
07/08/2024 22:11:45 - INFO - root - Image have been saved in /shenzihe/WD-Disk/output/mit_mascot_bsz_2_loss_0.1_1_0/checkpoint-40/images/floating_in_an_ocean_of_milk/
07/08/2024 22:11:58 - INFO - root - Image have been saved in /shenzihe/WD-Disk/output/mit_mascot_bsz_2_loss_0.1_1_0/checkpoint-40/images/floating_in_an_ocean_of_milk/
07/08/2024 22:12:12 - INFO - root - Image have been saved in /shenzihe/WD-Disk/output/mit_mascot_bsz_2_loss_0.1_1_0/checkpoint-40/images/floating_in_an_ocean_of_milk/
07/08/2024 22:12:25 - INFO - root - Image have been saved in /shenzihe/WD-Disk/output/mit_mascot_bsz_2_loss_0.1_1_0/checkpoint-40/images/floating_in_an_ocean_of_milk/
07/08/2024 22:12:25 - INFO - __main__ - Running validation... 
 Generating 4 images with prompt:on top of green grass with sunflowers around it.
07/08/2024 22:12:38 - INFO - root - Image have been saved in /shenzihe/WD-Disk/output/mit_mascot_bsz_2_loss_0.1_1_0/checkpoint-40/images/on_top_of_green_grass_with_sunflowers_around_it/
07/08/2024 22:12:51 - INFO - root - Image have been saved in /shenzihe/WD-Disk/output/mit_mascot_bsz_2_loss_0.1_1_0/checkpoint-40/images/on_top_of_green_grass_with_sunflowers_around_it/
07/08/2024 22:13:05 - INFO - root - Image have been saved in /shenzihe/WD-Disk/output/mit_mascot_bsz_2_loss_0.1_1_0/checkpoint-40/images/on_top_of_green_grass_with_sunflowers_around_it/
07/08/2024 22:13:18 - INFO - root - Image have been saved in /shenzihe/WD-Disk/output/mit_mascot_bsz_2_loss_0.1_1_0/checkpoint-40/images/on_top_of_green_grass_with_sunflowers_around_it/
07/08/2024 22:13:18 - INFO - __main__ - Running validation... 
 Generating 4 images with prompt:on top of a mirror.
07/08/2024 22:13:31 - INFO - root - Image have been saved in /shenzihe/WD-Disk/output/mit_mascot_bsz_2_loss_0.1_1_0/checkpoint-40/images/on_top_of_a_mirror/
07/08/2024 22:13:45 - INFO - root - Image have been saved in /shenzihe/WD-Disk/output/mit_mascot_bsz_2_loss_0.1_1_0/checkpoint-40/images/on_top_of_a_mirror/
07/08/2024 22:13:58 - INFO - root - Image have been saved in /shenzihe/WD-Disk/output/mit_mascot_bsz_2_loss_0.1_1_0/checkpoint-40/images/on_top_of_a_mirror/
07/08/2024 22:14:11 - INFO - root - Image have been saved in /shenzihe/WD-Disk/output/mit_mascot_bsz_2_loss_0.1_1_0/checkpoint-40/images/on_top_of_a_mirror/
07/08/2024 22:14:11 - INFO - __main__ - Running validation... 
 Generating 4 images with prompt:on top of the sidewalk in a crowded street.
07/08/2024 22:14:24 - INFO - root - Image have been saved in /shenzihe/WD-Disk/output/mit_mascot_bsz_2_loss_0.1_1_0/checkpoint-40/images/on_top_of_the_sidewalk_in_a_crowded_street/
07/08/2024 22:14:38 - INFO - root - Image have been saved in /shenzihe/WD-Disk/output/mit_mascot_bsz_2_loss_0.1_1_0/checkpoint-40/images/on_top_of_the_sidewalk_in_a_crowded_street/
07/08/2024 22:14:51 - INFO - root - Image have been saved in /shenzihe/WD-Disk/output/mit_mascot_bsz_2_loss_0.1_1_0/checkpoint-40/images/on_top_of_the_sidewalk_in_a_crowded_street/
07/08/2024 22:15:04 - INFO - root - Image have been saved in /shenzihe/WD-Disk/output/mit_mascot_bsz_2_loss_0.1_1_0/checkpoint-40/images/on_top_of_the_sidewalk_in_a_crowded_street/
07/08/2024 22:15:04 - INFO - __main__ - Running validation... 
 Generating 4 images with prompt:on top of a dirt road.
07/08/2024 22:15:18 - INFO - root - Image have been saved in /shenzihe/WD-Disk/output/mit_mascot_bsz_2_loss_0.1_1_0/checkpoint-40/images/on_top_of_a_dirt_road/
07/08/2024 22:15:31 - INFO - root - Image have been saved in /shenzihe/WD-Disk/output/mit_mascot_bsz_2_loss_0.1_1_0/checkpoint-40/images/on_top_of_a_dirt_road/
07/08/2024 22:15:44 - INFO - root - Image have been saved in /shenzihe/WD-Disk/output/mit_mascot_bsz_2_loss_0.1_1_0/checkpoint-40/images/on_top_of_a_dirt_road/
07/08/2024 22:15:57 - INFO - root - Image have been saved in /shenzihe/WD-Disk/output/mit_mascot_bsz_2_loss_0.1_1_0/checkpoint-40/images/on_top_of_a_dirt_road/
07/08/2024 22:15:57 - INFO - __main__ - Running validation... 
 Generating 4 images with prompt:on top of a white rug.
07/08/2024 22:16:11 - INFO - root - Image have been saved in /shenzihe/WD-Disk/output/mit_mascot_bsz_2_loss_0.1_1_0/checkpoint-40/images/on_top_of_a_white_rug/
07/08/2024 22:16:24 - INFO - root - Image have been saved in /shenzihe/WD-Disk/output/mit_mascot_bsz_2_loss_0.1_1_0/checkpoint-40/images/on_top_of_a_white_rug/
07/08/2024 22:16:37 - INFO - root - Image have been saved in /shenzihe/WD-Disk/output/mit_mascot_bsz_2_loss_0.1_1_0/checkpoint-40/images/on_top_of_a_white_rug/
07/08/2024 22:16:51 - INFO - root - Image have been saved in /shenzihe/WD-Disk/output/mit_mascot_bsz_2_loss_0.1_1_0/checkpoint-40/images/on_top_of_a_white_rug/
07/08/2024 22:16:51 - INFO - __main__ - Running validation... 
 Generating 4 images with prompt:red.
07/08/2024 22:17:04 - INFO - root - Image have been saved in /shenzihe/WD-Disk/output/mit_mascot_bsz_2_loss_0.1_1_0/checkpoint-40/images/red/
07/08/2024 22:17:17 - INFO - root - Image have been saved in /shenzihe/WD-Disk/output/mit_mascot_bsz_2_loss_0.1_1_0/checkpoint-40/images/red/
07/08/2024 22:17:31 - INFO - root - Image have been saved in /shenzihe/WD-Disk/output/mit_mascot_bsz_2_loss_0.1_1_0/checkpoint-40/images/red/
07/08/2024 22:17:44 - INFO - root - Image have been saved in /shenzihe/WD-Disk/output/mit_mascot_bsz_2_loss_0.1_1_0/checkpoint-40/images/red/
07/08/2024 22:17:44 - INFO - __main__ - Running validation... 
 Generating 4 images with prompt:purple.
07/08/2024 22:17:57 - INFO - root - Image have been saved in /shenzihe/WD-Disk/output/mit_mascot_bsz_2_loss_0.1_1_0/checkpoint-40/images/purple/
07/08/2024 22:18:11 - INFO - root - Image have been saved in /shenzihe/WD-Disk/output/mit_mascot_bsz_2_loss_0.1_1_0/checkpoint-40/images/purple/
07/08/2024 22:18:24 - INFO - root - Image have been saved in /shenzihe/WD-Disk/output/mit_mascot_bsz_2_loss_0.1_1_0/checkpoint-40/images/purple/
07/08/2024 22:18:37 - INFO - root - Image have been saved in /shenzihe/WD-Disk/output/mit_mascot_bsz_2_loss_0.1_1_0/checkpoint-40/images/purple/
07/08/2024 22:18:37 - INFO - __main__ - Running validation... 
 Generating 4 images with prompt:shiny.
07/08/2024 22:18:50 - INFO - root - Image have been saved in /shenzihe/WD-Disk/output/mit_mascot_bsz_2_loss_0.1_1_0/checkpoint-40/images/shiny/
07/08/2024 22:19:04 - INFO - root - Image have been saved in /shenzihe/WD-Disk/output/mit_mascot_bsz_2_loss_0.1_1_0/checkpoint-40/images/shiny/
07/08/2024 22:19:17 - INFO - root - Image have been saved in /shenzihe/WD-Disk/output/mit_mascot_bsz_2_loss_0.1_1_0/checkpoint-40/images/shiny/
07/08/2024 22:19:30 - INFO - root - Image have been saved in /shenzihe/WD-Disk/output/mit_mascot_bsz_2_loss_0.1_1_0/checkpoint-40/images/shiny/
07/08/2024 22:19:30 - INFO - __main__ - Running validation... 
 Generating 4 images with prompt:wet.
07/08/2024 22:19:44 - INFO - root - Image have been saved in /shenzihe/WD-Disk/output/mit_mascot_bsz_2_loss_0.1_1_0/checkpoint-40/images/wet/
07/08/2024 22:19:57 - INFO - root - Image have been saved in /shenzihe/WD-Disk/output/mit_mascot_bsz_2_loss_0.1_1_0/checkpoint-40/images/wet/
07/08/2024 22:20:10 - INFO - root - Image have been saved in /shenzihe/WD-Disk/output/mit_mascot_bsz_2_loss_0.1_1_0/checkpoint-40/images/wet/
07/08/2024 22:20:24 - INFO - root - Image have been saved in /shenzihe/WD-Disk/output/mit_mascot_bsz_2_loss_0.1_1_0/checkpoint-40/images/wet/
07/08/2024 22:20:24 - INFO - __main__ - Running validation... 
 Generating 4 images with prompt:cube shaped.
07/08/2024 22:20:37 - INFO - root - Image have been saved in /shenzihe/WD-Disk/output/mit_mascot_bsz_2_loss_0.1_1_0/checkpoint-40/images/cube_shaped/
07/08/2024 22:20:50 - INFO - root - Image have been saved in /shenzihe/WD-Disk/output/mit_mascot_bsz_2_loss_0.1_1_0/checkpoint-40/images/cube_shaped/
07/08/2024 22:21:03 - INFO - root - Image have been saved in /shenzihe/WD-Disk/output/mit_mascot_bsz_2_loss_0.1_1_0/checkpoint-40/images/cube_shaped/
07/08/2024 22:21:17 - INFO - root - Image have been saved in /shenzihe/WD-Disk/output/mit_mascot_bsz_2_loss_0.1_1_0/checkpoint-40/images/cube_shaped/
07/08/2024 22:21:19 - INFO - root - {'loss': 0.09333039075136185, 'lr': 0.0001}
07/08/2024 22:21:21 - INFO - root - {'loss': 0.08077134937047958, 'lr': 0.0001}
07/08/2024 22:21:23 - INFO - root - {'loss': 0.2721462547779083, 'lr': 0.0001}
07/08/2024 22:21:25 - INFO - root - {'loss': 0.011052308604121208, 'lr': 0.0001}
07/08/2024 22:21:27 - INFO - root - {'loss': 0.11112400889396667, 'lr': 0.0001}
07/08/2024 22:21:30 - INFO - root - {'loss': 0.10358724743127823, 'lr': 0.0001}
07/08/2024 22:21:32 - INFO - root - {'loss': 0.01401589997112751, 'lr': 0.0001}
07/08/2024 22:21:34 - INFO - root - {'loss': 0.13215920329093933, 'lr': 0.0001}
07/08/2024 22:21:36 - INFO - root - {'loss': 0.13904012739658356, 'lr': 0.0001}
07/08/2024 22:21:38 - INFO - root - {'loss': 0.0747734010219574, 'lr': 0.0001}
07/08/2024 22:21:40 - INFO - root - {'loss': 0.16487601399421692, 'lr': 0.0001}
07/08/2024 22:21:42 - INFO - root - {'loss': 0.28912612795829773, 'lr': 0.0001}
07/08/2024 22:21:44 - INFO - root - {'loss': 0.06468857824802399, 'lr': 0.0001}
07/08/2024 22:21:47 - INFO - root - {'loss': 0.2845169007778168, 'lr': 0.0001}
07/08/2024 22:21:49 - INFO - root - {'loss': 0.14466160535812378, 'lr': 0.0001}
07/08/2024 22:21:51 - INFO - root - {'loss': 0.11311976611614227, 'lr': 0.0001}
07/08/2024 22:21:53 - INFO - root - {'loss': 0.20677311718463898, 'lr': 0.0001}
07/08/2024 22:21:55 - INFO - root - {'loss': 0.02970333769917488, 'lr': 0.0001}
07/08/2024 22:21:57 - INFO - root - {'loss': 0.1719442754983902, 'lr': 0.0001}
07/08/2024 22:21:59 - INFO - root - {'loss': 0.08625366538763046, 'lr': 0.0001}
07/08/2024 22:21:59 - INFO - __main__ - Running validation... 
 Generating 4 images with prompt:in the jungle.
07/08/2024 22:22:13 - INFO - root - Image have been saved in /shenzihe/WD-Disk/output/mit_mascot_bsz_2_loss_0.1_1_0/checkpoint-60/images/in_the_jungle/
07/08/2024 22:22:26 - INFO - root - Image have been saved in /shenzihe/WD-Disk/output/mit_mascot_bsz_2_loss_0.1_1_0/checkpoint-60/images/in_the_jungle/
07/08/2024 22:22:39 - INFO - root - Image have been saved in /shenzihe/WD-Disk/output/mit_mascot_bsz_2_loss_0.1_1_0/checkpoint-60/images/in_the_jungle/
07/08/2024 22:22:53 - INFO - root - Image have been saved in /shenzihe/WD-Disk/output/mit_mascot_bsz_2_loss_0.1_1_0/checkpoint-60/images/in_the_jungle/
07/08/2024 22:22:53 - INFO - __main__ - Running validation... 
 Generating 4 images with prompt:in the snow.
07/08/2024 22:23:06 - INFO - root - Image have been saved in /shenzihe/WD-Disk/output/mit_mascot_bsz_2_loss_0.1_1_0/checkpoint-60/images/in_the_snow/
07/08/2024 22:23:19 - INFO - root - Image have been saved in /shenzihe/WD-Disk/output/mit_mascot_bsz_2_loss_0.1_1_0/checkpoint-60/images/in_the_snow/
07/08/2024 22:23:33 - INFO - root - Image have been saved in /shenzihe/WD-Disk/output/mit_mascot_bsz_2_loss_0.1_1_0/checkpoint-60/images/in_the_snow/
07/08/2024 22:23:46 - INFO - root - Image have been saved in /shenzihe/WD-Disk/output/mit_mascot_bsz_2_loss_0.1_1_0/checkpoint-60/images/in_the_snow/
07/08/2024 22:23:46 - INFO - __main__ - Running validation... 
 Generating 4 images with prompt:on the beach.
07/08/2024 22:23:59 - INFO - root - Image have been saved in /shenzihe/WD-Disk/output/mit_mascot_bsz_2_loss_0.1_1_0/checkpoint-60/images/on_the_beach/
07/08/2024 22:24:12 - INFO - root - Image have been saved in /shenzihe/WD-Disk/output/mit_mascot_bsz_2_loss_0.1_1_0/checkpoint-60/images/on_the_beach/
07/08/2024 22:24:26 - INFO - root - Image have been saved in /shenzihe/WD-Disk/output/mit_mascot_bsz_2_loss_0.1_1_0/checkpoint-60/images/on_the_beach/
07/08/2024 22:24:39 - INFO - root - Image have been saved in /shenzihe/WD-Disk/output/mit_mascot_bsz_2_loss_0.1_1_0/checkpoint-60/images/on_the_beach/
07/08/2024 22:24:39 - INFO - __main__ - Running validation... 
 Generating 4 images with prompt:on a cobblestone street.
07/08/2024 22:24:52 - INFO - root - Image have been saved in /shenzihe/WD-Disk/output/mit_mascot_bsz_2_loss_0.1_1_0/checkpoint-60/images/on_a_cobblestone_street/
07/08/2024 22:25:06 - INFO - root - Image have been saved in /shenzihe/WD-Disk/output/mit_mascot_bsz_2_loss_0.1_1_0/checkpoint-60/images/on_a_cobblestone_street/
07/08/2024 22:25:19 - INFO - root - Image have been saved in /shenzihe/WD-Disk/output/mit_mascot_bsz_2_loss_0.1_1_0/checkpoint-60/images/on_a_cobblestone_street/
07/08/2024 22:25:32 - INFO - root - Image have been saved in /shenzihe/WD-Disk/output/mit_mascot_bsz_2_loss_0.1_1_0/checkpoint-60/images/on_a_cobblestone_street/
07/08/2024 22:25:32 - INFO - __main__ - Running validation... 
 Generating 4 images with prompt:on top of pink fabric.
07/08/2024 22:25:46 - INFO - root - Image have been saved in /shenzihe/WD-Disk/output/mit_mascot_bsz_2_loss_0.1_1_0/checkpoint-60/images/on_top_of_pink_fabric/
07/08/2024 22:25:59 - INFO - root - Image have been saved in /shenzihe/WD-Disk/output/mit_mascot_bsz_2_loss_0.1_1_0/checkpoint-60/images/on_top_of_pink_fabric/
07/08/2024 22:26:12 - INFO - root - Image have been saved in /shenzihe/WD-Disk/output/mit_mascot_bsz_2_loss_0.1_1_0/checkpoint-60/images/on_top_of_pink_fabric/
07/08/2024 22:26:26 - INFO - root - Image have been saved in /shenzihe/WD-Disk/output/mit_mascot_bsz_2_loss_0.1_1_0/checkpoint-60/images/on_top_of_pink_fabric/
07/08/2024 22:26:26 - INFO - __main__ - Running validation... 
 Generating 4 images with prompt:on top of a wooden floor.
07/08/2024 22:26:39 - INFO - root - Image have been saved in /shenzihe/WD-Disk/output/mit_mascot_bsz_2_loss_0.1_1_0/checkpoint-60/images/on_top_of_a_wooden_floor/
07/08/2024 22:26:52 - INFO - root - Image have been saved in /shenzihe/WD-Disk/output/mit_mascot_bsz_2_loss_0.1_1_0/checkpoint-60/images/on_top_of_a_wooden_floor/
07/08/2024 22:27:05 - INFO - root - Image have been saved in /shenzihe/WD-Disk/output/mit_mascot_bsz_2_loss_0.1_1_0/checkpoint-60/images/on_top_of_a_wooden_floor/
07/08/2024 22:27:19 - INFO - root - Image have been saved in /shenzihe/WD-Disk/output/mit_mascot_bsz_2_loss_0.1_1_0/checkpoint-60/images/on_top_of_a_wooden_floor/
07/08/2024 22:27:19 - INFO - __main__ - Running validation... 
 Generating 4 images with prompt:with a city in the background.
07/08/2024 22:27:32 - INFO - root - Image have been saved in /shenzihe/WD-Disk/output/mit_mascot_bsz_2_loss_0.1_1_0/checkpoint-60/images/with_a_city_in_the_background/
07/08/2024 22:27:45 - INFO - root - Image have been saved in /shenzihe/WD-Disk/output/mit_mascot_bsz_2_loss_0.1_1_0/checkpoint-60/images/with_a_city_in_the_background/
07/08/2024 22:27:59 - INFO - root - Image have been saved in /shenzihe/WD-Disk/output/mit_mascot_bsz_2_loss_0.1_1_0/checkpoint-60/images/with_a_city_in_the_background/
07/08/2024 22:28:12 - INFO - root - Image have been saved in /shenzihe/WD-Disk/output/mit_mascot_bsz_2_loss_0.1_1_0/checkpoint-60/images/with_a_city_in_the_background/
07/08/2024 22:28:12 - INFO - __main__ - Running validation... 
 Generating 4 images with prompt:with a mountain in the background.
07/08/2024 22:28:25 - INFO - root - Image have been saved in /shenzihe/WD-Disk/output/mit_mascot_bsz_2_loss_0.1_1_0/checkpoint-60/images/with_a_mountain_in_the_background/
07/08/2024 22:28:39 - INFO - root - Image have been saved in /shenzihe/WD-Disk/output/mit_mascot_bsz_2_loss_0.1_1_0/checkpoint-60/images/with_a_mountain_in_the_background/
07/08/2024 22:28:52 - INFO - root - Image have been saved in /shenzihe/WD-Disk/output/mit_mascot_bsz_2_loss_0.1_1_0/checkpoint-60/images/with_a_mountain_in_the_background/
07/08/2024 22:29:06 - INFO - root - Image have been saved in /shenzihe/WD-Disk/output/mit_mascot_bsz_2_loss_0.1_1_0/checkpoint-60/images/with_a_mountain_in_the_background/
07/08/2024 22:29:06 - INFO - __main__ - Running validation... 
 Generating 4 images with prompt:with a blue house in the background.
07/08/2024 22:29:19 - INFO - root - Image have been saved in /shenzihe/WD-Disk/output/mit_mascot_bsz_2_loss_0.1_1_0/checkpoint-60/images/with_a_blue_house_in_the_background/
07/08/2024 22:29:32 - INFO - root - Image have been saved in /shenzihe/WD-Disk/output/mit_mascot_bsz_2_loss_0.1_1_0/checkpoint-60/images/with_a_blue_house_in_the_background/
07/08/2024 22:29:45 - INFO - root - Image have been saved in /shenzihe/WD-Disk/output/mit_mascot_bsz_2_loss_0.1_1_0/checkpoint-60/images/with_a_blue_house_in_the_background/
07/08/2024 22:29:59 - INFO - root - Image have been saved in /shenzihe/WD-Disk/output/mit_mascot_bsz_2_loss_0.1_1_0/checkpoint-60/images/with_a_blue_house_in_the_background/
07/08/2024 22:29:59 - INFO - __main__ - Running validation... 
 Generating 4 images with prompt:on top of a purple rug in a forest.
07/08/2024 22:30:12 - INFO - root - Image have been saved in /shenzihe/WD-Disk/output/mit_mascot_bsz_2_loss_0.1_1_0/checkpoint-60/images/on_top_of_a_purple_rug_in_a_forest/
07/08/2024 22:30:25 - INFO - root - Image have been saved in /shenzihe/WD-Disk/output/mit_mascot_bsz_2_loss_0.1_1_0/checkpoint-60/images/on_top_of_a_purple_rug_in_a_forest/
07/08/2024 22:30:39 - INFO - root - Image have been saved in /shenzihe/WD-Disk/output/mit_mascot_bsz_2_loss_0.1_1_0/checkpoint-60/images/on_top_of_a_purple_rug_in_a_forest/
07/08/2024 22:30:52 - INFO - root - Image have been saved in /shenzihe/WD-Disk/output/mit_mascot_bsz_2_loss_0.1_1_0/checkpoint-60/images/on_top_of_a_purple_rug_in_a_forest/
07/08/2024 22:30:52 - INFO - __main__ - Running validation... 
 Generating 4 images with prompt:with a wheat field in the background.
07/08/2024 22:31:05 - INFO - root - Image have been saved in /shenzihe/WD-Disk/output/mit_mascot_bsz_2_loss_0.1_1_0/checkpoint-60/images/with_a_wheat_field_in_the_background/
07/08/2024 22:31:19 - INFO - root - Image have been saved in /shenzihe/WD-Disk/output/mit_mascot_bsz_2_loss_0.1_1_0/checkpoint-60/images/with_a_wheat_field_in_the_background/
07/08/2024 22:31:32 - INFO - root - Image have been saved in /shenzihe/WD-Disk/output/mit_mascot_bsz_2_loss_0.1_1_0/checkpoint-60/images/with_a_wheat_field_in_the_background/
07/08/2024 22:31:45 - INFO - root - Image have been saved in /shenzihe/WD-Disk/output/mit_mascot_bsz_2_loss_0.1_1_0/checkpoint-60/images/with_a_wheat_field_in_the_background/
07/08/2024 22:31:45 - INFO - __main__ - Running validation... 
 Generating 4 images with prompt:with a tree and autumn leaves in the background.
07/08/2024 22:31:59 - INFO - root - Image have been saved in /shenzihe/WD-Disk/output/mit_mascot_bsz_2_loss_0.1_1_0/checkpoint-60/images/with_a_tree_and_autumn_leaves_in_the_background/
07/08/2024 22:32:12 - INFO - root - Image have been saved in /shenzihe/WD-Disk/output/mit_mascot_bsz_2_loss_0.1_1_0/checkpoint-60/images/with_a_tree_and_autumn_leaves_in_the_background/
07/08/2024 22:32:25 - INFO - root - Image have been saved in /shenzihe/WD-Disk/output/mit_mascot_bsz_2_loss_0.1_1_0/checkpoint-60/images/with_a_tree_and_autumn_leaves_in_the_background/
07/08/2024 22:32:39 - INFO - root - Image have been saved in /shenzihe/WD-Disk/output/mit_mascot_bsz_2_loss_0.1_1_0/checkpoint-60/images/with_a_tree_and_autumn_leaves_in_the_background/
07/08/2024 22:32:39 - INFO - __main__ - Running validation... 
 Generating 4 images with prompt:with the Eiffel Tower in the background.
07/08/2024 22:32:52 - INFO - root - Image have been saved in /shenzihe/WD-Disk/output/mit_mascot_bsz_2_loss_0.1_1_0/checkpoint-60/images/with_the_Eiffel_Tower_in_the_background/
07/08/2024 22:33:05 - INFO - root - Image have been saved in /shenzihe/WD-Disk/output/mit_mascot_bsz_2_loss_0.1_1_0/checkpoint-60/images/with_the_Eiffel_Tower_in_the_background/
07/08/2024 22:33:19 - INFO - root - Image have been saved in /shenzihe/WD-Disk/output/mit_mascot_bsz_2_loss_0.1_1_0/checkpoint-60/images/with_the_Eiffel_Tower_in_the_background/
07/08/2024 22:33:32 - INFO - root - Image have been saved in /shenzihe/WD-Disk/output/mit_mascot_bsz_2_loss_0.1_1_0/checkpoint-60/images/with_the_Eiffel_Tower_in_the_background/
07/08/2024 22:33:32 - INFO - __main__ - Running validation... 
 Generating 4 images with prompt:floating on top of water.
07/08/2024 22:33:45 - INFO - root - Image have been saved in /shenzihe/WD-Disk/output/mit_mascot_bsz_2_loss_0.1_1_0/checkpoint-60/images/floating_on_top_of_water/
07/08/2024 22:33:58 - INFO - root - Image have been saved in /shenzihe/WD-Disk/output/mit_mascot_bsz_2_loss_0.1_1_0/checkpoint-60/images/floating_on_top_of_water/
07/08/2024 22:34:12 - INFO - root - Image have been saved in /shenzihe/WD-Disk/output/mit_mascot_bsz_2_loss_0.1_1_0/checkpoint-60/images/floating_on_top_of_water/
07/08/2024 22:34:25 - INFO - root - Image have been saved in /shenzihe/WD-Disk/output/mit_mascot_bsz_2_loss_0.1_1_0/checkpoint-60/images/floating_on_top_of_water/
07/08/2024 22:34:25 - INFO - __main__ - Running validation... 
 Generating 4 images with prompt:floating in an ocean of milk.
07/08/2024 22:34:38 - INFO - root - Image have been saved in /shenzihe/WD-Disk/output/mit_mascot_bsz_2_loss_0.1_1_0/checkpoint-60/images/floating_in_an_ocean_of_milk/
07/08/2024 22:34:52 - INFO - root - Image have been saved in /shenzihe/WD-Disk/output/mit_mascot_bsz_2_loss_0.1_1_0/checkpoint-60/images/floating_in_an_ocean_of_milk/
07/08/2024 22:35:05 - INFO - root - Image have been saved in /shenzihe/WD-Disk/output/mit_mascot_bsz_2_loss_0.1_1_0/checkpoint-60/images/floating_in_an_ocean_of_milk/
07/08/2024 22:35:18 - INFO - root - Image have been saved in /shenzihe/WD-Disk/output/mit_mascot_bsz_2_loss_0.1_1_0/checkpoint-60/images/floating_in_an_ocean_of_milk/
07/08/2024 22:35:18 - INFO - __main__ - Running validation... 
 Generating 4 images with prompt:on top of green grass with sunflowers around it.
07/08/2024 22:35:32 - INFO - root - Image have been saved in /shenzihe/WD-Disk/output/mit_mascot_bsz_2_loss_0.1_1_0/checkpoint-60/images/on_top_of_green_grass_with_sunflowers_around_it/
07/08/2024 22:35:45 - INFO - root - Image have been saved in /shenzihe/WD-Disk/output/mit_mascot_bsz_2_loss_0.1_1_0/checkpoint-60/images/on_top_of_green_grass_with_sunflowers_around_it/
07/08/2024 22:35:58 - INFO - root - Image have been saved in /shenzihe/WD-Disk/output/mit_mascot_bsz_2_loss_0.1_1_0/checkpoint-60/images/on_top_of_green_grass_with_sunflowers_around_it/
07/08/2024 22:36:11 - INFO - root - Image have been saved in /shenzihe/WD-Disk/output/mit_mascot_bsz_2_loss_0.1_1_0/checkpoint-60/images/on_top_of_green_grass_with_sunflowers_around_it/
07/08/2024 22:36:11 - INFO - __main__ - Running validation... 
 Generating 4 images with prompt:on top of a mirror.
07/08/2024 22:36:25 - INFO - root - Image have been saved in /shenzihe/WD-Disk/output/mit_mascot_bsz_2_loss_0.1_1_0/checkpoint-60/images/on_top_of_a_mirror/
07/08/2024 22:36:38 - INFO - root - Image have been saved in /shenzihe/WD-Disk/output/mit_mascot_bsz_2_loss_0.1_1_0/checkpoint-60/images/on_top_of_a_mirror/
07/08/2024 22:36:51 - INFO - root - Image have been saved in /shenzihe/WD-Disk/output/mit_mascot_bsz_2_loss_0.1_1_0/checkpoint-60/images/on_top_of_a_mirror/
07/08/2024 22:37:05 - INFO - root - Image have been saved in /shenzihe/WD-Disk/output/mit_mascot_bsz_2_loss_0.1_1_0/checkpoint-60/images/on_top_of_a_mirror/
07/08/2024 22:37:05 - INFO - __main__ - Running validation... 
 Generating 4 images with prompt:on top of the sidewalk in a crowded street.
07/08/2024 22:37:18 - INFO - root - Image have been saved in /shenzihe/WD-Disk/output/mit_mascot_bsz_2_loss_0.1_1_0/checkpoint-60/images/on_top_of_the_sidewalk_in_a_crowded_street/
07/08/2024 22:37:31 - INFO - root - Image have been saved in /shenzihe/WD-Disk/output/mit_mascot_bsz_2_loss_0.1_1_0/checkpoint-60/images/on_top_of_the_sidewalk_in_a_crowded_street/
07/08/2024 22:37:45 - INFO - root - Image have been saved in /shenzihe/WD-Disk/output/mit_mascot_bsz_2_loss_0.1_1_0/checkpoint-60/images/on_top_of_the_sidewalk_in_a_crowded_street/
07/08/2024 22:37:58 - INFO - root - Image have been saved in /shenzihe/WD-Disk/output/mit_mascot_bsz_2_loss_0.1_1_0/checkpoint-60/images/on_top_of_the_sidewalk_in_a_crowded_street/
07/08/2024 22:37:58 - INFO - __main__ - Running validation... 
 Generating 4 images with prompt:on top of a dirt road.
07/08/2024 22:38:12 - INFO - root - Image have been saved in /shenzihe/WD-Disk/output/mit_mascot_bsz_2_loss_0.1_1_0/checkpoint-60/images/on_top_of_a_dirt_road/
07/08/2024 22:38:25 - INFO - root - Image have been saved in /shenzihe/WD-Disk/output/mit_mascot_bsz_2_loss_0.1_1_0/checkpoint-60/images/on_top_of_a_dirt_road/
07/08/2024 22:38:38 - INFO - root - Image have been saved in /shenzihe/WD-Disk/output/mit_mascot_bsz_2_loss_0.1_1_0/checkpoint-60/images/on_top_of_a_dirt_road/
07/08/2024 22:38:52 - INFO - root - Image have been saved in /shenzihe/WD-Disk/output/mit_mascot_bsz_2_loss_0.1_1_0/checkpoint-60/images/on_top_of_a_dirt_road/
07/08/2024 22:38:52 - INFO - __main__ - Running validation... 
 Generating 4 images with prompt:on top of a white rug.
07/08/2024 22:39:05 - INFO - root - Image have been saved in /shenzihe/WD-Disk/output/mit_mascot_bsz_2_loss_0.1_1_0/checkpoint-60/images/on_top_of_a_white_rug/
07/08/2024 22:39:18 - INFO - root - Image have been saved in /shenzihe/WD-Disk/output/mit_mascot_bsz_2_loss_0.1_1_0/checkpoint-60/images/on_top_of_a_white_rug/
07/08/2024 22:39:32 - INFO - root - Image have been saved in /shenzihe/WD-Disk/output/mit_mascot_bsz_2_loss_0.1_1_0/checkpoint-60/images/on_top_of_a_white_rug/
07/08/2024 22:39:45 - INFO - root - Image have been saved in /shenzihe/WD-Disk/output/mit_mascot_bsz_2_loss_0.1_1_0/checkpoint-60/images/on_top_of_a_white_rug/
07/08/2024 22:39:45 - INFO - __main__ - Running validation... 
 Generating 4 images with prompt:red.
07/08/2024 22:39:58 - INFO - root - Image have been saved in /shenzihe/WD-Disk/output/mit_mascot_bsz_2_loss_0.1_1_0/checkpoint-60/images/red/
07/08/2024 22:40:12 - INFO - root - Image have been saved in /shenzihe/WD-Disk/output/mit_mascot_bsz_2_loss_0.1_1_0/checkpoint-60/images/red/
07/08/2024 22:40:25 - INFO - root - Image have been saved in /shenzihe/WD-Disk/output/mit_mascot_bsz_2_loss_0.1_1_0/checkpoint-60/images/red/
07/08/2024 22:40:38 - INFO - root - Image have been saved in /shenzihe/WD-Disk/output/mit_mascot_bsz_2_loss_0.1_1_0/checkpoint-60/images/red/
07/08/2024 22:40:38 - INFO - __main__ - Running validation... 
 Generating 4 images with prompt:purple.
07/08/2024 22:40:51 - INFO - root - Image have been saved in /shenzihe/WD-Disk/output/mit_mascot_bsz_2_loss_0.1_1_0/checkpoint-60/images/purple/
07/08/2024 22:41:05 - INFO - root - Image have been saved in /shenzihe/WD-Disk/output/mit_mascot_bsz_2_loss_0.1_1_0/checkpoint-60/images/purple/
07/08/2024 22:41:18 - INFO - root - Image have been saved in /shenzihe/WD-Disk/output/mit_mascot_bsz_2_loss_0.1_1_0/checkpoint-60/images/purple/
07/08/2024 22:41:31 - INFO - root - Image have been saved in /shenzihe/WD-Disk/output/mit_mascot_bsz_2_loss_0.1_1_0/checkpoint-60/images/purple/
07/08/2024 22:41:31 - INFO - __main__ - Running validation... 
 Generating 4 images with prompt:shiny.
07/08/2024 22:41:45 - INFO - root - Image have been saved in /shenzihe/WD-Disk/output/mit_mascot_bsz_2_loss_0.1_1_0/checkpoint-60/images/shiny/
07/08/2024 22:41:58 - INFO - root - Image have been saved in /shenzihe/WD-Disk/output/mit_mascot_bsz_2_loss_0.1_1_0/checkpoint-60/images/shiny/
07/08/2024 22:42:11 - INFO - root - Image have been saved in /shenzihe/WD-Disk/output/mit_mascot_bsz_2_loss_0.1_1_0/checkpoint-60/images/shiny/
07/08/2024 22:42:25 - INFO - root - Image have been saved in /shenzihe/WD-Disk/output/mit_mascot_bsz_2_loss_0.1_1_0/checkpoint-60/images/shiny/
07/08/2024 22:42:25 - INFO - __main__ - Running validation... 
 Generating 4 images with prompt:wet.
07/08/2024 22:42:38 - INFO - root - Image have been saved in /shenzihe/WD-Disk/output/mit_mascot_bsz_2_loss_0.1_1_0/checkpoint-60/images/wet/
07/08/2024 22:42:51 - INFO - root - Image have been saved in /shenzihe/WD-Disk/output/mit_mascot_bsz_2_loss_0.1_1_0/checkpoint-60/images/wet/
07/08/2024 22:43:04 - INFO - root - Image have been saved in /shenzihe/WD-Disk/output/mit_mascot_bsz_2_loss_0.1_1_0/checkpoint-60/images/wet/
07/08/2024 22:43:18 - INFO - root - Image have been saved in /shenzihe/WD-Disk/output/mit_mascot_bsz_2_loss_0.1_1_0/checkpoint-60/images/wet/
07/08/2024 22:43:18 - INFO - __main__ - Running validation... 
 Generating 4 images with prompt:cube shaped.
07/08/2024 22:43:31 - INFO - root - Image have been saved in /shenzihe/WD-Disk/output/mit_mascot_bsz_2_loss_0.1_1_0/checkpoint-60/images/cube_shaped/
07/08/2024 22:43:44 - INFO - root - Image have been saved in /shenzihe/WD-Disk/output/mit_mascot_bsz_2_loss_0.1_1_0/checkpoint-60/images/cube_shaped/
07/08/2024 22:43:58 - INFO - root - Image have been saved in /shenzihe/WD-Disk/output/mit_mascot_bsz_2_loss_0.1_1_0/checkpoint-60/images/cube_shaped/
07/08/2024 22:44:11 - INFO - root - Image have been saved in /shenzihe/WD-Disk/output/mit_mascot_bsz_2_loss_0.1_1_0/checkpoint-60/images/cube_shaped/
