07/09/2024 05:38:12 - INFO - __main__ - Distributed environment: NO
Num processes: 1
Process index: 0
Local process index: 0
Device: cuda

Mixed precision type: no

07/09/2024 05:38:12 - WARNING - py.warnings - /shenzihe/venv/lib/python3.10/site-packages/huggingface_hub/file_download.py:1132: FutureWarning: `resume_download` is deprecated and will be removed in version 1.0.0. Downloads always resume when possible. If you want to force a new download, use `force_download=True`.
  warnings.warn(

07/09/2024 05:38:14 - INFO - root - freeze vision encoder
07/09/2024 05:38:17 - INFO - root - Loaded ViT-H-14 model config.
07/09/2024 05:38:22 - INFO - root - Loading pretrained ViT-H-14 weights (laion2b_s32b_b79k).
07/09/2024 05:38:25 - WARNING - py.warnings - /shenzihe/venv/lib/python3.10/site-packages/diffusers/configuration_utils.py:215: FutureWarning: It is deprecated to pass a pretrained model name or path to `from_config`.If you were trying to load a scheduler, please use <class 'diffusers.schedulers.scheduling_ddpm.DDPMScheduler'>.from_pretrained(...) instead. Otherwise, please make sure to pass a configuration dictionary instead. This functionality will be removed in v1.0.0.
  deprecate("config-passed-as-path", "1.0.0", deprecation_message, standard_warn=False)

07/09/2024 05:38:25 - INFO - root - Loading pretrained model from /root/.cache/torch/hub/checkpoints/blip-diffusion
07/09/2024 05:38:25 - INFO - root - Loading pretrained BLIP2 Qformer weights.
07/09/2024 05:38:26 - INFO - root - Loading pretrained projection lyer weights.
07/09/2024 05:38:26 - INFO - root - Loading pretrained text encoder weights.
07/09/2024 05:38:26 - INFO - root - Loading pretrained vae weights.
07/09/2024 05:38:26 - INFO - root - Loading pretrained unet weights.
07/09/2024 05:38:30 - INFO - root - Using xformers.
07/09/2024 05:38:30 - INFO - root - Building datasets...
07/09/2024 05:38:31 - INFO - __main__ - 
***** Running training *****
07/09/2024 05:38:31 - INFO - __main__ -   Num examples = 4
07/09/2024 05:38:31 - INFO - __main__ -   Num batches each epoch = 2
07/09/2024 05:38:31 - INFO - __main__ -   Num Epochs = 30
07/09/2024 05:38:31 - INFO - __main__ -   Instantaneous batch size per device = 2
07/09/2024 05:38:31 - INFO - __main__ -   Total train batch size (w. parallel, distributed & accumulation) = 2
07/09/2024 05:38:31 - INFO - __main__ -   Gradient Accumulation steps = 1
07/09/2024 05:38:31 - INFO - __main__ -   Total optimization steps = 60
07/09/2024 05:38:32 - WARNING - py.warnings - /shenzihe/venv/lib/python3.10/site-packages/torch/backends/cuda/__init__.py:342: FutureWarning: torch.backends.cuda.sdp_kernel() is deprecated. In the future, this context manager will be removed. Please see, torch.nn.attention.sdpa_kernel() for the new context manager, with updated signature.
  warnings.warn(

07/09/2024 05:38:34 - INFO - root - {'loss': 0.32574835419654846, 'lr': 0.0001}
07/09/2024 05:38:36 - INFO - root - {'loss': 0.08791309595108032, 'lr': 0.0001}
07/09/2024 05:38:38 - INFO - root - {'loss': 0.4798536002635956, 'lr': 0.0001}
07/09/2024 05:38:40 - INFO - root - {'loss': 0.020677385851740837, 'lr': 0.0001}
07/09/2024 05:38:42 - INFO - root - {'loss': 0.1555551141500473, 'lr': 0.0001}
07/09/2024 05:38:44 - INFO - root - {'loss': 0.29259198904037476, 'lr': 0.0001}
07/09/2024 05:38:46 - INFO - root - {'loss': 0.019786803051829338, 'lr': 0.0001}
07/09/2024 05:38:48 - INFO - root - {'loss': 0.1515079289674759, 'lr': 0.0001}
07/09/2024 05:38:51 - INFO - root - {'loss': 0.27459442615509033, 'lr': 0.0001}
07/09/2024 05:38:53 - INFO - root - {'loss': 0.10617268830537796, 'lr': 0.0001}
07/09/2024 05:38:55 - INFO - root - {'loss': 0.04492350295186043, 'lr': 0.0001}
07/09/2024 05:38:57 - INFO - root - {'loss': 0.010913520120084286, 'lr': 0.0001}
07/09/2024 05:38:59 - INFO - root - {'loss': 0.24654097855091095, 'lr': 0.0001}
07/09/2024 05:39:01 - INFO - root - {'loss': 0.04187969118356705, 'lr': 0.0001}
07/09/2024 05:39:03 - INFO - root - {'loss': 0.03369418904185295, 'lr': 0.0001}
07/09/2024 05:39:05 - INFO - root - {'loss': 0.08745787292718887, 'lr': 0.0001}
07/09/2024 05:39:08 - INFO - root - {'loss': 0.21338370442390442, 'lr': 0.0001}
07/09/2024 05:39:10 - INFO - root - {'loss': 0.07173354923725128, 'lr': 0.0001}
07/09/2024 05:39:12 - INFO - root - {'loss': 0.05433591827750206, 'lr': 0.0001}
07/09/2024 05:39:14 - INFO - root - {'loss': 0.16333451867103577, 'lr': 0.0001}
07/09/2024 05:39:14 - INFO - __main__ - Running validation... 
 Generating 4 images with prompt:in the jungle.
07/09/2024 05:39:14 - WARNING - py.warnings - /shenzihe/multi_BlipDisenBooth/multi_BD.py:646: FutureWarning: Accessing config attribute `in_channels` directly via 'UNet2DConditionModel' object attribute is deprecated. Please access 'in_channels' over 'UNet2DConditionModel's config object instead, e.g. 'unet.config.in_channels'.
  (1, self.unet.in_channels, height // 8, width // 8),

07/09/2024 05:39:14 - WARNING - py.warnings - /shenzihe/multi_BlipDisenBooth/multi_BD.py:652: FutureWarning: Accessing config attribute `in_channels` directly via 'UNet2DConditionModel' object attribute is deprecated. Please access 'in_channels' over 'UNet2DConditionModel's config object instead, e.g. 'unet.config.in_channels'.
  self.unet.in_channels,

07/09/2024 05:39:27 - INFO - root - Image have been saved in /shenzihe/WD-Disk/output/mit_mascot_bsz_2_loss_0_1_0.001/checkpoint-20/images/in_the_jungle/
07/09/2024 05:39:40 - INFO - root - Image have been saved in /shenzihe/WD-Disk/output/mit_mascot_bsz_2_loss_0_1_0.001/checkpoint-20/images/in_the_jungle/
07/09/2024 05:39:54 - INFO - root - Image have been saved in /shenzihe/WD-Disk/output/mit_mascot_bsz_2_loss_0_1_0.001/checkpoint-20/images/in_the_jungle/
07/09/2024 05:40:07 - INFO - root - Image have been saved in /shenzihe/WD-Disk/output/mit_mascot_bsz_2_loss_0_1_0.001/checkpoint-20/images/in_the_jungle/
07/09/2024 05:40:07 - INFO - __main__ - Running validation... 
 Generating 4 images with prompt:in the snow.
07/09/2024 05:40:20 - INFO - root - Image have been saved in /shenzihe/WD-Disk/output/mit_mascot_bsz_2_loss_0_1_0.001/checkpoint-20/images/in_the_snow/
07/09/2024 05:40:33 - INFO - root - Image have been saved in /shenzihe/WD-Disk/output/mit_mascot_bsz_2_loss_0_1_0.001/checkpoint-20/images/in_the_snow/
07/09/2024 05:40:47 - INFO - root - Image have been saved in /shenzihe/WD-Disk/output/mit_mascot_bsz_2_loss_0_1_0.001/checkpoint-20/images/in_the_snow/
07/09/2024 05:41:00 - INFO - root - Image have been saved in /shenzihe/WD-Disk/output/mit_mascot_bsz_2_loss_0_1_0.001/checkpoint-20/images/in_the_snow/
07/09/2024 05:41:00 - INFO - __main__ - Running validation... 
 Generating 4 images with prompt:on the beach.
07/09/2024 05:41:13 - INFO - root - Image have been saved in /shenzihe/WD-Disk/output/mit_mascot_bsz_2_loss_0_1_0.001/checkpoint-20/images/on_the_beach/
07/09/2024 05:41:27 - INFO - root - Image have been saved in /shenzihe/WD-Disk/output/mit_mascot_bsz_2_loss_0_1_0.001/checkpoint-20/images/on_the_beach/
07/09/2024 05:41:40 - INFO - root - Image have been saved in /shenzihe/WD-Disk/output/mit_mascot_bsz_2_loss_0_1_0.001/checkpoint-20/images/on_the_beach/
07/09/2024 05:41:53 - INFO - root - Image have been saved in /shenzihe/WD-Disk/output/mit_mascot_bsz_2_loss_0_1_0.001/checkpoint-20/images/on_the_beach/
07/09/2024 05:41:53 - INFO - __main__ - Running validation... 
 Generating 4 images with prompt:on a cobblestone street.
07/09/2024 05:42:06 - INFO - root - Image have been saved in /shenzihe/WD-Disk/output/mit_mascot_bsz_2_loss_0_1_0.001/checkpoint-20/images/on_a_cobblestone_street/
07/09/2024 05:42:20 - INFO - root - Image have been saved in /shenzihe/WD-Disk/output/mit_mascot_bsz_2_loss_0_1_0.001/checkpoint-20/images/on_a_cobblestone_street/
07/09/2024 05:42:33 - INFO - root - Image have been saved in /shenzihe/WD-Disk/output/mit_mascot_bsz_2_loss_0_1_0.001/checkpoint-20/images/on_a_cobblestone_street/
07/09/2024 05:42:46 - INFO - root - Image have been saved in /shenzihe/WD-Disk/output/mit_mascot_bsz_2_loss_0_1_0.001/checkpoint-20/images/on_a_cobblestone_street/
07/09/2024 05:42:46 - INFO - __main__ - Running validation... 
 Generating 4 images with prompt:on top of pink fabric.
07/09/2024 05:43:00 - INFO - root - Image have been saved in /shenzihe/WD-Disk/output/mit_mascot_bsz_2_loss_0_1_0.001/checkpoint-20/images/on_top_of_pink_fabric/
07/09/2024 05:43:13 - INFO - root - Image have been saved in /shenzihe/WD-Disk/output/mit_mascot_bsz_2_loss_0_1_0.001/checkpoint-20/images/on_top_of_pink_fabric/
07/09/2024 05:43:26 - INFO - root - Image have been saved in /shenzihe/WD-Disk/output/mit_mascot_bsz_2_loss_0_1_0.001/checkpoint-20/images/on_top_of_pink_fabric/
07/09/2024 05:43:40 - INFO - root - Image have been saved in /shenzihe/WD-Disk/output/mit_mascot_bsz_2_loss_0_1_0.001/checkpoint-20/images/on_top_of_pink_fabric/
07/09/2024 05:43:40 - INFO - __main__ - Running validation... 
 Generating 4 images with prompt:on top of a wooden floor.
07/09/2024 05:43:53 - INFO - root - Image have been saved in /shenzihe/WD-Disk/output/mit_mascot_bsz_2_loss_0_1_0.001/checkpoint-20/images/on_top_of_a_wooden_floor/
07/09/2024 05:44:06 - INFO - root - Image have been saved in /shenzihe/WD-Disk/output/mit_mascot_bsz_2_loss_0_1_0.001/checkpoint-20/images/on_top_of_a_wooden_floor/
07/09/2024 05:44:20 - INFO - root - Image have been saved in /shenzihe/WD-Disk/output/mit_mascot_bsz_2_loss_0_1_0.001/checkpoint-20/images/on_top_of_a_wooden_floor/
07/09/2024 05:44:33 - INFO - root - Image have been saved in /shenzihe/WD-Disk/output/mit_mascot_bsz_2_loss_0_1_0.001/checkpoint-20/images/on_top_of_a_wooden_floor/
07/09/2024 05:44:33 - INFO - __main__ - Running validation... 
 Generating 4 images with prompt:with a city in the background.
07/09/2024 05:44:46 - INFO - root - Image have been saved in /shenzihe/WD-Disk/output/mit_mascot_bsz_2_loss_0_1_0.001/checkpoint-20/images/with_a_city_in_the_background/
07/09/2024 05:45:00 - INFO - root - Image have been saved in /shenzihe/WD-Disk/output/mit_mascot_bsz_2_loss_0_1_0.001/checkpoint-20/images/with_a_city_in_the_background/
07/09/2024 05:45:13 - INFO - root - Image have been saved in /shenzihe/WD-Disk/output/mit_mascot_bsz_2_loss_0_1_0.001/checkpoint-20/images/with_a_city_in_the_background/
07/09/2024 05:45:26 - INFO - root - Image have been saved in /shenzihe/WD-Disk/output/mit_mascot_bsz_2_loss_0_1_0.001/checkpoint-20/images/with_a_city_in_the_background/
07/09/2024 05:45:26 - INFO - __main__ - Running validation... 
 Generating 4 images with prompt:with a mountain in the background.
07/09/2024 05:45:39 - INFO - root - Image have been saved in /shenzihe/WD-Disk/output/mit_mascot_bsz_2_loss_0_1_0.001/checkpoint-20/images/with_a_mountain_in_the_background/
07/09/2024 05:45:53 - INFO - root - Image have been saved in /shenzihe/WD-Disk/output/mit_mascot_bsz_2_loss_0_1_0.001/checkpoint-20/images/with_a_mountain_in_the_background/
07/09/2024 05:46:06 - INFO - root - Image have been saved in /shenzihe/WD-Disk/output/mit_mascot_bsz_2_loss_0_1_0.001/checkpoint-20/images/with_a_mountain_in_the_background/
07/09/2024 05:46:19 - INFO - root - Image have been saved in /shenzihe/WD-Disk/output/mit_mascot_bsz_2_loss_0_1_0.001/checkpoint-20/images/with_a_mountain_in_the_background/
07/09/2024 05:46:19 - INFO - __main__ - Running validation... 
 Generating 4 images with prompt:with a blue house in the background.
07/09/2024 05:46:32 - INFO - root - Image have been saved in /shenzihe/WD-Disk/output/mit_mascot_bsz_2_loss_0_1_0.001/checkpoint-20/images/with_a_blue_house_in_the_background/
07/09/2024 05:46:46 - INFO - root - Image have been saved in /shenzihe/WD-Disk/output/mit_mascot_bsz_2_loss_0_1_0.001/checkpoint-20/images/with_a_blue_house_in_the_background/
07/09/2024 05:46:59 - INFO - root - Image have been saved in /shenzihe/WD-Disk/output/mit_mascot_bsz_2_loss_0_1_0.001/checkpoint-20/images/with_a_blue_house_in_the_background/
07/09/2024 05:47:12 - INFO - root - Image have been saved in /shenzihe/WD-Disk/output/mit_mascot_bsz_2_loss_0_1_0.001/checkpoint-20/images/with_a_blue_house_in_the_background/
07/09/2024 05:47:12 - INFO - __main__ - Running validation... 
 Generating 4 images with prompt:on top of a purple rug in a forest.
07/09/2024 05:47:26 - INFO - root - Image have been saved in /shenzihe/WD-Disk/output/mit_mascot_bsz_2_loss_0_1_0.001/checkpoint-20/images/on_top_of_a_purple_rug_in_a_forest/
07/09/2024 05:47:39 - INFO - root - Image have been saved in /shenzihe/WD-Disk/output/mit_mascot_bsz_2_loss_0_1_0.001/checkpoint-20/images/on_top_of_a_purple_rug_in_a_forest/
07/09/2024 05:47:52 - INFO - root - Image have been saved in /shenzihe/WD-Disk/output/mit_mascot_bsz_2_loss_0_1_0.001/checkpoint-20/images/on_top_of_a_purple_rug_in_a_forest/
07/09/2024 05:48:05 - INFO - root - Image have been saved in /shenzihe/WD-Disk/output/mit_mascot_bsz_2_loss_0_1_0.001/checkpoint-20/images/on_top_of_a_purple_rug_in_a_forest/
07/09/2024 05:48:05 - INFO - __main__ - Running validation... 
 Generating 4 images with prompt:with a wheat field in the background.
07/09/2024 05:48:18 - INFO - root - Image have been saved in /shenzihe/WD-Disk/output/mit_mascot_bsz_2_loss_0_1_0.001/checkpoint-20/images/with_a_wheat_field_in_the_background/
07/09/2024 05:48:32 - INFO - root - Image have been saved in /shenzihe/WD-Disk/output/mit_mascot_bsz_2_loss_0_1_0.001/checkpoint-20/images/with_a_wheat_field_in_the_background/
07/09/2024 05:48:45 - INFO - root - Image have been saved in /shenzihe/WD-Disk/output/mit_mascot_bsz_2_loss_0_1_0.001/checkpoint-20/images/with_a_wheat_field_in_the_background/
07/09/2024 05:48:58 - INFO - root - Image have been saved in /shenzihe/WD-Disk/output/mit_mascot_bsz_2_loss_0_1_0.001/checkpoint-20/images/with_a_wheat_field_in_the_background/
07/09/2024 05:48:58 - INFO - __main__ - Running validation... 
 Generating 4 images with prompt:with a tree and autumn leaves in the background.
07/09/2024 05:49:11 - INFO - root - Image have been saved in /shenzihe/WD-Disk/output/mit_mascot_bsz_2_loss_0_1_0.001/checkpoint-20/images/with_a_tree_and_autumn_leaves_in_the_background/
07/09/2024 05:49:25 - INFO - root - Image have been saved in /shenzihe/WD-Disk/output/mit_mascot_bsz_2_loss_0_1_0.001/checkpoint-20/images/with_a_tree_and_autumn_leaves_in_the_background/
07/09/2024 05:49:38 - INFO - root - Image have been saved in /shenzihe/WD-Disk/output/mit_mascot_bsz_2_loss_0_1_0.001/checkpoint-20/images/with_a_tree_and_autumn_leaves_in_the_background/
07/09/2024 05:49:51 - INFO - root - Image have been saved in /shenzihe/WD-Disk/output/mit_mascot_bsz_2_loss_0_1_0.001/checkpoint-20/images/with_a_tree_and_autumn_leaves_in_the_background/
07/09/2024 05:49:51 - INFO - __main__ - Running validation... 
 Generating 4 images with prompt:with the Eiffel Tower in the background.
07/09/2024 05:50:04 - INFO - root - Image have been saved in /shenzihe/WD-Disk/output/mit_mascot_bsz_2_loss_0_1_0.001/checkpoint-20/images/with_the_Eiffel_Tower_in_the_background/
07/09/2024 05:50:17 - INFO - root - Image have been saved in /shenzihe/WD-Disk/output/mit_mascot_bsz_2_loss_0_1_0.001/checkpoint-20/images/with_the_Eiffel_Tower_in_the_background/
07/09/2024 05:50:31 - INFO - root - Image have been saved in /shenzihe/WD-Disk/output/mit_mascot_bsz_2_loss_0_1_0.001/checkpoint-20/images/with_the_Eiffel_Tower_in_the_background/
07/09/2024 05:50:44 - INFO - root - Image have been saved in /shenzihe/WD-Disk/output/mit_mascot_bsz_2_loss_0_1_0.001/checkpoint-20/images/with_the_Eiffel_Tower_in_the_background/
07/09/2024 05:50:44 - INFO - __main__ - Running validation... 
 Generating 4 images with prompt:floating on top of water.
07/09/2024 05:50:57 - INFO - root - Image have been saved in /shenzihe/WD-Disk/output/mit_mascot_bsz_2_loss_0_1_0.001/checkpoint-20/images/floating_on_top_of_water/
07/09/2024 05:51:11 - INFO - root - Image have been saved in /shenzihe/WD-Disk/output/mit_mascot_bsz_2_loss_0_1_0.001/checkpoint-20/images/floating_on_top_of_water/
07/09/2024 05:51:24 - INFO - root - Image have been saved in /shenzihe/WD-Disk/output/mit_mascot_bsz_2_loss_0_1_0.001/checkpoint-20/images/floating_on_top_of_water/
07/09/2024 05:51:37 - INFO - root - Image have been saved in /shenzihe/WD-Disk/output/mit_mascot_bsz_2_loss_0_1_0.001/checkpoint-20/images/floating_on_top_of_water/
07/09/2024 05:51:37 - INFO - __main__ - Running validation... 
 Generating 4 images with prompt:floating in an ocean of milk.
07/09/2024 05:51:51 - INFO - root - Image have been saved in /shenzihe/WD-Disk/output/mit_mascot_bsz_2_loss_0_1_0.001/checkpoint-20/images/floating_in_an_ocean_of_milk/
07/09/2024 05:52:04 - INFO - root - Image have been saved in /shenzihe/WD-Disk/output/mit_mascot_bsz_2_loss_0_1_0.001/checkpoint-20/images/floating_in_an_ocean_of_milk/
07/09/2024 05:52:17 - INFO - root - Image have been saved in /shenzihe/WD-Disk/output/mit_mascot_bsz_2_loss_0_1_0.001/checkpoint-20/images/floating_in_an_ocean_of_milk/
07/09/2024 05:52:31 - INFO - root - Image have been saved in /shenzihe/WD-Disk/output/mit_mascot_bsz_2_loss_0_1_0.001/checkpoint-20/images/floating_in_an_ocean_of_milk/
07/09/2024 05:52:31 - INFO - __main__ - Running validation... 
 Generating 4 images with prompt:on top of green grass with sunflowers around it.
07/09/2024 05:52:44 - INFO - root - Image have been saved in /shenzihe/WD-Disk/output/mit_mascot_bsz_2_loss_0_1_0.001/checkpoint-20/images/on_top_of_green_grass_with_sunflowers_around_it/
07/09/2024 05:52:57 - INFO - root - Image have been saved in /shenzihe/WD-Disk/output/mit_mascot_bsz_2_loss_0_1_0.001/checkpoint-20/images/on_top_of_green_grass_with_sunflowers_around_it/
07/09/2024 05:53:10 - INFO - root - Image have been saved in /shenzihe/WD-Disk/output/mit_mascot_bsz_2_loss_0_1_0.001/checkpoint-20/images/on_top_of_green_grass_with_sunflowers_around_it/
07/09/2024 05:53:24 - INFO - root - Image have been saved in /shenzihe/WD-Disk/output/mit_mascot_bsz_2_loss_0_1_0.001/checkpoint-20/images/on_top_of_green_grass_with_sunflowers_around_it/
07/09/2024 05:53:24 - INFO - __main__ - Running validation... 
 Generating 4 images with prompt:on top of a mirror.
07/09/2024 05:53:37 - INFO - root - Image have been saved in /shenzihe/WD-Disk/output/mit_mascot_bsz_2_loss_0_1_0.001/checkpoint-20/images/on_top_of_a_mirror/
07/09/2024 05:53:50 - INFO - root - Image have been saved in /shenzihe/WD-Disk/output/mit_mascot_bsz_2_loss_0_1_0.001/checkpoint-20/images/on_top_of_a_mirror/
07/09/2024 05:54:03 - INFO - root - Image have been saved in /shenzihe/WD-Disk/output/mit_mascot_bsz_2_loss_0_1_0.001/checkpoint-20/images/on_top_of_a_mirror/
07/09/2024 05:54:17 - INFO - root - Image have been saved in /shenzihe/WD-Disk/output/mit_mascot_bsz_2_loss_0_1_0.001/checkpoint-20/images/on_top_of_a_mirror/
07/09/2024 05:54:17 - INFO - __main__ - Running validation... 
 Generating 4 images with prompt:on top of the sidewalk in a crowded street.
07/09/2024 05:54:30 - INFO - root - Image have been saved in /shenzihe/WD-Disk/output/mit_mascot_bsz_2_loss_0_1_0.001/checkpoint-20/images/on_top_of_the_sidewalk_in_a_crowded_street/
07/09/2024 05:54:43 - INFO - root - Image have been saved in /shenzihe/WD-Disk/output/mit_mascot_bsz_2_loss_0_1_0.001/checkpoint-20/images/on_top_of_the_sidewalk_in_a_crowded_street/
07/09/2024 05:54:57 - INFO - root - Image have been saved in /shenzihe/WD-Disk/output/mit_mascot_bsz_2_loss_0_1_0.001/checkpoint-20/images/on_top_of_the_sidewalk_in_a_crowded_street/
07/09/2024 05:55:10 - INFO - root - Image have been saved in /shenzihe/WD-Disk/output/mit_mascot_bsz_2_loss_0_1_0.001/checkpoint-20/images/on_top_of_the_sidewalk_in_a_crowded_street/
07/09/2024 05:55:10 - INFO - __main__ - Running validation... 
 Generating 4 images with prompt:on top of a dirt road.
07/09/2024 05:55:23 - INFO - root - Image have been saved in /shenzihe/WD-Disk/output/mit_mascot_bsz_2_loss_0_1_0.001/checkpoint-20/images/on_top_of_a_dirt_road/
07/09/2024 05:55:37 - INFO - root - Image have been saved in /shenzihe/WD-Disk/output/mit_mascot_bsz_2_loss_0_1_0.001/checkpoint-20/images/on_top_of_a_dirt_road/
07/09/2024 05:55:50 - INFO - root - Image have been saved in /shenzihe/WD-Disk/output/mit_mascot_bsz_2_loss_0_1_0.001/checkpoint-20/images/on_top_of_a_dirt_road/
07/09/2024 05:56:03 - INFO - root - Image have been saved in /shenzihe/WD-Disk/output/mit_mascot_bsz_2_loss_0_1_0.001/checkpoint-20/images/on_top_of_a_dirt_road/
07/09/2024 05:56:03 - INFO - __main__ - Running validation... 
 Generating 4 images with prompt:on top of a white rug.
07/09/2024 05:56:16 - INFO - root - Image have been saved in /shenzihe/WD-Disk/output/mit_mascot_bsz_2_loss_0_1_0.001/checkpoint-20/images/on_top_of_a_white_rug/
07/09/2024 05:56:30 - INFO - root - Image have been saved in /shenzihe/WD-Disk/output/mit_mascot_bsz_2_loss_0_1_0.001/checkpoint-20/images/on_top_of_a_white_rug/
07/09/2024 05:56:43 - INFO - root - Image have been saved in /shenzihe/WD-Disk/output/mit_mascot_bsz_2_loss_0_1_0.001/checkpoint-20/images/on_top_of_a_white_rug/
07/09/2024 05:56:56 - INFO - root - Image have been saved in /shenzihe/WD-Disk/output/mit_mascot_bsz_2_loss_0_1_0.001/checkpoint-20/images/on_top_of_a_white_rug/
07/09/2024 05:56:56 - INFO - __main__ - Running validation... 
 Generating 4 images with prompt:red.
07/09/2024 05:57:09 - INFO - root - Image have been saved in /shenzihe/WD-Disk/output/mit_mascot_bsz_2_loss_0_1_0.001/checkpoint-20/images/red/
07/09/2024 05:57:23 - INFO - root - Image have been saved in /shenzihe/WD-Disk/output/mit_mascot_bsz_2_loss_0_1_0.001/checkpoint-20/images/red/
07/09/2024 05:57:36 - INFO - root - Image have been saved in /shenzihe/WD-Disk/output/mit_mascot_bsz_2_loss_0_1_0.001/checkpoint-20/images/red/
07/09/2024 05:57:49 - INFO - root - Image have been saved in /shenzihe/WD-Disk/output/mit_mascot_bsz_2_loss_0_1_0.001/checkpoint-20/images/red/
07/09/2024 05:57:49 - INFO - __main__ - Running validation... 
 Generating 4 images with prompt:purple.
07/09/2024 05:58:02 - INFO - root - Image have been saved in /shenzihe/WD-Disk/output/mit_mascot_bsz_2_loss_0_1_0.001/checkpoint-20/images/purple/
07/09/2024 05:58:15 - INFO - root - Image have been saved in /shenzihe/WD-Disk/output/mit_mascot_bsz_2_loss_0_1_0.001/checkpoint-20/images/purple/
07/09/2024 05:58:29 - INFO - root - Image have been saved in /shenzihe/WD-Disk/output/mit_mascot_bsz_2_loss_0_1_0.001/checkpoint-20/images/purple/
07/09/2024 05:58:42 - INFO - root - Image have been saved in /shenzihe/WD-Disk/output/mit_mascot_bsz_2_loss_0_1_0.001/checkpoint-20/images/purple/
07/09/2024 05:58:42 - INFO - __main__ - Running validation... 
 Generating 4 images with prompt:shiny.
07/09/2024 05:58:55 - INFO - root - Image have been saved in /shenzihe/WD-Disk/output/mit_mascot_bsz_2_loss_0_1_0.001/checkpoint-20/images/shiny/
07/09/2024 05:59:09 - INFO - root - Image have been saved in /shenzihe/WD-Disk/output/mit_mascot_bsz_2_loss_0_1_0.001/checkpoint-20/images/shiny/
07/09/2024 05:59:22 - INFO - root - Image have been saved in /shenzihe/WD-Disk/output/mit_mascot_bsz_2_loss_0_1_0.001/checkpoint-20/images/shiny/
07/09/2024 05:59:35 - INFO - root - Image have been saved in /shenzihe/WD-Disk/output/mit_mascot_bsz_2_loss_0_1_0.001/checkpoint-20/images/shiny/
07/09/2024 05:59:35 - INFO - __main__ - Running validation... 
 Generating 4 images with prompt:wet.
07/09/2024 05:59:48 - INFO - root - Image have been saved in /shenzihe/WD-Disk/output/mit_mascot_bsz_2_loss_0_1_0.001/checkpoint-20/images/wet/
07/09/2024 06:00:02 - INFO - root - Image have been saved in /shenzihe/WD-Disk/output/mit_mascot_bsz_2_loss_0_1_0.001/checkpoint-20/images/wet/
07/09/2024 06:00:15 - INFO - root - Image have been saved in /shenzihe/WD-Disk/output/mit_mascot_bsz_2_loss_0_1_0.001/checkpoint-20/images/wet/
07/09/2024 06:00:28 - INFO - root - Image have been saved in /shenzihe/WD-Disk/output/mit_mascot_bsz_2_loss_0_1_0.001/checkpoint-20/images/wet/
07/09/2024 06:00:28 - INFO - __main__ - Running validation... 
 Generating 4 images with prompt:cube shaped.
07/09/2024 06:00:42 - INFO - root - Image have been saved in /shenzihe/WD-Disk/output/mit_mascot_bsz_2_loss_0_1_0.001/checkpoint-20/images/cube_shaped/
07/09/2024 06:00:55 - INFO - root - Image have been saved in /shenzihe/WD-Disk/output/mit_mascot_bsz_2_loss_0_1_0.001/checkpoint-20/images/cube_shaped/
07/09/2024 06:01:08 - INFO - root - Image have been saved in /shenzihe/WD-Disk/output/mit_mascot_bsz_2_loss_0_1_0.001/checkpoint-20/images/cube_shaped/
07/09/2024 06:01:21 - INFO - root - Image have been saved in /shenzihe/WD-Disk/output/mit_mascot_bsz_2_loss_0_1_0.001/checkpoint-20/images/cube_shaped/
07/09/2024 06:01:23 - INFO - root - {'loss': 0.016226284205913544, 'lr': 0.0001}
07/09/2024 06:01:26 - INFO - root - {'loss': 0.4323875606060028, 'lr': 0.0001}
07/09/2024 06:01:28 - INFO - root - {'loss': 0.1678411364555359, 'lr': 0.0001}
07/09/2024 06:01:30 - INFO - root - {'loss': 0.13474087417125702, 'lr': 0.0001}
07/09/2024 06:01:32 - INFO - root - {'loss': 0.19051463901996613, 'lr': 0.0001}
07/09/2024 06:01:34 - INFO - root - {'loss': 0.1034693717956543, 'lr': 0.0001}
07/09/2024 06:01:36 - INFO - root - {'loss': 0.08759675920009613, 'lr': 0.0001}
07/09/2024 06:01:38 - INFO - root - {'loss': 0.4589211642742157, 'lr': 0.0001}
07/09/2024 06:01:40 - INFO - root - {'loss': 0.45064833760261536, 'lr': 0.0001}
07/09/2024 06:01:42 - INFO - root - {'loss': 0.24284866452217102, 'lr': 0.0001}
07/09/2024 06:01:45 - INFO - root - {'loss': 0.14254482090473175, 'lr': 0.0001}
07/09/2024 06:01:47 - INFO - root - {'loss': 0.20982500910758972, 'lr': 0.0001}
07/09/2024 06:01:49 - INFO - root - {'loss': 0.11550524830818176, 'lr': 0.0001}
07/09/2024 06:01:51 - INFO - root - {'loss': 0.005258036777377129, 'lr': 0.0001}
07/09/2024 06:01:53 - INFO - root - {'loss': 0.1633566915988922, 'lr': 0.0001}
07/09/2024 06:01:55 - INFO - root - {'loss': 0.05153609439730644, 'lr': 0.0001}
07/09/2024 06:01:57 - INFO - root - {'loss': 0.5532437562942505, 'lr': 0.0001}
07/09/2024 06:01:59 - INFO - root - {'loss': 0.5837324261665344, 'lr': 0.0001}
07/09/2024 06:02:02 - INFO - root - {'loss': 0.07760035246610641, 'lr': 0.0001}
07/09/2024 06:02:04 - INFO - root - {'loss': 0.3454950153827667, 'lr': 0.0001}
07/09/2024 06:02:04 - INFO - __main__ - Running validation... 
 Generating 4 images with prompt:in the jungle.
07/09/2024 06:02:17 - INFO - root - Image have been saved in /shenzihe/WD-Disk/output/mit_mascot_bsz_2_loss_0_1_0.001/checkpoint-40/images/in_the_jungle/
07/09/2024 06:02:30 - INFO - root - Image have been saved in /shenzihe/WD-Disk/output/mit_mascot_bsz_2_loss_0_1_0.001/checkpoint-40/images/in_the_jungle/
07/09/2024 06:02:43 - INFO - root - Image have been saved in /shenzihe/WD-Disk/output/mit_mascot_bsz_2_loss_0_1_0.001/checkpoint-40/images/in_the_jungle/
07/09/2024 06:02:57 - INFO - root - Image have been saved in /shenzihe/WD-Disk/output/mit_mascot_bsz_2_loss_0_1_0.001/checkpoint-40/images/in_the_jungle/
07/09/2024 06:02:57 - INFO - __main__ - Running validation... 
 Generating 4 images with prompt:in the snow.
07/09/2024 06:03:10 - INFO - root - Image have been saved in /shenzihe/WD-Disk/output/mit_mascot_bsz_2_loss_0_1_0.001/checkpoint-40/images/in_the_snow/
07/09/2024 06:03:23 - INFO - root - Image have been saved in /shenzihe/WD-Disk/output/mit_mascot_bsz_2_loss_0_1_0.001/checkpoint-40/images/in_the_snow/
07/09/2024 06:03:36 - INFO - root - Image have been saved in /shenzihe/WD-Disk/output/mit_mascot_bsz_2_loss_0_1_0.001/checkpoint-40/images/in_the_snow/
07/09/2024 06:03:49 - INFO - root - Image have been saved in /shenzihe/WD-Disk/output/mit_mascot_bsz_2_loss_0_1_0.001/checkpoint-40/images/in_the_snow/
07/09/2024 06:03:49 - INFO - __main__ - Running validation... 
 Generating 4 images with prompt:on the beach.
07/09/2024 06:04:03 - INFO - root - Image have been saved in /shenzihe/WD-Disk/output/mit_mascot_bsz_2_loss_0_1_0.001/checkpoint-40/images/on_the_beach/
07/09/2024 06:04:16 - INFO - root - Image have been saved in /shenzihe/WD-Disk/output/mit_mascot_bsz_2_loss_0_1_0.001/checkpoint-40/images/on_the_beach/
07/09/2024 06:04:29 - INFO - root - Image have been saved in /shenzihe/WD-Disk/output/mit_mascot_bsz_2_loss_0_1_0.001/checkpoint-40/images/on_the_beach/
07/09/2024 06:04:42 - INFO - root - Image have been saved in /shenzihe/WD-Disk/output/mit_mascot_bsz_2_loss_0_1_0.001/checkpoint-40/images/on_the_beach/
07/09/2024 06:04:42 - INFO - __main__ - Running validation... 
 Generating 4 images with prompt:on a cobblestone street.
07/09/2024 06:04:56 - INFO - root - Image have been saved in /shenzihe/WD-Disk/output/mit_mascot_bsz_2_loss_0_1_0.001/checkpoint-40/images/on_a_cobblestone_street/
07/09/2024 06:05:09 - INFO - root - Image have been saved in /shenzihe/WD-Disk/output/mit_mascot_bsz_2_loss_0_1_0.001/checkpoint-40/images/on_a_cobblestone_street/
07/09/2024 06:05:22 - INFO - root - Image have been saved in /shenzihe/WD-Disk/output/mit_mascot_bsz_2_loss_0_1_0.001/checkpoint-40/images/on_a_cobblestone_street/
07/09/2024 06:05:36 - INFO - root - Image have been saved in /shenzihe/WD-Disk/output/mit_mascot_bsz_2_loss_0_1_0.001/checkpoint-40/images/on_a_cobblestone_street/
07/09/2024 06:05:36 - INFO - __main__ - Running validation... 
 Generating 4 images with prompt:on top of pink fabric.
07/09/2024 06:05:49 - INFO - root - Image have been saved in /shenzihe/WD-Disk/output/mit_mascot_bsz_2_loss_0_1_0.001/checkpoint-40/images/on_top_of_pink_fabric/
07/09/2024 06:06:02 - INFO - root - Image have been saved in /shenzihe/WD-Disk/output/mit_mascot_bsz_2_loss_0_1_0.001/checkpoint-40/images/on_top_of_pink_fabric/
07/09/2024 06:06:15 - INFO - root - Image have been saved in /shenzihe/WD-Disk/output/mit_mascot_bsz_2_loss_0_1_0.001/checkpoint-40/images/on_top_of_pink_fabric/
07/09/2024 06:06:29 - INFO - root - Image have been saved in /shenzihe/WD-Disk/output/mit_mascot_bsz_2_loss_0_1_0.001/checkpoint-40/images/on_top_of_pink_fabric/
07/09/2024 06:06:29 - INFO - __main__ - Running validation... 
 Generating 4 images with prompt:on top of a wooden floor.
07/09/2024 06:06:42 - INFO - root - Image have been saved in /shenzihe/WD-Disk/output/mit_mascot_bsz_2_loss_0_1_0.001/checkpoint-40/images/on_top_of_a_wooden_floor/
07/09/2024 06:06:55 - INFO - root - Image have been saved in /shenzihe/WD-Disk/output/mit_mascot_bsz_2_loss_0_1_0.001/checkpoint-40/images/on_top_of_a_wooden_floor/
07/09/2024 06:07:08 - INFO - root - Image have been saved in /shenzihe/WD-Disk/output/mit_mascot_bsz_2_loss_0_1_0.001/checkpoint-40/images/on_top_of_a_wooden_floor/
07/09/2024 06:07:22 - INFO - root - Image have been saved in /shenzihe/WD-Disk/output/mit_mascot_bsz_2_loss_0_1_0.001/checkpoint-40/images/on_top_of_a_wooden_floor/
07/09/2024 06:07:22 - INFO - __main__ - Running validation... 
 Generating 4 images with prompt:with a city in the background.
07/09/2024 06:07:35 - INFO - root - Image have been saved in /shenzihe/WD-Disk/output/mit_mascot_bsz_2_loss_0_1_0.001/checkpoint-40/images/with_a_city_in_the_background/
07/09/2024 06:07:48 - INFO - root - Image have been saved in /shenzihe/WD-Disk/output/mit_mascot_bsz_2_loss_0_1_0.001/checkpoint-40/images/with_a_city_in_the_background/
07/09/2024 06:08:02 - INFO - root - Image have been saved in /shenzihe/WD-Disk/output/mit_mascot_bsz_2_loss_0_1_0.001/checkpoint-40/images/with_a_city_in_the_background/
07/09/2024 06:08:15 - INFO - root - Image have been saved in /shenzihe/WD-Disk/output/mit_mascot_bsz_2_loss_0_1_0.001/checkpoint-40/images/with_a_city_in_the_background/
07/09/2024 06:08:15 - INFO - __main__ - Running validation... 
 Generating 4 images with prompt:with a mountain in the background.
07/09/2024 06:08:28 - INFO - root - Image have been saved in /shenzihe/WD-Disk/output/mit_mascot_bsz_2_loss_0_1_0.001/checkpoint-40/images/with_a_mountain_in_the_background/
07/09/2024 06:08:41 - INFO - root - Image have been saved in /shenzihe/WD-Disk/output/mit_mascot_bsz_2_loss_0_1_0.001/checkpoint-40/images/with_a_mountain_in_the_background/
07/09/2024 06:08:55 - INFO - root - Image have been saved in /shenzihe/WD-Disk/output/mit_mascot_bsz_2_loss_0_1_0.001/checkpoint-40/images/with_a_mountain_in_the_background/
07/09/2024 06:09:08 - INFO - root - Image have been saved in /shenzihe/WD-Disk/output/mit_mascot_bsz_2_loss_0_1_0.001/checkpoint-40/images/with_a_mountain_in_the_background/
07/09/2024 06:09:08 - INFO - __main__ - Running validation... 
 Generating 4 images with prompt:with a blue house in the background.
07/09/2024 06:09:21 - INFO - root - Image have been saved in /shenzihe/WD-Disk/output/mit_mascot_bsz_2_loss_0_1_0.001/checkpoint-40/images/with_a_blue_house_in_the_background/
07/09/2024 06:09:35 - INFO - root - Image have been saved in /shenzihe/WD-Disk/output/mit_mascot_bsz_2_loss_0_1_0.001/checkpoint-40/images/with_a_blue_house_in_the_background/
07/09/2024 06:09:48 - INFO - root - Image have been saved in /shenzihe/WD-Disk/output/mit_mascot_bsz_2_loss_0_1_0.001/checkpoint-40/images/with_a_blue_house_in_the_background/
07/09/2024 06:10:01 - INFO - root - Image have been saved in /shenzihe/WD-Disk/output/mit_mascot_bsz_2_loss_0_1_0.001/checkpoint-40/images/with_a_blue_house_in_the_background/
07/09/2024 06:10:01 - INFO - __main__ - Running validation... 
 Generating 4 images with prompt:on top of a purple rug in a forest.
07/09/2024 06:10:15 - INFO - root - Image have been saved in /shenzihe/WD-Disk/output/mit_mascot_bsz_2_loss_0_1_0.001/checkpoint-40/images/on_top_of_a_purple_rug_in_a_forest/
07/09/2024 06:10:28 - INFO - root - Image have been saved in /shenzihe/WD-Disk/output/mit_mascot_bsz_2_loss_0_1_0.001/checkpoint-40/images/on_top_of_a_purple_rug_in_a_forest/
07/09/2024 06:10:41 - INFO - root - Image have been saved in /shenzihe/WD-Disk/output/mit_mascot_bsz_2_loss_0_1_0.001/checkpoint-40/images/on_top_of_a_purple_rug_in_a_forest/
07/09/2024 06:10:54 - INFO - root - Image have been saved in /shenzihe/WD-Disk/output/mit_mascot_bsz_2_loss_0_1_0.001/checkpoint-40/images/on_top_of_a_purple_rug_in_a_forest/
07/09/2024 06:10:54 - INFO - __main__ - Running validation... 
 Generating 4 images with prompt:with a wheat field in the background.
07/09/2024 06:11:08 - INFO - root - Image have been saved in /shenzihe/WD-Disk/output/mit_mascot_bsz_2_loss_0_1_0.001/checkpoint-40/images/with_a_wheat_field_in_the_background/
07/09/2024 06:11:21 - INFO - root - Image have been saved in /shenzihe/WD-Disk/output/mit_mascot_bsz_2_loss_0_1_0.001/checkpoint-40/images/with_a_wheat_field_in_the_background/
07/09/2024 06:11:34 - INFO - root - Image have been saved in /shenzihe/WD-Disk/output/mit_mascot_bsz_2_loss_0_1_0.001/checkpoint-40/images/with_a_wheat_field_in_the_background/
07/09/2024 06:11:47 - INFO - root - Image have been saved in /shenzihe/WD-Disk/output/mit_mascot_bsz_2_loss_0_1_0.001/checkpoint-40/images/with_a_wheat_field_in_the_background/
07/09/2024 06:11:47 - INFO - __main__ - Running validation... 
 Generating 4 images with prompt:with a tree and autumn leaves in the background.
07/09/2024 06:12:01 - INFO - root - Image have been saved in /shenzihe/WD-Disk/output/mit_mascot_bsz_2_loss_0_1_0.001/checkpoint-40/images/with_a_tree_and_autumn_leaves_in_the_background/
07/09/2024 06:12:14 - INFO - root - Image have been saved in /shenzihe/WD-Disk/output/mit_mascot_bsz_2_loss_0_1_0.001/checkpoint-40/images/with_a_tree_and_autumn_leaves_in_the_background/
07/09/2024 06:12:27 - INFO - root - Image have been saved in /shenzihe/WD-Disk/output/mit_mascot_bsz_2_loss_0_1_0.001/checkpoint-40/images/with_a_tree_and_autumn_leaves_in_the_background/
07/09/2024 06:12:40 - INFO - root - Image have been saved in /shenzihe/WD-Disk/output/mit_mascot_bsz_2_loss_0_1_0.001/checkpoint-40/images/with_a_tree_and_autumn_leaves_in_the_background/
07/09/2024 06:12:40 - INFO - __main__ - Running validation... 
 Generating 4 images with prompt:with the Eiffel Tower in the background.
07/09/2024 06:12:54 - INFO - root - Image have been saved in /shenzihe/WD-Disk/output/mit_mascot_bsz_2_loss_0_1_0.001/checkpoint-40/images/with_the_Eiffel_Tower_in_the_background/
07/09/2024 06:13:07 - INFO - root - Image have been saved in /shenzihe/WD-Disk/output/mit_mascot_bsz_2_loss_0_1_0.001/checkpoint-40/images/with_the_Eiffel_Tower_in_the_background/
07/09/2024 06:13:20 - INFO - root - Image have been saved in /shenzihe/WD-Disk/output/mit_mascot_bsz_2_loss_0_1_0.001/checkpoint-40/images/with_the_Eiffel_Tower_in_the_background/
07/09/2024 06:13:33 - INFO - root - Image have been saved in /shenzihe/WD-Disk/output/mit_mascot_bsz_2_loss_0_1_0.001/checkpoint-40/images/with_the_Eiffel_Tower_in_the_background/
07/09/2024 06:13:33 - INFO - __main__ - Running validation... 
 Generating 4 images with prompt:floating on top of water.
07/09/2024 06:13:47 - INFO - root - Image have been saved in /shenzihe/WD-Disk/output/mit_mascot_bsz_2_loss_0_1_0.001/checkpoint-40/images/floating_on_top_of_water/
07/09/2024 06:14:00 - INFO - root - Image have been saved in /shenzihe/WD-Disk/output/mit_mascot_bsz_2_loss_0_1_0.001/checkpoint-40/images/floating_on_top_of_water/
07/09/2024 06:14:13 - INFO - root - Image have been saved in /shenzihe/WD-Disk/output/mit_mascot_bsz_2_loss_0_1_0.001/checkpoint-40/images/floating_on_top_of_water/
07/09/2024 06:14:26 - INFO - root - Image have been saved in /shenzihe/WD-Disk/output/mit_mascot_bsz_2_loss_0_1_0.001/checkpoint-40/images/floating_on_top_of_water/
07/09/2024 06:14:26 - INFO - __main__ - Running validation... 
 Generating 4 images with prompt:floating in an ocean of milk.
07/09/2024 06:14:40 - INFO - root - Image have been saved in /shenzihe/WD-Disk/output/mit_mascot_bsz_2_loss_0_1_0.001/checkpoint-40/images/floating_in_an_ocean_of_milk/
07/09/2024 06:14:53 - INFO - root - Image have been saved in /shenzihe/WD-Disk/output/mit_mascot_bsz_2_loss_0_1_0.001/checkpoint-40/images/floating_in_an_ocean_of_milk/
07/09/2024 06:15:06 - INFO - root - Image have been saved in /shenzihe/WD-Disk/output/mit_mascot_bsz_2_loss_0_1_0.001/checkpoint-40/images/floating_in_an_ocean_of_milk/
07/09/2024 06:15:19 - INFO - root - Image have been saved in /shenzihe/WD-Disk/output/mit_mascot_bsz_2_loss_0_1_0.001/checkpoint-40/images/floating_in_an_ocean_of_milk/
07/09/2024 06:15:19 - INFO - __main__ - Running validation... 
 Generating 4 images with prompt:on top of green grass with sunflowers around it.
07/09/2024 06:15:33 - INFO - root - Image have been saved in /shenzihe/WD-Disk/output/mit_mascot_bsz_2_loss_0_1_0.001/checkpoint-40/images/on_top_of_green_grass_with_sunflowers_around_it/
07/09/2024 06:15:46 - INFO - root - Image have been saved in /shenzihe/WD-Disk/output/mit_mascot_bsz_2_loss_0_1_0.001/checkpoint-40/images/on_top_of_green_grass_with_sunflowers_around_it/
07/09/2024 06:15:59 - INFO - root - Image have been saved in /shenzihe/WD-Disk/output/mit_mascot_bsz_2_loss_0_1_0.001/checkpoint-40/images/on_top_of_green_grass_with_sunflowers_around_it/
07/09/2024 06:16:13 - INFO - root - Image have been saved in /shenzihe/WD-Disk/output/mit_mascot_bsz_2_loss_0_1_0.001/checkpoint-40/images/on_top_of_green_grass_with_sunflowers_around_it/
07/09/2024 06:16:13 - INFO - __main__ - Running validation... 
 Generating 4 images with prompt:on top of a mirror.
07/09/2024 06:16:26 - INFO - root - Image have been saved in /shenzihe/WD-Disk/output/mit_mascot_bsz_2_loss_0_1_0.001/checkpoint-40/images/on_top_of_a_mirror/
07/09/2024 06:16:39 - INFO - root - Image have been saved in /shenzihe/WD-Disk/output/mit_mascot_bsz_2_loss_0_1_0.001/checkpoint-40/images/on_top_of_a_mirror/
07/09/2024 06:16:53 - INFO - root - Image have been saved in /shenzihe/WD-Disk/output/mit_mascot_bsz_2_loss_0_1_0.001/checkpoint-40/images/on_top_of_a_mirror/
07/09/2024 06:17:06 - INFO - root - Image have been saved in /shenzihe/WD-Disk/output/mit_mascot_bsz_2_loss_0_1_0.001/checkpoint-40/images/on_top_of_a_mirror/
07/09/2024 06:17:06 - INFO - __main__ - Running validation... 
 Generating 4 images with prompt:on top of the sidewalk in a crowded street.
07/09/2024 06:17:19 - INFO - root - Image have been saved in /shenzihe/WD-Disk/output/mit_mascot_bsz_2_loss_0_1_0.001/checkpoint-40/images/on_top_of_the_sidewalk_in_a_crowded_street/
07/09/2024 06:17:32 - INFO - root - Image have been saved in /shenzihe/WD-Disk/output/mit_mascot_bsz_2_loss_0_1_0.001/checkpoint-40/images/on_top_of_the_sidewalk_in_a_crowded_street/
07/09/2024 06:17:46 - INFO - root - Image have been saved in /shenzihe/WD-Disk/output/mit_mascot_bsz_2_loss_0_1_0.001/checkpoint-40/images/on_top_of_the_sidewalk_in_a_crowded_street/
07/09/2024 06:17:59 - INFO - root - Image have been saved in /shenzihe/WD-Disk/output/mit_mascot_bsz_2_loss_0_1_0.001/checkpoint-40/images/on_top_of_the_sidewalk_in_a_crowded_street/
07/09/2024 06:17:59 - INFO - __main__ - Running validation... 
 Generating 4 images with prompt:on top of a dirt road.
07/09/2024 06:18:12 - INFO - root - Image have been saved in /shenzihe/WD-Disk/output/mit_mascot_bsz_2_loss_0_1_0.001/checkpoint-40/images/on_top_of_a_dirt_road/
07/09/2024 06:18:25 - INFO - root - Image have been saved in /shenzihe/WD-Disk/output/mit_mascot_bsz_2_loss_0_1_0.001/checkpoint-40/images/on_top_of_a_dirt_road/
07/09/2024 06:18:39 - INFO - root - Image have been saved in /shenzihe/WD-Disk/output/mit_mascot_bsz_2_loss_0_1_0.001/checkpoint-40/images/on_top_of_a_dirt_road/
07/09/2024 06:18:52 - INFO - root - Image have been saved in /shenzihe/WD-Disk/output/mit_mascot_bsz_2_loss_0_1_0.001/checkpoint-40/images/on_top_of_a_dirt_road/
07/09/2024 06:18:52 - INFO - __main__ - Running validation... 
 Generating 4 images with prompt:on top of a white rug.
07/09/2024 06:19:05 - INFO - root - Image have been saved in /shenzihe/WD-Disk/output/mit_mascot_bsz_2_loss_0_1_0.001/checkpoint-40/images/on_top_of_a_white_rug/
07/09/2024 06:19:18 - INFO - root - Image have been saved in /shenzihe/WD-Disk/output/mit_mascot_bsz_2_loss_0_1_0.001/checkpoint-40/images/on_top_of_a_white_rug/
07/09/2024 06:19:32 - INFO - root - Image have been saved in /shenzihe/WD-Disk/output/mit_mascot_bsz_2_loss_0_1_0.001/checkpoint-40/images/on_top_of_a_white_rug/
07/09/2024 06:19:45 - INFO - root - Image have been saved in /shenzihe/WD-Disk/output/mit_mascot_bsz_2_loss_0_1_0.001/checkpoint-40/images/on_top_of_a_white_rug/
07/09/2024 06:19:45 - INFO - __main__ - Running validation... 
 Generating 4 images with prompt:red.
07/09/2024 06:19:58 - INFO - root - Image have been saved in /shenzihe/WD-Disk/output/mit_mascot_bsz_2_loss_0_1_0.001/checkpoint-40/images/red/
07/09/2024 06:20:12 - INFO - root - Image have been saved in /shenzihe/WD-Disk/output/mit_mascot_bsz_2_loss_0_1_0.001/checkpoint-40/images/red/
07/09/2024 06:20:25 - INFO - root - Image have been saved in /shenzihe/WD-Disk/output/mit_mascot_bsz_2_loss_0_1_0.001/checkpoint-40/images/red/
07/09/2024 06:20:38 - INFO - root - Image have been saved in /shenzihe/WD-Disk/output/mit_mascot_bsz_2_loss_0_1_0.001/checkpoint-40/images/red/
07/09/2024 06:20:38 - INFO - __main__ - Running validation... 
 Generating 4 images with prompt:purple.
07/09/2024 06:20:52 - INFO - root - Image have been saved in /shenzihe/WD-Disk/output/mit_mascot_bsz_2_loss_0_1_0.001/checkpoint-40/images/purple/
07/09/2024 06:21:05 - INFO - root - Image have been saved in /shenzihe/WD-Disk/output/mit_mascot_bsz_2_loss_0_1_0.001/checkpoint-40/images/purple/
07/09/2024 06:21:18 - INFO - root - Image have been saved in /shenzihe/WD-Disk/output/mit_mascot_bsz_2_loss_0_1_0.001/checkpoint-40/images/purple/
07/09/2024 06:21:32 - INFO - root - Image have been saved in /shenzihe/WD-Disk/output/mit_mascot_bsz_2_loss_0_1_0.001/checkpoint-40/images/purple/
07/09/2024 06:21:32 - INFO - __main__ - Running validation... 
 Generating 4 images with prompt:shiny.
07/09/2024 06:21:45 - INFO - root - Image have been saved in /shenzihe/WD-Disk/output/mit_mascot_bsz_2_loss_0_1_0.001/checkpoint-40/images/shiny/
07/09/2024 06:21:58 - INFO - root - Image have been saved in /shenzihe/WD-Disk/output/mit_mascot_bsz_2_loss_0_1_0.001/checkpoint-40/images/shiny/
07/09/2024 06:22:11 - INFO - root - Image have been saved in /shenzihe/WD-Disk/output/mit_mascot_bsz_2_loss_0_1_0.001/checkpoint-40/images/shiny/
07/09/2024 06:22:25 - INFO - root - Image have been saved in /shenzihe/WD-Disk/output/mit_mascot_bsz_2_loss_0_1_0.001/checkpoint-40/images/shiny/
07/09/2024 06:22:25 - INFO - __main__ - Running validation... 
 Generating 4 images with prompt:wet.
07/09/2024 06:22:38 - INFO - root - Image have been saved in /shenzihe/WD-Disk/output/mit_mascot_bsz_2_loss_0_1_0.001/checkpoint-40/images/wet/
07/09/2024 06:22:51 - INFO - root - Image have been saved in /shenzihe/WD-Disk/output/mit_mascot_bsz_2_loss_0_1_0.001/checkpoint-40/images/wet/
07/09/2024 06:23:04 - INFO - root - Image have been saved in /shenzihe/WD-Disk/output/mit_mascot_bsz_2_loss_0_1_0.001/checkpoint-40/images/wet/
07/09/2024 06:23:18 - INFO - root - Image have been saved in /shenzihe/WD-Disk/output/mit_mascot_bsz_2_loss_0_1_0.001/checkpoint-40/images/wet/
07/09/2024 06:23:18 - INFO - __main__ - Running validation... 
 Generating 4 images with prompt:cube shaped.
07/09/2024 06:23:31 - INFO - root - Image have been saved in /shenzihe/WD-Disk/output/mit_mascot_bsz_2_loss_0_1_0.001/checkpoint-40/images/cube_shaped/
07/09/2024 06:23:44 - INFO - root - Image have been saved in /shenzihe/WD-Disk/output/mit_mascot_bsz_2_loss_0_1_0.001/checkpoint-40/images/cube_shaped/
07/09/2024 06:23:57 - INFO - root - Image have been saved in /shenzihe/WD-Disk/output/mit_mascot_bsz_2_loss_0_1_0.001/checkpoint-40/images/cube_shaped/
07/09/2024 06:24:11 - INFO - root - Image have been saved in /shenzihe/WD-Disk/output/mit_mascot_bsz_2_loss_0_1_0.001/checkpoint-40/images/cube_shaped/
07/09/2024 06:24:13 - INFO - root - {'loss': 0.08778349310159683, 'lr': 0.0001}
07/09/2024 06:24:15 - INFO - root - {'loss': 0.07344263792037964, 'lr': 0.0001}
07/09/2024 06:24:17 - INFO - root - {'loss': 0.25120189785957336, 'lr': 0.0001}
07/09/2024 06:24:19 - INFO - root - {'loss': 0.009263341315090656, 'lr': 0.0001}
07/09/2024 06:24:22 - INFO - root - {'loss': 0.10013662278652191, 'lr': 0.0001}
07/09/2024 06:24:24 - INFO - root - {'loss': 0.09436358511447906, 'lr': 0.0001}
07/09/2024 06:24:26 - INFO - root - {'loss': 0.012668002396821976, 'lr': 0.0001}
07/09/2024 06:24:28 - INFO - root - {'loss': 0.12046191096305847, 'lr': 0.0001}
07/09/2024 06:24:30 - INFO - root - {'loss': 0.12718135118484497, 'lr': 0.0001}
07/09/2024 06:24:32 - INFO - root - {'loss': 0.06876552104949951, 'lr': 0.0001}
07/09/2024 06:24:34 - INFO - root - {'loss': 0.1512361466884613, 'lr': 0.0001}
07/09/2024 06:24:36 - INFO - root - {'loss': 0.2653619349002838, 'lr': 0.0001}
07/09/2024 06:24:38 - INFO - root - {'loss': 0.05947095528244972, 'lr': 0.0001}
07/09/2024 06:24:40 - INFO - root - {'loss': 0.2604600489139557, 'lr': 0.0001}
07/09/2024 06:24:43 - INFO - root - {'loss': 0.13169017434120178, 'lr': 0.0001}
07/09/2024 06:24:45 - INFO - root - {'loss': 0.10332188010215759, 'lr': 0.0001}
07/09/2024 06:24:47 - INFO - root - {'loss': 0.19059021770954132, 'lr': 0.0001}
07/09/2024 06:24:49 - INFO - root - {'loss': 0.025782860815525055, 'lr': 0.0001}
07/09/2024 06:24:51 - INFO - root - {'loss': 0.15901629626750946, 'lr': 0.0001}
07/09/2024 06:24:53 - INFO - root - {'loss': 0.07896926999092102, 'lr': 0.0001}
07/09/2024 06:24:53 - INFO - __main__ - Running validation... 
 Generating 4 images with prompt:in the jungle.
07/09/2024 06:25:07 - INFO - root - Image have been saved in /shenzihe/WD-Disk/output/mit_mascot_bsz_2_loss_0_1_0.001/checkpoint-60/images/in_the_jungle/
07/09/2024 06:25:20 - INFO - root - Image have been saved in /shenzihe/WD-Disk/output/mit_mascot_bsz_2_loss_0_1_0.001/checkpoint-60/images/in_the_jungle/
07/09/2024 06:25:33 - INFO - root - Image have been saved in /shenzihe/WD-Disk/output/mit_mascot_bsz_2_loss_0_1_0.001/checkpoint-60/images/in_the_jungle/
07/09/2024 06:25:46 - INFO - root - Image have been saved in /shenzihe/WD-Disk/output/mit_mascot_bsz_2_loss_0_1_0.001/checkpoint-60/images/in_the_jungle/
07/09/2024 06:25:46 - INFO - __main__ - Running validation... 
 Generating 4 images with prompt:in the snow.
07/09/2024 06:25:59 - INFO - root - Image have been saved in /shenzihe/WD-Disk/output/mit_mascot_bsz_2_loss_0_1_0.001/checkpoint-60/images/in_the_snow/
07/09/2024 06:26:13 - INFO - root - Image have been saved in /shenzihe/WD-Disk/output/mit_mascot_bsz_2_loss_0_1_0.001/checkpoint-60/images/in_the_snow/
07/09/2024 06:26:26 - INFO - root - Image have been saved in /shenzihe/WD-Disk/output/mit_mascot_bsz_2_loss_0_1_0.001/checkpoint-60/images/in_the_snow/
07/09/2024 06:26:39 - INFO - root - Image have been saved in /shenzihe/WD-Disk/output/mit_mascot_bsz_2_loss_0_1_0.001/checkpoint-60/images/in_the_snow/
07/09/2024 06:26:39 - INFO - __main__ - Running validation... 
 Generating 4 images with prompt:on the beach.
07/09/2024 06:26:52 - INFO - root - Image have been saved in /shenzihe/WD-Disk/output/mit_mascot_bsz_2_loss_0_1_0.001/checkpoint-60/images/on_the_beach/
07/09/2024 06:27:06 - INFO - root - Image have been saved in /shenzihe/WD-Disk/output/mit_mascot_bsz_2_loss_0_1_0.001/checkpoint-60/images/on_the_beach/
07/09/2024 06:27:19 - INFO - root - Image have been saved in /shenzihe/WD-Disk/output/mit_mascot_bsz_2_loss_0_1_0.001/checkpoint-60/images/on_the_beach/
07/09/2024 06:27:32 - INFO - root - Image have been saved in /shenzihe/WD-Disk/output/mit_mascot_bsz_2_loss_0_1_0.001/checkpoint-60/images/on_the_beach/
07/09/2024 06:27:32 - INFO - __main__ - Running validation... 
 Generating 4 images with prompt:on a cobblestone street.
07/09/2024 06:27:45 - INFO - root - Image have been saved in /shenzihe/WD-Disk/output/mit_mascot_bsz_2_loss_0_1_0.001/checkpoint-60/images/on_a_cobblestone_street/
07/09/2024 06:27:59 - INFO - root - Image have been saved in /shenzihe/WD-Disk/output/mit_mascot_bsz_2_loss_0_1_0.001/checkpoint-60/images/on_a_cobblestone_street/
07/09/2024 06:28:12 - INFO - root - Image have been saved in /shenzihe/WD-Disk/output/mit_mascot_bsz_2_loss_0_1_0.001/checkpoint-60/images/on_a_cobblestone_street/
07/09/2024 06:28:25 - INFO - root - Image have been saved in /shenzihe/WD-Disk/output/mit_mascot_bsz_2_loss_0_1_0.001/checkpoint-60/images/on_a_cobblestone_street/
07/09/2024 06:28:25 - INFO - __main__ - Running validation... 
 Generating 4 images with prompt:on top of pink fabric.
07/09/2024 06:28:38 - INFO - root - Image have been saved in /shenzihe/WD-Disk/output/mit_mascot_bsz_2_loss_0_1_0.001/checkpoint-60/images/on_top_of_pink_fabric/
07/09/2024 06:28:52 - INFO - root - Image have been saved in /shenzihe/WD-Disk/output/mit_mascot_bsz_2_loss_0_1_0.001/checkpoint-60/images/on_top_of_pink_fabric/
07/09/2024 06:29:05 - INFO - root - Image have been saved in /shenzihe/WD-Disk/output/mit_mascot_bsz_2_loss_0_1_0.001/checkpoint-60/images/on_top_of_pink_fabric/
07/09/2024 06:29:18 - INFO - root - Image have been saved in /shenzihe/WD-Disk/output/mit_mascot_bsz_2_loss_0_1_0.001/checkpoint-60/images/on_top_of_pink_fabric/
07/09/2024 06:29:18 - INFO - __main__ - Running validation... 
 Generating 4 images with prompt:on top of a wooden floor.
07/09/2024 06:29:32 - INFO - root - Image have been saved in /shenzihe/WD-Disk/output/mit_mascot_bsz_2_loss_0_1_0.001/checkpoint-60/images/on_top_of_a_wooden_floor/
07/09/2024 06:29:45 - INFO - root - Image have been saved in /shenzihe/WD-Disk/output/mit_mascot_bsz_2_loss_0_1_0.001/checkpoint-60/images/on_top_of_a_wooden_floor/
07/09/2024 06:29:58 - INFO - root - Image have been saved in /shenzihe/WD-Disk/output/mit_mascot_bsz_2_loss_0_1_0.001/checkpoint-60/images/on_top_of_a_wooden_floor/
07/09/2024 06:30:12 - INFO - root - Image have been saved in /shenzihe/WD-Disk/output/mit_mascot_bsz_2_loss_0_1_0.001/checkpoint-60/images/on_top_of_a_wooden_floor/
07/09/2024 06:30:12 - INFO - __main__ - Running validation... 
 Generating 4 images with prompt:with a city in the background.
07/09/2024 06:30:25 - INFO - root - Image have been saved in /shenzihe/WD-Disk/output/mit_mascot_bsz_2_loss_0_1_0.001/checkpoint-60/images/with_a_city_in_the_background/
07/09/2024 06:30:38 - INFO - root - Image have been saved in /shenzihe/WD-Disk/output/mit_mascot_bsz_2_loss_0_1_0.001/checkpoint-60/images/with_a_city_in_the_background/
07/09/2024 06:30:51 - INFO - root - Image have been saved in /shenzihe/WD-Disk/output/mit_mascot_bsz_2_loss_0_1_0.001/checkpoint-60/images/with_a_city_in_the_background/
07/09/2024 06:31:05 - INFO - root - Image have been saved in /shenzihe/WD-Disk/output/mit_mascot_bsz_2_loss_0_1_0.001/checkpoint-60/images/with_a_city_in_the_background/
07/09/2024 06:31:05 - INFO - __main__ - Running validation... 
 Generating 4 images with prompt:with a mountain in the background.
07/09/2024 06:31:18 - INFO - root - Image have been saved in /shenzihe/WD-Disk/output/mit_mascot_bsz_2_loss_0_1_0.001/checkpoint-60/images/with_a_mountain_in_the_background/
07/09/2024 06:31:31 - INFO - root - Image have been saved in /shenzihe/WD-Disk/output/mit_mascot_bsz_2_loss_0_1_0.001/checkpoint-60/images/with_a_mountain_in_the_background/
07/09/2024 06:31:45 - INFO - root - Image have been saved in /shenzihe/WD-Disk/output/mit_mascot_bsz_2_loss_0_1_0.001/checkpoint-60/images/with_a_mountain_in_the_background/
07/09/2024 06:31:58 - INFO - root - Image have been saved in /shenzihe/WD-Disk/output/mit_mascot_bsz_2_loss_0_1_0.001/checkpoint-60/images/with_a_mountain_in_the_background/
07/09/2024 06:31:58 - INFO - __main__ - Running validation... 
 Generating 4 images with prompt:with a blue house in the background.
07/09/2024 06:32:11 - INFO - root - Image have been saved in /shenzihe/WD-Disk/output/mit_mascot_bsz_2_loss_0_1_0.001/checkpoint-60/images/with_a_blue_house_in_the_background/
07/09/2024 06:32:24 - INFO - root - Image have been saved in /shenzihe/WD-Disk/output/mit_mascot_bsz_2_loss_0_1_0.001/checkpoint-60/images/with_a_blue_house_in_the_background/
07/09/2024 06:32:38 - INFO - root - Image have been saved in /shenzihe/WD-Disk/output/mit_mascot_bsz_2_loss_0_1_0.001/checkpoint-60/images/with_a_blue_house_in_the_background/
07/09/2024 06:32:51 - INFO - root - Image have been saved in /shenzihe/WD-Disk/output/mit_mascot_bsz_2_loss_0_1_0.001/checkpoint-60/images/with_a_blue_house_in_the_background/
07/09/2024 06:32:51 - INFO - __main__ - Running validation... 
 Generating 4 images with prompt:on top of a purple rug in a forest.
07/09/2024 06:33:04 - INFO - root - Image have been saved in /shenzihe/WD-Disk/output/mit_mascot_bsz_2_loss_0_1_0.001/checkpoint-60/images/on_top_of_a_purple_rug_in_a_forest/
07/09/2024 06:33:17 - INFO - root - Image have been saved in /shenzihe/WD-Disk/output/mit_mascot_bsz_2_loss_0_1_0.001/checkpoint-60/images/on_top_of_a_purple_rug_in_a_forest/
07/09/2024 06:33:31 - INFO - root - Image have been saved in /shenzihe/WD-Disk/output/mit_mascot_bsz_2_loss_0_1_0.001/checkpoint-60/images/on_top_of_a_purple_rug_in_a_forest/
07/09/2024 06:33:44 - INFO - root - Image have been saved in /shenzihe/WD-Disk/output/mit_mascot_bsz_2_loss_0_1_0.001/checkpoint-60/images/on_top_of_a_purple_rug_in_a_forest/
07/09/2024 06:33:44 - INFO - __main__ - Running validation... 
 Generating 4 images with prompt:with a wheat field in the background.
07/09/2024 06:33:57 - INFO - root - Image have been saved in /shenzihe/WD-Disk/output/mit_mascot_bsz_2_loss_0_1_0.001/checkpoint-60/images/with_a_wheat_field_in_the_background/
07/09/2024 06:34:10 - INFO - root - Image have been saved in /shenzihe/WD-Disk/output/mit_mascot_bsz_2_loss_0_1_0.001/checkpoint-60/images/with_a_wheat_field_in_the_background/
07/09/2024 06:34:24 - INFO - root - Image have been saved in /shenzihe/WD-Disk/output/mit_mascot_bsz_2_loss_0_1_0.001/checkpoint-60/images/with_a_wheat_field_in_the_background/
07/09/2024 06:34:37 - INFO - root - Image have been saved in /shenzihe/WD-Disk/output/mit_mascot_bsz_2_loss_0_1_0.001/checkpoint-60/images/with_a_wheat_field_in_the_background/
07/09/2024 06:34:37 - INFO - __main__ - Running validation... 
 Generating 4 images with prompt:with a tree and autumn leaves in the background.
07/09/2024 06:34:50 - INFO - root - Image have been saved in /shenzihe/WD-Disk/output/mit_mascot_bsz_2_loss_0_1_0.001/checkpoint-60/images/with_a_tree_and_autumn_leaves_in_the_background/
07/09/2024 06:35:03 - INFO - root - Image have been saved in /shenzihe/WD-Disk/output/mit_mascot_bsz_2_loss_0_1_0.001/checkpoint-60/images/with_a_tree_and_autumn_leaves_in_the_background/
07/09/2024 06:35:17 - INFO - root - Image have been saved in /shenzihe/WD-Disk/output/mit_mascot_bsz_2_loss_0_1_0.001/checkpoint-60/images/with_a_tree_and_autumn_leaves_in_the_background/
07/09/2024 06:35:30 - INFO - root - Image have been saved in /shenzihe/WD-Disk/output/mit_mascot_bsz_2_loss_0_1_0.001/checkpoint-60/images/with_a_tree_and_autumn_leaves_in_the_background/
07/09/2024 06:35:30 - INFO - __main__ - Running validation... 
 Generating 4 images with prompt:with the Eiffel Tower in the background.
07/09/2024 06:35:43 - INFO - root - Image have been saved in /shenzihe/WD-Disk/output/mit_mascot_bsz_2_loss_0_1_0.001/checkpoint-60/images/with_the_Eiffel_Tower_in_the_background/
07/09/2024 06:35:57 - INFO - root - Image have been saved in /shenzihe/WD-Disk/output/mit_mascot_bsz_2_loss_0_1_0.001/checkpoint-60/images/with_the_Eiffel_Tower_in_the_background/
07/09/2024 06:36:10 - INFO - root - Image have been saved in /shenzihe/WD-Disk/output/mit_mascot_bsz_2_loss_0_1_0.001/checkpoint-60/images/with_the_Eiffel_Tower_in_the_background/
07/09/2024 06:36:23 - INFO - root - Image have been saved in /shenzihe/WD-Disk/output/mit_mascot_bsz_2_loss_0_1_0.001/checkpoint-60/images/with_the_Eiffel_Tower_in_the_background/
07/09/2024 06:36:23 - INFO - __main__ - Running validation... 
 Generating 4 images with prompt:floating on top of water.
07/09/2024 06:36:36 - INFO - root - Image have been saved in /shenzihe/WD-Disk/output/mit_mascot_bsz_2_loss_0_1_0.001/checkpoint-60/images/floating_on_top_of_water/
07/09/2024 06:36:50 - INFO - root - Image have been saved in /shenzihe/WD-Disk/output/mit_mascot_bsz_2_loss_0_1_0.001/checkpoint-60/images/floating_on_top_of_water/
07/09/2024 06:37:03 - INFO - root - Image have been saved in /shenzihe/WD-Disk/output/mit_mascot_bsz_2_loss_0_1_0.001/checkpoint-60/images/floating_on_top_of_water/
07/09/2024 06:37:16 - INFO - root - Image have been saved in /shenzihe/WD-Disk/output/mit_mascot_bsz_2_loss_0_1_0.001/checkpoint-60/images/floating_on_top_of_water/
07/09/2024 06:37:16 - INFO - __main__ - Running validation... 
 Generating 4 images with prompt:floating in an ocean of milk.
07/09/2024 06:37:30 - INFO - root - Image have been saved in /shenzihe/WD-Disk/output/mit_mascot_bsz_2_loss_0_1_0.001/checkpoint-60/images/floating_in_an_ocean_of_milk/
07/09/2024 06:37:43 - INFO - root - Image have been saved in /shenzihe/WD-Disk/output/mit_mascot_bsz_2_loss_0_1_0.001/checkpoint-60/images/floating_in_an_ocean_of_milk/
07/09/2024 06:37:56 - INFO - root - Image have been saved in /shenzihe/WD-Disk/output/mit_mascot_bsz_2_loss_0_1_0.001/checkpoint-60/images/floating_in_an_ocean_of_milk/
07/09/2024 06:38:09 - INFO - root - Image have been saved in /shenzihe/WD-Disk/output/mit_mascot_bsz_2_loss_0_1_0.001/checkpoint-60/images/floating_in_an_ocean_of_milk/
07/09/2024 06:38:09 - INFO - __main__ - Running validation... 
 Generating 4 images with prompt:on top of green grass with sunflowers around it.
07/09/2024 06:38:23 - INFO - root - Image have been saved in /shenzihe/WD-Disk/output/mit_mascot_bsz_2_loss_0_1_0.001/checkpoint-60/images/on_top_of_green_grass_with_sunflowers_around_it/
07/09/2024 06:38:36 - INFO - root - Image have been saved in /shenzihe/WD-Disk/output/mit_mascot_bsz_2_loss_0_1_0.001/checkpoint-60/images/on_top_of_green_grass_with_sunflowers_around_it/
07/09/2024 06:38:49 - INFO - root - Image have been saved in /shenzihe/WD-Disk/output/mit_mascot_bsz_2_loss_0_1_0.001/checkpoint-60/images/on_top_of_green_grass_with_sunflowers_around_it/
07/09/2024 06:39:02 - INFO - root - Image have been saved in /shenzihe/WD-Disk/output/mit_mascot_bsz_2_loss_0_1_0.001/checkpoint-60/images/on_top_of_green_grass_with_sunflowers_around_it/
07/09/2024 06:39:02 - INFO - __main__ - Running validation... 
 Generating 4 images with prompt:on top of a mirror.
07/09/2024 06:39:16 - INFO - root - Image have been saved in /shenzihe/WD-Disk/output/mit_mascot_bsz_2_loss_0_1_0.001/checkpoint-60/images/on_top_of_a_mirror/
07/09/2024 06:39:29 - INFO - root - Image have been saved in /shenzihe/WD-Disk/output/mit_mascot_bsz_2_loss_0_1_0.001/checkpoint-60/images/on_top_of_a_mirror/
07/09/2024 06:39:42 - INFO - root - Image have been saved in /shenzihe/WD-Disk/output/mit_mascot_bsz_2_loss_0_1_0.001/checkpoint-60/images/on_top_of_a_mirror/
07/09/2024 06:39:56 - INFO - root - Image have been saved in /shenzihe/WD-Disk/output/mit_mascot_bsz_2_loss_0_1_0.001/checkpoint-60/images/on_top_of_a_mirror/
07/09/2024 06:39:56 - INFO - __main__ - Running validation... 
 Generating 4 images with prompt:on top of the sidewalk in a crowded street.
07/09/2024 06:40:09 - INFO - root - Image have been saved in /shenzihe/WD-Disk/output/mit_mascot_bsz_2_loss_0_1_0.001/checkpoint-60/images/on_top_of_the_sidewalk_in_a_crowded_street/
07/09/2024 06:40:22 - INFO - root - Image have been saved in /shenzihe/WD-Disk/output/mit_mascot_bsz_2_loss_0_1_0.001/checkpoint-60/images/on_top_of_the_sidewalk_in_a_crowded_street/
07/09/2024 06:40:36 - INFO - root - Image have been saved in /shenzihe/WD-Disk/output/mit_mascot_bsz_2_loss_0_1_0.001/checkpoint-60/images/on_top_of_the_sidewalk_in_a_crowded_street/
07/09/2024 06:40:49 - INFO - root - Image have been saved in /shenzihe/WD-Disk/output/mit_mascot_bsz_2_loss_0_1_0.001/checkpoint-60/images/on_top_of_the_sidewalk_in_a_crowded_street/
07/09/2024 06:40:49 - INFO - __main__ - Running validation... 
 Generating 4 images with prompt:on top of a dirt road.
07/09/2024 06:41:02 - INFO - root - Image have been saved in /shenzihe/WD-Disk/output/mit_mascot_bsz_2_loss_0_1_0.001/checkpoint-60/images/on_top_of_a_dirt_road/
07/09/2024 06:41:15 - INFO - root - Image have been saved in /shenzihe/WD-Disk/output/mit_mascot_bsz_2_loss_0_1_0.001/checkpoint-60/images/on_top_of_a_dirt_road/
07/09/2024 06:41:29 - INFO - root - Image have been saved in /shenzihe/WD-Disk/output/mit_mascot_bsz_2_loss_0_1_0.001/checkpoint-60/images/on_top_of_a_dirt_road/
07/09/2024 06:41:42 - INFO - root - Image have been saved in /shenzihe/WD-Disk/output/mit_mascot_bsz_2_loss_0_1_0.001/checkpoint-60/images/on_top_of_a_dirt_road/
07/09/2024 06:41:42 - INFO - __main__ - Running validation... 
 Generating 4 images with prompt:on top of a white rug.
07/09/2024 06:41:56 - INFO - root - Image have been saved in /shenzihe/WD-Disk/output/mit_mascot_bsz_2_loss_0_1_0.001/checkpoint-60/images/on_top_of_a_white_rug/
07/09/2024 06:42:09 - INFO - root - Image have been saved in /shenzihe/WD-Disk/output/mit_mascot_bsz_2_loss_0_1_0.001/checkpoint-60/images/on_top_of_a_white_rug/
07/09/2024 06:42:22 - INFO - root - Image have been saved in /shenzihe/WD-Disk/output/mit_mascot_bsz_2_loss_0_1_0.001/checkpoint-60/images/on_top_of_a_white_rug/
07/09/2024 06:42:36 - INFO - root - Image have been saved in /shenzihe/WD-Disk/output/mit_mascot_bsz_2_loss_0_1_0.001/checkpoint-60/images/on_top_of_a_white_rug/
07/09/2024 06:42:36 - INFO - __main__ - Running validation... 
 Generating 4 images with prompt:red.
07/09/2024 06:42:49 - INFO - root - Image have been saved in /shenzihe/WD-Disk/output/mit_mascot_bsz_2_loss_0_1_0.001/checkpoint-60/images/red/
07/09/2024 06:43:02 - INFO - root - Image have been saved in /shenzihe/WD-Disk/output/mit_mascot_bsz_2_loss_0_1_0.001/checkpoint-60/images/red/
07/09/2024 06:43:16 - INFO - root - Image have been saved in /shenzihe/WD-Disk/output/mit_mascot_bsz_2_loss_0_1_0.001/checkpoint-60/images/red/
07/09/2024 06:43:29 - INFO - root - Image have been saved in /shenzihe/WD-Disk/output/mit_mascot_bsz_2_loss_0_1_0.001/checkpoint-60/images/red/
07/09/2024 06:43:29 - INFO - __main__ - Running validation... 
 Generating 4 images with prompt:purple.
07/09/2024 06:43:42 - INFO - root - Image have been saved in /shenzihe/WD-Disk/output/mit_mascot_bsz_2_loss_0_1_0.001/checkpoint-60/images/purple/
07/09/2024 06:43:56 - INFO - root - Image have been saved in /shenzihe/WD-Disk/output/mit_mascot_bsz_2_loss_0_1_0.001/checkpoint-60/images/purple/
07/09/2024 06:44:09 - INFO - root - Image have been saved in /shenzihe/WD-Disk/output/mit_mascot_bsz_2_loss_0_1_0.001/checkpoint-60/images/purple/
07/09/2024 06:44:22 - INFO - root - Image have been saved in /shenzihe/WD-Disk/output/mit_mascot_bsz_2_loss_0_1_0.001/checkpoint-60/images/purple/
07/09/2024 06:44:22 - INFO - __main__ - Running validation... 
 Generating 4 images with prompt:shiny.
07/09/2024 06:44:35 - INFO - root - Image have been saved in /shenzihe/WD-Disk/output/mit_mascot_bsz_2_loss_0_1_0.001/checkpoint-60/images/shiny/
07/09/2024 06:44:49 - INFO - root - Image have been saved in /shenzihe/WD-Disk/output/mit_mascot_bsz_2_loss_0_1_0.001/checkpoint-60/images/shiny/
07/09/2024 06:45:02 - INFO - root - Image have been saved in /shenzihe/WD-Disk/output/mit_mascot_bsz_2_loss_0_1_0.001/checkpoint-60/images/shiny/
07/09/2024 06:45:15 - INFO - root - Image have been saved in /shenzihe/WD-Disk/output/mit_mascot_bsz_2_loss_0_1_0.001/checkpoint-60/images/shiny/
07/09/2024 06:45:15 - INFO - __main__ - Running validation... 
 Generating 4 images with prompt:wet.
07/09/2024 06:45:29 - INFO - root - Image have been saved in /shenzihe/WD-Disk/output/mit_mascot_bsz_2_loss_0_1_0.001/checkpoint-60/images/wet/
07/09/2024 06:45:42 - INFO - root - Image have been saved in /shenzihe/WD-Disk/output/mit_mascot_bsz_2_loss_0_1_0.001/checkpoint-60/images/wet/
07/09/2024 06:45:55 - INFO - root - Image have been saved in /shenzihe/WD-Disk/output/mit_mascot_bsz_2_loss_0_1_0.001/checkpoint-60/images/wet/
07/09/2024 06:46:09 - INFO - root - Image have been saved in /shenzihe/WD-Disk/output/mit_mascot_bsz_2_loss_0_1_0.001/checkpoint-60/images/wet/
07/09/2024 06:46:09 - INFO - __main__ - Running validation... 
 Generating 4 images with prompt:cube shaped.
07/09/2024 06:46:22 - INFO - root - Image have been saved in /shenzihe/WD-Disk/output/mit_mascot_bsz_2_loss_0_1_0.001/checkpoint-60/images/cube_shaped/
07/09/2024 06:46:35 - INFO - root - Image have been saved in /shenzihe/WD-Disk/output/mit_mascot_bsz_2_loss_0_1_0.001/checkpoint-60/images/cube_shaped/
07/09/2024 06:46:49 - INFO - root - Image have been saved in /shenzihe/WD-Disk/output/mit_mascot_bsz_2_loss_0_1_0.001/checkpoint-60/images/cube_shaped/
07/09/2024 06:47:02 - INFO - root - Image have been saved in /shenzihe/WD-Disk/output/mit_mascot_bsz_2_loss_0_1_0.001/checkpoint-60/images/cube_shaped/
