07/08/2024 15:49:22 - INFO - __main__ - Distributed environment: NO
Num processes: 1
Process index: 0
Local process index: 0
Device: cuda

Mixed precision type: no

07/08/2024 15:49:22 - WARNING - py.warnings - /shenzihe/venv/lib/python3.10/site-packages/huggingface_hub/file_download.py:1132: FutureWarning: `resume_download` is deprecated and will be removed in version 1.0.0. Downloads always resume when possible. If you want to force a new download, use `force_download=True`.
  warnings.warn(

07/08/2024 15:49:25 - INFO - root - freeze vision encoder
07/08/2024 15:49:28 - INFO - root - Loaded ViT-H-14 model config.
07/08/2024 15:49:33 - INFO - root - Loading pretrained ViT-H-14 weights (laion2b_s32b_b79k).
07/08/2024 15:49:37 - WARNING - py.warnings - /shenzihe/venv/lib/python3.10/site-packages/diffusers/configuration_utils.py:215: FutureWarning: It is deprecated to pass a pretrained model name or path to `from_config`.If you were trying to load a scheduler, please use <class 'diffusers.schedulers.scheduling_ddpm.DDPMScheduler'>.from_pretrained(...) instead. Otherwise, please make sure to pass a configuration dictionary instead. This functionality will be removed in v1.0.0.
  deprecate("config-passed-as-path", "1.0.0", deprecation_message, standard_warn=False)

07/08/2024 15:49:37 - INFO - root - Loading pretrained model from /root/.cache/torch/hub/checkpoints/blip-diffusion
07/08/2024 15:49:37 - INFO - root - Loading pretrained BLIP2 Qformer weights.
07/08/2024 15:49:39 - INFO - root - Loading pretrained projection lyer weights.
07/08/2024 15:49:39 - INFO - root - Loading pretrained text encoder weights.
07/08/2024 15:49:39 - INFO - root - Loading pretrained vae weights.
07/08/2024 15:49:39 - INFO - root - Loading pretrained unet weights.
07/08/2024 15:49:43 - INFO - root - Using xformers.
07/08/2024 15:49:43 - INFO - root - Building datasets...
07/08/2024 15:49:43 - INFO - __main__ - 
***** Running training *****
07/08/2024 15:49:43 - INFO - __main__ -   Num examples = 4
07/08/2024 15:49:43 - INFO - __main__ -   Num batches each epoch = 2
07/08/2024 15:49:43 - INFO - __main__ -   Num Epochs = 30
07/08/2024 15:49:43 - INFO - __main__ -   Instantaneous batch size per device = 2
07/08/2024 15:49:43 - INFO - __main__ -   Total train batch size (w. parallel, distributed & accumulation) = 2
07/08/2024 15:49:43 - INFO - __main__ -   Gradient Accumulation steps = 1
07/08/2024 15:49:43 - INFO - __main__ -   Total optimization steps = 60
07/08/2024 15:49:45 - WARNING - py.warnings - /shenzihe/venv/lib/python3.10/site-packages/torch/backends/cuda/__init__.py:342: FutureWarning: torch.backends.cuda.sdp_kernel() is deprecated. In the future, this context manager will be removed. Please see, torch.nn.attention.sdpa_kernel() for the new context manager, with updated signature.
  warnings.warn(

07/08/2024 15:49:47 - INFO - root - {'loss': 0.3247869908809662, 'lr': 0.0001}
07/08/2024 15:49:49 - INFO - root - {'loss': 0.10035950690507889, 'lr': 0.0001}
07/08/2024 15:49:51 - INFO - root - {'loss': 0.49386146664619446, 'lr': 0.0001}
07/08/2024 15:49:53 - INFO - root - {'loss': 0.016360299661755562, 'lr': 0.0001}
07/08/2024 15:49:55 - INFO - root - {'loss': 0.14560537040233612, 'lr': 0.0001}
07/08/2024 15:49:57 - INFO - root - {'loss': 0.2890050411224365, 'lr': 0.0001}
07/08/2024 15:50:00 - INFO - root - {'loss': 0.019327465444803238, 'lr': 0.0001}
07/08/2024 15:50:02 - INFO - root - {'loss': 0.1545010805130005, 'lr': 0.0001}
07/08/2024 15:50:04 - INFO - root - {'loss': 0.2786710858345032, 'lr': 0.0001}
07/08/2024 15:50:06 - INFO - root - {'loss': 0.11275595426559448, 'lr': 0.0001}
07/08/2024 15:50:08 - INFO - root - {'loss': 0.04685597866773605, 'lr': 0.0001}
07/08/2024 15:50:10 - INFO - root - {'loss': 0.015374126844108105, 'lr': 0.0001}
07/08/2024 15:50:12 - INFO - root - {'loss': 0.24772730469703674, 'lr': 0.0001}
07/08/2024 15:50:14 - INFO - root - {'loss': 0.048207733780145645, 'lr': 0.0001}
07/08/2024 15:50:17 - INFO - root - {'loss': 0.04187669977545738, 'lr': 0.0001}
07/08/2024 15:50:19 - INFO - root - {'loss': 0.09374164789915085, 'lr': 0.0001}
07/08/2024 15:50:21 - INFO - root - {'loss': 0.22134748101234436, 'lr': 0.0001}
07/08/2024 15:50:23 - INFO - root - {'loss': 0.07611586153507233, 'lr': 0.0001}
07/08/2024 15:50:25 - INFO - root - {'loss': 0.056169625371694565, 'lr': 0.0001}
07/08/2024 15:50:27 - INFO - root - {'loss': 0.16944639384746552, 'lr': 0.0001}
07/08/2024 15:50:27 - INFO - __main__ - Running validation... 
 Generating 4 images with prompt:in the jungle.
07/08/2024 15:50:27 - WARNING - py.warnings - /shenzihe/multi_BlipDisenBooth/multi_BD.py:646: FutureWarning: Accessing config attribute `in_channels` directly via 'UNet2DConditionModel' object attribute is deprecated. Please access 'in_channels' over 'UNet2DConditionModel's config object instead, e.g. 'unet.config.in_channels'.
  (1, self.unet.in_channels, height // 8, width // 8),

07/08/2024 15:50:27 - WARNING - py.warnings - /shenzihe/multi_BlipDisenBooth/multi_BD.py:652: FutureWarning: Accessing config attribute `in_channels` directly via 'UNet2DConditionModel' object attribute is deprecated. Please access 'in_channels' over 'UNet2DConditionModel's config object instead, e.g. 'unet.config.in_channels'.
  self.unet.in_channels,

07/08/2024 15:50:40 - INFO - root - Image have been saved in /shenzihe/WD-Disk/output/mit_mascot_bsz_2_loss_0.01_1_0.1/checkpoint-20/images/in_the_jungle/
07/08/2024 15:50:54 - INFO - root - Image have been saved in /shenzihe/WD-Disk/output/mit_mascot_bsz_2_loss_0.01_1_0.1/checkpoint-20/images/in_the_jungle/
07/08/2024 15:51:07 - INFO - root - Image have been saved in /shenzihe/WD-Disk/output/mit_mascot_bsz_2_loss_0.01_1_0.1/checkpoint-20/images/in_the_jungle/
07/08/2024 15:51:21 - INFO - root - Image have been saved in /shenzihe/WD-Disk/output/mit_mascot_bsz_2_loss_0.01_1_0.1/checkpoint-20/images/in_the_jungle/
07/08/2024 15:51:21 - INFO - __main__ - Running validation... 
 Generating 4 images with prompt:in the snow.
07/08/2024 15:51:34 - INFO - root - Image have been saved in /shenzihe/WD-Disk/output/mit_mascot_bsz_2_loss_0.01_1_0.1/checkpoint-20/images/in_the_snow/
07/08/2024 15:51:47 - INFO - root - Image have been saved in /shenzihe/WD-Disk/output/mit_mascot_bsz_2_loss_0.01_1_0.1/checkpoint-20/images/in_the_snow/
07/08/2024 15:52:01 - INFO - root - Image have been saved in /shenzihe/WD-Disk/output/mit_mascot_bsz_2_loss_0.01_1_0.1/checkpoint-20/images/in_the_snow/
07/08/2024 15:52:15 - INFO - root - Image have been saved in /shenzihe/WD-Disk/output/mit_mascot_bsz_2_loss_0.01_1_0.1/checkpoint-20/images/in_the_snow/
07/08/2024 15:52:15 - INFO - __main__ - Running validation... 
 Generating 4 images with prompt:on the beach.
07/08/2024 15:52:28 - INFO - root - Image have been saved in /shenzihe/WD-Disk/output/mit_mascot_bsz_2_loss_0.01_1_0.1/checkpoint-20/images/on_the_beach/
07/08/2024 15:52:41 - INFO - root - Image have been saved in /shenzihe/WD-Disk/output/mit_mascot_bsz_2_loss_0.01_1_0.1/checkpoint-20/images/on_the_beach/
07/08/2024 15:52:55 - INFO - root - Image have been saved in /shenzihe/WD-Disk/output/mit_mascot_bsz_2_loss_0.01_1_0.1/checkpoint-20/images/on_the_beach/
07/08/2024 15:53:08 - INFO - root - Image have been saved in /shenzihe/WD-Disk/output/mit_mascot_bsz_2_loss_0.01_1_0.1/checkpoint-20/images/on_the_beach/
07/08/2024 15:53:08 - INFO - __main__ - Running validation... 
 Generating 4 images with prompt:on a cobblestone street.
07/08/2024 15:53:22 - INFO - root - Image have been saved in /shenzihe/WD-Disk/output/mit_mascot_bsz_2_loss_0.01_1_0.1/checkpoint-20/images/on_a_cobblestone_street/
07/08/2024 15:53:35 - INFO - root - Image have been saved in /shenzihe/WD-Disk/output/mit_mascot_bsz_2_loss_0.01_1_0.1/checkpoint-20/images/on_a_cobblestone_street/
07/08/2024 15:53:49 - INFO - root - Image have been saved in /shenzihe/WD-Disk/output/mit_mascot_bsz_2_loss_0.01_1_0.1/checkpoint-20/images/on_a_cobblestone_street/
07/08/2024 15:54:02 - INFO - root - Image have been saved in /shenzihe/WD-Disk/output/mit_mascot_bsz_2_loss_0.01_1_0.1/checkpoint-20/images/on_a_cobblestone_street/
07/08/2024 15:54:02 - INFO - __main__ - Running validation... 
 Generating 4 images with prompt:on top of pink fabric.
07/08/2024 15:54:16 - INFO - root - Image have been saved in /shenzihe/WD-Disk/output/mit_mascot_bsz_2_loss_0.01_1_0.1/checkpoint-20/images/on_top_of_pink_fabric/
07/08/2024 15:54:29 - INFO - root - Image have been saved in /shenzihe/WD-Disk/output/mit_mascot_bsz_2_loss_0.01_1_0.1/checkpoint-20/images/on_top_of_pink_fabric/
07/08/2024 15:54:43 - INFO - root - Image have been saved in /shenzihe/WD-Disk/output/mit_mascot_bsz_2_loss_0.01_1_0.1/checkpoint-20/images/on_top_of_pink_fabric/
07/08/2024 15:54:56 - INFO - root - Image have been saved in /shenzihe/WD-Disk/output/mit_mascot_bsz_2_loss_0.01_1_0.1/checkpoint-20/images/on_top_of_pink_fabric/
07/08/2024 15:54:56 - INFO - __main__ - Running validation... 
 Generating 4 images with prompt:on top of a wooden floor.
07/08/2024 15:55:10 - INFO - root - Image have been saved in /shenzihe/WD-Disk/output/mit_mascot_bsz_2_loss_0.01_1_0.1/checkpoint-20/images/on_top_of_a_wooden_floor/
07/08/2024 15:55:23 - INFO - root - Image have been saved in /shenzihe/WD-Disk/output/mit_mascot_bsz_2_loss_0.01_1_0.1/checkpoint-20/images/on_top_of_a_wooden_floor/
07/08/2024 15:55:37 - INFO - root - Image have been saved in /shenzihe/WD-Disk/output/mit_mascot_bsz_2_loss_0.01_1_0.1/checkpoint-20/images/on_top_of_a_wooden_floor/
07/08/2024 15:55:50 - INFO - root - Image have been saved in /shenzihe/WD-Disk/output/mit_mascot_bsz_2_loss_0.01_1_0.1/checkpoint-20/images/on_top_of_a_wooden_floor/
07/08/2024 15:55:50 - INFO - __main__ - Running validation... 
 Generating 4 images with prompt:with a city in the background.
07/08/2024 15:56:03 - INFO - root - Image have been saved in /shenzihe/WD-Disk/output/mit_mascot_bsz_2_loss_0.01_1_0.1/checkpoint-20/images/with_a_city_in_the_background/
07/08/2024 15:56:17 - INFO - root - Image have been saved in /shenzihe/WD-Disk/output/mit_mascot_bsz_2_loss_0.01_1_0.1/checkpoint-20/images/with_a_city_in_the_background/
07/08/2024 15:56:30 - INFO - root - Image have been saved in /shenzihe/WD-Disk/output/mit_mascot_bsz_2_loss_0.01_1_0.1/checkpoint-20/images/with_a_city_in_the_background/
07/08/2024 15:56:44 - INFO - root - Image have been saved in /shenzihe/WD-Disk/output/mit_mascot_bsz_2_loss_0.01_1_0.1/checkpoint-20/images/with_a_city_in_the_background/
07/08/2024 15:56:44 - INFO - __main__ - Running validation... 
 Generating 4 images with prompt:with a mountain in the background.
07/08/2024 15:56:58 - INFO - root - Image have been saved in /shenzihe/WD-Disk/output/mit_mascot_bsz_2_loss_0.01_1_0.1/checkpoint-20/images/with_a_mountain_in_the_background/
07/08/2024 15:57:11 - INFO - root - Image have been saved in /shenzihe/WD-Disk/output/mit_mascot_bsz_2_loss_0.01_1_0.1/checkpoint-20/images/with_a_mountain_in_the_background/
07/08/2024 15:57:24 - INFO - root - Image have been saved in /shenzihe/WD-Disk/output/mit_mascot_bsz_2_loss_0.01_1_0.1/checkpoint-20/images/with_a_mountain_in_the_background/
07/08/2024 15:57:38 - INFO - root - Image have been saved in /shenzihe/WD-Disk/output/mit_mascot_bsz_2_loss_0.01_1_0.1/checkpoint-20/images/with_a_mountain_in_the_background/
07/08/2024 15:57:38 - INFO - __main__ - Running validation... 
 Generating 4 images with prompt:with a blue house in the background.
07/08/2024 15:57:51 - INFO - root - Image have been saved in /shenzihe/WD-Disk/output/mit_mascot_bsz_2_loss_0.01_1_0.1/checkpoint-20/images/with_a_blue_house_in_the_background/
07/08/2024 15:58:05 - INFO - root - Image have been saved in /shenzihe/WD-Disk/output/mit_mascot_bsz_2_loss_0.01_1_0.1/checkpoint-20/images/with_a_blue_house_in_the_background/
07/08/2024 15:58:19 - INFO - root - Image have been saved in /shenzihe/WD-Disk/output/mit_mascot_bsz_2_loss_0.01_1_0.1/checkpoint-20/images/with_a_blue_house_in_the_background/
07/08/2024 15:58:32 - INFO - root - Image have been saved in /shenzihe/WD-Disk/output/mit_mascot_bsz_2_loss_0.01_1_0.1/checkpoint-20/images/with_a_blue_house_in_the_background/
07/08/2024 15:58:32 - INFO - __main__ - Running validation... 
 Generating 4 images with prompt:on top of a purple rug in a forest.
07/08/2024 15:58:46 - INFO - root - Image have been saved in /shenzihe/WD-Disk/output/mit_mascot_bsz_2_loss_0.01_1_0.1/checkpoint-20/images/on_top_of_a_purple_rug_in_a_forest/
07/08/2024 15:58:59 - INFO - root - Image have been saved in /shenzihe/WD-Disk/output/mit_mascot_bsz_2_loss_0.01_1_0.1/checkpoint-20/images/on_top_of_a_purple_rug_in_a_forest/
07/08/2024 15:59:13 - INFO - root - Image have been saved in /shenzihe/WD-Disk/output/mit_mascot_bsz_2_loss_0.01_1_0.1/checkpoint-20/images/on_top_of_a_purple_rug_in_a_forest/
07/08/2024 15:59:26 - INFO - root - Image have been saved in /shenzihe/WD-Disk/output/mit_mascot_bsz_2_loss_0.01_1_0.1/checkpoint-20/images/on_top_of_a_purple_rug_in_a_forest/
07/08/2024 15:59:26 - INFO - __main__ - Running validation... 
 Generating 4 images with prompt:with a wheat field in the background.
07/08/2024 15:59:40 - INFO - root - Image have been saved in /shenzihe/WD-Disk/output/mit_mascot_bsz_2_loss_0.01_1_0.1/checkpoint-20/images/with_a_wheat_field_in_the_background/
07/08/2024 15:59:53 - INFO - root - Image have been saved in /shenzihe/WD-Disk/output/mit_mascot_bsz_2_loss_0.01_1_0.1/checkpoint-20/images/with_a_wheat_field_in_the_background/
07/08/2024 16:00:07 - INFO - root - Image have been saved in /shenzihe/WD-Disk/output/mit_mascot_bsz_2_loss_0.01_1_0.1/checkpoint-20/images/with_a_wheat_field_in_the_background/
07/08/2024 16:00:20 - INFO - root - Image have been saved in /shenzihe/WD-Disk/output/mit_mascot_bsz_2_loss_0.01_1_0.1/checkpoint-20/images/with_a_wheat_field_in_the_background/
07/08/2024 16:00:20 - INFO - __main__ - Running validation... 
 Generating 4 images with prompt:with a tree and autumn leaves in the background.
07/08/2024 16:00:34 - INFO - root - Image have been saved in /shenzihe/WD-Disk/output/mit_mascot_bsz_2_loss_0.01_1_0.1/checkpoint-20/images/with_a_tree_and_autumn_leaves_in_the_background/
07/08/2024 16:00:47 - INFO - root - Image have been saved in /shenzihe/WD-Disk/output/mit_mascot_bsz_2_loss_0.01_1_0.1/checkpoint-20/images/with_a_tree_and_autumn_leaves_in_the_background/
07/08/2024 16:01:01 - INFO - root - Image have been saved in /shenzihe/WD-Disk/output/mit_mascot_bsz_2_loss_0.01_1_0.1/checkpoint-20/images/with_a_tree_and_autumn_leaves_in_the_background/
07/08/2024 16:01:14 - INFO - root - Image have been saved in /shenzihe/WD-Disk/output/mit_mascot_bsz_2_loss_0.01_1_0.1/checkpoint-20/images/with_a_tree_and_autumn_leaves_in_the_background/
07/08/2024 16:01:14 - INFO - __main__ - Running validation... 
 Generating 4 images with prompt:with the Eiffel Tower in the background.
07/08/2024 16:01:28 - INFO - root - Image have been saved in /shenzihe/WD-Disk/output/mit_mascot_bsz_2_loss_0.01_1_0.1/checkpoint-20/images/with_the_Eiffel_Tower_in_the_background/
07/08/2024 16:01:41 - INFO - root - Image have been saved in /shenzihe/WD-Disk/output/mit_mascot_bsz_2_loss_0.01_1_0.1/checkpoint-20/images/with_the_Eiffel_Tower_in_the_background/
07/08/2024 16:01:55 - INFO - root - Image have been saved in /shenzihe/WD-Disk/output/mit_mascot_bsz_2_loss_0.01_1_0.1/checkpoint-20/images/with_the_Eiffel_Tower_in_the_background/
07/08/2024 16:02:08 - INFO - root - Image have been saved in /shenzihe/WD-Disk/output/mit_mascot_bsz_2_loss_0.01_1_0.1/checkpoint-20/images/with_the_Eiffel_Tower_in_the_background/
07/08/2024 16:02:08 - INFO - __main__ - Running validation... 
 Generating 4 images with prompt:floating on top of water.
07/08/2024 16:02:21 - INFO - root - Image have been saved in /shenzihe/WD-Disk/output/mit_mascot_bsz_2_loss_0.01_1_0.1/checkpoint-20/images/floating_on_top_of_water/
07/08/2024 16:02:35 - INFO - root - Image have been saved in /shenzihe/WD-Disk/output/mit_mascot_bsz_2_loss_0.01_1_0.1/checkpoint-20/images/floating_on_top_of_water/
07/08/2024 16:02:48 - INFO - root - Image have been saved in /shenzihe/WD-Disk/output/mit_mascot_bsz_2_loss_0.01_1_0.1/checkpoint-20/images/floating_on_top_of_water/
07/08/2024 16:03:02 - INFO - root - Image have been saved in /shenzihe/WD-Disk/output/mit_mascot_bsz_2_loss_0.01_1_0.1/checkpoint-20/images/floating_on_top_of_water/
07/08/2024 16:03:02 - INFO - __main__ - Running validation... 
 Generating 4 images with prompt:floating in an ocean of milk.
07/08/2024 16:03:16 - INFO - root - Image have been saved in /shenzihe/WD-Disk/output/mit_mascot_bsz_2_loss_0.01_1_0.1/checkpoint-20/images/floating_in_an_ocean_of_milk/
07/08/2024 16:03:29 - INFO - root - Image have been saved in /shenzihe/WD-Disk/output/mit_mascot_bsz_2_loss_0.01_1_0.1/checkpoint-20/images/floating_in_an_ocean_of_milk/
07/08/2024 16:03:43 - INFO - root - Image have been saved in /shenzihe/WD-Disk/output/mit_mascot_bsz_2_loss_0.01_1_0.1/checkpoint-20/images/floating_in_an_ocean_of_milk/
07/08/2024 16:03:57 - INFO - root - Image have been saved in /shenzihe/WD-Disk/output/mit_mascot_bsz_2_loss_0.01_1_0.1/checkpoint-20/images/floating_in_an_ocean_of_milk/
07/08/2024 16:03:57 - INFO - __main__ - Running validation... 
 Generating 4 images with prompt:on top of green grass with sunflowers around it.
07/08/2024 16:04:10 - INFO - root - Image have been saved in /shenzihe/WD-Disk/output/mit_mascot_bsz_2_loss_0.01_1_0.1/checkpoint-20/images/on_top_of_green_grass_with_sunflowers_around_it/
07/08/2024 16:04:24 - INFO - root - Image have been saved in /shenzihe/WD-Disk/output/mit_mascot_bsz_2_loss_0.01_1_0.1/checkpoint-20/images/on_top_of_green_grass_with_sunflowers_around_it/
07/08/2024 16:04:37 - INFO - root - Image have been saved in /shenzihe/WD-Disk/output/mit_mascot_bsz_2_loss_0.01_1_0.1/checkpoint-20/images/on_top_of_green_grass_with_sunflowers_around_it/
07/08/2024 16:04:51 - INFO - root - Image have been saved in /shenzihe/WD-Disk/output/mit_mascot_bsz_2_loss_0.01_1_0.1/checkpoint-20/images/on_top_of_green_grass_with_sunflowers_around_it/
07/08/2024 16:04:51 - INFO - __main__ - Running validation... 
 Generating 4 images with prompt:on top of a mirror.
07/08/2024 16:05:04 - INFO - root - Image have been saved in /shenzihe/WD-Disk/output/mit_mascot_bsz_2_loss_0.01_1_0.1/checkpoint-20/images/on_top_of_a_mirror/
07/08/2024 16:05:18 - INFO - root - Image have been saved in /shenzihe/WD-Disk/output/mit_mascot_bsz_2_loss_0.01_1_0.1/checkpoint-20/images/on_top_of_a_mirror/
07/08/2024 16:05:31 - INFO - root - Image have been saved in /shenzihe/WD-Disk/output/mit_mascot_bsz_2_loss_0.01_1_0.1/checkpoint-20/images/on_top_of_a_mirror/
07/08/2024 16:05:45 - INFO - root - Image have been saved in /shenzihe/WD-Disk/output/mit_mascot_bsz_2_loss_0.01_1_0.1/checkpoint-20/images/on_top_of_a_mirror/
07/08/2024 16:05:45 - INFO - __main__ - Running validation... 
 Generating 4 images with prompt:on top of the sidewalk in a crowded street.
07/08/2024 16:05:58 - INFO - root - Image have been saved in /shenzihe/WD-Disk/output/mit_mascot_bsz_2_loss_0.01_1_0.1/checkpoint-20/images/on_top_of_the_sidewalk_in_a_crowded_street/
07/08/2024 16:06:12 - INFO - root - Image have been saved in /shenzihe/WD-Disk/output/mit_mascot_bsz_2_loss_0.01_1_0.1/checkpoint-20/images/on_top_of_the_sidewalk_in_a_crowded_street/
07/08/2024 16:06:25 - INFO - root - Image have been saved in /shenzihe/WD-Disk/output/mit_mascot_bsz_2_loss_0.01_1_0.1/checkpoint-20/images/on_top_of_the_sidewalk_in_a_crowded_street/
07/08/2024 16:06:39 - INFO - root - Image have been saved in /shenzihe/WD-Disk/output/mit_mascot_bsz_2_loss_0.01_1_0.1/checkpoint-20/images/on_top_of_the_sidewalk_in_a_crowded_street/
07/08/2024 16:06:39 - INFO - __main__ - Running validation... 
 Generating 4 images with prompt:on top of a dirt road.
07/08/2024 16:06:52 - INFO - root - Image have been saved in /shenzihe/WD-Disk/output/mit_mascot_bsz_2_loss_0.01_1_0.1/checkpoint-20/images/on_top_of_a_dirt_road/
07/08/2024 16:07:05 - INFO - root - Image have been saved in /shenzihe/WD-Disk/output/mit_mascot_bsz_2_loss_0.01_1_0.1/checkpoint-20/images/on_top_of_a_dirt_road/
07/08/2024 16:07:19 - INFO - root - Image have been saved in /shenzihe/WD-Disk/output/mit_mascot_bsz_2_loss_0.01_1_0.1/checkpoint-20/images/on_top_of_a_dirt_road/
07/08/2024 16:07:32 - INFO - root - Image have been saved in /shenzihe/WD-Disk/output/mit_mascot_bsz_2_loss_0.01_1_0.1/checkpoint-20/images/on_top_of_a_dirt_road/
07/08/2024 16:07:32 - INFO - __main__ - Running validation... 
 Generating 4 images with prompt:on top of a white rug.
07/08/2024 16:07:46 - INFO - root - Image have been saved in /shenzihe/WD-Disk/output/mit_mascot_bsz_2_loss_0.01_1_0.1/checkpoint-20/images/on_top_of_a_white_rug/
07/08/2024 16:07:59 - INFO - root - Image have been saved in /shenzihe/WD-Disk/output/mit_mascot_bsz_2_loss_0.01_1_0.1/checkpoint-20/images/on_top_of_a_white_rug/
07/08/2024 16:08:13 - INFO - root - Image have been saved in /shenzihe/WD-Disk/output/mit_mascot_bsz_2_loss_0.01_1_0.1/checkpoint-20/images/on_top_of_a_white_rug/
07/08/2024 16:08:26 - INFO - root - Image have been saved in /shenzihe/WD-Disk/output/mit_mascot_bsz_2_loss_0.01_1_0.1/checkpoint-20/images/on_top_of_a_white_rug/
07/08/2024 16:08:26 - INFO - __main__ - Running validation... 
 Generating 4 images with prompt:red.
07/08/2024 16:08:40 - INFO - root - Image have been saved in /shenzihe/WD-Disk/output/mit_mascot_bsz_2_loss_0.01_1_0.1/checkpoint-20/images/red/
07/08/2024 16:08:53 - INFO - root - Image have been saved in /shenzihe/WD-Disk/output/mit_mascot_bsz_2_loss_0.01_1_0.1/checkpoint-20/images/red/
07/08/2024 16:09:07 - INFO - root - Image have been saved in /shenzihe/WD-Disk/output/mit_mascot_bsz_2_loss_0.01_1_0.1/checkpoint-20/images/red/
07/08/2024 16:09:21 - INFO - root - Image have been saved in /shenzihe/WD-Disk/output/mit_mascot_bsz_2_loss_0.01_1_0.1/checkpoint-20/images/red/
07/08/2024 16:09:21 - INFO - __main__ - Running validation... 
 Generating 4 images with prompt:purple.
07/08/2024 16:09:34 - INFO - root - Image have been saved in /shenzihe/WD-Disk/output/mit_mascot_bsz_2_loss_0.01_1_0.1/checkpoint-20/images/purple/
07/08/2024 16:09:48 - INFO - root - Image have been saved in /shenzihe/WD-Disk/output/mit_mascot_bsz_2_loss_0.01_1_0.1/checkpoint-20/images/purple/
07/08/2024 16:10:01 - INFO - root - Image have been saved in /shenzihe/WD-Disk/output/mit_mascot_bsz_2_loss_0.01_1_0.1/checkpoint-20/images/purple/
07/08/2024 16:10:15 - INFO - root - Image have been saved in /shenzihe/WD-Disk/output/mit_mascot_bsz_2_loss_0.01_1_0.1/checkpoint-20/images/purple/
07/08/2024 16:10:15 - INFO - __main__ - Running validation... 
 Generating 4 images with prompt:shiny.
07/08/2024 16:10:29 - INFO - root - Image have been saved in /shenzihe/WD-Disk/output/mit_mascot_bsz_2_loss_0.01_1_0.1/checkpoint-20/images/shiny/
07/08/2024 16:10:42 - INFO - root - Image have been saved in /shenzihe/WD-Disk/output/mit_mascot_bsz_2_loss_0.01_1_0.1/checkpoint-20/images/shiny/
07/08/2024 16:10:55 - INFO - root - Image have been saved in /shenzihe/WD-Disk/output/mit_mascot_bsz_2_loss_0.01_1_0.1/checkpoint-20/images/shiny/
07/08/2024 16:11:09 - INFO - root - Image have been saved in /shenzihe/WD-Disk/output/mit_mascot_bsz_2_loss_0.01_1_0.1/checkpoint-20/images/shiny/
07/08/2024 16:11:09 - INFO - __main__ - Running validation... 
 Generating 4 images with prompt:wet.
07/08/2024 16:11:22 - INFO - root - Image have been saved in /shenzihe/WD-Disk/output/mit_mascot_bsz_2_loss_0.01_1_0.1/checkpoint-20/images/wet/
07/08/2024 16:11:36 - INFO - root - Image have been saved in /shenzihe/WD-Disk/output/mit_mascot_bsz_2_loss_0.01_1_0.1/checkpoint-20/images/wet/
07/08/2024 16:11:49 - INFO - root - Image have been saved in /shenzihe/WD-Disk/output/mit_mascot_bsz_2_loss_0.01_1_0.1/checkpoint-20/images/wet/
07/08/2024 16:12:02 - INFO - root - Image have been saved in /shenzihe/WD-Disk/output/mit_mascot_bsz_2_loss_0.01_1_0.1/checkpoint-20/images/wet/
07/08/2024 16:12:02 - INFO - __main__ - Running validation... 
 Generating 4 images with prompt:cube shaped.
07/08/2024 16:12:16 - INFO - root - Image have been saved in /shenzihe/WD-Disk/output/mit_mascot_bsz_2_loss_0.01_1_0.1/checkpoint-20/images/cube_shaped/
07/08/2024 16:12:29 - INFO - root - Image have been saved in /shenzihe/WD-Disk/output/mit_mascot_bsz_2_loss_0.01_1_0.1/checkpoint-20/images/cube_shaped/
07/08/2024 16:12:43 - INFO - root - Image have been saved in /shenzihe/WD-Disk/output/mit_mascot_bsz_2_loss_0.01_1_0.1/checkpoint-20/images/cube_shaped/
07/08/2024 16:12:56 - INFO - root - Image have been saved in /shenzihe/WD-Disk/output/mit_mascot_bsz_2_loss_0.01_1_0.1/checkpoint-20/images/cube_shaped/
07/08/2024 16:12:58 - INFO - root - {'loss': 0.017249437049031258, 'lr': 0.0001}
07/08/2024 16:13:01 - INFO - root - {'loss': 0.43829092383384705, 'lr': 0.0001}
07/08/2024 16:13:03 - INFO - root - {'loss': 0.17242255806922913, 'lr': 0.0001}
07/08/2024 16:13:05 - INFO - root - {'loss': 0.13675302267074585, 'lr': 0.0001}
07/08/2024 16:13:07 - INFO - root - {'loss': 0.19882911443710327, 'lr': 0.0001}
07/08/2024 16:13:09 - INFO - root - {'loss': 0.10640455782413483, 'lr': 0.0001}
07/08/2024 16:13:11 - INFO - root - {'loss': 0.09053278714418411, 'lr': 0.0001}
07/08/2024 16:13:13 - INFO - root - {'loss': 0.47295549511909485, 'lr': 0.0001}
07/08/2024 16:13:16 - INFO - root - {'loss': 0.4609816372394562, 'lr': 0.0001}
07/08/2024 16:13:18 - INFO - root - {'loss': 0.24868611991405487, 'lr': 0.0001}
07/08/2024 16:13:20 - INFO - root - {'loss': 0.14587107300758362, 'lr': 0.0001}
07/08/2024 16:13:22 - INFO - root - {'loss': 0.21791793406009674, 'lr': 0.0001}
07/08/2024 16:13:24 - INFO - root - {'loss': 0.12669971585273743, 'lr': 0.0001}
07/08/2024 16:13:26 - INFO - root - {'loss': 0.004848192445933819, 'lr': 0.0001}
07/08/2024 16:13:29 - INFO - root - {'loss': 0.16872307658195496, 'lr': 0.0001}
07/08/2024 16:13:31 - INFO - root - {'loss': 0.055197037756443024, 'lr': 0.0001}
07/08/2024 16:13:33 - INFO - root - {'loss': 0.5659487247467041, 'lr': 0.0001}
07/08/2024 16:13:35 - INFO - root - {'loss': 0.5889402031898499, 'lr': 0.0001}
07/08/2024 16:13:37 - INFO - root - {'loss': 0.08573135733604431, 'lr': 0.0001}
07/08/2024 16:13:39 - INFO - root - {'loss': 0.3491653800010681, 'lr': 0.0001}
07/08/2024 16:13:39 - INFO - __main__ - Running validation... 
 Generating 4 images with prompt:in the jungle.
07/08/2024 16:13:53 - INFO - root - Image have been saved in /shenzihe/WD-Disk/output/mit_mascot_bsz_2_loss_0.01_1_0.1/checkpoint-40/images/in_the_jungle/
07/08/2024 16:14:06 - INFO - root - Image have been saved in /shenzihe/WD-Disk/output/mit_mascot_bsz_2_loss_0.01_1_0.1/checkpoint-40/images/in_the_jungle/
07/08/2024 16:14:20 - INFO - root - Image have been saved in /shenzihe/WD-Disk/output/mit_mascot_bsz_2_loss_0.01_1_0.1/checkpoint-40/images/in_the_jungle/
07/08/2024 16:14:33 - INFO - root - Image have been saved in /shenzihe/WD-Disk/output/mit_mascot_bsz_2_loss_0.01_1_0.1/checkpoint-40/images/in_the_jungle/
07/08/2024 16:14:33 - INFO - __main__ - Running validation... 
 Generating 4 images with prompt:in the snow.
07/08/2024 16:14:46 - INFO - root - Image have been saved in /shenzihe/WD-Disk/output/mit_mascot_bsz_2_loss_0.01_1_0.1/checkpoint-40/images/in_the_snow/
07/08/2024 16:15:00 - INFO - root - Image have been saved in /shenzihe/WD-Disk/output/mit_mascot_bsz_2_loss_0.01_1_0.1/checkpoint-40/images/in_the_snow/
07/08/2024 16:15:13 - INFO - root - Image have been saved in /shenzihe/WD-Disk/output/mit_mascot_bsz_2_loss_0.01_1_0.1/checkpoint-40/images/in_the_snow/
07/08/2024 16:15:27 - INFO - root - Image have been saved in /shenzihe/WD-Disk/output/mit_mascot_bsz_2_loss_0.01_1_0.1/checkpoint-40/images/in_the_snow/
07/08/2024 16:15:27 - INFO - __main__ - Running validation... 
 Generating 4 images with prompt:on the beach.
07/08/2024 16:15:40 - INFO - root - Image have been saved in /shenzihe/WD-Disk/output/mit_mascot_bsz_2_loss_0.01_1_0.1/checkpoint-40/images/on_the_beach/
07/08/2024 16:15:54 - INFO - root - Image have been saved in /shenzihe/WD-Disk/output/mit_mascot_bsz_2_loss_0.01_1_0.1/checkpoint-40/images/on_the_beach/
07/08/2024 16:16:07 - INFO - root - Image have been saved in /shenzihe/WD-Disk/output/mit_mascot_bsz_2_loss_0.01_1_0.1/checkpoint-40/images/on_the_beach/
07/08/2024 16:16:21 - INFO - root - Image have been saved in /shenzihe/WD-Disk/output/mit_mascot_bsz_2_loss_0.01_1_0.1/checkpoint-40/images/on_the_beach/
07/08/2024 16:16:21 - INFO - __main__ - Running validation... 
 Generating 4 images with prompt:on a cobblestone street.
07/08/2024 16:16:34 - INFO - root - Image have been saved in /shenzihe/WD-Disk/output/mit_mascot_bsz_2_loss_0.01_1_0.1/checkpoint-40/images/on_a_cobblestone_street/
07/08/2024 16:16:48 - INFO - root - Image have been saved in /shenzihe/WD-Disk/output/mit_mascot_bsz_2_loss_0.01_1_0.1/checkpoint-40/images/on_a_cobblestone_street/
07/08/2024 16:17:01 - INFO - root - Image have been saved in /shenzihe/WD-Disk/output/mit_mascot_bsz_2_loss_0.01_1_0.1/checkpoint-40/images/on_a_cobblestone_street/
07/08/2024 16:17:15 - INFO - root - Image have been saved in /shenzihe/WD-Disk/output/mit_mascot_bsz_2_loss_0.01_1_0.1/checkpoint-40/images/on_a_cobblestone_street/
07/08/2024 16:17:15 - INFO - __main__ - Running validation... 
 Generating 4 images with prompt:on top of pink fabric.
07/08/2024 16:17:28 - INFO - root - Image have been saved in /shenzihe/WD-Disk/output/mit_mascot_bsz_2_loss_0.01_1_0.1/checkpoint-40/images/on_top_of_pink_fabric/
07/08/2024 16:17:42 - INFO - root - Image have been saved in /shenzihe/WD-Disk/output/mit_mascot_bsz_2_loss_0.01_1_0.1/checkpoint-40/images/on_top_of_pink_fabric/
07/08/2024 16:17:55 - INFO - root - Image have been saved in /shenzihe/WD-Disk/output/mit_mascot_bsz_2_loss_0.01_1_0.1/checkpoint-40/images/on_top_of_pink_fabric/
07/08/2024 16:18:09 - INFO - root - Image have been saved in /shenzihe/WD-Disk/output/mit_mascot_bsz_2_loss_0.01_1_0.1/checkpoint-40/images/on_top_of_pink_fabric/
07/08/2024 16:18:09 - INFO - __main__ - Running validation... 
 Generating 4 images with prompt:on top of a wooden floor.
07/08/2024 16:18:22 - INFO - root - Image have been saved in /shenzihe/WD-Disk/output/mit_mascot_bsz_2_loss_0.01_1_0.1/checkpoint-40/images/on_top_of_a_wooden_floor/
07/08/2024 16:18:35 - INFO - root - Image have been saved in /shenzihe/WD-Disk/output/mit_mascot_bsz_2_loss_0.01_1_0.1/checkpoint-40/images/on_top_of_a_wooden_floor/
07/08/2024 16:18:49 - INFO - root - Image have been saved in /shenzihe/WD-Disk/output/mit_mascot_bsz_2_loss_0.01_1_0.1/checkpoint-40/images/on_top_of_a_wooden_floor/
07/08/2024 16:19:02 - INFO - root - Image have been saved in /shenzihe/WD-Disk/output/mit_mascot_bsz_2_loss_0.01_1_0.1/checkpoint-40/images/on_top_of_a_wooden_floor/
07/08/2024 16:19:02 - INFO - __main__ - Running validation... 
 Generating 4 images with prompt:with a city in the background.
07/08/2024 16:19:16 - INFO - root - Image have been saved in /shenzihe/WD-Disk/output/mit_mascot_bsz_2_loss_0.01_1_0.1/checkpoint-40/images/with_a_city_in_the_background/
07/08/2024 16:19:29 - INFO - root - Image have been saved in /shenzihe/WD-Disk/output/mit_mascot_bsz_2_loss_0.01_1_0.1/checkpoint-40/images/with_a_city_in_the_background/
07/08/2024 16:19:43 - INFO - root - Image have been saved in /shenzihe/WD-Disk/output/mit_mascot_bsz_2_loss_0.01_1_0.1/checkpoint-40/images/with_a_city_in_the_background/
07/08/2024 16:19:56 - INFO - root - Image have been saved in /shenzihe/WD-Disk/output/mit_mascot_bsz_2_loss_0.01_1_0.1/checkpoint-40/images/with_a_city_in_the_background/
07/08/2024 16:19:56 - INFO - __main__ - Running validation... 
 Generating 4 images with prompt:with a mountain in the background.
07/08/2024 16:20:10 - INFO - root - Image have been saved in /shenzihe/WD-Disk/output/mit_mascot_bsz_2_loss_0.01_1_0.1/checkpoint-40/images/with_a_mountain_in_the_background/
07/08/2024 16:20:23 - INFO - root - Image have been saved in /shenzihe/WD-Disk/output/mit_mascot_bsz_2_loss_0.01_1_0.1/checkpoint-40/images/with_a_mountain_in_the_background/
07/08/2024 16:20:37 - INFO - root - Image have been saved in /shenzihe/WD-Disk/output/mit_mascot_bsz_2_loss_0.01_1_0.1/checkpoint-40/images/with_a_mountain_in_the_background/
07/08/2024 16:20:50 - INFO - root - Image have been saved in /shenzihe/WD-Disk/output/mit_mascot_bsz_2_loss_0.01_1_0.1/checkpoint-40/images/with_a_mountain_in_the_background/
07/08/2024 16:20:50 - INFO - __main__ - Running validation... 
 Generating 4 images with prompt:with a blue house in the background.
07/08/2024 16:21:04 - INFO - root - Image have been saved in /shenzihe/WD-Disk/output/mit_mascot_bsz_2_loss_0.01_1_0.1/checkpoint-40/images/with_a_blue_house_in_the_background/
07/08/2024 16:21:17 - INFO - root - Image have been saved in /shenzihe/WD-Disk/output/mit_mascot_bsz_2_loss_0.01_1_0.1/checkpoint-40/images/with_a_blue_house_in_the_background/
07/08/2024 16:21:31 - INFO - root - Image have been saved in /shenzihe/WD-Disk/output/mit_mascot_bsz_2_loss_0.01_1_0.1/checkpoint-40/images/with_a_blue_house_in_the_background/
07/08/2024 16:21:44 - INFO - root - Image have been saved in /shenzihe/WD-Disk/output/mit_mascot_bsz_2_loss_0.01_1_0.1/checkpoint-40/images/with_a_blue_house_in_the_background/
07/08/2024 16:21:44 - INFO - __main__ - Running validation... 
 Generating 4 images with prompt:on top of a purple rug in a forest.
07/08/2024 16:21:58 - INFO - root - Image have been saved in /shenzihe/WD-Disk/output/mit_mascot_bsz_2_loss_0.01_1_0.1/checkpoint-40/images/on_top_of_a_purple_rug_in_a_forest/
07/08/2024 16:22:11 - INFO - root - Image have been saved in /shenzihe/WD-Disk/output/mit_mascot_bsz_2_loss_0.01_1_0.1/checkpoint-40/images/on_top_of_a_purple_rug_in_a_forest/
07/08/2024 16:22:24 - INFO - root - Image have been saved in /shenzihe/WD-Disk/output/mit_mascot_bsz_2_loss_0.01_1_0.1/checkpoint-40/images/on_top_of_a_purple_rug_in_a_forest/
07/08/2024 16:22:38 - INFO - root - Image have been saved in /shenzihe/WD-Disk/output/mit_mascot_bsz_2_loss_0.01_1_0.1/checkpoint-40/images/on_top_of_a_purple_rug_in_a_forest/
07/08/2024 16:22:38 - INFO - __main__ - Running validation... 
 Generating 4 images with prompt:with a wheat field in the background.
07/08/2024 16:22:51 - INFO - root - Image have been saved in /shenzihe/WD-Disk/output/mit_mascot_bsz_2_loss_0.01_1_0.1/checkpoint-40/images/with_a_wheat_field_in_the_background/
07/08/2024 16:23:05 - INFO - root - Image have been saved in /shenzihe/WD-Disk/output/mit_mascot_bsz_2_loss_0.01_1_0.1/checkpoint-40/images/with_a_wheat_field_in_the_background/
07/08/2024 16:23:18 - INFO - root - Image have been saved in /shenzihe/WD-Disk/output/mit_mascot_bsz_2_loss_0.01_1_0.1/checkpoint-40/images/with_a_wheat_field_in_the_background/
07/08/2024 16:23:32 - INFO - root - Image have been saved in /shenzihe/WD-Disk/output/mit_mascot_bsz_2_loss_0.01_1_0.1/checkpoint-40/images/with_a_wheat_field_in_the_background/
07/08/2024 16:23:32 - INFO - __main__ - Running validation... 
 Generating 4 images with prompt:with a tree and autumn leaves in the background.
07/08/2024 16:23:45 - INFO - root - Image have been saved in /shenzihe/WD-Disk/output/mit_mascot_bsz_2_loss_0.01_1_0.1/checkpoint-40/images/with_a_tree_and_autumn_leaves_in_the_background/
07/08/2024 16:23:59 - INFO - root - Image have been saved in /shenzihe/WD-Disk/output/mit_mascot_bsz_2_loss_0.01_1_0.1/checkpoint-40/images/with_a_tree_and_autumn_leaves_in_the_background/
07/08/2024 16:24:12 - INFO - root - Image have been saved in /shenzihe/WD-Disk/output/mit_mascot_bsz_2_loss_0.01_1_0.1/checkpoint-40/images/with_a_tree_and_autumn_leaves_in_the_background/
07/08/2024 16:24:26 - INFO - root - Image have been saved in /shenzihe/WD-Disk/output/mit_mascot_bsz_2_loss_0.01_1_0.1/checkpoint-40/images/with_a_tree_and_autumn_leaves_in_the_background/
07/08/2024 16:24:26 - INFO - __main__ - Running validation... 
 Generating 4 images with prompt:with the Eiffel Tower in the background.
07/08/2024 16:24:39 - INFO - root - Image have been saved in /shenzihe/WD-Disk/output/mit_mascot_bsz_2_loss_0.01_1_0.1/checkpoint-40/images/with_the_Eiffel_Tower_in_the_background/
07/08/2024 16:24:53 - INFO - root - Image have been saved in /shenzihe/WD-Disk/output/mit_mascot_bsz_2_loss_0.01_1_0.1/checkpoint-40/images/with_the_Eiffel_Tower_in_the_background/
07/08/2024 16:25:07 - INFO - root - Image have been saved in /shenzihe/WD-Disk/output/mit_mascot_bsz_2_loss_0.01_1_0.1/checkpoint-40/images/with_the_Eiffel_Tower_in_the_background/
07/08/2024 16:25:20 - INFO - root - Image have been saved in /shenzihe/WD-Disk/output/mit_mascot_bsz_2_loss_0.01_1_0.1/checkpoint-40/images/with_the_Eiffel_Tower_in_the_background/
07/08/2024 16:25:20 - INFO - __main__ - Running validation... 
 Generating 4 images with prompt:floating on top of water.
07/08/2024 16:25:34 - INFO - root - Image have been saved in /shenzihe/WD-Disk/output/mit_mascot_bsz_2_loss_0.01_1_0.1/checkpoint-40/images/floating_on_top_of_water/
07/08/2024 16:25:47 - INFO - root - Image have been saved in /shenzihe/WD-Disk/output/mit_mascot_bsz_2_loss_0.01_1_0.1/checkpoint-40/images/floating_on_top_of_water/
07/08/2024 16:26:01 - INFO - root - Image have been saved in /shenzihe/WD-Disk/output/mit_mascot_bsz_2_loss_0.01_1_0.1/checkpoint-40/images/floating_on_top_of_water/
07/08/2024 16:26:14 - INFO - root - Image have been saved in /shenzihe/WD-Disk/output/mit_mascot_bsz_2_loss_0.01_1_0.1/checkpoint-40/images/floating_on_top_of_water/
07/08/2024 16:26:14 - INFO - __main__ - Running validation... 
 Generating 4 images with prompt:floating in an ocean of milk.
07/08/2024 16:26:28 - INFO - root - Image have been saved in /shenzihe/WD-Disk/output/mit_mascot_bsz_2_loss_0.01_1_0.1/checkpoint-40/images/floating_in_an_ocean_of_milk/
07/08/2024 16:26:41 - INFO - root - Image have been saved in /shenzihe/WD-Disk/output/mit_mascot_bsz_2_loss_0.01_1_0.1/checkpoint-40/images/floating_in_an_ocean_of_milk/
07/08/2024 16:26:55 - INFO - root - Image have been saved in /shenzihe/WD-Disk/output/mit_mascot_bsz_2_loss_0.01_1_0.1/checkpoint-40/images/floating_in_an_ocean_of_milk/
07/08/2024 16:27:08 - INFO - root - Image have been saved in /shenzihe/WD-Disk/output/mit_mascot_bsz_2_loss_0.01_1_0.1/checkpoint-40/images/floating_in_an_ocean_of_milk/
07/08/2024 16:27:08 - INFO - __main__ - Running validation... 
 Generating 4 images with prompt:on top of green grass with sunflowers around it.
07/08/2024 16:27:22 - INFO - root - Image have been saved in /shenzihe/WD-Disk/output/mit_mascot_bsz_2_loss_0.01_1_0.1/checkpoint-40/images/on_top_of_green_grass_with_sunflowers_around_it/
07/08/2024 16:27:35 - INFO - root - Image have been saved in /shenzihe/WD-Disk/output/mit_mascot_bsz_2_loss_0.01_1_0.1/checkpoint-40/images/on_top_of_green_grass_with_sunflowers_around_it/
07/08/2024 16:27:48 - INFO - root - Image have been saved in /shenzihe/WD-Disk/output/mit_mascot_bsz_2_loss_0.01_1_0.1/checkpoint-40/images/on_top_of_green_grass_with_sunflowers_around_it/
07/08/2024 16:28:02 - INFO - root - Image have been saved in /shenzihe/WD-Disk/output/mit_mascot_bsz_2_loss_0.01_1_0.1/checkpoint-40/images/on_top_of_green_grass_with_sunflowers_around_it/
07/08/2024 16:28:02 - INFO - __main__ - Running validation... 
 Generating 4 images with prompt:on top of a mirror.
07/08/2024 16:28:15 - INFO - root - Image have been saved in /shenzihe/WD-Disk/output/mit_mascot_bsz_2_loss_0.01_1_0.1/checkpoint-40/images/on_top_of_a_mirror/
07/08/2024 16:28:29 - INFO - root - Image have been saved in /shenzihe/WD-Disk/output/mit_mascot_bsz_2_loss_0.01_1_0.1/checkpoint-40/images/on_top_of_a_mirror/
07/08/2024 16:28:42 - INFO - root - Image have been saved in /shenzihe/WD-Disk/output/mit_mascot_bsz_2_loss_0.01_1_0.1/checkpoint-40/images/on_top_of_a_mirror/
07/08/2024 16:28:56 - INFO - root - Image have been saved in /shenzihe/WD-Disk/output/mit_mascot_bsz_2_loss_0.01_1_0.1/checkpoint-40/images/on_top_of_a_mirror/
07/08/2024 16:28:56 - INFO - __main__ - Running validation... 
 Generating 4 images with prompt:on top of the sidewalk in a crowded street.
07/08/2024 16:29:10 - INFO - root - Image have been saved in /shenzihe/WD-Disk/output/mit_mascot_bsz_2_loss_0.01_1_0.1/checkpoint-40/images/on_top_of_the_sidewalk_in_a_crowded_street/
07/08/2024 16:29:23 - INFO - root - Image have been saved in /shenzihe/WD-Disk/output/mit_mascot_bsz_2_loss_0.01_1_0.1/checkpoint-40/images/on_top_of_the_sidewalk_in_a_crowded_street/
07/08/2024 16:29:37 - INFO - root - Image have been saved in /shenzihe/WD-Disk/output/mit_mascot_bsz_2_loss_0.01_1_0.1/checkpoint-40/images/on_top_of_the_sidewalk_in_a_crowded_street/
07/08/2024 16:29:50 - INFO - root - Image have been saved in /shenzihe/WD-Disk/output/mit_mascot_bsz_2_loss_0.01_1_0.1/checkpoint-40/images/on_top_of_the_sidewalk_in_a_crowded_street/
07/08/2024 16:29:50 - INFO - __main__ - Running validation... 
 Generating 4 images with prompt:on top of a dirt road.
07/08/2024 16:30:04 - INFO - root - Image have been saved in /shenzihe/WD-Disk/output/mit_mascot_bsz_2_loss_0.01_1_0.1/checkpoint-40/images/on_top_of_a_dirt_road/
07/08/2024 16:30:17 - INFO - root - Image have been saved in /shenzihe/WD-Disk/output/mit_mascot_bsz_2_loss_0.01_1_0.1/checkpoint-40/images/on_top_of_a_dirt_road/
07/08/2024 16:30:31 - INFO - root - Image have been saved in /shenzihe/WD-Disk/output/mit_mascot_bsz_2_loss_0.01_1_0.1/checkpoint-40/images/on_top_of_a_dirt_road/
07/08/2024 16:30:44 - INFO - root - Image have been saved in /shenzihe/WD-Disk/output/mit_mascot_bsz_2_loss_0.01_1_0.1/checkpoint-40/images/on_top_of_a_dirt_road/
07/08/2024 16:30:44 - INFO - __main__ - Running validation... 
 Generating 4 images with prompt:on top of a white rug.
07/08/2024 16:30:58 - INFO - root - Image have been saved in /shenzihe/WD-Disk/output/mit_mascot_bsz_2_loss_0.01_1_0.1/checkpoint-40/images/on_top_of_a_white_rug/
07/08/2024 16:31:11 - INFO - root - Image have been saved in /shenzihe/WD-Disk/output/mit_mascot_bsz_2_loss_0.01_1_0.1/checkpoint-40/images/on_top_of_a_white_rug/
07/08/2024 16:31:25 - INFO - root - Image have been saved in /shenzihe/WD-Disk/output/mit_mascot_bsz_2_loss_0.01_1_0.1/checkpoint-40/images/on_top_of_a_white_rug/
07/08/2024 16:31:38 - INFO - root - Image have been saved in /shenzihe/WD-Disk/output/mit_mascot_bsz_2_loss_0.01_1_0.1/checkpoint-40/images/on_top_of_a_white_rug/
07/08/2024 16:31:38 - INFO - __main__ - Running validation... 
 Generating 4 images with prompt:red.
07/08/2024 16:31:51 - INFO - root - Image have been saved in /shenzihe/WD-Disk/output/mit_mascot_bsz_2_loss_0.01_1_0.1/checkpoint-40/images/red/
07/08/2024 16:32:05 - INFO - root - Image have been saved in /shenzihe/WD-Disk/output/mit_mascot_bsz_2_loss_0.01_1_0.1/checkpoint-40/images/red/
07/08/2024 16:32:18 - INFO - root - Image have been saved in /shenzihe/WD-Disk/output/mit_mascot_bsz_2_loss_0.01_1_0.1/checkpoint-40/images/red/
07/08/2024 16:32:32 - INFO - root - Image have been saved in /shenzihe/WD-Disk/output/mit_mascot_bsz_2_loss_0.01_1_0.1/checkpoint-40/images/red/
07/08/2024 16:32:32 - INFO - __main__ - Running validation... 
 Generating 4 images with prompt:purple.
07/08/2024 16:32:45 - INFO - root - Image have been saved in /shenzihe/WD-Disk/output/mit_mascot_bsz_2_loss_0.01_1_0.1/checkpoint-40/images/purple/
07/08/2024 16:32:59 - INFO - root - Image have been saved in /shenzihe/WD-Disk/output/mit_mascot_bsz_2_loss_0.01_1_0.1/checkpoint-40/images/purple/
07/08/2024 16:33:13 - INFO - root - Image have been saved in /shenzihe/WD-Disk/output/mit_mascot_bsz_2_loss_0.01_1_0.1/checkpoint-40/images/purple/
07/08/2024 16:33:26 - INFO - root - Image have been saved in /shenzihe/WD-Disk/output/mit_mascot_bsz_2_loss_0.01_1_0.1/checkpoint-40/images/purple/
07/08/2024 16:33:26 - INFO - __main__ - Running validation... 
 Generating 4 images with prompt:shiny.
07/08/2024 16:33:40 - INFO - root - Image have been saved in /shenzihe/WD-Disk/output/mit_mascot_bsz_2_loss_0.01_1_0.1/checkpoint-40/images/shiny/
07/08/2024 16:33:53 - INFO - root - Image have been saved in /shenzihe/WD-Disk/output/mit_mascot_bsz_2_loss_0.01_1_0.1/checkpoint-40/images/shiny/
07/08/2024 16:34:07 - INFO - root - Image have been saved in /shenzihe/WD-Disk/output/mit_mascot_bsz_2_loss_0.01_1_0.1/checkpoint-40/images/shiny/
07/08/2024 16:34:20 - INFO - root - Image have been saved in /shenzihe/WD-Disk/output/mit_mascot_bsz_2_loss_0.01_1_0.1/checkpoint-40/images/shiny/
07/08/2024 16:34:20 - INFO - __main__ - Running validation... 
 Generating 4 images with prompt:wet.
07/08/2024 16:34:33 - INFO - root - Image have been saved in /shenzihe/WD-Disk/output/mit_mascot_bsz_2_loss_0.01_1_0.1/checkpoint-40/images/wet/
07/08/2024 16:34:47 - INFO - root - Image have been saved in /shenzihe/WD-Disk/output/mit_mascot_bsz_2_loss_0.01_1_0.1/checkpoint-40/images/wet/
07/08/2024 16:35:00 - INFO - root - Image have been saved in /shenzihe/WD-Disk/output/mit_mascot_bsz_2_loss_0.01_1_0.1/checkpoint-40/images/wet/
07/08/2024 16:35:14 - INFO - root - Image have been saved in /shenzihe/WD-Disk/output/mit_mascot_bsz_2_loss_0.01_1_0.1/checkpoint-40/images/wet/
07/08/2024 16:35:14 - INFO - __main__ - Running validation... 
 Generating 4 images with prompt:cube shaped.
07/08/2024 16:35:27 - INFO - root - Image have been saved in /shenzihe/WD-Disk/output/mit_mascot_bsz_2_loss_0.01_1_0.1/checkpoint-40/images/cube_shaped/
07/08/2024 16:35:41 - INFO - root - Image have been saved in /shenzihe/WD-Disk/output/mit_mascot_bsz_2_loss_0.01_1_0.1/checkpoint-40/images/cube_shaped/
07/08/2024 16:35:54 - INFO - root - Image have been saved in /shenzihe/WD-Disk/output/mit_mascot_bsz_2_loss_0.01_1_0.1/checkpoint-40/images/cube_shaped/
07/08/2024 16:36:08 - INFO - root - Image have been saved in /shenzihe/WD-Disk/output/mit_mascot_bsz_2_loss_0.01_1_0.1/checkpoint-40/images/cube_shaped/
07/08/2024 16:36:10 - INFO - root - {'loss': 0.08950111269950867, 'lr': 0.0001}
07/08/2024 16:36:12 - INFO - root - {'loss': 0.07855704426765442, 'lr': 0.0001}
07/08/2024 16:36:14 - INFO - root - {'loss': 0.25747615098953247, 'lr': 0.0001}
07/08/2024 16:36:16 - INFO - root - {'loss': 0.013105392456054688, 'lr': 0.0001}
07/08/2024 16:36:18 - INFO - root - {'loss': 0.10717711597681046, 'lr': 0.0001}
07/08/2024 16:36:20 - INFO - root - {'loss': 0.10229663550853729, 'lr': 0.0001}
07/08/2024 16:36:23 - INFO - root - {'loss': 0.02029678225517273, 'lr': 0.0001}
07/08/2024 16:36:25 - INFO - root - {'loss': 0.1283317357301712, 'lr': 0.0001}
07/08/2024 16:36:27 - INFO - root - {'loss': 0.13449113070964813, 'lr': 0.0001}
07/08/2024 16:36:29 - INFO - root - {'loss': 0.07596929371356964, 'lr': 0.0001}
07/08/2024 16:36:31 - INFO - root - {'loss': 0.1575496345758438, 'lr': 0.0001}
07/08/2024 16:36:33 - INFO - root - {'loss': 0.2758113145828247, 'lr': 0.0001}
07/08/2024 16:36:36 - INFO - root - {'loss': 0.06576648354530334, 'lr': 0.0001}
07/08/2024 16:36:38 - INFO - root - {'loss': 0.2691166400909424, 'lr': 0.0001}
07/08/2024 16:36:40 - INFO - root - {'loss': 0.13805316388607025, 'lr': 0.0001}
07/08/2024 16:36:42 - INFO - root - {'loss': 0.10798688232898712, 'lr': 0.0001}
07/08/2024 16:36:44 - INFO - root - {'loss': 0.19799873232841492, 'lr': 0.0001}
07/08/2024 16:36:46 - INFO - root - {'loss': 0.025375723838806152, 'lr': 0.0001}
07/08/2024 16:36:48 - INFO - root - {'loss': 0.16756312549114227, 'lr': 0.0001}
07/08/2024 16:36:50 - INFO - root - {'loss': 0.08061953634023666, 'lr': 0.0001}
07/08/2024 16:36:50 - INFO - __main__ - Running validation... 
 Generating 4 images with prompt:in the jungle.
07/08/2024 16:37:04 - INFO - root - Image have been saved in /shenzihe/WD-Disk/output/mit_mascot_bsz_2_loss_0.01_1_0.1/checkpoint-60/images/in_the_jungle/
07/08/2024 16:37:17 - INFO - root - Image have been saved in /shenzihe/WD-Disk/output/mit_mascot_bsz_2_loss_0.01_1_0.1/checkpoint-60/images/in_the_jungle/
07/08/2024 16:37:31 - INFO - root - Image have been saved in /shenzihe/WD-Disk/output/mit_mascot_bsz_2_loss_0.01_1_0.1/checkpoint-60/images/in_the_jungle/
07/08/2024 16:37:44 - INFO - root - Image have been saved in /shenzihe/WD-Disk/output/mit_mascot_bsz_2_loss_0.01_1_0.1/checkpoint-60/images/in_the_jungle/
07/08/2024 16:37:44 - INFO - __main__ - Running validation... 
 Generating 4 images with prompt:in the snow.
07/08/2024 16:37:58 - INFO - root - Image have been saved in /shenzihe/WD-Disk/output/mit_mascot_bsz_2_loss_0.01_1_0.1/checkpoint-60/images/in_the_snow/
07/08/2024 16:38:11 - INFO - root - Image have been saved in /shenzihe/WD-Disk/output/mit_mascot_bsz_2_loss_0.01_1_0.1/checkpoint-60/images/in_the_snow/
07/08/2024 16:38:25 - INFO - root - Image have been saved in /shenzihe/WD-Disk/output/mit_mascot_bsz_2_loss_0.01_1_0.1/checkpoint-60/images/in_the_snow/
07/08/2024 16:38:38 - INFO - root - Image have been saved in /shenzihe/WD-Disk/output/mit_mascot_bsz_2_loss_0.01_1_0.1/checkpoint-60/images/in_the_snow/
07/08/2024 16:38:38 - INFO - __main__ - Running validation... 
 Generating 4 images with prompt:on the beach.
07/08/2024 16:38:52 - INFO - root - Image have been saved in /shenzihe/WD-Disk/output/mit_mascot_bsz_2_loss_0.01_1_0.1/checkpoint-60/images/on_the_beach/
07/08/2024 16:39:05 - INFO - root - Image have been saved in /shenzihe/WD-Disk/output/mit_mascot_bsz_2_loss_0.01_1_0.1/checkpoint-60/images/on_the_beach/
07/08/2024 16:39:19 - INFO - root - Image have been saved in /shenzihe/WD-Disk/output/mit_mascot_bsz_2_loss_0.01_1_0.1/checkpoint-60/images/on_the_beach/
07/08/2024 16:39:32 - INFO - root - Image have been saved in /shenzihe/WD-Disk/output/mit_mascot_bsz_2_loss_0.01_1_0.1/checkpoint-60/images/on_the_beach/
07/08/2024 16:39:32 - INFO - __main__ - Running validation... 
 Generating 4 images with prompt:on a cobblestone street.
07/08/2024 16:39:46 - INFO - root - Image have been saved in /shenzihe/WD-Disk/output/mit_mascot_bsz_2_loss_0.01_1_0.1/checkpoint-60/images/on_a_cobblestone_street/
07/08/2024 16:39:59 - INFO - root - Image have been saved in /shenzihe/WD-Disk/output/mit_mascot_bsz_2_loss_0.01_1_0.1/checkpoint-60/images/on_a_cobblestone_street/
07/08/2024 16:40:13 - INFO - root - Image have been saved in /shenzihe/WD-Disk/output/mit_mascot_bsz_2_loss_0.01_1_0.1/checkpoint-60/images/on_a_cobblestone_street/
07/08/2024 16:40:26 - INFO - root - Image have been saved in /shenzihe/WD-Disk/output/mit_mascot_bsz_2_loss_0.01_1_0.1/checkpoint-60/images/on_a_cobblestone_street/
07/08/2024 16:40:26 - INFO - __main__ - Running validation... 
 Generating 4 images with prompt:on top of pink fabric.
07/08/2024 16:40:40 - INFO - root - Image have been saved in /shenzihe/WD-Disk/output/mit_mascot_bsz_2_loss_0.01_1_0.1/checkpoint-60/images/on_top_of_pink_fabric/
07/08/2024 16:40:53 - INFO - root - Image have been saved in /shenzihe/WD-Disk/output/mit_mascot_bsz_2_loss_0.01_1_0.1/checkpoint-60/images/on_top_of_pink_fabric/
07/08/2024 16:41:07 - INFO - root - Image have been saved in /shenzihe/WD-Disk/output/mit_mascot_bsz_2_loss_0.01_1_0.1/checkpoint-60/images/on_top_of_pink_fabric/
07/08/2024 16:41:20 - INFO - root - Image have been saved in /shenzihe/WD-Disk/output/mit_mascot_bsz_2_loss_0.01_1_0.1/checkpoint-60/images/on_top_of_pink_fabric/
07/08/2024 16:41:20 - INFO - __main__ - Running validation... 
 Generating 4 images with prompt:on top of a wooden floor.
07/08/2024 16:41:34 - INFO - root - Image have been saved in /shenzihe/WD-Disk/output/mit_mascot_bsz_2_loss_0.01_1_0.1/checkpoint-60/images/on_top_of_a_wooden_floor/
07/08/2024 16:41:47 - INFO - root - Image have been saved in /shenzihe/WD-Disk/output/mit_mascot_bsz_2_loss_0.01_1_0.1/checkpoint-60/images/on_top_of_a_wooden_floor/
07/08/2024 16:42:00 - INFO - root - Image have been saved in /shenzihe/WD-Disk/output/mit_mascot_bsz_2_loss_0.01_1_0.1/checkpoint-60/images/on_top_of_a_wooden_floor/
07/08/2024 16:42:14 - INFO - root - Image have been saved in /shenzihe/WD-Disk/output/mit_mascot_bsz_2_loss_0.01_1_0.1/checkpoint-60/images/on_top_of_a_wooden_floor/
07/08/2024 16:42:14 - INFO - __main__ - Running validation... 
 Generating 4 images with prompt:with a city in the background.
07/08/2024 16:42:27 - INFO - root - Image have been saved in /shenzihe/WD-Disk/output/mit_mascot_bsz_2_loss_0.01_1_0.1/checkpoint-60/images/with_a_city_in_the_background/
07/08/2024 16:42:41 - INFO - root - Image have been saved in /shenzihe/WD-Disk/output/mit_mascot_bsz_2_loss_0.01_1_0.1/checkpoint-60/images/with_a_city_in_the_background/
07/08/2024 16:42:54 - INFO - root - Image have been saved in /shenzihe/WD-Disk/output/mit_mascot_bsz_2_loss_0.01_1_0.1/checkpoint-60/images/with_a_city_in_the_background/
07/08/2024 16:43:08 - INFO - root - Image have been saved in /shenzihe/WD-Disk/output/mit_mascot_bsz_2_loss_0.01_1_0.1/checkpoint-60/images/with_a_city_in_the_background/
07/08/2024 16:43:08 - INFO - __main__ - Running validation... 
 Generating 4 images with prompt:with a mountain in the background.
07/08/2024 16:43:21 - INFO - root - Image have been saved in /shenzihe/WD-Disk/output/mit_mascot_bsz_2_loss_0.01_1_0.1/checkpoint-60/images/with_a_mountain_in_the_background/
07/08/2024 16:43:35 - INFO - root - Image have been saved in /shenzihe/WD-Disk/output/mit_mascot_bsz_2_loss_0.01_1_0.1/checkpoint-60/images/with_a_mountain_in_the_background/
07/08/2024 16:43:48 - INFO - root - Image have been saved in /shenzihe/WD-Disk/output/mit_mascot_bsz_2_loss_0.01_1_0.1/checkpoint-60/images/with_a_mountain_in_the_background/
07/08/2024 16:44:02 - INFO - root - Image have been saved in /shenzihe/WD-Disk/output/mit_mascot_bsz_2_loss_0.01_1_0.1/checkpoint-60/images/with_a_mountain_in_the_background/
07/08/2024 16:44:02 - INFO - __main__ - Running validation... 
 Generating 4 images with prompt:with a blue house in the background.
07/08/2024 16:44:15 - INFO - root - Image have been saved in /shenzihe/WD-Disk/output/mit_mascot_bsz_2_loss_0.01_1_0.1/checkpoint-60/images/with_a_blue_house_in_the_background/
07/08/2024 16:44:29 - INFO - root - Image have been saved in /shenzihe/WD-Disk/output/mit_mascot_bsz_2_loss_0.01_1_0.1/checkpoint-60/images/with_a_blue_house_in_the_background/
07/08/2024 16:44:42 - INFO - root - Image have been saved in /shenzihe/WD-Disk/output/mit_mascot_bsz_2_loss_0.01_1_0.1/checkpoint-60/images/with_a_blue_house_in_the_background/
07/08/2024 16:44:56 - INFO - root - Image have been saved in /shenzihe/WD-Disk/output/mit_mascot_bsz_2_loss_0.01_1_0.1/checkpoint-60/images/with_a_blue_house_in_the_background/
07/08/2024 16:44:56 - INFO - __main__ - Running validation... 
 Generating 4 images with prompt:on top of a purple rug in a forest.
07/08/2024 16:45:09 - INFO - root - Image have been saved in /shenzihe/WD-Disk/output/mit_mascot_bsz_2_loss_0.01_1_0.1/checkpoint-60/images/on_top_of_a_purple_rug_in_a_forest/
07/08/2024 16:45:22 - INFO - root - Image have been saved in /shenzihe/WD-Disk/output/mit_mascot_bsz_2_loss_0.01_1_0.1/checkpoint-60/images/on_top_of_a_purple_rug_in_a_forest/
07/08/2024 16:45:36 - INFO - root - Image have been saved in /shenzihe/WD-Disk/output/mit_mascot_bsz_2_loss_0.01_1_0.1/checkpoint-60/images/on_top_of_a_purple_rug_in_a_forest/
07/08/2024 16:45:49 - INFO - root - Image have been saved in /shenzihe/WD-Disk/output/mit_mascot_bsz_2_loss_0.01_1_0.1/checkpoint-60/images/on_top_of_a_purple_rug_in_a_forest/
07/08/2024 16:45:49 - INFO - __main__ - Running validation... 
 Generating 4 images with prompt:with a wheat field in the background.
07/08/2024 16:46:03 - INFO - root - Image have been saved in /shenzihe/WD-Disk/output/mit_mascot_bsz_2_loss_0.01_1_0.1/checkpoint-60/images/with_a_wheat_field_in_the_background/
07/08/2024 16:46:16 - INFO - root - Image have been saved in /shenzihe/WD-Disk/output/mit_mascot_bsz_2_loss_0.01_1_0.1/checkpoint-60/images/with_a_wheat_field_in_the_background/
07/08/2024 16:46:30 - INFO - root - Image have been saved in /shenzihe/WD-Disk/output/mit_mascot_bsz_2_loss_0.01_1_0.1/checkpoint-60/images/with_a_wheat_field_in_the_background/
07/08/2024 16:46:43 - INFO - root - Image have been saved in /shenzihe/WD-Disk/output/mit_mascot_bsz_2_loss_0.01_1_0.1/checkpoint-60/images/with_a_wheat_field_in_the_background/
07/08/2024 16:46:43 - INFO - __main__ - Running validation... 
 Generating 4 images with prompt:with a tree and autumn leaves in the background.
07/08/2024 16:46:57 - INFO - root - Image have been saved in /shenzihe/WD-Disk/output/mit_mascot_bsz_2_loss_0.01_1_0.1/checkpoint-60/images/with_a_tree_and_autumn_leaves_in_the_background/
07/08/2024 16:47:10 - INFO - root - Image have been saved in /shenzihe/WD-Disk/output/mit_mascot_bsz_2_loss_0.01_1_0.1/checkpoint-60/images/with_a_tree_and_autumn_leaves_in_the_background/
07/08/2024 16:47:23 - INFO - root - Image have been saved in /shenzihe/WD-Disk/output/mit_mascot_bsz_2_loss_0.01_1_0.1/checkpoint-60/images/with_a_tree_and_autumn_leaves_in_the_background/
07/08/2024 16:47:37 - INFO - root - Image have been saved in /shenzihe/WD-Disk/output/mit_mascot_bsz_2_loss_0.01_1_0.1/checkpoint-60/images/with_a_tree_and_autumn_leaves_in_the_background/
07/08/2024 16:47:37 - INFO - __main__ - Running validation... 
 Generating 4 images with prompt:with the Eiffel Tower in the background.
07/08/2024 16:47:50 - INFO - root - Image have been saved in /shenzihe/WD-Disk/output/mit_mascot_bsz_2_loss_0.01_1_0.1/checkpoint-60/images/with_the_Eiffel_Tower_in_the_background/
07/08/2024 16:48:04 - INFO - root - Image have been saved in /shenzihe/WD-Disk/output/mit_mascot_bsz_2_loss_0.01_1_0.1/checkpoint-60/images/with_the_Eiffel_Tower_in_the_background/
07/08/2024 16:48:17 - INFO - root - Image have been saved in /shenzihe/WD-Disk/output/mit_mascot_bsz_2_loss_0.01_1_0.1/checkpoint-60/images/with_the_Eiffel_Tower_in_the_background/
07/08/2024 16:48:31 - INFO - root - Image have been saved in /shenzihe/WD-Disk/output/mit_mascot_bsz_2_loss_0.01_1_0.1/checkpoint-60/images/with_the_Eiffel_Tower_in_the_background/
07/08/2024 16:48:31 - INFO - __main__ - Running validation... 
 Generating 4 images with prompt:floating on top of water.
07/08/2024 16:48:44 - INFO - root - Image have been saved in /shenzihe/WD-Disk/output/mit_mascot_bsz_2_loss_0.01_1_0.1/checkpoint-60/images/floating_on_top_of_water/
07/08/2024 16:48:58 - INFO - root - Image have been saved in /shenzihe/WD-Disk/output/mit_mascot_bsz_2_loss_0.01_1_0.1/checkpoint-60/images/floating_on_top_of_water/
07/08/2024 16:49:11 - INFO - root - Image have been saved in /shenzihe/WD-Disk/output/mit_mascot_bsz_2_loss_0.01_1_0.1/checkpoint-60/images/floating_on_top_of_water/
07/08/2024 16:49:25 - INFO - root - Image have been saved in /shenzihe/WD-Disk/output/mit_mascot_bsz_2_loss_0.01_1_0.1/checkpoint-60/images/floating_on_top_of_water/
07/08/2024 16:49:25 - INFO - __main__ - Running validation... 
 Generating 4 images with prompt:floating in an ocean of milk.
07/08/2024 16:49:38 - INFO - root - Image have been saved in /shenzihe/WD-Disk/output/mit_mascot_bsz_2_loss_0.01_1_0.1/checkpoint-60/images/floating_in_an_ocean_of_milk/
07/08/2024 16:49:52 - INFO - root - Image have been saved in /shenzihe/WD-Disk/output/mit_mascot_bsz_2_loss_0.01_1_0.1/checkpoint-60/images/floating_in_an_ocean_of_milk/
07/08/2024 16:50:05 - INFO - root - Image have been saved in /shenzihe/WD-Disk/output/mit_mascot_bsz_2_loss_0.01_1_0.1/checkpoint-60/images/floating_in_an_ocean_of_milk/
07/08/2024 16:50:19 - INFO - root - Image have been saved in /shenzihe/WD-Disk/output/mit_mascot_bsz_2_loss_0.01_1_0.1/checkpoint-60/images/floating_in_an_ocean_of_milk/
07/08/2024 16:50:19 - INFO - __main__ - Running validation... 
 Generating 4 images with prompt:on top of green grass with sunflowers around it.
07/08/2024 16:50:32 - INFO - root - Image have been saved in /shenzihe/WD-Disk/output/mit_mascot_bsz_2_loss_0.01_1_0.1/checkpoint-60/images/on_top_of_green_grass_with_sunflowers_around_it/
07/08/2024 16:50:45 - INFO - root - Image have been saved in /shenzihe/WD-Disk/output/mit_mascot_bsz_2_loss_0.01_1_0.1/checkpoint-60/images/on_top_of_green_grass_with_sunflowers_around_it/
07/08/2024 16:50:59 - INFO - root - Image have been saved in /shenzihe/WD-Disk/output/mit_mascot_bsz_2_loss_0.01_1_0.1/checkpoint-60/images/on_top_of_green_grass_with_sunflowers_around_it/
07/08/2024 16:51:12 - INFO - root - Image have been saved in /shenzihe/WD-Disk/output/mit_mascot_bsz_2_loss_0.01_1_0.1/checkpoint-60/images/on_top_of_green_grass_with_sunflowers_around_it/
07/08/2024 16:51:12 - INFO - __main__ - Running validation... 
 Generating 4 images with prompt:on top of a mirror.
07/08/2024 16:51:26 - INFO - root - Image have been saved in /shenzihe/WD-Disk/output/mit_mascot_bsz_2_loss_0.01_1_0.1/checkpoint-60/images/on_top_of_a_mirror/
07/08/2024 16:51:40 - INFO - root - Image have been saved in /shenzihe/WD-Disk/output/mit_mascot_bsz_2_loss_0.01_1_0.1/checkpoint-60/images/on_top_of_a_mirror/
07/08/2024 16:51:53 - INFO - root - Image have been saved in /shenzihe/WD-Disk/output/mit_mascot_bsz_2_loss_0.01_1_0.1/checkpoint-60/images/on_top_of_a_mirror/
07/08/2024 16:52:07 - INFO - root - Image have been saved in /shenzihe/WD-Disk/output/mit_mascot_bsz_2_loss_0.01_1_0.1/checkpoint-60/images/on_top_of_a_mirror/
07/08/2024 16:52:07 - INFO - __main__ - Running validation... 
 Generating 4 images with prompt:on top of the sidewalk in a crowded street.
07/08/2024 16:52:20 - INFO - root - Image have been saved in /shenzihe/WD-Disk/output/mit_mascot_bsz_2_loss_0.01_1_0.1/checkpoint-60/images/on_top_of_the_sidewalk_in_a_crowded_street/
07/08/2024 16:52:33 - INFO - root - Image have been saved in /shenzihe/WD-Disk/output/mit_mascot_bsz_2_loss_0.01_1_0.1/checkpoint-60/images/on_top_of_the_sidewalk_in_a_crowded_street/
07/08/2024 16:52:47 - INFO - root - Image have been saved in /shenzihe/WD-Disk/output/mit_mascot_bsz_2_loss_0.01_1_0.1/checkpoint-60/images/on_top_of_the_sidewalk_in_a_crowded_street/
07/08/2024 16:53:01 - INFO - root - Image have been saved in /shenzihe/WD-Disk/output/mit_mascot_bsz_2_loss_0.01_1_0.1/checkpoint-60/images/on_top_of_the_sidewalk_in_a_crowded_street/
07/08/2024 16:53:01 - INFO - __main__ - Running validation... 
 Generating 4 images with prompt:on top of a dirt road.
07/08/2024 16:53:14 - INFO - root - Image have been saved in /shenzihe/WD-Disk/output/mit_mascot_bsz_2_loss_0.01_1_0.1/checkpoint-60/images/on_top_of_a_dirt_road/
07/08/2024 16:53:28 - INFO - root - Image have been saved in /shenzihe/WD-Disk/output/mit_mascot_bsz_2_loss_0.01_1_0.1/checkpoint-60/images/on_top_of_a_dirt_road/
07/08/2024 16:53:41 - INFO - root - Image have been saved in /shenzihe/WD-Disk/output/mit_mascot_bsz_2_loss_0.01_1_0.1/checkpoint-60/images/on_top_of_a_dirt_road/
07/08/2024 16:53:55 - INFO - root - Image have been saved in /shenzihe/WD-Disk/output/mit_mascot_bsz_2_loss_0.01_1_0.1/checkpoint-60/images/on_top_of_a_dirt_road/
07/08/2024 16:53:55 - INFO - __main__ - Running validation... 
 Generating 4 images with prompt:on top of a white rug.
07/08/2024 16:54:08 - INFO - root - Image have been saved in /shenzihe/WD-Disk/output/mit_mascot_bsz_2_loss_0.01_1_0.1/checkpoint-60/images/on_top_of_a_white_rug/
07/08/2024 16:54:22 - INFO - root - Image have been saved in /shenzihe/WD-Disk/output/mit_mascot_bsz_2_loss_0.01_1_0.1/checkpoint-60/images/on_top_of_a_white_rug/
07/08/2024 16:54:36 - INFO - root - Image have been saved in /shenzihe/WD-Disk/output/mit_mascot_bsz_2_loss_0.01_1_0.1/checkpoint-60/images/on_top_of_a_white_rug/
07/08/2024 16:54:49 - INFO - root - Image have been saved in /shenzihe/WD-Disk/output/mit_mascot_bsz_2_loss_0.01_1_0.1/checkpoint-60/images/on_top_of_a_white_rug/
07/08/2024 16:54:49 - INFO - __main__ - Running validation... 
 Generating 4 images with prompt:red.
07/08/2024 16:55:03 - INFO - root - Image have been saved in /shenzihe/WD-Disk/output/mit_mascot_bsz_2_loss_0.01_1_0.1/checkpoint-60/images/red/
07/08/2024 16:55:16 - INFO - root - Image have been saved in /shenzihe/WD-Disk/output/mit_mascot_bsz_2_loss_0.01_1_0.1/checkpoint-60/images/red/
07/08/2024 16:55:30 - INFO - root - Image have been saved in /shenzihe/WD-Disk/output/mit_mascot_bsz_2_loss_0.01_1_0.1/checkpoint-60/images/red/
07/08/2024 16:55:43 - INFO - root - Image have been saved in /shenzihe/WD-Disk/output/mit_mascot_bsz_2_loss_0.01_1_0.1/checkpoint-60/images/red/
07/08/2024 16:55:43 - INFO - __main__ - Running validation... 
 Generating 4 images with prompt:purple.
07/08/2024 16:55:57 - INFO - root - Image have been saved in /shenzihe/WD-Disk/output/mit_mascot_bsz_2_loss_0.01_1_0.1/checkpoint-60/images/purple/
07/08/2024 16:56:10 - INFO - root - Image have been saved in /shenzihe/WD-Disk/output/mit_mascot_bsz_2_loss_0.01_1_0.1/checkpoint-60/images/purple/
07/08/2024 16:56:24 - INFO - root - Image have been saved in /shenzihe/WD-Disk/output/mit_mascot_bsz_2_loss_0.01_1_0.1/checkpoint-60/images/purple/
07/08/2024 16:56:37 - INFO - root - Image have been saved in /shenzihe/WD-Disk/output/mit_mascot_bsz_2_loss_0.01_1_0.1/checkpoint-60/images/purple/
07/08/2024 16:56:37 - INFO - __main__ - Running validation... 
 Generating 4 images with prompt:shiny.
07/08/2024 16:56:51 - INFO - root - Image have been saved in /shenzihe/WD-Disk/output/mit_mascot_bsz_2_loss_0.01_1_0.1/checkpoint-60/images/shiny/
07/08/2024 16:57:04 - INFO - root - Image have been saved in /shenzihe/WD-Disk/output/mit_mascot_bsz_2_loss_0.01_1_0.1/checkpoint-60/images/shiny/
07/08/2024 16:57:17 - INFO - root - Image have been saved in /shenzihe/WD-Disk/output/mit_mascot_bsz_2_loss_0.01_1_0.1/checkpoint-60/images/shiny/
07/08/2024 16:57:31 - INFO - root - Image have been saved in /shenzihe/WD-Disk/output/mit_mascot_bsz_2_loss_0.01_1_0.1/checkpoint-60/images/shiny/
07/08/2024 16:57:31 - INFO - __main__ - Running validation... 
 Generating 4 images with prompt:wet.
07/08/2024 16:57:44 - INFO - root - Image have been saved in /shenzihe/WD-Disk/output/mit_mascot_bsz_2_loss_0.01_1_0.1/checkpoint-60/images/wet/
07/08/2024 16:57:57 - INFO - root - Image have been saved in /shenzihe/WD-Disk/output/mit_mascot_bsz_2_loss_0.01_1_0.1/checkpoint-60/images/wet/
07/08/2024 16:58:10 - INFO - root - Image have been saved in /shenzihe/WD-Disk/output/mit_mascot_bsz_2_loss_0.01_1_0.1/checkpoint-60/images/wet/
07/08/2024 16:58:23 - INFO - root - Image have been saved in /shenzihe/WD-Disk/output/mit_mascot_bsz_2_loss_0.01_1_0.1/checkpoint-60/images/wet/
07/08/2024 16:58:23 - INFO - __main__ - Running validation... 
 Generating 4 images with prompt:cube shaped.
07/08/2024 16:58:36 - INFO - root - Image have been saved in /shenzihe/WD-Disk/output/mit_mascot_bsz_2_loss_0.01_1_0.1/checkpoint-60/images/cube_shaped/
07/08/2024 16:58:50 - INFO - root - Image have been saved in /shenzihe/WD-Disk/output/mit_mascot_bsz_2_loss_0.01_1_0.1/checkpoint-60/images/cube_shaped/
07/08/2024 16:59:03 - INFO - root - Image have been saved in /shenzihe/WD-Disk/output/mit_mascot_bsz_2_loss_0.01_1_0.1/checkpoint-60/images/cube_shaped/
07/08/2024 16:59:16 - INFO - root - Image have been saved in /shenzihe/WD-Disk/output/mit_mascot_bsz_2_loss_0.01_1_0.1/checkpoint-60/images/cube_shaped/
