07/08/2024 20:26:02 - INFO - __main__ - Distributed environment: NO
Num processes: 1
Process index: 0
Local process index: 0
Device: cuda

Mixed precision type: no

07/08/2024 20:26:02 - WARNING - py.warnings - /shenzihe/venv/lib/python3.10/site-packages/huggingface_hub/file_download.py:1132: FutureWarning: `resume_download` is deprecated and will be removed in version 1.0.0. Downloads always resume when possible. If you want to force a new download, use `force_download=True`.
  warnings.warn(

07/08/2024 20:26:05 - INFO - root - freeze vision encoder
07/08/2024 20:26:08 - INFO - root - Loaded ViT-H-14 model config.
07/08/2024 20:26:13 - INFO - root - Loading pretrained ViT-H-14 weights (laion2b_s32b_b79k).
07/08/2024 20:26:15 - WARNING - py.warnings - /shenzihe/venv/lib/python3.10/site-packages/diffusers/configuration_utils.py:215: FutureWarning: It is deprecated to pass a pretrained model name or path to `from_config`.If you were trying to load a scheduler, please use <class 'diffusers.schedulers.scheduling_ddpm.DDPMScheduler'>.from_pretrained(...) instead. Otherwise, please make sure to pass a configuration dictionary instead. This functionality will be removed in v1.0.0.
  deprecate("config-passed-as-path", "1.0.0", deprecation_message, standard_warn=False)

07/08/2024 20:26:15 - INFO - root - Loading pretrained model from /root/.cache/torch/hub/checkpoints/blip-diffusion
07/08/2024 20:26:15 - INFO - root - Loading pretrained BLIP2 Qformer weights.
07/08/2024 20:26:17 - INFO - root - Loading pretrained projection lyer weights.
07/08/2024 20:26:17 - INFO - root - Loading pretrained text encoder weights.
07/08/2024 20:26:17 - INFO - root - Loading pretrained vae weights.
07/08/2024 20:26:17 - INFO - root - Loading pretrained unet weights.
07/08/2024 20:26:21 - INFO - root - Using xformers.
07/08/2024 20:26:21 - INFO - root - Building datasets...
07/08/2024 20:26:21 - INFO - __main__ - 
***** Running training *****
07/08/2024 20:26:21 - INFO - __main__ -   Num examples = 4
07/08/2024 20:26:21 - INFO - __main__ -   Num batches each epoch = 2
07/08/2024 20:26:21 - INFO - __main__ -   Num Epochs = 30
07/08/2024 20:26:21 - INFO - __main__ -   Instantaneous batch size per device = 2
07/08/2024 20:26:21 - INFO - __main__ -   Total train batch size (w. parallel, distributed & accumulation) = 2
07/08/2024 20:26:21 - INFO - __main__ -   Gradient Accumulation steps = 1
07/08/2024 20:26:21 - INFO - __main__ -   Total optimization steps = 60
07/08/2024 20:26:22 - WARNING - py.warnings - /shenzihe/venv/lib/python3.10/site-packages/torch/backends/cuda/__init__.py:342: FutureWarning: torch.backends.cuda.sdp_kernel() is deprecated. In the future, this context manager will be removed. Please see, torch.nn.attention.sdpa_kernel() for the new context manager, with updated signature.
  warnings.warn(

07/08/2024 20:26:25 - INFO - root - {'loss': 0.3573848605155945, 'lr': 0.0001}
07/08/2024 20:26:27 - INFO - root - {'loss': 0.09625841677188873, 'lr': 0.0001}
07/08/2024 20:26:29 - INFO - root - {'loss': 0.5247384905815125, 'lr': 0.0001}
07/08/2024 20:26:31 - INFO - root - {'loss': 0.022647559642791748, 'lr': 0.0001}
07/08/2024 20:26:33 - INFO - root - {'loss': 0.16846419870853424, 'lr': 0.0001}
07/08/2024 20:26:35 - INFO - root - {'loss': 0.3160500228404999, 'lr': 0.0001}
07/08/2024 20:26:37 - INFO - root - {'loss': 0.02156824618577957, 'lr': 0.0001}
07/08/2024 20:26:39 - INFO - root - {'loss': 0.16601473093032837, 'lr': 0.0001}
07/08/2024 20:26:42 - INFO - root - {'loss': 0.3021261394023895, 'lr': 0.0001}
07/08/2024 20:26:44 - INFO - root - {'loss': 0.11649999767541885, 'lr': 0.0001}
07/08/2024 20:26:46 - INFO - root - {'loss': 0.04839267581701279, 'lr': 0.0001}
07/08/2024 20:26:48 - INFO - root - {'loss': 0.011811838485300541, 'lr': 0.0001}
07/08/2024 20:26:50 - INFO - root - {'loss': 0.26484575867652893, 'lr': 0.0001}
07/08/2024 20:26:52 - INFO - root - {'loss': 0.04463939741253853, 'lr': 0.0001}
07/08/2024 20:26:54 - INFO - root - {'loss': 0.037685610353946686, 'lr': 0.0001}
07/08/2024 20:26:56 - INFO - root - {'loss': 0.09497319161891937, 'lr': 0.0001}
07/08/2024 20:26:58 - INFO - root - {'loss': 0.2258514165878296, 'lr': 0.0001}
07/08/2024 20:27:00 - INFO - root - {'loss': 0.07719509303569794, 'lr': 0.0001}
07/08/2024 20:27:03 - INFO - root - {'loss': 0.05799160525202751, 'lr': 0.0001}
07/08/2024 20:27:05 - INFO - root - {'loss': 0.17364558577537537, 'lr': 0.0001}
07/08/2024 20:27:05 - INFO - __main__ - Running validation... 
 Generating 4 images with prompt:in the jungle.
07/08/2024 20:27:05 - WARNING - py.warnings - /shenzihe/multi_BlipDisenBooth/multi_BD.py:646: FutureWarning: Accessing config attribute `in_channels` directly via 'UNet2DConditionModel' object attribute is deprecated. Please access 'in_channels' over 'UNet2DConditionModel's config object instead, e.g. 'unet.config.in_channels'.
  (1, self.unet.in_channels, height // 8, width // 8),

07/08/2024 20:27:05 - WARNING - py.warnings - /shenzihe/multi_BlipDisenBooth/multi_BD.py:652: FutureWarning: Accessing config attribute `in_channels` directly via 'UNet2DConditionModel' object attribute is deprecated. Please access 'in_channels' over 'UNet2DConditionModel's config object instead, e.g. 'unet.config.in_channels'.
  self.unet.in_channels,

07/08/2024 20:27:18 - INFO - root - Image have been saved in /shenzihe/WD-Disk/output/mit_mascot_bsz_2_loss_0.1_1_0.001/checkpoint-20/images/in_the_jungle/
07/08/2024 20:27:31 - INFO - root - Image have been saved in /shenzihe/WD-Disk/output/mit_mascot_bsz_2_loss_0.1_1_0.001/checkpoint-20/images/in_the_jungle/
07/08/2024 20:27:44 - INFO - root - Image have been saved in /shenzihe/WD-Disk/output/mit_mascot_bsz_2_loss_0.1_1_0.001/checkpoint-20/images/in_the_jungle/
07/08/2024 20:27:58 - INFO - root - Image have been saved in /shenzihe/WD-Disk/output/mit_mascot_bsz_2_loss_0.1_1_0.001/checkpoint-20/images/in_the_jungle/
07/08/2024 20:27:58 - INFO - __main__ - Running validation... 
 Generating 4 images with prompt:in the snow.
07/08/2024 20:28:11 - INFO - root - Image have been saved in /shenzihe/WD-Disk/output/mit_mascot_bsz_2_loss_0.1_1_0.001/checkpoint-20/images/in_the_snow/
07/08/2024 20:28:24 - INFO - root - Image have been saved in /shenzihe/WD-Disk/output/mit_mascot_bsz_2_loss_0.1_1_0.001/checkpoint-20/images/in_the_snow/
07/08/2024 20:28:37 - INFO - root - Image have been saved in /shenzihe/WD-Disk/output/mit_mascot_bsz_2_loss_0.1_1_0.001/checkpoint-20/images/in_the_snow/
07/08/2024 20:28:51 - INFO - root - Image have been saved in /shenzihe/WD-Disk/output/mit_mascot_bsz_2_loss_0.1_1_0.001/checkpoint-20/images/in_the_snow/
07/08/2024 20:28:51 - INFO - __main__ - Running validation... 
 Generating 4 images with prompt:on the beach.
07/08/2024 20:29:04 - INFO - root - Image have been saved in /shenzihe/WD-Disk/output/mit_mascot_bsz_2_loss_0.1_1_0.001/checkpoint-20/images/on_the_beach/
07/08/2024 20:29:17 - INFO - root - Image have been saved in /shenzihe/WD-Disk/output/mit_mascot_bsz_2_loss_0.1_1_0.001/checkpoint-20/images/on_the_beach/
07/08/2024 20:29:31 - INFO - root - Image have been saved in /shenzihe/WD-Disk/output/mit_mascot_bsz_2_loss_0.1_1_0.001/checkpoint-20/images/on_the_beach/
07/08/2024 20:29:44 - INFO - root - Image have been saved in /shenzihe/WD-Disk/output/mit_mascot_bsz_2_loss_0.1_1_0.001/checkpoint-20/images/on_the_beach/
07/08/2024 20:29:44 - INFO - __main__ - Running validation... 
 Generating 4 images with prompt:on a cobblestone street.
07/08/2024 20:29:57 - INFO - root - Image have been saved in /shenzihe/WD-Disk/output/mit_mascot_bsz_2_loss_0.1_1_0.001/checkpoint-20/images/on_a_cobblestone_street/
07/08/2024 20:30:11 - INFO - root - Image have been saved in /shenzihe/WD-Disk/output/mit_mascot_bsz_2_loss_0.1_1_0.001/checkpoint-20/images/on_a_cobblestone_street/
07/08/2024 20:30:24 - INFO - root - Image have been saved in /shenzihe/WD-Disk/output/mit_mascot_bsz_2_loss_0.1_1_0.001/checkpoint-20/images/on_a_cobblestone_street/
07/08/2024 20:30:37 - INFO - root - Image have been saved in /shenzihe/WD-Disk/output/mit_mascot_bsz_2_loss_0.1_1_0.001/checkpoint-20/images/on_a_cobblestone_street/
07/08/2024 20:30:37 - INFO - __main__ - Running validation... 
 Generating 4 images with prompt:on top of pink fabric.
07/08/2024 20:30:50 - INFO - root - Image have been saved in /shenzihe/WD-Disk/output/mit_mascot_bsz_2_loss_0.1_1_0.001/checkpoint-20/images/on_top_of_pink_fabric/
07/08/2024 20:31:04 - INFO - root - Image have been saved in /shenzihe/WD-Disk/output/mit_mascot_bsz_2_loss_0.1_1_0.001/checkpoint-20/images/on_top_of_pink_fabric/
07/08/2024 20:31:17 - INFO - root - Image have been saved in /shenzihe/WD-Disk/output/mit_mascot_bsz_2_loss_0.1_1_0.001/checkpoint-20/images/on_top_of_pink_fabric/
07/08/2024 20:31:30 - INFO - root - Image have been saved in /shenzihe/WD-Disk/output/mit_mascot_bsz_2_loss_0.1_1_0.001/checkpoint-20/images/on_top_of_pink_fabric/
07/08/2024 20:31:30 - INFO - __main__ - Running validation... 
 Generating 4 images with prompt:on top of a wooden floor.
07/08/2024 20:31:44 - INFO - root - Image have been saved in /shenzihe/WD-Disk/output/mit_mascot_bsz_2_loss_0.1_1_0.001/checkpoint-20/images/on_top_of_a_wooden_floor/
07/08/2024 20:31:57 - INFO - root - Image have been saved in /shenzihe/WD-Disk/output/mit_mascot_bsz_2_loss_0.1_1_0.001/checkpoint-20/images/on_top_of_a_wooden_floor/
07/08/2024 20:32:10 - INFO - root - Image have been saved in /shenzihe/WD-Disk/output/mit_mascot_bsz_2_loss_0.1_1_0.001/checkpoint-20/images/on_top_of_a_wooden_floor/
07/08/2024 20:32:24 - INFO - root - Image have been saved in /shenzihe/WD-Disk/output/mit_mascot_bsz_2_loss_0.1_1_0.001/checkpoint-20/images/on_top_of_a_wooden_floor/
07/08/2024 20:32:24 - INFO - __main__ - Running validation... 
 Generating 4 images with prompt:with a city in the background.
07/08/2024 20:32:37 - INFO - root - Image have been saved in /shenzihe/WD-Disk/output/mit_mascot_bsz_2_loss_0.1_1_0.001/checkpoint-20/images/with_a_city_in_the_background/
07/08/2024 20:32:50 - INFO - root - Image have been saved in /shenzihe/WD-Disk/output/mit_mascot_bsz_2_loss_0.1_1_0.001/checkpoint-20/images/with_a_city_in_the_background/
07/08/2024 20:33:04 - INFO - root - Image have been saved in /shenzihe/WD-Disk/output/mit_mascot_bsz_2_loss_0.1_1_0.001/checkpoint-20/images/with_a_city_in_the_background/
07/08/2024 20:33:17 - INFO - root - Image have been saved in /shenzihe/WD-Disk/output/mit_mascot_bsz_2_loss_0.1_1_0.001/checkpoint-20/images/with_a_city_in_the_background/
07/08/2024 20:33:17 - INFO - __main__ - Running validation... 
 Generating 4 images with prompt:with a mountain in the background.
07/08/2024 20:33:30 - INFO - root - Image have been saved in /shenzihe/WD-Disk/output/mit_mascot_bsz_2_loss_0.1_1_0.001/checkpoint-20/images/with_a_mountain_in_the_background/
07/08/2024 20:33:44 - INFO - root - Image have been saved in /shenzihe/WD-Disk/output/mit_mascot_bsz_2_loss_0.1_1_0.001/checkpoint-20/images/with_a_mountain_in_the_background/
07/08/2024 20:33:57 - INFO - root - Image have been saved in /shenzihe/WD-Disk/output/mit_mascot_bsz_2_loss_0.1_1_0.001/checkpoint-20/images/with_a_mountain_in_the_background/
07/08/2024 20:34:10 - INFO - root - Image have been saved in /shenzihe/WD-Disk/output/mit_mascot_bsz_2_loss_0.1_1_0.001/checkpoint-20/images/with_a_mountain_in_the_background/
07/08/2024 20:34:10 - INFO - __main__ - Running validation... 
 Generating 4 images with prompt:with a blue house in the background.
07/08/2024 20:34:23 - INFO - root - Image have been saved in /shenzihe/WD-Disk/output/mit_mascot_bsz_2_loss_0.1_1_0.001/checkpoint-20/images/with_a_blue_house_in_the_background/
07/08/2024 20:34:37 - INFO - root - Image have been saved in /shenzihe/WD-Disk/output/mit_mascot_bsz_2_loss_0.1_1_0.001/checkpoint-20/images/with_a_blue_house_in_the_background/
07/08/2024 20:34:50 - INFO - root - Image have been saved in /shenzihe/WD-Disk/output/mit_mascot_bsz_2_loss_0.1_1_0.001/checkpoint-20/images/with_a_blue_house_in_the_background/
07/08/2024 20:35:03 - INFO - root - Image have been saved in /shenzihe/WD-Disk/output/mit_mascot_bsz_2_loss_0.1_1_0.001/checkpoint-20/images/with_a_blue_house_in_the_background/
07/08/2024 20:35:03 - INFO - __main__ - Running validation... 
 Generating 4 images with prompt:on top of a purple rug in a forest.
07/08/2024 20:35:17 - INFO - root - Image have been saved in /shenzihe/WD-Disk/output/mit_mascot_bsz_2_loss_0.1_1_0.001/checkpoint-20/images/on_top_of_a_purple_rug_in_a_forest/
07/08/2024 20:35:30 - INFO - root - Image have been saved in /shenzihe/WD-Disk/output/mit_mascot_bsz_2_loss_0.1_1_0.001/checkpoint-20/images/on_top_of_a_purple_rug_in_a_forest/
07/08/2024 20:35:43 - INFO - root - Image have been saved in /shenzihe/WD-Disk/output/mit_mascot_bsz_2_loss_0.1_1_0.001/checkpoint-20/images/on_top_of_a_purple_rug_in_a_forest/
07/08/2024 20:35:57 - INFO - root - Image have been saved in /shenzihe/WD-Disk/output/mit_mascot_bsz_2_loss_0.1_1_0.001/checkpoint-20/images/on_top_of_a_purple_rug_in_a_forest/
07/08/2024 20:35:57 - INFO - __main__ - Running validation... 
 Generating 4 images with prompt:with a wheat field in the background.
07/08/2024 20:36:10 - INFO - root - Image have been saved in /shenzihe/WD-Disk/output/mit_mascot_bsz_2_loss_0.1_1_0.001/checkpoint-20/images/with_a_wheat_field_in_the_background/
07/08/2024 20:36:23 - INFO - root - Image have been saved in /shenzihe/WD-Disk/output/mit_mascot_bsz_2_loss_0.1_1_0.001/checkpoint-20/images/with_a_wheat_field_in_the_background/
07/08/2024 20:36:36 - INFO - root - Image have been saved in /shenzihe/WD-Disk/output/mit_mascot_bsz_2_loss_0.1_1_0.001/checkpoint-20/images/with_a_wheat_field_in_the_background/
07/08/2024 20:36:49 - INFO - root - Image have been saved in /shenzihe/WD-Disk/output/mit_mascot_bsz_2_loss_0.1_1_0.001/checkpoint-20/images/with_a_wheat_field_in_the_background/
07/08/2024 20:36:49 - INFO - __main__ - Running validation... 
 Generating 4 images with prompt:with a tree and autumn leaves in the background.
07/08/2024 20:37:03 - INFO - root - Image have been saved in /shenzihe/WD-Disk/output/mit_mascot_bsz_2_loss_0.1_1_0.001/checkpoint-20/images/with_a_tree_and_autumn_leaves_in_the_background/
07/08/2024 20:37:16 - INFO - root - Image have been saved in /shenzihe/WD-Disk/output/mit_mascot_bsz_2_loss_0.1_1_0.001/checkpoint-20/images/with_a_tree_and_autumn_leaves_in_the_background/
07/08/2024 20:37:30 - INFO - root - Image have been saved in /shenzihe/WD-Disk/output/mit_mascot_bsz_2_loss_0.1_1_0.001/checkpoint-20/images/with_a_tree_and_autumn_leaves_in_the_background/
07/08/2024 20:37:43 - INFO - root - Image have been saved in /shenzihe/WD-Disk/output/mit_mascot_bsz_2_loss_0.1_1_0.001/checkpoint-20/images/with_a_tree_and_autumn_leaves_in_the_background/
07/08/2024 20:37:43 - INFO - __main__ - Running validation... 
 Generating 4 images with prompt:with the Eiffel Tower in the background.
07/08/2024 20:37:56 - INFO - root - Image have been saved in /shenzihe/WD-Disk/output/mit_mascot_bsz_2_loss_0.1_1_0.001/checkpoint-20/images/with_the_Eiffel_Tower_in_the_background/
07/08/2024 20:38:10 - INFO - root - Image have been saved in /shenzihe/WD-Disk/output/mit_mascot_bsz_2_loss_0.1_1_0.001/checkpoint-20/images/with_the_Eiffel_Tower_in_the_background/
07/08/2024 20:38:23 - INFO - root - Image have been saved in /shenzihe/WD-Disk/output/mit_mascot_bsz_2_loss_0.1_1_0.001/checkpoint-20/images/with_the_Eiffel_Tower_in_the_background/
07/08/2024 20:38:36 - INFO - root - Image have been saved in /shenzihe/WD-Disk/output/mit_mascot_bsz_2_loss_0.1_1_0.001/checkpoint-20/images/with_the_Eiffel_Tower_in_the_background/
07/08/2024 20:38:36 - INFO - __main__ - Running validation... 
 Generating 4 images with prompt:floating on top of water.
07/08/2024 20:38:49 - INFO - root - Image have been saved in /shenzihe/WD-Disk/output/mit_mascot_bsz_2_loss_0.1_1_0.001/checkpoint-20/images/floating_on_top_of_water/
07/08/2024 20:39:03 - INFO - root - Image have been saved in /shenzihe/WD-Disk/output/mit_mascot_bsz_2_loss_0.1_1_0.001/checkpoint-20/images/floating_on_top_of_water/
07/08/2024 20:39:17 - INFO - root - Image have been saved in /shenzihe/WD-Disk/output/mit_mascot_bsz_2_loss_0.1_1_0.001/checkpoint-20/images/floating_on_top_of_water/
07/08/2024 20:39:30 - INFO - root - Image have been saved in /shenzihe/WD-Disk/output/mit_mascot_bsz_2_loss_0.1_1_0.001/checkpoint-20/images/floating_on_top_of_water/
07/08/2024 20:39:30 - INFO - __main__ - Running validation... 
 Generating 4 images with prompt:floating in an ocean of milk.
07/08/2024 20:39:44 - INFO - root - Image have been saved in /shenzihe/WD-Disk/output/mit_mascot_bsz_2_loss_0.1_1_0.001/checkpoint-20/images/floating_in_an_ocean_of_milk/
07/08/2024 20:39:57 - INFO - root - Image have been saved in /shenzihe/WD-Disk/output/mit_mascot_bsz_2_loss_0.1_1_0.001/checkpoint-20/images/floating_in_an_ocean_of_milk/
07/08/2024 20:40:10 - INFO - root - Image have been saved in /shenzihe/WD-Disk/output/mit_mascot_bsz_2_loss_0.1_1_0.001/checkpoint-20/images/floating_in_an_ocean_of_milk/
07/08/2024 20:40:24 - INFO - root - Image have been saved in /shenzihe/WD-Disk/output/mit_mascot_bsz_2_loss_0.1_1_0.001/checkpoint-20/images/floating_in_an_ocean_of_milk/
07/08/2024 20:40:24 - INFO - __main__ - Running validation... 
 Generating 4 images with prompt:on top of green grass with sunflowers around it.
07/08/2024 20:40:37 - INFO - root - Image have been saved in /shenzihe/WD-Disk/output/mit_mascot_bsz_2_loss_0.1_1_0.001/checkpoint-20/images/on_top_of_green_grass_with_sunflowers_around_it/
07/08/2024 20:40:50 - INFO - root - Image have been saved in /shenzihe/WD-Disk/output/mit_mascot_bsz_2_loss_0.1_1_0.001/checkpoint-20/images/on_top_of_green_grass_with_sunflowers_around_it/
07/08/2024 20:41:04 - INFO - root - Image have been saved in /shenzihe/WD-Disk/output/mit_mascot_bsz_2_loss_0.1_1_0.001/checkpoint-20/images/on_top_of_green_grass_with_sunflowers_around_it/
07/08/2024 20:41:17 - INFO - root - Image have been saved in /shenzihe/WD-Disk/output/mit_mascot_bsz_2_loss_0.1_1_0.001/checkpoint-20/images/on_top_of_green_grass_with_sunflowers_around_it/
07/08/2024 20:41:17 - INFO - __main__ - Running validation... 
 Generating 4 images with prompt:on top of a mirror.
07/08/2024 20:41:30 - INFO - root - Image have been saved in /shenzihe/WD-Disk/output/mit_mascot_bsz_2_loss_0.1_1_0.001/checkpoint-20/images/on_top_of_a_mirror/
07/08/2024 20:41:44 - INFO - root - Image have been saved in /shenzihe/WD-Disk/output/mit_mascot_bsz_2_loss_0.1_1_0.001/checkpoint-20/images/on_top_of_a_mirror/
07/08/2024 20:41:57 - INFO - root - Image have been saved in /shenzihe/WD-Disk/output/mit_mascot_bsz_2_loss_0.1_1_0.001/checkpoint-20/images/on_top_of_a_mirror/
07/08/2024 20:42:10 - INFO - root - Image have been saved in /shenzihe/WD-Disk/output/mit_mascot_bsz_2_loss_0.1_1_0.001/checkpoint-20/images/on_top_of_a_mirror/
07/08/2024 20:42:10 - INFO - __main__ - Running validation... 
 Generating 4 images with prompt:on top of the sidewalk in a crowded street.
07/08/2024 20:42:24 - INFO - root - Image have been saved in /shenzihe/WD-Disk/output/mit_mascot_bsz_2_loss_0.1_1_0.001/checkpoint-20/images/on_top_of_the_sidewalk_in_a_crowded_street/
07/08/2024 20:42:37 - INFO - root - Image have been saved in /shenzihe/WD-Disk/output/mit_mascot_bsz_2_loss_0.1_1_0.001/checkpoint-20/images/on_top_of_the_sidewalk_in_a_crowded_street/
07/08/2024 20:42:51 - INFO - root - Image have been saved in /shenzihe/WD-Disk/output/mit_mascot_bsz_2_loss_0.1_1_0.001/checkpoint-20/images/on_top_of_the_sidewalk_in_a_crowded_street/
07/08/2024 20:43:04 - INFO - root - Image have been saved in /shenzihe/WD-Disk/output/mit_mascot_bsz_2_loss_0.1_1_0.001/checkpoint-20/images/on_top_of_the_sidewalk_in_a_crowded_street/
07/08/2024 20:43:04 - INFO - __main__ - Running validation... 
 Generating 4 images with prompt:on top of a dirt road.
07/08/2024 20:43:17 - INFO - root - Image have been saved in /shenzihe/WD-Disk/output/mit_mascot_bsz_2_loss_0.1_1_0.001/checkpoint-20/images/on_top_of_a_dirt_road/
07/08/2024 20:43:30 - INFO - root - Image have been saved in /shenzihe/WD-Disk/output/mit_mascot_bsz_2_loss_0.1_1_0.001/checkpoint-20/images/on_top_of_a_dirt_road/
07/08/2024 20:43:44 - INFO - root - Image have been saved in /shenzihe/WD-Disk/output/mit_mascot_bsz_2_loss_0.1_1_0.001/checkpoint-20/images/on_top_of_a_dirt_road/
07/08/2024 20:43:57 - INFO - root - Image have been saved in /shenzihe/WD-Disk/output/mit_mascot_bsz_2_loss_0.1_1_0.001/checkpoint-20/images/on_top_of_a_dirt_road/
07/08/2024 20:43:57 - INFO - __main__ - Running validation... 
 Generating 4 images with prompt:on top of a white rug.
07/08/2024 20:44:10 - INFO - root - Image have been saved in /shenzihe/WD-Disk/output/mit_mascot_bsz_2_loss_0.1_1_0.001/checkpoint-20/images/on_top_of_a_white_rug/
07/08/2024 20:44:23 - INFO - root - Image have been saved in /shenzihe/WD-Disk/output/mit_mascot_bsz_2_loss_0.1_1_0.001/checkpoint-20/images/on_top_of_a_white_rug/
07/08/2024 20:44:37 - INFO - root - Image have been saved in /shenzihe/WD-Disk/output/mit_mascot_bsz_2_loss_0.1_1_0.001/checkpoint-20/images/on_top_of_a_white_rug/
07/08/2024 20:44:50 - INFO - root - Image have been saved in /shenzihe/WD-Disk/output/mit_mascot_bsz_2_loss_0.1_1_0.001/checkpoint-20/images/on_top_of_a_white_rug/
07/08/2024 20:44:50 - INFO - __main__ - Running validation... 
 Generating 4 images with prompt:red.
07/08/2024 20:45:03 - INFO - root - Image have been saved in /shenzihe/WD-Disk/output/mit_mascot_bsz_2_loss_0.1_1_0.001/checkpoint-20/images/red/
07/08/2024 20:45:17 - INFO - root - Image have been saved in /shenzihe/WD-Disk/output/mit_mascot_bsz_2_loss_0.1_1_0.001/checkpoint-20/images/red/
07/08/2024 20:45:30 - INFO - root - Image have been saved in /shenzihe/WD-Disk/output/mit_mascot_bsz_2_loss_0.1_1_0.001/checkpoint-20/images/red/
07/08/2024 20:45:43 - INFO - root - Image have been saved in /shenzihe/WD-Disk/output/mit_mascot_bsz_2_loss_0.1_1_0.001/checkpoint-20/images/red/
07/08/2024 20:45:43 - INFO - __main__ - Running validation... 
 Generating 4 images with prompt:purple.
07/08/2024 20:45:57 - INFO - root - Image have been saved in /shenzihe/WD-Disk/output/mit_mascot_bsz_2_loss_0.1_1_0.001/checkpoint-20/images/purple/
07/08/2024 20:46:10 - INFO - root - Image have been saved in /shenzihe/WD-Disk/output/mit_mascot_bsz_2_loss_0.1_1_0.001/checkpoint-20/images/purple/
07/08/2024 20:46:23 - INFO - root - Image have been saved in /shenzihe/WD-Disk/output/mit_mascot_bsz_2_loss_0.1_1_0.001/checkpoint-20/images/purple/
07/08/2024 20:46:37 - INFO - root - Image have been saved in /shenzihe/WD-Disk/output/mit_mascot_bsz_2_loss_0.1_1_0.001/checkpoint-20/images/purple/
07/08/2024 20:46:37 - INFO - __main__ - Running validation... 
 Generating 4 images with prompt:shiny.
07/08/2024 20:46:50 - INFO - root - Image have been saved in /shenzihe/WD-Disk/output/mit_mascot_bsz_2_loss_0.1_1_0.001/checkpoint-20/images/shiny/
07/08/2024 20:47:03 - INFO - root - Image have been saved in /shenzihe/WD-Disk/output/mit_mascot_bsz_2_loss_0.1_1_0.001/checkpoint-20/images/shiny/
07/08/2024 20:47:17 - INFO - root - Image have been saved in /shenzihe/WD-Disk/output/mit_mascot_bsz_2_loss_0.1_1_0.001/checkpoint-20/images/shiny/
07/08/2024 20:47:30 - INFO - root - Image have been saved in /shenzihe/WD-Disk/output/mit_mascot_bsz_2_loss_0.1_1_0.001/checkpoint-20/images/shiny/
07/08/2024 20:47:30 - INFO - __main__ - Running validation... 
 Generating 4 images with prompt:wet.
07/08/2024 20:47:43 - INFO - root - Image have been saved in /shenzihe/WD-Disk/output/mit_mascot_bsz_2_loss_0.1_1_0.001/checkpoint-20/images/wet/
07/08/2024 20:47:56 - INFO - root - Image have been saved in /shenzihe/WD-Disk/output/mit_mascot_bsz_2_loss_0.1_1_0.001/checkpoint-20/images/wet/
07/08/2024 20:48:10 - INFO - root - Image have been saved in /shenzihe/WD-Disk/output/mit_mascot_bsz_2_loss_0.1_1_0.001/checkpoint-20/images/wet/
07/08/2024 20:48:23 - INFO - root - Image have been saved in /shenzihe/WD-Disk/output/mit_mascot_bsz_2_loss_0.1_1_0.001/checkpoint-20/images/wet/
07/08/2024 20:48:23 - INFO - __main__ - Running validation... 
 Generating 4 images with prompt:cube shaped.
07/08/2024 20:48:36 - INFO - root - Image have been saved in /shenzihe/WD-Disk/output/mit_mascot_bsz_2_loss_0.1_1_0.001/checkpoint-20/images/cube_shaped/
07/08/2024 20:48:50 - INFO - root - Image have been saved in /shenzihe/WD-Disk/output/mit_mascot_bsz_2_loss_0.1_1_0.001/checkpoint-20/images/cube_shaped/
07/08/2024 20:49:03 - INFO - root - Image have been saved in /shenzihe/WD-Disk/output/mit_mascot_bsz_2_loss_0.1_1_0.001/checkpoint-20/images/cube_shaped/
07/08/2024 20:49:16 - INFO - root - Image have been saved in /shenzihe/WD-Disk/output/mit_mascot_bsz_2_loss_0.1_1_0.001/checkpoint-20/images/cube_shaped/
07/08/2024 20:49:19 - INFO - root - {'loss': 0.017195358872413635, 'lr': 0.0001}
07/08/2024 20:49:21 - INFO - root - {'loss': 0.47524717450141907, 'lr': 0.0001}
07/08/2024 20:49:23 - INFO - root - {'loss': 0.1864941269159317, 'lr': 0.0001}
07/08/2024 20:49:25 - INFO - root - {'loss': 0.14677776396274567, 'lr': 0.0001}
07/08/2024 20:49:27 - INFO - root - {'loss': 0.21177740395069122, 'lr': 0.0001}
07/08/2024 20:49:29 - INFO - root - {'loss': 0.11204659938812256, 'lr': 0.0001}
07/08/2024 20:49:31 - INFO - root - {'loss': 0.0949292704463005, 'lr': 0.0001}
07/08/2024 20:49:33 - INFO - root - {'loss': 0.5037388801574707, 'lr': 0.0001}
07/08/2024 20:49:36 - INFO - root - {'loss': 0.49382030963897705, 'lr': 0.0001}
07/08/2024 20:49:38 - INFO - root - {'loss': 0.27136683464050293, 'lr': 0.0001}
07/08/2024 20:49:40 - INFO - root - {'loss': 0.1537538319826126, 'lr': 0.0001}
07/08/2024 20:49:42 - INFO - root - {'loss': 0.22727365791797638, 'lr': 0.0001}
07/08/2024 20:49:44 - INFO - root - {'loss': 0.1270231306552887, 'lr': 0.0001}
07/08/2024 20:49:46 - INFO - root - {'loss': 0.006020650267601013, 'lr': 0.0001}
07/08/2024 20:49:48 - INFO - root - {'loss': 0.18001876771450043, 'lr': 0.0001}
07/08/2024 20:49:50 - INFO - root - {'loss': 0.0579938068985939, 'lr': 0.0001}
07/08/2024 20:49:53 - INFO - root - {'loss': 0.6055575013160706, 'lr': 0.0001}
07/08/2024 20:49:55 - INFO - root - {'loss': 0.6391717195510864, 'lr': 0.0001}
07/08/2024 20:49:57 - INFO - root - {'loss': 0.08465863019227982, 'lr': 0.0001}
07/08/2024 20:49:59 - INFO - root - {'loss': 0.3769710063934326, 'lr': 0.0001}
07/08/2024 20:49:59 - INFO - __main__ - Running validation... 
 Generating 4 images with prompt:in the jungle.
07/08/2024 20:50:12 - INFO - root - Image have been saved in /shenzihe/WD-Disk/output/mit_mascot_bsz_2_loss_0.1_1_0.001/checkpoint-40/images/in_the_jungle/
07/08/2024 20:50:25 - INFO - root - Image have been saved in /shenzihe/WD-Disk/output/mit_mascot_bsz_2_loss_0.1_1_0.001/checkpoint-40/images/in_the_jungle/
07/08/2024 20:50:38 - INFO - root - Image have been saved in /shenzihe/WD-Disk/output/mit_mascot_bsz_2_loss_0.1_1_0.001/checkpoint-40/images/in_the_jungle/
07/08/2024 20:50:52 - INFO - root - Image have been saved in /shenzihe/WD-Disk/output/mit_mascot_bsz_2_loss_0.1_1_0.001/checkpoint-40/images/in_the_jungle/
07/08/2024 20:50:52 - INFO - __main__ - Running validation... 
 Generating 4 images with prompt:in the snow.
07/08/2024 20:51:05 - INFO - root - Image have been saved in /shenzihe/WD-Disk/output/mit_mascot_bsz_2_loss_0.1_1_0.001/checkpoint-40/images/in_the_snow/
07/08/2024 20:51:18 - INFO - root - Image have been saved in /shenzihe/WD-Disk/output/mit_mascot_bsz_2_loss_0.1_1_0.001/checkpoint-40/images/in_the_snow/
07/08/2024 20:51:32 - INFO - root - Image have been saved in /shenzihe/WD-Disk/output/mit_mascot_bsz_2_loss_0.1_1_0.001/checkpoint-40/images/in_the_snow/
07/08/2024 20:51:45 - INFO - root - Image have been saved in /shenzihe/WD-Disk/output/mit_mascot_bsz_2_loss_0.1_1_0.001/checkpoint-40/images/in_the_snow/
07/08/2024 20:51:45 - INFO - __main__ - Running validation... 
 Generating 4 images with prompt:on the beach.
07/08/2024 20:51:58 - INFO - root - Image have been saved in /shenzihe/WD-Disk/output/mit_mascot_bsz_2_loss_0.1_1_0.001/checkpoint-40/images/on_the_beach/
07/08/2024 20:52:11 - INFO - root - Image have been saved in /shenzihe/WD-Disk/output/mit_mascot_bsz_2_loss_0.1_1_0.001/checkpoint-40/images/on_the_beach/
07/08/2024 20:52:25 - INFO - root - Image have been saved in /shenzihe/WD-Disk/output/mit_mascot_bsz_2_loss_0.1_1_0.001/checkpoint-40/images/on_the_beach/
07/08/2024 20:52:38 - INFO - root - Image have been saved in /shenzihe/WD-Disk/output/mit_mascot_bsz_2_loss_0.1_1_0.001/checkpoint-40/images/on_the_beach/
07/08/2024 20:52:38 - INFO - __main__ - Running validation... 
 Generating 4 images with prompt:on a cobblestone street.
07/08/2024 20:52:51 - INFO - root - Image have been saved in /shenzihe/WD-Disk/output/mit_mascot_bsz_2_loss_0.1_1_0.001/checkpoint-40/images/on_a_cobblestone_street/
07/08/2024 20:53:05 - INFO - root - Image have been saved in /shenzihe/WD-Disk/output/mit_mascot_bsz_2_loss_0.1_1_0.001/checkpoint-40/images/on_a_cobblestone_street/
07/08/2024 20:53:18 - INFO - root - Image have been saved in /shenzihe/WD-Disk/output/mit_mascot_bsz_2_loss_0.1_1_0.001/checkpoint-40/images/on_a_cobblestone_street/
07/08/2024 20:53:31 - INFO - root - Image have been saved in /shenzihe/WD-Disk/output/mit_mascot_bsz_2_loss_0.1_1_0.001/checkpoint-40/images/on_a_cobblestone_street/
07/08/2024 20:53:31 - INFO - __main__ - Running validation... 
 Generating 4 images with prompt:on top of pink fabric.
07/08/2024 20:53:45 - INFO - root - Image have been saved in /shenzihe/WD-Disk/output/mit_mascot_bsz_2_loss_0.1_1_0.001/checkpoint-40/images/on_top_of_pink_fabric/
07/08/2024 20:53:58 - INFO - root - Image have been saved in /shenzihe/WD-Disk/output/mit_mascot_bsz_2_loss_0.1_1_0.001/checkpoint-40/images/on_top_of_pink_fabric/
07/08/2024 20:54:11 - INFO - root - Image have been saved in /shenzihe/WD-Disk/output/mit_mascot_bsz_2_loss_0.1_1_0.001/checkpoint-40/images/on_top_of_pink_fabric/
07/08/2024 20:54:25 - INFO - root - Image have been saved in /shenzihe/WD-Disk/output/mit_mascot_bsz_2_loss_0.1_1_0.001/checkpoint-40/images/on_top_of_pink_fabric/
07/08/2024 20:54:25 - INFO - __main__ - Running validation... 
 Generating 4 images with prompt:on top of a wooden floor.
07/08/2024 20:54:38 - INFO - root - Image have been saved in /shenzihe/WD-Disk/output/mit_mascot_bsz_2_loss_0.1_1_0.001/checkpoint-40/images/on_top_of_a_wooden_floor/
07/08/2024 20:54:51 - INFO - root - Image have been saved in /shenzihe/WD-Disk/output/mit_mascot_bsz_2_loss_0.1_1_0.001/checkpoint-40/images/on_top_of_a_wooden_floor/
07/08/2024 20:55:05 - INFO - root - Image have been saved in /shenzihe/WD-Disk/output/mit_mascot_bsz_2_loss_0.1_1_0.001/checkpoint-40/images/on_top_of_a_wooden_floor/
07/08/2024 20:55:18 - INFO - root - Image have been saved in /shenzihe/WD-Disk/output/mit_mascot_bsz_2_loss_0.1_1_0.001/checkpoint-40/images/on_top_of_a_wooden_floor/
07/08/2024 20:55:18 - INFO - __main__ - Running validation... 
 Generating 4 images with prompt:with a city in the background.
07/08/2024 20:55:31 - INFO - root - Image have been saved in /shenzihe/WD-Disk/output/mit_mascot_bsz_2_loss_0.1_1_0.001/checkpoint-40/images/with_a_city_in_the_background/
07/08/2024 20:55:44 - INFO - root - Image have been saved in /shenzihe/WD-Disk/output/mit_mascot_bsz_2_loss_0.1_1_0.001/checkpoint-40/images/with_a_city_in_the_background/
07/08/2024 20:55:58 - INFO - root - Image have been saved in /shenzihe/WD-Disk/output/mit_mascot_bsz_2_loss_0.1_1_0.001/checkpoint-40/images/with_a_city_in_the_background/
07/08/2024 20:56:11 - INFO - root - Image have been saved in /shenzihe/WD-Disk/output/mit_mascot_bsz_2_loss_0.1_1_0.001/checkpoint-40/images/with_a_city_in_the_background/
07/08/2024 20:56:11 - INFO - __main__ - Running validation... 
 Generating 4 images with prompt:with a mountain in the background.
07/08/2024 20:56:25 - INFO - root - Image have been saved in /shenzihe/WD-Disk/output/mit_mascot_bsz_2_loss_0.1_1_0.001/checkpoint-40/images/with_a_mountain_in_the_background/
07/08/2024 20:56:38 - INFO - root - Image have been saved in /shenzihe/WD-Disk/output/mit_mascot_bsz_2_loss_0.1_1_0.001/checkpoint-40/images/with_a_mountain_in_the_background/
07/08/2024 20:56:51 - INFO - root - Image have been saved in /shenzihe/WD-Disk/output/mit_mascot_bsz_2_loss_0.1_1_0.001/checkpoint-40/images/with_a_mountain_in_the_background/
07/08/2024 20:57:04 - INFO - root - Image have been saved in /shenzihe/WD-Disk/output/mit_mascot_bsz_2_loss_0.1_1_0.001/checkpoint-40/images/with_a_mountain_in_the_background/
07/08/2024 20:57:04 - INFO - __main__ - Running validation... 
 Generating 4 images with prompt:with a blue house in the background.
07/08/2024 20:57:18 - INFO - root - Image have been saved in /shenzihe/WD-Disk/output/mit_mascot_bsz_2_loss_0.1_1_0.001/checkpoint-40/images/with_a_blue_house_in_the_background/
07/08/2024 20:57:31 - INFO - root - Image have been saved in /shenzihe/WD-Disk/output/mit_mascot_bsz_2_loss_0.1_1_0.001/checkpoint-40/images/with_a_blue_house_in_the_background/
07/08/2024 20:57:44 - INFO - root - Image have been saved in /shenzihe/WD-Disk/output/mit_mascot_bsz_2_loss_0.1_1_0.001/checkpoint-40/images/with_a_blue_house_in_the_background/
07/08/2024 20:57:58 - INFO - root - Image have been saved in /shenzihe/WD-Disk/output/mit_mascot_bsz_2_loss_0.1_1_0.001/checkpoint-40/images/with_a_blue_house_in_the_background/
07/08/2024 20:57:58 - INFO - __main__ - Running validation... 
 Generating 4 images with prompt:on top of a purple rug in a forest.
07/08/2024 20:58:11 - INFO - root - Image have been saved in /shenzihe/WD-Disk/output/mit_mascot_bsz_2_loss_0.1_1_0.001/checkpoint-40/images/on_top_of_a_purple_rug_in_a_forest/
07/08/2024 20:58:24 - INFO - root - Image have been saved in /shenzihe/WD-Disk/output/mit_mascot_bsz_2_loss_0.1_1_0.001/checkpoint-40/images/on_top_of_a_purple_rug_in_a_forest/
07/08/2024 20:58:38 - INFO - root - Image have been saved in /shenzihe/WD-Disk/output/mit_mascot_bsz_2_loss_0.1_1_0.001/checkpoint-40/images/on_top_of_a_purple_rug_in_a_forest/
07/08/2024 20:58:51 - INFO - root - Image have been saved in /shenzihe/WD-Disk/output/mit_mascot_bsz_2_loss_0.1_1_0.001/checkpoint-40/images/on_top_of_a_purple_rug_in_a_forest/
07/08/2024 20:58:51 - INFO - __main__ - Running validation... 
 Generating 4 images with prompt:with a wheat field in the background.
07/08/2024 20:59:04 - INFO - root - Image have been saved in /shenzihe/WD-Disk/output/mit_mascot_bsz_2_loss_0.1_1_0.001/checkpoint-40/images/with_a_wheat_field_in_the_background/
07/08/2024 20:59:18 - INFO - root - Image have been saved in /shenzihe/WD-Disk/output/mit_mascot_bsz_2_loss_0.1_1_0.001/checkpoint-40/images/with_a_wheat_field_in_the_background/
07/08/2024 20:59:31 - INFO - root - Image have been saved in /shenzihe/WD-Disk/output/mit_mascot_bsz_2_loss_0.1_1_0.001/checkpoint-40/images/with_a_wheat_field_in_the_background/
07/08/2024 20:59:44 - INFO - root - Image have been saved in /shenzihe/WD-Disk/output/mit_mascot_bsz_2_loss_0.1_1_0.001/checkpoint-40/images/with_a_wheat_field_in_the_background/
07/08/2024 20:59:44 - INFO - __main__ - Running validation... 
 Generating 4 images with prompt:with a tree and autumn leaves in the background.
07/08/2024 20:59:57 - INFO - root - Image have been saved in /shenzihe/WD-Disk/output/mit_mascot_bsz_2_loss_0.1_1_0.001/checkpoint-40/images/with_a_tree_and_autumn_leaves_in_the_background/
07/08/2024 21:00:11 - INFO - root - Image have been saved in /shenzihe/WD-Disk/output/mit_mascot_bsz_2_loss_0.1_1_0.001/checkpoint-40/images/with_a_tree_and_autumn_leaves_in_the_background/
07/08/2024 21:00:24 - INFO - root - Image have been saved in /shenzihe/WD-Disk/output/mit_mascot_bsz_2_loss_0.1_1_0.001/checkpoint-40/images/with_a_tree_and_autumn_leaves_in_the_background/
07/08/2024 21:00:37 - INFO - root - Image have been saved in /shenzihe/WD-Disk/output/mit_mascot_bsz_2_loss_0.1_1_0.001/checkpoint-40/images/with_a_tree_and_autumn_leaves_in_the_background/
07/08/2024 21:00:37 - INFO - __main__ - Running validation... 
 Generating 4 images with prompt:with the Eiffel Tower in the background.
07/08/2024 21:00:51 - INFO - root - Image have been saved in /shenzihe/WD-Disk/output/mit_mascot_bsz_2_loss_0.1_1_0.001/checkpoint-40/images/with_the_Eiffel_Tower_in_the_background/
07/08/2024 21:01:04 - INFO - root - Image have been saved in /shenzihe/WD-Disk/output/mit_mascot_bsz_2_loss_0.1_1_0.001/checkpoint-40/images/with_the_Eiffel_Tower_in_the_background/
07/08/2024 21:01:17 - INFO - root - Image have been saved in /shenzihe/WD-Disk/output/mit_mascot_bsz_2_loss_0.1_1_0.001/checkpoint-40/images/with_the_Eiffel_Tower_in_the_background/
07/08/2024 21:01:30 - INFO - root - Image have been saved in /shenzihe/WD-Disk/output/mit_mascot_bsz_2_loss_0.1_1_0.001/checkpoint-40/images/with_the_Eiffel_Tower_in_the_background/
07/08/2024 21:01:30 - INFO - __main__ - Running validation... 
 Generating 4 images with prompt:floating on top of water.
07/08/2024 21:01:44 - INFO - root - Image have been saved in /shenzihe/WD-Disk/output/mit_mascot_bsz_2_loss_0.1_1_0.001/checkpoint-40/images/floating_on_top_of_water/
07/08/2024 21:01:57 - INFO - root - Image have been saved in /shenzihe/WD-Disk/output/mit_mascot_bsz_2_loss_0.1_1_0.001/checkpoint-40/images/floating_on_top_of_water/
07/08/2024 21:02:10 - INFO - root - Image have been saved in /shenzihe/WD-Disk/output/mit_mascot_bsz_2_loss_0.1_1_0.001/checkpoint-40/images/floating_on_top_of_water/
07/08/2024 21:02:24 - INFO - root - Image have been saved in /shenzihe/WD-Disk/output/mit_mascot_bsz_2_loss_0.1_1_0.001/checkpoint-40/images/floating_on_top_of_water/
07/08/2024 21:02:24 - INFO - __main__ - Running validation... 
 Generating 4 images with prompt:floating in an ocean of milk.
07/08/2024 21:02:37 - INFO - root - Image have been saved in /shenzihe/WD-Disk/output/mit_mascot_bsz_2_loss_0.1_1_0.001/checkpoint-40/images/floating_in_an_ocean_of_milk/
07/08/2024 21:02:50 - INFO - root - Image have been saved in /shenzihe/WD-Disk/output/mit_mascot_bsz_2_loss_0.1_1_0.001/checkpoint-40/images/floating_in_an_ocean_of_milk/
07/08/2024 21:03:04 - INFO - root - Image have been saved in /shenzihe/WD-Disk/output/mit_mascot_bsz_2_loss_0.1_1_0.001/checkpoint-40/images/floating_in_an_ocean_of_milk/
07/08/2024 21:03:17 - INFO - root - Image have been saved in /shenzihe/WD-Disk/output/mit_mascot_bsz_2_loss_0.1_1_0.001/checkpoint-40/images/floating_in_an_ocean_of_milk/
07/08/2024 21:03:17 - INFO - __main__ - Running validation... 
 Generating 4 images with prompt:on top of green grass with sunflowers around it.
07/08/2024 21:03:30 - INFO - root - Image have been saved in /shenzihe/WD-Disk/output/mit_mascot_bsz_2_loss_0.1_1_0.001/checkpoint-40/images/on_top_of_green_grass_with_sunflowers_around_it/
07/08/2024 21:03:44 - INFO - root - Image have been saved in /shenzihe/WD-Disk/output/mit_mascot_bsz_2_loss_0.1_1_0.001/checkpoint-40/images/on_top_of_green_grass_with_sunflowers_around_it/
07/08/2024 21:03:57 - INFO - root - Image have been saved in /shenzihe/WD-Disk/output/mit_mascot_bsz_2_loss_0.1_1_0.001/checkpoint-40/images/on_top_of_green_grass_with_sunflowers_around_it/
07/08/2024 21:04:10 - INFO - root - Image have been saved in /shenzihe/WD-Disk/output/mit_mascot_bsz_2_loss_0.1_1_0.001/checkpoint-40/images/on_top_of_green_grass_with_sunflowers_around_it/
07/08/2024 21:04:10 - INFO - __main__ - Running validation... 
 Generating 4 images with prompt:on top of a mirror.
07/08/2024 21:04:24 - INFO - root - Image have been saved in /shenzihe/WD-Disk/output/mit_mascot_bsz_2_loss_0.1_1_0.001/checkpoint-40/images/on_top_of_a_mirror/
07/08/2024 21:04:37 - INFO - root - Image have been saved in /shenzihe/WD-Disk/output/mit_mascot_bsz_2_loss_0.1_1_0.001/checkpoint-40/images/on_top_of_a_mirror/
07/08/2024 21:04:50 - INFO - root - Image have been saved in /shenzihe/WD-Disk/output/mit_mascot_bsz_2_loss_0.1_1_0.001/checkpoint-40/images/on_top_of_a_mirror/
07/08/2024 21:05:04 - INFO - root - Image have been saved in /shenzihe/WD-Disk/output/mit_mascot_bsz_2_loss_0.1_1_0.001/checkpoint-40/images/on_top_of_a_mirror/
07/08/2024 21:05:04 - INFO - __main__ - Running validation... 
 Generating 4 images with prompt:on top of the sidewalk in a crowded street.
07/08/2024 21:05:17 - INFO - root - Image have been saved in /shenzihe/WD-Disk/output/mit_mascot_bsz_2_loss_0.1_1_0.001/checkpoint-40/images/on_top_of_the_sidewalk_in_a_crowded_street/
07/08/2024 21:05:30 - INFO - root - Image have been saved in /shenzihe/WD-Disk/output/mit_mascot_bsz_2_loss_0.1_1_0.001/checkpoint-40/images/on_top_of_the_sidewalk_in_a_crowded_street/
07/08/2024 21:05:44 - INFO - root - Image have been saved in /shenzihe/WD-Disk/output/mit_mascot_bsz_2_loss_0.1_1_0.001/checkpoint-40/images/on_top_of_the_sidewalk_in_a_crowded_street/
07/08/2024 21:05:57 - INFO - root - Image have been saved in /shenzihe/WD-Disk/output/mit_mascot_bsz_2_loss_0.1_1_0.001/checkpoint-40/images/on_top_of_the_sidewalk_in_a_crowded_street/
07/08/2024 21:05:57 - INFO - __main__ - Running validation... 
 Generating 4 images with prompt:on top of a dirt road.
07/08/2024 21:06:10 - INFO - root - Image have been saved in /shenzihe/WD-Disk/output/mit_mascot_bsz_2_loss_0.1_1_0.001/checkpoint-40/images/on_top_of_a_dirt_road/
07/08/2024 21:06:24 - INFO - root - Image have been saved in /shenzihe/WD-Disk/output/mit_mascot_bsz_2_loss_0.1_1_0.001/checkpoint-40/images/on_top_of_a_dirt_road/
07/08/2024 21:06:37 - INFO - root - Image have been saved in /shenzihe/WD-Disk/output/mit_mascot_bsz_2_loss_0.1_1_0.001/checkpoint-40/images/on_top_of_a_dirt_road/
07/08/2024 21:06:50 - INFO - root - Image have been saved in /shenzihe/WD-Disk/output/mit_mascot_bsz_2_loss_0.1_1_0.001/checkpoint-40/images/on_top_of_a_dirt_road/
07/08/2024 21:06:50 - INFO - __main__ - Running validation... 
 Generating 4 images with prompt:on top of a white rug.
07/08/2024 21:07:04 - INFO - root - Image have been saved in /shenzihe/WD-Disk/output/mit_mascot_bsz_2_loss_0.1_1_0.001/checkpoint-40/images/on_top_of_a_white_rug/
07/08/2024 21:07:17 - INFO - root - Image have been saved in /shenzihe/WD-Disk/output/mit_mascot_bsz_2_loss_0.1_1_0.001/checkpoint-40/images/on_top_of_a_white_rug/
07/08/2024 21:07:30 - INFO - root - Image have been saved in /shenzihe/WD-Disk/output/mit_mascot_bsz_2_loss_0.1_1_0.001/checkpoint-40/images/on_top_of_a_white_rug/
07/08/2024 21:07:44 - INFO - root - Image have been saved in /shenzihe/WD-Disk/output/mit_mascot_bsz_2_loss_0.1_1_0.001/checkpoint-40/images/on_top_of_a_white_rug/
07/08/2024 21:07:44 - INFO - __main__ - Running validation... 
 Generating 4 images with prompt:red.
07/08/2024 21:07:57 - INFO - root - Image have been saved in /shenzihe/WD-Disk/output/mit_mascot_bsz_2_loss_0.1_1_0.001/checkpoint-40/images/red/
07/08/2024 21:08:10 - INFO - root - Image have been saved in /shenzihe/WD-Disk/output/mit_mascot_bsz_2_loss_0.1_1_0.001/checkpoint-40/images/red/
07/08/2024 21:08:24 - INFO - root - Image have been saved in /shenzihe/WD-Disk/output/mit_mascot_bsz_2_loss_0.1_1_0.001/checkpoint-40/images/red/
07/08/2024 21:08:37 - INFO - root - Image have been saved in /shenzihe/WD-Disk/output/mit_mascot_bsz_2_loss_0.1_1_0.001/checkpoint-40/images/red/
07/08/2024 21:08:37 - INFO - __main__ - Running validation... 
 Generating 4 images with prompt:purple.
07/08/2024 21:08:50 - INFO - root - Image have been saved in /shenzihe/WD-Disk/output/mit_mascot_bsz_2_loss_0.1_1_0.001/checkpoint-40/images/purple/
07/08/2024 21:09:04 - INFO - root - Image have been saved in /shenzihe/WD-Disk/output/mit_mascot_bsz_2_loss_0.1_1_0.001/checkpoint-40/images/purple/
07/08/2024 21:09:17 - INFO - root - Image have been saved in /shenzihe/WD-Disk/output/mit_mascot_bsz_2_loss_0.1_1_0.001/checkpoint-40/images/purple/
07/08/2024 21:09:30 - INFO - root - Image have been saved in /shenzihe/WD-Disk/output/mit_mascot_bsz_2_loss_0.1_1_0.001/checkpoint-40/images/purple/
07/08/2024 21:09:30 - INFO - __main__ - Running validation... 
 Generating 4 images with prompt:shiny.
07/08/2024 21:09:44 - INFO - root - Image have been saved in /shenzihe/WD-Disk/output/mit_mascot_bsz_2_loss_0.1_1_0.001/checkpoint-40/images/shiny/
07/08/2024 21:09:57 - INFO - root - Image have been saved in /shenzihe/WD-Disk/output/mit_mascot_bsz_2_loss_0.1_1_0.001/checkpoint-40/images/shiny/
07/08/2024 21:10:10 - INFO - root - Image have been saved in /shenzihe/WD-Disk/output/mit_mascot_bsz_2_loss_0.1_1_0.001/checkpoint-40/images/shiny/
07/08/2024 21:10:24 - INFO - root - Image have been saved in /shenzihe/WD-Disk/output/mit_mascot_bsz_2_loss_0.1_1_0.001/checkpoint-40/images/shiny/
07/08/2024 21:10:24 - INFO - __main__ - Running validation... 
 Generating 4 images with prompt:wet.
07/08/2024 21:10:37 - INFO - root - Image have been saved in /shenzihe/WD-Disk/output/mit_mascot_bsz_2_loss_0.1_1_0.001/checkpoint-40/images/wet/
07/08/2024 21:10:50 - INFO - root - Image have been saved in /shenzihe/WD-Disk/output/mit_mascot_bsz_2_loss_0.1_1_0.001/checkpoint-40/images/wet/
07/08/2024 21:11:03 - INFO - root - Image have been saved in /shenzihe/WD-Disk/output/mit_mascot_bsz_2_loss_0.1_1_0.001/checkpoint-40/images/wet/
07/08/2024 21:11:17 - INFO - root - Image have been saved in /shenzihe/WD-Disk/output/mit_mascot_bsz_2_loss_0.1_1_0.001/checkpoint-40/images/wet/
07/08/2024 21:11:17 - INFO - __main__ - Running validation... 
 Generating 4 images with prompt:cube shaped.
07/08/2024 21:11:30 - INFO - root - Image have been saved in /shenzihe/WD-Disk/output/mit_mascot_bsz_2_loss_0.1_1_0.001/checkpoint-40/images/cube_shaped/
07/08/2024 21:11:43 - INFO - root - Image have been saved in /shenzihe/WD-Disk/output/mit_mascot_bsz_2_loss_0.1_1_0.001/checkpoint-40/images/cube_shaped/
07/08/2024 21:11:57 - INFO - root - Image have been saved in /shenzihe/WD-Disk/output/mit_mascot_bsz_2_loss_0.1_1_0.001/checkpoint-40/images/cube_shaped/
07/08/2024 21:12:10 - INFO - root - Image have been saved in /shenzihe/WD-Disk/output/mit_mascot_bsz_2_loss_0.1_1_0.001/checkpoint-40/images/cube_shaped/
07/08/2024 21:12:12 - INFO - root - {'loss': 0.09330364316701889, 'lr': 0.0001}
07/08/2024 21:12:14 - INFO - root - {'loss': 0.08099609613418579, 'lr': 0.0001}
07/08/2024 21:12:17 - INFO - root - {'loss': 0.27226606011390686, 'lr': 0.0001}
07/08/2024 21:12:19 - INFO - root - {'loss': 0.011124858632683754, 'lr': 0.0001}
07/08/2024 21:12:21 - INFO - root - {'loss': 0.11133786290884018, 'lr': 0.0001}
07/08/2024 21:12:23 - INFO - root - {'loss': 0.10365954786539078, 'lr': 0.0001}
07/08/2024 21:12:25 - INFO - root - {'loss': 0.014117316342890263, 'lr': 0.0001}
07/08/2024 21:12:27 - INFO - root - {'loss': 0.13230851292610168, 'lr': 0.0001}
07/08/2024 21:12:29 - INFO - root - {'loss': 0.1392783373594284, 'lr': 0.0001}
07/08/2024 21:12:31 - INFO - root - {'loss': 0.07492358982563019, 'lr': 0.0001}
07/08/2024 21:12:34 - INFO - root - {'loss': 0.16489145159721375, 'lr': 0.0001}
07/08/2024 21:12:36 - INFO - root - {'loss': 0.2895384430885315, 'lr': 0.0001}
07/08/2024 21:12:38 - INFO - root - {'loss': 0.06477353721857071, 'lr': 0.0001}
07/08/2024 21:12:40 - INFO - root - {'loss': 0.2849922180175781, 'lr': 0.0001}
07/08/2024 21:12:42 - INFO - root - {'loss': 0.14487960934638977, 'lr': 0.0001}
07/08/2024 21:12:44 - INFO - root - {'loss': 0.11332264542579651, 'lr': 0.0001}
07/08/2024 21:12:46 - INFO - root - {'loss': 0.20713379979133606, 'lr': 0.0001}
07/08/2024 21:12:48 - INFO - root - {'loss': 0.029741356149315834, 'lr': 0.0001}
07/08/2024 21:12:50 - INFO - root - {'loss': 0.1721867322921753, 'lr': 0.0001}
07/08/2024 21:12:52 - INFO - root - {'loss': 0.08639832586050034, 'lr': 0.0001}
07/08/2024 21:12:52 - INFO - __main__ - Running validation... 
 Generating 4 images with prompt:in the jungle.
07/08/2024 21:13:06 - INFO - root - Image have been saved in /shenzihe/WD-Disk/output/mit_mascot_bsz_2_loss_0.1_1_0.001/checkpoint-60/images/in_the_jungle/
07/08/2024 21:13:19 - INFO - root - Image have been saved in /shenzihe/WD-Disk/output/mit_mascot_bsz_2_loss_0.1_1_0.001/checkpoint-60/images/in_the_jungle/
07/08/2024 21:13:32 - INFO - root - Image have been saved in /shenzihe/WD-Disk/output/mit_mascot_bsz_2_loss_0.1_1_0.001/checkpoint-60/images/in_the_jungle/
07/08/2024 21:13:45 - INFO - root - Image have been saved in /shenzihe/WD-Disk/output/mit_mascot_bsz_2_loss_0.1_1_0.001/checkpoint-60/images/in_the_jungle/
07/08/2024 21:13:45 - INFO - __main__ - Running validation... 
 Generating 4 images with prompt:in the snow.
07/08/2024 21:13:59 - INFO - root - Image have been saved in /shenzihe/WD-Disk/output/mit_mascot_bsz_2_loss_0.1_1_0.001/checkpoint-60/images/in_the_snow/
07/08/2024 21:14:12 - INFO - root - Image have been saved in /shenzihe/WD-Disk/output/mit_mascot_bsz_2_loss_0.1_1_0.001/checkpoint-60/images/in_the_snow/
07/08/2024 21:14:25 - INFO - root - Image have been saved in /shenzihe/WD-Disk/output/mit_mascot_bsz_2_loss_0.1_1_0.001/checkpoint-60/images/in_the_snow/
07/08/2024 21:14:38 - INFO - root - Image have been saved in /shenzihe/WD-Disk/output/mit_mascot_bsz_2_loss_0.1_1_0.001/checkpoint-60/images/in_the_snow/
07/08/2024 21:14:38 - INFO - __main__ - Running validation... 
 Generating 4 images with prompt:on the beach.
07/08/2024 21:14:52 - INFO - root - Image have been saved in /shenzihe/WD-Disk/output/mit_mascot_bsz_2_loss_0.1_1_0.001/checkpoint-60/images/on_the_beach/
07/08/2024 21:15:05 - INFO - root - Image have been saved in /shenzihe/WD-Disk/output/mit_mascot_bsz_2_loss_0.1_1_0.001/checkpoint-60/images/on_the_beach/
07/08/2024 21:15:18 - INFO - root - Image have been saved in /shenzihe/WD-Disk/output/mit_mascot_bsz_2_loss_0.1_1_0.001/checkpoint-60/images/on_the_beach/
07/08/2024 21:15:31 - INFO - root - Image have been saved in /shenzihe/WD-Disk/output/mit_mascot_bsz_2_loss_0.1_1_0.001/checkpoint-60/images/on_the_beach/
07/08/2024 21:15:31 - INFO - __main__ - Running validation... 
 Generating 4 images with prompt:on a cobblestone street.
07/08/2024 21:15:45 - INFO - root - Image have been saved in /shenzihe/WD-Disk/output/mit_mascot_bsz_2_loss_0.1_1_0.001/checkpoint-60/images/on_a_cobblestone_street/
07/08/2024 21:15:58 - INFO - root - Image have been saved in /shenzihe/WD-Disk/output/mit_mascot_bsz_2_loss_0.1_1_0.001/checkpoint-60/images/on_a_cobblestone_street/
07/08/2024 21:16:11 - INFO - root - Image have been saved in /shenzihe/WD-Disk/output/mit_mascot_bsz_2_loss_0.1_1_0.001/checkpoint-60/images/on_a_cobblestone_street/
07/08/2024 21:16:25 - INFO - root - Image have been saved in /shenzihe/WD-Disk/output/mit_mascot_bsz_2_loss_0.1_1_0.001/checkpoint-60/images/on_a_cobblestone_street/
07/08/2024 21:16:25 - INFO - __main__ - Running validation... 
 Generating 4 images with prompt:on top of pink fabric.
07/08/2024 21:16:38 - INFO - root - Image have been saved in /shenzihe/WD-Disk/output/mit_mascot_bsz_2_loss_0.1_1_0.001/checkpoint-60/images/on_top_of_pink_fabric/
07/08/2024 21:16:51 - INFO - root - Image have been saved in /shenzihe/WD-Disk/output/mit_mascot_bsz_2_loss_0.1_1_0.001/checkpoint-60/images/on_top_of_pink_fabric/
07/08/2024 21:17:05 - INFO - root - Image have been saved in /shenzihe/WD-Disk/output/mit_mascot_bsz_2_loss_0.1_1_0.001/checkpoint-60/images/on_top_of_pink_fabric/
07/08/2024 21:17:18 - INFO - root - Image have been saved in /shenzihe/WD-Disk/output/mit_mascot_bsz_2_loss_0.1_1_0.001/checkpoint-60/images/on_top_of_pink_fabric/
07/08/2024 21:17:18 - INFO - __main__ - Running validation... 
 Generating 4 images with prompt:on top of a wooden floor.
07/08/2024 21:17:31 - INFO - root - Image have been saved in /shenzihe/WD-Disk/output/mit_mascot_bsz_2_loss_0.1_1_0.001/checkpoint-60/images/on_top_of_a_wooden_floor/
07/08/2024 21:17:45 - INFO - root - Image have been saved in /shenzihe/WD-Disk/output/mit_mascot_bsz_2_loss_0.1_1_0.001/checkpoint-60/images/on_top_of_a_wooden_floor/
07/08/2024 21:17:58 - INFO - root - Image have been saved in /shenzihe/WD-Disk/output/mit_mascot_bsz_2_loss_0.1_1_0.001/checkpoint-60/images/on_top_of_a_wooden_floor/
07/08/2024 21:18:11 - INFO - root - Image have been saved in /shenzihe/WD-Disk/output/mit_mascot_bsz_2_loss_0.1_1_0.001/checkpoint-60/images/on_top_of_a_wooden_floor/
07/08/2024 21:18:11 - INFO - __main__ - Running validation... 
 Generating 4 images with prompt:with a city in the background.
07/08/2024 21:18:24 - INFO - root - Image have been saved in /shenzihe/WD-Disk/output/mit_mascot_bsz_2_loss_0.1_1_0.001/checkpoint-60/images/with_a_city_in_the_background/
07/08/2024 21:18:38 - INFO - root - Image have been saved in /shenzihe/WD-Disk/output/mit_mascot_bsz_2_loss_0.1_1_0.001/checkpoint-60/images/with_a_city_in_the_background/
07/08/2024 21:18:51 - INFO - root - Image have been saved in /shenzihe/WD-Disk/output/mit_mascot_bsz_2_loss_0.1_1_0.001/checkpoint-60/images/with_a_city_in_the_background/
07/08/2024 21:19:05 - INFO - root - Image have been saved in /shenzihe/WD-Disk/output/mit_mascot_bsz_2_loss_0.1_1_0.001/checkpoint-60/images/with_a_city_in_the_background/
07/08/2024 21:19:05 - INFO - __main__ - Running validation... 
 Generating 4 images with prompt:with a mountain in the background.
07/08/2024 21:19:18 - INFO - root - Image have been saved in /shenzihe/WD-Disk/output/mit_mascot_bsz_2_loss_0.1_1_0.001/checkpoint-60/images/with_a_mountain_in_the_background/
07/08/2024 21:19:31 - INFO - root - Image have been saved in /shenzihe/WD-Disk/output/mit_mascot_bsz_2_loss_0.1_1_0.001/checkpoint-60/images/with_a_mountain_in_the_background/
07/08/2024 21:19:45 - INFO - root - Image have been saved in /shenzihe/WD-Disk/output/mit_mascot_bsz_2_loss_0.1_1_0.001/checkpoint-60/images/with_a_mountain_in_the_background/
07/08/2024 21:19:58 - INFO - root - Image have been saved in /shenzihe/WD-Disk/output/mit_mascot_bsz_2_loss_0.1_1_0.001/checkpoint-60/images/with_a_mountain_in_the_background/
07/08/2024 21:19:58 - INFO - __main__ - Running validation... 
 Generating 4 images with prompt:with a blue house in the background.
07/08/2024 21:20:11 - INFO - root - Image have been saved in /shenzihe/WD-Disk/output/mit_mascot_bsz_2_loss_0.1_1_0.001/checkpoint-60/images/with_a_blue_house_in_the_background/
07/08/2024 21:20:25 - INFO - root - Image have been saved in /shenzihe/WD-Disk/output/mit_mascot_bsz_2_loss_0.1_1_0.001/checkpoint-60/images/with_a_blue_house_in_the_background/
07/08/2024 21:20:38 - INFO - root - Image have been saved in /shenzihe/WD-Disk/output/mit_mascot_bsz_2_loss_0.1_1_0.001/checkpoint-60/images/with_a_blue_house_in_the_background/
07/08/2024 21:20:51 - INFO - root - Image have been saved in /shenzihe/WD-Disk/output/mit_mascot_bsz_2_loss_0.1_1_0.001/checkpoint-60/images/with_a_blue_house_in_the_background/
07/08/2024 21:20:51 - INFO - __main__ - Running validation... 
 Generating 4 images with prompt:on top of a purple rug in a forest.
07/08/2024 21:21:05 - INFO - root - Image have been saved in /shenzihe/WD-Disk/output/mit_mascot_bsz_2_loss_0.1_1_0.001/checkpoint-60/images/on_top_of_a_purple_rug_in_a_forest/
07/08/2024 21:21:18 - INFO - root - Image have been saved in /shenzihe/WD-Disk/output/mit_mascot_bsz_2_loss_0.1_1_0.001/checkpoint-60/images/on_top_of_a_purple_rug_in_a_forest/
07/08/2024 21:21:31 - INFO - root - Image have been saved in /shenzihe/WD-Disk/output/mit_mascot_bsz_2_loss_0.1_1_0.001/checkpoint-60/images/on_top_of_a_purple_rug_in_a_forest/
07/08/2024 21:21:44 - INFO - root - Image have been saved in /shenzihe/WD-Disk/output/mit_mascot_bsz_2_loss_0.1_1_0.001/checkpoint-60/images/on_top_of_a_purple_rug_in_a_forest/
07/08/2024 21:21:44 - INFO - __main__ - Running validation... 
 Generating 4 images with prompt:with a wheat field in the background.
07/08/2024 21:21:58 - INFO - root - Image have been saved in /shenzihe/WD-Disk/output/mit_mascot_bsz_2_loss_0.1_1_0.001/checkpoint-60/images/with_a_wheat_field_in_the_background/
07/08/2024 21:22:11 - INFO - root - Image have been saved in /shenzihe/WD-Disk/output/mit_mascot_bsz_2_loss_0.1_1_0.001/checkpoint-60/images/with_a_wheat_field_in_the_background/
07/08/2024 21:22:24 - INFO - root - Image have been saved in /shenzihe/WD-Disk/output/mit_mascot_bsz_2_loss_0.1_1_0.001/checkpoint-60/images/with_a_wheat_field_in_the_background/
07/08/2024 21:22:38 - INFO - root - Image have been saved in /shenzihe/WD-Disk/output/mit_mascot_bsz_2_loss_0.1_1_0.001/checkpoint-60/images/with_a_wheat_field_in_the_background/
07/08/2024 21:22:38 - INFO - __main__ - Running validation... 
 Generating 4 images with prompt:with a tree and autumn leaves in the background.
07/08/2024 21:22:51 - INFO - root - Image have been saved in /shenzihe/WD-Disk/output/mit_mascot_bsz_2_loss_0.1_1_0.001/checkpoint-60/images/with_a_tree_and_autumn_leaves_in_the_background/
07/08/2024 21:23:04 - INFO - root - Image have been saved in /shenzihe/WD-Disk/output/mit_mascot_bsz_2_loss_0.1_1_0.001/checkpoint-60/images/with_a_tree_and_autumn_leaves_in_the_background/
07/08/2024 21:23:18 - INFO - root - Image have been saved in /shenzihe/WD-Disk/output/mit_mascot_bsz_2_loss_0.1_1_0.001/checkpoint-60/images/with_a_tree_and_autumn_leaves_in_the_background/
07/08/2024 21:23:31 - INFO - root - Image have been saved in /shenzihe/WD-Disk/output/mit_mascot_bsz_2_loss_0.1_1_0.001/checkpoint-60/images/with_a_tree_and_autumn_leaves_in_the_background/
07/08/2024 21:23:31 - INFO - __main__ - Running validation... 
 Generating 4 images with prompt:with the Eiffel Tower in the background.
07/08/2024 21:23:44 - INFO - root - Image have been saved in /shenzihe/WD-Disk/output/mit_mascot_bsz_2_loss_0.1_1_0.001/checkpoint-60/images/with_the_Eiffel_Tower_in_the_background/
07/08/2024 21:23:57 - INFO - root - Image have been saved in /shenzihe/WD-Disk/output/mit_mascot_bsz_2_loss_0.1_1_0.001/checkpoint-60/images/with_the_Eiffel_Tower_in_the_background/
07/08/2024 21:24:11 - INFO - root - Image have been saved in /shenzihe/WD-Disk/output/mit_mascot_bsz_2_loss_0.1_1_0.001/checkpoint-60/images/with_the_Eiffel_Tower_in_the_background/
07/08/2024 21:24:24 - INFO - root - Image have been saved in /shenzihe/WD-Disk/output/mit_mascot_bsz_2_loss_0.1_1_0.001/checkpoint-60/images/with_the_Eiffel_Tower_in_the_background/
07/08/2024 21:24:24 - INFO - __main__ - Running validation... 
 Generating 4 images with prompt:floating on top of water.
07/08/2024 21:24:37 - INFO - root - Image have been saved in /shenzihe/WD-Disk/output/mit_mascot_bsz_2_loss_0.1_1_0.001/checkpoint-60/images/floating_on_top_of_water/
07/08/2024 21:24:50 - INFO - root - Image have been saved in /shenzihe/WD-Disk/output/mit_mascot_bsz_2_loss_0.1_1_0.001/checkpoint-60/images/floating_on_top_of_water/
07/08/2024 21:25:04 - INFO - root - Image have been saved in /shenzihe/WD-Disk/output/mit_mascot_bsz_2_loss_0.1_1_0.001/checkpoint-60/images/floating_on_top_of_water/
07/08/2024 21:25:17 - INFO - root - Image have been saved in /shenzihe/WD-Disk/output/mit_mascot_bsz_2_loss_0.1_1_0.001/checkpoint-60/images/floating_on_top_of_water/
07/08/2024 21:25:17 - INFO - __main__ - Running validation... 
 Generating 4 images with prompt:floating in an ocean of milk.
07/08/2024 21:25:30 - INFO - root - Image have been saved in /shenzihe/WD-Disk/output/mit_mascot_bsz_2_loss_0.1_1_0.001/checkpoint-60/images/floating_in_an_ocean_of_milk/
07/08/2024 21:25:44 - INFO - root - Image have been saved in /shenzihe/WD-Disk/output/mit_mascot_bsz_2_loss_0.1_1_0.001/checkpoint-60/images/floating_in_an_ocean_of_milk/
07/08/2024 21:25:57 - INFO - root - Image have been saved in /shenzihe/WD-Disk/output/mit_mascot_bsz_2_loss_0.1_1_0.001/checkpoint-60/images/floating_in_an_ocean_of_milk/
07/08/2024 21:26:10 - INFO - root - Image have been saved in /shenzihe/WD-Disk/output/mit_mascot_bsz_2_loss_0.1_1_0.001/checkpoint-60/images/floating_in_an_ocean_of_milk/
07/08/2024 21:26:10 - INFO - __main__ - Running validation... 
 Generating 4 images with prompt:on top of green grass with sunflowers around it.
07/08/2024 21:26:24 - INFO - root - Image have been saved in /shenzihe/WD-Disk/output/mit_mascot_bsz_2_loss_0.1_1_0.001/checkpoint-60/images/on_top_of_green_grass_with_sunflowers_around_it/
07/08/2024 21:26:37 - INFO - root - Image have been saved in /shenzihe/WD-Disk/output/mit_mascot_bsz_2_loss_0.1_1_0.001/checkpoint-60/images/on_top_of_green_grass_with_sunflowers_around_it/
07/08/2024 21:26:50 - INFO - root - Image have been saved in /shenzihe/WD-Disk/output/mit_mascot_bsz_2_loss_0.1_1_0.001/checkpoint-60/images/on_top_of_green_grass_with_sunflowers_around_it/
07/08/2024 21:27:03 - INFO - root - Image have been saved in /shenzihe/WD-Disk/output/mit_mascot_bsz_2_loss_0.1_1_0.001/checkpoint-60/images/on_top_of_green_grass_with_sunflowers_around_it/
07/08/2024 21:27:03 - INFO - __main__ - Running validation... 
 Generating 4 images with prompt:on top of a mirror.
07/08/2024 21:27:17 - INFO - root - Image have been saved in /shenzihe/WD-Disk/output/mit_mascot_bsz_2_loss_0.1_1_0.001/checkpoint-60/images/on_top_of_a_mirror/
07/08/2024 21:27:30 - INFO - root - Image have been saved in /shenzihe/WD-Disk/output/mit_mascot_bsz_2_loss_0.1_1_0.001/checkpoint-60/images/on_top_of_a_mirror/
07/08/2024 21:27:43 - INFO - root - Image have been saved in /shenzihe/WD-Disk/output/mit_mascot_bsz_2_loss_0.1_1_0.001/checkpoint-60/images/on_top_of_a_mirror/
07/08/2024 21:27:57 - INFO - root - Image have been saved in /shenzihe/WD-Disk/output/mit_mascot_bsz_2_loss_0.1_1_0.001/checkpoint-60/images/on_top_of_a_mirror/
07/08/2024 21:27:57 - INFO - __main__ - Running validation... 
 Generating 4 images with prompt:on top of the sidewalk in a crowded street.
07/08/2024 21:28:10 - INFO - root - Image have been saved in /shenzihe/WD-Disk/output/mit_mascot_bsz_2_loss_0.1_1_0.001/checkpoint-60/images/on_top_of_the_sidewalk_in_a_crowded_street/
07/08/2024 21:28:23 - INFO - root - Image have been saved in /shenzihe/WD-Disk/output/mit_mascot_bsz_2_loss_0.1_1_0.001/checkpoint-60/images/on_top_of_the_sidewalk_in_a_crowded_street/
07/08/2024 21:28:36 - INFO - root - Image have been saved in /shenzihe/WD-Disk/output/mit_mascot_bsz_2_loss_0.1_1_0.001/checkpoint-60/images/on_top_of_the_sidewalk_in_a_crowded_street/
07/08/2024 21:28:50 - INFO - root - Image have been saved in /shenzihe/WD-Disk/output/mit_mascot_bsz_2_loss_0.1_1_0.001/checkpoint-60/images/on_top_of_the_sidewalk_in_a_crowded_street/
07/08/2024 21:28:50 - INFO - __main__ - Running validation... 
 Generating 4 images with prompt:on top of a dirt road.
07/08/2024 21:29:03 - INFO - root - Image have been saved in /shenzihe/WD-Disk/output/mit_mascot_bsz_2_loss_0.1_1_0.001/checkpoint-60/images/on_top_of_a_dirt_road/
07/08/2024 21:29:16 - INFO - root - Image have been saved in /shenzihe/WD-Disk/output/mit_mascot_bsz_2_loss_0.1_1_0.001/checkpoint-60/images/on_top_of_a_dirt_road/
07/08/2024 21:29:29 - INFO - root - Image have been saved in /shenzihe/WD-Disk/output/mit_mascot_bsz_2_loss_0.1_1_0.001/checkpoint-60/images/on_top_of_a_dirt_road/
07/08/2024 21:29:43 - INFO - root - Image have been saved in /shenzihe/WD-Disk/output/mit_mascot_bsz_2_loss_0.1_1_0.001/checkpoint-60/images/on_top_of_a_dirt_road/
07/08/2024 21:29:43 - INFO - __main__ - Running validation... 
 Generating 4 images with prompt:on top of a white rug.
07/08/2024 21:29:56 - INFO - root - Image have been saved in /shenzihe/WD-Disk/output/mit_mascot_bsz_2_loss_0.1_1_0.001/checkpoint-60/images/on_top_of_a_white_rug/
07/08/2024 21:30:09 - INFO - root - Image have been saved in /shenzihe/WD-Disk/output/mit_mascot_bsz_2_loss_0.1_1_0.001/checkpoint-60/images/on_top_of_a_white_rug/
07/08/2024 21:30:23 - INFO - root - Image have been saved in /shenzihe/WD-Disk/output/mit_mascot_bsz_2_loss_0.1_1_0.001/checkpoint-60/images/on_top_of_a_white_rug/
07/08/2024 21:30:36 - INFO - root - Image have been saved in /shenzihe/WD-Disk/output/mit_mascot_bsz_2_loss_0.1_1_0.001/checkpoint-60/images/on_top_of_a_white_rug/
07/08/2024 21:30:36 - INFO - __main__ - Running validation... 
 Generating 4 images with prompt:red.
07/08/2024 21:30:49 - INFO - root - Image have been saved in /shenzihe/WD-Disk/output/mit_mascot_bsz_2_loss_0.1_1_0.001/checkpoint-60/images/red/
07/08/2024 21:31:02 - INFO - root - Image have been saved in /shenzihe/WD-Disk/output/mit_mascot_bsz_2_loss_0.1_1_0.001/checkpoint-60/images/red/
07/08/2024 21:31:16 - INFO - root - Image have been saved in /shenzihe/WD-Disk/output/mit_mascot_bsz_2_loss_0.1_1_0.001/checkpoint-60/images/red/
07/08/2024 21:31:29 - INFO - root - Image have been saved in /shenzihe/WD-Disk/output/mit_mascot_bsz_2_loss_0.1_1_0.001/checkpoint-60/images/red/
07/08/2024 21:31:29 - INFO - __main__ - Running validation... 
 Generating 4 images with prompt:purple.
07/08/2024 21:31:42 - INFO - root - Image have been saved in /shenzihe/WD-Disk/output/mit_mascot_bsz_2_loss_0.1_1_0.001/checkpoint-60/images/purple/
07/08/2024 21:31:56 - INFO - root - Image have been saved in /shenzihe/WD-Disk/output/mit_mascot_bsz_2_loss_0.1_1_0.001/checkpoint-60/images/purple/
07/08/2024 21:32:09 - INFO - root - Image have been saved in /shenzihe/WD-Disk/output/mit_mascot_bsz_2_loss_0.1_1_0.001/checkpoint-60/images/purple/
07/08/2024 21:32:22 - INFO - root - Image have been saved in /shenzihe/WD-Disk/output/mit_mascot_bsz_2_loss_0.1_1_0.001/checkpoint-60/images/purple/
07/08/2024 21:32:22 - INFO - __main__ - Running validation... 
 Generating 4 images with prompt:shiny.
07/08/2024 21:32:35 - INFO - root - Image have been saved in /shenzihe/WD-Disk/output/mit_mascot_bsz_2_loss_0.1_1_0.001/checkpoint-60/images/shiny/
07/08/2024 21:32:49 - INFO - root - Image have been saved in /shenzihe/WD-Disk/output/mit_mascot_bsz_2_loss_0.1_1_0.001/checkpoint-60/images/shiny/
07/08/2024 21:33:02 - INFO - root - Image have been saved in /shenzihe/WD-Disk/output/mit_mascot_bsz_2_loss_0.1_1_0.001/checkpoint-60/images/shiny/
07/08/2024 21:33:15 - INFO - root - Image have been saved in /shenzihe/WD-Disk/output/mit_mascot_bsz_2_loss_0.1_1_0.001/checkpoint-60/images/shiny/
07/08/2024 21:33:15 - INFO - __main__ - Running validation... 
 Generating 4 images with prompt:wet.
07/08/2024 21:33:29 - INFO - root - Image have been saved in /shenzihe/WD-Disk/output/mit_mascot_bsz_2_loss_0.1_1_0.001/checkpoint-60/images/wet/
07/08/2024 21:33:42 - INFO - root - Image have been saved in /shenzihe/WD-Disk/output/mit_mascot_bsz_2_loss_0.1_1_0.001/checkpoint-60/images/wet/
07/08/2024 21:33:55 - INFO - root - Image have been saved in /shenzihe/WD-Disk/output/mit_mascot_bsz_2_loss_0.1_1_0.001/checkpoint-60/images/wet/
07/08/2024 21:34:09 - INFO - root - Image have been saved in /shenzihe/WD-Disk/output/mit_mascot_bsz_2_loss_0.1_1_0.001/checkpoint-60/images/wet/
07/08/2024 21:34:09 - INFO - __main__ - Running validation... 
 Generating 4 images with prompt:cube shaped.
07/08/2024 21:34:22 - INFO - root - Image have been saved in /shenzihe/WD-Disk/output/mit_mascot_bsz_2_loss_0.1_1_0.001/checkpoint-60/images/cube_shaped/
07/08/2024 21:34:35 - INFO - root - Image have been saved in /shenzihe/WD-Disk/output/mit_mascot_bsz_2_loss_0.1_1_0.001/checkpoint-60/images/cube_shaped/
07/08/2024 21:34:48 - INFO - root - Image have been saved in /shenzihe/WD-Disk/output/mit_mascot_bsz_2_loss_0.1_1_0.001/checkpoint-60/images/cube_shaped/
07/08/2024 21:35:02 - INFO - root - Image have been saved in /shenzihe/WD-Disk/output/mit_mascot_bsz_2_loss_0.1_1_0.001/checkpoint-60/images/cube_shaped/
