07/09/2024 07:56:02 - INFO - __main__ - Distributed environment: NO
Num processes: 1
Process index: 0
Local process index: 0
Device: cuda

Mixed precision type: no

07/09/2024 07:56:02 - WARNING - py.warnings - /shenzihe/venv/lib/python3.10/site-packages/huggingface_hub/file_download.py:1132: FutureWarning: `resume_download` is deprecated and will be removed in version 1.0.0. Downloads always resume when possible. If you want to force a new download, use `force_download=True`.
  warnings.warn(

07/09/2024 07:56:03 - INFO - root - freeze vision encoder
07/09/2024 07:56:07 - INFO - root - Loaded ViT-H-14 model config.
07/09/2024 07:56:12 - INFO - root - Loading pretrained ViT-H-14 weights (laion2b_s32b_b79k).
07/09/2024 07:56:14 - WARNING - py.warnings - /shenzihe/venv/lib/python3.10/site-packages/diffusers/configuration_utils.py:215: FutureWarning: It is deprecated to pass a pretrained model name or path to `from_config`.If you were trying to load a scheduler, please use <class 'diffusers.schedulers.scheduling_ddpm.DDPMScheduler'>.from_pretrained(...) instead. Otherwise, please make sure to pass a configuration dictionary instead. This functionality will be removed in v1.0.0.
  deprecate("config-passed-as-path", "1.0.0", deprecation_message, standard_warn=False)

07/09/2024 07:56:14 - INFO - root - Loading pretrained model from /root/.cache/torch/hub/checkpoints/blip-diffusion
07/09/2024 07:56:14 - INFO - root - Loading pretrained BLIP2 Qformer weights.
07/09/2024 07:56:15 - INFO - root - Loading pretrained projection lyer weights.
07/09/2024 07:56:15 - INFO - root - Loading pretrained text encoder weights.
07/09/2024 07:56:16 - INFO - root - Loading pretrained vae weights.
07/09/2024 07:56:16 - INFO - root - Loading pretrained unet weights.
07/09/2024 07:56:20 - INFO - root - Using xformers.
07/09/2024 07:56:20 - INFO - root - Building datasets...
07/09/2024 07:56:20 - INFO - __main__ - 
***** Running training *****
07/09/2024 07:56:20 - INFO - __main__ -   Num examples = 4
07/09/2024 07:56:20 - INFO - __main__ -   Num batches each epoch = 2
07/09/2024 07:56:20 - INFO - __main__ -   Num Epochs = 30
07/09/2024 07:56:20 - INFO - __main__ -   Instantaneous batch size per device = 2
07/09/2024 07:56:20 - INFO - __main__ -   Total train batch size (w. parallel, distributed & accumulation) = 2
07/09/2024 07:56:20 - INFO - __main__ -   Gradient Accumulation steps = 1
07/09/2024 07:56:20 - INFO - __main__ -   Total optimization steps = 60
07/09/2024 07:56:21 - WARNING - py.warnings - /shenzihe/venv/lib/python3.10/site-packages/torch/backends/cuda/__init__.py:342: FutureWarning: torch.backends.cuda.sdp_kernel() is deprecated. In the future, this context manager will be removed. Please see, torch.nn.attention.sdpa_kernel() for the new context manager, with updated signature.
  warnings.warn(

07/09/2024 07:56:23 - INFO - root - {'loss': 0.32579001784324646, 'lr': 0.0001}
07/09/2024 07:56:25 - INFO - root - {'loss': 0.0877971425652504, 'lr': 0.0001}
07/09/2024 07:56:28 - INFO - root - {'loss': 0.4797561764717102, 'lr': 0.0001}
07/09/2024 07:56:30 - INFO - root - {'loss': 0.020717542618513107, 'lr': 0.0001}
07/09/2024 07:56:32 - INFO - root - {'loss': 0.15563568472862244, 'lr': 0.0001}
07/09/2024 07:56:34 - INFO - root - {'loss': 0.29257774353027344, 'lr': 0.0001}
07/09/2024 07:56:36 - INFO - root - {'loss': 0.019787363708019257, 'lr': 0.0001}
07/09/2024 07:56:38 - INFO - root - {'loss': 0.1514943540096283, 'lr': 0.0001}
07/09/2024 07:56:40 - INFO - root - {'loss': 0.2745729684829712, 'lr': 0.0001}
07/09/2024 07:56:42 - INFO - root - {'loss': 0.10614335536956787, 'lr': 0.0001}
07/09/2024 07:56:44 - INFO - root - {'loss': 0.04490998387336731, 'lr': 0.0001}
07/09/2024 07:56:46 - INFO - root - {'loss': 0.01087723858654499, 'lr': 0.0001}
07/09/2024 07:56:49 - INFO - root - {'loss': 0.24645546078681946, 'lr': 0.0001}
07/09/2024 07:56:51 - INFO - root - {'loss': 0.041804239153862, 'lr': 0.0001}
07/09/2024 07:56:53 - INFO - root - {'loss': 0.03361634537577629, 'lr': 0.0001}
07/09/2024 07:56:55 - INFO - root - {'loss': 0.08740782737731934, 'lr': 0.0001}
07/09/2024 07:56:57 - INFO - root - {'loss': 0.21322819590568542, 'lr': 0.0001}
07/09/2024 07:56:59 - INFO - root - {'loss': 0.07166698575019836, 'lr': 0.0001}
07/09/2024 07:57:01 - INFO - root - {'loss': 0.05439632758498192, 'lr': 0.0001}
07/09/2024 07:57:03 - INFO - root - {'loss': 0.16326560080051422, 'lr': 0.0001}
07/09/2024 07:57:03 - INFO - __main__ - Running validation... 
 Generating 4 images with prompt:in the jungle.
07/09/2024 07:57:04 - WARNING - py.warnings - /shenzihe/multi_BlipDisenBooth/multi_BD.py:646: FutureWarning: Accessing config attribute `in_channels` directly via 'UNet2DConditionModel' object attribute is deprecated. Please access 'in_channels' over 'UNet2DConditionModel's config object instead, e.g. 'unet.config.in_channels'.
  (1, self.unet.in_channels, height // 8, width // 8),

07/09/2024 07:57:04 - WARNING - py.warnings - /shenzihe/multi_BlipDisenBooth/multi_BD.py:652: FutureWarning: Accessing config attribute `in_channels` directly via 'UNet2DConditionModel' object attribute is deprecated. Please access 'in_channels' over 'UNet2DConditionModel's config object instead, e.g. 'unet.config.in_channels'.
  self.unet.in_channels,

07/09/2024 07:57:17 - INFO - root - Image have been saved in /shenzihe/WD-Disk/output/mit_mascot_bsz_2_loss_0_1_0/checkpoint-20/images/in_the_jungle/
07/09/2024 07:57:30 - INFO - root - Image have been saved in /shenzihe/WD-Disk/output/mit_mascot_bsz_2_loss_0_1_0/checkpoint-20/images/in_the_jungle/
07/09/2024 07:57:43 - INFO - root - Image have been saved in /shenzihe/WD-Disk/output/mit_mascot_bsz_2_loss_0_1_0/checkpoint-20/images/in_the_jungle/
07/09/2024 07:57:56 - INFO - root - Image have been saved in /shenzihe/WD-Disk/output/mit_mascot_bsz_2_loss_0_1_0/checkpoint-20/images/in_the_jungle/
07/09/2024 07:57:56 - INFO - __main__ - Running validation... 
 Generating 4 images with prompt:in the snow.
07/09/2024 07:58:10 - INFO - root - Image have been saved in /shenzihe/WD-Disk/output/mit_mascot_bsz_2_loss_0_1_0/checkpoint-20/images/in_the_snow/
07/09/2024 07:58:23 - INFO - root - Image have been saved in /shenzihe/WD-Disk/output/mit_mascot_bsz_2_loss_0_1_0/checkpoint-20/images/in_the_snow/
07/09/2024 07:58:36 - INFO - root - Image have been saved in /shenzihe/WD-Disk/output/mit_mascot_bsz_2_loss_0_1_0/checkpoint-20/images/in_the_snow/
07/09/2024 07:58:50 - INFO - root - Image have been saved in /shenzihe/WD-Disk/output/mit_mascot_bsz_2_loss_0_1_0/checkpoint-20/images/in_the_snow/
07/09/2024 07:58:50 - INFO - __main__ - Running validation... 
 Generating 4 images with prompt:on the beach.
07/09/2024 07:59:03 - INFO - root - Image have been saved in /shenzihe/WD-Disk/output/mit_mascot_bsz_2_loss_0_1_0/checkpoint-20/images/on_the_beach/
07/09/2024 07:59:16 - INFO - root - Image have been saved in /shenzihe/WD-Disk/output/mit_mascot_bsz_2_loss_0_1_0/checkpoint-20/images/on_the_beach/
07/09/2024 07:59:30 - INFO - root - Image have been saved in /shenzihe/WD-Disk/output/mit_mascot_bsz_2_loss_0_1_0/checkpoint-20/images/on_the_beach/
07/09/2024 07:59:43 - INFO - root - Image have been saved in /shenzihe/WD-Disk/output/mit_mascot_bsz_2_loss_0_1_0/checkpoint-20/images/on_the_beach/
07/09/2024 07:59:43 - INFO - __main__ - Running validation... 
 Generating 4 images with prompt:on a cobblestone street.
07/09/2024 07:59:56 - INFO - root - Image have been saved in /shenzihe/WD-Disk/output/mit_mascot_bsz_2_loss_0_1_0/checkpoint-20/images/on_a_cobblestone_street/
07/09/2024 08:00:09 - INFO - root - Image have been saved in /shenzihe/WD-Disk/output/mit_mascot_bsz_2_loss_0_1_0/checkpoint-20/images/on_a_cobblestone_street/
07/09/2024 08:00:23 - INFO - root - Image have been saved in /shenzihe/WD-Disk/output/mit_mascot_bsz_2_loss_0_1_0/checkpoint-20/images/on_a_cobblestone_street/
07/09/2024 08:00:36 - INFO - root - Image have been saved in /shenzihe/WD-Disk/output/mit_mascot_bsz_2_loss_0_1_0/checkpoint-20/images/on_a_cobblestone_street/
07/09/2024 08:00:36 - INFO - __main__ - Running validation... 
 Generating 4 images with prompt:on top of pink fabric.
07/09/2024 08:00:49 - INFO - root - Image have been saved in /shenzihe/WD-Disk/output/mit_mascot_bsz_2_loss_0_1_0/checkpoint-20/images/on_top_of_pink_fabric/
07/09/2024 08:01:03 - INFO - root - Image have been saved in /shenzihe/WD-Disk/output/mit_mascot_bsz_2_loss_0_1_0/checkpoint-20/images/on_top_of_pink_fabric/
07/09/2024 08:01:16 - INFO - root - Image have been saved in /shenzihe/WD-Disk/output/mit_mascot_bsz_2_loss_0_1_0/checkpoint-20/images/on_top_of_pink_fabric/
07/09/2024 08:01:29 - INFO - root - Image have been saved in /shenzihe/WD-Disk/output/mit_mascot_bsz_2_loss_0_1_0/checkpoint-20/images/on_top_of_pink_fabric/
07/09/2024 08:01:29 - INFO - __main__ - Running validation... 
 Generating 4 images with prompt:on top of a wooden floor.
07/09/2024 08:01:43 - INFO - root - Image have been saved in /shenzihe/WD-Disk/output/mit_mascot_bsz_2_loss_0_1_0/checkpoint-20/images/on_top_of_a_wooden_floor/
07/09/2024 08:01:56 - INFO - root - Image have been saved in /shenzihe/WD-Disk/output/mit_mascot_bsz_2_loss_0_1_0/checkpoint-20/images/on_top_of_a_wooden_floor/
07/09/2024 08:02:09 - INFO - root - Image have been saved in /shenzihe/WD-Disk/output/mit_mascot_bsz_2_loss_0_1_0/checkpoint-20/images/on_top_of_a_wooden_floor/
07/09/2024 08:02:23 - INFO - root - Image have been saved in /shenzihe/WD-Disk/output/mit_mascot_bsz_2_loss_0_1_0/checkpoint-20/images/on_top_of_a_wooden_floor/
07/09/2024 08:02:23 - INFO - __main__ - Running validation... 
 Generating 4 images with prompt:with a city in the background.
07/09/2024 08:02:36 - INFO - root - Image have been saved in /shenzihe/WD-Disk/output/mit_mascot_bsz_2_loss_0_1_0/checkpoint-20/images/with_a_city_in_the_background/
07/09/2024 08:02:49 - INFO - root - Image have been saved in /shenzihe/WD-Disk/output/mit_mascot_bsz_2_loss_0_1_0/checkpoint-20/images/with_a_city_in_the_background/
07/09/2024 08:03:03 - INFO - root - Image have been saved in /shenzihe/WD-Disk/output/mit_mascot_bsz_2_loss_0_1_0/checkpoint-20/images/with_a_city_in_the_background/
07/09/2024 08:03:16 - INFO - root - Image have been saved in /shenzihe/WD-Disk/output/mit_mascot_bsz_2_loss_0_1_0/checkpoint-20/images/with_a_city_in_the_background/
07/09/2024 08:03:16 - INFO - __main__ - Running validation... 
 Generating 4 images with prompt:with a mountain in the background.
07/09/2024 08:03:29 - INFO - root - Image have been saved in /shenzihe/WD-Disk/output/mit_mascot_bsz_2_loss_0_1_0/checkpoint-20/images/with_a_mountain_in_the_background/
07/09/2024 08:03:42 - INFO - root - Image have been saved in /shenzihe/WD-Disk/output/mit_mascot_bsz_2_loss_0_1_0/checkpoint-20/images/with_a_mountain_in_the_background/
07/09/2024 08:03:56 - INFO - root - Image have been saved in /shenzihe/WD-Disk/output/mit_mascot_bsz_2_loss_0_1_0/checkpoint-20/images/with_a_mountain_in_the_background/
07/09/2024 08:04:09 - INFO - root - Image have been saved in /shenzihe/WD-Disk/output/mit_mascot_bsz_2_loss_0_1_0/checkpoint-20/images/with_a_mountain_in_the_background/
07/09/2024 08:04:09 - INFO - __main__ - Running validation... 
 Generating 4 images with prompt:with a blue house in the background.
07/09/2024 08:04:22 - INFO - root - Image have been saved in /shenzihe/WD-Disk/output/mit_mascot_bsz_2_loss_0_1_0/checkpoint-20/images/with_a_blue_house_in_the_background/
07/09/2024 08:04:36 - INFO - root - Image have been saved in /shenzihe/WD-Disk/output/mit_mascot_bsz_2_loss_0_1_0/checkpoint-20/images/with_a_blue_house_in_the_background/
07/09/2024 08:04:49 - INFO - root - Image have been saved in /shenzihe/WD-Disk/output/mit_mascot_bsz_2_loss_0_1_0/checkpoint-20/images/with_a_blue_house_in_the_background/
07/09/2024 08:05:02 - INFO - root - Image have been saved in /shenzihe/WD-Disk/output/mit_mascot_bsz_2_loss_0_1_0/checkpoint-20/images/with_a_blue_house_in_the_background/
07/09/2024 08:05:02 - INFO - __main__ - Running validation... 
 Generating 4 images with prompt:on top of a purple rug in a forest.
07/09/2024 08:05:16 - INFO - root - Image have been saved in /shenzihe/WD-Disk/output/mit_mascot_bsz_2_loss_0_1_0/checkpoint-20/images/on_top_of_a_purple_rug_in_a_forest/
07/09/2024 08:05:29 - INFO - root - Image have been saved in /shenzihe/WD-Disk/output/mit_mascot_bsz_2_loss_0_1_0/checkpoint-20/images/on_top_of_a_purple_rug_in_a_forest/
07/09/2024 08:05:42 - INFO - root - Image have been saved in /shenzihe/WD-Disk/output/mit_mascot_bsz_2_loss_0_1_0/checkpoint-20/images/on_top_of_a_purple_rug_in_a_forest/
07/09/2024 08:05:56 - INFO - root - Image have been saved in /shenzihe/WD-Disk/output/mit_mascot_bsz_2_loss_0_1_0/checkpoint-20/images/on_top_of_a_purple_rug_in_a_forest/
07/09/2024 08:05:56 - INFO - __main__ - Running validation... 
 Generating 4 images with prompt:with a wheat field in the background.
07/09/2024 08:06:09 - INFO - root - Image have been saved in /shenzihe/WD-Disk/output/mit_mascot_bsz_2_loss_0_1_0/checkpoint-20/images/with_a_wheat_field_in_the_background/
07/09/2024 08:06:22 - INFO - root - Image have been saved in /shenzihe/WD-Disk/output/mit_mascot_bsz_2_loss_0_1_0/checkpoint-20/images/with_a_wheat_field_in_the_background/
07/09/2024 08:06:36 - INFO - root - Image have been saved in /shenzihe/WD-Disk/output/mit_mascot_bsz_2_loss_0_1_0/checkpoint-20/images/with_a_wheat_field_in_the_background/
07/09/2024 08:06:49 - INFO - root - Image have been saved in /shenzihe/WD-Disk/output/mit_mascot_bsz_2_loss_0_1_0/checkpoint-20/images/with_a_wheat_field_in_the_background/
07/09/2024 08:06:49 - INFO - __main__ - Running validation... 
 Generating 4 images with prompt:with a tree and autumn leaves in the background.
07/09/2024 08:07:02 - INFO - root - Image have been saved in /shenzihe/WD-Disk/output/mit_mascot_bsz_2_loss_0_1_0/checkpoint-20/images/with_a_tree_and_autumn_leaves_in_the_background/
07/09/2024 08:07:15 - INFO - root - Image have been saved in /shenzihe/WD-Disk/output/mit_mascot_bsz_2_loss_0_1_0/checkpoint-20/images/with_a_tree_and_autumn_leaves_in_the_background/
07/09/2024 08:07:29 - INFO - root - Image have been saved in /shenzihe/WD-Disk/output/mit_mascot_bsz_2_loss_0_1_0/checkpoint-20/images/with_a_tree_and_autumn_leaves_in_the_background/
07/09/2024 08:07:42 - INFO - root - Image have been saved in /shenzihe/WD-Disk/output/mit_mascot_bsz_2_loss_0_1_0/checkpoint-20/images/with_a_tree_and_autumn_leaves_in_the_background/
07/09/2024 08:07:42 - INFO - __main__ - Running validation... 
 Generating 4 images with prompt:with the Eiffel Tower in the background.
07/09/2024 08:07:55 - INFO - root - Image have been saved in /shenzihe/WD-Disk/output/mit_mascot_bsz_2_loss_0_1_0/checkpoint-20/images/with_the_Eiffel_Tower_in_the_background/
07/09/2024 08:08:09 - INFO - root - Image have been saved in /shenzihe/WD-Disk/output/mit_mascot_bsz_2_loss_0_1_0/checkpoint-20/images/with_the_Eiffel_Tower_in_the_background/
07/09/2024 08:08:22 - INFO - root - Image have been saved in /shenzihe/WD-Disk/output/mit_mascot_bsz_2_loss_0_1_0/checkpoint-20/images/with_the_Eiffel_Tower_in_the_background/
07/09/2024 08:08:35 - INFO - root - Image have been saved in /shenzihe/WD-Disk/output/mit_mascot_bsz_2_loss_0_1_0/checkpoint-20/images/with_the_Eiffel_Tower_in_the_background/
07/09/2024 08:08:35 - INFO - __main__ - Running validation... 
 Generating 4 images with prompt:floating on top of water.
07/09/2024 08:08:49 - INFO - root - Image have been saved in /shenzihe/WD-Disk/output/mit_mascot_bsz_2_loss_0_1_0/checkpoint-20/images/floating_on_top_of_water/
07/09/2024 08:09:02 - INFO - root - Image have been saved in /shenzihe/WD-Disk/output/mit_mascot_bsz_2_loss_0_1_0/checkpoint-20/images/floating_on_top_of_water/
07/09/2024 08:09:16 - INFO - root - Image have been saved in /shenzihe/WD-Disk/output/mit_mascot_bsz_2_loss_0_1_0/checkpoint-20/images/floating_on_top_of_water/
07/09/2024 08:09:29 - INFO - root - Image have been saved in /shenzihe/WD-Disk/output/mit_mascot_bsz_2_loss_0_1_0/checkpoint-20/images/floating_on_top_of_water/
07/09/2024 08:09:29 - INFO - __main__ - Running validation... 
 Generating 4 images with prompt:floating in an ocean of milk.
07/09/2024 08:09:42 - INFO - root - Image have been saved in /shenzihe/WD-Disk/output/mit_mascot_bsz_2_loss_0_1_0/checkpoint-20/images/floating_in_an_ocean_of_milk/
07/09/2024 08:09:55 - INFO - root - Image have been saved in /shenzihe/WD-Disk/output/mit_mascot_bsz_2_loss_0_1_0/checkpoint-20/images/floating_in_an_ocean_of_milk/
07/09/2024 08:10:09 - INFO - root - Image have been saved in /shenzihe/WD-Disk/output/mit_mascot_bsz_2_loss_0_1_0/checkpoint-20/images/floating_in_an_ocean_of_milk/
07/09/2024 08:10:22 - INFO - root - Image have been saved in /shenzihe/WD-Disk/output/mit_mascot_bsz_2_loss_0_1_0/checkpoint-20/images/floating_in_an_ocean_of_milk/
07/09/2024 08:10:22 - INFO - __main__ - Running validation... 
 Generating 4 images with prompt:on top of green grass with sunflowers around it.
07/09/2024 08:10:35 - INFO - root - Image have been saved in /shenzihe/WD-Disk/output/mit_mascot_bsz_2_loss_0_1_0/checkpoint-20/images/on_top_of_green_grass_with_sunflowers_around_it/
07/09/2024 08:10:49 - INFO - root - Image have been saved in /shenzihe/WD-Disk/output/mit_mascot_bsz_2_loss_0_1_0/checkpoint-20/images/on_top_of_green_grass_with_sunflowers_around_it/
07/09/2024 08:11:02 - INFO - root - Image have been saved in /shenzihe/WD-Disk/output/mit_mascot_bsz_2_loss_0_1_0/checkpoint-20/images/on_top_of_green_grass_with_sunflowers_around_it/
07/09/2024 08:11:15 - INFO - root - Image have been saved in /shenzihe/WD-Disk/output/mit_mascot_bsz_2_loss_0_1_0/checkpoint-20/images/on_top_of_green_grass_with_sunflowers_around_it/
07/09/2024 08:11:15 - INFO - __main__ - Running validation... 
 Generating 4 images with prompt:on top of a mirror.
07/09/2024 08:11:29 - INFO - root - Image have been saved in /shenzihe/WD-Disk/output/mit_mascot_bsz_2_loss_0_1_0/checkpoint-20/images/on_top_of_a_mirror/
07/09/2024 08:11:42 - INFO - root - Image have been saved in /shenzihe/WD-Disk/output/mit_mascot_bsz_2_loss_0_1_0/checkpoint-20/images/on_top_of_a_mirror/
07/09/2024 08:11:55 - INFO - root - Image have been saved in /shenzihe/WD-Disk/output/mit_mascot_bsz_2_loss_0_1_0/checkpoint-20/images/on_top_of_a_mirror/
07/09/2024 08:12:09 - INFO - root - Image have been saved in /shenzihe/WD-Disk/output/mit_mascot_bsz_2_loss_0_1_0/checkpoint-20/images/on_top_of_a_mirror/
07/09/2024 08:12:09 - INFO - __main__ - Running validation... 
 Generating 4 images with prompt:on top of the sidewalk in a crowded street.
07/09/2024 08:12:22 - INFO - root - Image have been saved in /shenzihe/WD-Disk/output/mit_mascot_bsz_2_loss_0_1_0/checkpoint-20/images/on_top_of_the_sidewalk_in_a_crowded_street/
07/09/2024 08:12:35 - INFO - root - Image have been saved in /shenzihe/WD-Disk/output/mit_mascot_bsz_2_loss_0_1_0/checkpoint-20/images/on_top_of_the_sidewalk_in_a_crowded_street/
07/09/2024 08:12:49 - INFO - root - Image have been saved in /shenzihe/WD-Disk/output/mit_mascot_bsz_2_loss_0_1_0/checkpoint-20/images/on_top_of_the_sidewalk_in_a_crowded_street/
07/09/2024 08:13:02 - INFO - root - Image have been saved in /shenzihe/WD-Disk/output/mit_mascot_bsz_2_loss_0_1_0/checkpoint-20/images/on_top_of_the_sidewalk_in_a_crowded_street/
07/09/2024 08:13:02 - INFO - __main__ - Running validation... 
 Generating 4 images with prompt:on top of a dirt road.
07/09/2024 08:13:15 - INFO - root - Image have been saved in /shenzihe/WD-Disk/output/mit_mascot_bsz_2_loss_0_1_0/checkpoint-20/images/on_top_of_a_dirt_road/
07/09/2024 08:13:28 - INFO - root - Image have been saved in /shenzihe/WD-Disk/output/mit_mascot_bsz_2_loss_0_1_0/checkpoint-20/images/on_top_of_a_dirt_road/
07/09/2024 08:13:42 - INFO - root - Image have been saved in /shenzihe/WD-Disk/output/mit_mascot_bsz_2_loss_0_1_0/checkpoint-20/images/on_top_of_a_dirt_road/
07/09/2024 08:13:55 - INFO - root - Image have been saved in /shenzihe/WD-Disk/output/mit_mascot_bsz_2_loss_0_1_0/checkpoint-20/images/on_top_of_a_dirt_road/
07/09/2024 08:13:55 - INFO - __main__ - Running validation... 
 Generating 4 images with prompt:on top of a white rug.
07/09/2024 08:14:08 - INFO - root - Image have been saved in /shenzihe/WD-Disk/output/mit_mascot_bsz_2_loss_0_1_0/checkpoint-20/images/on_top_of_a_white_rug/
07/09/2024 08:14:22 - INFO - root - Image have been saved in /shenzihe/WD-Disk/output/mit_mascot_bsz_2_loss_0_1_0/checkpoint-20/images/on_top_of_a_white_rug/
07/09/2024 08:14:35 - INFO - root - Image have been saved in /shenzihe/WD-Disk/output/mit_mascot_bsz_2_loss_0_1_0/checkpoint-20/images/on_top_of_a_white_rug/
07/09/2024 08:14:48 - INFO - root - Image have been saved in /shenzihe/WD-Disk/output/mit_mascot_bsz_2_loss_0_1_0/checkpoint-20/images/on_top_of_a_white_rug/
07/09/2024 08:14:48 - INFO - __main__ - Running validation... 
 Generating 4 images with prompt:red.
07/09/2024 08:15:02 - INFO - root - Image have been saved in /shenzihe/WD-Disk/output/mit_mascot_bsz_2_loss_0_1_0/checkpoint-20/images/red/
07/09/2024 08:15:15 - INFO - root - Image have been saved in /shenzihe/WD-Disk/output/mit_mascot_bsz_2_loss_0_1_0/checkpoint-20/images/red/
07/09/2024 08:15:28 - INFO - root - Image have been saved in /shenzihe/WD-Disk/output/mit_mascot_bsz_2_loss_0_1_0/checkpoint-20/images/red/
07/09/2024 08:15:41 - INFO - root - Image have been saved in /shenzihe/WD-Disk/output/mit_mascot_bsz_2_loss_0_1_0/checkpoint-20/images/red/
07/09/2024 08:15:41 - INFO - __main__ - Running validation... 
 Generating 4 images with prompt:purple.
07/09/2024 08:15:55 - INFO - root - Image have been saved in /shenzihe/WD-Disk/output/mit_mascot_bsz_2_loss_0_1_0/checkpoint-20/images/purple/
07/09/2024 08:16:08 - INFO - root - Image have been saved in /shenzihe/WD-Disk/output/mit_mascot_bsz_2_loss_0_1_0/checkpoint-20/images/purple/
07/09/2024 08:16:21 - INFO - root - Image have been saved in /shenzihe/WD-Disk/output/mit_mascot_bsz_2_loss_0_1_0/checkpoint-20/images/purple/
07/09/2024 08:16:34 - INFO - root - Image have been saved in /shenzihe/WD-Disk/output/mit_mascot_bsz_2_loss_0_1_0/checkpoint-20/images/purple/
07/09/2024 08:16:34 - INFO - __main__ - Running validation... 
 Generating 4 images with prompt:shiny.
07/09/2024 08:16:48 - INFO - root - Image have been saved in /shenzihe/WD-Disk/output/mit_mascot_bsz_2_loss_0_1_0/checkpoint-20/images/shiny/
07/09/2024 08:17:01 - INFO - root - Image have been saved in /shenzihe/WD-Disk/output/mit_mascot_bsz_2_loss_0_1_0/checkpoint-20/images/shiny/
07/09/2024 08:17:14 - INFO - root - Image have been saved in /shenzihe/WD-Disk/output/mit_mascot_bsz_2_loss_0_1_0/checkpoint-20/images/shiny/
07/09/2024 08:17:28 - INFO - root - Image have been saved in /shenzihe/WD-Disk/output/mit_mascot_bsz_2_loss_0_1_0/checkpoint-20/images/shiny/
07/09/2024 08:17:28 - INFO - __main__ - Running validation... 
 Generating 4 images with prompt:wet.
07/09/2024 08:17:41 - INFO - root - Image have been saved in /shenzihe/WD-Disk/output/mit_mascot_bsz_2_loss_0_1_0/checkpoint-20/images/wet/
07/09/2024 08:17:54 - INFO - root - Image have been saved in /shenzihe/WD-Disk/output/mit_mascot_bsz_2_loss_0_1_0/checkpoint-20/images/wet/
07/09/2024 08:18:08 - INFO - root - Image have been saved in /shenzihe/WD-Disk/output/mit_mascot_bsz_2_loss_0_1_0/checkpoint-20/images/wet/
07/09/2024 08:18:21 - INFO - root - Image have been saved in /shenzihe/WD-Disk/output/mit_mascot_bsz_2_loss_0_1_0/checkpoint-20/images/wet/
07/09/2024 08:18:21 - INFO - __main__ - Running validation... 
 Generating 4 images with prompt:cube shaped.
07/09/2024 08:18:34 - INFO - root - Image have been saved in /shenzihe/WD-Disk/output/mit_mascot_bsz_2_loss_0_1_0/checkpoint-20/images/cube_shaped/
07/09/2024 08:18:47 - INFO - root - Image have been saved in /shenzihe/WD-Disk/output/mit_mascot_bsz_2_loss_0_1_0/checkpoint-20/images/cube_shaped/
07/09/2024 08:19:01 - INFO - root - Image have been saved in /shenzihe/WD-Disk/output/mit_mascot_bsz_2_loss_0_1_0/checkpoint-20/images/cube_shaped/
07/09/2024 08:19:14 - INFO - root - Image have been saved in /shenzihe/WD-Disk/output/mit_mascot_bsz_2_loss_0_1_0/checkpoint-20/images/cube_shaped/
07/09/2024 08:19:16 - INFO - root - {'loss': 0.016198381781578064, 'lr': 0.0001}
07/09/2024 08:19:18 - INFO - root - {'loss': 0.4323257803916931, 'lr': 0.0001}
07/09/2024 08:19:21 - INFO - root - {'loss': 0.16780205070972443, 'lr': 0.0001}
07/09/2024 08:19:23 - INFO - root - {'loss': 0.13478508591651917, 'lr': 0.0001}
07/09/2024 08:19:25 - INFO - root - {'loss': 0.19043979048728943, 'lr': 0.0001}
07/09/2024 08:19:27 - INFO - root - {'loss': 0.10341101884841919, 'lr': 0.0001}
07/09/2024 08:19:29 - INFO - root - {'loss': 0.08761559426784515, 'lr': 0.0001}
07/09/2024 08:19:31 - INFO - root - {'loss': 0.4587898254394531, 'lr': 0.0001}
07/09/2024 08:19:33 - INFO - root - {'loss': 0.45050984621047974, 'lr': 0.0001}
07/09/2024 08:19:35 - INFO - root - {'loss': 0.2428148239850998, 'lr': 0.0001}
07/09/2024 08:19:37 - INFO - root - {'loss': 0.14232656359672546, 'lr': 0.0001}
07/09/2024 08:19:40 - INFO - root - {'loss': 0.20972993969917297, 'lr': 0.0001}
07/09/2024 08:19:42 - INFO - root - {'loss': 0.11537320911884308, 'lr': 0.0001}
07/09/2024 08:19:44 - INFO - root - {'loss': 0.005238049663603306, 'lr': 0.0001}
07/09/2024 08:19:46 - INFO - root - {'loss': 0.16323155164718628, 'lr': 0.0001}
07/09/2024 08:19:48 - INFO - root - {'loss': 0.051518648862838745, 'lr': 0.0001}
07/09/2024 08:19:50 - INFO - root - {'loss': 0.5531007647514343, 'lr': 0.0001}
07/09/2024 08:19:52 - INFO - root - {'loss': 0.5837770700454712, 'lr': 0.0001}
07/09/2024 08:19:54 - INFO - root - {'loss': 0.07757094502449036, 'lr': 0.0001}
07/09/2024 08:19:56 - INFO - root - {'loss': 0.3456868827342987, 'lr': 0.0001}
07/09/2024 08:19:56 - INFO - __main__ - Running validation... 
 Generating 4 images with prompt:in the jungle.
07/09/2024 08:20:10 - INFO - root - Image have been saved in /shenzihe/WD-Disk/output/mit_mascot_bsz_2_loss_0_1_0/checkpoint-40/images/in_the_jungle/
07/09/2024 08:20:23 - INFO - root - Image have been saved in /shenzihe/WD-Disk/output/mit_mascot_bsz_2_loss_0_1_0/checkpoint-40/images/in_the_jungle/
07/09/2024 08:20:36 - INFO - root - Image have been saved in /shenzihe/WD-Disk/output/mit_mascot_bsz_2_loss_0_1_0/checkpoint-40/images/in_the_jungle/
07/09/2024 08:20:49 - INFO - root - Image have been saved in /shenzihe/WD-Disk/output/mit_mascot_bsz_2_loss_0_1_0/checkpoint-40/images/in_the_jungle/
07/09/2024 08:20:49 - INFO - __main__ - Running validation... 
 Generating 4 images with prompt:in the snow.
07/09/2024 08:21:03 - INFO - root - Image have been saved in /shenzihe/WD-Disk/output/mit_mascot_bsz_2_loss_0_1_0/checkpoint-40/images/in_the_snow/
07/09/2024 08:21:16 - INFO - root - Image have been saved in /shenzihe/WD-Disk/output/mit_mascot_bsz_2_loss_0_1_0/checkpoint-40/images/in_the_snow/
07/09/2024 08:21:29 - INFO - root - Image have been saved in /shenzihe/WD-Disk/output/mit_mascot_bsz_2_loss_0_1_0/checkpoint-40/images/in_the_snow/
07/09/2024 08:21:43 - INFO - root - Image have been saved in /shenzihe/WD-Disk/output/mit_mascot_bsz_2_loss_0_1_0/checkpoint-40/images/in_the_snow/
07/09/2024 08:21:43 - INFO - __main__ - Running validation... 
 Generating 4 images with prompt:on the beach.
07/09/2024 08:21:56 - INFO - root - Image have been saved in /shenzihe/WD-Disk/output/mit_mascot_bsz_2_loss_0_1_0/checkpoint-40/images/on_the_beach/
07/09/2024 08:22:09 - INFO - root - Image have been saved in /shenzihe/WD-Disk/output/mit_mascot_bsz_2_loss_0_1_0/checkpoint-40/images/on_the_beach/
07/09/2024 08:22:23 - INFO - root - Image have been saved in /shenzihe/WD-Disk/output/mit_mascot_bsz_2_loss_0_1_0/checkpoint-40/images/on_the_beach/
07/09/2024 08:22:36 - INFO - root - Image have been saved in /shenzihe/WD-Disk/output/mit_mascot_bsz_2_loss_0_1_0/checkpoint-40/images/on_the_beach/
07/09/2024 08:22:36 - INFO - __main__ - Running validation... 
 Generating 4 images with prompt:on a cobblestone street.
07/09/2024 08:22:49 - INFO - root - Image have been saved in /shenzihe/WD-Disk/output/mit_mascot_bsz_2_loss_0_1_0/checkpoint-40/images/on_a_cobblestone_street/
07/09/2024 08:23:03 - INFO - root - Image have been saved in /shenzihe/WD-Disk/output/mit_mascot_bsz_2_loss_0_1_0/checkpoint-40/images/on_a_cobblestone_street/
07/09/2024 08:23:16 - INFO - root - Image have been saved in /shenzihe/WD-Disk/output/mit_mascot_bsz_2_loss_0_1_0/checkpoint-40/images/on_a_cobblestone_street/
07/09/2024 08:23:30 - INFO - root - Image have been saved in /shenzihe/WD-Disk/output/mit_mascot_bsz_2_loss_0_1_0/checkpoint-40/images/on_a_cobblestone_street/
07/09/2024 08:23:30 - INFO - __main__ - Running validation... 
 Generating 4 images with prompt:on top of pink fabric.
07/09/2024 08:23:43 - INFO - root - Image have been saved in /shenzihe/WD-Disk/output/mit_mascot_bsz_2_loss_0_1_0/checkpoint-40/images/on_top_of_pink_fabric/
07/09/2024 08:23:56 - INFO - root - Image have been saved in /shenzihe/WD-Disk/output/mit_mascot_bsz_2_loss_0_1_0/checkpoint-40/images/on_top_of_pink_fabric/
07/09/2024 08:24:09 - INFO - root - Image have been saved in /shenzihe/WD-Disk/output/mit_mascot_bsz_2_loss_0_1_0/checkpoint-40/images/on_top_of_pink_fabric/
07/09/2024 08:24:23 - INFO - root - Image have been saved in /shenzihe/WD-Disk/output/mit_mascot_bsz_2_loss_0_1_0/checkpoint-40/images/on_top_of_pink_fabric/
07/09/2024 08:24:23 - INFO - __main__ - Running validation... 
 Generating 4 images with prompt:on top of a wooden floor.
07/09/2024 08:24:36 - INFO - root - Image have been saved in /shenzihe/WD-Disk/output/mit_mascot_bsz_2_loss_0_1_0/checkpoint-40/images/on_top_of_a_wooden_floor/
07/09/2024 08:24:49 - INFO - root - Image have been saved in /shenzihe/WD-Disk/output/mit_mascot_bsz_2_loss_0_1_0/checkpoint-40/images/on_top_of_a_wooden_floor/
07/09/2024 08:25:03 - INFO - root - Image have been saved in /shenzihe/WD-Disk/output/mit_mascot_bsz_2_loss_0_1_0/checkpoint-40/images/on_top_of_a_wooden_floor/
07/09/2024 08:25:16 - INFO - root - Image have been saved in /shenzihe/WD-Disk/output/mit_mascot_bsz_2_loss_0_1_0/checkpoint-40/images/on_top_of_a_wooden_floor/
07/09/2024 08:25:16 - INFO - __main__ - Running validation... 
 Generating 4 images with prompt:with a city in the background.
07/09/2024 08:25:29 - INFO - root - Image have been saved in /shenzihe/WD-Disk/output/mit_mascot_bsz_2_loss_0_1_0/checkpoint-40/images/with_a_city_in_the_background/
07/09/2024 08:25:43 - INFO - root - Image have been saved in /shenzihe/WD-Disk/output/mit_mascot_bsz_2_loss_0_1_0/checkpoint-40/images/with_a_city_in_the_background/
07/09/2024 08:25:56 - INFO - root - Image have been saved in /shenzihe/WD-Disk/output/mit_mascot_bsz_2_loss_0_1_0/checkpoint-40/images/with_a_city_in_the_background/
07/09/2024 08:26:10 - INFO - root - Image have been saved in /shenzihe/WD-Disk/output/mit_mascot_bsz_2_loss_0_1_0/checkpoint-40/images/with_a_city_in_the_background/
07/09/2024 08:26:10 - INFO - __main__ - Running validation... 
 Generating 4 images with prompt:with a mountain in the background.
07/09/2024 08:26:23 - INFO - root - Image have been saved in /shenzihe/WD-Disk/output/mit_mascot_bsz_2_loss_0_1_0/checkpoint-40/images/with_a_mountain_in_the_background/
07/09/2024 08:26:36 - INFO - root - Image have been saved in /shenzihe/WD-Disk/output/mit_mascot_bsz_2_loss_0_1_0/checkpoint-40/images/with_a_mountain_in_the_background/
07/09/2024 08:26:50 - INFO - root - Image have been saved in /shenzihe/WD-Disk/output/mit_mascot_bsz_2_loss_0_1_0/checkpoint-40/images/with_a_mountain_in_the_background/
07/09/2024 08:27:03 - INFO - root - Image have been saved in /shenzihe/WD-Disk/output/mit_mascot_bsz_2_loss_0_1_0/checkpoint-40/images/with_a_mountain_in_the_background/
07/09/2024 08:27:03 - INFO - __main__ - Running validation... 
 Generating 4 images with prompt:with a blue house in the background.
07/09/2024 08:27:16 - INFO - root - Image have been saved in /shenzihe/WD-Disk/output/mit_mascot_bsz_2_loss_0_1_0/checkpoint-40/images/with_a_blue_house_in_the_background/
07/09/2024 08:27:29 - INFO - root - Image have been saved in /shenzihe/WD-Disk/output/mit_mascot_bsz_2_loss_0_1_0/checkpoint-40/images/with_a_blue_house_in_the_background/
07/09/2024 08:27:43 - INFO - root - Image have been saved in /shenzihe/WD-Disk/output/mit_mascot_bsz_2_loss_0_1_0/checkpoint-40/images/with_a_blue_house_in_the_background/
07/09/2024 08:27:56 - INFO - root - Image have been saved in /shenzihe/WD-Disk/output/mit_mascot_bsz_2_loss_0_1_0/checkpoint-40/images/with_a_blue_house_in_the_background/
07/09/2024 08:27:56 - INFO - __main__ - Running validation... 
 Generating 4 images with prompt:on top of a purple rug in a forest.
07/09/2024 08:28:09 - INFO - root - Image have been saved in /shenzihe/WD-Disk/output/mit_mascot_bsz_2_loss_0_1_0/checkpoint-40/images/on_top_of_a_purple_rug_in_a_forest/
07/09/2024 08:28:23 - INFO - root - Image have been saved in /shenzihe/WD-Disk/output/mit_mascot_bsz_2_loss_0_1_0/checkpoint-40/images/on_top_of_a_purple_rug_in_a_forest/
07/09/2024 08:28:36 - INFO - root - Image have been saved in /shenzihe/WD-Disk/output/mit_mascot_bsz_2_loss_0_1_0/checkpoint-40/images/on_top_of_a_purple_rug_in_a_forest/
07/09/2024 08:28:49 - INFO - root - Image have been saved in /shenzihe/WD-Disk/output/mit_mascot_bsz_2_loss_0_1_0/checkpoint-40/images/on_top_of_a_purple_rug_in_a_forest/
07/09/2024 08:28:49 - INFO - __main__ - Running validation... 
 Generating 4 images with prompt:with a wheat field in the background.
07/09/2024 08:29:03 - INFO - root - Image have been saved in /shenzihe/WD-Disk/output/mit_mascot_bsz_2_loss_0_1_0/checkpoint-40/images/with_a_wheat_field_in_the_background/
07/09/2024 08:29:16 - INFO - root - Image have been saved in /shenzihe/WD-Disk/output/mit_mascot_bsz_2_loss_0_1_0/checkpoint-40/images/with_a_wheat_field_in_the_background/
07/09/2024 08:29:29 - INFO - root - Image have been saved in /shenzihe/WD-Disk/output/mit_mascot_bsz_2_loss_0_1_0/checkpoint-40/images/with_a_wheat_field_in_the_background/
07/09/2024 08:29:43 - INFO - root - Image have been saved in /shenzihe/WD-Disk/output/mit_mascot_bsz_2_loss_0_1_0/checkpoint-40/images/with_a_wheat_field_in_the_background/
07/09/2024 08:29:43 - INFO - __main__ - Running validation... 
 Generating 4 images with prompt:with a tree and autumn leaves in the background.
07/09/2024 08:29:56 - INFO - root - Image have been saved in /shenzihe/WD-Disk/output/mit_mascot_bsz_2_loss_0_1_0/checkpoint-40/images/with_a_tree_and_autumn_leaves_in_the_background/
07/09/2024 08:30:09 - INFO - root - Image have been saved in /shenzihe/WD-Disk/output/mit_mascot_bsz_2_loss_0_1_0/checkpoint-40/images/with_a_tree_and_autumn_leaves_in_the_background/
07/09/2024 08:30:22 - INFO - root - Image have been saved in /shenzihe/WD-Disk/output/mit_mascot_bsz_2_loss_0_1_0/checkpoint-40/images/with_a_tree_and_autumn_leaves_in_the_background/
07/09/2024 08:30:36 - INFO - root - Image have been saved in /shenzihe/WD-Disk/output/mit_mascot_bsz_2_loss_0_1_0/checkpoint-40/images/with_a_tree_and_autumn_leaves_in_the_background/
07/09/2024 08:30:36 - INFO - __main__ - Running validation... 
 Generating 4 images with prompt:with the Eiffel Tower in the background.
07/09/2024 08:30:49 - INFO - root - Image have been saved in /shenzihe/WD-Disk/output/mit_mascot_bsz_2_loss_0_1_0/checkpoint-40/images/with_the_Eiffel_Tower_in_the_background/
07/09/2024 08:31:02 - INFO - root - Image have been saved in /shenzihe/WD-Disk/output/mit_mascot_bsz_2_loss_0_1_0/checkpoint-40/images/with_the_Eiffel_Tower_in_the_background/
07/09/2024 08:31:16 - INFO - root - Image have been saved in /shenzihe/WD-Disk/output/mit_mascot_bsz_2_loss_0_1_0/checkpoint-40/images/with_the_Eiffel_Tower_in_the_background/
07/09/2024 08:31:29 - INFO - root - Image have been saved in /shenzihe/WD-Disk/output/mit_mascot_bsz_2_loss_0_1_0/checkpoint-40/images/with_the_Eiffel_Tower_in_the_background/
07/09/2024 08:31:29 - INFO - __main__ - Running validation... 
 Generating 4 images with prompt:floating on top of water.
07/09/2024 08:31:42 - INFO - root - Image have been saved in /shenzihe/WD-Disk/output/mit_mascot_bsz_2_loss_0_1_0/checkpoint-40/images/floating_on_top_of_water/
07/09/2024 08:31:56 - INFO - root - Image have been saved in /shenzihe/WD-Disk/output/mit_mascot_bsz_2_loss_0_1_0/checkpoint-40/images/floating_on_top_of_water/
07/09/2024 08:32:09 - INFO - root - Image have been saved in /shenzihe/WD-Disk/output/mit_mascot_bsz_2_loss_0_1_0/checkpoint-40/images/floating_on_top_of_water/
07/09/2024 08:32:22 - INFO - root - Image have been saved in /shenzihe/WD-Disk/output/mit_mascot_bsz_2_loss_0_1_0/checkpoint-40/images/floating_on_top_of_water/
07/09/2024 08:32:22 - INFO - __main__ - Running validation... 
 Generating 4 images with prompt:floating in an ocean of milk.
07/09/2024 08:32:36 - INFO - root - Image have been saved in /shenzihe/WD-Disk/output/mit_mascot_bsz_2_loss_0_1_0/checkpoint-40/images/floating_in_an_ocean_of_milk/
07/09/2024 08:32:49 - INFO - root - Image have been saved in /shenzihe/WD-Disk/output/mit_mascot_bsz_2_loss_0_1_0/checkpoint-40/images/floating_in_an_ocean_of_milk/
07/09/2024 08:33:02 - INFO - root - Image have been saved in /shenzihe/WD-Disk/output/mit_mascot_bsz_2_loss_0_1_0/checkpoint-40/images/floating_in_an_ocean_of_milk/
07/09/2024 08:33:16 - INFO - root - Image have been saved in /shenzihe/WD-Disk/output/mit_mascot_bsz_2_loss_0_1_0/checkpoint-40/images/floating_in_an_ocean_of_milk/
07/09/2024 08:33:16 - INFO - __main__ - Running validation... 
 Generating 4 images with prompt:on top of green grass with sunflowers around it.
07/09/2024 08:33:29 - INFO - root - Image have been saved in /shenzihe/WD-Disk/output/mit_mascot_bsz_2_loss_0_1_0/checkpoint-40/images/on_top_of_green_grass_with_sunflowers_around_it/
07/09/2024 08:33:42 - INFO - root - Image have been saved in /shenzihe/WD-Disk/output/mit_mascot_bsz_2_loss_0_1_0/checkpoint-40/images/on_top_of_green_grass_with_sunflowers_around_it/
07/09/2024 08:33:56 - INFO - root - Image have been saved in /shenzihe/WD-Disk/output/mit_mascot_bsz_2_loss_0_1_0/checkpoint-40/images/on_top_of_green_grass_with_sunflowers_around_it/
07/09/2024 08:34:09 - INFO - root - Image have been saved in /shenzihe/WD-Disk/output/mit_mascot_bsz_2_loss_0_1_0/checkpoint-40/images/on_top_of_green_grass_with_sunflowers_around_it/
07/09/2024 08:34:09 - INFO - __main__ - Running validation... 
 Generating 4 images with prompt:on top of a mirror.
07/09/2024 08:34:22 - INFO - root - Image have been saved in /shenzihe/WD-Disk/output/mit_mascot_bsz_2_loss_0_1_0/checkpoint-40/images/on_top_of_a_mirror/
07/09/2024 08:34:36 - INFO - root - Image have been saved in /shenzihe/WD-Disk/output/mit_mascot_bsz_2_loss_0_1_0/checkpoint-40/images/on_top_of_a_mirror/
07/09/2024 08:34:49 - INFO - root - Image have been saved in /shenzihe/WD-Disk/output/mit_mascot_bsz_2_loss_0_1_0/checkpoint-40/images/on_top_of_a_mirror/
07/09/2024 08:35:02 - INFO - root - Image have been saved in /shenzihe/WD-Disk/output/mit_mascot_bsz_2_loss_0_1_0/checkpoint-40/images/on_top_of_a_mirror/
07/09/2024 08:35:02 - INFO - __main__ - Running validation... 
 Generating 4 images with prompt:on top of the sidewalk in a crowded street.
07/09/2024 08:35:15 - INFO - root - Image have been saved in /shenzihe/WD-Disk/output/mit_mascot_bsz_2_loss_0_1_0/checkpoint-40/images/on_top_of_the_sidewalk_in_a_crowded_street/
07/09/2024 08:35:29 - INFO - root - Image have been saved in /shenzihe/WD-Disk/output/mit_mascot_bsz_2_loss_0_1_0/checkpoint-40/images/on_top_of_the_sidewalk_in_a_crowded_street/
07/09/2024 08:35:42 - INFO - root - Image have been saved in /shenzihe/WD-Disk/output/mit_mascot_bsz_2_loss_0_1_0/checkpoint-40/images/on_top_of_the_sidewalk_in_a_crowded_street/
07/09/2024 08:35:55 - INFO - root - Image have been saved in /shenzihe/WD-Disk/output/mit_mascot_bsz_2_loss_0_1_0/checkpoint-40/images/on_top_of_the_sidewalk_in_a_crowded_street/
07/09/2024 08:35:55 - INFO - __main__ - Running validation... 
 Generating 4 images with prompt:on top of a dirt road.
07/09/2024 08:36:08 - INFO - root - Image have been saved in /shenzihe/WD-Disk/output/mit_mascot_bsz_2_loss_0_1_0/checkpoint-40/images/on_top_of_a_dirt_road/
07/09/2024 08:36:22 - INFO - root - Image have been saved in /shenzihe/WD-Disk/output/mit_mascot_bsz_2_loss_0_1_0/checkpoint-40/images/on_top_of_a_dirt_road/
07/09/2024 08:36:35 - INFO - root - Image have been saved in /shenzihe/WD-Disk/output/mit_mascot_bsz_2_loss_0_1_0/checkpoint-40/images/on_top_of_a_dirt_road/
07/09/2024 08:36:48 - INFO - root - Image have been saved in /shenzihe/WD-Disk/output/mit_mascot_bsz_2_loss_0_1_0/checkpoint-40/images/on_top_of_a_dirt_road/
07/09/2024 08:36:48 - INFO - __main__ - Running validation... 
 Generating 4 images with prompt:on top of a white rug.
07/09/2024 08:37:02 - INFO - root - Image have been saved in /shenzihe/WD-Disk/output/mit_mascot_bsz_2_loss_0_1_0/checkpoint-40/images/on_top_of_a_white_rug/
07/09/2024 08:37:15 - INFO - root - Image have been saved in /shenzihe/WD-Disk/output/mit_mascot_bsz_2_loss_0_1_0/checkpoint-40/images/on_top_of_a_white_rug/
07/09/2024 08:37:28 - INFO - root - Image have been saved in /shenzihe/WD-Disk/output/mit_mascot_bsz_2_loss_0_1_0/checkpoint-40/images/on_top_of_a_white_rug/
07/09/2024 08:37:41 - INFO - root - Image have been saved in /shenzihe/WD-Disk/output/mit_mascot_bsz_2_loss_0_1_0/checkpoint-40/images/on_top_of_a_white_rug/
07/09/2024 08:37:41 - INFO - __main__ - Running validation... 
 Generating 4 images with prompt:red.
07/09/2024 08:37:55 - INFO - root - Image have been saved in /shenzihe/WD-Disk/output/mit_mascot_bsz_2_loss_0_1_0/checkpoint-40/images/red/
07/09/2024 08:38:08 - INFO - root - Image have been saved in /shenzihe/WD-Disk/output/mit_mascot_bsz_2_loss_0_1_0/checkpoint-40/images/red/
07/09/2024 08:38:21 - INFO - root - Image have been saved in /shenzihe/WD-Disk/output/mit_mascot_bsz_2_loss_0_1_0/checkpoint-40/images/red/
07/09/2024 08:38:34 - INFO - root - Image have been saved in /shenzihe/WD-Disk/output/mit_mascot_bsz_2_loss_0_1_0/checkpoint-40/images/red/
07/09/2024 08:38:34 - INFO - __main__ - Running validation... 
 Generating 4 images with prompt:purple.
07/09/2024 08:38:48 - INFO - root - Image have been saved in /shenzihe/WD-Disk/output/mit_mascot_bsz_2_loss_0_1_0/checkpoint-40/images/purple/
07/09/2024 08:39:01 - INFO - root - Image have been saved in /shenzihe/WD-Disk/output/mit_mascot_bsz_2_loss_0_1_0/checkpoint-40/images/purple/
07/09/2024 08:39:14 - INFO - root - Image have been saved in /shenzihe/WD-Disk/output/mit_mascot_bsz_2_loss_0_1_0/checkpoint-40/images/purple/
07/09/2024 08:39:27 - INFO - root - Image have been saved in /shenzihe/WD-Disk/output/mit_mascot_bsz_2_loss_0_1_0/checkpoint-40/images/purple/
07/09/2024 08:39:27 - INFO - __main__ - Running validation... 
 Generating 4 images with prompt:shiny.
07/09/2024 08:39:41 - INFO - root - Image have been saved in /shenzihe/WD-Disk/output/mit_mascot_bsz_2_loss_0_1_0/checkpoint-40/images/shiny/
07/09/2024 08:39:54 - INFO - root - Image have been saved in /shenzihe/WD-Disk/output/mit_mascot_bsz_2_loss_0_1_0/checkpoint-40/images/shiny/
07/09/2024 08:40:07 - INFO - root - Image have been saved in /shenzihe/WD-Disk/output/mit_mascot_bsz_2_loss_0_1_0/checkpoint-40/images/shiny/
07/09/2024 08:40:21 - INFO - root - Image have been saved in /shenzihe/WD-Disk/output/mit_mascot_bsz_2_loss_0_1_0/checkpoint-40/images/shiny/
07/09/2024 08:40:21 - INFO - __main__ - Running validation... 
 Generating 4 images with prompt:wet.
07/09/2024 08:40:34 - INFO - root - Image have been saved in /shenzihe/WD-Disk/output/mit_mascot_bsz_2_loss_0_1_0/checkpoint-40/images/wet/
07/09/2024 08:40:47 - INFO - root - Image have been saved in /shenzihe/WD-Disk/output/mit_mascot_bsz_2_loss_0_1_0/checkpoint-40/images/wet/
07/09/2024 08:41:01 - INFO - root - Image have been saved in /shenzihe/WD-Disk/output/mit_mascot_bsz_2_loss_0_1_0/checkpoint-40/images/wet/
07/09/2024 08:41:14 - INFO - root - Image have been saved in /shenzihe/WD-Disk/output/mit_mascot_bsz_2_loss_0_1_0/checkpoint-40/images/wet/
07/09/2024 08:41:14 - INFO - __main__ - Running validation... 
 Generating 4 images with prompt:cube shaped.
07/09/2024 08:41:27 - INFO - root - Image have been saved in /shenzihe/WD-Disk/output/mit_mascot_bsz_2_loss_0_1_0/checkpoint-40/images/cube_shaped/
07/09/2024 08:41:41 - INFO - root - Image have been saved in /shenzihe/WD-Disk/output/mit_mascot_bsz_2_loss_0_1_0/checkpoint-40/images/cube_shaped/
07/09/2024 08:41:54 - INFO - root - Image have been saved in /shenzihe/WD-Disk/output/mit_mascot_bsz_2_loss_0_1_0/checkpoint-40/images/cube_shaped/
07/09/2024 08:42:07 - INFO - root - Image have been saved in /shenzihe/WD-Disk/output/mit_mascot_bsz_2_loss_0_1_0/checkpoint-40/images/cube_shaped/
07/09/2024 08:42:09 - INFO - root - {'loss': 0.08755633234977722, 'lr': 0.0001}
07/09/2024 08:42:11 - INFO - root - {'loss': 0.07330631464719772, 'lr': 0.0001}
07/09/2024 08:42:14 - INFO - root - {'loss': 0.25116273760795593, 'lr': 0.0001}
07/09/2024 08:42:16 - INFO - root - {'loss': 0.009247291833162308, 'lr': 0.0001}
07/09/2024 08:42:18 - INFO - root - {'loss': 0.1001165583729744, 'lr': 0.0001}
07/09/2024 08:42:20 - INFO - root - {'loss': 0.09400233626365662, 'lr': 0.0001}
07/09/2024 08:42:22 - INFO - root - {'loss': 0.012545914389193058, 'lr': 0.0001}
07/09/2024 08:42:24 - INFO - root - {'loss': 0.1203305721282959, 'lr': 0.0001}
07/09/2024 08:42:26 - INFO - root - {'loss': 0.12698370218276978, 'lr': 0.0001}
07/09/2024 08:42:28 - INFO - root - {'loss': 0.06847155094146729, 'lr': 0.0001}
07/09/2024 08:42:31 - INFO - root - {'loss': 0.15108934044837952, 'lr': 0.0001}
07/09/2024 08:42:33 - INFO - root - {'loss': 0.26524752378463745, 'lr': 0.0001}
07/09/2024 08:42:35 - INFO - root - {'loss': 0.05958687514066696, 'lr': 0.0001}
07/09/2024 08:42:37 - INFO - root - {'loss': 0.2604106664657593, 'lr': 0.0001}
07/09/2024 08:42:39 - INFO - root - {'loss': 0.1315801739692688, 'lr': 0.0001}
07/09/2024 08:42:41 - INFO - root - {'loss': 0.10316918790340424, 'lr': 0.0001}
07/09/2024 08:42:43 - INFO - root - {'loss': 0.19043755531311035, 'lr': 0.0001}
07/09/2024 08:42:45 - INFO - root - {'loss': 0.025559045374393463, 'lr': 0.0001}
07/09/2024 08:42:48 - INFO - root - {'loss': 0.15897253155708313, 'lr': 0.0001}
07/09/2024 08:42:50 - INFO - root - {'loss': 0.07884253561496735, 'lr': 0.0001}
07/09/2024 08:42:50 - INFO - __main__ - Running validation... 
 Generating 4 images with prompt:in the jungle.
07/09/2024 08:43:03 - INFO - root - Image have been saved in /shenzihe/WD-Disk/output/mit_mascot_bsz_2_loss_0_1_0/checkpoint-60/images/in_the_jungle/
07/09/2024 08:43:16 - INFO - root - Image have been saved in /shenzihe/WD-Disk/output/mit_mascot_bsz_2_loss_0_1_0/checkpoint-60/images/in_the_jungle/
07/09/2024 08:43:29 - INFO - root - Image have been saved in /shenzihe/WD-Disk/output/mit_mascot_bsz_2_loss_0_1_0/checkpoint-60/images/in_the_jungle/
07/09/2024 08:43:42 - INFO - root - Image have been saved in /shenzihe/WD-Disk/output/mit_mascot_bsz_2_loss_0_1_0/checkpoint-60/images/in_the_jungle/
07/09/2024 08:43:42 - INFO - __main__ - Running validation... 
 Generating 4 images with prompt:in the snow.
07/09/2024 08:43:56 - INFO - root - Image have been saved in /shenzihe/WD-Disk/output/mit_mascot_bsz_2_loss_0_1_0/checkpoint-60/images/in_the_snow/
07/09/2024 08:44:09 - INFO - root - Image have been saved in /shenzihe/WD-Disk/output/mit_mascot_bsz_2_loss_0_1_0/checkpoint-60/images/in_the_snow/
07/09/2024 08:44:22 - INFO - root - Image have been saved in /shenzihe/WD-Disk/output/mit_mascot_bsz_2_loss_0_1_0/checkpoint-60/images/in_the_snow/
07/09/2024 08:44:35 - INFO - root - Image have been saved in /shenzihe/WD-Disk/output/mit_mascot_bsz_2_loss_0_1_0/checkpoint-60/images/in_the_snow/
07/09/2024 08:44:35 - INFO - __main__ - Running validation... 
 Generating 4 images with prompt:on the beach.
07/09/2024 08:44:49 - INFO - root - Image have been saved in /shenzihe/WD-Disk/output/mit_mascot_bsz_2_loss_0_1_0/checkpoint-60/images/on_the_beach/
07/09/2024 08:45:02 - INFO - root - Image have been saved in /shenzihe/WD-Disk/output/mit_mascot_bsz_2_loss_0_1_0/checkpoint-60/images/on_the_beach/
07/09/2024 08:45:15 - INFO - root - Image have been saved in /shenzihe/WD-Disk/output/mit_mascot_bsz_2_loss_0_1_0/checkpoint-60/images/on_the_beach/
07/09/2024 08:45:29 - INFO - root - Image have been saved in /shenzihe/WD-Disk/output/mit_mascot_bsz_2_loss_0_1_0/checkpoint-60/images/on_the_beach/
07/09/2024 08:45:29 - INFO - __main__ - Running validation... 
 Generating 4 images with prompt:on a cobblestone street.
07/09/2024 08:45:42 - INFO - root - Image have been saved in /shenzihe/WD-Disk/output/mit_mascot_bsz_2_loss_0_1_0/checkpoint-60/images/on_a_cobblestone_street/
07/09/2024 08:45:55 - INFO - root - Image have been saved in /shenzihe/WD-Disk/output/mit_mascot_bsz_2_loss_0_1_0/checkpoint-60/images/on_a_cobblestone_street/
07/09/2024 08:46:09 - INFO - root - Image have been saved in /shenzihe/WD-Disk/output/mit_mascot_bsz_2_loss_0_1_0/checkpoint-60/images/on_a_cobblestone_street/
07/09/2024 08:46:22 - INFO - root - Image have been saved in /shenzihe/WD-Disk/output/mit_mascot_bsz_2_loss_0_1_0/checkpoint-60/images/on_a_cobblestone_street/
07/09/2024 08:46:22 - INFO - __main__ - Running validation... 
 Generating 4 images with prompt:on top of pink fabric.
07/09/2024 08:46:35 - INFO - root - Image have been saved in /shenzihe/WD-Disk/output/mit_mascot_bsz_2_loss_0_1_0/checkpoint-60/images/on_top_of_pink_fabric/
07/09/2024 08:46:49 - INFO - root - Image have been saved in /shenzihe/WD-Disk/output/mit_mascot_bsz_2_loss_0_1_0/checkpoint-60/images/on_top_of_pink_fabric/
07/09/2024 08:47:02 - INFO - root - Image have been saved in /shenzihe/WD-Disk/output/mit_mascot_bsz_2_loss_0_1_0/checkpoint-60/images/on_top_of_pink_fabric/
07/09/2024 08:47:16 - INFO - root - Image have been saved in /shenzihe/WD-Disk/output/mit_mascot_bsz_2_loss_0_1_0/checkpoint-60/images/on_top_of_pink_fabric/
07/09/2024 08:47:16 - INFO - __main__ - Running validation... 
 Generating 4 images with prompt:on top of a wooden floor.
07/09/2024 08:47:29 - INFO - root - Image have been saved in /shenzihe/WD-Disk/output/mit_mascot_bsz_2_loss_0_1_0/checkpoint-60/images/on_top_of_a_wooden_floor/
07/09/2024 08:47:42 - INFO - root - Image have been saved in /shenzihe/WD-Disk/output/mit_mascot_bsz_2_loss_0_1_0/checkpoint-60/images/on_top_of_a_wooden_floor/
07/09/2024 08:47:55 - INFO - root - Image have been saved in /shenzihe/WD-Disk/output/mit_mascot_bsz_2_loss_0_1_0/checkpoint-60/images/on_top_of_a_wooden_floor/
07/09/2024 08:48:09 - INFO - root - Image have been saved in /shenzihe/WD-Disk/output/mit_mascot_bsz_2_loss_0_1_0/checkpoint-60/images/on_top_of_a_wooden_floor/
07/09/2024 08:48:09 - INFO - __main__ - Running validation... 
 Generating 4 images with prompt:with a city in the background.
07/09/2024 08:48:22 - INFO - root - Image have been saved in /shenzihe/WD-Disk/output/mit_mascot_bsz_2_loss_0_1_0/checkpoint-60/images/with_a_city_in_the_background/
07/09/2024 08:48:35 - INFO - root - Image have been saved in /shenzihe/WD-Disk/output/mit_mascot_bsz_2_loss_0_1_0/checkpoint-60/images/with_a_city_in_the_background/
07/09/2024 08:48:49 - INFO - root - Image have been saved in /shenzihe/WD-Disk/output/mit_mascot_bsz_2_loss_0_1_0/checkpoint-60/images/with_a_city_in_the_background/
07/09/2024 08:49:02 - INFO - root - Image have been saved in /shenzihe/WD-Disk/output/mit_mascot_bsz_2_loss_0_1_0/checkpoint-60/images/with_a_city_in_the_background/
07/09/2024 08:49:02 - INFO - __main__ - Running validation... 
 Generating 4 images with prompt:with a mountain in the background.
07/09/2024 08:49:15 - INFO - root - Image have been saved in /shenzihe/WD-Disk/output/mit_mascot_bsz_2_loss_0_1_0/checkpoint-60/images/with_a_mountain_in_the_background/
07/09/2024 08:49:29 - INFO - root - Image have been saved in /shenzihe/WD-Disk/output/mit_mascot_bsz_2_loss_0_1_0/checkpoint-60/images/with_a_mountain_in_the_background/
07/09/2024 08:49:42 - INFO - root - Image have been saved in /shenzihe/WD-Disk/output/mit_mascot_bsz_2_loss_0_1_0/checkpoint-60/images/with_a_mountain_in_the_background/
07/09/2024 08:49:55 - INFO - root - Image have been saved in /shenzihe/WD-Disk/output/mit_mascot_bsz_2_loss_0_1_0/checkpoint-60/images/with_a_mountain_in_the_background/
07/09/2024 08:49:55 - INFO - __main__ - Running validation... 
 Generating 4 images with prompt:with a blue house in the background.
07/09/2024 08:50:09 - INFO - root - Image have been saved in /shenzihe/WD-Disk/output/mit_mascot_bsz_2_loss_0_1_0/checkpoint-60/images/with_a_blue_house_in_the_background/
07/09/2024 08:50:22 - INFO - root - Image have been saved in /shenzihe/WD-Disk/output/mit_mascot_bsz_2_loss_0_1_0/checkpoint-60/images/with_a_blue_house_in_the_background/
07/09/2024 08:50:35 - INFO - root - Image have been saved in /shenzihe/WD-Disk/output/mit_mascot_bsz_2_loss_0_1_0/checkpoint-60/images/with_a_blue_house_in_the_background/
07/09/2024 08:50:49 - INFO - root - Image have been saved in /shenzihe/WD-Disk/output/mit_mascot_bsz_2_loss_0_1_0/checkpoint-60/images/with_a_blue_house_in_the_background/
07/09/2024 08:50:49 - INFO - __main__ - Running validation... 
 Generating 4 images with prompt:on top of a purple rug in a forest.
07/09/2024 08:51:02 - INFO - root - Image have been saved in /shenzihe/WD-Disk/output/mit_mascot_bsz_2_loss_0_1_0/checkpoint-60/images/on_top_of_a_purple_rug_in_a_forest/
07/09/2024 08:51:15 - INFO - root - Image have been saved in /shenzihe/WD-Disk/output/mit_mascot_bsz_2_loss_0_1_0/checkpoint-60/images/on_top_of_a_purple_rug_in_a_forest/
07/09/2024 08:51:29 - INFO - root - Image have been saved in /shenzihe/WD-Disk/output/mit_mascot_bsz_2_loss_0_1_0/checkpoint-60/images/on_top_of_a_purple_rug_in_a_forest/
07/09/2024 08:51:42 - INFO - root - Image have been saved in /shenzihe/WD-Disk/output/mit_mascot_bsz_2_loss_0_1_0/checkpoint-60/images/on_top_of_a_purple_rug_in_a_forest/
07/09/2024 08:51:42 - INFO - __main__ - Running validation... 
 Generating 4 images with prompt:with a wheat field in the background.
07/09/2024 08:51:55 - INFO - root - Image have been saved in /shenzihe/WD-Disk/output/mit_mascot_bsz_2_loss_0_1_0/checkpoint-60/images/with_a_wheat_field_in_the_background/
07/09/2024 08:52:08 - INFO - root - Image have been saved in /shenzihe/WD-Disk/output/mit_mascot_bsz_2_loss_0_1_0/checkpoint-60/images/with_a_wheat_field_in_the_background/
07/09/2024 08:52:22 - INFO - root - Image have been saved in /shenzihe/WD-Disk/output/mit_mascot_bsz_2_loss_0_1_0/checkpoint-60/images/with_a_wheat_field_in_the_background/
07/09/2024 08:52:35 - INFO - root - Image have been saved in /shenzihe/WD-Disk/output/mit_mascot_bsz_2_loss_0_1_0/checkpoint-60/images/with_a_wheat_field_in_the_background/
07/09/2024 08:52:35 - INFO - __main__ - Running validation... 
 Generating 4 images with prompt:with a tree and autumn leaves in the background.
07/09/2024 08:52:48 - INFO - root - Image have been saved in /shenzihe/WD-Disk/output/mit_mascot_bsz_2_loss_0_1_0/checkpoint-60/images/with_a_tree_and_autumn_leaves_in_the_background/
07/09/2024 08:53:02 - INFO - root - Image have been saved in /shenzihe/WD-Disk/output/mit_mascot_bsz_2_loss_0_1_0/checkpoint-60/images/with_a_tree_and_autumn_leaves_in_the_background/
07/09/2024 08:53:15 - INFO - root - Image have been saved in /shenzihe/WD-Disk/output/mit_mascot_bsz_2_loss_0_1_0/checkpoint-60/images/with_a_tree_and_autumn_leaves_in_the_background/
07/09/2024 08:53:28 - INFO - root - Image have been saved in /shenzihe/WD-Disk/output/mit_mascot_bsz_2_loss_0_1_0/checkpoint-60/images/with_a_tree_and_autumn_leaves_in_the_background/
07/09/2024 08:53:28 - INFO - __main__ - Running validation... 
 Generating 4 images with prompt:with the Eiffel Tower in the background.
07/09/2024 08:53:42 - INFO - root - Image have been saved in /shenzihe/WD-Disk/output/mit_mascot_bsz_2_loss_0_1_0/checkpoint-60/images/with_the_Eiffel_Tower_in_the_background/
07/09/2024 08:53:55 - INFO - root - Image have been saved in /shenzihe/WD-Disk/output/mit_mascot_bsz_2_loss_0_1_0/checkpoint-60/images/with_the_Eiffel_Tower_in_the_background/
07/09/2024 08:54:08 - INFO - root - Image have been saved in /shenzihe/WD-Disk/output/mit_mascot_bsz_2_loss_0_1_0/checkpoint-60/images/with_the_Eiffel_Tower_in_the_background/
07/09/2024 08:54:21 - INFO - root - Image have been saved in /shenzihe/WD-Disk/output/mit_mascot_bsz_2_loss_0_1_0/checkpoint-60/images/with_the_Eiffel_Tower_in_the_background/
07/09/2024 08:54:21 - INFO - __main__ - Running validation... 
 Generating 4 images with prompt:floating on top of water.
07/09/2024 08:54:35 - INFO - root - Image have been saved in /shenzihe/WD-Disk/output/mit_mascot_bsz_2_loss_0_1_0/checkpoint-60/images/floating_on_top_of_water/
07/09/2024 08:54:48 - INFO - root - Image have been saved in /shenzihe/WD-Disk/output/mit_mascot_bsz_2_loss_0_1_0/checkpoint-60/images/floating_on_top_of_water/
07/09/2024 08:55:01 - INFO - root - Image have been saved in /shenzihe/WD-Disk/output/mit_mascot_bsz_2_loss_0_1_0/checkpoint-60/images/floating_on_top_of_water/
07/09/2024 08:55:15 - INFO - root - Image have been saved in /shenzihe/WD-Disk/output/mit_mascot_bsz_2_loss_0_1_0/checkpoint-60/images/floating_on_top_of_water/
07/09/2024 08:55:15 - INFO - __main__ - Running validation... 
 Generating 4 images with prompt:floating in an ocean of milk.
07/09/2024 08:55:28 - INFO - root - Image have been saved in /shenzihe/WD-Disk/output/mit_mascot_bsz_2_loss_0_1_0/checkpoint-60/images/floating_in_an_ocean_of_milk/
07/09/2024 08:55:41 - INFO - root - Image have been saved in /shenzihe/WD-Disk/output/mit_mascot_bsz_2_loss_0_1_0/checkpoint-60/images/floating_in_an_ocean_of_milk/
07/09/2024 08:55:55 - INFO - root - Image have been saved in /shenzihe/WD-Disk/output/mit_mascot_bsz_2_loss_0_1_0/checkpoint-60/images/floating_in_an_ocean_of_milk/
07/09/2024 08:56:08 - INFO - root - Image have been saved in /shenzihe/WD-Disk/output/mit_mascot_bsz_2_loss_0_1_0/checkpoint-60/images/floating_in_an_ocean_of_milk/
07/09/2024 08:56:08 - INFO - __main__ - Running validation... 
 Generating 4 images with prompt:on top of green grass with sunflowers around it.
07/09/2024 08:56:21 - INFO - root - Image have been saved in /shenzihe/WD-Disk/output/mit_mascot_bsz_2_loss_0_1_0/checkpoint-60/images/on_top_of_green_grass_with_sunflowers_around_it/
07/09/2024 08:56:34 - INFO - root - Image have been saved in /shenzihe/WD-Disk/output/mit_mascot_bsz_2_loss_0_1_0/checkpoint-60/images/on_top_of_green_grass_with_sunflowers_around_it/
07/09/2024 08:56:48 - INFO - root - Image have been saved in /shenzihe/WD-Disk/output/mit_mascot_bsz_2_loss_0_1_0/checkpoint-60/images/on_top_of_green_grass_with_sunflowers_around_it/
07/09/2024 08:57:01 - INFO - root - Image have been saved in /shenzihe/WD-Disk/output/mit_mascot_bsz_2_loss_0_1_0/checkpoint-60/images/on_top_of_green_grass_with_sunflowers_around_it/
07/09/2024 08:57:01 - INFO - __main__ - Running validation... 
 Generating 4 images with prompt:on top of a mirror.
07/09/2024 08:57:14 - INFO - root - Image have been saved in /shenzihe/WD-Disk/output/mit_mascot_bsz_2_loss_0_1_0/checkpoint-60/images/on_top_of_a_mirror/
07/09/2024 08:57:28 - INFO - root - Image have been saved in /shenzihe/WD-Disk/output/mit_mascot_bsz_2_loss_0_1_0/checkpoint-60/images/on_top_of_a_mirror/
07/09/2024 08:57:41 - INFO - root - Image have been saved in /shenzihe/WD-Disk/output/mit_mascot_bsz_2_loss_0_1_0/checkpoint-60/images/on_top_of_a_mirror/
07/09/2024 08:57:54 - INFO - root - Image have been saved in /shenzihe/WD-Disk/output/mit_mascot_bsz_2_loss_0_1_0/checkpoint-60/images/on_top_of_a_mirror/
07/09/2024 08:57:54 - INFO - __main__ - Running validation... 
 Generating 4 images with prompt:on top of the sidewalk in a crowded street.
07/09/2024 08:58:08 - INFO - root - Image have been saved in /shenzihe/WD-Disk/output/mit_mascot_bsz_2_loss_0_1_0/checkpoint-60/images/on_top_of_the_sidewalk_in_a_crowded_street/
07/09/2024 08:58:21 - INFO - root - Image have been saved in /shenzihe/WD-Disk/output/mit_mascot_bsz_2_loss_0_1_0/checkpoint-60/images/on_top_of_the_sidewalk_in_a_crowded_street/
07/09/2024 08:58:34 - INFO - root - Image have been saved in /shenzihe/WD-Disk/output/mit_mascot_bsz_2_loss_0_1_0/checkpoint-60/images/on_top_of_the_sidewalk_in_a_crowded_street/
07/09/2024 08:58:47 - INFO - root - Image have been saved in /shenzihe/WD-Disk/output/mit_mascot_bsz_2_loss_0_1_0/checkpoint-60/images/on_top_of_the_sidewalk_in_a_crowded_street/
07/09/2024 08:58:47 - INFO - __main__ - Running validation... 
 Generating 4 images with prompt:on top of a dirt road.
07/09/2024 08:59:01 - INFO - root - Image have been saved in /shenzihe/WD-Disk/output/mit_mascot_bsz_2_loss_0_1_0/checkpoint-60/images/on_top_of_a_dirt_road/
07/09/2024 08:59:14 - INFO - root - Image have been saved in /shenzihe/WD-Disk/output/mit_mascot_bsz_2_loss_0_1_0/checkpoint-60/images/on_top_of_a_dirt_road/
07/09/2024 08:59:28 - INFO - root - Image have been saved in /shenzihe/WD-Disk/output/mit_mascot_bsz_2_loss_0_1_0/checkpoint-60/images/on_top_of_a_dirt_road/
07/09/2024 08:59:41 - INFO - root - Image have been saved in /shenzihe/WD-Disk/output/mit_mascot_bsz_2_loss_0_1_0/checkpoint-60/images/on_top_of_a_dirt_road/
07/09/2024 08:59:41 - INFO - __main__ - Running validation... 
 Generating 4 images with prompt:on top of a white rug.
07/09/2024 08:59:54 - INFO - root - Image have been saved in /shenzihe/WD-Disk/output/mit_mascot_bsz_2_loss_0_1_0/checkpoint-60/images/on_top_of_a_white_rug/
07/09/2024 09:00:08 - INFO - root - Image have been saved in /shenzihe/WD-Disk/output/mit_mascot_bsz_2_loss_0_1_0/checkpoint-60/images/on_top_of_a_white_rug/
07/09/2024 09:00:21 - INFO - root - Image have been saved in /shenzihe/WD-Disk/output/mit_mascot_bsz_2_loss_0_1_0/checkpoint-60/images/on_top_of_a_white_rug/
07/09/2024 09:00:35 - INFO - root - Image have been saved in /shenzihe/WD-Disk/output/mit_mascot_bsz_2_loss_0_1_0/checkpoint-60/images/on_top_of_a_white_rug/
07/09/2024 09:00:35 - INFO - __main__ - Running validation... 
 Generating 4 images with prompt:red.
07/09/2024 09:00:48 - INFO - root - Image have been saved in /shenzihe/WD-Disk/output/mit_mascot_bsz_2_loss_0_1_0/checkpoint-60/images/red/
07/09/2024 09:01:01 - INFO - root - Image have been saved in /shenzihe/WD-Disk/output/mit_mascot_bsz_2_loss_0_1_0/checkpoint-60/images/red/
07/09/2024 09:01:15 - INFO - root - Image have been saved in /shenzihe/WD-Disk/output/mit_mascot_bsz_2_loss_0_1_0/checkpoint-60/images/red/
07/09/2024 09:01:28 - INFO - root - Image have been saved in /shenzihe/WD-Disk/output/mit_mascot_bsz_2_loss_0_1_0/checkpoint-60/images/red/
07/09/2024 09:01:28 - INFO - __main__ - Running validation... 
 Generating 4 images with prompt:purple.
07/09/2024 09:01:41 - INFO - root - Image have been saved in /shenzihe/WD-Disk/output/mit_mascot_bsz_2_loss_0_1_0/checkpoint-60/images/purple/
07/09/2024 09:01:54 - INFO - root - Image have been saved in /shenzihe/WD-Disk/output/mit_mascot_bsz_2_loss_0_1_0/checkpoint-60/images/purple/
07/09/2024 09:02:08 - INFO - root - Image have been saved in /shenzihe/WD-Disk/output/mit_mascot_bsz_2_loss_0_1_0/checkpoint-60/images/purple/
07/09/2024 09:02:21 - INFO - root - Image have been saved in /shenzihe/WD-Disk/output/mit_mascot_bsz_2_loss_0_1_0/checkpoint-60/images/purple/
07/09/2024 09:02:21 - INFO - __main__ - Running validation... 
 Generating 4 images with prompt:shiny.
07/09/2024 09:02:34 - INFO - root - Image have been saved in /shenzihe/WD-Disk/output/mit_mascot_bsz_2_loss_0_1_0/checkpoint-60/images/shiny/
07/09/2024 09:02:48 - INFO - root - Image have been saved in /shenzihe/WD-Disk/output/mit_mascot_bsz_2_loss_0_1_0/checkpoint-60/images/shiny/
07/09/2024 09:03:01 - INFO - root - Image have been saved in /shenzihe/WD-Disk/output/mit_mascot_bsz_2_loss_0_1_0/checkpoint-60/images/shiny/
07/09/2024 09:03:14 - INFO - root - Image have been saved in /shenzihe/WD-Disk/output/mit_mascot_bsz_2_loss_0_1_0/checkpoint-60/images/shiny/
07/09/2024 09:03:14 - INFO - __main__ - Running validation... 
 Generating 4 images with prompt:wet.
07/09/2024 09:03:28 - INFO - root - Image have been saved in /shenzihe/WD-Disk/output/mit_mascot_bsz_2_loss_0_1_0/checkpoint-60/images/wet/
07/09/2024 09:03:41 - INFO - root - Image have been saved in /shenzihe/WD-Disk/output/mit_mascot_bsz_2_loss_0_1_0/checkpoint-60/images/wet/
07/09/2024 09:03:54 - INFO - root - Image have been saved in /shenzihe/WD-Disk/output/mit_mascot_bsz_2_loss_0_1_0/checkpoint-60/images/wet/
07/09/2024 09:04:08 - INFO - root - Image have been saved in /shenzihe/WD-Disk/output/mit_mascot_bsz_2_loss_0_1_0/checkpoint-60/images/wet/
07/09/2024 09:04:08 - INFO - __main__ - Running validation... 
 Generating 4 images with prompt:cube shaped.
07/09/2024 09:04:21 - INFO - root - Image have been saved in /shenzihe/WD-Disk/output/mit_mascot_bsz_2_loss_0_1_0/checkpoint-60/images/cube_shaped/
07/09/2024 09:04:34 - INFO - root - Image have been saved in /shenzihe/WD-Disk/output/mit_mascot_bsz_2_loss_0_1_0/checkpoint-60/images/cube_shaped/
07/09/2024 09:04:48 - INFO - root - Image have been saved in /shenzihe/WD-Disk/output/mit_mascot_bsz_2_loss_0_1_0/checkpoint-60/images/cube_shaped/
07/09/2024 09:05:01 - INFO - root - Image have been saved in /shenzihe/WD-Disk/output/mit_mascot_bsz_2_loss_0_1_0/checkpoint-60/images/cube_shaped/
