07/08/2024 18:08:01 - INFO - __main__ - Distributed environment: NO
Num processes: 1
Process index: 0
Local process index: 0
Device: cuda

Mixed precision type: no

07/08/2024 18:08:01 - WARNING - py.warnings - /shenzihe/venv/lib/python3.10/site-packages/huggingface_hub/file_download.py:1132: FutureWarning: `resume_download` is deprecated and will be removed in version 1.0.0. Downloads always resume when possible. If you want to force a new download, use `force_download=True`.
  warnings.warn(

07/08/2024 18:08:03 - INFO - root - freeze vision encoder
07/08/2024 18:08:06 - INFO - root - Loaded ViT-H-14 model config.
07/08/2024 18:08:11 - INFO - root - Loading pretrained ViT-H-14 weights (laion2b_s32b_b79k).
07/08/2024 18:08:15 - WARNING - py.warnings - /shenzihe/venv/lib/python3.10/site-packages/diffusers/configuration_utils.py:215: FutureWarning: It is deprecated to pass a pretrained model name or path to `from_config`.If you were trying to load a scheduler, please use <class 'diffusers.schedulers.scheduling_ddpm.DDPMScheduler'>.from_pretrained(...) instead. Otherwise, please make sure to pass a configuration dictionary instead. This functionality will be removed in v1.0.0.
  deprecate("config-passed-as-path", "1.0.0", deprecation_message, standard_warn=False)

07/08/2024 18:08:15 - INFO - root - Loading pretrained model from /root/.cache/torch/hub/checkpoints/blip-diffusion
07/08/2024 18:08:15 - INFO - root - Loading pretrained BLIP2 Qformer weights.
07/08/2024 18:08:16 - INFO - root - Loading pretrained projection lyer weights.
07/08/2024 18:08:16 - INFO - root - Loading pretrained text encoder weights.
07/08/2024 18:08:17 - INFO - root - Loading pretrained vae weights.
07/08/2024 18:08:17 - INFO - root - Loading pretrained unet weights.
07/08/2024 18:08:21 - INFO - root - Using xformers.
07/08/2024 18:08:21 - INFO - root - Building datasets...
07/08/2024 18:08:21 - INFO - __main__ - 
***** Running training *****
07/08/2024 18:08:21 - INFO - __main__ -   Num examples = 4
07/08/2024 18:08:21 - INFO - __main__ -   Num batches each epoch = 2
07/08/2024 18:08:21 - INFO - __main__ -   Num Epochs = 30
07/08/2024 18:08:21 - INFO - __main__ -   Instantaneous batch size per device = 2
07/08/2024 18:08:21 - INFO - __main__ -   Total train batch size (w. parallel, distributed & accumulation) = 2
07/08/2024 18:08:21 - INFO - __main__ -   Gradient Accumulation steps = 1
07/08/2024 18:08:21 - INFO - __main__ -   Total optimization steps = 60
07/08/2024 18:08:23 - WARNING - py.warnings - /shenzihe/venv/lib/python3.10/site-packages/torch/backends/cuda/__init__.py:342: FutureWarning: torch.backends.cuda.sdp_kernel() is deprecated. In the future, this context manager will be removed. Please see, torch.nn.attention.sdpa_kernel() for the new context manager, with updated signature.
  warnings.warn(

07/08/2024 18:08:25 - INFO - root - {'loss': 0.3216233551502228, 'lr': 0.0001}
07/08/2024 18:08:27 - INFO - root - {'loss': 0.09938506036996841, 'lr': 0.0001}
07/08/2024 18:08:29 - INFO - root - {'loss': 0.4893938899040222, 'lr': 0.0001}
07/08/2024 18:08:31 - INFO - root - {'loss': 0.0166813712567091, 'lr': 0.0001}
07/08/2024 18:08:33 - INFO - root - {'loss': 0.14474476873874664, 'lr': 0.0001}
07/08/2024 18:08:35 - INFO - root - {'loss': 0.2869231104850769, 'lr': 0.0001}
07/08/2024 18:08:37 - INFO - root - {'loss': 0.019270524382591248, 'lr': 0.0001}
07/08/2024 18:08:39 - INFO - root - {'loss': 0.1530490666627884, 'lr': 0.0001}
07/08/2024 18:08:42 - INFO - root - {'loss': 0.2761405408382416, 'lr': 0.0001}
07/08/2024 18:08:44 - INFO - root - {'loss': 0.1104288324713707, 'lr': 0.0001}
07/08/2024 18:08:46 - INFO - root - {'loss': 0.0460834726691246, 'lr': 0.0001}
07/08/2024 18:08:48 - INFO - root - {'loss': 0.014394920319318771, 'lr': 0.0001}
07/08/2024 18:08:50 - INFO - root - {'loss': 0.2465735822916031, 'lr': 0.0001}
07/08/2024 18:08:52 - INFO - root - {'loss': 0.04716929420828819, 'lr': 0.0001}
07/08/2024 18:08:54 - INFO - root - {'loss': 0.04104692488908768, 'lr': 0.0001}
07/08/2024 18:08:56 - INFO - root - {'loss': 0.09237060695886612, 'lr': 0.0001}
07/08/2024 18:08:58 - INFO - root - {'loss': 0.222550630569458, 'lr': 0.0001}
07/08/2024 18:09:00 - INFO - root - {'loss': 0.07650388777256012, 'lr': 0.0001}
07/08/2024 18:09:03 - INFO - root - {'loss': 0.055353932082653046, 'lr': 0.0001}
07/08/2024 18:09:05 - INFO - root - {'loss': 0.16784663498401642, 'lr': 0.0001}
07/08/2024 18:09:05 - INFO - __main__ - Running validation... 
 Generating 4 images with prompt:in the jungle.
07/08/2024 18:09:05 - WARNING - py.warnings - /shenzihe/multi_BlipDisenBooth/multi_BD.py:646: FutureWarning: Accessing config attribute `in_channels` directly via 'UNet2DConditionModel' object attribute is deprecated. Please access 'in_channels' over 'UNet2DConditionModel's config object instead, e.g. 'unet.config.in_channels'.
  (1, self.unet.in_channels, height // 8, width // 8),

07/08/2024 18:09:05 - WARNING - py.warnings - /shenzihe/multi_BlipDisenBooth/multi_BD.py:652: FutureWarning: Accessing config attribute `in_channels` directly via 'UNet2DConditionModel' object attribute is deprecated. Please access 'in_channels' over 'UNet2DConditionModel's config object instead, e.g. 'unet.config.in_channels'.
  self.unet.in_channels,

07/08/2024 18:09:18 - INFO - root - Image have been saved in /shenzihe/WD-Disk/output/mit_mascot_bsz_2_loss_0_1_0.1/checkpoint-20/images/in_the_jungle/
07/08/2024 18:09:31 - INFO - root - Image have been saved in /shenzihe/WD-Disk/output/mit_mascot_bsz_2_loss_0_1_0.1/checkpoint-20/images/in_the_jungle/
07/08/2024 18:09:44 - INFO - root - Image have been saved in /shenzihe/WD-Disk/output/mit_mascot_bsz_2_loss_0_1_0.1/checkpoint-20/images/in_the_jungle/
07/08/2024 18:09:57 - INFO - root - Image have been saved in /shenzihe/WD-Disk/output/mit_mascot_bsz_2_loss_0_1_0.1/checkpoint-20/images/in_the_jungle/
07/08/2024 18:09:57 - INFO - __main__ - Running validation... 
 Generating 4 images with prompt:in the snow.
07/08/2024 18:10:10 - INFO - root - Image have been saved in /shenzihe/WD-Disk/output/mit_mascot_bsz_2_loss_0_1_0.1/checkpoint-20/images/in_the_snow/
07/08/2024 18:10:24 - INFO - root - Image have been saved in /shenzihe/WD-Disk/output/mit_mascot_bsz_2_loss_0_1_0.1/checkpoint-20/images/in_the_snow/
07/08/2024 18:10:37 - INFO - root - Image have been saved in /shenzihe/WD-Disk/output/mit_mascot_bsz_2_loss_0_1_0.1/checkpoint-20/images/in_the_snow/
07/08/2024 18:10:50 - INFO - root - Image have been saved in /shenzihe/WD-Disk/output/mit_mascot_bsz_2_loss_0_1_0.1/checkpoint-20/images/in_the_snow/
07/08/2024 18:10:50 - INFO - __main__ - Running validation... 
 Generating 4 images with prompt:on the beach.
07/08/2024 18:11:03 - INFO - root - Image have been saved in /shenzihe/WD-Disk/output/mit_mascot_bsz_2_loss_0_1_0.1/checkpoint-20/images/on_the_beach/
07/08/2024 18:11:16 - INFO - root - Image have been saved in /shenzihe/WD-Disk/output/mit_mascot_bsz_2_loss_0_1_0.1/checkpoint-20/images/on_the_beach/
07/08/2024 18:11:30 - INFO - root - Image have been saved in /shenzihe/WD-Disk/output/mit_mascot_bsz_2_loss_0_1_0.1/checkpoint-20/images/on_the_beach/
07/08/2024 18:11:43 - INFO - root - Image have been saved in /shenzihe/WD-Disk/output/mit_mascot_bsz_2_loss_0_1_0.1/checkpoint-20/images/on_the_beach/
07/08/2024 18:11:43 - INFO - __main__ - Running validation... 
 Generating 4 images with prompt:on a cobblestone street.
07/08/2024 18:11:56 - INFO - root - Image have been saved in /shenzihe/WD-Disk/output/mit_mascot_bsz_2_loss_0_1_0.1/checkpoint-20/images/on_a_cobblestone_street/
07/08/2024 18:12:09 - INFO - root - Image have been saved in /shenzihe/WD-Disk/output/mit_mascot_bsz_2_loss_0_1_0.1/checkpoint-20/images/on_a_cobblestone_street/
07/08/2024 18:12:23 - INFO - root - Image have been saved in /shenzihe/WD-Disk/output/mit_mascot_bsz_2_loss_0_1_0.1/checkpoint-20/images/on_a_cobblestone_street/
07/08/2024 18:12:36 - INFO - root - Image have been saved in /shenzihe/WD-Disk/output/mit_mascot_bsz_2_loss_0_1_0.1/checkpoint-20/images/on_a_cobblestone_street/
07/08/2024 18:12:36 - INFO - __main__ - Running validation... 
 Generating 4 images with prompt:on top of pink fabric.
07/08/2024 18:12:49 - INFO - root - Image have been saved in /shenzihe/WD-Disk/output/mit_mascot_bsz_2_loss_0_1_0.1/checkpoint-20/images/on_top_of_pink_fabric/
07/08/2024 18:13:02 - INFO - root - Image have been saved in /shenzihe/WD-Disk/output/mit_mascot_bsz_2_loss_0_1_0.1/checkpoint-20/images/on_top_of_pink_fabric/
07/08/2024 18:13:15 - INFO - root - Image have been saved in /shenzihe/WD-Disk/output/mit_mascot_bsz_2_loss_0_1_0.1/checkpoint-20/images/on_top_of_pink_fabric/
07/08/2024 18:13:29 - INFO - root - Image have been saved in /shenzihe/WD-Disk/output/mit_mascot_bsz_2_loss_0_1_0.1/checkpoint-20/images/on_top_of_pink_fabric/
07/08/2024 18:13:29 - INFO - __main__ - Running validation... 
 Generating 4 images with prompt:on top of a wooden floor.
07/08/2024 18:13:42 - INFO - root - Image have been saved in /shenzihe/WD-Disk/output/mit_mascot_bsz_2_loss_0_1_0.1/checkpoint-20/images/on_top_of_a_wooden_floor/
07/08/2024 18:13:55 - INFO - root - Image have been saved in /shenzihe/WD-Disk/output/mit_mascot_bsz_2_loss_0_1_0.1/checkpoint-20/images/on_top_of_a_wooden_floor/
07/08/2024 18:14:08 - INFO - root - Image have been saved in /shenzihe/WD-Disk/output/mit_mascot_bsz_2_loss_0_1_0.1/checkpoint-20/images/on_top_of_a_wooden_floor/
07/08/2024 18:14:21 - INFO - root - Image have been saved in /shenzihe/WD-Disk/output/mit_mascot_bsz_2_loss_0_1_0.1/checkpoint-20/images/on_top_of_a_wooden_floor/
07/08/2024 18:14:21 - INFO - __main__ - Running validation... 
 Generating 4 images with prompt:with a city in the background.
07/08/2024 18:14:35 - INFO - root - Image have been saved in /shenzihe/WD-Disk/output/mit_mascot_bsz_2_loss_0_1_0.1/checkpoint-20/images/with_a_city_in_the_background/
07/08/2024 18:14:48 - INFO - root - Image have been saved in /shenzihe/WD-Disk/output/mit_mascot_bsz_2_loss_0_1_0.1/checkpoint-20/images/with_a_city_in_the_background/
07/08/2024 18:15:01 - INFO - root - Image have been saved in /shenzihe/WD-Disk/output/mit_mascot_bsz_2_loss_0_1_0.1/checkpoint-20/images/with_a_city_in_the_background/
07/08/2024 18:15:14 - INFO - root - Image have been saved in /shenzihe/WD-Disk/output/mit_mascot_bsz_2_loss_0_1_0.1/checkpoint-20/images/with_a_city_in_the_background/
07/08/2024 18:15:14 - INFO - __main__ - Running validation... 
 Generating 4 images with prompt:with a mountain in the background.
07/08/2024 18:15:27 - INFO - root - Image have been saved in /shenzihe/WD-Disk/output/mit_mascot_bsz_2_loss_0_1_0.1/checkpoint-20/images/with_a_mountain_in_the_background/
07/08/2024 18:15:41 - INFO - root - Image have been saved in /shenzihe/WD-Disk/output/mit_mascot_bsz_2_loss_0_1_0.1/checkpoint-20/images/with_a_mountain_in_the_background/
07/08/2024 18:15:54 - INFO - root - Image have been saved in /shenzihe/WD-Disk/output/mit_mascot_bsz_2_loss_0_1_0.1/checkpoint-20/images/with_a_mountain_in_the_background/
07/08/2024 18:16:07 - INFO - root - Image have been saved in /shenzihe/WD-Disk/output/mit_mascot_bsz_2_loss_0_1_0.1/checkpoint-20/images/with_a_mountain_in_the_background/
07/08/2024 18:16:07 - INFO - __main__ - Running validation... 
 Generating 4 images with prompt:with a blue house in the background.
07/08/2024 18:16:20 - INFO - root - Image have been saved in /shenzihe/WD-Disk/output/mit_mascot_bsz_2_loss_0_1_0.1/checkpoint-20/images/with_a_blue_house_in_the_background/
07/08/2024 18:16:34 - INFO - root - Image have been saved in /shenzihe/WD-Disk/output/mit_mascot_bsz_2_loss_0_1_0.1/checkpoint-20/images/with_a_blue_house_in_the_background/
07/08/2024 18:16:47 - INFO - root - Image have been saved in /shenzihe/WD-Disk/output/mit_mascot_bsz_2_loss_0_1_0.1/checkpoint-20/images/with_a_blue_house_in_the_background/
07/08/2024 18:17:00 - INFO - root - Image have been saved in /shenzihe/WD-Disk/output/mit_mascot_bsz_2_loss_0_1_0.1/checkpoint-20/images/with_a_blue_house_in_the_background/
07/08/2024 18:17:00 - INFO - __main__ - Running validation... 
 Generating 4 images with prompt:on top of a purple rug in a forest.
07/08/2024 18:17:13 - INFO - root - Image have been saved in /shenzihe/WD-Disk/output/mit_mascot_bsz_2_loss_0_1_0.1/checkpoint-20/images/on_top_of_a_purple_rug_in_a_forest/
07/08/2024 18:17:26 - INFO - root - Image have been saved in /shenzihe/WD-Disk/output/mit_mascot_bsz_2_loss_0_1_0.1/checkpoint-20/images/on_top_of_a_purple_rug_in_a_forest/
07/08/2024 18:17:40 - INFO - root - Image have been saved in /shenzihe/WD-Disk/output/mit_mascot_bsz_2_loss_0_1_0.1/checkpoint-20/images/on_top_of_a_purple_rug_in_a_forest/
07/08/2024 18:17:53 - INFO - root - Image have been saved in /shenzihe/WD-Disk/output/mit_mascot_bsz_2_loss_0_1_0.1/checkpoint-20/images/on_top_of_a_purple_rug_in_a_forest/
07/08/2024 18:17:53 - INFO - __main__ - Running validation... 
 Generating 4 images with prompt:with a wheat field in the background.
07/08/2024 18:18:06 - INFO - root - Image have been saved in /shenzihe/WD-Disk/output/mit_mascot_bsz_2_loss_0_1_0.1/checkpoint-20/images/with_a_wheat_field_in_the_background/
07/08/2024 18:18:19 - INFO - root - Image have been saved in /shenzihe/WD-Disk/output/mit_mascot_bsz_2_loss_0_1_0.1/checkpoint-20/images/with_a_wheat_field_in_the_background/
07/08/2024 18:18:32 - INFO - root - Image have been saved in /shenzihe/WD-Disk/output/mit_mascot_bsz_2_loss_0_1_0.1/checkpoint-20/images/with_a_wheat_field_in_the_background/
07/08/2024 18:18:46 - INFO - root - Image have been saved in /shenzihe/WD-Disk/output/mit_mascot_bsz_2_loss_0_1_0.1/checkpoint-20/images/with_a_wheat_field_in_the_background/
07/08/2024 18:18:46 - INFO - __main__ - Running validation... 
 Generating 4 images with prompt:with a tree and autumn leaves in the background.
07/08/2024 18:18:59 - INFO - root - Image have been saved in /shenzihe/WD-Disk/output/mit_mascot_bsz_2_loss_0_1_0.1/checkpoint-20/images/with_a_tree_and_autumn_leaves_in_the_background/
07/08/2024 18:19:12 - INFO - root - Image have been saved in /shenzihe/WD-Disk/output/mit_mascot_bsz_2_loss_0_1_0.1/checkpoint-20/images/with_a_tree_and_autumn_leaves_in_the_background/
07/08/2024 18:19:25 - INFO - root - Image have been saved in /shenzihe/WD-Disk/output/mit_mascot_bsz_2_loss_0_1_0.1/checkpoint-20/images/with_a_tree_and_autumn_leaves_in_the_background/
07/08/2024 18:19:38 - INFO - root - Image have been saved in /shenzihe/WD-Disk/output/mit_mascot_bsz_2_loss_0_1_0.1/checkpoint-20/images/with_a_tree_and_autumn_leaves_in_the_background/
07/08/2024 18:19:38 - INFO - __main__ - Running validation... 
 Generating 4 images with prompt:with the Eiffel Tower in the background.
07/08/2024 18:19:52 - INFO - root - Image have been saved in /shenzihe/WD-Disk/output/mit_mascot_bsz_2_loss_0_1_0.1/checkpoint-20/images/with_the_Eiffel_Tower_in_the_background/
07/08/2024 18:20:05 - INFO - root - Image have been saved in /shenzihe/WD-Disk/output/mit_mascot_bsz_2_loss_0_1_0.1/checkpoint-20/images/with_the_Eiffel_Tower_in_the_background/
07/08/2024 18:20:18 - INFO - root - Image have been saved in /shenzihe/WD-Disk/output/mit_mascot_bsz_2_loss_0_1_0.1/checkpoint-20/images/with_the_Eiffel_Tower_in_the_background/
07/08/2024 18:20:31 - INFO - root - Image have been saved in /shenzihe/WD-Disk/output/mit_mascot_bsz_2_loss_0_1_0.1/checkpoint-20/images/with_the_Eiffel_Tower_in_the_background/
07/08/2024 18:20:31 - INFO - __main__ - Running validation... 
 Generating 4 images with prompt:floating on top of water.
07/08/2024 18:20:44 - INFO - root - Image have been saved in /shenzihe/WD-Disk/output/mit_mascot_bsz_2_loss_0_1_0.1/checkpoint-20/images/floating_on_top_of_water/
07/08/2024 18:20:58 - INFO - root - Image have been saved in /shenzihe/WD-Disk/output/mit_mascot_bsz_2_loss_0_1_0.1/checkpoint-20/images/floating_on_top_of_water/
07/08/2024 18:21:11 - INFO - root - Image have been saved in /shenzihe/WD-Disk/output/mit_mascot_bsz_2_loss_0_1_0.1/checkpoint-20/images/floating_on_top_of_water/
07/08/2024 18:21:24 - INFO - root - Image have been saved in /shenzihe/WD-Disk/output/mit_mascot_bsz_2_loss_0_1_0.1/checkpoint-20/images/floating_on_top_of_water/
07/08/2024 18:21:24 - INFO - __main__ - Running validation... 
 Generating 4 images with prompt:floating in an ocean of milk.
07/08/2024 18:21:37 - INFO - root - Image have been saved in /shenzihe/WD-Disk/output/mit_mascot_bsz_2_loss_0_1_0.1/checkpoint-20/images/floating_in_an_ocean_of_milk/
07/08/2024 18:21:50 - INFO - root - Image have been saved in /shenzihe/WD-Disk/output/mit_mascot_bsz_2_loss_0_1_0.1/checkpoint-20/images/floating_in_an_ocean_of_milk/
07/08/2024 18:22:04 - INFO - root - Image have been saved in /shenzihe/WD-Disk/output/mit_mascot_bsz_2_loss_0_1_0.1/checkpoint-20/images/floating_in_an_ocean_of_milk/
07/08/2024 18:22:17 - INFO - root - Image have been saved in /shenzihe/WD-Disk/output/mit_mascot_bsz_2_loss_0_1_0.1/checkpoint-20/images/floating_in_an_ocean_of_milk/
07/08/2024 18:22:17 - INFO - __main__ - Running validation... 
 Generating 4 images with prompt:on top of green grass with sunflowers around it.
07/08/2024 18:22:30 - INFO - root - Image have been saved in /shenzihe/WD-Disk/output/mit_mascot_bsz_2_loss_0_1_0.1/checkpoint-20/images/on_top_of_green_grass_with_sunflowers_around_it/
07/08/2024 18:22:43 - INFO - root - Image have been saved in /shenzihe/WD-Disk/output/mit_mascot_bsz_2_loss_0_1_0.1/checkpoint-20/images/on_top_of_green_grass_with_sunflowers_around_it/
07/08/2024 18:22:56 - INFO - root - Image have been saved in /shenzihe/WD-Disk/output/mit_mascot_bsz_2_loss_0_1_0.1/checkpoint-20/images/on_top_of_green_grass_with_sunflowers_around_it/
07/08/2024 18:23:10 - INFO - root - Image have been saved in /shenzihe/WD-Disk/output/mit_mascot_bsz_2_loss_0_1_0.1/checkpoint-20/images/on_top_of_green_grass_with_sunflowers_around_it/
07/08/2024 18:23:10 - INFO - __main__ - Running validation... 
 Generating 4 images with prompt:on top of a mirror.
07/08/2024 18:23:23 - INFO - root - Image have been saved in /shenzihe/WD-Disk/output/mit_mascot_bsz_2_loss_0_1_0.1/checkpoint-20/images/on_top_of_a_mirror/
07/08/2024 18:23:36 - INFO - root - Image have been saved in /shenzihe/WD-Disk/output/mit_mascot_bsz_2_loss_0_1_0.1/checkpoint-20/images/on_top_of_a_mirror/
07/08/2024 18:23:49 - INFO - root - Image have been saved in /shenzihe/WD-Disk/output/mit_mascot_bsz_2_loss_0_1_0.1/checkpoint-20/images/on_top_of_a_mirror/
07/08/2024 18:24:03 - INFO - root - Image have been saved in /shenzihe/WD-Disk/output/mit_mascot_bsz_2_loss_0_1_0.1/checkpoint-20/images/on_top_of_a_mirror/
07/08/2024 18:24:03 - INFO - __main__ - Running validation... 
 Generating 4 images with prompt:on top of the sidewalk in a crowded street.
07/08/2024 18:24:16 - INFO - root - Image have been saved in /shenzihe/WD-Disk/output/mit_mascot_bsz_2_loss_0_1_0.1/checkpoint-20/images/on_top_of_the_sidewalk_in_a_crowded_street/
07/08/2024 18:24:29 - INFO - root - Image have been saved in /shenzihe/WD-Disk/output/mit_mascot_bsz_2_loss_0_1_0.1/checkpoint-20/images/on_top_of_the_sidewalk_in_a_crowded_street/
07/08/2024 18:24:42 - INFO - root - Image have been saved in /shenzihe/WD-Disk/output/mit_mascot_bsz_2_loss_0_1_0.1/checkpoint-20/images/on_top_of_the_sidewalk_in_a_crowded_street/
07/08/2024 18:24:55 - INFO - root - Image have been saved in /shenzihe/WD-Disk/output/mit_mascot_bsz_2_loss_0_1_0.1/checkpoint-20/images/on_top_of_the_sidewalk_in_a_crowded_street/
07/08/2024 18:24:55 - INFO - __main__ - Running validation... 
 Generating 4 images with prompt:on top of a dirt road.
07/08/2024 18:25:09 - INFO - root - Image have been saved in /shenzihe/WD-Disk/output/mit_mascot_bsz_2_loss_0_1_0.1/checkpoint-20/images/on_top_of_a_dirt_road/
07/08/2024 18:25:22 - INFO - root - Image have been saved in /shenzihe/WD-Disk/output/mit_mascot_bsz_2_loss_0_1_0.1/checkpoint-20/images/on_top_of_a_dirt_road/
07/08/2024 18:25:35 - INFO - root - Image have been saved in /shenzihe/WD-Disk/output/mit_mascot_bsz_2_loss_0_1_0.1/checkpoint-20/images/on_top_of_a_dirt_road/
07/08/2024 18:25:49 - INFO - root - Image have been saved in /shenzihe/WD-Disk/output/mit_mascot_bsz_2_loss_0_1_0.1/checkpoint-20/images/on_top_of_a_dirt_road/
07/08/2024 18:25:49 - INFO - __main__ - Running validation... 
 Generating 4 images with prompt:on top of a white rug.
07/08/2024 18:26:02 - INFO - root - Image have been saved in /shenzihe/WD-Disk/output/mit_mascot_bsz_2_loss_0_1_0.1/checkpoint-20/images/on_top_of_a_white_rug/
07/08/2024 18:26:15 - INFO - root - Image have been saved in /shenzihe/WD-Disk/output/mit_mascot_bsz_2_loss_0_1_0.1/checkpoint-20/images/on_top_of_a_white_rug/
07/08/2024 18:26:28 - INFO - root - Image have been saved in /shenzihe/WD-Disk/output/mit_mascot_bsz_2_loss_0_1_0.1/checkpoint-20/images/on_top_of_a_white_rug/
07/08/2024 18:26:41 - INFO - root - Image have been saved in /shenzihe/WD-Disk/output/mit_mascot_bsz_2_loss_0_1_0.1/checkpoint-20/images/on_top_of_a_white_rug/
07/08/2024 18:26:41 - INFO - __main__ - Running validation... 
 Generating 4 images with prompt:red.
07/08/2024 18:26:55 - INFO - root - Image have been saved in /shenzihe/WD-Disk/output/mit_mascot_bsz_2_loss_0_1_0.1/checkpoint-20/images/red/
07/08/2024 18:27:08 - INFO - root - Image have been saved in /shenzihe/WD-Disk/output/mit_mascot_bsz_2_loss_0_1_0.1/checkpoint-20/images/red/
07/08/2024 18:27:21 - INFO - root - Image have been saved in /shenzihe/WD-Disk/output/mit_mascot_bsz_2_loss_0_1_0.1/checkpoint-20/images/red/
07/08/2024 18:27:34 - INFO - root - Image have been saved in /shenzihe/WD-Disk/output/mit_mascot_bsz_2_loss_0_1_0.1/checkpoint-20/images/red/
07/08/2024 18:27:34 - INFO - __main__ - Running validation... 
 Generating 4 images with prompt:purple.
07/08/2024 18:27:48 - INFO - root - Image have been saved in /shenzihe/WD-Disk/output/mit_mascot_bsz_2_loss_0_1_0.1/checkpoint-20/images/purple/
07/08/2024 18:28:01 - INFO - root - Image have been saved in /shenzihe/WD-Disk/output/mit_mascot_bsz_2_loss_0_1_0.1/checkpoint-20/images/purple/
07/08/2024 18:28:14 - INFO - root - Image have been saved in /shenzihe/WD-Disk/output/mit_mascot_bsz_2_loss_0_1_0.1/checkpoint-20/images/purple/
07/08/2024 18:28:27 - INFO - root - Image have been saved in /shenzihe/WD-Disk/output/mit_mascot_bsz_2_loss_0_1_0.1/checkpoint-20/images/purple/
07/08/2024 18:28:27 - INFO - __main__ - Running validation... 
 Generating 4 images with prompt:shiny.
07/08/2024 18:28:40 - INFO - root - Image have been saved in /shenzihe/WD-Disk/output/mit_mascot_bsz_2_loss_0_1_0.1/checkpoint-20/images/shiny/
07/08/2024 18:28:54 - INFO - root - Image have been saved in /shenzihe/WD-Disk/output/mit_mascot_bsz_2_loss_0_1_0.1/checkpoint-20/images/shiny/
07/08/2024 18:29:07 - INFO - root - Image have been saved in /shenzihe/WD-Disk/output/mit_mascot_bsz_2_loss_0_1_0.1/checkpoint-20/images/shiny/
07/08/2024 18:29:20 - INFO - root - Image have been saved in /shenzihe/WD-Disk/output/mit_mascot_bsz_2_loss_0_1_0.1/checkpoint-20/images/shiny/
07/08/2024 18:29:20 - INFO - __main__ - Running validation... 
 Generating 4 images with prompt:wet.
07/08/2024 18:29:33 - INFO - root - Image have been saved in /shenzihe/WD-Disk/output/mit_mascot_bsz_2_loss_0_1_0.1/checkpoint-20/images/wet/
07/08/2024 18:29:46 - INFO - root - Image have been saved in /shenzihe/WD-Disk/output/mit_mascot_bsz_2_loss_0_1_0.1/checkpoint-20/images/wet/
07/08/2024 18:30:00 - INFO - root - Image have been saved in /shenzihe/WD-Disk/output/mit_mascot_bsz_2_loss_0_1_0.1/checkpoint-20/images/wet/
07/08/2024 18:30:13 - INFO - root - Image have been saved in /shenzihe/WD-Disk/output/mit_mascot_bsz_2_loss_0_1_0.1/checkpoint-20/images/wet/
07/08/2024 18:30:13 - INFO - __main__ - Running validation... 
 Generating 4 images with prompt:cube shaped.
07/08/2024 18:30:26 - INFO - root - Image have been saved in /shenzihe/WD-Disk/output/mit_mascot_bsz_2_loss_0_1_0.1/checkpoint-20/images/cube_shaped/
07/08/2024 18:30:39 - INFO - root - Image have been saved in /shenzihe/WD-Disk/output/mit_mascot_bsz_2_loss_0_1_0.1/checkpoint-20/images/cube_shaped/
07/08/2024 18:30:52 - INFO - root - Image have been saved in /shenzihe/WD-Disk/output/mit_mascot_bsz_2_loss_0_1_0.1/checkpoint-20/images/cube_shaped/
07/08/2024 18:31:06 - INFO - root - Image have been saved in /shenzihe/WD-Disk/output/mit_mascot_bsz_2_loss_0_1_0.1/checkpoint-20/images/cube_shaped/
07/08/2024 18:31:08 - INFO - root - {'loss': 0.018161265179514885, 'lr': 0.0001}
07/08/2024 18:31:10 - INFO - root - {'loss': 0.43496331572532654, 'lr': 0.0001}
07/08/2024 18:31:12 - INFO - root - {'loss': 0.17042836546897888, 'lr': 0.0001}
07/08/2024 18:31:14 - INFO - root - {'loss': 0.13551512360572815, 'lr': 0.0001}
07/08/2024 18:31:16 - INFO - root - {'loss': 0.19632670283317566, 'lr': 0.0001}
07/08/2024 18:31:18 - INFO - root - {'loss': 0.10450886934995651, 'lr': 0.0001}
07/08/2024 18:31:21 - INFO - root - {'loss': 0.08900532871484756, 'lr': 0.0001}
07/08/2024 18:31:23 - INFO - root - {'loss': 0.46872392296791077, 'lr': 0.0001}
07/08/2024 18:31:25 - INFO - root - {'loss': 0.45939192175865173, 'lr': 0.0001}
07/08/2024 18:31:27 - INFO - root - {'loss': 0.24504268169403076, 'lr': 0.0001}
07/08/2024 18:31:29 - INFO - root - {'loss': 0.1461763083934784, 'lr': 0.0001}
07/08/2024 18:31:31 - INFO - root - {'loss': 0.2140498161315918, 'lr': 0.0001}
07/08/2024 18:31:33 - INFO - root - {'loss': 0.12439646571874619, 'lr': 0.0001}
07/08/2024 18:31:35 - INFO - root - {'loss': 0.006810168735682964, 'lr': 0.0001}
07/08/2024 18:31:38 - INFO - root - {'loss': 0.16993576288223267, 'lr': 0.0001}
07/08/2024 18:31:40 - INFO - root - {'loss': 0.05488254129886627, 'lr': 0.0001}
07/08/2024 18:31:42 - INFO - root - {'loss': 0.5613450407981873, 'lr': 0.0001}
07/08/2024 18:31:44 - INFO - root - {'loss': 0.5839840173721313, 'lr': 0.0001}
07/08/2024 18:31:46 - INFO - root - {'loss': 0.08390048891305923, 'lr': 0.0001}
07/08/2024 18:31:48 - INFO - root - {'loss': 0.34570151567459106, 'lr': 0.0001}
07/08/2024 18:31:48 - INFO - __main__ - Running validation... 
 Generating 4 images with prompt:in the jungle.
07/08/2024 18:32:01 - INFO - root - Image have been saved in /shenzihe/WD-Disk/output/mit_mascot_bsz_2_loss_0_1_0.1/checkpoint-40/images/in_the_jungle/
07/08/2024 18:32:14 - INFO - root - Image have been saved in /shenzihe/WD-Disk/output/mit_mascot_bsz_2_loss_0_1_0.1/checkpoint-40/images/in_the_jungle/
07/08/2024 18:32:28 - INFO - root - Image have been saved in /shenzihe/WD-Disk/output/mit_mascot_bsz_2_loss_0_1_0.1/checkpoint-40/images/in_the_jungle/
07/08/2024 18:32:41 - INFO - root - Image have been saved in /shenzihe/WD-Disk/output/mit_mascot_bsz_2_loss_0_1_0.1/checkpoint-40/images/in_the_jungle/
07/08/2024 18:32:41 - INFO - __main__ - Running validation... 
 Generating 4 images with prompt:in the snow.
07/08/2024 18:32:54 - INFO - root - Image have been saved in /shenzihe/WD-Disk/output/mit_mascot_bsz_2_loss_0_1_0.1/checkpoint-40/images/in_the_snow/
07/08/2024 18:33:07 - INFO - root - Image have been saved in /shenzihe/WD-Disk/output/mit_mascot_bsz_2_loss_0_1_0.1/checkpoint-40/images/in_the_snow/
07/08/2024 18:33:20 - INFO - root - Image have been saved in /shenzihe/WD-Disk/output/mit_mascot_bsz_2_loss_0_1_0.1/checkpoint-40/images/in_the_snow/
07/08/2024 18:33:34 - INFO - root - Image have been saved in /shenzihe/WD-Disk/output/mit_mascot_bsz_2_loss_0_1_0.1/checkpoint-40/images/in_the_snow/
07/08/2024 18:33:34 - INFO - __main__ - Running validation... 
 Generating 4 images with prompt:on the beach.
07/08/2024 18:33:47 - INFO - root - Image have been saved in /shenzihe/WD-Disk/output/mit_mascot_bsz_2_loss_0_1_0.1/checkpoint-40/images/on_the_beach/
07/08/2024 18:34:00 - INFO - root - Image have been saved in /shenzihe/WD-Disk/output/mit_mascot_bsz_2_loss_0_1_0.1/checkpoint-40/images/on_the_beach/
07/08/2024 18:34:13 - INFO - root - Image have been saved in /shenzihe/WD-Disk/output/mit_mascot_bsz_2_loss_0_1_0.1/checkpoint-40/images/on_the_beach/
07/08/2024 18:34:26 - INFO - root - Image have been saved in /shenzihe/WD-Disk/output/mit_mascot_bsz_2_loss_0_1_0.1/checkpoint-40/images/on_the_beach/
07/08/2024 18:34:26 - INFO - __main__ - Running validation... 
 Generating 4 images with prompt:on a cobblestone street.
07/08/2024 18:34:40 - INFO - root - Image have been saved in /shenzihe/WD-Disk/output/mit_mascot_bsz_2_loss_0_1_0.1/checkpoint-40/images/on_a_cobblestone_street/
07/08/2024 18:34:53 - INFO - root - Image have been saved in /shenzihe/WD-Disk/output/mit_mascot_bsz_2_loss_0_1_0.1/checkpoint-40/images/on_a_cobblestone_street/
07/08/2024 18:35:06 - INFO - root - Image have been saved in /shenzihe/WD-Disk/output/mit_mascot_bsz_2_loss_0_1_0.1/checkpoint-40/images/on_a_cobblestone_street/
07/08/2024 18:35:19 - INFO - root - Image have been saved in /shenzihe/WD-Disk/output/mit_mascot_bsz_2_loss_0_1_0.1/checkpoint-40/images/on_a_cobblestone_street/
07/08/2024 18:35:19 - INFO - __main__ - Running validation... 
 Generating 4 images with prompt:on top of pink fabric.
07/08/2024 18:35:32 - INFO - root - Image have been saved in /shenzihe/WD-Disk/output/mit_mascot_bsz_2_loss_0_1_0.1/checkpoint-40/images/on_top_of_pink_fabric/
07/08/2024 18:35:46 - INFO - root - Image have been saved in /shenzihe/WD-Disk/output/mit_mascot_bsz_2_loss_0_1_0.1/checkpoint-40/images/on_top_of_pink_fabric/
07/08/2024 18:35:59 - INFO - root - Image have been saved in /shenzihe/WD-Disk/output/mit_mascot_bsz_2_loss_0_1_0.1/checkpoint-40/images/on_top_of_pink_fabric/
07/08/2024 18:36:12 - INFO - root - Image have been saved in /shenzihe/WD-Disk/output/mit_mascot_bsz_2_loss_0_1_0.1/checkpoint-40/images/on_top_of_pink_fabric/
07/08/2024 18:36:12 - INFO - __main__ - Running validation... 
 Generating 4 images with prompt:on top of a wooden floor.
07/08/2024 18:36:25 - INFO - root - Image have been saved in /shenzihe/WD-Disk/output/mit_mascot_bsz_2_loss_0_1_0.1/checkpoint-40/images/on_top_of_a_wooden_floor/
07/08/2024 18:36:39 - INFO - root - Image have been saved in /shenzihe/WD-Disk/output/mit_mascot_bsz_2_loss_0_1_0.1/checkpoint-40/images/on_top_of_a_wooden_floor/
07/08/2024 18:36:52 - INFO - root - Image have been saved in /shenzihe/WD-Disk/output/mit_mascot_bsz_2_loss_0_1_0.1/checkpoint-40/images/on_top_of_a_wooden_floor/
07/08/2024 18:37:05 - INFO - root - Image have been saved in /shenzihe/WD-Disk/output/mit_mascot_bsz_2_loss_0_1_0.1/checkpoint-40/images/on_top_of_a_wooden_floor/
07/08/2024 18:37:05 - INFO - __main__ - Running validation... 
 Generating 4 images with prompt:with a city in the background.
07/08/2024 18:37:18 - INFO - root - Image have been saved in /shenzihe/WD-Disk/output/mit_mascot_bsz_2_loss_0_1_0.1/checkpoint-40/images/with_a_city_in_the_background/
07/08/2024 18:37:31 - INFO - root - Image have been saved in /shenzihe/WD-Disk/output/mit_mascot_bsz_2_loss_0_1_0.1/checkpoint-40/images/with_a_city_in_the_background/
07/08/2024 18:37:45 - INFO - root - Image have been saved in /shenzihe/WD-Disk/output/mit_mascot_bsz_2_loss_0_1_0.1/checkpoint-40/images/with_a_city_in_the_background/
07/08/2024 18:37:58 - INFO - root - Image have been saved in /shenzihe/WD-Disk/output/mit_mascot_bsz_2_loss_0_1_0.1/checkpoint-40/images/with_a_city_in_the_background/
07/08/2024 18:37:58 - INFO - __main__ - Running validation... 
 Generating 4 images with prompt:with a mountain in the background.
07/08/2024 18:38:11 - INFO - root - Image have been saved in /shenzihe/WD-Disk/output/mit_mascot_bsz_2_loss_0_1_0.1/checkpoint-40/images/with_a_mountain_in_the_background/
07/08/2024 18:38:24 - INFO - root - Image have been saved in /shenzihe/WD-Disk/output/mit_mascot_bsz_2_loss_0_1_0.1/checkpoint-40/images/with_a_mountain_in_the_background/
07/08/2024 18:38:37 - INFO - root - Image have been saved in /shenzihe/WD-Disk/output/mit_mascot_bsz_2_loss_0_1_0.1/checkpoint-40/images/with_a_mountain_in_the_background/
07/08/2024 18:38:51 - INFO - root - Image have been saved in /shenzihe/WD-Disk/output/mit_mascot_bsz_2_loss_0_1_0.1/checkpoint-40/images/with_a_mountain_in_the_background/
07/08/2024 18:38:51 - INFO - __main__ - Running validation... 
 Generating 4 images with prompt:with a blue house in the background.
07/08/2024 18:39:04 - INFO - root - Image have been saved in /shenzihe/WD-Disk/output/mit_mascot_bsz_2_loss_0_1_0.1/checkpoint-40/images/with_a_blue_house_in_the_background/
07/08/2024 18:39:17 - INFO - root - Image have been saved in /shenzihe/WD-Disk/output/mit_mascot_bsz_2_loss_0_1_0.1/checkpoint-40/images/with_a_blue_house_in_the_background/
07/08/2024 18:39:30 - INFO - root - Image have been saved in /shenzihe/WD-Disk/output/mit_mascot_bsz_2_loss_0_1_0.1/checkpoint-40/images/with_a_blue_house_in_the_background/
07/08/2024 18:39:44 - INFO - root - Image have been saved in /shenzihe/WD-Disk/output/mit_mascot_bsz_2_loss_0_1_0.1/checkpoint-40/images/with_a_blue_house_in_the_background/
07/08/2024 18:39:44 - INFO - __main__ - Running validation... 
 Generating 4 images with prompt:on top of a purple rug in a forest.
07/08/2024 18:39:57 - INFO - root - Image have been saved in /shenzihe/WD-Disk/output/mit_mascot_bsz_2_loss_0_1_0.1/checkpoint-40/images/on_top_of_a_purple_rug_in_a_forest/
07/08/2024 18:40:10 - INFO - root - Image have been saved in /shenzihe/WD-Disk/output/mit_mascot_bsz_2_loss_0_1_0.1/checkpoint-40/images/on_top_of_a_purple_rug_in_a_forest/
07/08/2024 18:40:23 - INFO - root - Image have been saved in /shenzihe/WD-Disk/output/mit_mascot_bsz_2_loss_0_1_0.1/checkpoint-40/images/on_top_of_a_purple_rug_in_a_forest/
07/08/2024 18:40:36 - INFO - root - Image have been saved in /shenzihe/WD-Disk/output/mit_mascot_bsz_2_loss_0_1_0.1/checkpoint-40/images/on_top_of_a_purple_rug_in_a_forest/
07/08/2024 18:40:36 - INFO - __main__ - Running validation... 
 Generating 4 images with prompt:with a wheat field in the background.
07/08/2024 18:40:50 - INFO - root - Image have been saved in /shenzihe/WD-Disk/output/mit_mascot_bsz_2_loss_0_1_0.1/checkpoint-40/images/with_a_wheat_field_in_the_background/
07/08/2024 18:41:03 - INFO - root - Image have been saved in /shenzihe/WD-Disk/output/mit_mascot_bsz_2_loss_0_1_0.1/checkpoint-40/images/with_a_wheat_field_in_the_background/
07/08/2024 18:41:16 - INFO - root - Image have been saved in /shenzihe/WD-Disk/output/mit_mascot_bsz_2_loss_0_1_0.1/checkpoint-40/images/with_a_wheat_field_in_the_background/
07/08/2024 18:41:29 - INFO - root - Image have been saved in /shenzihe/WD-Disk/output/mit_mascot_bsz_2_loss_0_1_0.1/checkpoint-40/images/with_a_wheat_field_in_the_background/
07/08/2024 18:41:29 - INFO - __main__ - Running validation... 
 Generating 4 images with prompt:with a tree and autumn leaves in the background.
07/08/2024 18:41:43 - INFO - root - Image have been saved in /shenzihe/WD-Disk/output/mit_mascot_bsz_2_loss_0_1_0.1/checkpoint-40/images/with_a_tree_and_autumn_leaves_in_the_background/
07/08/2024 18:41:56 - INFO - root - Image have been saved in /shenzihe/WD-Disk/output/mit_mascot_bsz_2_loss_0_1_0.1/checkpoint-40/images/with_a_tree_and_autumn_leaves_in_the_background/
07/08/2024 18:42:09 - INFO - root - Image have been saved in /shenzihe/WD-Disk/output/mit_mascot_bsz_2_loss_0_1_0.1/checkpoint-40/images/with_a_tree_and_autumn_leaves_in_the_background/
07/08/2024 18:42:22 - INFO - root - Image have been saved in /shenzihe/WD-Disk/output/mit_mascot_bsz_2_loss_0_1_0.1/checkpoint-40/images/with_a_tree_and_autumn_leaves_in_the_background/
07/08/2024 18:42:22 - INFO - __main__ - Running validation... 
 Generating 4 images with prompt:with the Eiffel Tower in the background.
07/08/2024 18:42:35 - INFO - root - Image have been saved in /shenzihe/WD-Disk/output/mit_mascot_bsz_2_loss_0_1_0.1/checkpoint-40/images/with_the_Eiffel_Tower_in_the_background/
07/08/2024 18:42:49 - INFO - root - Image have been saved in /shenzihe/WD-Disk/output/mit_mascot_bsz_2_loss_0_1_0.1/checkpoint-40/images/with_the_Eiffel_Tower_in_the_background/
07/08/2024 18:43:02 - INFO - root - Image have been saved in /shenzihe/WD-Disk/output/mit_mascot_bsz_2_loss_0_1_0.1/checkpoint-40/images/with_the_Eiffel_Tower_in_the_background/
07/08/2024 18:43:15 - INFO - root - Image have been saved in /shenzihe/WD-Disk/output/mit_mascot_bsz_2_loss_0_1_0.1/checkpoint-40/images/with_the_Eiffel_Tower_in_the_background/
07/08/2024 18:43:15 - INFO - __main__ - Running validation... 
 Generating 4 images with prompt:floating on top of water.
07/08/2024 18:43:28 - INFO - root - Image have been saved in /shenzihe/WD-Disk/output/mit_mascot_bsz_2_loss_0_1_0.1/checkpoint-40/images/floating_on_top_of_water/
07/08/2024 18:43:41 - INFO - root - Image have been saved in /shenzihe/WD-Disk/output/mit_mascot_bsz_2_loss_0_1_0.1/checkpoint-40/images/floating_on_top_of_water/
07/08/2024 18:43:55 - INFO - root - Image have been saved in /shenzihe/WD-Disk/output/mit_mascot_bsz_2_loss_0_1_0.1/checkpoint-40/images/floating_on_top_of_water/
07/08/2024 18:44:08 - INFO - root - Image have been saved in /shenzihe/WD-Disk/output/mit_mascot_bsz_2_loss_0_1_0.1/checkpoint-40/images/floating_on_top_of_water/
07/08/2024 18:44:08 - INFO - __main__ - Running validation... 
 Generating 4 images with prompt:floating in an ocean of milk.
07/08/2024 18:44:21 - INFO - root - Image have been saved in /shenzihe/WD-Disk/output/mit_mascot_bsz_2_loss_0_1_0.1/checkpoint-40/images/floating_in_an_ocean_of_milk/
07/08/2024 18:44:34 - INFO - root - Image have been saved in /shenzihe/WD-Disk/output/mit_mascot_bsz_2_loss_0_1_0.1/checkpoint-40/images/floating_in_an_ocean_of_milk/
07/08/2024 18:44:48 - INFO - root - Image have been saved in /shenzihe/WD-Disk/output/mit_mascot_bsz_2_loss_0_1_0.1/checkpoint-40/images/floating_in_an_ocean_of_milk/
07/08/2024 18:45:01 - INFO - root - Image have been saved in /shenzihe/WD-Disk/output/mit_mascot_bsz_2_loss_0_1_0.1/checkpoint-40/images/floating_in_an_ocean_of_milk/
07/08/2024 18:45:01 - INFO - __main__ - Running validation... 
 Generating 4 images with prompt:on top of green grass with sunflowers around it.
07/08/2024 18:45:14 - INFO - root - Image have been saved in /shenzihe/WD-Disk/output/mit_mascot_bsz_2_loss_0_1_0.1/checkpoint-40/images/on_top_of_green_grass_with_sunflowers_around_it/
07/08/2024 18:45:28 - INFO - root - Image have been saved in /shenzihe/WD-Disk/output/mit_mascot_bsz_2_loss_0_1_0.1/checkpoint-40/images/on_top_of_green_grass_with_sunflowers_around_it/
07/08/2024 18:45:41 - INFO - root - Image have been saved in /shenzihe/WD-Disk/output/mit_mascot_bsz_2_loss_0_1_0.1/checkpoint-40/images/on_top_of_green_grass_with_sunflowers_around_it/
07/08/2024 18:45:54 - INFO - root - Image have been saved in /shenzihe/WD-Disk/output/mit_mascot_bsz_2_loss_0_1_0.1/checkpoint-40/images/on_top_of_green_grass_with_sunflowers_around_it/
07/08/2024 18:45:54 - INFO - __main__ - Running validation... 
 Generating 4 images with prompt:on top of a mirror.
07/08/2024 18:46:07 - INFO - root - Image have been saved in /shenzihe/WD-Disk/output/mit_mascot_bsz_2_loss_0_1_0.1/checkpoint-40/images/on_top_of_a_mirror/
07/08/2024 18:46:21 - INFO - root - Image have been saved in /shenzihe/WD-Disk/output/mit_mascot_bsz_2_loss_0_1_0.1/checkpoint-40/images/on_top_of_a_mirror/
07/08/2024 18:46:34 - INFO - root - Image have been saved in /shenzihe/WD-Disk/output/mit_mascot_bsz_2_loss_0_1_0.1/checkpoint-40/images/on_top_of_a_mirror/
07/08/2024 18:46:47 - INFO - root - Image have been saved in /shenzihe/WD-Disk/output/mit_mascot_bsz_2_loss_0_1_0.1/checkpoint-40/images/on_top_of_a_mirror/
07/08/2024 18:46:47 - INFO - __main__ - Running validation... 
 Generating 4 images with prompt:on top of the sidewalk in a crowded street.
07/08/2024 18:47:00 - INFO - root - Image have been saved in /shenzihe/WD-Disk/output/mit_mascot_bsz_2_loss_0_1_0.1/checkpoint-40/images/on_top_of_the_sidewalk_in_a_crowded_street/
07/08/2024 18:47:13 - INFO - root - Image have been saved in /shenzihe/WD-Disk/output/mit_mascot_bsz_2_loss_0_1_0.1/checkpoint-40/images/on_top_of_the_sidewalk_in_a_crowded_street/
07/08/2024 18:47:27 - INFO - root - Image have been saved in /shenzihe/WD-Disk/output/mit_mascot_bsz_2_loss_0_1_0.1/checkpoint-40/images/on_top_of_the_sidewalk_in_a_crowded_street/
07/08/2024 18:47:40 - INFO - root - Image have been saved in /shenzihe/WD-Disk/output/mit_mascot_bsz_2_loss_0_1_0.1/checkpoint-40/images/on_top_of_the_sidewalk_in_a_crowded_street/
07/08/2024 18:47:40 - INFO - __main__ - Running validation... 
 Generating 4 images with prompt:on top of a dirt road.
07/08/2024 18:47:53 - INFO - root - Image have been saved in /shenzihe/WD-Disk/output/mit_mascot_bsz_2_loss_0_1_0.1/checkpoint-40/images/on_top_of_a_dirt_road/
07/08/2024 18:48:06 - INFO - root - Image have been saved in /shenzihe/WD-Disk/output/mit_mascot_bsz_2_loss_0_1_0.1/checkpoint-40/images/on_top_of_a_dirt_road/
07/08/2024 18:48:20 - INFO - root - Image have been saved in /shenzihe/WD-Disk/output/mit_mascot_bsz_2_loss_0_1_0.1/checkpoint-40/images/on_top_of_a_dirt_road/
07/08/2024 18:48:33 - INFO - root - Image have been saved in /shenzihe/WD-Disk/output/mit_mascot_bsz_2_loss_0_1_0.1/checkpoint-40/images/on_top_of_a_dirt_road/
07/08/2024 18:48:33 - INFO - __main__ - Running validation... 
 Generating 4 images with prompt:on top of a white rug.
07/08/2024 18:48:46 - INFO - root - Image have been saved in /shenzihe/WD-Disk/output/mit_mascot_bsz_2_loss_0_1_0.1/checkpoint-40/images/on_top_of_a_white_rug/
07/08/2024 18:48:59 - INFO - root - Image have been saved in /shenzihe/WD-Disk/output/mit_mascot_bsz_2_loss_0_1_0.1/checkpoint-40/images/on_top_of_a_white_rug/
07/08/2024 18:49:12 - INFO - root - Image have been saved in /shenzihe/WD-Disk/output/mit_mascot_bsz_2_loss_0_1_0.1/checkpoint-40/images/on_top_of_a_white_rug/
07/08/2024 18:49:26 - INFO - root - Image have been saved in /shenzihe/WD-Disk/output/mit_mascot_bsz_2_loss_0_1_0.1/checkpoint-40/images/on_top_of_a_white_rug/
07/08/2024 18:49:26 - INFO - __main__ - Running validation... 
 Generating 4 images with prompt:red.
07/08/2024 18:49:39 - INFO - root - Image have been saved in /shenzihe/WD-Disk/output/mit_mascot_bsz_2_loss_0_1_0.1/checkpoint-40/images/red/
07/08/2024 18:49:52 - INFO - root - Image have been saved in /shenzihe/WD-Disk/output/mit_mascot_bsz_2_loss_0_1_0.1/checkpoint-40/images/red/
07/08/2024 18:50:05 - INFO - root - Image have been saved in /shenzihe/WD-Disk/output/mit_mascot_bsz_2_loss_0_1_0.1/checkpoint-40/images/red/
07/08/2024 18:50:19 - INFO - root - Image have been saved in /shenzihe/WD-Disk/output/mit_mascot_bsz_2_loss_0_1_0.1/checkpoint-40/images/red/
07/08/2024 18:50:19 - INFO - __main__ - Running validation... 
 Generating 4 images with prompt:purple.
07/08/2024 18:50:32 - INFO - root - Image have been saved in /shenzihe/WD-Disk/output/mit_mascot_bsz_2_loss_0_1_0.1/checkpoint-40/images/purple/
07/08/2024 18:50:45 - INFO - root - Image have been saved in /shenzihe/WD-Disk/output/mit_mascot_bsz_2_loss_0_1_0.1/checkpoint-40/images/purple/
07/08/2024 18:50:58 - INFO - root - Image have been saved in /shenzihe/WD-Disk/output/mit_mascot_bsz_2_loss_0_1_0.1/checkpoint-40/images/purple/
07/08/2024 18:51:11 - INFO - root - Image have been saved in /shenzihe/WD-Disk/output/mit_mascot_bsz_2_loss_0_1_0.1/checkpoint-40/images/purple/
07/08/2024 18:51:11 - INFO - __main__ - Running validation... 
 Generating 4 images with prompt:shiny.
07/08/2024 18:51:25 - INFO - root - Image have been saved in /shenzihe/WD-Disk/output/mit_mascot_bsz_2_loss_0_1_0.1/checkpoint-40/images/shiny/
07/08/2024 18:51:38 - INFO - root - Image have been saved in /shenzihe/WD-Disk/output/mit_mascot_bsz_2_loss_0_1_0.1/checkpoint-40/images/shiny/
07/08/2024 18:51:51 - INFO - root - Image have been saved in /shenzihe/WD-Disk/output/mit_mascot_bsz_2_loss_0_1_0.1/checkpoint-40/images/shiny/
07/08/2024 18:52:04 - INFO - root - Image have been saved in /shenzihe/WD-Disk/output/mit_mascot_bsz_2_loss_0_1_0.1/checkpoint-40/images/shiny/
07/08/2024 18:52:04 - INFO - __main__ - Running validation... 
 Generating 4 images with prompt:wet.
07/08/2024 18:52:18 - INFO - root - Image have been saved in /shenzihe/WD-Disk/output/mit_mascot_bsz_2_loss_0_1_0.1/checkpoint-40/images/wet/
07/08/2024 18:52:31 - INFO - root - Image have been saved in /shenzihe/WD-Disk/output/mit_mascot_bsz_2_loss_0_1_0.1/checkpoint-40/images/wet/
07/08/2024 18:52:44 - INFO - root - Image have been saved in /shenzihe/WD-Disk/output/mit_mascot_bsz_2_loss_0_1_0.1/checkpoint-40/images/wet/
07/08/2024 18:52:57 - INFO - root - Image have been saved in /shenzihe/WD-Disk/output/mit_mascot_bsz_2_loss_0_1_0.1/checkpoint-40/images/wet/
07/08/2024 18:52:57 - INFO - __main__ - Running validation... 
 Generating 4 images with prompt:cube shaped.
07/08/2024 18:53:10 - INFO - root - Image have been saved in /shenzihe/WD-Disk/output/mit_mascot_bsz_2_loss_0_1_0.1/checkpoint-40/images/cube_shaped/
07/08/2024 18:53:24 - INFO - root - Image have been saved in /shenzihe/WD-Disk/output/mit_mascot_bsz_2_loss_0_1_0.1/checkpoint-40/images/cube_shaped/
07/08/2024 18:53:37 - INFO - root - Image have been saved in /shenzihe/WD-Disk/output/mit_mascot_bsz_2_loss_0_1_0.1/checkpoint-40/images/cube_shaped/
07/08/2024 18:53:50 - INFO - root - Image have been saved in /shenzihe/WD-Disk/output/mit_mascot_bsz_2_loss_0_1_0.1/checkpoint-40/images/cube_shaped/
07/08/2024 18:53:52 - INFO - root - {'loss': 0.09334643185138702, 'lr': 0.0001}
07/08/2024 18:53:54 - INFO - root - {'loss': 0.07873677462339401, 'lr': 0.0001}
07/08/2024 18:53:56 - INFO - root - {'loss': 0.2573869526386261, 'lr': 0.0001}
07/08/2024 18:53:58 - INFO - root - {'loss': 0.015184963122010231, 'lr': 0.0001}
07/08/2024 18:54:01 - INFO - root - {'loss': 0.10631347447633743, 'lr': 0.0001}
07/08/2024 18:54:03 - INFO - root - {'loss': 0.10235220938920975, 'lr': 0.0001}
07/08/2024 18:54:05 - INFO - root - {'loss': 0.020267296582460403, 'lr': 0.0001}
07/08/2024 18:54:07 - INFO - root - {'loss': 0.13064450025558472, 'lr': 0.0001}
07/08/2024 18:54:09 - INFO - root - {'loss': 0.13611860573291779, 'lr': 0.0001}
07/08/2024 18:54:11 - INFO - root - {'loss': 0.0767822340130806, 'lr': 0.0001}
07/08/2024 18:54:13 - INFO - root - {'loss': 0.15742790699005127, 'lr': 0.0001}
07/08/2024 18:54:15 - INFO - root - {'loss': 0.27426666021347046, 'lr': 0.0001}
07/08/2024 18:54:18 - INFO - root - {'loss': 0.06705139577388763, 'lr': 0.0001}
07/08/2024 18:54:20 - INFO - root - {'loss': 0.26793208718299866, 'lr': 0.0001}
07/08/2024 18:54:22 - INFO - root - {'loss': 0.13684268295764923, 'lr': 0.0001}
07/08/2024 18:54:24 - INFO - root - {'loss': 0.10917104035615921, 'lr': 0.0001}
07/08/2024 18:54:26 - INFO - root - {'loss': 0.19664525985717773, 'lr': 0.0001}
07/08/2024 18:54:28 - INFO - root - {'loss': 0.02884926088154316, 'lr': 0.0001}
07/08/2024 18:54:30 - INFO - root - {'loss': 0.1666172444820404, 'lr': 0.0001}
07/08/2024 18:54:32 - INFO - root - {'loss': 0.0827426016330719, 'lr': 0.0001}
07/08/2024 18:54:32 - INFO - __main__ - Running validation... 
 Generating 4 images with prompt:in the jungle.
07/08/2024 18:54:45 - INFO - root - Image have been saved in /shenzihe/WD-Disk/output/mit_mascot_bsz_2_loss_0_1_0.1/checkpoint-60/images/in_the_jungle/
07/08/2024 18:54:59 - INFO - root - Image have been saved in /shenzihe/WD-Disk/output/mit_mascot_bsz_2_loss_0_1_0.1/checkpoint-60/images/in_the_jungle/
07/08/2024 18:55:12 - INFO - root - Image have been saved in /shenzihe/WD-Disk/output/mit_mascot_bsz_2_loss_0_1_0.1/checkpoint-60/images/in_the_jungle/
07/08/2024 18:55:25 - INFO - root - Image have been saved in /shenzihe/WD-Disk/output/mit_mascot_bsz_2_loss_0_1_0.1/checkpoint-60/images/in_the_jungle/
07/08/2024 18:55:25 - INFO - __main__ - Running validation... 
 Generating 4 images with prompt:in the snow.
07/08/2024 18:55:38 - INFO - root - Image have been saved in /shenzihe/WD-Disk/output/mit_mascot_bsz_2_loss_0_1_0.1/checkpoint-60/images/in_the_snow/
07/08/2024 18:55:51 - INFO - root - Image have been saved in /shenzihe/WD-Disk/output/mit_mascot_bsz_2_loss_0_1_0.1/checkpoint-60/images/in_the_snow/
07/08/2024 18:56:05 - INFO - root - Image have been saved in /shenzihe/WD-Disk/output/mit_mascot_bsz_2_loss_0_1_0.1/checkpoint-60/images/in_the_snow/
07/08/2024 18:56:18 - INFO - root - Image have been saved in /shenzihe/WD-Disk/output/mit_mascot_bsz_2_loss_0_1_0.1/checkpoint-60/images/in_the_snow/
07/08/2024 18:56:18 - INFO - __main__ - Running validation... 
 Generating 4 images with prompt:on the beach.
07/08/2024 18:56:31 - INFO - root - Image have been saved in /shenzihe/WD-Disk/output/mit_mascot_bsz_2_loss_0_1_0.1/checkpoint-60/images/on_the_beach/
07/08/2024 18:56:44 - INFO - root - Image have been saved in /shenzihe/WD-Disk/output/mit_mascot_bsz_2_loss_0_1_0.1/checkpoint-60/images/on_the_beach/
07/08/2024 18:56:58 - INFO - root - Image have been saved in /shenzihe/WD-Disk/output/mit_mascot_bsz_2_loss_0_1_0.1/checkpoint-60/images/on_the_beach/
07/08/2024 18:57:11 - INFO - root - Image have been saved in /shenzihe/WD-Disk/output/mit_mascot_bsz_2_loss_0_1_0.1/checkpoint-60/images/on_the_beach/
07/08/2024 18:57:11 - INFO - __main__ - Running validation... 
 Generating 4 images with prompt:on a cobblestone street.
07/08/2024 18:57:24 - INFO - root - Image have been saved in /shenzihe/WD-Disk/output/mit_mascot_bsz_2_loss_0_1_0.1/checkpoint-60/images/on_a_cobblestone_street/
07/08/2024 18:57:37 - INFO - root - Image have been saved in /shenzihe/WD-Disk/output/mit_mascot_bsz_2_loss_0_1_0.1/checkpoint-60/images/on_a_cobblestone_street/
07/08/2024 18:57:51 - INFO - root - Image have been saved in /shenzihe/WD-Disk/output/mit_mascot_bsz_2_loss_0_1_0.1/checkpoint-60/images/on_a_cobblestone_street/
07/08/2024 18:58:04 - INFO - root - Image have been saved in /shenzihe/WD-Disk/output/mit_mascot_bsz_2_loss_0_1_0.1/checkpoint-60/images/on_a_cobblestone_street/
07/08/2024 18:58:04 - INFO - __main__ - Running validation... 
 Generating 4 images with prompt:on top of pink fabric.
07/08/2024 18:58:17 - INFO - root - Image have been saved in /shenzihe/WD-Disk/output/mit_mascot_bsz_2_loss_0_1_0.1/checkpoint-60/images/on_top_of_pink_fabric/
07/08/2024 18:58:31 - INFO - root - Image have been saved in /shenzihe/WD-Disk/output/mit_mascot_bsz_2_loss_0_1_0.1/checkpoint-60/images/on_top_of_pink_fabric/
07/08/2024 18:58:44 - INFO - root - Image have been saved in /shenzihe/WD-Disk/output/mit_mascot_bsz_2_loss_0_1_0.1/checkpoint-60/images/on_top_of_pink_fabric/
07/08/2024 18:58:57 - INFO - root - Image have been saved in /shenzihe/WD-Disk/output/mit_mascot_bsz_2_loss_0_1_0.1/checkpoint-60/images/on_top_of_pink_fabric/
07/08/2024 18:58:57 - INFO - __main__ - Running validation... 
 Generating 4 images with prompt:on top of a wooden floor.
07/08/2024 18:59:10 - INFO - root - Image have been saved in /shenzihe/WD-Disk/output/mit_mascot_bsz_2_loss_0_1_0.1/checkpoint-60/images/on_top_of_a_wooden_floor/
07/08/2024 18:59:24 - INFO - root - Image have been saved in /shenzihe/WD-Disk/output/mit_mascot_bsz_2_loss_0_1_0.1/checkpoint-60/images/on_top_of_a_wooden_floor/
07/08/2024 18:59:37 - INFO - root - Image have been saved in /shenzihe/WD-Disk/output/mit_mascot_bsz_2_loss_0_1_0.1/checkpoint-60/images/on_top_of_a_wooden_floor/
07/08/2024 18:59:51 - INFO - root - Image have been saved in /shenzihe/WD-Disk/output/mit_mascot_bsz_2_loss_0_1_0.1/checkpoint-60/images/on_top_of_a_wooden_floor/
07/08/2024 18:59:51 - INFO - __main__ - Running validation... 
 Generating 4 images with prompt:with a city in the background.
07/08/2024 19:00:04 - INFO - root - Image have been saved in /shenzihe/WD-Disk/output/mit_mascot_bsz_2_loss_0_1_0.1/checkpoint-60/images/with_a_city_in_the_background/
07/08/2024 19:00:17 - INFO - root - Image have been saved in /shenzihe/WD-Disk/output/mit_mascot_bsz_2_loss_0_1_0.1/checkpoint-60/images/with_a_city_in_the_background/
07/08/2024 19:00:30 - INFO - root - Image have been saved in /shenzihe/WD-Disk/output/mit_mascot_bsz_2_loss_0_1_0.1/checkpoint-60/images/with_a_city_in_the_background/
07/08/2024 19:00:44 - INFO - root - Image have been saved in /shenzihe/WD-Disk/output/mit_mascot_bsz_2_loss_0_1_0.1/checkpoint-60/images/with_a_city_in_the_background/
07/08/2024 19:00:44 - INFO - __main__ - Running validation... 
 Generating 4 images with prompt:with a mountain in the background.
07/08/2024 19:00:57 - INFO - root - Image have been saved in /shenzihe/WD-Disk/output/mit_mascot_bsz_2_loss_0_1_0.1/checkpoint-60/images/with_a_mountain_in_the_background/
07/08/2024 19:01:10 - INFO - root - Image have been saved in /shenzihe/WD-Disk/output/mit_mascot_bsz_2_loss_0_1_0.1/checkpoint-60/images/with_a_mountain_in_the_background/
07/08/2024 19:01:24 - INFO - root - Image have been saved in /shenzihe/WD-Disk/output/mit_mascot_bsz_2_loss_0_1_0.1/checkpoint-60/images/with_a_mountain_in_the_background/
07/08/2024 19:01:37 - INFO - root - Image have been saved in /shenzihe/WD-Disk/output/mit_mascot_bsz_2_loss_0_1_0.1/checkpoint-60/images/with_a_mountain_in_the_background/
07/08/2024 19:01:37 - INFO - __main__ - Running validation... 
 Generating 4 images with prompt:with a blue house in the background.
07/08/2024 19:01:50 - INFO - root - Image have been saved in /shenzihe/WD-Disk/output/mit_mascot_bsz_2_loss_0_1_0.1/checkpoint-60/images/with_a_blue_house_in_the_background/
07/08/2024 19:02:04 - INFO - root - Image have been saved in /shenzihe/WD-Disk/output/mit_mascot_bsz_2_loss_0_1_0.1/checkpoint-60/images/with_a_blue_house_in_the_background/
07/08/2024 19:02:17 - INFO - root - Image have been saved in /shenzihe/WD-Disk/output/mit_mascot_bsz_2_loss_0_1_0.1/checkpoint-60/images/with_a_blue_house_in_the_background/
07/08/2024 19:02:30 - INFO - root - Image have been saved in /shenzihe/WD-Disk/output/mit_mascot_bsz_2_loss_0_1_0.1/checkpoint-60/images/with_a_blue_house_in_the_background/
07/08/2024 19:02:30 - INFO - __main__ - Running validation... 
 Generating 4 images with prompt:on top of a purple rug in a forest.
07/08/2024 19:02:44 - INFO - root - Image have been saved in /shenzihe/WD-Disk/output/mit_mascot_bsz_2_loss_0_1_0.1/checkpoint-60/images/on_top_of_a_purple_rug_in_a_forest/
07/08/2024 19:02:57 - INFO - root - Image have been saved in /shenzihe/WD-Disk/output/mit_mascot_bsz_2_loss_0_1_0.1/checkpoint-60/images/on_top_of_a_purple_rug_in_a_forest/
07/08/2024 19:03:10 - INFO - root - Image have been saved in /shenzihe/WD-Disk/output/mit_mascot_bsz_2_loss_0_1_0.1/checkpoint-60/images/on_top_of_a_purple_rug_in_a_forest/
07/08/2024 19:03:24 - INFO - root - Image have been saved in /shenzihe/WD-Disk/output/mit_mascot_bsz_2_loss_0_1_0.1/checkpoint-60/images/on_top_of_a_purple_rug_in_a_forest/
07/08/2024 19:03:24 - INFO - __main__ - Running validation... 
 Generating 4 images with prompt:with a wheat field in the background.
07/08/2024 19:03:37 - INFO - root - Image have been saved in /shenzihe/WD-Disk/output/mit_mascot_bsz_2_loss_0_1_0.1/checkpoint-60/images/with_a_wheat_field_in_the_background/
07/08/2024 19:03:50 - INFO - root - Image have been saved in /shenzihe/WD-Disk/output/mit_mascot_bsz_2_loss_0_1_0.1/checkpoint-60/images/with_a_wheat_field_in_the_background/
07/08/2024 19:04:04 - INFO - root - Image have been saved in /shenzihe/WD-Disk/output/mit_mascot_bsz_2_loss_0_1_0.1/checkpoint-60/images/with_a_wheat_field_in_the_background/
07/08/2024 19:04:17 - INFO - root - Image have been saved in /shenzihe/WD-Disk/output/mit_mascot_bsz_2_loss_0_1_0.1/checkpoint-60/images/with_a_wheat_field_in_the_background/
07/08/2024 19:04:17 - INFO - __main__ - Running validation... 
 Generating 4 images with prompt:with a tree and autumn leaves in the background.
07/08/2024 19:04:30 - INFO - root - Image have been saved in /shenzihe/WD-Disk/output/mit_mascot_bsz_2_loss_0_1_0.1/checkpoint-60/images/with_a_tree_and_autumn_leaves_in_the_background/
07/08/2024 19:04:43 - INFO - root - Image have been saved in /shenzihe/WD-Disk/output/mit_mascot_bsz_2_loss_0_1_0.1/checkpoint-60/images/with_a_tree_and_autumn_leaves_in_the_background/
07/08/2024 19:04:57 - INFO - root - Image have been saved in /shenzihe/WD-Disk/output/mit_mascot_bsz_2_loss_0_1_0.1/checkpoint-60/images/with_a_tree_and_autumn_leaves_in_the_background/
07/08/2024 19:05:10 - INFO - root - Image have been saved in /shenzihe/WD-Disk/output/mit_mascot_bsz_2_loss_0_1_0.1/checkpoint-60/images/with_a_tree_and_autumn_leaves_in_the_background/
07/08/2024 19:05:10 - INFO - __main__ - Running validation... 
 Generating 4 images with prompt:with the Eiffel Tower in the background.
07/08/2024 19:05:23 - INFO - root - Image have been saved in /shenzihe/WD-Disk/output/mit_mascot_bsz_2_loss_0_1_0.1/checkpoint-60/images/with_the_Eiffel_Tower_in_the_background/
07/08/2024 19:05:37 - INFO - root - Image have been saved in /shenzihe/WD-Disk/output/mit_mascot_bsz_2_loss_0_1_0.1/checkpoint-60/images/with_the_Eiffel_Tower_in_the_background/
07/08/2024 19:05:50 - INFO - root - Image have been saved in /shenzihe/WD-Disk/output/mit_mascot_bsz_2_loss_0_1_0.1/checkpoint-60/images/with_the_Eiffel_Tower_in_the_background/
07/08/2024 19:06:03 - INFO - root - Image have been saved in /shenzihe/WD-Disk/output/mit_mascot_bsz_2_loss_0_1_0.1/checkpoint-60/images/with_the_Eiffel_Tower_in_the_background/
07/08/2024 19:06:03 - INFO - __main__ - Running validation... 
 Generating 4 images with prompt:floating on top of water.
07/08/2024 19:06:17 - INFO - root - Image have been saved in /shenzihe/WD-Disk/output/mit_mascot_bsz_2_loss_0_1_0.1/checkpoint-60/images/floating_on_top_of_water/
07/08/2024 19:06:30 - INFO - root - Image have been saved in /shenzihe/WD-Disk/output/mit_mascot_bsz_2_loss_0_1_0.1/checkpoint-60/images/floating_on_top_of_water/
07/08/2024 19:06:43 - INFO - root - Image have been saved in /shenzihe/WD-Disk/output/mit_mascot_bsz_2_loss_0_1_0.1/checkpoint-60/images/floating_on_top_of_water/
07/08/2024 19:06:56 - INFO - root - Image have been saved in /shenzihe/WD-Disk/output/mit_mascot_bsz_2_loss_0_1_0.1/checkpoint-60/images/floating_on_top_of_water/
07/08/2024 19:06:56 - INFO - __main__ - Running validation... 
 Generating 4 images with prompt:floating in an ocean of milk.
07/08/2024 19:07:10 - INFO - root - Image have been saved in /shenzihe/WD-Disk/output/mit_mascot_bsz_2_loss_0_1_0.1/checkpoint-60/images/floating_in_an_ocean_of_milk/
07/08/2024 19:07:23 - INFO - root - Image have been saved in /shenzihe/WD-Disk/output/mit_mascot_bsz_2_loss_0_1_0.1/checkpoint-60/images/floating_in_an_ocean_of_milk/
07/08/2024 19:07:36 - INFO - root - Image have been saved in /shenzihe/WD-Disk/output/mit_mascot_bsz_2_loss_0_1_0.1/checkpoint-60/images/floating_in_an_ocean_of_milk/
07/08/2024 19:07:50 - INFO - root - Image have been saved in /shenzihe/WD-Disk/output/mit_mascot_bsz_2_loss_0_1_0.1/checkpoint-60/images/floating_in_an_ocean_of_milk/
07/08/2024 19:07:50 - INFO - __main__ - Running validation... 
 Generating 4 images with prompt:on top of green grass with sunflowers around it.
07/08/2024 19:08:03 - INFO - root - Image have been saved in /shenzihe/WD-Disk/output/mit_mascot_bsz_2_loss_0_1_0.1/checkpoint-60/images/on_top_of_green_grass_with_sunflowers_around_it/
07/08/2024 19:08:16 - INFO - root - Image have been saved in /shenzihe/WD-Disk/output/mit_mascot_bsz_2_loss_0_1_0.1/checkpoint-60/images/on_top_of_green_grass_with_sunflowers_around_it/
07/08/2024 19:08:30 - INFO - root - Image have been saved in /shenzihe/WD-Disk/output/mit_mascot_bsz_2_loss_0_1_0.1/checkpoint-60/images/on_top_of_green_grass_with_sunflowers_around_it/
07/08/2024 19:08:43 - INFO - root - Image have been saved in /shenzihe/WD-Disk/output/mit_mascot_bsz_2_loss_0_1_0.1/checkpoint-60/images/on_top_of_green_grass_with_sunflowers_around_it/
07/08/2024 19:08:43 - INFO - __main__ - Running validation... 
 Generating 4 images with prompt:on top of a mirror.
07/08/2024 19:08:56 - INFO - root - Image have been saved in /shenzihe/WD-Disk/output/mit_mascot_bsz_2_loss_0_1_0.1/checkpoint-60/images/on_top_of_a_mirror/
07/08/2024 19:09:10 - INFO - root - Image have been saved in /shenzihe/WD-Disk/output/mit_mascot_bsz_2_loss_0_1_0.1/checkpoint-60/images/on_top_of_a_mirror/
07/08/2024 19:09:23 - INFO - root - Image have been saved in /shenzihe/WD-Disk/output/mit_mascot_bsz_2_loss_0_1_0.1/checkpoint-60/images/on_top_of_a_mirror/
07/08/2024 19:09:36 - INFO - root - Image have been saved in /shenzihe/WD-Disk/output/mit_mascot_bsz_2_loss_0_1_0.1/checkpoint-60/images/on_top_of_a_mirror/
07/08/2024 19:09:36 - INFO - __main__ - Running validation... 
 Generating 4 images with prompt:on top of the sidewalk in a crowded street.
07/08/2024 19:09:50 - INFO - root - Image have been saved in /shenzihe/WD-Disk/output/mit_mascot_bsz_2_loss_0_1_0.1/checkpoint-60/images/on_top_of_the_sidewalk_in_a_crowded_street/
07/08/2024 19:10:03 - INFO - root - Image have been saved in /shenzihe/WD-Disk/output/mit_mascot_bsz_2_loss_0_1_0.1/checkpoint-60/images/on_top_of_the_sidewalk_in_a_crowded_street/
07/08/2024 19:10:16 - INFO - root - Image have been saved in /shenzihe/WD-Disk/output/mit_mascot_bsz_2_loss_0_1_0.1/checkpoint-60/images/on_top_of_the_sidewalk_in_a_crowded_street/
07/08/2024 19:10:30 - INFO - root - Image have been saved in /shenzihe/WD-Disk/output/mit_mascot_bsz_2_loss_0_1_0.1/checkpoint-60/images/on_top_of_the_sidewalk_in_a_crowded_street/
07/08/2024 19:10:30 - INFO - __main__ - Running validation... 
 Generating 4 images with prompt:on top of a dirt road.
07/08/2024 19:10:43 - INFO - root - Image have been saved in /shenzihe/WD-Disk/output/mit_mascot_bsz_2_loss_0_1_0.1/checkpoint-60/images/on_top_of_a_dirt_road/
07/08/2024 19:10:56 - INFO - root - Image have been saved in /shenzihe/WD-Disk/output/mit_mascot_bsz_2_loss_0_1_0.1/checkpoint-60/images/on_top_of_a_dirt_road/
07/08/2024 19:11:09 - INFO - root - Image have been saved in /shenzihe/WD-Disk/output/mit_mascot_bsz_2_loss_0_1_0.1/checkpoint-60/images/on_top_of_a_dirt_road/
07/08/2024 19:11:23 - INFO - root - Image have been saved in /shenzihe/WD-Disk/output/mit_mascot_bsz_2_loss_0_1_0.1/checkpoint-60/images/on_top_of_a_dirt_road/
07/08/2024 19:11:23 - INFO - __main__ - Running validation... 
 Generating 4 images with prompt:on top of a white rug.
07/08/2024 19:11:36 - INFO - root - Image have been saved in /shenzihe/WD-Disk/output/mit_mascot_bsz_2_loss_0_1_0.1/checkpoint-60/images/on_top_of_a_white_rug/
07/08/2024 19:11:49 - INFO - root - Image have been saved in /shenzihe/WD-Disk/output/mit_mascot_bsz_2_loss_0_1_0.1/checkpoint-60/images/on_top_of_a_white_rug/
07/08/2024 19:12:03 - INFO - root - Image have been saved in /shenzihe/WD-Disk/output/mit_mascot_bsz_2_loss_0_1_0.1/checkpoint-60/images/on_top_of_a_white_rug/
07/08/2024 19:12:16 - INFO - root - Image have been saved in /shenzihe/WD-Disk/output/mit_mascot_bsz_2_loss_0_1_0.1/checkpoint-60/images/on_top_of_a_white_rug/
07/08/2024 19:12:16 - INFO - __main__ - Running validation... 
 Generating 4 images with prompt:red.
07/08/2024 19:12:29 - INFO - root - Image have been saved in /shenzihe/WD-Disk/output/mit_mascot_bsz_2_loss_0_1_0.1/checkpoint-60/images/red/
07/08/2024 19:12:43 - INFO - root - Image have been saved in /shenzihe/WD-Disk/output/mit_mascot_bsz_2_loss_0_1_0.1/checkpoint-60/images/red/
07/08/2024 19:12:56 - INFO - root - Image have been saved in /shenzihe/WD-Disk/output/mit_mascot_bsz_2_loss_0_1_0.1/checkpoint-60/images/red/
07/08/2024 19:13:09 - INFO - root - Image have been saved in /shenzihe/WD-Disk/output/mit_mascot_bsz_2_loss_0_1_0.1/checkpoint-60/images/red/
07/08/2024 19:13:09 - INFO - __main__ - Running validation... 
 Generating 4 images with prompt:purple.
07/08/2024 19:13:23 - INFO - root - Image have been saved in /shenzihe/WD-Disk/output/mit_mascot_bsz_2_loss_0_1_0.1/checkpoint-60/images/purple/
07/08/2024 19:13:36 - INFO - root - Image have been saved in /shenzihe/WD-Disk/output/mit_mascot_bsz_2_loss_0_1_0.1/checkpoint-60/images/purple/
07/08/2024 19:13:49 - INFO - root - Image have been saved in /shenzihe/WD-Disk/output/mit_mascot_bsz_2_loss_0_1_0.1/checkpoint-60/images/purple/
07/08/2024 19:14:02 - INFO - root - Image have been saved in /shenzihe/WD-Disk/output/mit_mascot_bsz_2_loss_0_1_0.1/checkpoint-60/images/purple/
07/08/2024 19:14:02 - INFO - __main__ - Running validation... 
 Generating 4 images with prompt:shiny.
07/08/2024 19:14:16 - INFO - root - Image have been saved in /shenzihe/WD-Disk/output/mit_mascot_bsz_2_loss_0_1_0.1/checkpoint-60/images/shiny/
07/08/2024 19:14:29 - INFO - root - Image have been saved in /shenzihe/WD-Disk/output/mit_mascot_bsz_2_loss_0_1_0.1/checkpoint-60/images/shiny/
07/08/2024 19:14:42 - INFO - root - Image have been saved in /shenzihe/WD-Disk/output/mit_mascot_bsz_2_loss_0_1_0.1/checkpoint-60/images/shiny/
07/08/2024 19:14:56 - INFO - root - Image have been saved in /shenzihe/WD-Disk/output/mit_mascot_bsz_2_loss_0_1_0.1/checkpoint-60/images/shiny/
07/08/2024 19:14:56 - INFO - __main__ - Running validation... 
 Generating 4 images with prompt:wet.
07/08/2024 19:15:09 - INFO - root - Image have been saved in /shenzihe/WD-Disk/output/mit_mascot_bsz_2_loss_0_1_0.1/checkpoint-60/images/wet/
07/08/2024 19:15:22 - INFO - root - Image have been saved in /shenzihe/WD-Disk/output/mit_mascot_bsz_2_loss_0_1_0.1/checkpoint-60/images/wet/
07/08/2024 19:15:36 - INFO - root - Image have been saved in /shenzihe/WD-Disk/output/mit_mascot_bsz_2_loss_0_1_0.1/checkpoint-60/images/wet/
07/08/2024 19:15:49 - INFO - root - Image have been saved in /shenzihe/WD-Disk/output/mit_mascot_bsz_2_loss_0_1_0.1/checkpoint-60/images/wet/
07/08/2024 19:15:49 - INFO - __main__ - Running validation... 
 Generating 4 images with prompt:cube shaped.
07/08/2024 19:16:02 - INFO - root - Image have been saved in /shenzihe/WD-Disk/output/mit_mascot_bsz_2_loss_0_1_0.1/checkpoint-60/images/cube_shaped/
07/08/2024 19:16:16 - INFO - root - Image have been saved in /shenzihe/WD-Disk/output/mit_mascot_bsz_2_loss_0_1_0.1/checkpoint-60/images/cube_shaped/
07/08/2024 19:16:29 - INFO - root - Image have been saved in /shenzihe/WD-Disk/output/mit_mascot_bsz_2_loss_0_1_0.1/checkpoint-60/images/cube_shaped/
07/08/2024 19:16:42 - INFO - root - Image have been saved in /shenzihe/WD-Disk/output/mit_mascot_bsz_2_loss_0_1_0.1/checkpoint-60/images/cube_shaped/
