07/09/2024 01:01:57 - INFO - __main__ - Distributed environment: NO
Num processes: 1
Process index: 0
Local process index: 0
Device: cuda

Mixed precision type: no

07/09/2024 01:01:57 - WARNING - py.warnings - /shenzihe/venv/lib/python3.10/site-packages/huggingface_hub/file_download.py:1132: FutureWarning: `resume_download` is deprecated and will be removed in version 1.0.0. Downloads always resume when possible. If you want to force a new download, use `force_download=True`.
  warnings.warn(

07/09/2024 01:01:59 - INFO - root - freeze vision encoder
07/09/2024 01:02:02 - INFO - root - Loaded ViT-H-14 model config.
07/09/2024 01:02:07 - INFO - root - Loading pretrained ViT-H-14 weights (laion2b_s32b_b79k).
07/09/2024 01:02:10 - WARNING - py.warnings - /shenzihe/venv/lib/python3.10/site-packages/diffusers/configuration_utils.py:215: FutureWarning: It is deprecated to pass a pretrained model name or path to `from_config`.If you were trying to load a scheduler, please use <class 'diffusers.schedulers.scheduling_ddpm.DDPMScheduler'>.from_pretrained(...) instead. Otherwise, please make sure to pass a configuration dictionary instead. This functionality will be removed in v1.0.0.
  deprecate("config-passed-as-path", "1.0.0", deprecation_message, standard_warn=False)

07/09/2024 01:02:10 - INFO - root - Loading pretrained model from /root/.cache/torch/hub/checkpoints/blip-diffusion
07/09/2024 01:02:10 - INFO - root - Loading pretrained BLIP2 Qformer weights.
07/09/2024 01:02:11 - INFO - root - Loading pretrained projection lyer weights.
07/09/2024 01:02:11 - INFO - root - Loading pretrained text encoder weights.
07/09/2024 01:02:11 - INFO - root - Loading pretrained vae weights.
07/09/2024 01:02:12 - INFO - root - Loading pretrained unet weights.
07/09/2024 01:02:15 - INFO - root - Using xformers.
07/09/2024 01:02:15 - INFO - root - Building datasets...
07/09/2024 01:02:16 - INFO - __main__ - 
***** Running training *****
07/09/2024 01:02:16 - INFO - __main__ -   Num examples = 4
07/09/2024 01:02:16 - INFO - __main__ -   Num batches each epoch = 2
07/09/2024 01:02:16 - INFO - __main__ -   Num Epochs = 30
07/09/2024 01:02:16 - INFO - __main__ -   Instantaneous batch size per device = 2
07/09/2024 01:02:16 - INFO - __main__ -   Total train batch size (w. parallel, distributed & accumulation) = 2
07/09/2024 01:02:16 - INFO - __main__ -   Gradient Accumulation steps = 1
07/09/2024 01:02:16 - INFO - __main__ -   Total optimization steps = 60
07/09/2024 01:02:17 - WARNING - py.warnings - /shenzihe/venv/lib/python3.10/site-packages/torch/backends/cuda/__init__.py:342: FutureWarning: torch.backends.cuda.sdp_kernel() is deprecated. In the future, this context manager will be removed. Please see, torch.nn.attention.sdpa_kernel() for the new context manager, with updated signature.
  warnings.warn(

07/09/2024 01:02:19 - INFO - root - {'loss': 0.3253733515739441, 'lr': 0.0001}
07/09/2024 01:02:21 - INFO - root - {'loss': 0.08895597606897354, 'lr': 0.0001}
07/09/2024 01:02:23 - INFO - root - {'loss': 0.48072609305381775, 'lr': 0.0001}
07/09/2024 01:02:25 - INFO - root - {'loss': 0.020314369350671768, 'lr': 0.0001}
07/09/2024 01:02:27 - INFO - root - {'loss': 0.15455901622772217, 'lr': 0.0001}
07/09/2024 01:02:29 - INFO - root - {'loss': 0.2920665740966797, 'lr': 0.0001}
07/09/2024 01:02:31 - INFO - root - {'loss': 0.019738225266337395, 'lr': 0.0001}
07/09/2024 01:02:33 - INFO - root - {'loss': 0.1516457200050354, 'lr': 0.0001}
07/09/2024 01:02:36 - INFO - root - {'loss': 0.27474507689476013, 'lr': 0.0001}
07/09/2024 01:02:38 - INFO - root - {'loss': 0.10656453669071198, 'lr': 0.0001}
07/09/2024 01:02:40 - INFO - root - {'loss': 0.045029379427433014, 'lr': 0.0001}
07/09/2024 01:02:42 - INFO - root - {'loss': 0.011217210441827774, 'lr': 0.0001}
07/09/2024 01:02:44 - INFO - root - {'loss': 0.24655413627624512, 'lr': 0.0001}
07/09/2024 01:02:46 - INFO - root - {'loss': 0.04235987365245819, 'lr': 0.0001}
07/09/2024 01:02:48 - INFO - root - {'loss': 0.034350693225860596, 'lr': 0.0001}
07/09/2024 01:02:50 - INFO - root - {'loss': 0.08790859580039978, 'lr': 0.0001}
07/09/2024 01:02:52 - INFO - root - {'loss': 0.21422125399112701, 'lr': 0.0001}
07/09/2024 01:02:54 - INFO - root - {'loss': 0.07216016948223114, 'lr': 0.0001}
07/09/2024 01:02:57 - INFO - root - {'loss': 0.054431069642305374, 'lr': 0.0001}
07/09/2024 01:02:59 - INFO - root - {'loss': 0.16374507546424866, 'lr': 0.0001}
07/09/2024 01:02:59 - INFO - __main__ - Running validation... 
 Generating 4 images with prompt:in the jungle.
07/09/2024 01:02:59 - WARNING - py.warnings - /shenzihe/multi_BlipDisenBooth/multi_BD.py:646: FutureWarning: Accessing config attribute `in_channels` directly via 'UNet2DConditionModel' object attribute is deprecated. Please access 'in_channels' over 'UNet2DConditionModel's config object instead, e.g. 'unet.config.in_channels'.
  (1, self.unet.in_channels, height // 8, width // 8),

07/09/2024 01:02:59 - WARNING - py.warnings - /shenzihe/multi_BlipDisenBooth/multi_BD.py:652: FutureWarning: Accessing config attribute `in_channels` directly via 'UNet2DConditionModel' object attribute is deprecated. Please access 'in_channels' over 'UNet2DConditionModel's config object instead, e.g. 'unet.config.in_channels'.
  self.unet.in_channels,

07/09/2024 01:03:12 - INFO - root - Image have been saved in /shenzihe/WD-Disk/output/mit_mascot_bsz_2_loss_0_1_0.01/checkpoint-20/images/in_the_jungle/
07/09/2024 01:03:25 - INFO - root - Image have been saved in /shenzihe/WD-Disk/output/mit_mascot_bsz_2_loss_0_1_0.01/checkpoint-20/images/in_the_jungle/
07/09/2024 01:03:38 - INFO - root - Image have been saved in /shenzihe/WD-Disk/output/mit_mascot_bsz_2_loss_0_1_0.01/checkpoint-20/images/in_the_jungle/
07/09/2024 01:03:52 - INFO - root - Image have been saved in /shenzihe/WD-Disk/output/mit_mascot_bsz_2_loss_0_1_0.01/checkpoint-20/images/in_the_jungle/
07/09/2024 01:03:52 - INFO - __main__ - Running validation... 
 Generating 4 images with prompt:in the snow.
07/09/2024 01:04:05 - INFO - root - Image have been saved in /shenzihe/WD-Disk/output/mit_mascot_bsz_2_loss_0_1_0.01/checkpoint-20/images/in_the_snow/
07/09/2024 01:04:18 - INFO - root - Image have been saved in /shenzihe/WD-Disk/output/mit_mascot_bsz_2_loss_0_1_0.01/checkpoint-20/images/in_the_snow/
07/09/2024 01:04:31 - INFO - root - Image have been saved in /shenzihe/WD-Disk/output/mit_mascot_bsz_2_loss_0_1_0.01/checkpoint-20/images/in_the_snow/
07/09/2024 01:04:45 - INFO - root - Image have been saved in /shenzihe/WD-Disk/output/mit_mascot_bsz_2_loss_0_1_0.01/checkpoint-20/images/in_the_snow/
07/09/2024 01:04:45 - INFO - __main__ - Running validation... 
 Generating 4 images with prompt:on the beach.
07/09/2024 01:04:58 - INFO - root - Image have been saved in /shenzihe/WD-Disk/output/mit_mascot_bsz_2_loss_0_1_0.01/checkpoint-20/images/on_the_beach/
07/09/2024 01:05:11 - INFO - root - Image have been saved in /shenzihe/WD-Disk/output/mit_mascot_bsz_2_loss_0_1_0.01/checkpoint-20/images/on_the_beach/
07/09/2024 01:05:25 - INFO - root - Image have been saved in /shenzihe/WD-Disk/output/mit_mascot_bsz_2_loss_0_1_0.01/checkpoint-20/images/on_the_beach/
07/09/2024 01:05:38 - INFO - root - Image have been saved in /shenzihe/WD-Disk/output/mit_mascot_bsz_2_loss_0_1_0.01/checkpoint-20/images/on_the_beach/
07/09/2024 01:05:38 - INFO - __main__ - Running validation... 
 Generating 4 images with prompt:on a cobblestone street.
07/09/2024 01:05:52 - INFO - root - Image have been saved in /shenzihe/WD-Disk/output/mit_mascot_bsz_2_loss_0_1_0.01/checkpoint-20/images/on_a_cobblestone_street/
07/09/2024 01:06:05 - INFO - root - Image have been saved in /shenzihe/WD-Disk/output/mit_mascot_bsz_2_loss_0_1_0.01/checkpoint-20/images/on_a_cobblestone_street/
07/09/2024 01:06:18 - INFO - root - Image have been saved in /shenzihe/WD-Disk/output/mit_mascot_bsz_2_loss_0_1_0.01/checkpoint-20/images/on_a_cobblestone_street/
07/09/2024 01:06:32 - INFO - root - Image have been saved in /shenzihe/WD-Disk/output/mit_mascot_bsz_2_loss_0_1_0.01/checkpoint-20/images/on_a_cobblestone_street/
07/09/2024 01:06:32 - INFO - __main__ - Running validation... 
 Generating 4 images with prompt:on top of pink fabric.
07/09/2024 01:06:45 - INFO - root - Image have been saved in /shenzihe/WD-Disk/output/mit_mascot_bsz_2_loss_0_1_0.01/checkpoint-20/images/on_top_of_pink_fabric/
07/09/2024 01:06:58 - INFO - root - Image have been saved in /shenzihe/WD-Disk/output/mit_mascot_bsz_2_loss_0_1_0.01/checkpoint-20/images/on_top_of_pink_fabric/
07/09/2024 01:07:12 - INFO - root - Image have been saved in /shenzihe/WD-Disk/output/mit_mascot_bsz_2_loss_0_1_0.01/checkpoint-20/images/on_top_of_pink_fabric/
07/09/2024 01:07:25 - INFO - root - Image have been saved in /shenzihe/WD-Disk/output/mit_mascot_bsz_2_loss_0_1_0.01/checkpoint-20/images/on_top_of_pink_fabric/
07/09/2024 01:07:25 - INFO - __main__ - Running validation... 
 Generating 4 images with prompt:on top of a wooden floor.
07/09/2024 01:07:38 - INFO - root - Image have been saved in /shenzihe/WD-Disk/output/mit_mascot_bsz_2_loss_0_1_0.01/checkpoint-20/images/on_top_of_a_wooden_floor/
07/09/2024 01:07:52 - INFO - root - Image have been saved in /shenzihe/WD-Disk/output/mit_mascot_bsz_2_loss_0_1_0.01/checkpoint-20/images/on_top_of_a_wooden_floor/
07/09/2024 01:08:05 - INFO - root - Image have been saved in /shenzihe/WD-Disk/output/mit_mascot_bsz_2_loss_0_1_0.01/checkpoint-20/images/on_top_of_a_wooden_floor/
07/09/2024 01:08:18 - INFO - root - Image have been saved in /shenzihe/WD-Disk/output/mit_mascot_bsz_2_loss_0_1_0.01/checkpoint-20/images/on_top_of_a_wooden_floor/
07/09/2024 01:08:18 - INFO - __main__ - Running validation... 
 Generating 4 images with prompt:with a city in the background.
07/09/2024 01:08:31 - INFO - root - Image have been saved in /shenzihe/WD-Disk/output/mit_mascot_bsz_2_loss_0_1_0.01/checkpoint-20/images/with_a_city_in_the_background/
07/09/2024 01:08:45 - INFO - root - Image have been saved in /shenzihe/WD-Disk/output/mit_mascot_bsz_2_loss_0_1_0.01/checkpoint-20/images/with_a_city_in_the_background/
07/09/2024 01:08:58 - INFO - root - Image have been saved in /shenzihe/WD-Disk/output/mit_mascot_bsz_2_loss_0_1_0.01/checkpoint-20/images/with_a_city_in_the_background/
07/09/2024 01:09:11 - INFO - root - Image have been saved in /shenzihe/WD-Disk/output/mit_mascot_bsz_2_loss_0_1_0.01/checkpoint-20/images/with_a_city_in_the_background/
07/09/2024 01:09:11 - INFO - __main__ - Running validation... 
 Generating 4 images with prompt:with a mountain in the background.
07/09/2024 01:09:25 - INFO - root - Image have been saved in /shenzihe/WD-Disk/output/mit_mascot_bsz_2_loss_0_1_0.01/checkpoint-20/images/with_a_mountain_in_the_background/
07/09/2024 01:09:38 - INFO - root - Image have been saved in /shenzihe/WD-Disk/output/mit_mascot_bsz_2_loss_0_1_0.01/checkpoint-20/images/with_a_mountain_in_the_background/
07/09/2024 01:09:51 - INFO - root - Image have been saved in /shenzihe/WD-Disk/output/mit_mascot_bsz_2_loss_0_1_0.01/checkpoint-20/images/with_a_mountain_in_the_background/
07/09/2024 01:10:05 - INFO - root - Image have been saved in /shenzihe/WD-Disk/output/mit_mascot_bsz_2_loss_0_1_0.01/checkpoint-20/images/with_a_mountain_in_the_background/
07/09/2024 01:10:05 - INFO - __main__ - Running validation... 
 Generating 4 images with prompt:with a blue house in the background.
07/09/2024 01:10:18 - INFO - root - Image have been saved in /shenzihe/WD-Disk/output/mit_mascot_bsz_2_loss_0_1_0.01/checkpoint-20/images/with_a_blue_house_in_the_background/
07/09/2024 01:10:31 - INFO - root - Image have been saved in /shenzihe/WD-Disk/output/mit_mascot_bsz_2_loss_0_1_0.01/checkpoint-20/images/with_a_blue_house_in_the_background/
07/09/2024 01:10:44 - INFO - root - Image have been saved in /shenzihe/WD-Disk/output/mit_mascot_bsz_2_loss_0_1_0.01/checkpoint-20/images/with_a_blue_house_in_the_background/
07/09/2024 01:10:58 - INFO - root - Image have been saved in /shenzihe/WD-Disk/output/mit_mascot_bsz_2_loss_0_1_0.01/checkpoint-20/images/with_a_blue_house_in_the_background/
07/09/2024 01:10:58 - INFO - __main__ - Running validation... 
 Generating 4 images with prompt:on top of a purple rug in a forest.
07/09/2024 01:11:11 - INFO - root - Image have been saved in /shenzihe/WD-Disk/output/mit_mascot_bsz_2_loss_0_1_0.01/checkpoint-20/images/on_top_of_a_purple_rug_in_a_forest/
07/09/2024 01:11:24 - INFO - root - Image have been saved in /shenzihe/WD-Disk/output/mit_mascot_bsz_2_loss_0_1_0.01/checkpoint-20/images/on_top_of_a_purple_rug_in_a_forest/
07/09/2024 01:11:38 - INFO - root - Image have been saved in /shenzihe/WD-Disk/output/mit_mascot_bsz_2_loss_0_1_0.01/checkpoint-20/images/on_top_of_a_purple_rug_in_a_forest/
07/09/2024 01:11:51 - INFO - root - Image have been saved in /shenzihe/WD-Disk/output/mit_mascot_bsz_2_loss_0_1_0.01/checkpoint-20/images/on_top_of_a_purple_rug_in_a_forest/
07/09/2024 01:11:51 - INFO - __main__ - Running validation... 
 Generating 4 images with prompt:with a wheat field in the background.
07/09/2024 01:12:04 - INFO - root - Image have been saved in /shenzihe/WD-Disk/output/mit_mascot_bsz_2_loss_0_1_0.01/checkpoint-20/images/with_a_wheat_field_in_the_background/
07/09/2024 01:12:18 - INFO - root - Image have been saved in /shenzihe/WD-Disk/output/mit_mascot_bsz_2_loss_0_1_0.01/checkpoint-20/images/with_a_wheat_field_in_the_background/
07/09/2024 01:12:31 - INFO - root - Image have been saved in /shenzihe/WD-Disk/output/mit_mascot_bsz_2_loss_0_1_0.01/checkpoint-20/images/with_a_wheat_field_in_the_background/
07/09/2024 01:12:44 - INFO - root - Image have been saved in /shenzihe/WD-Disk/output/mit_mascot_bsz_2_loss_0_1_0.01/checkpoint-20/images/with_a_wheat_field_in_the_background/
07/09/2024 01:12:44 - INFO - __main__ - Running validation... 
 Generating 4 images with prompt:with a tree and autumn leaves in the background.
07/09/2024 01:12:58 - INFO - root - Image have been saved in /shenzihe/WD-Disk/output/mit_mascot_bsz_2_loss_0_1_0.01/checkpoint-20/images/with_a_tree_and_autumn_leaves_in_the_background/
07/09/2024 01:13:11 - INFO - root - Image have been saved in /shenzihe/WD-Disk/output/mit_mascot_bsz_2_loss_0_1_0.01/checkpoint-20/images/with_a_tree_and_autumn_leaves_in_the_background/
07/09/2024 01:13:24 - INFO - root - Image have been saved in /shenzihe/WD-Disk/output/mit_mascot_bsz_2_loss_0_1_0.01/checkpoint-20/images/with_a_tree_and_autumn_leaves_in_the_background/
07/09/2024 01:13:38 - INFO - root - Image have been saved in /shenzihe/WD-Disk/output/mit_mascot_bsz_2_loss_0_1_0.01/checkpoint-20/images/with_a_tree_and_autumn_leaves_in_the_background/
07/09/2024 01:13:38 - INFO - __main__ - Running validation... 
 Generating 4 images with prompt:with the Eiffel Tower in the background.
07/09/2024 01:13:51 - INFO - root - Image have been saved in /shenzihe/WD-Disk/output/mit_mascot_bsz_2_loss_0_1_0.01/checkpoint-20/images/with_the_Eiffel_Tower_in_the_background/
07/09/2024 01:14:04 - INFO - root - Image have been saved in /shenzihe/WD-Disk/output/mit_mascot_bsz_2_loss_0_1_0.01/checkpoint-20/images/with_the_Eiffel_Tower_in_the_background/
07/09/2024 01:14:17 - INFO - root - Image have been saved in /shenzihe/WD-Disk/output/mit_mascot_bsz_2_loss_0_1_0.01/checkpoint-20/images/with_the_Eiffel_Tower_in_the_background/
07/09/2024 01:14:31 - INFO - root - Image have been saved in /shenzihe/WD-Disk/output/mit_mascot_bsz_2_loss_0_1_0.01/checkpoint-20/images/with_the_Eiffel_Tower_in_the_background/
07/09/2024 01:14:31 - INFO - __main__ - Running validation... 
 Generating 4 images with prompt:floating on top of water.
07/09/2024 01:14:44 - INFO - root - Image have been saved in /shenzihe/WD-Disk/output/mit_mascot_bsz_2_loss_0_1_0.01/checkpoint-20/images/floating_on_top_of_water/
07/09/2024 01:14:57 - INFO - root - Image have been saved in /shenzihe/WD-Disk/output/mit_mascot_bsz_2_loss_0_1_0.01/checkpoint-20/images/floating_on_top_of_water/
07/09/2024 01:15:10 - INFO - root - Image have been saved in /shenzihe/WD-Disk/output/mit_mascot_bsz_2_loss_0_1_0.01/checkpoint-20/images/floating_on_top_of_water/
07/09/2024 01:15:24 - INFO - root - Image have been saved in /shenzihe/WD-Disk/output/mit_mascot_bsz_2_loss_0_1_0.01/checkpoint-20/images/floating_on_top_of_water/
07/09/2024 01:15:24 - INFO - __main__ - Running validation... 
 Generating 4 images with prompt:floating in an ocean of milk.
07/09/2024 01:15:37 - INFO - root - Image have been saved in /shenzihe/WD-Disk/output/mit_mascot_bsz_2_loss_0_1_0.01/checkpoint-20/images/floating_in_an_ocean_of_milk/
07/09/2024 01:15:50 - INFO - root - Image have been saved in /shenzihe/WD-Disk/output/mit_mascot_bsz_2_loss_0_1_0.01/checkpoint-20/images/floating_in_an_ocean_of_milk/
07/09/2024 01:16:04 - INFO - root - Image have been saved in /shenzihe/WD-Disk/output/mit_mascot_bsz_2_loss_0_1_0.01/checkpoint-20/images/floating_in_an_ocean_of_milk/
07/09/2024 01:16:17 - INFO - root - Image have been saved in /shenzihe/WD-Disk/output/mit_mascot_bsz_2_loss_0_1_0.01/checkpoint-20/images/floating_in_an_ocean_of_milk/
07/09/2024 01:16:17 - INFO - __main__ - Running validation... 
 Generating 4 images with prompt:on top of green grass with sunflowers around it.
07/09/2024 01:16:30 - INFO - root - Image have been saved in /shenzihe/WD-Disk/output/mit_mascot_bsz_2_loss_0_1_0.01/checkpoint-20/images/on_top_of_green_grass_with_sunflowers_around_it/
07/09/2024 01:16:44 - INFO - root - Image have been saved in /shenzihe/WD-Disk/output/mit_mascot_bsz_2_loss_0_1_0.01/checkpoint-20/images/on_top_of_green_grass_with_sunflowers_around_it/
07/09/2024 01:16:57 - INFO - root - Image have been saved in /shenzihe/WD-Disk/output/mit_mascot_bsz_2_loss_0_1_0.01/checkpoint-20/images/on_top_of_green_grass_with_sunflowers_around_it/
07/09/2024 01:17:11 - INFO - root - Image have been saved in /shenzihe/WD-Disk/output/mit_mascot_bsz_2_loss_0_1_0.01/checkpoint-20/images/on_top_of_green_grass_with_sunflowers_around_it/
07/09/2024 01:17:11 - INFO - __main__ - Running validation... 
 Generating 4 images with prompt:on top of a mirror.
07/09/2024 01:17:24 - INFO - root - Image have been saved in /shenzihe/WD-Disk/output/mit_mascot_bsz_2_loss_0_1_0.01/checkpoint-20/images/on_top_of_a_mirror/
07/09/2024 01:17:37 - INFO - root - Image have been saved in /shenzihe/WD-Disk/output/mit_mascot_bsz_2_loss_0_1_0.01/checkpoint-20/images/on_top_of_a_mirror/
07/09/2024 01:17:50 - INFO - root - Image have been saved in /shenzihe/WD-Disk/output/mit_mascot_bsz_2_loss_0_1_0.01/checkpoint-20/images/on_top_of_a_mirror/
07/09/2024 01:18:04 - INFO - root - Image have been saved in /shenzihe/WD-Disk/output/mit_mascot_bsz_2_loss_0_1_0.01/checkpoint-20/images/on_top_of_a_mirror/
07/09/2024 01:18:04 - INFO - __main__ - Running validation... 
 Generating 4 images with prompt:on top of the sidewalk in a crowded street.
07/09/2024 01:18:17 - INFO - root - Image have been saved in /shenzihe/WD-Disk/output/mit_mascot_bsz_2_loss_0_1_0.01/checkpoint-20/images/on_top_of_the_sidewalk_in_a_crowded_street/
07/09/2024 01:18:30 - INFO - root - Image have been saved in /shenzihe/WD-Disk/output/mit_mascot_bsz_2_loss_0_1_0.01/checkpoint-20/images/on_top_of_the_sidewalk_in_a_crowded_street/
07/09/2024 01:18:43 - INFO - root - Image have been saved in /shenzihe/WD-Disk/output/mit_mascot_bsz_2_loss_0_1_0.01/checkpoint-20/images/on_top_of_the_sidewalk_in_a_crowded_street/
07/09/2024 01:18:57 - INFO - root - Image have been saved in /shenzihe/WD-Disk/output/mit_mascot_bsz_2_loss_0_1_0.01/checkpoint-20/images/on_top_of_the_sidewalk_in_a_crowded_street/
07/09/2024 01:18:57 - INFO - __main__ - Running validation... 
 Generating 4 images with prompt:on top of a dirt road.
07/09/2024 01:19:10 - INFO - root - Image have been saved in /shenzihe/WD-Disk/output/mit_mascot_bsz_2_loss_0_1_0.01/checkpoint-20/images/on_top_of_a_dirt_road/
07/09/2024 01:19:23 - INFO - root - Image have been saved in /shenzihe/WD-Disk/output/mit_mascot_bsz_2_loss_0_1_0.01/checkpoint-20/images/on_top_of_a_dirt_road/
07/09/2024 01:19:37 - INFO - root - Image have been saved in /shenzihe/WD-Disk/output/mit_mascot_bsz_2_loss_0_1_0.01/checkpoint-20/images/on_top_of_a_dirt_road/
07/09/2024 01:19:50 - INFO - root - Image have been saved in /shenzihe/WD-Disk/output/mit_mascot_bsz_2_loss_0_1_0.01/checkpoint-20/images/on_top_of_a_dirt_road/
07/09/2024 01:19:50 - INFO - __main__ - Running validation... 
 Generating 4 images with prompt:on top of a white rug.
07/09/2024 01:20:03 - INFO - root - Image have been saved in /shenzihe/WD-Disk/output/mit_mascot_bsz_2_loss_0_1_0.01/checkpoint-20/images/on_top_of_a_white_rug/
07/09/2024 01:20:17 - INFO - root - Image have been saved in /shenzihe/WD-Disk/output/mit_mascot_bsz_2_loss_0_1_0.01/checkpoint-20/images/on_top_of_a_white_rug/
07/09/2024 01:20:30 - INFO - root - Image have been saved in /shenzihe/WD-Disk/output/mit_mascot_bsz_2_loss_0_1_0.01/checkpoint-20/images/on_top_of_a_white_rug/
07/09/2024 01:20:43 - INFO - root - Image have been saved in /shenzihe/WD-Disk/output/mit_mascot_bsz_2_loss_0_1_0.01/checkpoint-20/images/on_top_of_a_white_rug/
07/09/2024 01:20:43 - INFO - __main__ - Running validation... 
 Generating 4 images with prompt:red.
07/09/2024 01:20:56 - INFO - root - Image have been saved in /shenzihe/WD-Disk/output/mit_mascot_bsz_2_loss_0_1_0.01/checkpoint-20/images/red/
07/09/2024 01:21:10 - INFO - root - Image have been saved in /shenzihe/WD-Disk/output/mit_mascot_bsz_2_loss_0_1_0.01/checkpoint-20/images/red/
07/09/2024 01:21:23 - INFO - root - Image have been saved in /shenzihe/WD-Disk/output/mit_mascot_bsz_2_loss_0_1_0.01/checkpoint-20/images/red/
07/09/2024 01:21:36 - INFO - root - Image have been saved in /shenzihe/WD-Disk/output/mit_mascot_bsz_2_loss_0_1_0.01/checkpoint-20/images/red/
07/09/2024 01:21:36 - INFO - __main__ - Running validation... 
 Generating 4 images with prompt:purple.
07/09/2024 01:21:50 - INFO - root - Image have been saved in /shenzihe/WD-Disk/output/mit_mascot_bsz_2_loss_0_1_0.01/checkpoint-20/images/purple/
07/09/2024 01:22:03 - INFO - root - Image have been saved in /shenzihe/WD-Disk/output/mit_mascot_bsz_2_loss_0_1_0.01/checkpoint-20/images/purple/
07/09/2024 01:22:16 - INFO - root - Image have been saved in /shenzihe/WD-Disk/output/mit_mascot_bsz_2_loss_0_1_0.01/checkpoint-20/images/purple/
07/09/2024 01:22:29 - INFO - root - Image have been saved in /shenzihe/WD-Disk/output/mit_mascot_bsz_2_loss_0_1_0.01/checkpoint-20/images/purple/
07/09/2024 01:22:29 - INFO - __main__ - Running validation... 
 Generating 4 images with prompt:shiny.
07/09/2024 01:22:43 - INFO - root - Image have been saved in /shenzihe/WD-Disk/output/mit_mascot_bsz_2_loss_0_1_0.01/checkpoint-20/images/shiny/
07/09/2024 01:22:56 - INFO - root - Image have been saved in /shenzihe/WD-Disk/output/mit_mascot_bsz_2_loss_0_1_0.01/checkpoint-20/images/shiny/
07/09/2024 01:23:09 - INFO - root - Image have been saved in /shenzihe/WD-Disk/output/mit_mascot_bsz_2_loss_0_1_0.01/checkpoint-20/images/shiny/
07/09/2024 01:23:23 - INFO - root - Image have been saved in /shenzihe/WD-Disk/output/mit_mascot_bsz_2_loss_0_1_0.01/checkpoint-20/images/shiny/
07/09/2024 01:23:23 - INFO - __main__ - Running validation... 
 Generating 4 images with prompt:wet.
07/09/2024 01:23:36 - INFO - root - Image have been saved in /shenzihe/WD-Disk/output/mit_mascot_bsz_2_loss_0_1_0.01/checkpoint-20/images/wet/
07/09/2024 01:23:50 - INFO - root - Image have been saved in /shenzihe/WD-Disk/output/mit_mascot_bsz_2_loss_0_1_0.01/checkpoint-20/images/wet/
07/09/2024 01:24:03 - INFO - root - Image have been saved in /shenzihe/WD-Disk/output/mit_mascot_bsz_2_loss_0_1_0.01/checkpoint-20/images/wet/
07/09/2024 01:24:16 - INFO - root - Image have been saved in /shenzihe/WD-Disk/output/mit_mascot_bsz_2_loss_0_1_0.01/checkpoint-20/images/wet/
07/09/2024 01:24:16 - INFO - __main__ - Running validation... 
 Generating 4 images with prompt:cube shaped.
07/09/2024 01:24:29 - INFO - root - Image have been saved in /shenzihe/WD-Disk/output/mit_mascot_bsz_2_loss_0_1_0.01/checkpoint-20/images/cube_shaped/
07/09/2024 01:24:43 - INFO - root - Image have been saved in /shenzihe/WD-Disk/output/mit_mascot_bsz_2_loss_0_1_0.01/checkpoint-20/images/cube_shaped/
07/09/2024 01:24:56 - INFO - root - Image have been saved in /shenzihe/WD-Disk/output/mit_mascot_bsz_2_loss_0_1_0.01/checkpoint-20/images/cube_shaped/
07/09/2024 01:25:09 - INFO - root - Image have been saved in /shenzihe/WD-Disk/output/mit_mascot_bsz_2_loss_0_1_0.01/checkpoint-20/images/cube_shaped/
07/09/2024 01:25:12 - INFO - root - {'loss': 0.016398916020989418, 'lr': 0.0001}
07/09/2024 01:25:14 - INFO - root - {'loss': 0.432622492313385, 'lr': 0.0001}
07/09/2024 01:25:16 - INFO - root - {'loss': 0.16808809340000153, 'lr': 0.0001}
07/09/2024 01:25:18 - INFO - root - {'loss': 0.13484199345111847, 'lr': 0.0001}
07/09/2024 01:25:20 - INFO - root - {'loss': 0.19102264940738678, 'lr': 0.0001}
07/09/2024 01:25:22 - INFO - root - {'loss': 0.10353058576583862, 'lr': 0.0001}
07/09/2024 01:25:24 - INFO - root - {'loss': 0.08771929144859314, 'lr': 0.0001}
07/09/2024 01:25:26 - INFO - root - {'loss': 0.4598299562931061, 'lr': 0.0001}
07/09/2024 01:25:29 - INFO - root - {'loss': 0.4514187276363373, 'lr': 0.0001}
07/09/2024 01:25:31 - INFO - root - {'loss': 0.24304412305355072, 'lr': 0.0001}
07/09/2024 01:25:33 - INFO - root - {'loss': 0.14284059405326843, 'lr': 0.0001}
07/09/2024 01:25:35 - INFO - root - {'loss': 0.21019452810287476, 'lr': 0.0001}
07/09/2024 01:25:37 - INFO - root - {'loss': 0.11632916331291199, 'lr': 0.0001}
07/09/2024 01:25:39 - INFO - root - {'loss': 0.00536087341606617, 'lr': 0.0001}
07/09/2024 01:25:41 - INFO - root - {'loss': 0.16397204995155334, 'lr': 0.0001}
07/09/2024 01:25:43 - INFO - root - {'loss': 0.051933325827121735, 'lr': 0.0001}
07/09/2024 01:25:46 - INFO - root - {'loss': 0.5539556741714478, 'lr': 0.0001}
07/09/2024 01:25:48 - INFO - root - {'loss': 0.5837619304656982, 'lr': 0.0001}
07/09/2024 01:25:50 - INFO - root - {'loss': 0.07814843952655792, 'lr': 0.0001}
07/09/2024 01:25:52 - INFO - root - {'loss': 0.3456088900566101, 'lr': 0.0001}
07/09/2024 01:25:52 - INFO - __main__ - Running validation... 
 Generating 4 images with prompt:in the jungle.
07/09/2024 01:26:05 - INFO - root - Image have been saved in /shenzihe/WD-Disk/output/mit_mascot_bsz_2_loss_0_1_0.01/checkpoint-40/images/in_the_jungle/
07/09/2024 01:26:18 - INFO - root - Image have been saved in /shenzihe/WD-Disk/output/mit_mascot_bsz_2_loss_0_1_0.01/checkpoint-40/images/in_the_jungle/
07/09/2024 01:26:31 - INFO - root - Image have been saved in /shenzihe/WD-Disk/output/mit_mascot_bsz_2_loss_0_1_0.01/checkpoint-40/images/in_the_jungle/
07/09/2024 01:26:45 - INFO - root - Image have been saved in /shenzihe/WD-Disk/output/mit_mascot_bsz_2_loss_0_1_0.01/checkpoint-40/images/in_the_jungle/
07/09/2024 01:26:45 - INFO - __main__ - Running validation... 
 Generating 4 images with prompt:in the snow.
07/09/2024 01:26:58 - INFO - root - Image have been saved in /shenzihe/WD-Disk/output/mit_mascot_bsz_2_loss_0_1_0.01/checkpoint-40/images/in_the_snow/
07/09/2024 01:27:11 - INFO - root - Image have been saved in /shenzihe/WD-Disk/output/mit_mascot_bsz_2_loss_0_1_0.01/checkpoint-40/images/in_the_snow/
07/09/2024 01:27:25 - INFO - root - Image have been saved in /shenzihe/WD-Disk/output/mit_mascot_bsz_2_loss_0_1_0.01/checkpoint-40/images/in_the_snow/
07/09/2024 01:27:38 - INFO - root - Image have been saved in /shenzihe/WD-Disk/output/mit_mascot_bsz_2_loss_0_1_0.01/checkpoint-40/images/in_the_snow/
07/09/2024 01:27:38 - INFO - __main__ - Running validation... 
 Generating 4 images with prompt:on the beach.
07/09/2024 01:27:51 - INFO - root - Image have been saved in /shenzihe/WD-Disk/output/mit_mascot_bsz_2_loss_0_1_0.01/checkpoint-40/images/on_the_beach/
07/09/2024 01:28:05 - INFO - root - Image have been saved in /shenzihe/WD-Disk/output/mit_mascot_bsz_2_loss_0_1_0.01/checkpoint-40/images/on_the_beach/
07/09/2024 01:28:18 - INFO - root - Image have been saved in /shenzihe/WD-Disk/output/mit_mascot_bsz_2_loss_0_1_0.01/checkpoint-40/images/on_the_beach/
07/09/2024 01:28:31 - INFO - root - Image have been saved in /shenzihe/WD-Disk/output/mit_mascot_bsz_2_loss_0_1_0.01/checkpoint-40/images/on_the_beach/
07/09/2024 01:28:31 - INFO - __main__ - Running validation... 
 Generating 4 images with prompt:on a cobblestone street.
07/09/2024 01:28:45 - INFO - root - Image have been saved in /shenzihe/WD-Disk/output/mit_mascot_bsz_2_loss_0_1_0.01/checkpoint-40/images/on_a_cobblestone_street/
07/09/2024 01:28:58 - INFO - root - Image have been saved in /shenzihe/WD-Disk/output/mit_mascot_bsz_2_loss_0_1_0.01/checkpoint-40/images/on_a_cobblestone_street/
07/09/2024 01:29:11 - INFO - root - Image have been saved in /shenzihe/WD-Disk/output/mit_mascot_bsz_2_loss_0_1_0.01/checkpoint-40/images/on_a_cobblestone_street/
07/09/2024 01:29:24 - INFO - root - Image have been saved in /shenzihe/WD-Disk/output/mit_mascot_bsz_2_loss_0_1_0.01/checkpoint-40/images/on_a_cobblestone_street/
07/09/2024 01:29:24 - INFO - __main__ - Running validation... 
 Generating 4 images with prompt:on top of pink fabric.
07/09/2024 01:29:38 - INFO - root - Image have been saved in /shenzihe/WD-Disk/output/mit_mascot_bsz_2_loss_0_1_0.01/checkpoint-40/images/on_top_of_pink_fabric/
07/09/2024 01:29:51 - INFO - root - Image have been saved in /shenzihe/WD-Disk/output/mit_mascot_bsz_2_loss_0_1_0.01/checkpoint-40/images/on_top_of_pink_fabric/
07/09/2024 01:30:04 - INFO - root - Image have been saved in /shenzihe/WD-Disk/output/mit_mascot_bsz_2_loss_0_1_0.01/checkpoint-40/images/on_top_of_pink_fabric/
07/09/2024 01:30:17 - INFO - root - Image have been saved in /shenzihe/WD-Disk/output/mit_mascot_bsz_2_loss_0_1_0.01/checkpoint-40/images/on_top_of_pink_fabric/
07/09/2024 01:30:17 - INFO - __main__ - Running validation... 
 Generating 4 images with prompt:on top of a wooden floor.
07/09/2024 01:30:31 - INFO - root - Image have been saved in /shenzihe/WD-Disk/output/mit_mascot_bsz_2_loss_0_1_0.01/checkpoint-40/images/on_top_of_a_wooden_floor/
07/09/2024 01:30:44 - INFO - root - Image have been saved in /shenzihe/WD-Disk/output/mit_mascot_bsz_2_loss_0_1_0.01/checkpoint-40/images/on_top_of_a_wooden_floor/
07/09/2024 01:30:57 - INFO - root - Image have been saved in /shenzihe/WD-Disk/output/mit_mascot_bsz_2_loss_0_1_0.01/checkpoint-40/images/on_top_of_a_wooden_floor/
07/09/2024 01:31:11 - INFO - root - Image have been saved in /shenzihe/WD-Disk/output/mit_mascot_bsz_2_loss_0_1_0.01/checkpoint-40/images/on_top_of_a_wooden_floor/
07/09/2024 01:31:11 - INFO - __main__ - Running validation... 
 Generating 4 images with prompt:with a city in the background.
07/09/2024 01:31:24 - INFO - root - Image have been saved in /shenzihe/WD-Disk/output/mit_mascot_bsz_2_loss_0_1_0.01/checkpoint-40/images/with_a_city_in_the_background/
07/09/2024 01:31:37 - INFO - root - Image have been saved in /shenzihe/WD-Disk/output/mit_mascot_bsz_2_loss_0_1_0.01/checkpoint-40/images/with_a_city_in_the_background/
07/09/2024 01:31:51 - INFO - root - Image have been saved in /shenzihe/WD-Disk/output/mit_mascot_bsz_2_loss_0_1_0.01/checkpoint-40/images/with_a_city_in_the_background/
07/09/2024 01:32:04 - INFO - root - Image have been saved in /shenzihe/WD-Disk/output/mit_mascot_bsz_2_loss_0_1_0.01/checkpoint-40/images/with_a_city_in_the_background/
07/09/2024 01:32:04 - INFO - __main__ - Running validation... 
 Generating 4 images with prompt:with a mountain in the background.
07/09/2024 01:32:17 - INFO - root - Image have been saved in /shenzihe/WD-Disk/output/mit_mascot_bsz_2_loss_0_1_0.01/checkpoint-40/images/with_a_mountain_in_the_background/
07/09/2024 01:32:31 - INFO - root - Image have been saved in /shenzihe/WD-Disk/output/mit_mascot_bsz_2_loss_0_1_0.01/checkpoint-40/images/with_a_mountain_in_the_background/
07/09/2024 01:32:44 - INFO - root - Image have been saved in /shenzihe/WD-Disk/output/mit_mascot_bsz_2_loss_0_1_0.01/checkpoint-40/images/with_a_mountain_in_the_background/
07/09/2024 01:32:57 - INFO - root - Image have been saved in /shenzihe/WD-Disk/output/mit_mascot_bsz_2_loss_0_1_0.01/checkpoint-40/images/with_a_mountain_in_the_background/
07/09/2024 01:32:57 - INFO - __main__ - Running validation... 
 Generating 4 images with prompt:with a blue house in the background.
07/09/2024 01:33:11 - INFO - root - Image have been saved in /shenzihe/WD-Disk/output/mit_mascot_bsz_2_loss_0_1_0.01/checkpoint-40/images/with_a_blue_house_in_the_background/
07/09/2024 01:33:24 - INFO - root - Image have been saved in /shenzihe/WD-Disk/output/mit_mascot_bsz_2_loss_0_1_0.01/checkpoint-40/images/with_a_blue_house_in_the_background/
07/09/2024 01:33:37 - INFO - root - Image have been saved in /shenzihe/WD-Disk/output/mit_mascot_bsz_2_loss_0_1_0.01/checkpoint-40/images/with_a_blue_house_in_the_background/
07/09/2024 01:33:50 - INFO - root - Image have been saved in /shenzihe/WD-Disk/output/mit_mascot_bsz_2_loss_0_1_0.01/checkpoint-40/images/with_a_blue_house_in_the_background/
07/09/2024 01:33:50 - INFO - __main__ - Running validation... 
 Generating 4 images with prompt:on top of a purple rug in a forest.
07/09/2024 01:34:04 - INFO - root - Image have been saved in /shenzihe/WD-Disk/output/mit_mascot_bsz_2_loss_0_1_0.01/checkpoint-40/images/on_top_of_a_purple_rug_in_a_forest/
07/09/2024 01:34:17 - INFO - root - Image have been saved in /shenzihe/WD-Disk/output/mit_mascot_bsz_2_loss_0_1_0.01/checkpoint-40/images/on_top_of_a_purple_rug_in_a_forest/
07/09/2024 01:34:30 - INFO - root - Image have been saved in /shenzihe/WD-Disk/output/mit_mascot_bsz_2_loss_0_1_0.01/checkpoint-40/images/on_top_of_a_purple_rug_in_a_forest/
07/09/2024 01:34:44 - INFO - root - Image have been saved in /shenzihe/WD-Disk/output/mit_mascot_bsz_2_loss_0_1_0.01/checkpoint-40/images/on_top_of_a_purple_rug_in_a_forest/
07/09/2024 01:34:44 - INFO - __main__ - Running validation... 
 Generating 4 images with prompt:with a wheat field in the background.
07/09/2024 01:34:57 - INFO - root - Image have been saved in /shenzihe/WD-Disk/output/mit_mascot_bsz_2_loss_0_1_0.01/checkpoint-40/images/with_a_wheat_field_in_the_background/
07/09/2024 01:35:10 - INFO - root - Image have been saved in /shenzihe/WD-Disk/output/mit_mascot_bsz_2_loss_0_1_0.01/checkpoint-40/images/with_a_wheat_field_in_the_background/
07/09/2024 01:35:23 - INFO - root - Image have been saved in /shenzihe/WD-Disk/output/mit_mascot_bsz_2_loss_0_1_0.01/checkpoint-40/images/with_a_wheat_field_in_the_background/
07/09/2024 01:35:37 - INFO - root - Image have been saved in /shenzihe/WD-Disk/output/mit_mascot_bsz_2_loss_0_1_0.01/checkpoint-40/images/with_a_wheat_field_in_the_background/
07/09/2024 01:35:37 - INFO - __main__ - Running validation... 
 Generating 4 images with prompt:with a tree and autumn leaves in the background.
07/09/2024 01:35:50 - INFO - root - Image have been saved in /shenzihe/WD-Disk/output/mit_mascot_bsz_2_loss_0_1_0.01/checkpoint-40/images/with_a_tree_and_autumn_leaves_in_the_background/
07/09/2024 01:36:03 - INFO - root - Image have been saved in /shenzihe/WD-Disk/output/mit_mascot_bsz_2_loss_0_1_0.01/checkpoint-40/images/with_a_tree_and_autumn_leaves_in_the_background/
07/09/2024 01:36:17 - INFO - root - Image have been saved in /shenzihe/WD-Disk/output/mit_mascot_bsz_2_loss_0_1_0.01/checkpoint-40/images/with_a_tree_and_autumn_leaves_in_the_background/
07/09/2024 01:36:30 - INFO - root - Image have been saved in /shenzihe/WD-Disk/output/mit_mascot_bsz_2_loss_0_1_0.01/checkpoint-40/images/with_a_tree_and_autumn_leaves_in_the_background/
07/09/2024 01:36:30 - INFO - __main__ - Running validation... 
 Generating 4 images with prompt:with the Eiffel Tower in the background.
07/09/2024 01:36:43 - INFO - root - Image have been saved in /shenzihe/WD-Disk/output/mit_mascot_bsz_2_loss_0_1_0.01/checkpoint-40/images/with_the_Eiffel_Tower_in_the_background/
07/09/2024 01:36:56 - INFO - root - Image have been saved in /shenzihe/WD-Disk/output/mit_mascot_bsz_2_loss_0_1_0.01/checkpoint-40/images/with_the_Eiffel_Tower_in_the_background/
07/09/2024 01:37:10 - INFO - root - Image have been saved in /shenzihe/WD-Disk/output/mit_mascot_bsz_2_loss_0_1_0.01/checkpoint-40/images/with_the_Eiffel_Tower_in_the_background/
07/09/2024 01:37:23 - INFO - root - Image have been saved in /shenzihe/WD-Disk/output/mit_mascot_bsz_2_loss_0_1_0.01/checkpoint-40/images/with_the_Eiffel_Tower_in_the_background/
07/09/2024 01:37:23 - INFO - __main__ - Running validation... 
 Generating 4 images with prompt:floating on top of water.
07/09/2024 01:37:36 - INFO - root - Image have been saved in /shenzihe/WD-Disk/output/mit_mascot_bsz_2_loss_0_1_0.01/checkpoint-40/images/floating_on_top_of_water/
07/09/2024 01:37:50 - INFO - root - Image have been saved in /shenzihe/WD-Disk/output/mit_mascot_bsz_2_loss_0_1_0.01/checkpoint-40/images/floating_on_top_of_water/
07/09/2024 01:38:03 - INFO - root - Image have been saved in /shenzihe/WD-Disk/output/mit_mascot_bsz_2_loss_0_1_0.01/checkpoint-40/images/floating_on_top_of_water/
07/09/2024 01:38:16 - INFO - root - Image have been saved in /shenzihe/WD-Disk/output/mit_mascot_bsz_2_loss_0_1_0.01/checkpoint-40/images/floating_on_top_of_water/
07/09/2024 01:38:16 - INFO - __main__ - Running validation... 
 Generating 4 images with prompt:floating in an ocean of milk.
07/09/2024 01:38:29 - INFO - root - Image have been saved in /shenzihe/WD-Disk/output/mit_mascot_bsz_2_loss_0_1_0.01/checkpoint-40/images/floating_in_an_ocean_of_milk/
07/09/2024 01:38:43 - INFO - root - Image have been saved in /shenzihe/WD-Disk/output/mit_mascot_bsz_2_loss_0_1_0.01/checkpoint-40/images/floating_in_an_ocean_of_milk/
07/09/2024 01:38:56 - INFO - root - Image have been saved in /shenzihe/WD-Disk/output/mit_mascot_bsz_2_loss_0_1_0.01/checkpoint-40/images/floating_in_an_ocean_of_milk/
07/09/2024 01:39:09 - INFO - root - Image have been saved in /shenzihe/WD-Disk/output/mit_mascot_bsz_2_loss_0_1_0.01/checkpoint-40/images/floating_in_an_ocean_of_milk/
07/09/2024 01:39:09 - INFO - __main__ - Running validation... 
 Generating 4 images with prompt:on top of green grass with sunflowers around it.
07/09/2024 01:39:23 - INFO - root - Image have been saved in /shenzihe/WD-Disk/output/mit_mascot_bsz_2_loss_0_1_0.01/checkpoint-40/images/on_top_of_green_grass_with_sunflowers_around_it/
07/09/2024 01:39:36 - INFO - root - Image have been saved in /shenzihe/WD-Disk/output/mit_mascot_bsz_2_loss_0_1_0.01/checkpoint-40/images/on_top_of_green_grass_with_sunflowers_around_it/
07/09/2024 01:39:49 - INFO - root - Image have been saved in /shenzihe/WD-Disk/output/mit_mascot_bsz_2_loss_0_1_0.01/checkpoint-40/images/on_top_of_green_grass_with_sunflowers_around_it/
07/09/2024 01:40:03 - INFO - root - Image have been saved in /shenzihe/WD-Disk/output/mit_mascot_bsz_2_loss_0_1_0.01/checkpoint-40/images/on_top_of_green_grass_with_sunflowers_around_it/
07/09/2024 01:40:03 - INFO - __main__ - Running validation... 
 Generating 4 images with prompt:on top of a mirror.
07/09/2024 01:40:16 - INFO - root - Image have been saved in /shenzihe/WD-Disk/output/mit_mascot_bsz_2_loss_0_1_0.01/checkpoint-40/images/on_top_of_a_mirror/
07/09/2024 01:40:29 - INFO - root - Image have been saved in /shenzihe/WD-Disk/output/mit_mascot_bsz_2_loss_0_1_0.01/checkpoint-40/images/on_top_of_a_mirror/
07/09/2024 01:40:42 - INFO - root - Image have been saved in /shenzihe/WD-Disk/output/mit_mascot_bsz_2_loss_0_1_0.01/checkpoint-40/images/on_top_of_a_mirror/
07/09/2024 01:40:56 - INFO - root - Image have been saved in /shenzihe/WD-Disk/output/mit_mascot_bsz_2_loss_0_1_0.01/checkpoint-40/images/on_top_of_a_mirror/
07/09/2024 01:40:56 - INFO - __main__ - Running validation... 
 Generating 4 images with prompt:on top of the sidewalk in a crowded street.
07/09/2024 01:41:09 - INFO - root - Image have been saved in /shenzihe/WD-Disk/output/mit_mascot_bsz_2_loss_0_1_0.01/checkpoint-40/images/on_top_of_the_sidewalk_in_a_crowded_street/
07/09/2024 01:41:22 - INFO - root - Image have been saved in /shenzihe/WD-Disk/output/mit_mascot_bsz_2_loss_0_1_0.01/checkpoint-40/images/on_top_of_the_sidewalk_in_a_crowded_street/
07/09/2024 01:41:36 - INFO - root - Image have been saved in /shenzihe/WD-Disk/output/mit_mascot_bsz_2_loss_0_1_0.01/checkpoint-40/images/on_top_of_the_sidewalk_in_a_crowded_street/
07/09/2024 01:41:49 - INFO - root - Image have been saved in /shenzihe/WD-Disk/output/mit_mascot_bsz_2_loss_0_1_0.01/checkpoint-40/images/on_top_of_the_sidewalk_in_a_crowded_street/
07/09/2024 01:41:49 - INFO - __main__ - Running validation... 
 Generating 4 images with prompt:on top of a dirt road.
07/09/2024 01:42:02 - INFO - root - Image have been saved in /shenzihe/WD-Disk/output/mit_mascot_bsz_2_loss_0_1_0.01/checkpoint-40/images/on_top_of_a_dirt_road/
07/09/2024 01:42:15 - INFO - root - Image have been saved in /shenzihe/WD-Disk/output/mit_mascot_bsz_2_loss_0_1_0.01/checkpoint-40/images/on_top_of_a_dirt_road/
07/09/2024 01:42:29 - INFO - root - Image have been saved in /shenzihe/WD-Disk/output/mit_mascot_bsz_2_loss_0_1_0.01/checkpoint-40/images/on_top_of_a_dirt_road/
07/09/2024 01:42:42 - INFO - root - Image have been saved in /shenzihe/WD-Disk/output/mit_mascot_bsz_2_loss_0_1_0.01/checkpoint-40/images/on_top_of_a_dirt_road/
07/09/2024 01:42:42 - INFO - __main__ - Running validation... 
 Generating 4 images with prompt:on top of a white rug.
07/09/2024 01:42:55 - INFO - root - Image have been saved in /shenzihe/WD-Disk/output/mit_mascot_bsz_2_loss_0_1_0.01/checkpoint-40/images/on_top_of_a_white_rug/
07/09/2024 01:43:09 - INFO - root - Image have been saved in /shenzihe/WD-Disk/output/mit_mascot_bsz_2_loss_0_1_0.01/checkpoint-40/images/on_top_of_a_white_rug/
07/09/2024 01:43:22 - INFO - root - Image have been saved in /shenzihe/WD-Disk/output/mit_mascot_bsz_2_loss_0_1_0.01/checkpoint-40/images/on_top_of_a_white_rug/
07/09/2024 01:43:35 - INFO - root - Image have been saved in /shenzihe/WD-Disk/output/mit_mascot_bsz_2_loss_0_1_0.01/checkpoint-40/images/on_top_of_a_white_rug/
07/09/2024 01:43:35 - INFO - __main__ - Running validation... 
 Generating 4 images with prompt:red.
07/09/2024 01:43:48 - INFO - root - Image have been saved in /shenzihe/WD-Disk/output/mit_mascot_bsz_2_loss_0_1_0.01/checkpoint-40/images/red/
07/09/2024 01:44:02 - INFO - root - Image have been saved in /shenzihe/WD-Disk/output/mit_mascot_bsz_2_loss_0_1_0.01/checkpoint-40/images/red/
07/09/2024 01:44:15 - INFO - root - Image have been saved in /shenzihe/WD-Disk/output/mit_mascot_bsz_2_loss_0_1_0.01/checkpoint-40/images/red/
07/09/2024 01:44:28 - INFO - root - Image have been saved in /shenzihe/WD-Disk/output/mit_mascot_bsz_2_loss_0_1_0.01/checkpoint-40/images/red/
07/09/2024 01:44:28 - INFO - __main__ - Running validation... 
 Generating 4 images with prompt:purple.
07/09/2024 01:44:42 - INFO - root - Image have been saved in /shenzihe/WD-Disk/output/mit_mascot_bsz_2_loss_0_1_0.01/checkpoint-40/images/purple/
07/09/2024 01:44:55 - INFO - root - Image have been saved in /shenzihe/WD-Disk/output/mit_mascot_bsz_2_loss_0_1_0.01/checkpoint-40/images/purple/
07/09/2024 01:45:08 - INFO - root - Image have been saved in /shenzihe/WD-Disk/output/mit_mascot_bsz_2_loss_0_1_0.01/checkpoint-40/images/purple/
07/09/2024 01:45:22 - INFO - root - Image have been saved in /shenzihe/WD-Disk/output/mit_mascot_bsz_2_loss_0_1_0.01/checkpoint-40/images/purple/
07/09/2024 01:45:22 - INFO - __main__ - Running validation... 
 Generating 4 images with prompt:shiny.
07/09/2024 01:45:35 - INFO - root - Image have been saved in /shenzihe/WD-Disk/output/mit_mascot_bsz_2_loss_0_1_0.01/checkpoint-40/images/shiny/
07/09/2024 01:45:48 - INFO - root - Image have been saved in /shenzihe/WD-Disk/output/mit_mascot_bsz_2_loss_0_1_0.01/checkpoint-40/images/shiny/
07/09/2024 01:46:02 - INFO - root - Image have been saved in /shenzihe/WD-Disk/output/mit_mascot_bsz_2_loss_0_1_0.01/checkpoint-40/images/shiny/
07/09/2024 01:46:15 - INFO - root - Image have been saved in /shenzihe/WD-Disk/output/mit_mascot_bsz_2_loss_0_1_0.01/checkpoint-40/images/shiny/
07/09/2024 01:46:15 - INFO - __main__ - Running validation... 
 Generating 4 images with prompt:wet.
07/09/2024 01:46:28 - INFO - root - Image have been saved in /shenzihe/WD-Disk/output/mit_mascot_bsz_2_loss_0_1_0.01/checkpoint-40/images/wet/
07/09/2024 01:46:42 - INFO - root - Image have been saved in /shenzihe/WD-Disk/output/mit_mascot_bsz_2_loss_0_1_0.01/checkpoint-40/images/wet/
07/09/2024 01:46:55 - INFO - root - Image have been saved in /shenzihe/WD-Disk/output/mit_mascot_bsz_2_loss_0_1_0.01/checkpoint-40/images/wet/
07/09/2024 01:47:08 - INFO - root - Image have been saved in /shenzihe/WD-Disk/output/mit_mascot_bsz_2_loss_0_1_0.01/checkpoint-40/images/wet/
07/09/2024 01:47:08 - INFO - __main__ - Running validation... 
 Generating 4 images with prompt:cube shaped.
07/09/2024 01:47:21 - INFO - root - Image have been saved in /shenzihe/WD-Disk/output/mit_mascot_bsz_2_loss_0_1_0.01/checkpoint-40/images/cube_shaped/
07/09/2024 01:47:35 - INFO - root - Image have been saved in /shenzihe/WD-Disk/output/mit_mascot_bsz_2_loss_0_1_0.01/checkpoint-40/images/cube_shaped/
07/09/2024 01:47:48 - INFO - root - Image have been saved in /shenzihe/WD-Disk/output/mit_mascot_bsz_2_loss_0_1_0.01/checkpoint-40/images/cube_shaped/
07/09/2024 01:48:01 - INFO - root - Image have been saved in /shenzihe/WD-Disk/output/mit_mascot_bsz_2_loss_0_1_0.01/checkpoint-40/images/cube_shaped/
07/09/2024 01:48:03 - INFO - root - {'loss': 0.08832640200853348, 'lr': 0.0001}
07/09/2024 01:48:05 - INFO - root - {'loss': 0.07388106733560562, 'lr': 0.0001}
07/09/2024 01:48:08 - INFO - root - {'loss': 0.2518453299999237, 'lr': 0.0001}
07/09/2024 01:48:10 - INFO - root - {'loss': 0.009859662503004074, 'lr': 0.0001}
07/09/2024 01:48:12 - INFO - root - {'loss': 0.10072459280490875, 'lr': 0.0001}
07/09/2024 01:48:14 - INFO - root - {'loss': 0.09508643299341202, 'lr': 0.0001}
07/09/2024 01:48:16 - INFO - root - {'loss': 0.013393578119575977, 'lr': 0.0001}
07/09/2024 01:48:18 - INFO - root - {'loss': 0.12141377478837967, 'lr': 0.0001}
07/09/2024 01:48:20 - INFO - root - {'loss': 0.1279807835817337, 'lr': 0.0001}
07/09/2024 01:48:22 - INFO - root - {'loss': 0.06946607679128647, 'lr': 0.0001}
07/09/2024 01:48:25 - INFO - root - {'loss': 0.15178696811199188, 'lr': 0.0001}
07/09/2024 01:48:27 - INFO - root - {'loss': 0.266192764043808, 'lr': 0.0001}
07/09/2024 01:48:29 - INFO - root - {'loss': 0.06013920158147812, 'lr': 0.0001}
07/09/2024 01:48:31 - INFO - root - {'loss': 0.2612026333808899, 'lr': 0.0001}
07/09/2024 01:48:33 - INFO - root - {'loss': 0.13211050629615784, 'lr': 0.0001}
07/09/2024 01:48:35 - INFO - root - {'loss': 0.10384877771139145, 'lr': 0.0001}
07/09/2024 01:48:37 - INFO - root - {'loss': 0.19110356271266937, 'lr': 0.0001}
07/09/2024 01:48:39 - INFO - root - {'loss': 0.025927221402525902, 'lr': 0.0001}
07/09/2024 01:48:42 - INFO - root - {'loss': 0.1596061885356903, 'lr': 0.0001}
07/09/2024 01:48:44 - INFO - root - {'loss': 0.0791596919298172, 'lr': 0.0001}
07/09/2024 01:48:44 - INFO - __main__ - Running validation... 
 Generating 4 images with prompt:in the jungle.
07/09/2024 01:48:57 - INFO - root - Image have been saved in /shenzihe/WD-Disk/output/mit_mascot_bsz_2_loss_0_1_0.01/checkpoint-60/images/in_the_jungle/
07/09/2024 01:49:10 - INFO - root - Image have been saved in /shenzihe/WD-Disk/output/mit_mascot_bsz_2_loss_0_1_0.01/checkpoint-60/images/in_the_jungle/
07/09/2024 01:49:23 - INFO - root - Image have been saved in /shenzihe/WD-Disk/output/mit_mascot_bsz_2_loss_0_1_0.01/checkpoint-60/images/in_the_jungle/
07/09/2024 01:49:37 - INFO - root - Image have been saved in /shenzihe/WD-Disk/output/mit_mascot_bsz_2_loss_0_1_0.01/checkpoint-60/images/in_the_jungle/
07/09/2024 01:49:37 - INFO - __main__ - Running validation... 
 Generating 4 images with prompt:in the snow.
07/09/2024 01:49:50 - INFO - root - Image have been saved in /shenzihe/WD-Disk/output/mit_mascot_bsz_2_loss_0_1_0.01/checkpoint-60/images/in_the_snow/
07/09/2024 01:50:03 - INFO - root - Image have been saved in /shenzihe/WD-Disk/output/mit_mascot_bsz_2_loss_0_1_0.01/checkpoint-60/images/in_the_snow/
07/09/2024 01:50:16 - INFO - root - Image have been saved in /shenzihe/WD-Disk/output/mit_mascot_bsz_2_loss_0_1_0.01/checkpoint-60/images/in_the_snow/
07/09/2024 01:50:30 - INFO - root - Image have been saved in /shenzihe/WD-Disk/output/mit_mascot_bsz_2_loss_0_1_0.01/checkpoint-60/images/in_the_snow/
07/09/2024 01:50:30 - INFO - __main__ - Running validation... 
 Generating 4 images with prompt:on the beach.
07/09/2024 01:50:43 - INFO - root - Image have been saved in /shenzihe/WD-Disk/output/mit_mascot_bsz_2_loss_0_1_0.01/checkpoint-60/images/on_the_beach/
07/09/2024 01:50:56 - INFO - root - Image have been saved in /shenzihe/WD-Disk/output/mit_mascot_bsz_2_loss_0_1_0.01/checkpoint-60/images/on_the_beach/
07/09/2024 01:51:10 - INFO - root - Image have been saved in /shenzihe/WD-Disk/output/mit_mascot_bsz_2_loss_0_1_0.01/checkpoint-60/images/on_the_beach/
07/09/2024 01:51:23 - INFO - root - Image have been saved in /shenzihe/WD-Disk/output/mit_mascot_bsz_2_loss_0_1_0.01/checkpoint-60/images/on_the_beach/
07/09/2024 01:51:23 - INFO - __main__ - Running validation... 
 Generating 4 images with prompt:on a cobblestone street.
07/09/2024 01:51:36 - INFO - root - Image have been saved in /shenzihe/WD-Disk/output/mit_mascot_bsz_2_loss_0_1_0.01/checkpoint-60/images/on_a_cobblestone_street/
07/09/2024 01:51:49 - INFO - root - Image have been saved in /shenzihe/WD-Disk/output/mit_mascot_bsz_2_loss_0_1_0.01/checkpoint-60/images/on_a_cobblestone_street/
07/09/2024 01:52:03 - INFO - root - Image have been saved in /shenzihe/WD-Disk/output/mit_mascot_bsz_2_loss_0_1_0.01/checkpoint-60/images/on_a_cobblestone_street/
07/09/2024 01:52:16 - INFO - root - Image have been saved in /shenzihe/WD-Disk/output/mit_mascot_bsz_2_loss_0_1_0.01/checkpoint-60/images/on_a_cobblestone_street/
07/09/2024 01:52:16 - INFO - __main__ - Running validation... 
 Generating 4 images with prompt:on top of pink fabric.
07/09/2024 01:52:29 - INFO - root - Image have been saved in /shenzihe/WD-Disk/output/mit_mascot_bsz_2_loss_0_1_0.01/checkpoint-60/images/on_top_of_pink_fabric/
07/09/2024 01:52:43 - INFO - root - Image have been saved in /shenzihe/WD-Disk/output/mit_mascot_bsz_2_loss_0_1_0.01/checkpoint-60/images/on_top_of_pink_fabric/
07/09/2024 01:52:56 - INFO - root - Image have been saved in /shenzihe/WD-Disk/output/mit_mascot_bsz_2_loss_0_1_0.01/checkpoint-60/images/on_top_of_pink_fabric/
07/09/2024 01:53:09 - INFO - root - Image have been saved in /shenzihe/WD-Disk/output/mit_mascot_bsz_2_loss_0_1_0.01/checkpoint-60/images/on_top_of_pink_fabric/
07/09/2024 01:53:09 - INFO - __main__ - Running validation... 
 Generating 4 images with prompt:on top of a wooden floor.
07/09/2024 01:53:22 - INFO - root - Image have been saved in /shenzihe/WD-Disk/output/mit_mascot_bsz_2_loss_0_1_0.01/checkpoint-60/images/on_top_of_a_wooden_floor/
07/09/2024 01:53:36 - INFO - root - Image have been saved in /shenzihe/WD-Disk/output/mit_mascot_bsz_2_loss_0_1_0.01/checkpoint-60/images/on_top_of_a_wooden_floor/
07/09/2024 01:53:49 - INFO - root - Image have been saved in /shenzihe/WD-Disk/output/mit_mascot_bsz_2_loss_0_1_0.01/checkpoint-60/images/on_top_of_a_wooden_floor/
07/09/2024 01:54:02 - INFO - root - Image have been saved in /shenzihe/WD-Disk/output/mit_mascot_bsz_2_loss_0_1_0.01/checkpoint-60/images/on_top_of_a_wooden_floor/
07/09/2024 01:54:02 - INFO - __main__ - Running validation... 
 Generating 4 images with prompt:with a city in the background.
07/09/2024 01:54:16 - INFO - root - Image have been saved in /shenzihe/WD-Disk/output/mit_mascot_bsz_2_loss_0_1_0.01/checkpoint-60/images/with_a_city_in_the_background/
07/09/2024 01:54:29 - INFO - root - Image have been saved in /shenzihe/WD-Disk/output/mit_mascot_bsz_2_loss_0_1_0.01/checkpoint-60/images/with_a_city_in_the_background/
07/09/2024 01:54:42 - INFO - root - Image have been saved in /shenzihe/WD-Disk/output/mit_mascot_bsz_2_loss_0_1_0.01/checkpoint-60/images/with_a_city_in_the_background/
07/09/2024 01:54:56 - INFO - root - Image have been saved in /shenzihe/WD-Disk/output/mit_mascot_bsz_2_loss_0_1_0.01/checkpoint-60/images/with_a_city_in_the_background/
07/09/2024 01:54:56 - INFO - __main__ - Running validation... 
 Generating 4 images with prompt:with a mountain in the background.
07/09/2024 01:55:09 - INFO - root - Image have been saved in /shenzihe/WD-Disk/output/mit_mascot_bsz_2_loss_0_1_0.01/checkpoint-60/images/with_a_mountain_in_the_background/
07/09/2024 01:55:22 - INFO - root - Image have been saved in /shenzihe/WD-Disk/output/mit_mascot_bsz_2_loss_0_1_0.01/checkpoint-60/images/with_a_mountain_in_the_background/
07/09/2024 01:55:36 - INFO - root - Image have been saved in /shenzihe/WD-Disk/output/mit_mascot_bsz_2_loss_0_1_0.01/checkpoint-60/images/with_a_mountain_in_the_background/
07/09/2024 01:55:49 - INFO - root - Image have been saved in /shenzihe/WD-Disk/output/mit_mascot_bsz_2_loss_0_1_0.01/checkpoint-60/images/with_a_mountain_in_the_background/
07/09/2024 01:55:49 - INFO - __main__ - Running validation... 
 Generating 4 images with prompt:with a blue house in the background.
07/09/2024 01:56:02 - INFO - root - Image have been saved in /shenzihe/WD-Disk/output/mit_mascot_bsz_2_loss_0_1_0.01/checkpoint-60/images/with_a_blue_house_in_the_background/
07/09/2024 01:56:15 - INFO - root - Image have been saved in /shenzihe/WD-Disk/output/mit_mascot_bsz_2_loss_0_1_0.01/checkpoint-60/images/with_a_blue_house_in_the_background/
07/09/2024 01:56:29 - INFO - root - Image have been saved in /shenzihe/WD-Disk/output/mit_mascot_bsz_2_loss_0_1_0.01/checkpoint-60/images/with_a_blue_house_in_the_background/
07/09/2024 01:56:42 - INFO - root - Image have been saved in /shenzihe/WD-Disk/output/mit_mascot_bsz_2_loss_0_1_0.01/checkpoint-60/images/with_a_blue_house_in_the_background/
07/09/2024 01:56:42 - INFO - __main__ - Running validation... 
 Generating 4 images with prompt:on top of a purple rug in a forest.
07/09/2024 01:56:55 - INFO - root - Image have been saved in /shenzihe/WD-Disk/output/mit_mascot_bsz_2_loss_0_1_0.01/checkpoint-60/images/on_top_of_a_purple_rug_in_a_forest/
07/09/2024 01:57:09 - INFO - root - Image have been saved in /shenzihe/WD-Disk/output/mit_mascot_bsz_2_loss_0_1_0.01/checkpoint-60/images/on_top_of_a_purple_rug_in_a_forest/
07/09/2024 01:57:22 - INFO - root - Image have been saved in /shenzihe/WD-Disk/output/mit_mascot_bsz_2_loss_0_1_0.01/checkpoint-60/images/on_top_of_a_purple_rug_in_a_forest/
07/09/2024 01:57:35 - INFO - root - Image have been saved in /shenzihe/WD-Disk/output/mit_mascot_bsz_2_loss_0_1_0.01/checkpoint-60/images/on_top_of_a_purple_rug_in_a_forest/
07/09/2024 01:57:35 - INFO - __main__ - Running validation... 
 Generating 4 images with prompt:with a wheat field in the background.
07/09/2024 01:57:49 - INFO - root - Image have been saved in /shenzihe/WD-Disk/output/mit_mascot_bsz_2_loss_0_1_0.01/checkpoint-60/images/with_a_wheat_field_in_the_background/
07/09/2024 01:58:02 - INFO - root - Image have been saved in /shenzihe/WD-Disk/output/mit_mascot_bsz_2_loss_0_1_0.01/checkpoint-60/images/with_a_wheat_field_in_the_background/
07/09/2024 01:58:15 - INFO - root - Image have been saved in /shenzihe/WD-Disk/output/mit_mascot_bsz_2_loss_0_1_0.01/checkpoint-60/images/with_a_wheat_field_in_the_background/
07/09/2024 01:58:29 - INFO - root - Image have been saved in /shenzihe/WD-Disk/output/mit_mascot_bsz_2_loss_0_1_0.01/checkpoint-60/images/with_a_wheat_field_in_the_background/
07/09/2024 01:58:29 - INFO - __main__ - Running validation... 
 Generating 4 images with prompt:with a tree and autumn leaves in the background.
07/09/2024 01:58:42 - INFO - root - Image have been saved in /shenzihe/WD-Disk/output/mit_mascot_bsz_2_loss_0_1_0.01/checkpoint-60/images/with_a_tree_and_autumn_leaves_in_the_background/
07/09/2024 01:58:55 - INFO - root - Image have been saved in /shenzihe/WD-Disk/output/mit_mascot_bsz_2_loss_0_1_0.01/checkpoint-60/images/with_a_tree_and_autumn_leaves_in_the_background/
07/09/2024 01:59:09 - INFO - root - Image have been saved in /shenzihe/WD-Disk/output/mit_mascot_bsz_2_loss_0_1_0.01/checkpoint-60/images/with_a_tree_and_autumn_leaves_in_the_background/
07/09/2024 01:59:22 - INFO - root - Image have been saved in /shenzihe/WD-Disk/output/mit_mascot_bsz_2_loss_0_1_0.01/checkpoint-60/images/with_a_tree_and_autumn_leaves_in_the_background/
07/09/2024 01:59:22 - INFO - __main__ - Running validation... 
 Generating 4 images with prompt:with the Eiffel Tower in the background.
07/09/2024 01:59:35 - INFO - root - Image have been saved in /shenzihe/WD-Disk/output/mit_mascot_bsz_2_loss_0_1_0.01/checkpoint-60/images/with_the_Eiffel_Tower_in_the_background/
07/09/2024 01:59:48 - INFO - root - Image have been saved in /shenzihe/WD-Disk/output/mit_mascot_bsz_2_loss_0_1_0.01/checkpoint-60/images/with_the_Eiffel_Tower_in_the_background/
07/09/2024 02:00:02 - INFO - root - Image have been saved in /shenzihe/WD-Disk/output/mit_mascot_bsz_2_loss_0_1_0.01/checkpoint-60/images/with_the_Eiffel_Tower_in_the_background/
07/09/2024 02:00:15 - INFO - root - Image have been saved in /shenzihe/WD-Disk/output/mit_mascot_bsz_2_loss_0_1_0.01/checkpoint-60/images/with_the_Eiffel_Tower_in_the_background/
07/09/2024 02:00:15 - INFO - __main__ - Running validation... 
 Generating 4 images with prompt:floating on top of water.
07/09/2024 02:00:28 - INFO - root - Image have been saved in /shenzihe/WD-Disk/output/mit_mascot_bsz_2_loss_0_1_0.01/checkpoint-60/images/floating_on_top_of_water/
07/09/2024 02:00:42 - INFO - root - Image have been saved in /shenzihe/WD-Disk/output/mit_mascot_bsz_2_loss_0_1_0.01/checkpoint-60/images/floating_on_top_of_water/
07/09/2024 02:00:55 - INFO - root - Image have been saved in /shenzihe/WD-Disk/output/mit_mascot_bsz_2_loss_0_1_0.01/checkpoint-60/images/floating_on_top_of_water/
07/09/2024 02:01:08 - INFO - root - Image have been saved in /shenzihe/WD-Disk/output/mit_mascot_bsz_2_loss_0_1_0.01/checkpoint-60/images/floating_on_top_of_water/
07/09/2024 02:01:08 - INFO - __main__ - Running validation... 
 Generating 4 images with prompt:floating in an ocean of milk.
07/09/2024 02:01:21 - INFO - root - Image have been saved in /shenzihe/WD-Disk/output/mit_mascot_bsz_2_loss_0_1_0.01/checkpoint-60/images/floating_in_an_ocean_of_milk/
07/09/2024 02:01:35 - INFO - root - Image have been saved in /shenzihe/WD-Disk/output/mit_mascot_bsz_2_loss_0_1_0.01/checkpoint-60/images/floating_in_an_ocean_of_milk/
07/09/2024 02:01:48 - INFO - root - Image have been saved in /shenzihe/WD-Disk/output/mit_mascot_bsz_2_loss_0_1_0.01/checkpoint-60/images/floating_in_an_ocean_of_milk/
07/09/2024 02:02:01 - INFO - root - Image have been saved in /shenzihe/WD-Disk/output/mit_mascot_bsz_2_loss_0_1_0.01/checkpoint-60/images/floating_in_an_ocean_of_milk/
07/09/2024 02:02:01 - INFO - __main__ - Running validation... 
 Generating 4 images with prompt:on top of green grass with sunflowers around it.
07/09/2024 02:02:15 - INFO - root - Image have been saved in /shenzihe/WD-Disk/output/mit_mascot_bsz_2_loss_0_1_0.01/checkpoint-60/images/on_top_of_green_grass_with_sunflowers_around_it/
07/09/2024 02:02:28 - INFO - root - Image have been saved in /shenzihe/WD-Disk/output/mit_mascot_bsz_2_loss_0_1_0.01/checkpoint-60/images/on_top_of_green_grass_with_sunflowers_around_it/
07/09/2024 02:02:41 - INFO - root - Image have been saved in /shenzihe/WD-Disk/output/mit_mascot_bsz_2_loss_0_1_0.01/checkpoint-60/images/on_top_of_green_grass_with_sunflowers_around_it/
07/09/2024 02:02:55 - INFO - root - Image have been saved in /shenzihe/WD-Disk/output/mit_mascot_bsz_2_loss_0_1_0.01/checkpoint-60/images/on_top_of_green_grass_with_sunflowers_around_it/
07/09/2024 02:02:55 - INFO - __main__ - Running validation... 
 Generating 4 images with prompt:on top of a mirror.
07/09/2024 02:03:08 - INFO - root - Image have been saved in /shenzihe/WD-Disk/output/mit_mascot_bsz_2_loss_0_1_0.01/checkpoint-60/images/on_top_of_a_mirror/
07/09/2024 02:03:21 - INFO - root - Image have been saved in /shenzihe/WD-Disk/output/mit_mascot_bsz_2_loss_0_1_0.01/checkpoint-60/images/on_top_of_a_mirror/
07/09/2024 02:03:35 - INFO - root - Image have been saved in /shenzihe/WD-Disk/output/mit_mascot_bsz_2_loss_0_1_0.01/checkpoint-60/images/on_top_of_a_mirror/
07/09/2024 02:03:48 - INFO - root - Image have been saved in /shenzihe/WD-Disk/output/mit_mascot_bsz_2_loss_0_1_0.01/checkpoint-60/images/on_top_of_a_mirror/
07/09/2024 02:03:48 - INFO - __main__ - Running validation... 
 Generating 4 images with prompt:on top of the sidewalk in a crowded street.
07/09/2024 02:04:01 - INFO - root - Image have been saved in /shenzihe/WD-Disk/output/mit_mascot_bsz_2_loss_0_1_0.01/checkpoint-60/images/on_top_of_the_sidewalk_in_a_crowded_street/
07/09/2024 02:04:15 - INFO - root - Image have been saved in /shenzihe/WD-Disk/output/mit_mascot_bsz_2_loss_0_1_0.01/checkpoint-60/images/on_top_of_the_sidewalk_in_a_crowded_street/
07/09/2024 02:04:28 - INFO - root - Image have been saved in /shenzihe/WD-Disk/output/mit_mascot_bsz_2_loss_0_1_0.01/checkpoint-60/images/on_top_of_the_sidewalk_in_a_crowded_street/
07/09/2024 02:04:41 - INFO - root - Image have been saved in /shenzihe/WD-Disk/output/mit_mascot_bsz_2_loss_0_1_0.01/checkpoint-60/images/on_top_of_the_sidewalk_in_a_crowded_street/
07/09/2024 02:04:41 - INFO - __main__ - Running validation... 
 Generating 4 images with prompt:on top of a dirt road.
07/09/2024 02:04:55 - INFO - root - Image have been saved in /shenzihe/WD-Disk/output/mit_mascot_bsz_2_loss_0_1_0.01/checkpoint-60/images/on_top_of_a_dirt_road/
07/09/2024 02:05:08 - INFO - root - Image have been saved in /shenzihe/WD-Disk/output/mit_mascot_bsz_2_loss_0_1_0.01/checkpoint-60/images/on_top_of_a_dirt_road/
07/09/2024 02:05:21 - INFO - root - Image have been saved in /shenzihe/WD-Disk/output/mit_mascot_bsz_2_loss_0_1_0.01/checkpoint-60/images/on_top_of_a_dirt_road/
07/09/2024 02:05:34 - INFO - root - Image have been saved in /shenzihe/WD-Disk/output/mit_mascot_bsz_2_loss_0_1_0.01/checkpoint-60/images/on_top_of_a_dirt_road/
07/09/2024 02:05:34 - INFO - __main__ - Running validation... 
 Generating 4 images with prompt:on top of a white rug.
07/09/2024 02:05:48 - INFO - root - Image have been saved in /shenzihe/WD-Disk/output/mit_mascot_bsz_2_loss_0_1_0.01/checkpoint-60/images/on_top_of_a_white_rug/
07/09/2024 02:06:01 - INFO - root - Image have been saved in /shenzihe/WD-Disk/output/mit_mascot_bsz_2_loss_0_1_0.01/checkpoint-60/images/on_top_of_a_white_rug/
07/09/2024 02:06:14 - INFO - root - Image have been saved in /shenzihe/WD-Disk/output/mit_mascot_bsz_2_loss_0_1_0.01/checkpoint-60/images/on_top_of_a_white_rug/
07/09/2024 02:06:28 - INFO - root - Image have been saved in /shenzihe/WD-Disk/output/mit_mascot_bsz_2_loss_0_1_0.01/checkpoint-60/images/on_top_of_a_white_rug/
07/09/2024 02:06:28 - INFO - __main__ - Running validation... 
 Generating 4 images with prompt:red.
07/09/2024 02:06:41 - INFO - root - Image have been saved in /shenzihe/WD-Disk/output/mit_mascot_bsz_2_loss_0_1_0.01/checkpoint-60/images/red/
07/09/2024 02:06:54 - INFO - root - Image have been saved in /shenzihe/WD-Disk/output/mit_mascot_bsz_2_loss_0_1_0.01/checkpoint-60/images/red/
07/09/2024 02:07:08 - INFO - root - Image have been saved in /shenzihe/WD-Disk/output/mit_mascot_bsz_2_loss_0_1_0.01/checkpoint-60/images/red/
07/09/2024 02:07:21 - INFO - root - Image have been saved in /shenzihe/WD-Disk/output/mit_mascot_bsz_2_loss_0_1_0.01/checkpoint-60/images/red/
07/09/2024 02:07:21 - INFO - __main__ - Running validation... 
 Generating 4 images with prompt:purple.
07/09/2024 02:07:34 - INFO - root - Image have been saved in /shenzihe/WD-Disk/output/mit_mascot_bsz_2_loss_0_1_0.01/checkpoint-60/images/purple/
07/09/2024 02:07:47 - INFO - root - Image have been saved in /shenzihe/WD-Disk/output/mit_mascot_bsz_2_loss_0_1_0.01/checkpoint-60/images/purple/
07/09/2024 02:08:01 - INFO - root - Image have been saved in /shenzihe/WD-Disk/output/mit_mascot_bsz_2_loss_0_1_0.01/checkpoint-60/images/purple/
07/09/2024 02:08:14 - INFO - root - Image have been saved in /shenzihe/WD-Disk/output/mit_mascot_bsz_2_loss_0_1_0.01/checkpoint-60/images/purple/
07/09/2024 02:08:14 - INFO - __main__ - Running validation... 
 Generating 4 images with prompt:shiny.
07/09/2024 02:08:27 - INFO - root - Image have been saved in /shenzihe/WD-Disk/output/mit_mascot_bsz_2_loss_0_1_0.01/checkpoint-60/images/shiny/
07/09/2024 02:08:41 - INFO - root - Image have been saved in /shenzihe/WD-Disk/output/mit_mascot_bsz_2_loss_0_1_0.01/checkpoint-60/images/shiny/
07/09/2024 02:08:54 - INFO - root - Image have been saved in /shenzihe/WD-Disk/output/mit_mascot_bsz_2_loss_0_1_0.01/checkpoint-60/images/shiny/
07/09/2024 02:09:07 - INFO - root - Image have been saved in /shenzihe/WD-Disk/output/mit_mascot_bsz_2_loss_0_1_0.01/checkpoint-60/images/shiny/
07/09/2024 02:09:07 - INFO - __main__ - Running validation... 
 Generating 4 images with prompt:wet.
07/09/2024 02:09:21 - INFO - root - Image have been saved in /shenzihe/WD-Disk/output/mit_mascot_bsz_2_loss_0_1_0.01/checkpoint-60/images/wet/
07/09/2024 02:09:34 - INFO - root - Image have been saved in /shenzihe/WD-Disk/output/mit_mascot_bsz_2_loss_0_1_0.01/checkpoint-60/images/wet/
07/09/2024 02:09:47 - INFO - root - Image have been saved in /shenzihe/WD-Disk/output/mit_mascot_bsz_2_loss_0_1_0.01/checkpoint-60/images/wet/
07/09/2024 02:10:01 - INFO - root - Image have been saved in /shenzihe/WD-Disk/output/mit_mascot_bsz_2_loss_0_1_0.01/checkpoint-60/images/wet/
07/09/2024 02:10:01 - INFO - __main__ - Running validation... 
 Generating 4 images with prompt:cube shaped.
07/09/2024 02:10:14 - INFO - root - Image have been saved in /shenzihe/WD-Disk/output/mit_mascot_bsz_2_loss_0_1_0.01/checkpoint-60/images/cube_shaped/
07/09/2024 02:10:27 - INFO - root - Image have been saved in /shenzihe/WD-Disk/output/mit_mascot_bsz_2_loss_0_1_0.01/checkpoint-60/images/cube_shaped/
07/09/2024 02:10:41 - INFO - root - Image have been saved in /shenzihe/WD-Disk/output/mit_mascot_bsz_2_loss_0_1_0.01/checkpoint-60/images/cube_shaped/
07/09/2024 02:10:54 - INFO - root - Image have been saved in /shenzihe/WD-Disk/output/mit_mascot_bsz_2_loss_0_1_0.01/checkpoint-60/images/cube_shaped/
