07/09/2024 06:47:08 - INFO - __main__ - Distributed environment: NO
Num processes: 1
Process index: 0
Local process index: 0
Device: cuda

Mixed precision type: no

07/09/2024 06:47:08 - WARNING - py.warnings - /shenzihe/venv/lib/python3.10/site-packages/huggingface_hub/file_download.py:1132: FutureWarning: `resume_download` is deprecated and will be removed in version 1.0.0. Downloads always resume when possible. If you want to force a new download, use `force_download=True`.
  warnings.warn(

07/09/2024 06:47:10 - INFO - root - freeze vision encoder
07/09/2024 06:47:13 - INFO - root - Loaded ViT-H-14 model config.
07/09/2024 06:47:18 - INFO - root - Loading pretrained ViT-H-14 weights (laion2b_s32b_b79k).
07/09/2024 06:47:21 - WARNING - py.warnings - /shenzihe/venv/lib/python3.10/site-packages/diffusers/configuration_utils.py:215: FutureWarning: It is deprecated to pass a pretrained model name or path to `from_config`.If you were trying to load a scheduler, please use <class 'diffusers.schedulers.scheduling_ddpm.DDPMScheduler'>.from_pretrained(...) instead. Otherwise, please make sure to pass a configuration dictionary instead. This functionality will be removed in v1.0.0.
  deprecate("config-passed-as-path", "1.0.0", deprecation_message, standard_warn=False)

07/09/2024 06:47:21 - INFO - root - Loading pretrained model from /root/.cache/torch/hub/checkpoints/blip-diffusion
07/09/2024 06:47:21 - INFO - root - Loading pretrained BLIP2 Qformer weights.
07/09/2024 06:47:22 - INFO - root - Loading pretrained projection lyer weights.
07/09/2024 06:47:22 - INFO - root - Loading pretrained text encoder weights.
07/09/2024 06:47:22 - INFO - root - Loading pretrained vae weights.
07/09/2024 06:47:22 - INFO - root - Loading pretrained unet weights.
07/09/2024 06:47:27 - INFO - root - Using xformers.
07/09/2024 06:47:27 - INFO - root - Building datasets...
07/09/2024 06:47:27 - INFO - __main__ - 
***** Running training *****
07/09/2024 06:47:27 - INFO - __main__ -   Num examples = 4
07/09/2024 06:47:27 - INFO - __main__ -   Num batches each epoch = 2
07/09/2024 06:47:27 - INFO - __main__ -   Num Epochs = 30
07/09/2024 06:47:27 - INFO - __main__ -   Instantaneous batch size per device = 2
07/09/2024 06:47:27 - INFO - __main__ -   Total train batch size (w. parallel, distributed & accumulation) = 2
07/09/2024 06:47:27 - INFO - __main__ -   Gradient Accumulation steps = 1
07/09/2024 06:47:27 - INFO - __main__ -   Total optimization steps = 60
07/09/2024 06:47:29 - WARNING - py.warnings - /shenzihe/venv/lib/python3.10/site-packages/torch/backends/cuda/__init__.py:342: FutureWarning: torch.backends.cuda.sdp_kernel() is deprecated. In the future, this context manager will be removed. Please see, torch.nn.attention.sdpa_kernel() for the new context manager, with updated signature.
  warnings.warn(

07/09/2024 06:47:31 - INFO - root - {'loss': 0.32610636949539185, 'lr': 0.0001}
07/09/2024 06:47:33 - INFO - root - {'loss': 0.08788171410560608, 'lr': 0.0001}
07/09/2024 06:47:35 - INFO - root - {'loss': 0.48019570112228394, 'lr': 0.0001}
07/09/2024 06:47:37 - INFO - root - {'loss': 0.02073686383664608, 'lr': 0.0001}
07/09/2024 06:47:39 - INFO - root - {'loss': 0.1557590663433075, 'lr': 0.0001}
07/09/2024 06:47:41 - INFO - root - {'loss': 0.2927921712398529, 'lr': 0.0001}
07/09/2024 06:47:43 - INFO - root - {'loss': 0.01980615220963955, 'lr': 0.0001}
07/09/2024 06:47:45 - INFO - root - {'loss': 0.15164192020893097, 'lr': 0.0001}
07/09/2024 06:47:48 - INFO - root - {'loss': 0.274849534034729, 'lr': 0.0001}
07/09/2024 06:47:50 - INFO - root - {'loss': 0.10624571889638901, 'lr': 0.0001}
07/09/2024 06:47:52 - INFO - root - {'loss': 0.044946808367967606, 'lr': 0.0001}
07/09/2024 06:47:54 - INFO - root - {'loss': 0.010882675647735596, 'lr': 0.0001}
07/09/2024 06:47:56 - INFO - root - {'loss': 0.24649140238761902, 'lr': 0.0001}
07/09/2024 06:47:58 - INFO - root - {'loss': 0.04180963337421417, 'lr': 0.0001}
07/09/2024 06:48:00 - INFO - root - {'loss': 0.03362467139959335, 'lr': 0.0001}
07/09/2024 06:48:02 - INFO - root - {'loss': 0.08746469020843506, 'lr': 0.0001}
07/09/2024 06:48:04 - INFO - root - {'loss': 0.21324105560779572, 'lr': 0.0001}
07/09/2024 06:48:07 - INFO - root - {'loss': 0.07176011800765991, 'lr': 0.0001}
07/09/2024 06:48:09 - INFO - root - {'loss': 0.05459048971533775, 'lr': 0.0001}
07/09/2024 06:48:11 - INFO - root - {'loss': 0.16339783370494843, 'lr': 0.0001}
07/09/2024 06:48:11 - INFO - __main__ - Running validation... 
 Generating 4 images with prompt:in the jungle.
07/09/2024 06:48:11 - WARNING - py.warnings - /shenzihe/multi_BlipDisenBooth/multi_BD.py:646: FutureWarning: Accessing config attribute `in_channels` directly via 'UNet2DConditionModel' object attribute is deprecated. Please access 'in_channels' over 'UNet2DConditionModel's config object instead, e.g. 'unet.config.in_channels'.
  (1, self.unet.in_channels, height // 8, width // 8),

07/09/2024 06:48:11 - WARNING - py.warnings - /shenzihe/multi_BlipDisenBooth/multi_BD.py:652: FutureWarning: Accessing config attribute `in_channels` directly via 'UNet2DConditionModel' object attribute is deprecated. Please access 'in_channels' over 'UNet2DConditionModel's config object instead, e.g. 'unet.config.in_channels'.
  self.unet.in_channels,

07/09/2024 06:48:24 - INFO - root - Image have been saved in /shenzihe/WD-Disk/output/mit_mascot_bsz_2_loss_0.001_1_0/checkpoint-20/images/in_the_jungle/
07/09/2024 06:48:37 - INFO - root - Image have been saved in /shenzihe/WD-Disk/output/mit_mascot_bsz_2_loss_0.001_1_0/checkpoint-20/images/in_the_jungle/
07/09/2024 06:48:51 - INFO - root - Image have been saved in /shenzihe/WD-Disk/output/mit_mascot_bsz_2_loss_0.001_1_0/checkpoint-20/images/in_the_jungle/
07/09/2024 06:49:04 - INFO - root - Image have been saved in /shenzihe/WD-Disk/output/mit_mascot_bsz_2_loss_0.001_1_0/checkpoint-20/images/in_the_jungle/
07/09/2024 06:49:04 - INFO - __main__ - Running validation... 
 Generating 4 images with prompt:in the snow.
07/09/2024 06:49:17 - INFO - root - Image have been saved in /shenzihe/WD-Disk/output/mit_mascot_bsz_2_loss_0.001_1_0/checkpoint-20/images/in_the_snow/
07/09/2024 06:49:30 - INFO - root - Image have been saved in /shenzihe/WD-Disk/output/mit_mascot_bsz_2_loss_0.001_1_0/checkpoint-20/images/in_the_snow/
07/09/2024 06:49:44 - INFO - root - Image have been saved in /shenzihe/WD-Disk/output/mit_mascot_bsz_2_loss_0.001_1_0/checkpoint-20/images/in_the_snow/
07/09/2024 06:49:57 - INFO - root - Image have been saved in /shenzihe/WD-Disk/output/mit_mascot_bsz_2_loss_0.001_1_0/checkpoint-20/images/in_the_snow/
07/09/2024 06:49:57 - INFO - __main__ - Running validation... 
 Generating 4 images with prompt:on the beach.
07/09/2024 06:50:10 - INFO - root - Image have been saved in /shenzihe/WD-Disk/output/mit_mascot_bsz_2_loss_0.001_1_0/checkpoint-20/images/on_the_beach/
07/09/2024 06:50:24 - INFO - root - Image have been saved in /shenzihe/WD-Disk/output/mit_mascot_bsz_2_loss_0.001_1_0/checkpoint-20/images/on_the_beach/
07/09/2024 06:50:37 - INFO - root - Image have been saved in /shenzihe/WD-Disk/output/mit_mascot_bsz_2_loss_0.001_1_0/checkpoint-20/images/on_the_beach/
07/09/2024 06:50:51 - INFO - root - Image have been saved in /shenzihe/WD-Disk/output/mit_mascot_bsz_2_loss_0.001_1_0/checkpoint-20/images/on_the_beach/
07/09/2024 06:50:51 - INFO - __main__ - Running validation... 
 Generating 4 images with prompt:on a cobblestone street.
07/09/2024 06:51:04 - INFO - root - Image have been saved in /shenzihe/WD-Disk/output/mit_mascot_bsz_2_loss_0.001_1_0/checkpoint-20/images/on_a_cobblestone_street/
07/09/2024 06:51:17 - INFO - root - Image have been saved in /shenzihe/WD-Disk/output/mit_mascot_bsz_2_loss_0.001_1_0/checkpoint-20/images/on_a_cobblestone_street/
07/09/2024 06:51:31 - INFO - root - Image have been saved in /shenzihe/WD-Disk/output/mit_mascot_bsz_2_loss_0.001_1_0/checkpoint-20/images/on_a_cobblestone_street/
07/09/2024 06:51:44 - INFO - root - Image have been saved in /shenzihe/WD-Disk/output/mit_mascot_bsz_2_loss_0.001_1_0/checkpoint-20/images/on_a_cobblestone_street/
07/09/2024 06:51:44 - INFO - __main__ - Running validation... 
 Generating 4 images with prompt:on top of pink fabric.
07/09/2024 06:51:57 - INFO - root - Image have been saved in /shenzihe/WD-Disk/output/mit_mascot_bsz_2_loss_0.001_1_0/checkpoint-20/images/on_top_of_pink_fabric/
07/09/2024 06:52:11 - INFO - root - Image have been saved in /shenzihe/WD-Disk/output/mit_mascot_bsz_2_loss_0.001_1_0/checkpoint-20/images/on_top_of_pink_fabric/
07/09/2024 06:52:24 - INFO - root - Image have been saved in /shenzihe/WD-Disk/output/mit_mascot_bsz_2_loss_0.001_1_0/checkpoint-20/images/on_top_of_pink_fabric/
07/09/2024 06:52:37 - INFO - root - Image have been saved in /shenzihe/WD-Disk/output/mit_mascot_bsz_2_loss_0.001_1_0/checkpoint-20/images/on_top_of_pink_fabric/
07/09/2024 06:52:37 - INFO - __main__ - Running validation... 
 Generating 4 images with prompt:on top of a wooden floor.
07/09/2024 06:52:50 - INFO - root - Image have been saved in /shenzihe/WD-Disk/output/mit_mascot_bsz_2_loss_0.001_1_0/checkpoint-20/images/on_top_of_a_wooden_floor/
07/09/2024 06:53:04 - INFO - root - Image have been saved in /shenzihe/WD-Disk/output/mit_mascot_bsz_2_loss_0.001_1_0/checkpoint-20/images/on_top_of_a_wooden_floor/
07/09/2024 06:53:17 - INFO - root - Image have been saved in /shenzihe/WD-Disk/output/mit_mascot_bsz_2_loss_0.001_1_0/checkpoint-20/images/on_top_of_a_wooden_floor/
07/09/2024 06:53:30 - INFO - root - Image have been saved in /shenzihe/WD-Disk/output/mit_mascot_bsz_2_loss_0.001_1_0/checkpoint-20/images/on_top_of_a_wooden_floor/
07/09/2024 06:53:30 - INFO - __main__ - Running validation... 
 Generating 4 images with prompt:with a city in the background.
07/09/2024 06:53:44 - INFO - root - Image have been saved in /shenzihe/WD-Disk/output/mit_mascot_bsz_2_loss_0.001_1_0/checkpoint-20/images/with_a_city_in_the_background/
07/09/2024 06:53:57 - INFO - root - Image have been saved in /shenzihe/WD-Disk/output/mit_mascot_bsz_2_loss_0.001_1_0/checkpoint-20/images/with_a_city_in_the_background/
07/09/2024 06:54:10 - INFO - root - Image have been saved in /shenzihe/WD-Disk/output/mit_mascot_bsz_2_loss_0.001_1_0/checkpoint-20/images/with_a_city_in_the_background/
07/09/2024 06:54:23 - INFO - root - Image have been saved in /shenzihe/WD-Disk/output/mit_mascot_bsz_2_loss_0.001_1_0/checkpoint-20/images/with_a_city_in_the_background/
07/09/2024 06:54:23 - INFO - __main__ - Running validation... 
 Generating 4 images with prompt:with a mountain in the background.
07/09/2024 06:54:37 - INFO - root - Image have been saved in /shenzihe/WD-Disk/output/mit_mascot_bsz_2_loss_0.001_1_0/checkpoint-20/images/with_a_mountain_in_the_background/
07/09/2024 06:54:50 - INFO - root - Image have been saved in /shenzihe/WD-Disk/output/mit_mascot_bsz_2_loss_0.001_1_0/checkpoint-20/images/with_a_mountain_in_the_background/
07/09/2024 06:55:03 - INFO - root - Image have been saved in /shenzihe/WD-Disk/output/mit_mascot_bsz_2_loss_0.001_1_0/checkpoint-20/images/with_a_mountain_in_the_background/
07/09/2024 06:55:16 - INFO - root - Image have been saved in /shenzihe/WD-Disk/output/mit_mascot_bsz_2_loss_0.001_1_0/checkpoint-20/images/with_a_mountain_in_the_background/
07/09/2024 06:55:16 - INFO - __main__ - Running validation... 
 Generating 4 images with prompt:with a blue house in the background.
07/09/2024 06:55:30 - INFO - root - Image have been saved in /shenzihe/WD-Disk/output/mit_mascot_bsz_2_loss_0.001_1_0/checkpoint-20/images/with_a_blue_house_in_the_background/
07/09/2024 06:55:43 - INFO - root - Image have been saved in /shenzihe/WD-Disk/output/mit_mascot_bsz_2_loss_0.001_1_0/checkpoint-20/images/with_a_blue_house_in_the_background/
07/09/2024 06:55:56 - INFO - root - Image have been saved in /shenzihe/WD-Disk/output/mit_mascot_bsz_2_loss_0.001_1_0/checkpoint-20/images/with_a_blue_house_in_the_background/
07/09/2024 06:56:10 - INFO - root - Image have been saved in /shenzihe/WD-Disk/output/mit_mascot_bsz_2_loss_0.001_1_0/checkpoint-20/images/with_a_blue_house_in_the_background/
07/09/2024 06:56:10 - INFO - __main__ - Running validation... 
 Generating 4 images with prompt:on top of a purple rug in a forest.
07/09/2024 06:56:23 - INFO - root - Image have been saved in /shenzihe/WD-Disk/output/mit_mascot_bsz_2_loss_0.001_1_0/checkpoint-20/images/on_top_of_a_purple_rug_in_a_forest/
07/09/2024 06:56:36 - INFO - root - Image have been saved in /shenzihe/WD-Disk/output/mit_mascot_bsz_2_loss_0.001_1_0/checkpoint-20/images/on_top_of_a_purple_rug_in_a_forest/
07/09/2024 06:56:50 - INFO - root - Image have been saved in /shenzihe/WD-Disk/output/mit_mascot_bsz_2_loss_0.001_1_0/checkpoint-20/images/on_top_of_a_purple_rug_in_a_forest/
07/09/2024 06:57:03 - INFO - root - Image have been saved in /shenzihe/WD-Disk/output/mit_mascot_bsz_2_loss_0.001_1_0/checkpoint-20/images/on_top_of_a_purple_rug_in_a_forest/
07/09/2024 06:57:03 - INFO - __main__ - Running validation... 
 Generating 4 images with prompt:with a wheat field in the background.
07/09/2024 06:57:16 - INFO - root - Image have been saved in /shenzihe/WD-Disk/output/mit_mascot_bsz_2_loss_0.001_1_0/checkpoint-20/images/with_a_wheat_field_in_the_background/
07/09/2024 06:57:30 - INFO - root - Image have been saved in /shenzihe/WD-Disk/output/mit_mascot_bsz_2_loss_0.001_1_0/checkpoint-20/images/with_a_wheat_field_in_the_background/
07/09/2024 06:57:43 - INFO - root - Image have been saved in /shenzihe/WD-Disk/output/mit_mascot_bsz_2_loss_0.001_1_0/checkpoint-20/images/with_a_wheat_field_in_the_background/
07/09/2024 06:57:56 - INFO - root - Image have been saved in /shenzihe/WD-Disk/output/mit_mascot_bsz_2_loss_0.001_1_0/checkpoint-20/images/with_a_wheat_field_in_the_background/
07/09/2024 06:57:56 - INFO - __main__ - Running validation... 
 Generating 4 images with prompt:with a tree and autumn leaves in the background.
07/09/2024 06:58:09 - INFO - root - Image have been saved in /shenzihe/WD-Disk/output/mit_mascot_bsz_2_loss_0.001_1_0/checkpoint-20/images/with_a_tree_and_autumn_leaves_in_the_background/
07/09/2024 06:58:22 - INFO - root - Image have been saved in /shenzihe/WD-Disk/output/mit_mascot_bsz_2_loss_0.001_1_0/checkpoint-20/images/with_a_tree_and_autumn_leaves_in_the_background/
07/09/2024 06:58:36 - INFO - root - Image have been saved in /shenzihe/WD-Disk/output/mit_mascot_bsz_2_loss_0.001_1_0/checkpoint-20/images/with_a_tree_and_autumn_leaves_in_the_background/
07/09/2024 06:58:49 - INFO - root - Image have been saved in /shenzihe/WD-Disk/output/mit_mascot_bsz_2_loss_0.001_1_0/checkpoint-20/images/with_a_tree_and_autumn_leaves_in_the_background/
07/09/2024 06:58:49 - INFO - __main__ - Running validation... 
 Generating 4 images with prompt:with the Eiffel Tower in the background.
07/09/2024 06:59:02 - INFO - root - Image have been saved in /shenzihe/WD-Disk/output/mit_mascot_bsz_2_loss_0.001_1_0/checkpoint-20/images/with_the_Eiffel_Tower_in_the_background/
07/09/2024 06:59:16 - INFO - root - Image have been saved in /shenzihe/WD-Disk/output/mit_mascot_bsz_2_loss_0.001_1_0/checkpoint-20/images/with_the_Eiffel_Tower_in_the_background/
07/09/2024 06:59:29 - INFO - root - Image have been saved in /shenzihe/WD-Disk/output/mit_mascot_bsz_2_loss_0.001_1_0/checkpoint-20/images/with_the_Eiffel_Tower_in_the_background/
07/09/2024 06:59:42 - INFO - root - Image have been saved in /shenzihe/WD-Disk/output/mit_mascot_bsz_2_loss_0.001_1_0/checkpoint-20/images/with_the_Eiffel_Tower_in_the_background/
07/09/2024 06:59:42 - INFO - __main__ - Running validation... 
 Generating 4 images with prompt:floating on top of water.
07/09/2024 06:59:55 - INFO - root - Image have been saved in /shenzihe/WD-Disk/output/mit_mascot_bsz_2_loss_0.001_1_0/checkpoint-20/images/floating_on_top_of_water/
07/09/2024 07:00:09 - INFO - root - Image have been saved in /shenzihe/WD-Disk/output/mit_mascot_bsz_2_loss_0.001_1_0/checkpoint-20/images/floating_on_top_of_water/
07/09/2024 07:00:22 - INFO - root - Image have been saved in /shenzihe/WD-Disk/output/mit_mascot_bsz_2_loss_0.001_1_0/checkpoint-20/images/floating_on_top_of_water/
07/09/2024 07:00:35 - INFO - root - Image have been saved in /shenzihe/WD-Disk/output/mit_mascot_bsz_2_loss_0.001_1_0/checkpoint-20/images/floating_on_top_of_water/
07/09/2024 07:00:35 - INFO - __main__ - Running validation... 
 Generating 4 images with prompt:floating in an ocean of milk.
07/09/2024 07:00:49 - INFO - root - Image have been saved in /shenzihe/WD-Disk/output/mit_mascot_bsz_2_loss_0.001_1_0/checkpoint-20/images/floating_in_an_ocean_of_milk/
07/09/2024 07:01:02 - INFO - root - Image have been saved in /shenzihe/WD-Disk/output/mit_mascot_bsz_2_loss_0.001_1_0/checkpoint-20/images/floating_in_an_ocean_of_milk/
07/09/2024 07:01:16 - INFO - root - Image have been saved in /shenzihe/WD-Disk/output/mit_mascot_bsz_2_loss_0.001_1_0/checkpoint-20/images/floating_in_an_ocean_of_milk/
07/09/2024 07:01:29 - INFO - root - Image have been saved in /shenzihe/WD-Disk/output/mit_mascot_bsz_2_loss_0.001_1_0/checkpoint-20/images/floating_in_an_ocean_of_milk/
07/09/2024 07:01:29 - INFO - __main__ - Running validation... 
 Generating 4 images with prompt:on top of green grass with sunflowers around it.
07/09/2024 07:01:42 - INFO - root - Image have been saved in /shenzihe/WD-Disk/output/mit_mascot_bsz_2_loss_0.001_1_0/checkpoint-20/images/on_top_of_green_grass_with_sunflowers_around_it/
07/09/2024 07:01:55 - INFO - root - Image have been saved in /shenzihe/WD-Disk/output/mit_mascot_bsz_2_loss_0.001_1_0/checkpoint-20/images/on_top_of_green_grass_with_sunflowers_around_it/
07/09/2024 07:02:09 - INFO - root - Image have been saved in /shenzihe/WD-Disk/output/mit_mascot_bsz_2_loss_0.001_1_0/checkpoint-20/images/on_top_of_green_grass_with_sunflowers_around_it/
07/09/2024 07:02:22 - INFO - root - Image have been saved in /shenzihe/WD-Disk/output/mit_mascot_bsz_2_loss_0.001_1_0/checkpoint-20/images/on_top_of_green_grass_with_sunflowers_around_it/
07/09/2024 07:02:22 - INFO - __main__ - Running validation... 
 Generating 4 images with prompt:on top of a mirror.
07/09/2024 07:02:35 - INFO - root - Image have been saved in /shenzihe/WD-Disk/output/mit_mascot_bsz_2_loss_0.001_1_0/checkpoint-20/images/on_top_of_a_mirror/
07/09/2024 07:02:48 - INFO - root - Image have been saved in /shenzihe/WD-Disk/output/mit_mascot_bsz_2_loss_0.001_1_0/checkpoint-20/images/on_top_of_a_mirror/
07/09/2024 07:03:02 - INFO - root - Image have been saved in /shenzihe/WD-Disk/output/mit_mascot_bsz_2_loss_0.001_1_0/checkpoint-20/images/on_top_of_a_mirror/
07/09/2024 07:03:15 - INFO - root - Image have been saved in /shenzihe/WD-Disk/output/mit_mascot_bsz_2_loss_0.001_1_0/checkpoint-20/images/on_top_of_a_mirror/
07/09/2024 07:03:15 - INFO - __main__ - Running validation... 
 Generating 4 images with prompt:on top of the sidewalk in a crowded street.
07/09/2024 07:03:29 - INFO - root - Image have been saved in /shenzihe/WD-Disk/output/mit_mascot_bsz_2_loss_0.001_1_0/checkpoint-20/images/on_top_of_the_sidewalk_in_a_crowded_street/
07/09/2024 07:03:42 - INFO - root - Image have been saved in /shenzihe/WD-Disk/output/mit_mascot_bsz_2_loss_0.001_1_0/checkpoint-20/images/on_top_of_the_sidewalk_in_a_crowded_street/
07/09/2024 07:03:55 - INFO - root - Image have been saved in /shenzihe/WD-Disk/output/mit_mascot_bsz_2_loss_0.001_1_0/checkpoint-20/images/on_top_of_the_sidewalk_in_a_crowded_street/
07/09/2024 07:04:08 - INFO - root - Image have been saved in /shenzihe/WD-Disk/output/mit_mascot_bsz_2_loss_0.001_1_0/checkpoint-20/images/on_top_of_the_sidewalk_in_a_crowded_street/
07/09/2024 07:04:08 - INFO - __main__ - Running validation... 
 Generating 4 images with prompt:on top of a dirt road.
07/09/2024 07:04:22 - INFO - root - Image have been saved in /shenzihe/WD-Disk/output/mit_mascot_bsz_2_loss_0.001_1_0/checkpoint-20/images/on_top_of_a_dirt_road/
07/09/2024 07:04:35 - INFO - root - Image have been saved in /shenzihe/WD-Disk/output/mit_mascot_bsz_2_loss_0.001_1_0/checkpoint-20/images/on_top_of_a_dirt_road/
07/09/2024 07:04:48 - INFO - root - Image have been saved in /shenzihe/WD-Disk/output/mit_mascot_bsz_2_loss_0.001_1_0/checkpoint-20/images/on_top_of_a_dirt_road/
07/09/2024 07:05:01 - INFO - root - Image have been saved in /shenzihe/WD-Disk/output/mit_mascot_bsz_2_loss_0.001_1_0/checkpoint-20/images/on_top_of_a_dirt_road/
07/09/2024 07:05:01 - INFO - __main__ - Running validation... 
 Generating 4 images with prompt:on top of a white rug.
07/09/2024 07:05:15 - INFO - root - Image have been saved in /shenzihe/WD-Disk/output/mit_mascot_bsz_2_loss_0.001_1_0/checkpoint-20/images/on_top_of_a_white_rug/
07/09/2024 07:05:28 - INFO - root - Image have been saved in /shenzihe/WD-Disk/output/mit_mascot_bsz_2_loss_0.001_1_0/checkpoint-20/images/on_top_of_a_white_rug/
07/09/2024 07:05:41 - INFO - root - Image have been saved in /shenzihe/WD-Disk/output/mit_mascot_bsz_2_loss_0.001_1_0/checkpoint-20/images/on_top_of_a_white_rug/
07/09/2024 07:05:54 - INFO - root - Image have been saved in /shenzihe/WD-Disk/output/mit_mascot_bsz_2_loss_0.001_1_0/checkpoint-20/images/on_top_of_a_white_rug/
07/09/2024 07:05:54 - INFO - __main__ - Running validation... 
 Generating 4 images with prompt:red.
07/09/2024 07:06:08 - INFO - root - Image have been saved in /shenzihe/WD-Disk/output/mit_mascot_bsz_2_loss_0.001_1_0/checkpoint-20/images/red/
07/09/2024 07:06:21 - INFO - root - Image have been saved in /shenzihe/WD-Disk/output/mit_mascot_bsz_2_loss_0.001_1_0/checkpoint-20/images/red/
07/09/2024 07:06:34 - INFO - root - Image have been saved in /shenzihe/WD-Disk/output/mit_mascot_bsz_2_loss_0.001_1_0/checkpoint-20/images/red/
07/09/2024 07:06:47 - INFO - root - Image have been saved in /shenzihe/WD-Disk/output/mit_mascot_bsz_2_loss_0.001_1_0/checkpoint-20/images/red/
07/09/2024 07:06:47 - INFO - __main__ - Running validation... 
 Generating 4 images with prompt:purple.
07/09/2024 07:07:01 - INFO - root - Image have been saved in /shenzihe/WD-Disk/output/mit_mascot_bsz_2_loss_0.001_1_0/checkpoint-20/images/purple/
07/09/2024 07:07:14 - INFO - root - Image have been saved in /shenzihe/WD-Disk/output/mit_mascot_bsz_2_loss_0.001_1_0/checkpoint-20/images/purple/
07/09/2024 07:07:27 - INFO - root - Image have been saved in /shenzihe/WD-Disk/output/mit_mascot_bsz_2_loss_0.001_1_0/checkpoint-20/images/purple/
07/09/2024 07:07:41 - INFO - root - Image have been saved in /shenzihe/WD-Disk/output/mit_mascot_bsz_2_loss_0.001_1_0/checkpoint-20/images/purple/
07/09/2024 07:07:41 - INFO - __main__ - Running validation... 
 Generating 4 images with prompt:shiny.
07/09/2024 07:07:54 - INFO - root - Image have been saved in /shenzihe/WD-Disk/output/mit_mascot_bsz_2_loss_0.001_1_0/checkpoint-20/images/shiny/
07/09/2024 07:08:07 - INFO - root - Image have been saved in /shenzihe/WD-Disk/output/mit_mascot_bsz_2_loss_0.001_1_0/checkpoint-20/images/shiny/
07/09/2024 07:08:20 - INFO - root - Image have been saved in /shenzihe/WD-Disk/output/mit_mascot_bsz_2_loss_0.001_1_0/checkpoint-20/images/shiny/
07/09/2024 07:08:34 - INFO - root - Image have been saved in /shenzihe/WD-Disk/output/mit_mascot_bsz_2_loss_0.001_1_0/checkpoint-20/images/shiny/
07/09/2024 07:08:34 - INFO - __main__ - Running validation... 
 Generating 4 images with prompt:wet.
07/09/2024 07:08:47 - INFO - root - Image have been saved in /shenzihe/WD-Disk/output/mit_mascot_bsz_2_loss_0.001_1_0/checkpoint-20/images/wet/
07/09/2024 07:09:00 - INFO - root - Image have been saved in /shenzihe/WD-Disk/output/mit_mascot_bsz_2_loss_0.001_1_0/checkpoint-20/images/wet/
07/09/2024 07:09:13 - INFO - root - Image have been saved in /shenzihe/WD-Disk/output/mit_mascot_bsz_2_loss_0.001_1_0/checkpoint-20/images/wet/
07/09/2024 07:09:27 - INFO - root - Image have been saved in /shenzihe/WD-Disk/output/mit_mascot_bsz_2_loss_0.001_1_0/checkpoint-20/images/wet/
07/09/2024 07:09:27 - INFO - __main__ - Running validation... 
 Generating 4 images with prompt:cube shaped.
07/09/2024 07:09:40 - INFO - root - Image have been saved in /shenzihe/WD-Disk/output/mit_mascot_bsz_2_loss_0.001_1_0/checkpoint-20/images/cube_shaped/
07/09/2024 07:09:53 - INFO - root - Image have been saved in /shenzihe/WD-Disk/output/mit_mascot_bsz_2_loss_0.001_1_0/checkpoint-20/images/cube_shaped/
07/09/2024 07:10:06 - INFO - root - Image have been saved in /shenzihe/WD-Disk/output/mit_mascot_bsz_2_loss_0.001_1_0/checkpoint-20/images/cube_shaped/
07/09/2024 07:10:20 - INFO - root - Image have been saved in /shenzihe/WD-Disk/output/mit_mascot_bsz_2_loss_0.001_1_0/checkpoint-20/images/cube_shaped/
07/09/2024 07:10:22 - INFO - root - {'loss': 0.016221031546592712, 'lr': 0.0001}
07/09/2024 07:10:24 - INFO - root - {'loss': 0.4327411949634552, 'lr': 0.0001}
07/09/2024 07:10:26 - INFO - root - {'loss': 0.1679648458957672, 'lr': 0.0001}
07/09/2024 07:10:28 - INFO - root - {'loss': 0.13496318459510803, 'lr': 0.0001}
07/09/2024 07:10:30 - INFO - root - {'loss': 0.19067265093326569, 'lr': 0.0001}
07/09/2024 07:10:32 - INFO - root - {'loss': 0.10342131555080414, 'lr': 0.0001}
07/09/2024 07:10:35 - INFO - root - {'loss': 0.08776251971721649, 'lr': 0.0001}
07/09/2024 07:10:37 - INFO - root - {'loss': 0.4592399001121521, 'lr': 0.0001}
07/09/2024 07:10:39 - INFO - root - {'loss': 0.4508399963378906, 'lr': 0.0001}
07/09/2024 07:10:41 - INFO - root - {'loss': 0.24300405383110046, 'lr': 0.0001}
07/09/2024 07:10:43 - INFO - root - {'loss': 0.14219841361045837, 'lr': 0.0001}
07/09/2024 07:10:45 - INFO - root - {'loss': 0.20975136756896973, 'lr': 0.0001}
07/09/2024 07:10:47 - INFO - root - {'loss': 0.11542011052370071, 'lr': 0.0001}
07/09/2024 07:10:49 - INFO - root - {'loss': 0.005253658629953861, 'lr': 0.0001}
07/09/2024 07:10:52 - INFO - root - {'loss': 0.16323712468147278, 'lr': 0.0001}
07/09/2024 07:10:54 - INFO - root - {'loss': 0.051757726818323135, 'lr': 0.0001}
07/09/2024 07:10:56 - INFO - root - {'loss': 0.553678572177887, 'lr': 0.0001}
07/09/2024 07:10:58 - INFO - root - {'loss': 0.5844416618347168, 'lr': 0.0001}
07/09/2024 07:11:00 - INFO - root - {'loss': 0.0777161493897438, 'lr': 0.0001}
07/09/2024 07:11:02 - INFO - root - {'loss': 0.3461102843284607, 'lr': 0.0001}
07/09/2024 07:11:02 - INFO - __main__ - Running validation... 
 Generating 4 images with prompt:in the jungle.
07/09/2024 07:11:15 - INFO - root - Image have been saved in /shenzihe/WD-Disk/output/mit_mascot_bsz_2_loss_0.001_1_0/checkpoint-40/images/in_the_jungle/
07/09/2024 07:11:29 - INFO - root - Image have been saved in /shenzihe/WD-Disk/output/mit_mascot_bsz_2_loss_0.001_1_0/checkpoint-40/images/in_the_jungle/
07/09/2024 07:11:42 - INFO - root - Image have been saved in /shenzihe/WD-Disk/output/mit_mascot_bsz_2_loss_0.001_1_0/checkpoint-40/images/in_the_jungle/
07/09/2024 07:11:55 - INFO - root - Image have been saved in /shenzihe/WD-Disk/output/mit_mascot_bsz_2_loss_0.001_1_0/checkpoint-40/images/in_the_jungle/
07/09/2024 07:11:55 - INFO - __main__ - Running validation... 
 Generating 4 images with prompt:in the snow.
07/09/2024 07:12:09 - INFO - root - Image have been saved in /shenzihe/WD-Disk/output/mit_mascot_bsz_2_loss_0.001_1_0/checkpoint-40/images/in_the_snow/
07/09/2024 07:12:22 - INFO - root - Image have been saved in /shenzihe/WD-Disk/output/mit_mascot_bsz_2_loss_0.001_1_0/checkpoint-40/images/in_the_snow/
07/09/2024 07:12:35 - INFO - root - Image have been saved in /shenzihe/WD-Disk/output/mit_mascot_bsz_2_loss_0.001_1_0/checkpoint-40/images/in_the_snow/
07/09/2024 07:12:49 - INFO - root - Image have been saved in /shenzihe/WD-Disk/output/mit_mascot_bsz_2_loss_0.001_1_0/checkpoint-40/images/in_the_snow/
07/09/2024 07:12:49 - INFO - __main__ - Running validation... 
 Generating 4 images with prompt:on the beach.
07/09/2024 07:13:02 - INFO - root - Image have been saved in /shenzihe/WD-Disk/output/mit_mascot_bsz_2_loss_0.001_1_0/checkpoint-40/images/on_the_beach/
07/09/2024 07:13:15 - INFO - root - Image have been saved in /shenzihe/WD-Disk/output/mit_mascot_bsz_2_loss_0.001_1_0/checkpoint-40/images/on_the_beach/
07/09/2024 07:13:28 - INFO - root - Image have been saved in /shenzihe/WD-Disk/output/mit_mascot_bsz_2_loss_0.001_1_0/checkpoint-40/images/on_the_beach/
07/09/2024 07:13:42 - INFO - root - Image have been saved in /shenzihe/WD-Disk/output/mit_mascot_bsz_2_loss_0.001_1_0/checkpoint-40/images/on_the_beach/
07/09/2024 07:13:42 - INFO - __main__ - Running validation... 
 Generating 4 images with prompt:on a cobblestone street.
07/09/2024 07:13:55 - INFO - root - Image have been saved in /shenzihe/WD-Disk/output/mit_mascot_bsz_2_loss_0.001_1_0/checkpoint-40/images/on_a_cobblestone_street/
07/09/2024 07:14:08 - INFO - root - Image have been saved in /shenzihe/WD-Disk/output/mit_mascot_bsz_2_loss_0.001_1_0/checkpoint-40/images/on_a_cobblestone_street/
07/09/2024 07:14:21 - INFO - root - Image have been saved in /shenzihe/WD-Disk/output/mit_mascot_bsz_2_loss_0.001_1_0/checkpoint-40/images/on_a_cobblestone_street/
07/09/2024 07:14:34 - INFO - root - Image have been saved in /shenzihe/WD-Disk/output/mit_mascot_bsz_2_loss_0.001_1_0/checkpoint-40/images/on_a_cobblestone_street/
07/09/2024 07:14:34 - INFO - __main__ - Running validation... 
 Generating 4 images with prompt:on top of pink fabric.
07/09/2024 07:14:48 - INFO - root - Image have been saved in /shenzihe/WD-Disk/output/mit_mascot_bsz_2_loss_0.001_1_0/checkpoint-40/images/on_top_of_pink_fabric/
07/09/2024 07:15:01 - INFO - root - Image have been saved in /shenzihe/WD-Disk/output/mit_mascot_bsz_2_loss_0.001_1_0/checkpoint-40/images/on_top_of_pink_fabric/
07/09/2024 07:15:14 - INFO - root - Image have been saved in /shenzihe/WD-Disk/output/mit_mascot_bsz_2_loss_0.001_1_0/checkpoint-40/images/on_top_of_pink_fabric/
07/09/2024 07:15:28 - INFO - root - Image have been saved in /shenzihe/WD-Disk/output/mit_mascot_bsz_2_loss_0.001_1_0/checkpoint-40/images/on_top_of_pink_fabric/
07/09/2024 07:15:28 - INFO - __main__ - Running validation... 
 Generating 4 images with prompt:on top of a wooden floor.
07/09/2024 07:15:41 - INFO - root - Image have been saved in /shenzihe/WD-Disk/output/mit_mascot_bsz_2_loss_0.001_1_0/checkpoint-40/images/on_top_of_a_wooden_floor/
07/09/2024 07:15:54 - INFO - root - Image have been saved in /shenzihe/WD-Disk/output/mit_mascot_bsz_2_loss_0.001_1_0/checkpoint-40/images/on_top_of_a_wooden_floor/
07/09/2024 07:16:07 - INFO - root - Image have been saved in /shenzihe/WD-Disk/output/mit_mascot_bsz_2_loss_0.001_1_0/checkpoint-40/images/on_top_of_a_wooden_floor/
07/09/2024 07:16:21 - INFO - root - Image have been saved in /shenzihe/WD-Disk/output/mit_mascot_bsz_2_loss_0.001_1_0/checkpoint-40/images/on_top_of_a_wooden_floor/
07/09/2024 07:16:21 - INFO - __main__ - Running validation... 
 Generating 4 images with prompt:with a city in the background.
07/09/2024 07:16:34 - INFO - root - Image have been saved in /shenzihe/WD-Disk/output/mit_mascot_bsz_2_loss_0.001_1_0/checkpoint-40/images/with_a_city_in_the_background/
07/09/2024 07:16:47 - INFO - root - Image have been saved in /shenzihe/WD-Disk/output/mit_mascot_bsz_2_loss_0.001_1_0/checkpoint-40/images/with_a_city_in_the_background/
07/09/2024 07:17:00 - INFO - root - Image have been saved in /shenzihe/WD-Disk/output/mit_mascot_bsz_2_loss_0.001_1_0/checkpoint-40/images/with_a_city_in_the_background/
07/09/2024 07:17:14 - INFO - root - Image have been saved in /shenzihe/WD-Disk/output/mit_mascot_bsz_2_loss_0.001_1_0/checkpoint-40/images/with_a_city_in_the_background/
07/09/2024 07:17:14 - INFO - __main__ - Running validation... 
 Generating 4 images with prompt:with a mountain in the background.
07/09/2024 07:17:27 - INFO - root - Image have been saved in /shenzihe/WD-Disk/output/mit_mascot_bsz_2_loss_0.001_1_0/checkpoint-40/images/with_a_mountain_in_the_background/
07/09/2024 07:17:40 - INFO - root - Image have been saved in /shenzihe/WD-Disk/output/mit_mascot_bsz_2_loss_0.001_1_0/checkpoint-40/images/with_a_mountain_in_the_background/
07/09/2024 07:17:53 - INFO - root - Image have been saved in /shenzihe/WD-Disk/output/mit_mascot_bsz_2_loss_0.001_1_0/checkpoint-40/images/with_a_mountain_in_the_background/
07/09/2024 07:18:07 - INFO - root - Image have been saved in /shenzihe/WD-Disk/output/mit_mascot_bsz_2_loss_0.001_1_0/checkpoint-40/images/with_a_mountain_in_the_background/
07/09/2024 07:18:07 - INFO - __main__ - Running validation... 
 Generating 4 images with prompt:with a blue house in the background.
07/09/2024 07:18:20 - INFO - root - Image have been saved in /shenzihe/WD-Disk/output/mit_mascot_bsz_2_loss_0.001_1_0/checkpoint-40/images/with_a_blue_house_in_the_background/
07/09/2024 07:18:33 - INFO - root - Image have been saved in /shenzihe/WD-Disk/output/mit_mascot_bsz_2_loss_0.001_1_0/checkpoint-40/images/with_a_blue_house_in_the_background/
07/09/2024 07:18:47 - INFO - root - Image have been saved in /shenzihe/WD-Disk/output/mit_mascot_bsz_2_loss_0.001_1_0/checkpoint-40/images/with_a_blue_house_in_the_background/
07/09/2024 07:19:00 - INFO - root - Image have been saved in /shenzihe/WD-Disk/output/mit_mascot_bsz_2_loss_0.001_1_0/checkpoint-40/images/with_a_blue_house_in_the_background/
07/09/2024 07:19:00 - INFO - __main__ - Running validation... 
 Generating 4 images with prompt:on top of a purple rug in a forest.
07/09/2024 07:19:13 - INFO - root - Image have been saved in /shenzihe/WD-Disk/output/mit_mascot_bsz_2_loss_0.001_1_0/checkpoint-40/images/on_top_of_a_purple_rug_in_a_forest/
07/09/2024 07:19:26 - INFO - root - Image have been saved in /shenzihe/WD-Disk/output/mit_mascot_bsz_2_loss_0.001_1_0/checkpoint-40/images/on_top_of_a_purple_rug_in_a_forest/
07/09/2024 07:19:39 - INFO - root - Image have been saved in /shenzihe/WD-Disk/output/mit_mascot_bsz_2_loss_0.001_1_0/checkpoint-40/images/on_top_of_a_purple_rug_in_a_forest/
07/09/2024 07:19:53 - INFO - root - Image have been saved in /shenzihe/WD-Disk/output/mit_mascot_bsz_2_loss_0.001_1_0/checkpoint-40/images/on_top_of_a_purple_rug_in_a_forest/
07/09/2024 07:19:53 - INFO - __main__ - Running validation... 
 Generating 4 images with prompt:with a wheat field in the background.
07/09/2024 07:20:06 - INFO - root - Image have been saved in /shenzihe/WD-Disk/output/mit_mascot_bsz_2_loss_0.001_1_0/checkpoint-40/images/with_a_wheat_field_in_the_background/
07/09/2024 07:20:19 - INFO - root - Image have been saved in /shenzihe/WD-Disk/output/mit_mascot_bsz_2_loss_0.001_1_0/checkpoint-40/images/with_a_wheat_field_in_the_background/
07/09/2024 07:20:32 - INFO - root - Image have been saved in /shenzihe/WD-Disk/output/mit_mascot_bsz_2_loss_0.001_1_0/checkpoint-40/images/with_a_wheat_field_in_the_background/
07/09/2024 07:20:46 - INFO - root - Image have been saved in /shenzihe/WD-Disk/output/mit_mascot_bsz_2_loss_0.001_1_0/checkpoint-40/images/with_a_wheat_field_in_the_background/
07/09/2024 07:20:46 - INFO - __main__ - Running validation... 
 Generating 4 images with prompt:with a tree and autumn leaves in the background.
07/09/2024 07:20:59 - INFO - root - Image have been saved in /shenzihe/WD-Disk/output/mit_mascot_bsz_2_loss_0.001_1_0/checkpoint-40/images/with_a_tree_and_autumn_leaves_in_the_background/
07/09/2024 07:21:12 - INFO - root - Image have been saved in /shenzihe/WD-Disk/output/mit_mascot_bsz_2_loss_0.001_1_0/checkpoint-40/images/with_a_tree_and_autumn_leaves_in_the_background/
07/09/2024 07:21:25 - INFO - root - Image have been saved in /shenzihe/WD-Disk/output/mit_mascot_bsz_2_loss_0.001_1_0/checkpoint-40/images/with_a_tree_and_autumn_leaves_in_the_background/
07/09/2024 07:21:39 - INFO - root - Image have been saved in /shenzihe/WD-Disk/output/mit_mascot_bsz_2_loss_0.001_1_0/checkpoint-40/images/with_a_tree_and_autumn_leaves_in_the_background/
07/09/2024 07:21:39 - INFO - __main__ - Running validation... 
 Generating 4 images with prompt:with the Eiffel Tower in the background.
07/09/2024 07:21:52 - INFO - root - Image have been saved in /shenzihe/WD-Disk/output/mit_mascot_bsz_2_loss_0.001_1_0/checkpoint-40/images/with_the_Eiffel_Tower_in_the_background/
07/09/2024 07:22:05 - INFO - root - Image have been saved in /shenzihe/WD-Disk/output/mit_mascot_bsz_2_loss_0.001_1_0/checkpoint-40/images/with_the_Eiffel_Tower_in_the_background/
07/09/2024 07:22:18 - INFO - root - Image have been saved in /shenzihe/WD-Disk/output/mit_mascot_bsz_2_loss_0.001_1_0/checkpoint-40/images/with_the_Eiffel_Tower_in_the_background/
07/09/2024 07:22:32 - INFO - root - Image have been saved in /shenzihe/WD-Disk/output/mit_mascot_bsz_2_loss_0.001_1_0/checkpoint-40/images/with_the_Eiffel_Tower_in_the_background/
07/09/2024 07:22:32 - INFO - __main__ - Running validation... 
 Generating 4 images with prompt:floating on top of water.
07/09/2024 07:22:45 - INFO - root - Image have been saved in /shenzihe/WD-Disk/output/mit_mascot_bsz_2_loss_0.001_1_0/checkpoint-40/images/floating_on_top_of_water/
07/09/2024 07:22:58 - INFO - root - Image have been saved in /shenzihe/WD-Disk/output/mit_mascot_bsz_2_loss_0.001_1_0/checkpoint-40/images/floating_on_top_of_water/
07/09/2024 07:23:11 - INFO - root - Image have been saved in /shenzihe/WD-Disk/output/mit_mascot_bsz_2_loss_0.001_1_0/checkpoint-40/images/floating_on_top_of_water/
07/09/2024 07:23:25 - INFO - root - Image have been saved in /shenzihe/WD-Disk/output/mit_mascot_bsz_2_loss_0.001_1_0/checkpoint-40/images/floating_on_top_of_water/
07/09/2024 07:23:25 - INFO - __main__ - Running validation... 
 Generating 4 images with prompt:floating in an ocean of milk.
07/09/2024 07:23:38 - INFO - root - Image have been saved in /shenzihe/WD-Disk/output/mit_mascot_bsz_2_loss_0.001_1_0/checkpoint-40/images/floating_in_an_ocean_of_milk/
07/09/2024 07:23:51 - INFO - root - Image have been saved in /shenzihe/WD-Disk/output/mit_mascot_bsz_2_loss_0.001_1_0/checkpoint-40/images/floating_in_an_ocean_of_milk/
07/09/2024 07:24:04 - INFO - root - Image have been saved in /shenzihe/WD-Disk/output/mit_mascot_bsz_2_loss_0.001_1_0/checkpoint-40/images/floating_in_an_ocean_of_milk/
07/09/2024 07:24:18 - INFO - root - Image have been saved in /shenzihe/WD-Disk/output/mit_mascot_bsz_2_loss_0.001_1_0/checkpoint-40/images/floating_in_an_ocean_of_milk/
07/09/2024 07:24:18 - INFO - __main__ - Running validation... 
 Generating 4 images with prompt:on top of green grass with sunflowers around it.
07/09/2024 07:24:31 - INFO - root - Image have been saved in /shenzihe/WD-Disk/output/mit_mascot_bsz_2_loss_0.001_1_0/checkpoint-40/images/on_top_of_green_grass_with_sunflowers_around_it/
07/09/2024 07:24:44 - INFO - root - Image have been saved in /shenzihe/WD-Disk/output/mit_mascot_bsz_2_loss_0.001_1_0/checkpoint-40/images/on_top_of_green_grass_with_sunflowers_around_it/
07/09/2024 07:24:57 - INFO - root - Image have been saved in /shenzihe/WD-Disk/output/mit_mascot_bsz_2_loss_0.001_1_0/checkpoint-40/images/on_top_of_green_grass_with_sunflowers_around_it/
07/09/2024 07:25:11 - INFO - root - Image have been saved in /shenzihe/WD-Disk/output/mit_mascot_bsz_2_loss_0.001_1_0/checkpoint-40/images/on_top_of_green_grass_with_sunflowers_around_it/
07/09/2024 07:25:11 - INFO - __main__ - Running validation... 
 Generating 4 images with prompt:on top of a mirror.
07/09/2024 07:25:24 - INFO - root - Image have been saved in /shenzihe/WD-Disk/output/mit_mascot_bsz_2_loss_0.001_1_0/checkpoint-40/images/on_top_of_a_mirror/
07/09/2024 07:25:37 - INFO - root - Image have been saved in /shenzihe/WD-Disk/output/mit_mascot_bsz_2_loss_0.001_1_0/checkpoint-40/images/on_top_of_a_mirror/
07/09/2024 07:25:50 - INFO - root - Image have been saved in /shenzihe/WD-Disk/output/mit_mascot_bsz_2_loss_0.001_1_0/checkpoint-40/images/on_top_of_a_mirror/
07/09/2024 07:26:04 - INFO - root - Image have been saved in /shenzihe/WD-Disk/output/mit_mascot_bsz_2_loss_0.001_1_0/checkpoint-40/images/on_top_of_a_mirror/
07/09/2024 07:26:04 - INFO - __main__ - Running validation... 
 Generating 4 images with prompt:on top of the sidewalk in a crowded street.
07/09/2024 07:26:17 - INFO - root - Image have been saved in /shenzihe/WD-Disk/output/mit_mascot_bsz_2_loss_0.001_1_0/checkpoint-40/images/on_top_of_the_sidewalk_in_a_crowded_street/
07/09/2024 07:26:30 - INFO - root - Image have been saved in /shenzihe/WD-Disk/output/mit_mascot_bsz_2_loss_0.001_1_0/checkpoint-40/images/on_top_of_the_sidewalk_in_a_crowded_street/
07/09/2024 07:26:43 - INFO - root - Image have been saved in /shenzihe/WD-Disk/output/mit_mascot_bsz_2_loss_0.001_1_0/checkpoint-40/images/on_top_of_the_sidewalk_in_a_crowded_street/
07/09/2024 07:26:57 - INFO - root - Image have been saved in /shenzihe/WD-Disk/output/mit_mascot_bsz_2_loss_0.001_1_0/checkpoint-40/images/on_top_of_the_sidewalk_in_a_crowded_street/
07/09/2024 07:26:57 - INFO - __main__ - Running validation... 
 Generating 4 images with prompt:on top of a dirt road.
07/09/2024 07:27:10 - INFO - root - Image have been saved in /shenzihe/WD-Disk/output/mit_mascot_bsz_2_loss_0.001_1_0/checkpoint-40/images/on_top_of_a_dirt_road/
07/09/2024 07:27:23 - INFO - root - Image have been saved in /shenzihe/WD-Disk/output/mit_mascot_bsz_2_loss_0.001_1_0/checkpoint-40/images/on_top_of_a_dirt_road/
07/09/2024 07:27:36 - INFO - root - Image have been saved in /shenzihe/WD-Disk/output/mit_mascot_bsz_2_loss_0.001_1_0/checkpoint-40/images/on_top_of_a_dirt_road/
07/09/2024 07:27:50 - INFO - root - Image have been saved in /shenzihe/WD-Disk/output/mit_mascot_bsz_2_loss_0.001_1_0/checkpoint-40/images/on_top_of_a_dirt_road/
07/09/2024 07:27:50 - INFO - __main__ - Running validation... 
 Generating 4 images with prompt:on top of a white rug.
07/09/2024 07:28:03 - INFO - root - Image have been saved in /shenzihe/WD-Disk/output/mit_mascot_bsz_2_loss_0.001_1_0/checkpoint-40/images/on_top_of_a_white_rug/
07/09/2024 07:28:16 - INFO - root - Image have been saved in /shenzihe/WD-Disk/output/mit_mascot_bsz_2_loss_0.001_1_0/checkpoint-40/images/on_top_of_a_white_rug/
07/09/2024 07:28:29 - INFO - root - Image have been saved in /shenzihe/WD-Disk/output/mit_mascot_bsz_2_loss_0.001_1_0/checkpoint-40/images/on_top_of_a_white_rug/
07/09/2024 07:28:42 - INFO - root - Image have been saved in /shenzihe/WD-Disk/output/mit_mascot_bsz_2_loss_0.001_1_0/checkpoint-40/images/on_top_of_a_white_rug/
07/09/2024 07:28:42 - INFO - __main__ - Running validation... 
 Generating 4 images with prompt:red.
07/09/2024 07:28:56 - INFO - root - Image have been saved in /shenzihe/WD-Disk/output/mit_mascot_bsz_2_loss_0.001_1_0/checkpoint-40/images/red/
07/09/2024 07:29:09 - INFO - root - Image have been saved in /shenzihe/WD-Disk/output/mit_mascot_bsz_2_loss_0.001_1_0/checkpoint-40/images/red/
07/09/2024 07:29:22 - INFO - root - Image have been saved in /shenzihe/WD-Disk/output/mit_mascot_bsz_2_loss_0.001_1_0/checkpoint-40/images/red/
07/09/2024 07:29:35 - INFO - root - Image have been saved in /shenzihe/WD-Disk/output/mit_mascot_bsz_2_loss_0.001_1_0/checkpoint-40/images/red/
07/09/2024 07:29:35 - INFO - __main__ - Running validation... 
 Generating 4 images with prompt:purple.
07/09/2024 07:29:49 - INFO - root - Image have been saved in /shenzihe/WD-Disk/output/mit_mascot_bsz_2_loss_0.001_1_0/checkpoint-40/images/purple/
07/09/2024 07:30:02 - INFO - root - Image have been saved in /shenzihe/WD-Disk/output/mit_mascot_bsz_2_loss_0.001_1_0/checkpoint-40/images/purple/
07/09/2024 07:30:15 - INFO - root - Image have been saved in /shenzihe/WD-Disk/output/mit_mascot_bsz_2_loss_0.001_1_0/checkpoint-40/images/purple/
07/09/2024 07:30:28 - INFO - root - Image have been saved in /shenzihe/WD-Disk/output/mit_mascot_bsz_2_loss_0.001_1_0/checkpoint-40/images/purple/
07/09/2024 07:30:28 - INFO - __main__ - Running validation... 
 Generating 4 images with prompt:shiny.
07/09/2024 07:30:42 - INFO - root - Image have been saved in /shenzihe/WD-Disk/output/mit_mascot_bsz_2_loss_0.001_1_0/checkpoint-40/images/shiny/
07/09/2024 07:30:55 - INFO - root - Image have been saved in /shenzihe/WD-Disk/output/mit_mascot_bsz_2_loss_0.001_1_0/checkpoint-40/images/shiny/
07/09/2024 07:31:08 - INFO - root - Image have been saved in /shenzihe/WD-Disk/output/mit_mascot_bsz_2_loss_0.001_1_0/checkpoint-40/images/shiny/
07/09/2024 07:31:21 - INFO - root - Image have been saved in /shenzihe/WD-Disk/output/mit_mascot_bsz_2_loss_0.001_1_0/checkpoint-40/images/shiny/
07/09/2024 07:31:21 - INFO - __main__ - Running validation... 
 Generating 4 images with prompt:wet.
07/09/2024 07:31:35 - INFO - root - Image have been saved in /shenzihe/WD-Disk/output/mit_mascot_bsz_2_loss_0.001_1_0/checkpoint-40/images/wet/
07/09/2024 07:31:48 - INFO - root - Image have been saved in /shenzihe/WD-Disk/output/mit_mascot_bsz_2_loss_0.001_1_0/checkpoint-40/images/wet/
07/09/2024 07:32:01 - INFO - root - Image have been saved in /shenzihe/WD-Disk/output/mit_mascot_bsz_2_loss_0.001_1_0/checkpoint-40/images/wet/
07/09/2024 07:32:14 - INFO - root - Image have been saved in /shenzihe/WD-Disk/output/mit_mascot_bsz_2_loss_0.001_1_0/checkpoint-40/images/wet/
07/09/2024 07:32:14 - INFO - __main__ - Running validation... 
 Generating 4 images with prompt:cube shaped.
07/09/2024 07:32:28 - INFO - root - Image have been saved in /shenzihe/WD-Disk/output/mit_mascot_bsz_2_loss_0.001_1_0/checkpoint-40/images/cube_shaped/
07/09/2024 07:32:41 - INFO - root - Image have been saved in /shenzihe/WD-Disk/output/mit_mascot_bsz_2_loss_0.001_1_0/checkpoint-40/images/cube_shaped/
07/09/2024 07:32:54 - INFO - root - Image have been saved in /shenzihe/WD-Disk/output/mit_mascot_bsz_2_loss_0.001_1_0/checkpoint-40/images/cube_shaped/
07/09/2024 07:33:07 - INFO - root - Image have been saved in /shenzihe/WD-Disk/output/mit_mascot_bsz_2_loss_0.001_1_0/checkpoint-40/images/cube_shaped/
07/09/2024 07:33:09 - INFO - root - {'loss': 0.0872250571846962, 'lr': 0.0001}
07/09/2024 07:33:12 - INFO - root - {'loss': 0.07363872975111008, 'lr': 0.0001}
07/09/2024 07:33:14 - INFO - root - {'loss': 0.2510923147201538, 'lr': 0.0001}
07/09/2024 07:33:16 - INFO - root - {'loss': 0.009239420294761658, 'lr': 0.0001}
07/09/2024 07:33:18 - INFO - root - {'loss': 0.10012028366327286, 'lr': 0.0001}
07/09/2024 07:33:20 - INFO - root - {'loss': 0.09395761787891388, 'lr': 0.0001}
07/09/2024 07:33:22 - INFO - root - {'loss': 0.012573519721627235, 'lr': 0.0001}
07/09/2024 07:33:24 - INFO - root - {'loss': 0.12035909295082092, 'lr': 0.0001}
07/09/2024 07:33:27 - INFO - root - {'loss': 0.12690949440002441, 'lr': 0.0001}
07/09/2024 07:33:29 - INFO - root - {'loss': 0.0683177039027214, 'lr': 0.0001}
07/09/2024 07:33:31 - INFO - root - {'loss': 0.1511378437280655, 'lr': 0.0001}
07/09/2024 07:33:33 - INFO - root - {'loss': 0.2650604248046875, 'lr': 0.0001}
07/09/2024 07:33:35 - INFO - root - {'loss': 0.05932435020804405, 'lr': 0.0001}
07/09/2024 07:33:37 - INFO - root - {'loss': 0.2598493993282318, 'lr': 0.0001}
07/09/2024 07:33:39 - INFO - root - {'loss': 0.13189035654067993, 'lr': 0.0001}
07/09/2024 07:33:41 - INFO - root - {'loss': 0.10299316793680191, 'lr': 0.0001}
07/09/2024 07:33:44 - INFO - root - {'loss': 0.19063785672187805, 'lr': 0.0001}
07/09/2024 07:33:46 - INFO - root - {'loss': 0.02549075335264206, 'lr': 0.0001}
07/09/2024 07:33:48 - INFO - root - {'loss': 0.15906251966953278, 'lr': 0.0001}
07/09/2024 07:33:50 - INFO - root - {'loss': 0.07875475287437439, 'lr': 0.0001}
07/09/2024 07:33:50 - INFO - __main__ - Running validation... 
 Generating 4 images with prompt:in the jungle.
07/09/2024 07:34:03 - INFO - root - Image have been saved in /shenzihe/WD-Disk/output/mit_mascot_bsz_2_loss_0.001_1_0/checkpoint-60/images/in_the_jungle/
07/09/2024 07:34:16 - INFO - root - Image have been saved in /shenzihe/WD-Disk/output/mit_mascot_bsz_2_loss_0.001_1_0/checkpoint-60/images/in_the_jungle/
07/09/2024 07:34:30 - INFO - root - Image have been saved in /shenzihe/WD-Disk/output/mit_mascot_bsz_2_loss_0.001_1_0/checkpoint-60/images/in_the_jungle/
07/09/2024 07:34:43 - INFO - root - Image have been saved in /shenzihe/WD-Disk/output/mit_mascot_bsz_2_loss_0.001_1_0/checkpoint-60/images/in_the_jungle/
07/09/2024 07:34:43 - INFO - __main__ - Running validation... 
 Generating 4 images with prompt:in the snow.
07/09/2024 07:34:56 - INFO - root - Image have been saved in /shenzihe/WD-Disk/output/mit_mascot_bsz_2_loss_0.001_1_0/checkpoint-60/images/in_the_snow/
07/09/2024 07:35:09 - INFO - root - Image have been saved in /shenzihe/WD-Disk/output/mit_mascot_bsz_2_loss_0.001_1_0/checkpoint-60/images/in_the_snow/
07/09/2024 07:35:22 - INFO - root - Image have been saved in /shenzihe/WD-Disk/output/mit_mascot_bsz_2_loss_0.001_1_0/checkpoint-60/images/in_the_snow/
07/09/2024 07:35:36 - INFO - root - Image have been saved in /shenzihe/WD-Disk/output/mit_mascot_bsz_2_loss_0.001_1_0/checkpoint-60/images/in_the_snow/
07/09/2024 07:35:36 - INFO - __main__ - Running validation... 
 Generating 4 images with prompt:on the beach.
07/09/2024 07:35:49 - INFO - root - Image have been saved in /shenzihe/WD-Disk/output/mit_mascot_bsz_2_loss_0.001_1_0/checkpoint-60/images/on_the_beach/
07/09/2024 07:36:02 - INFO - root - Image have been saved in /shenzihe/WD-Disk/output/mit_mascot_bsz_2_loss_0.001_1_0/checkpoint-60/images/on_the_beach/
07/09/2024 07:36:15 - INFO - root - Image have been saved in /shenzihe/WD-Disk/output/mit_mascot_bsz_2_loss_0.001_1_0/checkpoint-60/images/on_the_beach/
07/09/2024 07:36:29 - INFO - root - Image have been saved in /shenzihe/WD-Disk/output/mit_mascot_bsz_2_loss_0.001_1_0/checkpoint-60/images/on_the_beach/
07/09/2024 07:36:29 - INFO - __main__ - Running validation... 
 Generating 4 images with prompt:on a cobblestone street.
07/09/2024 07:36:42 - INFO - root - Image have been saved in /shenzihe/WD-Disk/output/mit_mascot_bsz_2_loss_0.001_1_0/checkpoint-60/images/on_a_cobblestone_street/
07/09/2024 07:36:55 - INFO - root - Image have been saved in /shenzihe/WD-Disk/output/mit_mascot_bsz_2_loss_0.001_1_0/checkpoint-60/images/on_a_cobblestone_street/
07/09/2024 07:37:08 - INFO - root - Image have been saved in /shenzihe/WD-Disk/output/mit_mascot_bsz_2_loss_0.001_1_0/checkpoint-60/images/on_a_cobblestone_street/
07/09/2024 07:37:21 - INFO - root - Image have been saved in /shenzihe/WD-Disk/output/mit_mascot_bsz_2_loss_0.001_1_0/checkpoint-60/images/on_a_cobblestone_street/
07/09/2024 07:37:21 - INFO - __main__ - Running validation... 
 Generating 4 images with prompt:on top of pink fabric.
07/09/2024 07:37:35 - INFO - root - Image have been saved in /shenzihe/WD-Disk/output/mit_mascot_bsz_2_loss_0.001_1_0/checkpoint-60/images/on_top_of_pink_fabric/
07/09/2024 07:37:48 - INFO - root - Image have been saved in /shenzihe/WD-Disk/output/mit_mascot_bsz_2_loss_0.001_1_0/checkpoint-60/images/on_top_of_pink_fabric/
07/09/2024 07:38:01 - INFO - root - Image have been saved in /shenzihe/WD-Disk/output/mit_mascot_bsz_2_loss_0.001_1_0/checkpoint-60/images/on_top_of_pink_fabric/
07/09/2024 07:38:14 - INFO - root - Image have been saved in /shenzihe/WD-Disk/output/mit_mascot_bsz_2_loss_0.001_1_0/checkpoint-60/images/on_top_of_pink_fabric/
07/09/2024 07:38:14 - INFO - __main__ - Running validation... 
 Generating 4 images with prompt:on top of a wooden floor.
07/09/2024 07:38:28 - INFO - root - Image have been saved in /shenzihe/WD-Disk/output/mit_mascot_bsz_2_loss_0.001_1_0/checkpoint-60/images/on_top_of_a_wooden_floor/
07/09/2024 07:38:41 - INFO - root - Image have been saved in /shenzihe/WD-Disk/output/mit_mascot_bsz_2_loss_0.001_1_0/checkpoint-60/images/on_top_of_a_wooden_floor/
07/09/2024 07:38:54 - INFO - root - Image have been saved in /shenzihe/WD-Disk/output/mit_mascot_bsz_2_loss_0.001_1_0/checkpoint-60/images/on_top_of_a_wooden_floor/
07/09/2024 07:39:08 - INFO - root - Image have been saved in /shenzihe/WD-Disk/output/mit_mascot_bsz_2_loss_0.001_1_0/checkpoint-60/images/on_top_of_a_wooden_floor/
07/09/2024 07:39:08 - INFO - __main__ - Running validation... 
 Generating 4 images with prompt:with a city in the background.
07/09/2024 07:39:21 - INFO - root - Image have been saved in /shenzihe/WD-Disk/output/mit_mascot_bsz_2_loss_0.001_1_0/checkpoint-60/images/with_a_city_in_the_background/
07/09/2024 07:39:34 - INFO - root - Image have been saved in /shenzihe/WD-Disk/output/mit_mascot_bsz_2_loss_0.001_1_0/checkpoint-60/images/with_a_city_in_the_background/
07/09/2024 07:39:48 - INFO - root - Image have been saved in /shenzihe/WD-Disk/output/mit_mascot_bsz_2_loss_0.001_1_0/checkpoint-60/images/with_a_city_in_the_background/
07/09/2024 07:40:01 - INFO - root - Image have been saved in /shenzihe/WD-Disk/output/mit_mascot_bsz_2_loss_0.001_1_0/checkpoint-60/images/with_a_city_in_the_background/
07/09/2024 07:40:01 - INFO - __main__ - Running validation... 
 Generating 4 images with prompt:with a mountain in the background.
07/09/2024 07:40:14 - INFO - root - Image have been saved in /shenzihe/WD-Disk/output/mit_mascot_bsz_2_loss_0.001_1_0/checkpoint-60/images/with_a_mountain_in_the_background/
07/09/2024 07:40:28 - INFO - root - Image have been saved in /shenzihe/WD-Disk/output/mit_mascot_bsz_2_loss_0.001_1_0/checkpoint-60/images/with_a_mountain_in_the_background/
07/09/2024 07:40:41 - INFO - root - Image have been saved in /shenzihe/WD-Disk/output/mit_mascot_bsz_2_loss_0.001_1_0/checkpoint-60/images/with_a_mountain_in_the_background/
07/09/2024 07:40:55 - INFO - root - Image have been saved in /shenzihe/WD-Disk/output/mit_mascot_bsz_2_loss_0.001_1_0/checkpoint-60/images/with_a_mountain_in_the_background/
07/09/2024 07:40:55 - INFO - __main__ - Running validation... 
 Generating 4 images with prompt:with a blue house in the background.
07/09/2024 07:41:08 - INFO - root - Image have been saved in /shenzihe/WD-Disk/output/mit_mascot_bsz_2_loss_0.001_1_0/checkpoint-60/images/with_a_blue_house_in_the_background/
07/09/2024 07:41:21 - INFO - root - Image have been saved in /shenzihe/WD-Disk/output/mit_mascot_bsz_2_loss_0.001_1_0/checkpoint-60/images/with_a_blue_house_in_the_background/
07/09/2024 07:41:34 - INFO - root - Image have been saved in /shenzihe/WD-Disk/output/mit_mascot_bsz_2_loss_0.001_1_0/checkpoint-60/images/with_a_blue_house_in_the_background/
07/09/2024 07:41:48 - INFO - root - Image have been saved in /shenzihe/WD-Disk/output/mit_mascot_bsz_2_loss_0.001_1_0/checkpoint-60/images/with_a_blue_house_in_the_background/
07/09/2024 07:41:48 - INFO - __main__ - Running validation... 
 Generating 4 images with prompt:on top of a purple rug in a forest.
07/09/2024 07:42:01 - INFO - root - Image have been saved in /shenzihe/WD-Disk/output/mit_mascot_bsz_2_loss_0.001_1_0/checkpoint-60/images/on_top_of_a_purple_rug_in_a_forest/
07/09/2024 07:42:14 - INFO - root - Image have been saved in /shenzihe/WD-Disk/output/mit_mascot_bsz_2_loss_0.001_1_0/checkpoint-60/images/on_top_of_a_purple_rug_in_a_forest/
07/09/2024 07:42:27 - INFO - root - Image have been saved in /shenzihe/WD-Disk/output/mit_mascot_bsz_2_loss_0.001_1_0/checkpoint-60/images/on_top_of_a_purple_rug_in_a_forest/
07/09/2024 07:42:40 - INFO - root - Image have been saved in /shenzihe/WD-Disk/output/mit_mascot_bsz_2_loss_0.001_1_0/checkpoint-60/images/on_top_of_a_purple_rug_in_a_forest/
07/09/2024 07:42:40 - INFO - __main__ - Running validation... 
 Generating 4 images with prompt:with a wheat field in the background.
07/09/2024 07:42:54 - INFO - root - Image have been saved in /shenzihe/WD-Disk/output/mit_mascot_bsz_2_loss_0.001_1_0/checkpoint-60/images/with_a_wheat_field_in_the_background/
07/09/2024 07:43:07 - INFO - root - Image have been saved in /shenzihe/WD-Disk/output/mit_mascot_bsz_2_loss_0.001_1_0/checkpoint-60/images/with_a_wheat_field_in_the_background/
07/09/2024 07:43:20 - INFO - root - Image have been saved in /shenzihe/WD-Disk/output/mit_mascot_bsz_2_loss_0.001_1_0/checkpoint-60/images/with_a_wheat_field_in_the_background/
07/09/2024 07:43:33 - INFO - root - Image have been saved in /shenzihe/WD-Disk/output/mit_mascot_bsz_2_loss_0.001_1_0/checkpoint-60/images/with_a_wheat_field_in_the_background/
07/09/2024 07:43:33 - INFO - __main__ - Running validation... 
 Generating 4 images with prompt:with a tree and autumn leaves in the background.
07/09/2024 07:43:46 - INFO - root - Image have been saved in /shenzihe/WD-Disk/output/mit_mascot_bsz_2_loss_0.001_1_0/checkpoint-60/images/with_a_tree_and_autumn_leaves_in_the_background/
07/09/2024 07:44:00 - INFO - root - Image have been saved in /shenzihe/WD-Disk/output/mit_mascot_bsz_2_loss_0.001_1_0/checkpoint-60/images/with_a_tree_and_autumn_leaves_in_the_background/
07/09/2024 07:44:13 - INFO - root - Image have been saved in /shenzihe/WD-Disk/output/mit_mascot_bsz_2_loss_0.001_1_0/checkpoint-60/images/with_a_tree_and_autumn_leaves_in_the_background/
07/09/2024 07:44:26 - INFO - root - Image have been saved in /shenzihe/WD-Disk/output/mit_mascot_bsz_2_loss_0.001_1_0/checkpoint-60/images/with_a_tree_and_autumn_leaves_in_the_background/
07/09/2024 07:44:26 - INFO - __main__ - Running validation... 
 Generating 4 images with prompt:with the Eiffel Tower in the background.
07/09/2024 07:44:39 - INFO - root - Image have been saved in /shenzihe/WD-Disk/output/mit_mascot_bsz_2_loss_0.001_1_0/checkpoint-60/images/with_the_Eiffel_Tower_in_the_background/
07/09/2024 07:44:53 - INFO - root - Image have been saved in /shenzihe/WD-Disk/output/mit_mascot_bsz_2_loss_0.001_1_0/checkpoint-60/images/with_the_Eiffel_Tower_in_the_background/
07/09/2024 07:45:06 - INFO - root - Image have been saved in /shenzihe/WD-Disk/output/mit_mascot_bsz_2_loss_0.001_1_0/checkpoint-60/images/with_the_Eiffel_Tower_in_the_background/
07/09/2024 07:45:19 - INFO - root - Image have been saved in /shenzihe/WD-Disk/output/mit_mascot_bsz_2_loss_0.001_1_0/checkpoint-60/images/with_the_Eiffel_Tower_in_the_background/
07/09/2024 07:45:19 - INFO - __main__ - Running validation... 
 Generating 4 images with prompt:floating on top of water.
07/09/2024 07:45:32 - INFO - root - Image have been saved in /shenzihe/WD-Disk/output/mit_mascot_bsz_2_loss_0.001_1_0/checkpoint-60/images/floating_on_top_of_water/
07/09/2024 07:45:46 - INFO - root - Image have been saved in /shenzihe/WD-Disk/output/mit_mascot_bsz_2_loss_0.001_1_0/checkpoint-60/images/floating_on_top_of_water/
07/09/2024 07:45:59 - INFO - root - Image have been saved in /shenzihe/WD-Disk/output/mit_mascot_bsz_2_loss_0.001_1_0/checkpoint-60/images/floating_on_top_of_water/
07/09/2024 07:46:12 - INFO - root - Image have been saved in /shenzihe/WD-Disk/output/mit_mascot_bsz_2_loss_0.001_1_0/checkpoint-60/images/floating_on_top_of_water/
07/09/2024 07:46:12 - INFO - __main__ - Running validation... 
 Generating 4 images with prompt:floating in an ocean of milk.
07/09/2024 07:46:25 - INFO - root - Image have been saved in /shenzihe/WD-Disk/output/mit_mascot_bsz_2_loss_0.001_1_0/checkpoint-60/images/floating_in_an_ocean_of_milk/
07/09/2024 07:46:38 - INFO - root - Image have been saved in /shenzihe/WD-Disk/output/mit_mascot_bsz_2_loss_0.001_1_0/checkpoint-60/images/floating_in_an_ocean_of_milk/
07/09/2024 07:46:52 - INFO - root - Image have been saved in /shenzihe/WD-Disk/output/mit_mascot_bsz_2_loss_0.001_1_0/checkpoint-60/images/floating_in_an_ocean_of_milk/
07/09/2024 07:47:05 - INFO - root - Image have been saved in /shenzihe/WD-Disk/output/mit_mascot_bsz_2_loss_0.001_1_0/checkpoint-60/images/floating_in_an_ocean_of_milk/
07/09/2024 07:47:05 - INFO - __main__ - Running validation... 
 Generating 4 images with prompt:on top of green grass with sunflowers around it.
07/09/2024 07:47:18 - INFO - root - Image have been saved in /shenzihe/WD-Disk/output/mit_mascot_bsz_2_loss_0.001_1_0/checkpoint-60/images/on_top_of_green_grass_with_sunflowers_around_it/
07/09/2024 07:47:31 - INFO - root - Image have been saved in /shenzihe/WD-Disk/output/mit_mascot_bsz_2_loss_0.001_1_0/checkpoint-60/images/on_top_of_green_grass_with_sunflowers_around_it/
07/09/2024 07:47:45 - INFO - root - Image have been saved in /shenzihe/WD-Disk/output/mit_mascot_bsz_2_loss_0.001_1_0/checkpoint-60/images/on_top_of_green_grass_with_sunflowers_around_it/
07/09/2024 07:47:58 - INFO - root - Image have been saved in /shenzihe/WD-Disk/output/mit_mascot_bsz_2_loss_0.001_1_0/checkpoint-60/images/on_top_of_green_grass_with_sunflowers_around_it/
07/09/2024 07:47:58 - INFO - __main__ - Running validation... 
 Generating 4 images with prompt:on top of a mirror.
07/09/2024 07:48:11 - INFO - root - Image have been saved in /shenzihe/WD-Disk/output/mit_mascot_bsz_2_loss_0.001_1_0/checkpoint-60/images/on_top_of_a_mirror/
07/09/2024 07:48:24 - INFO - root - Image have been saved in /shenzihe/WD-Disk/output/mit_mascot_bsz_2_loss_0.001_1_0/checkpoint-60/images/on_top_of_a_mirror/
07/09/2024 07:48:38 - INFO - root - Image have been saved in /shenzihe/WD-Disk/output/mit_mascot_bsz_2_loss_0.001_1_0/checkpoint-60/images/on_top_of_a_mirror/
07/09/2024 07:48:51 - INFO - root - Image have been saved in /shenzihe/WD-Disk/output/mit_mascot_bsz_2_loss_0.001_1_0/checkpoint-60/images/on_top_of_a_mirror/
07/09/2024 07:48:51 - INFO - __main__ - Running validation... 
 Generating 4 images with prompt:on top of the sidewalk in a crowded street.
07/09/2024 07:49:04 - INFO - root - Image have been saved in /shenzihe/WD-Disk/output/mit_mascot_bsz_2_loss_0.001_1_0/checkpoint-60/images/on_top_of_the_sidewalk_in_a_crowded_street/
07/09/2024 07:49:17 - INFO - root - Image have been saved in /shenzihe/WD-Disk/output/mit_mascot_bsz_2_loss_0.001_1_0/checkpoint-60/images/on_top_of_the_sidewalk_in_a_crowded_street/
07/09/2024 07:49:30 - INFO - root - Image have been saved in /shenzihe/WD-Disk/output/mit_mascot_bsz_2_loss_0.001_1_0/checkpoint-60/images/on_top_of_the_sidewalk_in_a_crowded_street/
07/09/2024 07:49:44 - INFO - root - Image have been saved in /shenzihe/WD-Disk/output/mit_mascot_bsz_2_loss_0.001_1_0/checkpoint-60/images/on_top_of_the_sidewalk_in_a_crowded_street/
07/09/2024 07:49:44 - INFO - __main__ - Running validation... 
 Generating 4 images with prompt:on top of a dirt road.
07/09/2024 07:49:57 - INFO - root - Image have been saved in /shenzihe/WD-Disk/output/mit_mascot_bsz_2_loss_0.001_1_0/checkpoint-60/images/on_top_of_a_dirt_road/
07/09/2024 07:50:10 - INFO - root - Image have been saved in /shenzihe/WD-Disk/output/mit_mascot_bsz_2_loss_0.001_1_0/checkpoint-60/images/on_top_of_a_dirt_road/
07/09/2024 07:50:24 - INFO - root - Image have been saved in /shenzihe/WD-Disk/output/mit_mascot_bsz_2_loss_0.001_1_0/checkpoint-60/images/on_top_of_a_dirt_road/
07/09/2024 07:50:37 - INFO - root - Image have been saved in /shenzihe/WD-Disk/output/mit_mascot_bsz_2_loss_0.001_1_0/checkpoint-60/images/on_top_of_a_dirt_road/
07/09/2024 07:50:37 - INFO - __main__ - Running validation... 
 Generating 4 images with prompt:on top of a white rug.
07/09/2024 07:50:50 - INFO - root - Image have been saved in /shenzihe/WD-Disk/output/mit_mascot_bsz_2_loss_0.001_1_0/checkpoint-60/images/on_top_of_a_white_rug/
07/09/2024 07:51:03 - INFO - root - Image have been saved in /shenzihe/WD-Disk/output/mit_mascot_bsz_2_loss_0.001_1_0/checkpoint-60/images/on_top_of_a_white_rug/
07/09/2024 07:51:16 - INFO - root - Image have been saved in /shenzihe/WD-Disk/output/mit_mascot_bsz_2_loss_0.001_1_0/checkpoint-60/images/on_top_of_a_white_rug/
07/09/2024 07:51:30 - INFO - root - Image have been saved in /shenzihe/WD-Disk/output/mit_mascot_bsz_2_loss_0.001_1_0/checkpoint-60/images/on_top_of_a_white_rug/
07/09/2024 07:51:30 - INFO - __main__ - Running validation... 
 Generating 4 images with prompt:red.
07/09/2024 07:51:43 - INFO - root - Image have been saved in /shenzihe/WD-Disk/output/mit_mascot_bsz_2_loss_0.001_1_0/checkpoint-60/images/red/
07/09/2024 07:51:56 - INFO - root - Image have been saved in /shenzihe/WD-Disk/output/mit_mascot_bsz_2_loss_0.001_1_0/checkpoint-60/images/red/
07/09/2024 07:52:10 - INFO - root - Image have been saved in /shenzihe/WD-Disk/output/mit_mascot_bsz_2_loss_0.001_1_0/checkpoint-60/images/red/
07/09/2024 07:52:23 - INFO - root - Image have been saved in /shenzihe/WD-Disk/output/mit_mascot_bsz_2_loss_0.001_1_0/checkpoint-60/images/red/
07/09/2024 07:52:23 - INFO - __main__ - Running validation... 
 Generating 4 images with prompt:purple.
07/09/2024 07:52:36 - INFO - root - Image have been saved in /shenzihe/WD-Disk/output/mit_mascot_bsz_2_loss_0.001_1_0/checkpoint-60/images/purple/
07/09/2024 07:52:49 - INFO - root - Image have been saved in /shenzihe/WD-Disk/output/mit_mascot_bsz_2_loss_0.001_1_0/checkpoint-60/images/purple/
07/09/2024 07:53:03 - INFO - root - Image have been saved in /shenzihe/WD-Disk/output/mit_mascot_bsz_2_loss_0.001_1_0/checkpoint-60/images/purple/
07/09/2024 07:53:16 - INFO - root - Image have been saved in /shenzihe/WD-Disk/output/mit_mascot_bsz_2_loss_0.001_1_0/checkpoint-60/images/purple/
07/09/2024 07:53:16 - INFO - __main__ - Running validation... 
 Generating 4 images with prompt:shiny.
07/09/2024 07:53:29 - INFO - root - Image have been saved in /shenzihe/WD-Disk/output/mit_mascot_bsz_2_loss_0.001_1_0/checkpoint-60/images/shiny/
07/09/2024 07:53:42 - INFO - root - Image have been saved in /shenzihe/WD-Disk/output/mit_mascot_bsz_2_loss_0.001_1_0/checkpoint-60/images/shiny/
07/09/2024 07:53:56 - INFO - root - Image have been saved in /shenzihe/WD-Disk/output/mit_mascot_bsz_2_loss_0.001_1_0/checkpoint-60/images/shiny/
07/09/2024 07:54:09 - INFO - root - Image have been saved in /shenzihe/WD-Disk/output/mit_mascot_bsz_2_loss_0.001_1_0/checkpoint-60/images/shiny/
07/09/2024 07:54:09 - INFO - __main__ - Running validation... 
 Generating 4 images with prompt:wet.
07/09/2024 07:54:22 - INFO - root - Image have been saved in /shenzihe/WD-Disk/output/mit_mascot_bsz_2_loss_0.001_1_0/checkpoint-60/images/wet/
07/09/2024 07:54:36 - INFO - root - Image have been saved in /shenzihe/WD-Disk/output/mit_mascot_bsz_2_loss_0.001_1_0/checkpoint-60/images/wet/
07/09/2024 07:54:49 - INFO - root - Image have been saved in /shenzihe/WD-Disk/output/mit_mascot_bsz_2_loss_0.001_1_0/checkpoint-60/images/wet/
07/09/2024 07:55:02 - INFO - root - Image have been saved in /shenzihe/WD-Disk/output/mit_mascot_bsz_2_loss_0.001_1_0/checkpoint-60/images/wet/
07/09/2024 07:55:02 - INFO - __main__ - Running validation... 
 Generating 4 images with prompt:cube shaped.
07/09/2024 07:55:15 - INFO - root - Image have been saved in /shenzihe/WD-Disk/output/mit_mascot_bsz_2_loss_0.001_1_0/checkpoint-60/images/cube_shaped/
07/09/2024 07:55:29 - INFO - root - Image have been saved in /shenzihe/WD-Disk/output/mit_mascot_bsz_2_loss_0.001_1_0/checkpoint-60/images/cube_shaped/
07/09/2024 07:55:42 - INFO - root - Image have been saved in /shenzihe/WD-Disk/output/mit_mascot_bsz_2_loss_0.001_1_0/checkpoint-60/images/cube_shaped/
07/09/2024 07:55:55 - INFO - root - Image have been saved in /shenzihe/WD-Disk/output/mit_mascot_bsz_2_loss_0.001_1_0/checkpoint-60/images/cube_shaped/
