07/01/2024 15:12:25 - INFO - __main__ - Distributed environment: NO
Num processes: 1
Process index: 0
Local process index: 0
Device: cuda

Mixed precision type: no

07/01/2024 15:12:25 - WARNING - py.warnings - /shenzihe/venv/lib/python3.10/site-packages/huggingface_hub/file_download.py:1132: FutureWarning: `resume_download` is deprecated and will be removed in version 1.0.0. Downloads always resume when possible. If you want to force a new download, use `force_download=True`.
  warnings.warn(

07/01/2024 15:12:27 - INFO - root - freeze vision encoder
07/01/2024 15:12:30 - INFO - root - Loaded ViT-H-14 model config.
07/01/2024 15:12:35 - INFO - root - Loading pretrained ViT-H-14 weights (laion2b_s32b_b79k).
07/01/2024 15:12:40 - WARNING - py.warnings - /shenzihe/venv/lib/python3.10/site-packages/diffusers/configuration_utils.py:215: FutureWarning: It is deprecated to pass a pretrained model name or path to `from_config`.If you were trying to load a scheduler, please use <class 'diffusers.schedulers.scheduling_ddpm.DDPMScheduler'>.from_pretrained(...) instead. Otherwise, please make sure to pass a configuration dictionary instead. This functionality will be removed in v1.0.0.
  deprecate("config-passed-as-path", "1.0.0", deprecation_message, standard_warn=False)

07/01/2024 15:12:40 - INFO - root - Loading pretrained model from /root/.cache/torch/hub/checkpoints/blip-diffusion
07/01/2024 15:12:40 - INFO - root - Loading pretrained BLIP2 Qformer weights.
07/01/2024 15:12:41 - INFO - root - Loading pretrained projection lyer weights.
07/01/2024 15:12:41 - INFO - root - Loading pretrained text encoder weights.
07/01/2024 15:12:42 - INFO - root - Loading pretrained vae weights.
07/01/2024 15:12:42 - INFO - root - Loading pretrained unet weights.
07/01/2024 15:12:47 - INFO - root - Using xformers.
07/01/2024 15:12:47 - INFO - root - Building datasets...
07/01/2024 15:12:47 - INFO - __main__ - 
***** Running training *****
07/01/2024 15:12:47 - INFO - __main__ -   Num examples = 48000
07/01/2024 15:12:47 - INFO - __main__ -   Num batches each epoch = 24000
07/01/2024 15:12:47 - INFO - __main__ -   Num Epochs = 1
07/01/2024 15:12:47 - INFO - __main__ -   Instantaneous batch size per device = 2
07/01/2024 15:12:47 - INFO - __main__ -   Total train batch size (w. parallel, distributed & accumulation) = 2
07/01/2024 15:12:47 - INFO - __main__ -   Gradient Accumulation steps = 1
07/01/2024 15:12:47 - INFO - __main__ -   Total optimization steps = 3000
07/01/2024 15:12:48 - WARNING - py.warnings - /shenzihe/venv/lib/python3.10/site-packages/torch/backends/cuda/__init__.py:342: FutureWarning: torch.backends.cuda.sdp_kernel() is deprecated. In the future, this context manager will be removed. Please see, torch.nn.attention.sdpa_kernel() for the new context manager, with updated signature.
  warnings.warn(

