10/07/2024 03:44:23 - INFO - __main__ - Distributed environment: NO
Num processes: 1
Process index: 0
Local process index: 0
Device: cuda

Mixed precision type: no

10/07/2024 03:44:23 - WARNING - py.warnings - /shenzihe/venv/lib/python3.10/site-packages/huggingface_hub/file_download.py:1132: FutureWarning: `resume_download` is deprecated and will be removed in version 1.0.0. Downloads always resume when possible. If you want to force a new download, use `force_download=True`.
  warnings.warn(

10/07/2024 03:44:30 - INFO - root - freeze vision encoder
10/07/2024 03:44:34 - INFO - root - Loaded ViT-H-14 model config.
10/07/2024 03:44:39 - INFO - root - Loading pretrained ViT-H-14 weights (laion2b_s32b_b79k).
10/07/2024 03:44:44 - WARNING - py.warnings - /shenzihe/venv/lib/python3.10/site-packages/diffusers/configuration_utils.py:215: FutureWarning: It is deprecated to pass a pretrained model name or path to `from_config`.If you were trying to load a scheduler, please use <class 'diffusers.schedulers.scheduling_ddpm.DDPMScheduler'>.from_pretrained(...) instead. Otherwise, please make sure to pass a configuration dictionary instead. This functionality will be removed in v1.0.0.
  deprecate("config-passed-as-path", "1.0.0", deprecation_message, standard_warn=False)

10/07/2024 03:44:45 - INFO - root - Loading pretrained model from /root/.cache/torch/hub/checkpoints/blip-diffusion
10/07/2024 03:44:45 - INFO - root - Loading pretrained BLIP2 Qformer weights.
10/07/2024 03:44:47 - INFO - root - Loading pretrained projection lyer weights.
10/07/2024 03:44:47 - INFO - root - Loading pretrained text encoder weights.
10/07/2024 03:44:47 - INFO - root - Loading pretrained vae weights.
10/07/2024 03:44:48 - INFO - root - Loading pretrained unet weights.
10/07/2024 03:44:55 - INFO - root - Using xformers.
10/07/2024 03:44:55 - INFO - root - Building datasets...
10/07/2024 03:44:56 - INFO - __main__ - 
***** Running training *****
10/07/2024 03:44:56 - INFO - __main__ -   Num examples = 4
10/07/2024 03:44:56 - INFO - __main__ -   Num batches each epoch = 2
10/07/2024 03:44:56 - INFO - __main__ -   Num Epochs = 80
10/07/2024 03:44:56 - INFO - __main__ -   Instantaneous batch size per device = 2
10/07/2024 03:44:56 - INFO - __main__ -   Total train batch size (w. parallel, distributed & accumulation) = 2
10/07/2024 03:44:56 - INFO - __main__ -   Gradient Accumulation steps = 1
10/07/2024 03:44:56 - INFO - __main__ -   Total optimization steps = 160
10/07/2024 03:44:58 - WARNING - py.warnings - /shenzihe/venv/lib/python3.10/site-packages/torch/backends/cuda/__init__.py:342: FutureWarning: torch.backends.cuda.sdp_kernel() is deprecated. In the future, this context manager will be removed. Please see, torch.nn.attention.sdpa_kernel() for the new context manager, with updated signature.
  warnings.warn(

10/07/2024 03:45:00 - INFO - root - {'loss': 0.3293098509311676, 'lr': 0.0001}
