10/17/2024 03:20:38 - INFO - __main__ - Distributed environment: NO
Num processes: 1
Process index: 0
Local process index: 0
Device: cuda

Mixed precision type: no

10/17/2024 03:20:38 - WARNING - py.warnings - /shenzihe/venv/lib/python3.10/site-packages/huggingface_hub/file_download.py:1132: FutureWarning: `resume_download` is deprecated and will be removed in version 1.0.0. Downloads always resume when possible. If you want to force a new download, use `force_download=True`.
  warnings.warn(

10/17/2024 03:20:41 - INFO - root - freeze vision encoder
10/17/2024 03:20:45 - INFO - root - Loaded ViT-H-14 model config.
10/17/2024 03:20:50 - INFO - root - Loading pretrained ViT-H-14 weights (laion2b_s32b_b79k).
10/17/2024 03:20:55 - WARNING - py.warnings - /shenzihe/venv/lib/python3.10/site-packages/diffusers/configuration_utils.py:215: FutureWarning: It is deprecated to pass a pretrained model name or path to `from_config`.If you were trying to load a scheduler, please use <class 'diffusers.schedulers.scheduling_ddpm.DDPMScheduler'>.from_pretrained(...) instead. Otherwise, please make sure to pass a configuration dictionary instead. This functionality will be removed in v1.0.0.
  deprecate("config-passed-as-path", "1.0.0", deprecation_message, standard_warn=False)

10/17/2024 03:20:56 - INFO - root - Loading pretrained model from /root/.cache/torch/hub/checkpoints/blip-diffusion
10/17/2024 03:20:56 - INFO - root - Loading pretrained BLIP2 Qformer weights.
10/17/2024 03:20:58 - INFO - root - Loading pretrained projection lyer weights.
10/17/2024 03:20:58 - INFO - root - Loading pretrained text encoder weights.
10/17/2024 03:20:58 - INFO - root - Loading pretrained vae weights.
10/17/2024 03:20:59 - INFO - root - Loading pretrained unet weights.
10/17/2024 03:21:07 - INFO - root - Using xformers.
10/17/2024 03:21:07 - INFO - root - Building datasets...
10/17/2024 03:21:18 - INFO - root - freeze vision encoder
10/17/2024 03:21:47 - INFO - root - load checkpoint from https://storage.googleapis.com/sfr-vision-language-research/LAVIS/models/BLIP2/blip2_pretrained_flant5xl.pth
10/17/2024 03:21:48 - INFO - __main__ - 
***** Running training *****
10/17/2024 03:21:48 - INFO - __main__ -   Num examples = 5
10/17/2024 03:21:48 - INFO - __main__ -   Num batches each epoch = 3
10/17/2024 03:21:48 - INFO - __main__ -   Num Epochs = 54
10/17/2024 03:21:48 - INFO - __main__ -   Instantaneous batch size per device = 2
10/17/2024 03:21:48 - INFO - __main__ -   Total train batch size (w. parallel, distributed & accumulation) = 2
10/17/2024 03:21:48 - INFO - __main__ -   Gradient Accumulation steps = 1
10/17/2024 03:21:48 - INFO - __main__ -   Total optimization steps = 160
10/17/2024 03:21:50 - WARNING - py.warnings - /shenzihe/venv/lib/python3.10/site-packages/transformers/generation/configuration_utils.py:367: UserWarning: `do_sample` is set to `False`. However, `top_p` is set to `0.9` -- this flag is only used in sample-based generation modes. You should set `do_sample=True` or unset `top_p`.
  warnings.warn(

10/17/2024 03:21:55 - WARNING - py.warnings - /shenzihe/venv/lib/python3.10/site-packages/torch/backends/cuda/__init__.py:342: FutureWarning: torch.backends.cuda.sdp_kernel() is deprecated. In the future, this context manager will be removed. Please see, torch.nn.attention.sdpa_kernel() for the new context manager, with updated signature.
  warnings.warn(

