10/28/2024 12:04:32 - INFO - __main__ - Distributed environment: NO
Num processes: 1
Process index: 0
Local process index: 0
Device: cuda

Mixed precision type: no

10/28/2024 12:04:34 - INFO - root - freeze vision encoder
10/28/2024 12:04:44 - INFO - root - Loading pretrained model from /root/.cache/torch/hub/checkpoints/blip-diffusion
10/28/2024 12:04:44 - INFO - root - Loading pretrained BLIP2 Qformer weights.
10/28/2024 12:04:46 - INFO - root - Loading pretrained projection lyer weights.
10/28/2024 12:04:46 - INFO - root - Loading pretrained text encoder weights.
10/28/2024 12:04:47 - INFO - root - Loading pretrained vae weights.
10/28/2024 12:04:48 - INFO - root - Loading pretrained unet weights.
10/28/2024 12:04:56 - INFO - root - Using xformers.
10/28/2024 12:04:56 - INFO - root - Building datasets...
10/28/2024 12:05:06 - INFO - root - freeze vision encoder
10/28/2024 12:05:35 - INFO - root - load checkpoint from https://storage.googleapis.com/sfr-vision-language-research/LAVIS/models/BLIP2/blip2_pretrained_flant5xl.pth
10/28/2024 12:05:36 - INFO - __main__ - 
***** Running training *****
10/28/2024 12:05:36 - INFO - __main__ -   Num examples = 5
10/28/2024 12:05:36 - INFO - __main__ -   Num batches each epoch = 3
10/28/2024 12:05:36 - INFO - __main__ -   Num Epochs = 54
10/28/2024 12:05:36 - INFO - __main__ -   Instantaneous batch size per device = 2
10/28/2024 12:05:36 - INFO - __main__ -   Total train batch size (w. parallel, distributed & accumulation) = 2
10/28/2024 12:05:36 - INFO - __main__ -   Gradient Accumulation steps = 1
10/28/2024 12:05:36 - INFO - __main__ -   Total optimization steps = 160
