11/17/2024 16:59:06 - INFO - __main__ - Distributed environment: NO
Num processes: 1
Process index: 0
Local process index: 0
Device: cuda

Mixed precision type: no

11/17/2024 16:59:11 - INFO - root - freeze vision encoder
11/17/2024 16:59:22 - INFO - root - Loading pretrained model from /root/.cache/torch/hub/checkpoints/blip-diffusion
11/17/2024 16:59:22 - INFO - root - Loading pretrained BLIP2 Qformer weights.
11/17/2024 16:59:24 - INFO - root - Loading pretrained projection lyer weights.
11/17/2024 16:59:24 - INFO - root - Loading pretrained text encoder weights.
11/17/2024 16:59:25 - INFO - root - Loading pretrained vae weights.
11/17/2024 16:59:26 - INFO - root - Loading pretrained unet weights.
11/17/2024 16:59:33 - INFO - root - Using xformers.
11/17/2024 16:59:33 - INFO - root - Building datasets...
11/17/2024 16:59:44 - INFO - root - freeze vision encoder
11/17/2024 17:00:16 - INFO - root - load checkpoint from https://storage.googleapis.com/sfr-vision-language-research/LAVIS/models/BLIP2/blip2_pretrained_flant5xl.pth
11/17/2024 17:00:18 - INFO - __main__ - 
***** Running training *****
11/17/2024 17:00:18 - INFO - __main__ -   Num examples = 5
11/17/2024 17:00:18 - INFO - __main__ -   Num batches each epoch = 2
11/17/2024 17:00:18 - INFO - __main__ -   Num Epochs = 50
11/17/2024 17:00:18 - INFO - __main__ -   Instantaneous batch size per device = 3
11/17/2024 17:00:18 - INFO - __main__ -   Total train batch size (w. parallel, distributed & accumulation) = 3
11/17/2024 17:00:18 - INFO - __main__ -   Gradient Accumulation steps = 1
11/17/2024 17:00:18 - INFO - __main__ -   Total optimization steps = 100
11/17/2024 17:06:19 - INFO - __main__ - Running validation... 
 Generating 4 images with prompt:in the jungle.
11/17/2024 17:06:34 - INFO - root - Image have been saved in /shenzihe/WD-Disk/output/exp3/bear_plushie/checkpoint-100/images/in_the_jungle/
11/17/2024 17:06:48 - INFO - root - Image have been saved in /shenzihe/WD-Disk/output/exp3/bear_plushie/checkpoint-100/images/in_the_jungle/
11/17/2024 17:07:01 - INFO - root - Image have been saved in /shenzihe/WD-Disk/output/exp3/bear_plushie/checkpoint-100/images/in_the_jungle/
11/17/2024 17:07:15 - INFO - root - Image have been saved in /shenzihe/WD-Disk/output/exp3/bear_plushie/checkpoint-100/images/in_the_jungle/
11/17/2024 17:07:15 - INFO - __main__ - Running validation... 
 Generating 4 images with prompt:in the snow.
11/17/2024 17:07:29 - INFO - root - Image have been saved in /shenzihe/WD-Disk/output/exp3/bear_plushie/checkpoint-100/images/in_the_snow/
11/17/2024 17:07:43 - INFO - root - Image have been saved in /shenzihe/WD-Disk/output/exp3/bear_plushie/checkpoint-100/images/in_the_snow/
11/17/2024 17:07:57 - INFO - root - Image have been saved in /shenzihe/WD-Disk/output/exp3/bear_plushie/checkpoint-100/images/in_the_snow/
11/17/2024 17:08:10 - INFO - root - Image have been saved in /shenzihe/WD-Disk/output/exp3/bear_plushie/checkpoint-100/images/in_the_snow/
11/17/2024 17:08:10 - INFO - __main__ - Running validation... 
 Generating 4 images with prompt:on the beach.
11/17/2024 17:08:24 - INFO - root - Image have been saved in /shenzihe/WD-Disk/output/exp3/bear_plushie/checkpoint-100/images/on_the_beach/
11/17/2024 17:08:37 - INFO - root - Image have been saved in /shenzihe/WD-Disk/output/exp3/bear_plushie/checkpoint-100/images/on_the_beach/
11/17/2024 17:08:51 - INFO - root - Image have been saved in /shenzihe/WD-Disk/output/exp3/bear_plushie/checkpoint-100/images/on_the_beach/
11/17/2024 17:09:05 - INFO - root - Image have been saved in /shenzihe/WD-Disk/output/exp3/bear_plushie/checkpoint-100/images/on_the_beach/
11/17/2024 17:09:05 - INFO - __main__ - Running validation... 
 Generating 4 images with prompt:on a cobblestone street.
11/17/2024 17:09:18 - INFO - root - Image have been saved in /shenzihe/WD-Disk/output/exp3/bear_plushie/checkpoint-100/images/on_a_cobblestone_street/
11/17/2024 17:09:32 - INFO - root - Image have been saved in /shenzihe/WD-Disk/output/exp3/bear_plushie/checkpoint-100/images/on_a_cobblestone_street/
11/17/2024 17:09:45 - INFO - root - Image have been saved in /shenzihe/WD-Disk/output/exp3/bear_plushie/checkpoint-100/images/on_a_cobblestone_street/
11/17/2024 17:09:59 - INFO - root - Image have been saved in /shenzihe/WD-Disk/output/exp3/bear_plushie/checkpoint-100/images/on_a_cobblestone_street/
11/17/2024 17:09:59 - INFO - __main__ - Running validation... 
 Generating 4 images with prompt:on top of pink fabric.
11/17/2024 17:10:13 - INFO - root - Image have been saved in /shenzihe/WD-Disk/output/exp3/bear_plushie/checkpoint-100/images/on_top_of_pink_fabric/
11/17/2024 17:10:26 - INFO - root - Image have been saved in /shenzihe/WD-Disk/output/exp3/bear_plushie/checkpoint-100/images/on_top_of_pink_fabric/
11/17/2024 17:10:40 - INFO - root - Image have been saved in /shenzihe/WD-Disk/output/exp3/bear_plushie/checkpoint-100/images/on_top_of_pink_fabric/
11/17/2024 17:10:53 - INFO - root - Image have been saved in /shenzihe/WD-Disk/output/exp3/bear_plushie/checkpoint-100/images/on_top_of_pink_fabric/
11/17/2024 17:10:53 - INFO - __main__ - Running validation... 
 Generating 4 images with prompt:on top of a wooden floor.
11/17/2024 17:11:07 - INFO - root - Image have been saved in /shenzihe/WD-Disk/output/exp3/bear_plushie/checkpoint-100/images/on_top_of_a_wooden_floor/
11/17/2024 17:11:20 - INFO - root - Image have been saved in /shenzihe/WD-Disk/output/exp3/bear_plushie/checkpoint-100/images/on_top_of_a_wooden_floor/
11/17/2024 17:11:34 - INFO - root - Image have been saved in /shenzihe/WD-Disk/output/exp3/bear_plushie/checkpoint-100/images/on_top_of_a_wooden_floor/
11/17/2024 17:11:48 - INFO - root - Image have been saved in /shenzihe/WD-Disk/output/exp3/bear_plushie/checkpoint-100/images/on_top_of_a_wooden_floor/
11/17/2024 17:11:48 - INFO - __main__ - Running validation... 
 Generating 4 images with prompt:with a city in the background.
11/17/2024 17:12:01 - INFO - root - Image have been saved in /shenzihe/WD-Disk/output/exp3/bear_plushie/checkpoint-100/images/with_a_city_in_the_background/
11/17/2024 17:12:15 - INFO - root - Image have been saved in /shenzihe/WD-Disk/output/exp3/bear_plushie/checkpoint-100/images/with_a_city_in_the_background/
11/17/2024 17:12:28 - INFO - root - Image have been saved in /shenzihe/WD-Disk/output/exp3/bear_plushie/checkpoint-100/images/with_a_city_in_the_background/
11/17/2024 17:12:42 - INFO - root - Image have been saved in /shenzihe/WD-Disk/output/exp3/bear_plushie/checkpoint-100/images/with_a_city_in_the_background/
11/17/2024 17:12:42 - INFO - __main__ - Running validation... 
 Generating 4 images with prompt:with a mountain in the background.
11/17/2024 17:12:55 - INFO - root - Image have been saved in /shenzihe/WD-Disk/output/exp3/bear_plushie/checkpoint-100/images/with_a_mountain_in_the_background/
11/17/2024 17:13:09 - INFO - root - Image have been saved in /shenzihe/WD-Disk/output/exp3/bear_plushie/checkpoint-100/images/with_a_mountain_in_the_background/
11/17/2024 17:13:23 - INFO - root - Image have been saved in /shenzihe/WD-Disk/output/exp3/bear_plushie/checkpoint-100/images/with_a_mountain_in_the_background/
11/17/2024 17:13:36 - INFO - root - Image have been saved in /shenzihe/WD-Disk/output/exp3/bear_plushie/checkpoint-100/images/with_a_mountain_in_the_background/
11/17/2024 17:13:36 - INFO - __main__ - Running validation... 
 Generating 4 images with prompt:with a blue house in the background.
11/17/2024 17:13:50 - INFO - root - Image have been saved in /shenzihe/WD-Disk/output/exp3/bear_plushie/checkpoint-100/images/with_a_blue_house_in_the_background/
11/17/2024 17:14:03 - INFO - root - Image have been saved in /shenzihe/WD-Disk/output/exp3/bear_plushie/checkpoint-100/images/with_a_blue_house_in_the_background/
11/17/2024 17:14:17 - INFO - root - Image have been saved in /shenzihe/WD-Disk/output/exp3/bear_plushie/checkpoint-100/images/with_a_blue_house_in_the_background/
11/17/2024 17:14:31 - INFO - root - Image have been saved in /shenzihe/WD-Disk/output/exp3/bear_plushie/checkpoint-100/images/with_a_blue_house_in_the_background/
11/17/2024 17:14:31 - INFO - __main__ - Running validation... 
 Generating 4 images with prompt:on top of a purple rug in a forest.
11/17/2024 17:14:44 - INFO - root - Image have been saved in /shenzihe/WD-Disk/output/exp3/bear_plushie/checkpoint-100/images/on_top_of_a_purple_rug_in_a_forest/
11/17/2024 17:14:58 - INFO - root - Image have been saved in /shenzihe/WD-Disk/output/exp3/bear_plushie/checkpoint-100/images/on_top_of_a_purple_rug_in_a_forest/
11/17/2024 17:15:11 - INFO - root - Image have been saved in /shenzihe/WD-Disk/output/exp3/bear_plushie/checkpoint-100/images/on_top_of_a_purple_rug_in_a_forest/
11/17/2024 17:15:25 - INFO - root - Image have been saved in /shenzihe/WD-Disk/output/exp3/bear_plushie/checkpoint-100/images/on_top_of_a_purple_rug_in_a_forest/
11/17/2024 17:15:25 - INFO - __main__ - Running validation... 
 Generating 4 images with prompt:with a wheat field in the background.
11/17/2024 17:15:38 - INFO - root - Image have been saved in /shenzihe/WD-Disk/output/exp3/bear_plushie/checkpoint-100/images/with_a_wheat_field_in_the_background/
11/17/2024 17:15:52 - INFO - root - Image have been saved in /shenzihe/WD-Disk/output/exp3/bear_plushie/checkpoint-100/images/with_a_wheat_field_in_the_background/
11/17/2024 17:16:05 - INFO - root - Image have been saved in /shenzihe/WD-Disk/output/exp3/bear_plushie/checkpoint-100/images/with_a_wheat_field_in_the_background/
11/17/2024 17:16:19 - INFO - root - Image have been saved in /shenzihe/WD-Disk/output/exp3/bear_plushie/checkpoint-100/images/with_a_wheat_field_in_the_background/
11/17/2024 17:16:19 - INFO - __main__ - Running validation... 
 Generating 4 images with prompt:with a tree and autumn leaves in the background.
11/17/2024 17:16:33 - INFO - root - Image have been saved in /shenzihe/WD-Disk/output/exp3/bear_plushie/checkpoint-100/images/with_a_tree_and_autumn_leaves_in_the_background/
11/17/2024 17:16:46 - INFO - root - Image have been saved in /shenzihe/WD-Disk/output/exp3/bear_plushie/checkpoint-100/images/with_a_tree_and_autumn_leaves_in_the_background/
11/17/2024 17:17:00 - INFO - root - Image have been saved in /shenzihe/WD-Disk/output/exp3/bear_plushie/checkpoint-100/images/with_a_tree_and_autumn_leaves_in_the_background/
11/17/2024 17:17:13 - INFO - root - Image have been saved in /shenzihe/WD-Disk/output/exp3/bear_plushie/checkpoint-100/images/with_a_tree_and_autumn_leaves_in_the_background/
11/17/2024 17:17:13 - INFO - __main__ - Running validation... 
 Generating 4 images with prompt:with the Eiffel Tower in the background.
11/17/2024 17:17:27 - INFO - root - Image have been saved in /shenzihe/WD-Disk/output/exp3/bear_plushie/checkpoint-100/images/with_the_Eiffel_Tower_in_the_background/
11/17/2024 17:17:40 - INFO - root - Image have been saved in /shenzihe/WD-Disk/output/exp3/bear_plushie/checkpoint-100/images/with_the_Eiffel_Tower_in_the_background/
11/17/2024 17:17:54 - INFO - root - Image have been saved in /shenzihe/WD-Disk/output/exp3/bear_plushie/checkpoint-100/images/with_the_Eiffel_Tower_in_the_background/
11/17/2024 17:18:08 - INFO - root - Image have been saved in /shenzihe/WD-Disk/output/exp3/bear_plushie/checkpoint-100/images/with_the_Eiffel_Tower_in_the_background/
11/17/2024 17:18:08 - INFO - __main__ - Running validation... 
 Generating 4 images with prompt:floating on top of water.
11/17/2024 17:18:21 - INFO - root - Image have been saved in /shenzihe/WD-Disk/output/exp3/bear_plushie/checkpoint-100/images/floating_on_top_of_water/
11/17/2024 17:18:35 - INFO - root - Image have been saved in /shenzihe/WD-Disk/output/exp3/bear_plushie/checkpoint-100/images/floating_on_top_of_water/
11/17/2024 17:18:48 - INFO - root - Image have been saved in /shenzihe/WD-Disk/output/exp3/bear_plushie/checkpoint-100/images/floating_on_top_of_water/
11/17/2024 17:19:02 - INFO - root - Image have been saved in /shenzihe/WD-Disk/output/exp3/bear_plushie/checkpoint-100/images/floating_on_top_of_water/
11/17/2024 17:19:02 - INFO - __main__ - Running validation... 
 Generating 4 images with prompt:floating in an ocean of milk.
11/17/2024 17:19:15 - INFO - root - Image have been saved in /shenzihe/WD-Disk/output/exp3/bear_plushie/checkpoint-100/images/floating_in_an_ocean_of_milk/
11/17/2024 17:19:29 - INFO - root - Image have been saved in /shenzihe/WD-Disk/output/exp3/bear_plushie/checkpoint-100/images/floating_in_an_ocean_of_milk/
11/17/2024 17:19:43 - INFO - root - Image have been saved in /shenzihe/WD-Disk/output/exp3/bear_plushie/checkpoint-100/images/floating_in_an_ocean_of_milk/
11/17/2024 17:19:56 - INFO - root - Image have been saved in /shenzihe/WD-Disk/output/exp3/bear_plushie/checkpoint-100/images/floating_in_an_ocean_of_milk/
11/17/2024 17:19:56 - INFO - __main__ - Running validation... 
 Generating 4 images with prompt:on top of green grass with sunflowers around it.
11/17/2024 17:20:10 - INFO - root - Image have been saved in /shenzihe/WD-Disk/output/exp3/bear_plushie/checkpoint-100/images/on_top_of_green_grass_with_sunflowers_around_it/
11/17/2024 17:20:23 - INFO - root - Image have been saved in /shenzihe/WD-Disk/output/exp3/bear_plushie/checkpoint-100/images/on_top_of_green_grass_with_sunflowers_around_it/
11/17/2024 17:20:37 - INFO - root - Image have been saved in /shenzihe/WD-Disk/output/exp3/bear_plushie/checkpoint-100/images/on_top_of_green_grass_with_sunflowers_around_it/
11/17/2024 17:20:50 - INFO - root - Image have been saved in /shenzihe/WD-Disk/output/exp3/bear_plushie/checkpoint-100/images/on_top_of_green_grass_with_sunflowers_around_it/
11/17/2024 17:20:50 - INFO - __main__ - Running validation... 
 Generating 4 images with prompt:on top of a mirror.
11/17/2024 17:21:04 - INFO - root - Image have been saved in /shenzihe/WD-Disk/output/exp3/bear_plushie/checkpoint-100/images/on_top_of_a_mirror/
11/17/2024 17:21:18 - INFO - root - Image have been saved in /shenzihe/WD-Disk/output/exp3/bear_plushie/checkpoint-100/images/on_top_of_a_mirror/
11/17/2024 17:21:31 - INFO - root - Image have been saved in /shenzihe/WD-Disk/output/exp3/bear_plushie/checkpoint-100/images/on_top_of_a_mirror/
11/17/2024 17:21:45 - INFO - root - Image have been saved in /shenzihe/WD-Disk/output/exp3/bear_plushie/checkpoint-100/images/on_top_of_a_mirror/
11/17/2024 17:21:45 - INFO - __main__ - Running validation... 
 Generating 4 images with prompt:on top of the sidewalk in a crowded street.
11/17/2024 17:21:58 - INFO - root - Image have been saved in /shenzihe/WD-Disk/output/exp3/bear_plushie/checkpoint-100/images/on_top_of_the_sidewalk_in_a_crowded_street/
11/17/2024 17:22:12 - INFO - root - Image have been saved in /shenzihe/WD-Disk/output/exp3/bear_plushie/checkpoint-100/images/on_top_of_the_sidewalk_in_a_crowded_street/
11/17/2024 17:22:26 - INFO - root - Image have been saved in /shenzihe/WD-Disk/output/exp3/bear_plushie/checkpoint-100/images/on_top_of_the_sidewalk_in_a_crowded_street/
11/17/2024 17:22:39 - INFO - root - Image have been saved in /shenzihe/WD-Disk/output/exp3/bear_plushie/checkpoint-100/images/on_top_of_the_sidewalk_in_a_crowded_street/
11/17/2024 17:22:39 - INFO - __main__ - Running validation... 
 Generating 4 images with prompt:on top of a dirt road.
11/17/2024 17:22:53 - INFO - root - Image have been saved in /shenzihe/WD-Disk/output/exp3/bear_plushie/checkpoint-100/images/on_top_of_a_dirt_road/
11/17/2024 17:23:06 - INFO - root - Image have been saved in /shenzihe/WD-Disk/output/exp3/bear_plushie/checkpoint-100/images/on_top_of_a_dirt_road/
11/17/2024 17:23:20 - INFO - root - Image have been saved in /shenzihe/WD-Disk/output/exp3/bear_plushie/checkpoint-100/images/on_top_of_a_dirt_road/
11/17/2024 17:23:34 - INFO - root - Image have been saved in /shenzihe/WD-Disk/output/exp3/bear_plushie/checkpoint-100/images/on_top_of_a_dirt_road/
11/17/2024 17:23:34 - INFO - __main__ - Running validation... 
 Generating 4 images with prompt:on top of a white rug.
11/17/2024 17:23:47 - INFO - root - Image have been saved in /shenzihe/WD-Disk/output/exp3/bear_plushie/checkpoint-100/images/on_top_of_a_white_rug/
11/17/2024 17:24:01 - INFO - root - Image have been saved in /shenzihe/WD-Disk/output/exp3/bear_plushie/checkpoint-100/images/on_top_of_a_white_rug/
11/17/2024 17:24:14 - INFO - root - Image have been saved in /shenzihe/WD-Disk/output/exp3/bear_plushie/checkpoint-100/images/on_top_of_a_white_rug/
11/17/2024 17:24:28 - INFO - root - Image have been saved in /shenzihe/WD-Disk/output/exp3/bear_plushie/checkpoint-100/images/on_top_of_a_white_rug/
11/17/2024 17:24:28 - INFO - __main__ - Running validation... 
 Generating 4 images with prompt:red.
11/17/2024 17:24:42 - INFO - root - Image have been saved in /shenzihe/WD-Disk/output/exp3/bear_plushie/checkpoint-100/images/red/
11/17/2024 17:24:55 - INFO - root - Image have been saved in /shenzihe/WD-Disk/output/exp3/bear_plushie/checkpoint-100/images/red/
11/17/2024 17:25:09 - INFO - root - Image have been saved in /shenzihe/WD-Disk/output/exp3/bear_plushie/checkpoint-100/images/red/
11/17/2024 17:25:22 - INFO - root - Image have been saved in /shenzihe/WD-Disk/output/exp3/bear_plushie/checkpoint-100/images/red/
11/17/2024 17:25:22 - INFO - __main__ - Running validation... 
 Generating 4 images with prompt:purple.
11/17/2024 17:25:36 - INFO - root - Image have been saved in /shenzihe/WD-Disk/output/exp3/bear_plushie/checkpoint-100/images/purple/
11/17/2024 17:25:50 - INFO - root - Image have been saved in /shenzihe/WD-Disk/output/exp3/bear_plushie/checkpoint-100/images/purple/
11/17/2024 17:26:03 - INFO - root - Image have been saved in /shenzihe/WD-Disk/output/exp3/bear_plushie/checkpoint-100/images/purple/
11/17/2024 17:26:17 - INFO - root - Image have been saved in /shenzihe/WD-Disk/output/exp3/bear_plushie/checkpoint-100/images/purple/
11/17/2024 17:26:17 - INFO - __main__ - Running validation... 
 Generating 4 images with prompt:shiny.
11/17/2024 17:26:30 - INFO - root - Image have been saved in /shenzihe/WD-Disk/output/exp3/bear_plushie/checkpoint-100/images/shiny/
11/17/2024 17:26:44 - INFO - root - Image have been saved in /shenzihe/WD-Disk/output/exp3/bear_plushie/checkpoint-100/images/shiny/
11/17/2024 17:26:57 - INFO - root - Image have been saved in /shenzihe/WD-Disk/output/exp3/bear_plushie/checkpoint-100/images/shiny/
11/17/2024 17:27:11 - INFO - root - Image have been saved in /shenzihe/WD-Disk/output/exp3/bear_plushie/checkpoint-100/images/shiny/
11/17/2024 17:27:11 - INFO - __main__ - Running validation... 
 Generating 4 images with prompt:wet.
11/17/2024 17:27:25 - INFO - root - Image have been saved in /shenzihe/WD-Disk/output/exp3/bear_plushie/checkpoint-100/images/wet/
11/17/2024 17:27:38 - INFO - root - Image have been saved in /shenzihe/WD-Disk/output/exp3/bear_plushie/checkpoint-100/images/wet/
11/17/2024 17:27:52 - INFO - root - Image have been saved in /shenzihe/WD-Disk/output/exp3/bear_plushie/checkpoint-100/images/wet/
11/17/2024 17:28:05 - INFO - root - Image have been saved in /shenzihe/WD-Disk/output/exp3/bear_plushie/checkpoint-100/images/wet/
11/17/2024 17:28:05 - INFO - __main__ - Running validation... 
 Generating 4 images with prompt:cube shaped.
11/17/2024 17:28:19 - INFO - root - Image have been saved in /shenzihe/WD-Disk/output/exp3/bear_plushie/checkpoint-100/images/cube_shaped/
11/17/2024 17:28:32 - INFO - root - Image have been saved in /shenzihe/WD-Disk/output/exp3/bear_plushie/checkpoint-100/images/cube_shaped/
11/17/2024 17:28:46 - INFO - root - Image have been saved in /shenzihe/WD-Disk/output/exp3/bear_plushie/checkpoint-100/images/cube_shaped/
11/17/2024 17:29:00 - INFO - root - Image have been saved in /shenzihe/WD-Disk/output/exp3/bear_plushie/checkpoint-100/images/cube_shaped/
