11/18/2024 04:46:20 - INFO - __main__ - Distributed environment: NO
Num processes: 1
Process index: 0
Local process index: 0
Device: cuda

Mixed precision type: no

11/18/2024 04:46:22 - INFO - root - freeze vision encoder
11/18/2024 04:46:32 - INFO - root - Loading pretrained model from /root/.cache/torch/hub/checkpoints/blip-diffusion
11/18/2024 04:46:32 - INFO - root - Loading pretrained BLIP2 Qformer weights.
11/18/2024 04:46:34 - INFO - root - Loading pretrained projection lyer weights.
11/18/2024 04:46:34 - INFO - root - Loading pretrained text encoder weights.
11/18/2024 04:46:35 - INFO - root - Loading pretrained vae weights.
11/18/2024 04:46:36 - INFO - root - Loading pretrained unet weights.
11/18/2024 04:46:46 - INFO - root - Using xformers.
11/18/2024 04:46:46 - INFO - root - Building datasets...
11/18/2024 04:46:57 - INFO - root - freeze vision encoder
11/18/2024 04:47:29 - INFO - root - load checkpoint from https://storage.googleapis.com/sfr-vision-language-research/LAVIS/models/BLIP2/blip2_pretrained_flant5xl.pth
11/18/2024 04:47:30 - INFO - __main__ - 
***** Running training *****
11/18/2024 04:47:30 - INFO - __main__ -   Num examples = 6
11/18/2024 04:47:30 - INFO - __main__ -   Num batches each epoch = 2
11/18/2024 04:47:30 - INFO - __main__ -   Num Epochs = 50
11/18/2024 04:47:30 - INFO - __main__ -   Instantaneous batch size per device = 3
11/18/2024 04:47:30 - INFO - __main__ -   Total train batch size (w. parallel, distributed & accumulation) = 3
11/18/2024 04:47:30 - INFO - __main__ -   Gradient Accumulation steps = 1
11/18/2024 04:47:30 - INFO - __main__ -   Total optimization steps = 100
11/18/2024 04:53:30 - INFO - __main__ - Running validation... 
 Generating 4 images with prompt:in the jungle.
11/18/2024 04:53:44 - INFO - root - Image have been saved in /shenzihe/WD-Disk/output/exp3/shiny_sneaker/checkpoint-100/images/in_the_jungle/
11/18/2024 04:53:59 - INFO - root - Image have been saved in /shenzihe/WD-Disk/output/exp3/shiny_sneaker/checkpoint-100/images/in_the_jungle/
11/18/2024 04:54:13 - INFO - root - Image have been saved in /shenzihe/WD-Disk/output/exp3/shiny_sneaker/checkpoint-100/images/in_the_jungle/
11/18/2024 04:54:27 - INFO - root - Image have been saved in /shenzihe/WD-Disk/output/exp3/shiny_sneaker/checkpoint-100/images/in_the_jungle/
11/18/2024 04:54:27 - INFO - __main__ - Running validation... 
 Generating 4 images with prompt:in the snow.
11/18/2024 04:54:41 - INFO - root - Image have been saved in /shenzihe/WD-Disk/output/exp3/shiny_sneaker/checkpoint-100/images/in_the_snow/
11/18/2024 04:54:55 - INFO - root - Image have been saved in /shenzihe/WD-Disk/output/exp3/shiny_sneaker/checkpoint-100/images/in_the_snow/
11/18/2024 04:55:09 - INFO - root - Image have been saved in /shenzihe/WD-Disk/output/exp3/shiny_sneaker/checkpoint-100/images/in_the_snow/
11/18/2024 04:55:23 - INFO - root - Image have been saved in /shenzihe/WD-Disk/output/exp3/shiny_sneaker/checkpoint-100/images/in_the_snow/
11/18/2024 04:55:23 - INFO - __main__ - Running validation... 
 Generating 4 images with prompt:on the beach.
11/18/2024 04:55:37 - INFO - root - Image have been saved in /shenzihe/WD-Disk/output/exp3/shiny_sneaker/checkpoint-100/images/on_the_beach/
11/18/2024 04:55:51 - INFO - root - Image have been saved in /shenzihe/WD-Disk/output/exp3/shiny_sneaker/checkpoint-100/images/on_the_beach/
11/18/2024 04:56:05 - INFO - root - Image have been saved in /shenzihe/WD-Disk/output/exp3/shiny_sneaker/checkpoint-100/images/on_the_beach/
11/18/2024 04:56:19 - INFO - root - Image have been saved in /shenzihe/WD-Disk/output/exp3/shiny_sneaker/checkpoint-100/images/on_the_beach/
11/18/2024 04:56:19 - INFO - __main__ - Running validation... 
 Generating 4 images with prompt:on a cobblestone street.
11/18/2024 04:56:33 - INFO - root - Image have been saved in /shenzihe/WD-Disk/output/exp3/shiny_sneaker/checkpoint-100/images/on_a_cobblestone_street/
11/18/2024 04:56:47 - INFO - root - Image have been saved in /shenzihe/WD-Disk/output/exp3/shiny_sneaker/checkpoint-100/images/on_a_cobblestone_street/
11/18/2024 04:57:01 - INFO - root - Image have been saved in /shenzihe/WD-Disk/output/exp3/shiny_sneaker/checkpoint-100/images/on_a_cobblestone_street/
11/18/2024 04:57:15 - INFO - root - Image have been saved in /shenzihe/WD-Disk/output/exp3/shiny_sneaker/checkpoint-100/images/on_a_cobblestone_street/
11/18/2024 04:57:15 - INFO - __main__ - Running validation... 
 Generating 4 images with prompt:on top of pink fabric.
11/18/2024 04:57:29 - INFO - root - Image have been saved in /shenzihe/WD-Disk/output/exp3/shiny_sneaker/checkpoint-100/images/on_top_of_pink_fabric/
11/18/2024 04:57:43 - INFO - root - Image have been saved in /shenzihe/WD-Disk/output/exp3/shiny_sneaker/checkpoint-100/images/on_top_of_pink_fabric/
11/18/2024 04:57:57 - INFO - root - Image have been saved in /shenzihe/WD-Disk/output/exp3/shiny_sneaker/checkpoint-100/images/on_top_of_pink_fabric/
11/18/2024 04:58:11 - INFO - root - Image have been saved in /shenzihe/WD-Disk/output/exp3/shiny_sneaker/checkpoint-100/images/on_top_of_pink_fabric/
11/18/2024 04:58:11 - INFO - __main__ - Running validation... 
 Generating 4 images with prompt:on top of a wooden floor.
11/18/2024 04:58:25 - INFO - root - Image have been saved in /shenzihe/WD-Disk/output/exp3/shiny_sneaker/checkpoint-100/images/on_top_of_a_wooden_floor/
11/18/2024 04:58:39 - INFO - root - Image have been saved in /shenzihe/WD-Disk/output/exp3/shiny_sneaker/checkpoint-100/images/on_top_of_a_wooden_floor/
11/18/2024 04:58:53 - INFO - root - Image have been saved in /shenzihe/WD-Disk/output/exp3/shiny_sneaker/checkpoint-100/images/on_top_of_a_wooden_floor/
11/18/2024 04:59:07 - INFO - root - Image have been saved in /shenzihe/WD-Disk/output/exp3/shiny_sneaker/checkpoint-100/images/on_top_of_a_wooden_floor/
11/18/2024 04:59:07 - INFO - __main__ - Running validation... 
 Generating 4 images with prompt:with a city in the background.
11/18/2024 04:59:21 - INFO - root - Image have been saved in /shenzihe/WD-Disk/output/exp3/shiny_sneaker/checkpoint-100/images/with_a_city_in_the_background/
11/18/2024 04:59:35 - INFO - root - Image have been saved in /shenzihe/WD-Disk/output/exp3/shiny_sneaker/checkpoint-100/images/with_a_city_in_the_background/
11/18/2024 04:59:49 - INFO - root - Image have been saved in /shenzihe/WD-Disk/output/exp3/shiny_sneaker/checkpoint-100/images/with_a_city_in_the_background/
11/18/2024 05:00:03 - INFO - root - Image have been saved in /shenzihe/WD-Disk/output/exp3/shiny_sneaker/checkpoint-100/images/with_a_city_in_the_background/
11/18/2024 05:00:03 - INFO - __main__ - Running validation... 
 Generating 4 images with prompt:with a mountain in the background.
11/18/2024 05:00:17 - INFO - root - Image have been saved in /shenzihe/WD-Disk/output/exp3/shiny_sneaker/checkpoint-100/images/with_a_mountain_in_the_background/
11/18/2024 05:00:31 - INFO - root - Image have been saved in /shenzihe/WD-Disk/output/exp3/shiny_sneaker/checkpoint-100/images/with_a_mountain_in_the_background/
11/18/2024 05:00:45 - INFO - root - Image have been saved in /shenzihe/WD-Disk/output/exp3/shiny_sneaker/checkpoint-100/images/with_a_mountain_in_the_background/
11/18/2024 05:00:59 - INFO - root - Image have been saved in /shenzihe/WD-Disk/output/exp3/shiny_sneaker/checkpoint-100/images/with_a_mountain_in_the_background/
11/18/2024 05:00:59 - INFO - __main__ - Running validation... 
 Generating 4 images with prompt:with a blue house in the background.
11/18/2024 05:01:13 - INFO - root - Image have been saved in /shenzihe/WD-Disk/output/exp3/shiny_sneaker/checkpoint-100/images/with_a_blue_house_in_the_background/
11/18/2024 05:01:27 - INFO - root - Image have been saved in /shenzihe/WD-Disk/output/exp3/shiny_sneaker/checkpoint-100/images/with_a_blue_house_in_the_background/
11/18/2024 05:01:41 - INFO - root - Image have been saved in /shenzihe/WD-Disk/output/exp3/shiny_sneaker/checkpoint-100/images/with_a_blue_house_in_the_background/
11/18/2024 05:01:55 - INFO - root - Image have been saved in /shenzihe/WD-Disk/output/exp3/shiny_sneaker/checkpoint-100/images/with_a_blue_house_in_the_background/
11/18/2024 05:01:55 - INFO - __main__ - Running validation... 
 Generating 4 images with prompt:on top of a purple rug in a forest.
11/18/2024 05:02:09 - INFO - root - Image have been saved in /shenzihe/WD-Disk/output/exp3/shiny_sneaker/checkpoint-100/images/on_top_of_a_purple_rug_in_a_forest/
11/18/2024 05:02:23 - INFO - root - Image have been saved in /shenzihe/WD-Disk/output/exp3/shiny_sneaker/checkpoint-100/images/on_top_of_a_purple_rug_in_a_forest/
11/18/2024 05:02:37 - INFO - root - Image have been saved in /shenzihe/WD-Disk/output/exp3/shiny_sneaker/checkpoint-100/images/on_top_of_a_purple_rug_in_a_forest/
11/18/2024 05:02:51 - INFO - root - Image have been saved in /shenzihe/WD-Disk/output/exp3/shiny_sneaker/checkpoint-100/images/on_top_of_a_purple_rug_in_a_forest/
11/18/2024 05:02:51 - INFO - __main__ - Running validation... 
 Generating 4 images with prompt:with a wheat field in the background.
11/18/2024 05:03:05 - INFO - root - Image have been saved in /shenzihe/WD-Disk/output/exp3/shiny_sneaker/checkpoint-100/images/with_a_wheat_field_in_the_background/
11/18/2024 05:03:19 - INFO - root - Image have been saved in /shenzihe/WD-Disk/output/exp3/shiny_sneaker/checkpoint-100/images/with_a_wheat_field_in_the_background/
11/18/2024 05:03:33 - INFO - root - Image have been saved in /shenzihe/WD-Disk/output/exp3/shiny_sneaker/checkpoint-100/images/with_a_wheat_field_in_the_background/
11/18/2024 05:03:47 - INFO - root - Image have been saved in /shenzihe/WD-Disk/output/exp3/shiny_sneaker/checkpoint-100/images/with_a_wheat_field_in_the_background/
11/18/2024 05:03:47 - INFO - __main__ - Running validation... 
 Generating 4 images with prompt:with a tree and autumn leaves in the background.
11/18/2024 05:04:01 - INFO - root - Image have been saved in /shenzihe/WD-Disk/output/exp3/shiny_sneaker/checkpoint-100/images/with_a_tree_and_autumn_leaves_in_the_background/
11/18/2024 05:04:15 - INFO - root - Image have been saved in /shenzihe/WD-Disk/output/exp3/shiny_sneaker/checkpoint-100/images/with_a_tree_and_autumn_leaves_in_the_background/
11/18/2024 05:04:29 - INFO - root - Image have been saved in /shenzihe/WD-Disk/output/exp3/shiny_sneaker/checkpoint-100/images/with_a_tree_and_autumn_leaves_in_the_background/
11/18/2024 05:04:43 - INFO - root - Image have been saved in /shenzihe/WD-Disk/output/exp3/shiny_sneaker/checkpoint-100/images/with_a_tree_and_autumn_leaves_in_the_background/
11/18/2024 05:04:43 - INFO - __main__ - Running validation... 
 Generating 4 images with prompt:with the Eiffel Tower in the background.
11/18/2024 05:04:57 - INFO - root - Image have been saved in /shenzihe/WD-Disk/output/exp3/shiny_sneaker/checkpoint-100/images/with_the_Eiffel_Tower_in_the_background/
11/18/2024 05:05:11 - INFO - root - Image have been saved in /shenzihe/WD-Disk/output/exp3/shiny_sneaker/checkpoint-100/images/with_the_Eiffel_Tower_in_the_background/
11/18/2024 05:05:25 - INFO - root - Image have been saved in /shenzihe/WD-Disk/output/exp3/shiny_sneaker/checkpoint-100/images/with_the_Eiffel_Tower_in_the_background/
11/18/2024 05:05:39 - INFO - root - Image have been saved in /shenzihe/WD-Disk/output/exp3/shiny_sneaker/checkpoint-100/images/with_the_Eiffel_Tower_in_the_background/
11/18/2024 05:05:39 - INFO - __main__ - Running validation... 
 Generating 4 images with prompt:floating on top of water.
11/18/2024 05:05:53 - INFO - root - Image have been saved in /shenzihe/WD-Disk/output/exp3/shiny_sneaker/checkpoint-100/images/floating_on_top_of_water/
11/18/2024 05:06:07 - INFO - root - Image have been saved in /shenzihe/WD-Disk/output/exp3/shiny_sneaker/checkpoint-100/images/floating_on_top_of_water/
11/18/2024 05:06:21 - INFO - root - Image have been saved in /shenzihe/WD-Disk/output/exp3/shiny_sneaker/checkpoint-100/images/floating_on_top_of_water/
11/18/2024 05:06:35 - INFO - root - Image have been saved in /shenzihe/WD-Disk/output/exp3/shiny_sneaker/checkpoint-100/images/floating_on_top_of_water/
11/18/2024 05:06:35 - INFO - __main__ - Running validation... 
 Generating 4 images with prompt:floating in an ocean of milk.
11/18/2024 05:06:49 - INFO - root - Image have been saved in /shenzihe/WD-Disk/output/exp3/shiny_sneaker/checkpoint-100/images/floating_in_an_ocean_of_milk/
11/18/2024 05:07:03 - INFO - root - Image have been saved in /shenzihe/WD-Disk/output/exp3/shiny_sneaker/checkpoint-100/images/floating_in_an_ocean_of_milk/
11/18/2024 05:07:17 - INFO - root - Image have been saved in /shenzihe/WD-Disk/output/exp3/shiny_sneaker/checkpoint-100/images/floating_in_an_ocean_of_milk/
11/18/2024 05:07:31 - INFO - root - Image have been saved in /shenzihe/WD-Disk/output/exp3/shiny_sneaker/checkpoint-100/images/floating_in_an_ocean_of_milk/
11/18/2024 05:07:31 - INFO - __main__ - Running validation... 
 Generating 4 images with prompt:on top of green grass with sunflowers around it.
11/18/2024 05:07:45 - INFO - root - Image have been saved in /shenzihe/WD-Disk/output/exp3/shiny_sneaker/checkpoint-100/images/on_top_of_green_grass_with_sunflowers_around_it/
11/18/2024 05:07:59 - INFO - root - Image have been saved in /shenzihe/WD-Disk/output/exp3/shiny_sneaker/checkpoint-100/images/on_top_of_green_grass_with_sunflowers_around_it/
11/18/2024 05:08:13 - INFO - root - Image have been saved in /shenzihe/WD-Disk/output/exp3/shiny_sneaker/checkpoint-100/images/on_top_of_green_grass_with_sunflowers_around_it/
11/18/2024 05:08:27 - INFO - root - Image have been saved in /shenzihe/WD-Disk/output/exp3/shiny_sneaker/checkpoint-100/images/on_top_of_green_grass_with_sunflowers_around_it/
11/18/2024 05:08:27 - INFO - __main__ - Running validation... 
 Generating 4 images with prompt:on top of a mirror.
11/18/2024 05:08:41 - INFO - root - Image have been saved in /shenzihe/WD-Disk/output/exp3/shiny_sneaker/checkpoint-100/images/on_top_of_a_mirror/
11/18/2024 05:08:55 - INFO - root - Image have been saved in /shenzihe/WD-Disk/output/exp3/shiny_sneaker/checkpoint-100/images/on_top_of_a_mirror/
11/18/2024 05:09:09 - INFO - root - Image have been saved in /shenzihe/WD-Disk/output/exp3/shiny_sneaker/checkpoint-100/images/on_top_of_a_mirror/
11/18/2024 05:09:23 - INFO - root - Image have been saved in /shenzihe/WD-Disk/output/exp3/shiny_sneaker/checkpoint-100/images/on_top_of_a_mirror/
11/18/2024 05:09:23 - INFO - __main__ - Running validation... 
 Generating 4 images with prompt:on top of the sidewalk in a crowded street.
11/18/2024 05:09:37 - INFO - root - Image have been saved in /shenzihe/WD-Disk/output/exp3/shiny_sneaker/checkpoint-100/images/on_top_of_the_sidewalk_in_a_crowded_street/
11/18/2024 05:09:51 - INFO - root - Image have been saved in /shenzihe/WD-Disk/output/exp3/shiny_sneaker/checkpoint-100/images/on_top_of_the_sidewalk_in_a_crowded_street/
11/18/2024 05:10:05 - INFO - root - Image have been saved in /shenzihe/WD-Disk/output/exp3/shiny_sneaker/checkpoint-100/images/on_top_of_the_sidewalk_in_a_crowded_street/
11/18/2024 05:10:19 - INFO - root - Image have been saved in /shenzihe/WD-Disk/output/exp3/shiny_sneaker/checkpoint-100/images/on_top_of_the_sidewalk_in_a_crowded_street/
11/18/2024 05:10:19 - INFO - __main__ - Running validation... 
 Generating 4 images with prompt:on top of a dirt road.
11/18/2024 05:10:33 - INFO - root - Image have been saved in /shenzihe/WD-Disk/output/exp3/shiny_sneaker/checkpoint-100/images/on_top_of_a_dirt_road/
11/18/2024 05:10:47 - INFO - root - Image have been saved in /shenzihe/WD-Disk/output/exp3/shiny_sneaker/checkpoint-100/images/on_top_of_a_dirt_road/
11/18/2024 05:11:01 - INFO - root - Image have been saved in /shenzihe/WD-Disk/output/exp3/shiny_sneaker/checkpoint-100/images/on_top_of_a_dirt_road/
11/18/2024 05:11:15 - INFO - root - Image have been saved in /shenzihe/WD-Disk/output/exp3/shiny_sneaker/checkpoint-100/images/on_top_of_a_dirt_road/
11/18/2024 05:11:15 - INFO - __main__ - Running validation... 
 Generating 4 images with prompt:on top of a white rug.
11/18/2024 05:11:29 - INFO - root - Image have been saved in /shenzihe/WD-Disk/output/exp3/shiny_sneaker/checkpoint-100/images/on_top_of_a_white_rug/
11/18/2024 05:11:43 - INFO - root - Image have been saved in /shenzihe/WD-Disk/output/exp3/shiny_sneaker/checkpoint-100/images/on_top_of_a_white_rug/
11/18/2024 05:11:57 - INFO - root - Image have been saved in /shenzihe/WD-Disk/output/exp3/shiny_sneaker/checkpoint-100/images/on_top_of_a_white_rug/
11/18/2024 05:12:11 - INFO - root - Image have been saved in /shenzihe/WD-Disk/output/exp3/shiny_sneaker/checkpoint-100/images/on_top_of_a_white_rug/
11/18/2024 05:12:11 - INFO - __main__ - Running validation... 
 Generating 4 images with prompt:red.
11/18/2024 05:12:25 - INFO - root - Image have been saved in /shenzihe/WD-Disk/output/exp3/shiny_sneaker/checkpoint-100/images/red/
11/18/2024 05:12:39 - INFO - root - Image have been saved in /shenzihe/WD-Disk/output/exp3/shiny_sneaker/checkpoint-100/images/red/
11/18/2024 05:12:53 - INFO - root - Image have been saved in /shenzihe/WD-Disk/output/exp3/shiny_sneaker/checkpoint-100/images/red/
11/18/2024 05:13:07 - INFO - root - Image have been saved in /shenzihe/WD-Disk/output/exp3/shiny_sneaker/checkpoint-100/images/red/
11/18/2024 05:13:07 - INFO - __main__ - Running validation... 
 Generating 4 images with prompt:purple.
11/18/2024 05:13:21 - INFO - root - Image have been saved in /shenzihe/WD-Disk/output/exp3/shiny_sneaker/checkpoint-100/images/purple/
11/18/2024 05:13:35 - INFO - root - Image have been saved in /shenzihe/WD-Disk/output/exp3/shiny_sneaker/checkpoint-100/images/purple/
11/18/2024 05:13:49 - INFO - root - Image have been saved in /shenzihe/WD-Disk/output/exp3/shiny_sneaker/checkpoint-100/images/purple/
11/18/2024 05:14:03 - INFO - root - Image have been saved in /shenzihe/WD-Disk/output/exp3/shiny_sneaker/checkpoint-100/images/purple/
11/18/2024 05:14:03 - INFO - __main__ - Running validation... 
 Generating 4 images with prompt:shiny.
11/18/2024 05:14:17 - INFO - root - Image have been saved in /shenzihe/WD-Disk/output/exp3/shiny_sneaker/checkpoint-100/images/shiny/
11/18/2024 05:14:31 - INFO - root - Image have been saved in /shenzihe/WD-Disk/output/exp3/shiny_sneaker/checkpoint-100/images/shiny/
11/18/2024 05:14:45 - INFO - root - Image have been saved in /shenzihe/WD-Disk/output/exp3/shiny_sneaker/checkpoint-100/images/shiny/
11/18/2024 05:14:59 - INFO - root - Image have been saved in /shenzihe/WD-Disk/output/exp3/shiny_sneaker/checkpoint-100/images/shiny/
11/18/2024 05:14:59 - INFO - __main__ - Running validation... 
 Generating 4 images with prompt:wet.
11/18/2024 05:15:13 - INFO - root - Image have been saved in /shenzihe/WD-Disk/output/exp3/shiny_sneaker/checkpoint-100/images/wet/
11/18/2024 05:15:27 - INFO - root - Image have been saved in /shenzihe/WD-Disk/output/exp3/shiny_sneaker/checkpoint-100/images/wet/
11/18/2024 05:15:41 - INFO - root - Image have been saved in /shenzihe/WD-Disk/output/exp3/shiny_sneaker/checkpoint-100/images/wet/
11/18/2024 05:15:55 - INFO - root - Image have been saved in /shenzihe/WD-Disk/output/exp3/shiny_sneaker/checkpoint-100/images/wet/
11/18/2024 05:15:55 - INFO - __main__ - Running validation... 
 Generating 4 images with prompt:cube shaped.
11/18/2024 05:16:09 - INFO - root - Image have been saved in /shenzihe/WD-Disk/output/exp3/shiny_sneaker/checkpoint-100/images/cube_shaped/
11/18/2024 05:16:23 - INFO - root - Image have been saved in /shenzihe/WD-Disk/output/exp3/shiny_sneaker/checkpoint-100/images/cube_shaped/
11/18/2024 05:16:37 - INFO - root - Image have been saved in /shenzihe/WD-Disk/output/exp3/shiny_sneaker/checkpoint-100/images/cube_shaped/
11/18/2024 05:16:51 - INFO - root - Image have been saved in /shenzihe/WD-Disk/output/exp3/shiny_sneaker/checkpoint-100/images/cube_shaped/
