11/14/2024 12:42:53 - INFO - __main__ - Distributed environment: NO
Num processes: 1
Process index: 0
Local process index: 0
Device: cuda

Mixed precision type: no

11/14/2024 12:42:55 - INFO - root - freeze vision encoder
11/14/2024 12:43:05 - INFO - root - Loading pretrained model from /root/.cache/torch/hub/checkpoints/blip-diffusion
11/14/2024 12:43:05 - INFO - root - Loading pretrained BLIP2 Qformer weights.
11/14/2024 12:43:07 - INFO - root - Loading pretrained projection lyer weights.
11/14/2024 12:43:07 - INFO - root - Loading pretrained text encoder weights.
11/14/2024 12:43:07 - INFO - root - Loading pretrained vae weights.
11/14/2024 12:43:08 - INFO - root - Loading pretrained unet weights.
11/14/2024 12:43:15 - INFO - root - Using xformers.
11/14/2024 12:43:15 - INFO - root - Building datasets...
11/14/2024 12:43:25 - INFO - root - freeze vision encoder
11/14/2024 12:44:01 - INFO - root - load checkpoint from https://storage.googleapis.com/sfr-vision-language-research/LAVIS/models/BLIP2/blip2_pretrained_flant5xl.pth
11/14/2024 12:44:02 - INFO - __main__ - 
***** Running training *****
11/14/2024 12:44:02 - INFO - __main__ -   Num examples = 5
11/14/2024 12:44:02 - INFO - __main__ -   Num batches each epoch = 2
11/14/2024 12:44:02 - INFO - __main__ -   Num Epochs = 50
11/14/2024 12:44:02 - INFO - __main__ -   Instantaneous batch size per device = 3
11/14/2024 12:44:02 - INFO - __main__ -   Total train batch size (w. parallel, distributed & accumulation) = 3
11/14/2024 12:44:02 - INFO - __main__ -   Gradient Accumulation steps = 1
11/14/2024 12:44:02 - INFO - __main__ -   Total optimization steps = 100
11/14/2024 12:48:36 - INFO - __main__ - Running validation... 
 Generating 4 images with prompt:in the jungle.
11/14/2024 12:48:50 - INFO - root - Image have been saved in /shenzihe/WD-Disk/output/exp/dog/checkpoint-100/images/in_the_jungle/
11/14/2024 12:49:04 - INFO - root - Image have been saved in /shenzihe/WD-Disk/output/exp/dog/checkpoint-100/images/in_the_jungle/
11/14/2024 12:49:17 - INFO - root - Image have been saved in /shenzihe/WD-Disk/output/exp/dog/checkpoint-100/images/in_the_jungle/
11/14/2024 12:49:30 - INFO - root - Image have been saved in /shenzihe/WD-Disk/output/exp/dog/checkpoint-100/images/in_the_jungle/
11/14/2024 12:49:30 - INFO - __main__ - Running validation... 
 Generating 4 images with prompt:in the snow.
11/14/2024 12:49:44 - INFO - root - Image have been saved in /shenzihe/WD-Disk/output/exp/dog/checkpoint-100/images/in_the_snow/
11/14/2024 12:49:57 - INFO - root - Image have been saved in /shenzihe/WD-Disk/output/exp/dog/checkpoint-100/images/in_the_snow/
11/14/2024 12:50:11 - INFO - root - Image have been saved in /shenzihe/WD-Disk/output/exp/dog/checkpoint-100/images/in_the_snow/
11/14/2024 12:50:24 - INFO - root - Image have been saved in /shenzihe/WD-Disk/output/exp/dog/checkpoint-100/images/in_the_snow/
11/14/2024 12:50:24 - INFO - __main__ - Running validation... 
 Generating 4 images with prompt:on the beach.
11/14/2024 12:50:37 - INFO - root - Image have been saved in /shenzihe/WD-Disk/output/exp/dog/checkpoint-100/images/on_the_beach/
11/14/2024 12:50:51 - INFO - root - Image have been saved in /shenzihe/WD-Disk/output/exp/dog/checkpoint-100/images/on_the_beach/
11/14/2024 12:51:04 - INFO - root - Image have been saved in /shenzihe/WD-Disk/output/exp/dog/checkpoint-100/images/on_the_beach/
11/14/2024 12:51:18 - INFO - root - Image have been saved in /shenzihe/WD-Disk/output/exp/dog/checkpoint-100/images/on_the_beach/
11/14/2024 12:51:18 - INFO - __main__ - Running validation... 
 Generating 4 images with prompt:on a cobblestone street.
11/14/2024 12:51:31 - INFO - root - Image have been saved in /shenzihe/WD-Disk/output/exp/dog/checkpoint-100/images/on_a_cobblestone_street/
11/14/2024 12:51:45 - INFO - root - Image have been saved in /shenzihe/WD-Disk/output/exp/dog/checkpoint-100/images/on_a_cobblestone_street/
11/14/2024 12:51:58 - INFO - root - Image have been saved in /shenzihe/WD-Disk/output/exp/dog/checkpoint-100/images/on_a_cobblestone_street/
11/14/2024 12:52:11 - INFO - root - Image have been saved in /shenzihe/WD-Disk/output/exp/dog/checkpoint-100/images/on_a_cobblestone_street/
11/14/2024 12:52:11 - INFO - __main__ - Running validation... 
 Generating 4 images with prompt:on top of pink fabric.
11/14/2024 12:52:25 - INFO - root - Image have been saved in /shenzihe/WD-Disk/output/exp/dog/checkpoint-100/images/on_top_of_pink_fabric/
11/14/2024 12:52:38 - INFO - root - Image have been saved in /shenzihe/WD-Disk/output/exp/dog/checkpoint-100/images/on_top_of_pink_fabric/
11/14/2024 12:52:52 - INFO - root - Image have been saved in /shenzihe/WD-Disk/output/exp/dog/checkpoint-100/images/on_top_of_pink_fabric/
11/14/2024 12:53:05 - INFO - root - Image have been saved in /shenzihe/WD-Disk/output/exp/dog/checkpoint-100/images/on_top_of_pink_fabric/
11/14/2024 12:53:05 - INFO - __main__ - Running validation... 
 Generating 4 images with prompt:on top of a wooden floor.
11/14/2024 12:53:19 - INFO - root - Image have been saved in /shenzihe/WD-Disk/output/exp/dog/checkpoint-100/images/on_top_of_a_wooden_floor/
11/14/2024 12:53:33 - INFO - root - Image have been saved in /shenzihe/WD-Disk/output/exp/dog/checkpoint-100/images/on_top_of_a_wooden_floor/
11/14/2024 12:53:46 - INFO - root - Image have been saved in /shenzihe/WD-Disk/output/exp/dog/checkpoint-100/images/on_top_of_a_wooden_floor/
11/14/2024 12:53:59 - INFO - root - Image have been saved in /shenzihe/WD-Disk/output/exp/dog/checkpoint-100/images/on_top_of_a_wooden_floor/
11/14/2024 12:53:59 - INFO - __main__ - Running validation... 
 Generating 4 images with prompt:with a city in the background.
11/14/2024 12:54:13 - INFO - root - Image have been saved in /shenzihe/WD-Disk/output/exp/dog/checkpoint-100/images/with_a_city_in_the_background/
11/14/2024 12:54:26 - INFO - root - Image have been saved in /shenzihe/WD-Disk/output/exp/dog/checkpoint-100/images/with_a_city_in_the_background/
11/14/2024 12:54:40 - INFO - root - Image have been saved in /shenzihe/WD-Disk/output/exp/dog/checkpoint-100/images/with_a_city_in_the_background/
11/14/2024 12:54:53 - INFO - root - Image have been saved in /shenzihe/WD-Disk/output/exp/dog/checkpoint-100/images/with_a_city_in_the_background/
11/14/2024 12:54:53 - INFO - __main__ - Running validation... 
 Generating 4 images with prompt:with a mountain in the background.
11/14/2024 12:55:07 - INFO - root - Image have been saved in /shenzihe/WD-Disk/output/exp/dog/checkpoint-100/images/with_a_mountain_in_the_background/
11/14/2024 12:55:20 - INFO - root - Image have been saved in /shenzihe/WD-Disk/output/exp/dog/checkpoint-100/images/with_a_mountain_in_the_background/
11/14/2024 12:55:33 - INFO - root - Image have been saved in /shenzihe/WD-Disk/output/exp/dog/checkpoint-100/images/with_a_mountain_in_the_background/
11/14/2024 12:55:47 - INFO - root - Image have been saved in /shenzihe/WD-Disk/output/exp/dog/checkpoint-100/images/with_a_mountain_in_the_background/
11/14/2024 12:55:47 - INFO - __main__ - Running validation... 
 Generating 4 images with prompt:with a blue house in the background.
11/14/2024 12:56:00 - INFO - root - Image have been saved in /shenzihe/WD-Disk/output/exp/dog/checkpoint-100/images/with_a_blue_house_in_the_background/
11/14/2024 12:56:14 - INFO - root - Image have been saved in /shenzihe/WD-Disk/output/exp/dog/checkpoint-100/images/with_a_blue_house_in_the_background/
11/14/2024 12:56:27 - INFO - root - Image have been saved in /shenzihe/WD-Disk/output/exp/dog/checkpoint-100/images/with_a_blue_house_in_the_background/
11/14/2024 12:56:41 - INFO - root - Image have been saved in /shenzihe/WD-Disk/output/exp/dog/checkpoint-100/images/with_a_blue_house_in_the_background/
11/14/2024 12:56:41 - INFO - __main__ - Running validation... 
 Generating 4 images with prompt:on top of a purple rug in a forest.
11/14/2024 12:56:54 - INFO - root - Image have been saved in /shenzihe/WD-Disk/output/exp/dog/checkpoint-100/images/on_top_of_a_purple_rug_in_a_forest/
11/14/2024 12:57:07 - INFO - root - Image have been saved in /shenzihe/WD-Disk/output/exp/dog/checkpoint-100/images/on_top_of_a_purple_rug_in_a_forest/
11/14/2024 12:57:21 - INFO - root - Image have been saved in /shenzihe/WD-Disk/output/exp/dog/checkpoint-100/images/on_top_of_a_purple_rug_in_a_forest/
11/14/2024 12:57:42 - INFO - root - Image have been saved in /shenzihe/WD-Disk/output/exp/dog/checkpoint-100/images/on_top_of_a_purple_rug_in_a_forest/
11/14/2024 12:57:42 - INFO - __main__ - Running validation... 
 Generating 4 images with prompt:with a wheat field in the background.
11/14/2024 12:57:55 - INFO - root - Image have been saved in /shenzihe/WD-Disk/output/exp/dog/checkpoint-100/images/with_a_wheat_field_in_the_background/
11/14/2024 12:58:08 - INFO - root - Image have been saved in /shenzihe/WD-Disk/output/exp/dog/checkpoint-100/images/with_a_wheat_field_in_the_background/
11/14/2024 12:58:22 - INFO - root - Image have been saved in /shenzihe/WD-Disk/output/exp/dog/checkpoint-100/images/with_a_wheat_field_in_the_background/
11/14/2024 12:58:35 - INFO - root - Image have been saved in /shenzihe/WD-Disk/output/exp/dog/checkpoint-100/images/with_a_wheat_field_in_the_background/
11/14/2024 12:58:35 - INFO - __main__ - Running validation... 
 Generating 4 images with prompt:with a tree and autumn leaves in the background.
11/14/2024 12:58:49 - INFO - root - Image have been saved in /shenzihe/WD-Disk/output/exp/dog/checkpoint-100/images/with_a_tree_and_autumn_leaves_in_the_background/
11/14/2024 12:59:02 - INFO - root - Image have been saved in /shenzihe/WD-Disk/output/exp/dog/checkpoint-100/images/with_a_tree_and_autumn_leaves_in_the_background/
11/14/2024 12:59:15 - INFO - root - Image have been saved in /shenzihe/WD-Disk/output/exp/dog/checkpoint-100/images/with_a_tree_and_autumn_leaves_in_the_background/
11/14/2024 12:59:29 - INFO - root - Image have been saved in /shenzihe/WD-Disk/output/exp/dog/checkpoint-100/images/with_a_tree_and_autumn_leaves_in_the_background/
11/14/2024 12:59:29 - INFO - __main__ - Running validation... 
 Generating 4 images with prompt:with the Eiffel Tower in the background.
11/14/2024 12:59:42 - INFO - root - Image have been saved in /shenzihe/WD-Disk/output/exp/dog/checkpoint-100/images/with_the_Eiffel_Tower_in_the_background/
11/14/2024 12:59:56 - INFO - root - Image have been saved in /shenzihe/WD-Disk/output/exp/dog/checkpoint-100/images/with_the_Eiffel_Tower_in_the_background/
11/14/2024 13:00:09 - INFO - root - Image have been saved in /shenzihe/WD-Disk/output/exp/dog/checkpoint-100/images/with_the_Eiffel_Tower_in_the_background/
11/14/2024 13:00:22 - INFO - root - Image have been saved in /shenzihe/WD-Disk/output/exp/dog/checkpoint-100/images/with_the_Eiffel_Tower_in_the_background/
11/14/2024 13:00:22 - INFO - __main__ - Running validation... 
 Generating 4 images with prompt:floating on top of water.
11/14/2024 13:00:36 - INFO - root - Image have been saved in /shenzihe/WD-Disk/output/exp/dog/checkpoint-100/images/floating_on_top_of_water/
11/14/2024 13:00:49 - INFO - root - Image have been saved in /shenzihe/WD-Disk/output/exp/dog/checkpoint-100/images/floating_on_top_of_water/
11/14/2024 13:01:03 - INFO - root - Image have been saved in /shenzihe/WD-Disk/output/exp/dog/checkpoint-100/images/floating_on_top_of_water/
11/14/2024 13:01:16 - INFO - root - Image have been saved in /shenzihe/WD-Disk/output/exp/dog/checkpoint-100/images/floating_on_top_of_water/
11/14/2024 13:01:16 - INFO - __main__ - Running validation... 
 Generating 4 images with prompt:floating in an ocean of milk.
11/14/2024 13:01:29 - INFO - root - Image have been saved in /shenzihe/WD-Disk/output/exp/dog/checkpoint-100/images/floating_in_an_ocean_of_milk/
11/14/2024 13:01:43 - INFO - root - Image have been saved in /shenzihe/WD-Disk/output/exp/dog/checkpoint-100/images/floating_in_an_ocean_of_milk/
11/14/2024 13:01:56 - INFO - root - Image have been saved in /shenzihe/WD-Disk/output/exp/dog/checkpoint-100/images/floating_in_an_ocean_of_milk/
11/14/2024 13:02:10 - INFO - root - Image have been saved in /shenzihe/WD-Disk/output/exp/dog/checkpoint-100/images/floating_in_an_ocean_of_milk/
11/14/2024 13:02:10 - INFO - __main__ - Running validation... 
 Generating 4 images with prompt:on top of green grass with sunflowers around it.
11/14/2024 13:02:23 - INFO - root - Image have been saved in /shenzihe/WD-Disk/output/exp/dog/checkpoint-100/images/on_top_of_green_grass_with_sunflowers_around_it/
11/14/2024 13:02:37 - INFO - root - Image have been saved in /shenzihe/WD-Disk/output/exp/dog/checkpoint-100/images/on_top_of_green_grass_with_sunflowers_around_it/
11/14/2024 13:02:50 - INFO - root - Image have been saved in /shenzihe/WD-Disk/output/exp/dog/checkpoint-100/images/on_top_of_green_grass_with_sunflowers_around_it/
11/14/2024 13:03:03 - INFO - root - Image have been saved in /shenzihe/WD-Disk/output/exp/dog/checkpoint-100/images/on_top_of_green_grass_with_sunflowers_around_it/
11/14/2024 13:03:03 - INFO - __main__ - Running validation... 
 Generating 4 images with prompt:on top of a mirror.
11/14/2024 13:03:17 - INFO - root - Image have been saved in /shenzihe/WD-Disk/output/exp/dog/checkpoint-100/images/on_top_of_a_mirror/
11/14/2024 13:03:31 - INFO - root - Image have been saved in /shenzihe/WD-Disk/output/exp/dog/checkpoint-100/images/on_top_of_a_mirror/
11/14/2024 13:03:44 - INFO - root - Image have been saved in /shenzihe/WD-Disk/output/exp/dog/checkpoint-100/images/on_top_of_a_mirror/
11/14/2024 13:03:57 - INFO - root - Image have been saved in /shenzihe/WD-Disk/output/exp/dog/checkpoint-100/images/on_top_of_a_mirror/
11/14/2024 13:03:57 - INFO - __main__ - Running validation... 
 Generating 4 images with prompt:on top of the sidewalk in a crowded street.
11/14/2024 13:04:11 - INFO - root - Image have been saved in /shenzihe/WD-Disk/output/exp/dog/checkpoint-100/images/on_top_of_the_sidewalk_in_a_crowded_street/
11/14/2024 13:04:24 - INFO - root - Image have been saved in /shenzihe/WD-Disk/output/exp/dog/checkpoint-100/images/on_top_of_the_sidewalk_in_a_crowded_street/
11/14/2024 13:04:37 - INFO - root - Image have been saved in /shenzihe/WD-Disk/output/exp/dog/checkpoint-100/images/on_top_of_the_sidewalk_in_a_crowded_street/
11/14/2024 13:04:51 - INFO - root - Image have been saved in /shenzihe/WD-Disk/output/exp/dog/checkpoint-100/images/on_top_of_the_sidewalk_in_a_crowded_street/
11/14/2024 13:04:51 - INFO - __main__ - Running validation... 
 Generating 4 images with prompt:on top of a dirt road.
11/14/2024 13:05:04 - INFO - root - Image have been saved in /shenzihe/WD-Disk/output/exp/dog/checkpoint-100/images/on_top_of_a_dirt_road/
11/14/2024 13:05:18 - INFO - root - Image have been saved in /shenzihe/WD-Disk/output/exp/dog/checkpoint-100/images/on_top_of_a_dirt_road/
11/14/2024 13:05:31 - INFO - root - Image have been saved in /shenzihe/WD-Disk/output/exp/dog/checkpoint-100/images/on_top_of_a_dirt_road/
11/14/2024 13:05:45 - INFO - root - Image have been saved in /shenzihe/WD-Disk/output/exp/dog/checkpoint-100/images/on_top_of_a_dirt_road/
11/14/2024 13:05:45 - INFO - __main__ - Running validation... 
 Generating 4 images with prompt:on top of a white rug.
11/14/2024 13:05:58 - INFO - root - Image have been saved in /shenzihe/WD-Disk/output/exp/dog/checkpoint-100/images/on_top_of_a_white_rug/
11/14/2024 13:06:11 - INFO - root - Image have been saved in /shenzihe/WD-Disk/output/exp/dog/checkpoint-100/images/on_top_of_a_white_rug/
11/14/2024 13:06:25 - INFO - root - Image have been saved in /shenzihe/WD-Disk/output/exp/dog/checkpoint-100/images/on_top_of_a_white_rug/
11/14/2024 13:06:38 - INFO - root - Image have been saved in /shenzihe/WD-Disk/output/exp/dog/checkpoint-100/images/on_top_of_a_white_rug/
11/14/2024 13:06:38 - INFO - __main__ - Running validation... 
 Generating 4 images with prompt:red.
11/14/2024 13:06:52 - INFO - root - Image have been saved in /shenzihe/WD-Disk/output/exp/dog/checkpoint-100/images/red/
11/14/2024 13:07:05 - INFO - root - Image have been saved in /shenzihe/WD-Disk/output/exp/dog/checkpoint-100/images/red/
11/14/2024 13:07:18 - INFO - root - Image have been saved in /shenzihe/WD-Disk/output/exp/dog/checkpoint-100/images/red/
11/14/2024 13:07:32 - INFO - root - Image have been saved in /shenzihe/WD-Disk/output/exp/dog/checkpoint-100/images/red/
11/14/2024 13:07:32 - INFO - __main__ - Running validation... 
 Generating 4 images with prompt:purple.
11/14/2024 13:07:45 - INFO - root - Image have been saved in /shenzihe/WD-Disk/output/exp/dog/checkpoint-100/images/purple/
11/14/2024 13:07:59 - INFO - root - Image have been saved in /shenzihe/WD-Disk/output/exp/dog/checkpoint-100/images/purple/
11/14/2024 13:08:12 - INFO - root - Image have been saved in /shenzihe/WD-Disk/output/exp/dog/checkpoint-100/images/purple/
11/14/2024 13:08:25 - INFO - root - Image have been saved in /shenzihe/WD-Disk/output/exp/dog/checkpoint-100/images/purple/
11/14/2024 13:08:25 - INFO - __main__ - Running validation... 
 Generating 4 images with prompt:shiny.
11/14/2024 13:08:39 - INFO - root - Image have been saved in /shenzihe/WD-Disk/output/exp/dog/checkpoint-100/images/shiny/
11/14/2024 13:08:52 - INFO - root - Image have been saved in /shenzihe/WD-Disk/output/exp/dog/checkpoint-100/images/shiny/
11/14/2024 13:09:06 - INFO - root - Image have been saved in /shenzihe/WD-Disk/output/exp/dog/checkpoint-100/images/shiny/
11/14/2024 13:09:19 - INFO - root - Image have been saved in /shenzihe/WD-Disk/output/exp/dog/checkpoint-100/images/shiny/
11/14/2024 13:09:19 - INFO - __main__ - Running validation... 
 Generating 4 images with prompt:wet.
11/14/2024 13:09:33 - INFO - root - Image have been saved in /shenzihe/WD-Disk/output/exp/dog/checkpoint-100/images/wet/
11/14/2024 13:09:46 - INFO - root - Image have been saved in /shenzihe/WD-Disk/output/exp/dog/checkpoint-100/images/wet/
11/14/2024 13:09:59 - INFO - root - Image have been saved in /shenzihe/WD-Disk/output/exp/dog/checkpoint-100/images/wet/
11/14/2024 13:10:13 - INFO - root - Image have been saved in /shenzihe/WD-Disk/output/exp/dog/checkpoint-100/images/wet/
11/14/2024 13:10:13 - INFO - __main__ - Running validation... 
 Generating 4 images with prompt:cube shaped.
11/14/2024 13:10:26 - INFO - root - Image have been saved in /shenzihe/WD-Disk/output/exp/dog/checkpoint-100/images/cube_shaped/
11/14/2024 13:10:40 - INFO - root - Image have been saved in /shenzihe/WD-Disk/output/exp/dog/checkpoint-100/images/cube_shaped/
11/14/2024 13:10:53 - INFO - root - Image have been saved in /shenzihe/WD-Disk/output/exp/dog/checkpoint-100/images/cube_shaped/
11/14/2024 13:11:06 - INFO - root - Image have been saved in /shenzihe/WD-Disk/output/exp/dog/checkpoint-100/images/cube_shaped/
