11/18/2024 00:17:44 - INFO - __main__ - Distributed environment: NO
Num processes: 1
Process index: 0
Local process index: 0
Device: cuda

Mixed precision type: no

11/18/2024 00:17:47 - INFO - root - freeze vision encoder
11/18/2024 00:17:58 - INFO - root - Loading pretrained model from /root/.cache/torch/hub/checkpoints/blip-diffusion
11/18/2024 00:17:58 - INFO - root - Loading pretrained BLIP2 Qformer weights.
11/18/2024 00:18:00 - INFO - root - Loading pretrained projection lyer weights.
11/18/2024 00:18:00 - INFO - root - Loading pretrained text encoder weights.
11/18/2024 00:18:00 - INFO - root - Loading pretrained vae weights.
11/18/2024 00:18:01 - INFO - root - Loading pretrained unet weights.
11/18/2024 00:18:08 - INFO - root - Using xformers.
11/18/2024 00:18:08 - INFO - root - Building datasets...
11/18/2024 00:18:19 - INFO - root - freeze vision encoder
11/18/2024 00:18:47 - INFO - root - load checkpoint from https://storage.googleapis.com/sfr-vision-language-research/LAVIS/models/BLIP2/blip2_pretrained_flant5xl.pth
11/18/2024 00:18:48 - INFO - __main__ - 
***** Running training *****
11/18/2024 00:18:48 - INFO - __main__ -   Num examples = 4
11/18/2024 00:18:48 - INFO - __main__ -   Num batches each epoch = 2
11/18/2024 00:18:48 - INFO - __main__ -   Num Epochs = 50
11/18/2024 00:18:48 - INFO - __main__ -   Instantaneous batch size per device = 3
11/18/2024 00:18:48 - INFO - __main__ -   Total train batch size (w. parallel, distributed & accumulation) = 3
11/18/2024 00:18:48 - INFO - __main__ -   Gradient Accumulation steps = 1
11/18/2024 00:18:48 - INFO - __main__ -   Total optimization steps = 100
11/18/2024 00:22:55 - INFO - __main__ - Running validation... 
 Generating 4 images with prompt:in the jungle.
11/18/2024 00:23:11 - INFO - root - Image have been saved in /shenzihe/WD-Disk/output/exp3/duck_toy/checkpoint-100/images/in_the_jungle/
11/18/2024 00:23:25 - INFO - root - Image have been saved in /shenzihe/WD-Disk/output/exp3/duck_toy/checkpoint-100/images/in_the_jungle/
11/18/2024 00:23:38 - INFO - root - Image have been saved in /shenzihe/WD-Disk/output/exp3/duck_toy/checkpoint-100/images/in_the_jungle/
11/18/2024 00:23:52 - INFO - root - Image have been saved in /shenzihe/WD-Disk/output/exp3/duck_toy/checkpoint-100/images/in_the_jungle/
11/18/2024 00:23:52 - INFO - __main__ - Running validation... 
 Generating 4 images with prompt:in the snow.
11/18/2024 00:24:06 - INFO - root - Image have been saved in /shenzihe/WD-Disk/output/exp3/duck_toy/checkpoint-100/images/in_the_snow/
11/18/2024 00:24:20 - INFO - root - Image have been saved in /shenzihe/WD-Disk/output/exp3/duck_toy/checkpoint-100/images/in_the_snow/
11/18/2024 00:24:34 - INFO - root - Image have been saved in /shenzihe/WD-Disk/output/exp3/duck_toy/checkpoint-100/images/in_the_snow/
11/18/2024 00:24:47 - INFO - root - Image have been saved in /shenzihe/WD-Disk/output/exp3/duck_toy/checkpoint-100/images/in_the_snow/
11/18/2024 00:24:47 - INFO - __main__ - Running validation... 
 Generating 4 images with prompt:on the beach.
11/18/2024 00:25:01 - INFO - root - Image have been saved in /shenzihe/WD-Disk/output/exp3/duck_toy/checkpoint-100/images/on_the_beach/
11/18/2024 00:25:14 - INFO - root - Image have been saved in /shenzihe/WD-Disk/output/exp3/duck_toy/checkpoint-100/images/on_the_beach/
11/18/2024 00:25:28 - INFO - root - Image have been saved in /shenzihe/WD-Disk/output/exp3/duck_toy/checkpoint-100/images/on_the_beach/
11/18/2024 00:25:42 - INFO - root - Image have been saved in /shenzihe/WD-Disk/output/exp3/duck_toy/checkpoint-100/images/on_the_beach/
11/18/2024 00:25:42 - INFO - __main__ - Running validation... 
 Generating 4 images with prompt:on a cobblestone street.
11/18/2024 00:25:55 - INFO - root - Image have been saved in /shenzihe/WD-Disk/output/exp3/duck_toy/checkpoint-100/images/on_a_cobblestone_street/
11/18/2024 00:26:09 - INFO - root - Image have been saved in /shenzihe/WD-Disk/output/exp3/duck_toy/checkpoint-100/images/on_a_cobblestone_street/
11/18/2024 00:26:23 - INFO - root - Image have been saved in /shenzihe/WD-Disk/output/exp3/duck_toy/checkpoint-100/images/on_a_cobblestone_street/
11/18/2024 00:26:36 - INFO - root - Image have been saved in /shenzihe/WD-Disk/output/exp3/duck_toy/checkpoint-100/images/on_a_cobblestone_street/
11/18/2024 00:26:36 - INFO - __main__ - Running validation... 
 Generating 4 images with prompt:on top of pink fabric.
11/18/2024 00:26:50 - INFO - root - Image have been saved in /shenzihe/WD-Disk/output/exp3/duck_toy/checkpoint-100/images/on_top_of_pink_fabric/
11/18/2024 00:27:04 - INFO - root - Image have been saved in /shenzihe/WD-Disk/output/exp3/duck_toy/checkpoint-100/images/on_top_of_pink_fabric/
11/18/2024 00:27:17 - INFO - root - Image have been saved in /shenzihe/WD-Disk/output/exp3/duck_toy/checkpoint-100/images/on_top_of_pink_fabric/
11/18/2024 00:27:31 - INFO - root - Image have been saved in /shenzihe/WD-Disk/output/exp3/duck_toy/checkpoint-100/images/on_top_of_pink_fabric/
11/18/2024 00:27:31 - INFO - __main__ - Running validation... 
 Generating 4 images with prompt:on top of a wooden floor.
11/18/2024 00:27:45 - INFO - root - Image have been saved in /shenzihe/WD-Disk/output/exp3/duck_toy/checkpoint-100/images/on_top_of_a_wooden_floor/
11/18/2024 00:27:58 - INFO - root - Image have been saved in /shenzihe/WD-Disk/output/exp3/duck_toy/checkpoint-100/images/on_top_of_a_wooden_floor/
11/18/2024 00:28:12 - INFO - root - Image have been saved in /shenzihe/WD-Disk/output/exp3/duck_toy/checkpoint-100/images/on_top_of_a_wooden_floor/
11/18/2024 00:28:25 - INFO - root - Image have been saved in /shenzihe/WD-Disk/output/exp3/duck_toy/checkpoint-100/images/on_top_of_a_wooden_floor/
11/18/2024 00:28:25 - INFO - __main__ - Running validation... 
 Generating 4 images with prompt:with a city in the background.
11/18/2024 00:28:39 - INFO - root - Image have been saved in /shenzihe/WD-Disk/output/exp3/duck_toy/checkpoint-100/images/with_a_city_in_the_background/
11/18/2024 00:28:53 - INFO - root - Image have been saved in /shenzihe/WD-Disk/output/exp3/duck_toy/checkpoint-100/images/with_a_city_in_the_background/
11/18/2024 00:29:06 - INFO - root - Image have been saved in /shenzihe/WD-Disk/output/exp3/duck_toy/checkpoint-100/images/with_a_city_in_the_background/
11/18/2024 00:29:20 - INFO - root - Image have been saved in /shenzihe/WD-Disk/output/exp3/duck_toy/checkpoint-100/images/with_a_city_in_the_background/
11/18/2024 00:29:20 - INFO - __main__ - Running validation... 
 Generating 4 images with prompt:with a mountain in the background.
11/18/2024 00:29:34 - INFO - root - Image have been saved in /shenzihe/WD-Disk/output/exp3/duck_toy/checkpoint-100/images/with_a_mountain_in_the_background/
11/18/2024 00:29:47 - INFO - root - Image have been saved in /shenzihe/WD-Disk/output/exp3/duck_toy/checkpoint-100/images/with_a_mountain_in_the_background/
11/18/2024 00:30:01 - INFO - root - Image have been saved in /shenzihe/WD-Disk/output/exp3/duck_toy/checkpoint-100/images/with_a_mountain_in_the_background/
11/18/2024 00:30:14 - INFO - root - Image have been saved in /shenzihe/WD-Disk/output/exp3/duck_toy/checkpoint-100/images/with_a_mountain_in_the_background/
11/18/2024 00:30:14 - INFO - __main__ - Running validation... 
 Generating 4 images with prompt:with a blue house in the background.
11/18/2024 00:30:28 - INFO - root - Image have been saved in /shenzihe/WD-Disk/output/exp3/duck_toy/checkpoint-100/images/with_a_blue_house_in_the_background/
11/18/2024 00:30:42 - INFO - root - Image have been saved in /shenzihe/WD-Disk/output/exp3/duck_toy/checkpoint-100/images/with_a_blue_house_in_the_background/
11/18/2024 00:30:55 - INFO - root - Image have been saved in /shenzihe/WD-Disk/output/exp3/duck_toy/checkpoint-100/images/with_a_blue_house_in_the_background/
11/18/2024 00:31:09 - INFO - root - Image have been saved in /shenzihe/WD-Disk/output/exp3/duck_toy/checkpoint-100/images/with_a_blue_house_in_the_background/
11/18/2024 00:31:09 - INFO - __main__ - Running validation... 
 Generating 4 images with prompt:on top of a purple rug in a forest.
11/18/2024 00:31:23 - INFO - root - Image have been saved in /shenzihe/WD-Disk/output/exp3/duck_toy/checkpoint-100/images/on_top_of_a_purple_rug_in_a_forest/
11/18/2024 00:31:36 - INFO - root - Image have been saved in /shenzihe/WD-Disk/output/exp3/duck_toy/checkpoint-100/images/on_top_of_a_purple_rug_in_a_forest/
11/18/2024 00:31:50 - INFO - root - Image have been saved in /shenzihe/WD-Disk/output/exp3/duck_toy/checkpoint-100/images/on_top_of_a_purple_rug_in_a_forest/
11/18/2024 00:32:03 - INFO - root - Image have been saved in /shenzihe/WD-Disk/output/exp3/duck_toy/checkpoint-100/images/on_top_of_a_purple_rug_in_a_forest/
11/18/2024 00:32:03 - INFO - __main__ - Running validation... 
 Generating 4 images with prompt:with a wheat field in the background.
11/18/2024 00:32:17 - INFO - root - Image have been saved in /shenzihe/WD-Disk/output/exp3/duck_toy/checkpoint-100/images/with_a_wheat_field_in_the_background/
11/18/2024 00:32:31 - INFO - root - Image have been saved in /shenzihe/WD-Disk/output/exp3/duck_toy/checkpoint-100/images/with_a_wheat_field_in_the_background/
11/18/2024 00:32:44 - INFO - root - Image have been saved in /shenzihe/WD-Disk/output/exp3/duck_toy/checkpoint-100/images/with_a_wheat_field_in_the_background/
11/18/2024 00:32:58 - INFO - root - Image have been saved in /shenzihe/WD-Disk/output/exp3/duck_toy/checkpoint-100/images/with_a_wheat_field_in_the_background/
11/18/2024 00:32:58 - INFO - __main__ - Running validation... 
 Generating 4 images with prompt:with a tree and autumn leaves in the background.
11/18/2024 00:33:12 - INFO - root - Image have been saved in /shenzihe/WD-Disk/output/exp3/duck_toy/checkpoint-100/images/with_a_tree_and_autumn_leaves_in_the_background/
11/18/2024 00:33:25 - INFO - root - Image have been saved in /shenzihe/WD-Disk/output/exp3/duck_toy/checkpoint-100/images/with_a_tree_and_autumn_leaves_in_the_background/
11/18/2024 00:33:39 - INFO - root - Image have been saved in /shenzihe/WD-Disk/output/exp3/duck_toy/checkpoint-100/images/with_a_tree_and_autumn_leaves_in_the_background/
11/18/2024 00:33:53 - INFO - root - Image have been saved in /shenzihe/WD-Disk/output/exp3/duck_toy/checkpoint-100/images/with_a_tree_and_autumn_leaves_in_the_background/
11/18/2024 00:33:53 - INFO - __main__ - Running validation... 
 Generating 4 images with prompt:with the Eiffel Tower in the background.
11/18/2024 00:34:06 - INFO - root - Image have been saved in /shenzihe/WD-Disk/output/exp3/duck_toy/checkpoint-100/images/with_the_Eiffel_Tower_in_the_background/
11/18/2024 00:34:20 - INFO - root - Image have been saved in /shenzihe/WD-Disk/output/exp3/duck_toy/checkpoint-100/images/with_the_Eiffel_Tower_in_the_background/
11/18/2024 00:34:33 - INFO - root - Image have been saved in /shenzihe/WD-Disk/output/exp3/duck_toy/checkpoint-100/images/with_the_Eiffel_Tower_in_the_background/
11/18/2024 00:34:47 - INFO - root - Image have been saved in /shenzihe/WD-Disk/output/exp3/duck_toy/checkpoint-100/images/with_the_Eiffel_Tower_in_the_background/
11/18/2024 00:34:47 - INFO - __main__ - Running validation... 
 Generating 4 images with prompt:floating on top of water.
11/18/2024 00:35:01 - INFO - root - Image have been saved in /shenzihe/WD-Disk/output/exp3/duck_toy/checkpoint-100/images/floating_on_top_of_water/
11/18/2024 00:35:14 - INFO - root - Image have been saved in /shenzihe/WD-Disk/output/exp3/duck_toy/checkpoint-100/images/floating_on_top_of_water/
11/18/2024 00:35:28 - INFO - root - Image have been saved in /shenzihe/WD-Disk/output/exp3/duck_toy/checkpoint-100/images/floating_on_top_of_water/
11/18/2024 00:35:42 - INFO - root - Image have been saved in /shenzihe/WD-Disk/output/exp3/duck_toy/checkpoint-100/images/floating_on_top_of_water/
11/18/2024 00:35:42 - INFO - __main__ - Running validation... 
 Generating 4 images with prompt:floating in an ocean of milk.
11/18/2024 00:35:55 - INFO - root - Image have been saved in /shenzihe/WD-Disk/output/exp3/duck_toy/checkpoint-100/images/floating_in_an_ocean_of_milk/
11/18/2024 00:36:09 - INFO - root - Image have been saved in /shenzihe/WD-Disk/output/exp3/duck_toy/checkpoint-100/images/floating_in_an_ocean_of_milk/
11/18/2024 00:36:22 - INFO - root - Image have been saved in /shenzihe/WD-Disk/output/exp3/duck_toy/checkpoint-100/images/floating_in_an_ocean_of_milk/
11/18/2024 00:36:36 - INFO - root - Image have been saved in /shenzihe/WD-Disk/output/exp3/duck_toy/checkpoint-100/images/floating_in_an_ocean_of_milk/
11/18/2024 00:36:36 - INFO - __main__ - Running validation... 
 Generating 4 images with prompt:on top of green grass with sunflowers around it.
11/18/2024 00:36:50 - INFO - root - Image have been saved in /shenzihe/WD-Disk/output/exp3/duck_toy/checkpoint-100/images/on_top_of_green_grass_with_sunflowers_around_it/
11/18/2024 00:37:03 - INFO - root - Image have been saved in /shenzihe/WD-Disk/output/exp3/duck_toy/checkpoint-100/images/on_top_of_green_grass_with_sunflowers_around_it/
11/18/2024 00:37:17 - INFO - root - Image have been saved in /shenzihe/WD-Disk/output/exp3/duck_toy/checkpoint-100/images/on_top_of_green_grass_with_sunflowers_around_it/
11/18/2024 00:37:31 - INFO - root - Image have been saved in /shenzihe/WD-Disk/output/exp3/duck_toy/checkpoint-100/images/on_top_of_green_grass_with_sunflowers_around_it/
11/18/2024 00:37:31 - INFO - __main__ - Running validation... 
 Generating 4 images with prompt:on top of a mirror.
11/18/2024 00:37:44 - INFO - root - Image have been saved in /shenzihe/WD-Disk/output/exp3/duck_toy/checkpoint-100/images/on_top_of_a_mirror/
11/18/2024 00:37:58 - INFO - root - Image have been saved in /shenzihe/WD-Disk/output/exp3/duck_toy/checkpoint-100/images/on_top_of_a_mirror/
11/18/2024 00:38:12 - INFO - root - Image have been saved in /shenzihe/WD-Disk/output/exp3/duck_toy/checkpoint-100/images/on_top_of_a_mirror/
11/18/2024 00:38:25 - INFO - root - Image have been saved in /shenzihe/WD-Disk/output/exp3/duck_toy/checkpoint-100/images/on_top_of_a_mirror/
11/18/2024 00:38:25 - INFO - __main__ - Running validation... 
 Generating 4 images with prompt:on top of the sidewalk in a crowded street.
11/18/2024 00:38:39 - INFO - root - Image have been saved in /shenzihe/WD-Disk/output/exp3/duck_toy/checkpoint-100/images/on_top_of_the_sidewalk_in_a_crowded_street/
11/18/2024 00:38:53 - INFO - root - Image have been saved in /shenzihe/WD-Disk/output/exp3/duck_toy/checkpoint-100/images/on_top_of_the_sidewalk_in_a_crowded_street/
11/18/2024 00:39:06 - INFO - root - Image have been saved in /shenzihe/WD-Disk/output/exp3/duck_toy/checkpoint-100/images/on_top_of_the_sidewalk_in_a_crowded_street/
11/18/2024 00:39:20 - INFO - root - Image have been saved in /shenzihe/WD-Disk/output/exp3/duck_toy/checkpoint-100/images/on_top_of_the_sidewalk_in_a_crowded_street/
11/18/2024 00:39:20 - INFO - __main__ - Running validation... 
 Generating 4 images with prompt:on top of a dirt road.
11/18/2024 00:39:33 - INFO - root - Image have been saved in /shenzihe/WD-Disk/output/exp3/duck_toy/checkpoint-100/images/on_top_of_a_dirt_road/
11/18/2024 00:39:47 - INFO - root - Image have been saved in /shenzihe/WD-Disk/output/exp3/duck_toy/checkpoint-100/images/on_top_of_a_dirt_road/
11/18/2024 00:40:01 - INFO - root - Image have been saved in /shenzihe/WD-Disk/output/exp3/duck_toy/checkpoint-100/images/on_top_of_a_dirt_road/
11/18/2024 00:40:14 - INFO - root - Image have been saved in /shenzihe/WD-Disk/output/exp3/duck_toy/checkpoint-100/images/on_top_of_a_dirt_road/
11/18/2024 00:40:14 - INFO - __main__ - Running validation... 
 Generating 4 images with prompt:on top of a white rug.
11/18/2024 00:40:28 - INFO - root - Image have been saved in /shenzihe/WD-Disk/output/exp3/duck_toy/checkpoint-100/images/on_top_of_a_white_rug/
11/18/2024 00:40:42 - INFO - root - Image have been saved in /shenzihe/WD-Disk/output/exp3/duck_toy/checkpoint-100/images/on_top_of_a_white_rug/
11/18/2024 00:40:55 - INFO - root - Image have been saved in /shenzihe/WD-Disk/output/exp3/duck_toy/checkpoint-100/images/on_top_of_a_white_rug/
11/18/2024 00:41:09 - INFO - root - Image have been saved in /shenzihe/WD-Disk/output/exp3/duck_toy/checkpoint-100/images/on_top_of_a_white_rug/
11/18/2024 00:41:09 - INFO - __main__ - Running validation... 
 Generating 4 images with prompt:red.
11/18/2024 00:41:22 - INFO - root - Image have been saved in /shenzihe/WD-Disk/output/exp3/duck_toy/checkpoint-100/images/red/
11/18/2024 00:41:36 - INFO - root - Image have been saved in /shenzihe/WD-Disk/output/exp3/duck_toy/checkpoint-100/images/red/
11/18/2024 00:41:50 - INFO - root - Image have been saved in /shenzihe/WD-Disk/output/exp3/duck_toy/checkpoint-100/images/red/
11/18/2024 00:42:03 - INFO - root - Image have been saved in /shenzihe/WD-Disk/output/exp3/duck_toy/checkpoint-100/images/red/
11/18/2024 00:42:03 - INFO - __main__ - Running validation... 
 Generating 4 images with prompt:purple.
11/18/2024 00:42:17 - INFO - root - Image have been saved in /shenzihe/WD-Disk/output/exp3/duck_toy/checkpoint-100/images/purple/
11/18/2024 00:42:30 - INFO - root - Image have been saved in /shenzihe/WD-Disk/output/exp3/duck_toy/checkpoint-100/images/purple/
11/18/2024 00:42:44 - INFO - root - Image have been saved in /shenzihe/WD-Disk/output/exp3/duck_toy/checkpoint-100/images/purple/
11/18/2024 00:42:58 - INFO - root - Image have been saved in /shenzihe/WD-Disk/output/exp3/duck_toy/checkpoint-100/images/purple/
11/18/2024 00:42:58 - INFO - __main__ - Running validation... 
 Generating 4 images with prompt:shiny.
11/18/2024 00:43:11 - INFO - root - Image have been saved in /shenzihe/WD-Disk/output/exp3/duck_toy/checkpoint-100/images/shiny/
11/18/2024 00:43:25 - INFO - root - Image have been saved in /shenzihe/WD-Disk/output/exp3/duck_toy/checkpoint-100/images/shiny/
11/18/2024 00:43:39 - INFO - root - Image have been saved in /shenzihe/WD-Disk/output/exp3/duck_toy/checkpoint-100/images/shiny/
11/18/2024 00:43:52 - INFO - root - Image have been saved in /shenzihe/WD-Disk/output/exp3/duck_toy/checkpoint-100/images/shiny/
11/18/2024 00:43:52 - INFO - __main__ - Running validation... 
 Generating 4 images with prompt:wet.
11/18/2024 00:44:06 - INFO - root - Image have been saved in /shenzihe/WD-Disk/output/exp3/duck_toy/checkpoint-100/images/wet/
11/18/2024 00:44:19 - INFO - root - Image have been saved in /shenzihe/WD-Disk/output/exp3/duck_toy/checkpoint-100/images/wet/
11/18/2024 00:44:33 - INFO - root - Image have been saved in /shenzihe/WD-Disk/output/exp3/duck_toy/checkpoint-100/images/wet/
11/18/2024 00:44:47 - INFO - root - Image have been saved in /shenzihe/WD-Disk/output/exp3/duck_toy/checkpoint-100/images/wet/
11/18/2024 00:44:47 - INFO - __main__ - Running validation... 
 Generating 4 images with prompt:cube shaped.
11/18/2024 00:45:00 - INFO - root - Image have been saved in /shenzihe/WD-Disk/output/exp3/duck_toy/checkpoint-100/images/cube_shaped/
11/18/2024 00:45:14 - INFO - root - Image have been saved in /shenzihe/WD-Disk/output/exp3/duck_toy/checkpoint-100/images/cube_shaped/
11/18/2024 00:45:28 - INFO - root - Image have been saved in /shenzihe/WD-Disk/output/exp3/duck_toy/checkpoint-100/images/cube_shaped/
11/18/2024 00:45:41 - INFO - root - Image have been saved in /shenzihe/WD-Disk/output/exp3/duck_toy/checkpoint-100/images/cube_shaped/
