11/11/2024 03:46:02 - INFO - __main__ - Distributed environment: NO
Num processes: 1
Process index: 0
Local process index: 0
Device: cuda

Mixed precision type: no

11/11/2024 03:46:06 - INFO - root - freeze vision encoder
11/11/2024 03:46:15 - INFO - root - Loading pretrained model from /root/.cache/torch/hub/checkpoints/blip-diffusion
11/11/2024 03:46:15 - INFO - root - Loading pretrained BLIP2 Qformer weights.
11/11/2024 03:46:17 - INFO - root - Loading pretrained projection lyer weights.
11/11/2024 03:46:17 - INFO - root - Loading pretrained text encoder weights.
11/11/2024 03:46:17 - INFO - root - Loading pretrained vae weights.
11/11/2024 03:46:18 - INFO - root - Loading pretrained unet weights.
11/11/2024 03:46:25 - INFO - root - Using xformers.
11/11/2024 03:46:25 - INFO - root - Building datasets...
11/11/2024 03:46:36 - INFO - root - freeze vision encoder
11/11/2024 03:47:08 - INFO - root - load checkpoint from https://storage.googleapis.com/sfr-vision-language-research/LAVIS/models/BLIP2/blip2_pretrained_flant5xl.pth
11/11/2024 03:47:09 - INFO - __main__ - 
***** Running training *****
11/11/2024 03:47:09 - INFO - __main__ -   Num examples = 5
11/11/2024 03:47:09 - INFO - __main__ -   Num batches each epoch = 3
11/11/2024 03:47:09 - INFO - __main__ -   Num Epochs = 167
11/11/2024 03:47:09 - INFO - __main__ -   Instantaneous batch size per device = 2
11/11/2024 03:47:09 - INFO - __main__ -   Total train batch size (w. parallel, distributed & accumulation) = 2
11/11/2024 03:47:09 - INFO - __main__ -   Gradient Accumulation steps = 1
11/11/2024 03:47:09 - INFO - __main__ -   Total optimization steps = 500
11/11/2024 03:47:19 - INFO - root - {'loss': 1.0374505519866943, 'lr': 0.0001}
11/11/2024 03:47:24 - INFO - root - {'loss': 1.1813271045684814, 'lr': 0.0001}
11/11/2024 03:47:29 - INFO - root - {'loss': 0.974999189376831, 'lr': 0.0001}
11/11/2024 03:47:34 - INFO - root - {'loss': 0.6306325197219849, 'lr': 0.0001}
11/11/2024 03:47:40 - INFO - root - {'loss': 0.6338785290718079, 'lr': 0.0001}
11/11/2024 03:47:45 - INFO - root - {'loss': 0.6975278258323669, 'lr': 0.0001}
11/11/2024 03:47:50 - INFO - root - {'loss': 0.6307548880577087, 'lr': 0.0001}
11/11/2024 03:47:55 - INFO - root - {'loss': 0.7435435056686401, 'lr': 0.0001}
