11/15/2024 07:27:02 - INFO - __main__ - Distributed environment: NO
Num processes: 1
Process index: 0
Local process index: 0
Device: cuda

Mixed precision type: no

11/15/2024 07:27:07 - INFO - root - freeze vision encoder
11/15/2024 07:27:19 - INFO - root - Loading pretrained model from /root/.cache/torch/hub/checkpoints/blip-diffusion
11/15/2024 07:27:19 - INFO - root - Loading pretrained BLIP2 Qformer weights.
11/15/2024 07:27:20 - INFO - root - Loading pretrained projection lyer weights.
11/15/2024 07:27:20 - INFO - root - Loading pretrained text encoder weights.
11/15/2024 07:27:21 - INFO - root - Loading pretrained vae weights.
11/15/2024 07:27:22 - INFO - root - Loading pretrained unet weights.
11/15/2024 07:27:31 - INFO - root - Using xformers.
11/15/2024 07:27:32 - INFO - root - Building datasets...
11/15/2024 07:27:42 - INFO - root - freeze vision encoder
11/15/2024 07:28:11 - INFO - root - load checkpoint from https://storage.googleapis.com/sfr-vision-language-research/LAVIS/models/BLIP2/blip2_pretrained_flant5xl.pth
11/15/2024 07:28:11 - INFO - __main__ - 
***** Running training *****
11/15/2024 07:28:11 - INFO - __main__ -   Num examples = 5
11/15/2024 07:28:11 - INFO - __main__ -   Num batches each epoch = 2
11/15/2024 07:28:11 - INFO - __main__ -   Num Epochs = 50
11/15/2024 07:28:11 - INFO - __main__ -   Instantaneous batch size per device = 3
11/15/2024 07:28:11 - INFO - __main__ -   Total train batch size (w. parallel, distributed & accumulation) = 3
11/15/2024 07:28:11 - INFO - __main__ -   Gradient Accumulation steps = 1
11/15/2024 07:28:11 - INFO - __main__ -   Total optimization steps = 100
11/15/2024 07:32:52 - INFO - __main__ - Running validation... 
 Generating 4 images with prompt:in the jungle.
11/15/2024 07:33:06 - INFO - root - Image have been saved in /shenzihe/WD-Disk/output/exp2/dog/checkpoint-100/images/in_the_jungle/
11/15/2024 07:33:20 - INFO - root - Image have been saved in /shenzihe/WD-Disk/output/exp2/dog/checkpoint-100/images/in_the_jungle/
11/15/2024 07:33:34 - INFO - root - Image have been saved in /shenzihe/WD-Disk/output/exp2/dog/checkpoint-100/images/in_the_jungle/
11/15/2024 07:33:49 - INFO - root - Image have been saved in /shenzihe/WD-Disk/output/exp2/dog/checkpoint-100/images/in_the_jungle/
11/15/2024 07:33:49 - INFO - __main__ - Running validation... 
 Generating 4 images with prompt:in the snow.
11/15/2024 07:34:02 - INFO - root - Image have been saved in /shenzihe/WD-Disk/output/exp2/dog/checkpoint-100/images/in_the_snow/
11/15/2024 07:34:16 - INFO - root - Image have been saved in /shenzihe/WD-Disk/output/exp2/dog/checkpoint-100/images/in_the_snow/
11/15/2024 07:34:30 - INFO - root - Image have been saved in /shenzihe/WD-Disk/output/exp2/dog/checkpoint-100/images/in_the_snow/
11/15/2024 07:34:44 - INFO - root - Image have been saved in /shenzihe/WD-Disk/output/exp2/dog/checkpoint-100/images/in_the_snow/
11/15/2024 07:34:44 - INFO - __main__ - Running validation... 
 Generating 4 images with prompt:on the beach.
11/15/2024 07:34:58 - INFO - root - Image have been saved in /shenzihe/WD-Disk/output/exp2/dog/checkpoint-100/images/on_the_beach/
11/15/2024 07:35:12 - INFO - root - Image have been saved in /shenzihe/WD-Disk/output/exp2/dog/checkpoint-100/images/on_the_beach/
11/15/2024 07:35:26 - INFO - root - Image have been saved in /shenzihe/WD-Disk/output/exp2/dog/checkpoint-100/images/on_the_beach/
11/15/2024 07:35:40 - INFO - root - Image have been saved in /shenzihe/WD-Disk/output/exp2/dog/checkpoint-100/images/on_the_beach/
11/15/2024 07:35:40 - INFO - __main__ - Running validation... 
 Generating 4 images with prompt:on a cobblestone street.
11/15/2024 07:35:54 - INFO - root - Image have been saved in /shenzihe/WD-Disk/output/exp2/dog/checkpoint-100/images/on_a_cobblestone_street/
11/15/2024 07:36:08 - INFO - root - Image have been saved in /shenzihe/WD-Disk/output/exp2/dog/checkpoint-100/images/on_a_cobblestone_street/
11/15/2024 07:36:21 - INFO - root - Image have been saved in /shenzihe/WD-Disk/output/exp2/dog/checkpoint-100/images/on_a_cobblestone_street/
11/15/2024 07:36:35 - INFO - root - Image have been saved in /shenzihe/WD-Disk/output/exp2/dog/checkpoint-100/images/on_a_cobblestone_street/
11/15/2024 07:36:35 - INFO - __main__ - Running validation... 
 Generating 4 images with prompt:on top of pink fabric.
11/15/2024 07:36:49 - INFO - root - Image have been saved in /shenzihe/WD-Disk/output/exp2/dog/checkpoint-100/images/on_top_of_pink_fabric/
11/15/2024 07:37:03 - INFO - root - Image have been saved in /shenzihe/WD-Disk/output/exp2/dog/checkpoint-100/images/on_top_of_pink_fabric/
11/15/2024 07:37:17 - INFO - root - Image have been saved in /shenzihe/WD-Disk/output/exp2/dog/checkpoint-100/images/on_top_of_pink_fabric/
11/15/2024 07:37:31 - INFO - root - Image have been saved in /shenzihe/WD-Disk/output/exp2/dog/checkpoint-100/images/on_top_of_pink_fabric/
11/15/2024 07:37:31 - INFO - __main__ - Running validation... 
 Generating 4 images with prompt:on top of a wooden floor.
11/15/2024 07:37:45 - INFO - root - Image have been saved in /shenzihe/WD-Disk/output/exp2/dog/checkpoint-100/images/on_top_of_a_wooden_floor/
11/15/2024 07:37:59 - INFO - root - Image have been saved in /shenzihe/WD-Disk/output/exp2/dog/checkpoint-100/images/on_top_of_a_wooden_floor/
11/15/2024 07:38:13 - INFO - root - Image have been saved in /shenzihe/WD-Disk/output/exp2/dog/checkpoint-100/images/on_top_of_a_wooden_floor/
11/15/2024 07:38:27 - INFO - root - Image have been saved in /shenzihe/WD-Disk/output/exp2/dog/checkpoint-100/images/on_top_of_a_wooden_floor/
11/15/2024 07:38:27 - INFO - __main__ - Running validation... 
 Generating 4 images with prompt:with a city in the background.
11/15/2024 07:38:41 - INFO - root - Image have been saved in /shenzihe/WD-Disk/output/exp2/dog/checkpoint-100/images/with_a_city_in_the_background/
11/15/2024 07:38:55 - INFO - root - Image have been saved in /shenzihe/WD-Disk/output/exp2/dog/checkpoint-100/images/with_a_city_in_the_background/
11/15/2024 07:39:09 - INFO - root - Image have been saved in /shenzihe/WD-Disk/output/exp2/dog/checkpoint-100/images/with_a_city_in_the_background/
11/15/2024 07:39:22 - INFO - root - Image have been saved in /shenzihe/WD-Disk/output/exp2/dog/checkpoint-100/images/with_a_city_in_the_background/
11/15/2024 07:39:22 - INFO - __main__ - Running validation... 
 Generating 4 images with prompt:with a mountain in the background.
11/15/2024 07:39:36 - INFO - root - Image have been saved in /shenzihe/WD-Disk/output/exp2/dog/checkpoint-100/images/with_a_mountain_in_the_background/
11/15/2024 07:39:50 - INFO - root - Image have been saved in /shenzihe/WD-Disk/output/exp2/dog/checkpoint-100/images/with_a_mountain_in_the_background/
11/15/2024 07:40:04 - INFO - root - Image have been saved in /shenzihe/WD-Disk/output/exp2/dog/checkpoint-100/images/with_a_mountain_in_the_background/
11/15/2024 07:40:18 - INFO - root - Image have been saved in /shenzihe/WD-Disk/output/exp2/dog/checkpoint-100/images/with_a_mountain_in_the_background/
11/15/2024 07:40:18 - INFO - __main__ - Running validation... 
 Generating 4 images with prompt:with a blue house in the background.
11/15/2024 07:40:32 - INFO - root - Image have been saved in /shenzihe/WD-Disk/output/exp2/dog/checkpoint-100/images/with_a_blue_house_in_the_background/
11/15/2024 07:40:46 - INFO - root - Image have been saved in /shenzihe/WD-Disk/output/exp2/dog/checkpoint-100/images/with_a_blue_house_in_the_background/
11/15/2024 07:41:00 - INFO - root - Image have been saved in /shenzihe/WD-Disk/output/exp2/dog/checkpoint-100/images/with_a_blue_house_in_the_background/
11/15/2024 07:41:14 - INFO - root - Image have been saved in /shenzihe/WD-Disk/output/exp2/dog/checkpoint-100/images/with_a_blue_house_in_the_background/
11/15/2024 07:41:14 - INFO - __main__ - Running validation... 
 Generating 4 images with prompt:on top of a purple rug in a forest.
11/15/2024 07:41:28 - INFO - root - Image have been saved in /shenzihe/WD-Disk/output/exp2/dog/checkpoint-100/images/on_top_of_a_purple_rug_in_a_forest/
11/15/2024 07:41:42 - INFO - root - Image have been saved in /shenzihe/WD-Disk/output/exp2/dog/checkpoint-100/images/on_top_of_a_purple_rug_in_a_forest/
11/15/2024 07:41:55 - INFO - root - Image have been saved in /shenzihe/WD-Disk/output/exp2/dog/checkpoint-100/images/on_top_of_a_purple_rug_in_a_forest/
11/15/2024 07:42:09 - INFO - root - Image have been saved in /shenzihe/WD-Disk/output/exp2/dog/checkpoint-100/images/on_top_of_a_purple_rug_in_a_forest/
11/15/2024 07:42:09 - INFO - __main__ - Running validation... 
 Generating 4 images with prompt:with a wheat field in the background.
11/15/2024 07:42:23 - INFO - root - Image have been saved in /shenzihe/WD-Disk/output/exp2/dog/checkpoint-100/images/with_a_wheat_field_in_the_background/
11/15/2024 07:42:37 - INFO - root - Image have been saved in /shenzihe/WD-Disk/output/exp2/dog/checkpoint-100/images/with_a_wheat_field_in_the_background/
11/15/2024 07:42:51 - INFO - root - Image have been saved in /shenzihe/WD-Disk/output/exp2/dog/checkpoint-100/images/with_a_wheat_field_in_the_background/
11/15/2024 07:43:05 - INFO - root - Image have been saved in /shenzihe/WD-Disk/output/exp2/dog/checkpoint-100/images/with_a_wheat_field_in_the_background/
11/15/2024 07:43:05 - INFO - __main__ - Running validation... 
 Generating 4 images with prompt:with a tree and autumn leaves in the background.
11/15/2024 07:43:19 - INFO - root - Image have been saved in /shenzihe/WD-Disk/output/exp2/dog/checkpoint-100/images/with_a_tree_and_autumn_leaves_in_the_background/
11/15/2024 07:43:33 - INFO - root - Image have been saved in /shenzihe/WD-Disk/output/exp2/dog/checkpoint-100/images/with_a_tree_and_autumn_leaves_in_the_background/
11/15/2024 07:43:47 - INFO - root - Image have been saved in /shenzihe/WD-Disk/output/exp2/dog/checkpoint-100/images/with_a_tree_and_autumn_leaves_in_the_background/
11/15/2024 07:44:01 - INFO - root - Image have been saved in /shenzihe/WD-Disk/output/exp2/dog/checkpoint-100/images/with_a_tree_and_autumn_leaves_in_the_background/
11/15/2024 07:44:01 - INFO - __main__ - Running validation... 
 Generating 4 images with prompt:with the Eiffel Tower in the background.
11/15/2024 07:44:15 - INFO - root - Image have been saved in /shenzihe/WD-Disk/output/exp2/dog/checkpoint-100/images/with_the_Eiffel_Tower_in_the_background/
11/15/2024 07:44:28 - INFO - root - Image have been saved in /shenzihe/WD-Disk/output/exp2/dog/checkpoint-100/images/with_the_Eiffel_Tower_in_the_background/
11/15/2024 07:44:42 - INFO - root - Image have been saved in /shenzihe/WD-Disk/output/exp2/dog/checkpoint-100/images/with_the_Eiffel_Tower_in_the_background/
11/15/2024 07:44:56 - INFO - root - Image have been saved in /shenzihe/WD-Disk/output/exp2/dog/checkpoint-100/images/with_the_Eiffel_Tower_in_the_background/
11/15/2024 07:44:56 - INFO - __main__ - Running validation... 
 Generating 4 images with prompt:floating on top of water.
11/15/2024 07:45:10 - INFO - root - Image have been saved in /shenzihe/WD-Disk/output/exp2/dog/checkpoint-100/images/floating_on_top_of_water/
11/15/2024 07:45:24 - INFO - root - Image have been saved in /shenzihe/WD-Disk/output/exp2/dog/checkpoint-100/images/floating_on_top_of_water/
11/15/2024 07:45:38 - INFO - root - Image have been saved in /shenzihe/WD-Disk/output/exp2/dog/checkpoint-100/images/floating_on_top_of_water/
11/15/2024 07:45:52 - INFO - root - Image have been saved in /shenzihe/WD-Disk/output/exp2/dog/checkpoint-100/images/floating_on_top_of_water/
11/15/2024 07:45:52 - INFO - __main__ - Running validation... 
 Generating 4 images with prompt:floating in an ocean of milk.
11/15/2024 07:46:06 - INFO - root - Image have been saved in /shenzihe/WD-Disk/output/exp2/dog/checkpoint-100/images/floating_in_an_ocean_of_milk/
11/15/2024 07:46:20 - INFO - root - Image have been saved in /shenzihe/WD-Disk/output/exp2/dog/checkpoint-100/images/floating_in_an_ocean_of_milk/
11/15/2024 07:46:34 - INFO - root - Image have been saved in /shenzihe/WD-Disk/output/exp2/dog/checkpoint-100/images/floating_in_an_ocean_of_milk/
11/15/2024 07:46:48 - INFO - root - Image have been saved in /shenzihe/WD-Disk/output/exp2/dog/checkpoint-100/images/floating_in_an_ocean_of_milk/
11/15/2024 07:46:48 - INFO - __main__ - Running validation... 
 Generating 4 images with prompt:on top of green grass with sunflowers around it.
11/15/2024 07:47:02 - INFO - root - Image have been saved in /shenzihe/WD-Disk/output/exp2/dog/checkpoint-100/images/on_top_of_green_grass_with_sunflowers_around_it/
11/15/2024 07:47:16 - INFO - root - Image have been saved in /shenzihe/WD-Disk/output/exp2/dog/checkpoint-100/images/on_top_of_green_grass_with_sunflowers_around_it/
11/15/2024 07:47:30 - INFO - root - Image have been saved in /shenzihe/WD-Disk/output/exp2/dog/checkpoint-100/images/on_top_of_green_grass_with_sunflowers_around_it/
11/15/2024 07:47:43 - INFO - root - Image have been saved in /shenzihe/WD-Disk/output/exp2/dog/checkpoint-100/images/on_top_of_green_grass_with_sunflowers_around_it/
11/15/2024 07:47:43 - INFO - __main__ - Running validation... 
 Generating 4 images with prompt:on top of a mirror.
11/15/2024 07:47:57 - INFO - root - Image have been saved in /shenzihe/WD-Disk/output/exp2/dog/checkpoint-100/images/on_top_of_a_mirror/
11/15/2024 07:48:11 - INFO - root - Image have been saved in /shenzihe/WD-Disk/output/exp2/dog/checkpoint-100/images/on_top_of_a_mirror/
11/15/2024 07:48:25 - INFO - root - Image have been saved in /shenzihe/WD-Disk/output/exp2/dog/checkpoint-100/images/on_top_of_a_mirror/
11/15/2024 07:48:39 - INFO - root - Image have been saved in /shenzihe/WD-Disk/output/exp2/dog/checkpoint-100/images/on_top_of_a_mirror/
11/15/2024 07:48:39 - INFO - __main__ - Running validation... 
 Generating 4 images with prompt:on top of the sidewalk in a crowded street.
11/15/2024 07:48:53 - INFO - root - Image have been saved in /shenzihe/WD-Disk/output/exp2/dog/checkpoint-100/images/on_top_of_the_sidewalk_in_a_crowded_street/
11/15/2024 07:49:07 - INFO - root - Image have been saved in /shenzihe/WD-Disk/output/exp2/dog/checkpoint-100/images/on_top_of_the_sidewalk_in_a_crowded_street/
11/15/2024 07:49:21 - INFO - root - Image have been saved in /shenzihe/WD-Disk/output/exp2/dog/checkpoint-100/images/on_top_of_the_sidewalk_in_a_crowded_street/
11/15/2024 07:49:35 - INFO - root - Image have been saved in /shenzihe/WD-Disk/output/exp2/dog/checkpoint-100/images/on_top_of_the_sidewalk_in_a_crowded_street/
11/15/2024 07:49:35 - INFO - __main__ - Running validation... 
 Generating 4 images with prompt:on top of a dirt road.
11/15/2024 07:49:49 - INFO - root - Image have been saved in /shenzihe/WD-Disk/output/exp2/dog/checkpoint-100/images/on_top_of_a_dirt_road/
11/15/2024 07:50:03 - INFO - root - Image have been saved in /shenzihe/WD-Disk/output/exp2/dog/checkpoint-100/images/on_top_of_a_dirt_road/
11/15/2024 07:50:17 - INFO - root - Image have been saved in /shenzihe/WD-Disk/output/exp2/dog/checkpoint-100/images/on_top_of_a_dirt_road/
11/15/2024 07:50:30 - INFO - root - Image have been saved in /shenzihe/WD-Disk/output/exp2/dog/checkpoint-100/images/on_top_of_a_dirt_road/
11/15/2024 07:50:30 - INFO - __main__ - Running validation... 
 Generating 4 images with prompt:on top of a white rug.
11/15/2024 07:50:44 - INFO - root - Image have been saved in /shenzihe/WD-Disk/output/exp2/dog/checkpoint-100/images/on_top_of_a_white_rug/
11/15/2024 07:50:58 - INFO - root - Image have been saved in /shenzihe/WD-Disk/output/exp2/dog/checkpoint-100/images/on_top_of_a_white_rug/
11/15/2024 07:51:12 - INFO - root - Image have been saved in /shenzihe/WD-Disk/output/exp2/dog/checkpoint-100/images/on_top_of_a_white_rug/
11/15/2024 07:51:26 - INFO - root - Image have been saved in /shenzihe/WD-Disk/output/exp2/dog/checkpoint-100/images/on_top_of_a_white_rug/
11/15/2024 07:51:26 - INFO - __main__ - Running validation... 
 Generating 4 images with prompt:red.
11/15/2024 07:51:40 - INFO - root - Image have been saved in /shenzihe/WD-Disk/output/exp2/dog/checkpoint-100/images/red/
11/15/2024 07:51:54 - INFO - root - Image have been saved in /shenzihe/WD-Disk/output/exp2/dog/checkpoint-100/images/red/
11/15/2024 07:52:08 - INFO - root - Image have been saved in /shenzihe/WD-Disk/output/exp2/dog/checkpoint-100/images/red/
11/15/2024 07:52:22 - INFO - root - Image have been saved in /shenzihe/WD-Disk/output/exp2/dog/checkpoint-100/images/red/
11/15/2024 07:52:22 - INFO - __main__ - Running validation... 
 Generating 4 images with prompt:purple.
11/15/2024 07:52:36 - INFO - root - Image have been saved in /shenzihe/WD-Disk/output/exp2/dog/checkpoint-100/images/purple/
11/15/2024 07:52:49 - INFO - root - Image have been saved in /shenzihe/WD-Disk/output/exp2/dog/checkpoint-100/images/purple/
11/15/2024 07:53:03 - INFO - root - Image have been saved in /shenzihe/WD-Disk/output/exp2/dog/checkpoint-100/images/purple/
11/15/2024 07:53:17 - INFO - root - Image have been saved in /shenzihe/WD-Disk/output/exp2/dog/checkpoint-100/images/purple/
11/15/2024 07:53:17 - INFO - __main__ - Running validation... 
 Generating 4 images with prompt:shiny.
11/15/2024 07:53:31 - INFO - root - Image have been saved in /shenzihe/WD-Disk/output/exp2/dog/checkpoint-100/images/shiny/
11/15/2024 07:53:45 - INFO - root - Image have been saved in /shenzihe/WD-Disk/output/exp2/dog/checkpoint-100/images/shiny/
11/15/2024 07:53:59 - INFO - root - Image have been saved in /shenzihe/WD-Disk/output/exp2/dog/checkpoint-100/images/shiny/
11/15/2024 07:54:13 - INFO - root - Image have been saved in /shenzihe/WD-Disk/output/exp2/dog/checkpoint-100/images/shiny/
11/15/2024 07:54:13 - INFO - __main__ - Running validation... 
 Generating 4 images with prompt:wet.
11/15/2024 07:54:27 - INFO - root - Image have been saved in /shenzihe/WD-Disk/output/exp2/dog/checkpoint-100/images/wet/
11/15/2024 07:54:41 - INFO - root - Image have been saved in /shenzihe/WD-Disk/output/exp2/dog/checkpoint-100/images/wet/
11/15/2024 07:54:54 - INFO - root - Image have been saved in /shenzihe/WD-Disk/output/exp2/dog/checkpoint-100/images/wet/
11/15/2024 07:55:08 - INFO - root - Image have been saved in /shenzihe/WD-Disk/output/exp2/dog/checkpoint-100/images/wet/
11/15/2024 07:55:08 - INFO - __main__ - Running validation... 
 Generating 4 images with prompt:cube shaped.
11/15/2024 07:55:22 - INFO - root - Image have been saved in /shenzihe/WD-Disk/output/exp2/dog/checkpoint-100/images/cube_shaped/
11/15/2024 07:55:36 - INFO - root - Image have been saved in /shenzihe/WD-Disk/output/exp2/dog/checkpoint-100/images/cube_shaped/
11/15/2024 07:55:50 - INFO - root - Image have been saved in /shenzihe/WD-Disk/output/exp2/dog/checkpoint-100/images/cube_shaped/
11/15/2024 07:56:04 - INFO - root - Image have been saved in /shenzihe/WD-Disk/output/exp2/dog/checkpoint-100/images/cube_shaped/
