11/14/2024 17:30:14 - INFO - __main__ - Distributed environment: NO
Num processes: 1
Process index: 0
Local process index: 0
Device: cuda

Mixed precision type: no

11/14/2024 17:30:16 - INFO - root - freeze vision encoder
11/14/2024 17:30:25 - INFO - root - Loading pretrained model from /root/.cache/torch/hub/checkpoints/blip-diffusion
11/14/2024 17:30:25 - INFO - root - Loading pretrained BLIP2 Qformer weights.
11/14/2024 17:30:27 - INFO - root - Loading pretrained projection lyer weights.
11/14/2024 17:30:27 - INFO - root - Loading pretrained text encoder weights.
11/14/2024 17:30:28 - INFO - root - Loading pretrained vae weights.
11/14/2024 17:30:28 - INFO - root - Loading pretrained unet weights.
11/14/2024 17:30:36 - INFO - root - Using xformers.
11/14/2024 17:30:36 - INFO - root - Building datasets...
11/14/2024 17:30:46 - INFO - root - freeze vision encoder
11/14/2024 17:31:13 - INFO - root - load checkpoint from https://storage.googleapis.com/sfr-vision-language-research/LAVIS/models/BLIP2/blip2_pretrained_flant5xl.pth
11/14/2024 17:31:14 - INFO - __main__ - 
***** Running training *****
11/14/2024 17:31:14 - INFO - __main__ -   Num examples = 5
11/14/2024 17:31:14 - INFO - __main__ -   Num batches each epoch = 2
11/14/2024 17:31:14 - INFO - __main__ -   Num Epochs = 50
11/14/2024 17:31:14 - INFO - __main__ -   Instantaneous batch size per device = 3
11/14/2024 17:31:14 - INFO - __main__ -   Total train batch size (w. parallel, distributed & accumulation) = 3
11/14/2024 17:31:14 - INFO - __main__ -   Gradient Accumulation steps = 1
11/14/2024 17:31:14 - INFO - __main__ -   Total optimization steps = 100
11/14/2024 17:36:38 - INFO - __main__ - Running validation... 
 Generating 4 images with prompt:in the jungle.
11/14/2024 17:36:53 - INFO - root - Image have been saved in /shenzihe/WD-Disk/output/exp/monster_toy/checkpoint-100/images/in_the_jungle/
11/14/2024 17:37:07 - INFO - root - Image have been saved in /shenzihe/WD-Disk/output/exp/monster_toy/checkpoint-100/images/in_the_jungle/
11/14/2024 17:37:20 - INFO - root - Image have been saved in /shenzihe/WD-Disk/output/exp/monster_toy/checkpoint-100/images/in_the_jungle/
11/14/2024 17:37:33 - INFO - root - Image have been saved in /shenzihe/WD-Disk/output/exp/monster_toy/checkpoint-100/images/in_the_jungle/
11/14/2024 17:37:33 - INFO - __main__ - Running validation... 
 Generating 4 images with prompt:in the snow.
11/14/2024 17:37:47 - INFO - root - Image have been saved in /shenzihe/WD-Disk/output/exp/monster_toy/checkpoint-100/images/in_the_snow/
11/14/2024 17:38:00 - INFO - root - Image have been saved in /shenzihe/WD-Disk/output/exp/monster_toy/checkpoint-100/images/in_the_snow/
11/14/2024 17:38:13 - INFO - root - Image have been saved in /shenzihe/WD-Disk/output/exp/monster_toy/checkpoint-100/images/in_the_snow/
11/14/2024 17:38:27 - INFO - root - Image have been saved in /shenzihe/WD-Disk/output/exp/monster_toy/checkpoint-100/images/in_the_snow/
11/14/2024 17:38:27 - INFO - __main__ - Running validation... 
 Generating 4 images with prompt:on the beach.
11/14/2024 17:38:40 - INFO - root - Image have been saved in /shenzihe/WD-Disk/output/exp/monster_toy/checkpoint-100/images/on_the_beach/
11/14/2024 17:38:54 - INFO - root - Image have been saved in /shenzihe/WD-Disk/output/exp/monster_toy/checkpoint-100/images/on_the_beach/
11/14/2024 17:39:07 - INFO - root - Image have been saved in /shenzihe/WD-Disk/output/exp/monster_toy/checkpoint-100/images/on_the_beach/
11/14/2024 17:39:20 - INFO - root - Image have been saved in /shenzihe/WD-Disk/output/exp/monster_toy/checkpoint-100/images/on_the_beach/
11/14/2024 17:39:20 - INFO - __main__ - Running validation... 
 Generating 4 images with prompt:on a cobblestone street.
11/14/2024 17:39:34 - INFO - root - Image have been saved in /shenzihe/WD-Disk/output/exp/monster_toy/checkpoint-100/images/on_a_cobblestone_street/
11/14/2024 17:39:47 - INFO - root - Image have been saved in /shenzihe/WD-Disk/output/exp/monster_toy/checkpoint-100/images/on_a_cobblestone_street/
11/14/2024 17:40:00 - INFO - root - Image have been saved in /shenzihe/WD-Disk/output/exp/monster_toy/checkpoint-100/images/on_a_cobblestone_street/
11/14/2024 17:40:14 - INFO - root - Image have been saved in /shenzihe/WD-Disk/output/exp/monster_toy/checkpoint-100/images/on_a_cobblestone_street/
11/14/2024 17:40:14 - INFO - __main__ - Running validation... 
 Generating 4 images with prompt:on top of pink fabric.
11/14/2024 17:40:27 - INFO - root - Image have been saved in /shenzihe/WD-Disk/output/exp/monster_toy/checkpoint-100/images/on_top_of_pink_fabric/
11/14/2024 17:40:40 - INFO - root - Image have been saved in /shenzihe/WD-Disk/output/exp/monster_toy/checkpoint-100/images/on_top_of_pink_fabric/
11/14/2024 17:40:54 - INFO - root - Image have been saved in /shenzihe/WD-Disk/output/exp/monster_toy/checkpoint-100/images/on_top_of_pink_fabric/
11/14/2024 17:41:07 - INFO - root - Image have been saved in /shenzihe/WD-Disk/output/exp/monster_toy/checkpoint-100/images/on_top_of_pink_fabric/
11/14/2024 17:41:07 - INFO - __main__ - Running validation... 
 Generating 4 images with prompt:on top of a wooden floor.
11/14/2024 17:41:21 - INFO - root - Image have been saved in /shenzihe/WD-Disk/output/exp/monster_toy/checkpoint-100/images/on_top_of_a_wooden_floor/
11/14/2024 17:41:34 - INFO - root - Image have been saved in /shenzihe/WD-Disk/output/exp/monster_toy/checkpoint-100/images/on_top_of_a_wooden_floor/
11/14/2024 17:41:47 - INFO - root - Image have been saved in /shenzihe/WD-Disk/output/exp/monster_toy/checkpoint-100/images/on_top_of_a_wooden_floor/
11/14/2024 17:42:01 - INFO - root - Image have been saved in /shenzihe/WD-Disk/output/exp/monster_toy/checkpoint-100/images/on_top_of_a_wooden_floor/
11/14/2024 17:42:01 - INFO - __main__ - Running validation... 
 Generating 4 images with prompt:with a city in the background.
11/14/2024 17:42:14 - INFO - root - Image have been saved in /shenzihe/WD-Disk/output/exp/monster_toy/checkpoint-100/images/with_a_city_in_the_background/
11/14/2024 17:42:27 - INFO - root - Image have been saved in /shenzihe/WD-Disk/output/exp/monster_toy/checkpoint-100/images/with_a_city_in_the_background/
11/14/2024 17:42:41 - INFO - root - Image have been saved in /shenzihe/WD-Disk/output/exp/monster_toy/checkpoint-100/images/with_a_city_in_the_background/
11/14/2024 17:42:54 - INFO - root - Image have been saved in /shenzihe/WD-Disk/output/exp/monster_toy/checkpoint-100/images/with_a_city_in_the_background/
11/14/2024 17:42:54 - INFO - __main__ - Running validation... 
 Generating 4 images with prompt:with a mountain in the background.
11/14/2024 17:43:08 - INFO - root - Image have been saved in /shenzihe/WD-Disk/output/exp/monster_toy/checkpoint-100/images/with_a_mountain_in_the_background/
11/14/2024 17:43:21 - INFO - root - Image have been saved in /shenzihe/WD-Disk/output/exp/monster_toy/checkpoint-100/images/with_a_mountain_in_the_background/
11/14/2024 17:43:35 - INFO - root - Image have been saved in /shenzihe/WD-Disk/output/exp/monster_toy/checkpoint-100/images/with_a_mountain_in_the_background/
11/14/2024 17:43:48 - INFO - root - Image have been saved in /shenzihe/WD-Disk/output/exp/monster_toy/checkpoint-100/images/with_a_mountain_in_the_background/
11/14/2024 17:43:48 - INFO - __main__ - Running validation... 
 Generating 4 images with prompt:with a blue house in the background.
11/14/2024 17:44:02 - INFO - root - Image have been saved in /shenzihe/WD-Disk/output/exp/monster_toy/checkpoint-100/images/with_a_blue_house_in_the_background/
11/14/2024 17:44:15 - INFO - root - Image have been saved in /shenzihe/WD-Disk/output/exp/monster_toy/checkpoint-100/images/with_a_blue_house_in_the_background/
11/14/2024 17:44:29 - INFO - root - Image have been saved in /shenzihe/WD-Disk/output/exp/monster_toy/checkpoint-100/images/with_a_blue_house_in_the_background/
11/14/2024 17:44:42 - INFO - root - Image have been saved in /shenzihe/WD-Disk/output/exp/monster_toy/checkpoint-100/images/with_a_blue_house_in_the_background/
11/14/2024 17:44:42 - INFO - __main__ - Running validation... 
 Generating 4 images with prompt:on top of a purple rug in a forest.
11/14/2024 17:44:55 - INFO - root - Image have been saved in /shenzihe/WD-Disk/output/exp/monster_toy/checkpoint-100/images/on_top_of_a_purple_rug_in_a_forest/
11/14/2024 17:45:09 - INFO - root - Image have been saved in /shenzihe/WD-Disk/output/exp/monster_toy/checkpoint-100/images/on_top_of_a_purple_rug_in_a_forest/
11/14/2024 17:45:22 - INFO - root - Image have been saved in /shenzihe/WD-Disk/output/exp/monster_toy/checkpoint-100/images/on_top_of_a_purple_rug_in_a_forest/
11/14/2024 17:45:35 - INFO - root - Image have been saved in /shenzihe/WD-Disk/output/exp/monster_toy/checkpoint-100/images/on_top_of_a_purple_rug_in_a_forest/
11/14/2024 17:45:35 - INFO - __main__ - Running validation... 
 Generating 4 images with prompt:with a wheat field in the background.
11/14/2024 17:45:49 - INFO - root - Image have been saved in /shenzihe/WD-Disk/output/exp/monster_toy/checkpoint-100/images/with_a_wheat_field_in_the_background/
11/14/2024 17:46:02 - INFO - root - Image have been saved in /shenzihe/WD-Disk/output/exp/monster_toy/checkpoint-100/images/with_a_wheat_field_in_the_background/
11/14/2024 17:46:15 - INFO - root - Image have been saved in /shenzihe/WD-Disk/output/exp/monster_toy/checkpoint-100/images/with_a_wheat_field_in_the_background/
11/14/2024 17:46:29 - INFO - root - Image have been saved in /shenzihe/WD-Disk/output/exp/monster_toy/checkpoint-100/images/with_a_wheat_field_in_the_background/
11/14/2024 17:46:29 - INFO - __main__ - Running validation... 
 Generating 4 images with prompt:with a tree and autumn leaves in the background.
11/14/2024 17:46:42 - INFO - root - Image have been saved in /shenzihe/WD-Disk/output/exp/monster_toy/checkpoint-100/images/with_a_tree_and_autumn_leaves_in_the_background/
11/14/2024 17:46:56 - INFO - root - Image have been saved in /shenzihe/WD-Disk/output/exp/monster_toy/checkpoint-100/images/with_a_tree_and_autumn_leaves_in_the_background/
11/14/2024 17:47:09 - INFO - root - Image have been saved in /shenzihe/WD-Disk/output/exp/monster_toy/checkpoint-100/images/with_a_tree_and_autumn_leaves_in_the_background/
11/14/2024 17:47:22 - INFO - root - Image have been saved in /shenzihe/WD-Disk/output/exp/monster_toy/checkpoint-100/images/with_a_tree_and_autumn_leaves_in_the_background/
11/14/2024 17:47:22 - INFO - __main__ - Running validation... 
 Generating 4 images with prompt:with the Eiffel Tower in the background.
11/14/2024 17:47:36 - INFO - root - Image have been saved in /shenzihe/WD-Disk/output/exp/monster_toy/checkpoint-100/images/with_the_Eiffel_Tower_in_the_background/
11/14/2024 17:47:49 - INFO - root - Image have been saved in /shenzihe/WD-Disk/output/exp/monster_toy/checkpoint-100/images/with_the_Eiffel_Tower_in_the_background/
11/14/2024 17:48:02 - INFO - root - Image have been saved in /shenzihe/WD-Disk/output/exp/monster_toy/checkpoint-100/images/with_the_Eiffel_Tower_in_the_background/
11/14/2024 17:48:16 - INFO - root - Image have been saved in /shenzihe/WD-Disk/output/exp/monster_toy/checkpoint-100/images/with_the_Eiffel_Tower_in_the_background/
11/14/2024 17:48:16 - INFO - __main__ - Running validation... 
 Generating 4 images with prompt:floating on top of water.
11/14/2024 17:48:29 - INFO - root - Image have been saved in /shenzihe/WD-Disk/output/exp/monster_toy/checkpoint-100/images/floating_on_top_of_water/
11/14/2024 17:48:43 - INFO - root - Image have been saved in /shenzihe/WD-Disk/output/exp/monster_toy/checkpoint-100/images/floating_on_top_of_water/
11/14/2024 17:48:56 - INFO - root - Image have been saved in /shenzihe/WD-Disk/output/exp/monster_toy/checkpoint-100/images/floating_on_top_of_water/
11/14/2024 17:49:09 - INFO - root - Image have been saved in /shenzihe/WD-Disk/output/exp/monster_toy/checkpoint-100/images/floating_on_top_of_water/
11/14/2024 17:49:09 - INFO - __main__ - Running validation... 
 Generating 4 images with prompt:floating in an ocean of milk.
11/14/2024 17:49:23 - INFO - root - Image have been saved in /shenzihe/WD-Disk/output/exp/monster_toy/checkpoint-100/images/floating_in_an_ocean_of_milk/
11/14/2024 17:49:36 - INFO - root - Image have been saved in /shenzihe/WD-Disk/output/exp/monster_toy/checkpoint-100/images/floating_in_an_ocean_of_milk/
11/14/2024 17:49:49 - INFO - root - Image have been saved in /shenzihe/WD-Disk/output/exp/monster_toy/checkpoint-100/images/floating_in_an_ocean_of_milk/
11/14/2024 17:50:03 - INFO - root - Image have been saved in /shenzihe/WD-Disk/output/exp/monster_toy/checkpoint-100/images/floating_in_an_ocean_of_milk/
11/14/2024 17:50:03 - INFO - __main__ - Running validation... 
 Generating 4 images with prompt:on top of green grass with sunflowers around it.
11/14/2024 17:50:16 - INFO - root - Image have been saved in /shenzihe/WD-Disk/output/exp/monster_toy/checkpoint-100/images/on_top_of_green_grass_with_sunflowers_around_it/
11/14/2024 17:50:29 - INFO - root - Image have been saved in /shenzihe/WD-Disk/output/exp/monster_toy/checkpoint-100/images/on_top_of_green_grass_with_sunflowers_around_it/
11/14/2024 17:50:43 - INFO - root - Image have been saved in /shenzihe/WD-Disk/output/exp/monster_toy/checkpoint-100/images/on_top_of_green_grass_with_sunflowers_around_it/
11/14/2024 17:50:56 - INFO - root - Image have been saved in /shenzihe/WD-Disk/output/exp/monster_toy/checkpoint-100/images/on_top_of_green_grass_with_sunflowers_around_it/
11/14/2024 17:50:56 - INFO - __main__ - Running validation... 
 Generating 4 images with prompt:on top of a mirror.
11/14/2024 17:51:10 - INFO - root - Image have been saved in /shenzihe/WD-Disk/output/exp/monster_toy/checkpoint-100/images/on_top_of_a_mirror/
11/14/2024 17:51:23 - INFO - root - Image have been saved in /shenzihe/WD-Disk/output/exp/monster_toy/checkpoint-100/images/on_top_of_a_mirror/
11/14/2024 17:51:36 - INFO - root - Image have been saved in /shenzihe/WD-Disk/output/exp/monster_toy/checkpoint-100/images/on_top_of_a_mirror/
11/14/2024 17:51:50 - INFO - root - Image have been saved in /shenzihe/WD-Disk/output/exp/monster_toy/checkpoint-100/images/on_top_of_a_mirror/
11/14/2024 17:51:50 - INFO - __main__ - Running validation... 
 Generating 4 images with prompt:on top of the sidewalk in a crowded street.
11/14/2024 17:52:03 - INFO - root - Image have been saved in /shenzihe/WD-Disk/output/exp/monster_toy/checkpoint-100/images/on_top_of_the_sidewalk_in_a_crowded_street/
11/14/2024 17:52:16 - INFO - root - Image have been saved in /shenzihe/WD-Disk/output/exp/monster_toy/checkpoint-100/images/on_top_of_the_sidewalk_in_a_crowded_street/
11/14/2024 17:52:30 - INFO - root - Image have been saved in /shenzihe/WD-Disk/output/exp/monster_toy/checkpoint-100/images/on_top_of_the_sidewalk_in_a_crowded_street/
11/14/2024 17:52:43 - INFO - root - Image have been saved in /shenzihe/WD-Disk/output/exp/monster_toy/checkpoint-100/images/on_top_of_the_sidewalk_in_a_crowded_street/
11/14/2024 17:52:43 - INFO - __main__ - Running validation... 
 Generating 4 images with prompt:on top of a dirt road.
11/14/2024 17:52:57 - INFO - root - Image have been saved in /shenzihe/WD-Disk/output/exp/monster_toy/checkpoint-100/images/on_top_of_a_dirt_road/
11/14/2024 17:53:10 - INFO - root - Image have been saved in /shenzihe/WD-Disk/output/exp/monster_toy/checkpoint-100/images/on_top_of_a_dirt_road/
11/14/2024 17:53:23 - INFO - root - Image have been saved in /shenzihe/WD-Disk/output/exp/monster_toy/checkpoint-100/images/on_top_of_a_dirt_road/
11/14/2024 17:53:37 - INFO - root - Image have been saved in /shenzihe/WD-Disk/output/exp/monster_toy/checkpoint-100/images/on_top_of_a_dirt_road/
11/14/2024 17:53:37 - INFO - __main__ - Running validation... 
 Generating 4 images with prompt:on top of a white rug.
11/14/2024 17:53:50 - INFO - root - Image have been saved in /shenzihe/WD-Disk/output/exp/monster_toy/checkpoint-100/images/on_top_of_a_white_rug/
11/14/2024 17:54:03 - INFO - root - Image have been saved in /shenzihe/WD-Disk/output/exp/monster_toy/checkpoint-100/images/on_top_of_a_white_rug/
11/14/2024 17:54:17 - INFO - root - Image have been saved in /shenzihe/WD-Disk/output/exp/monster_toy/checkpoint-100/images/on_top_of_a_white_rug/
11/14/2024 17:54:30 - INFO - root - Image have been saved in /shenzihe/WD-Disk/output/exp/monster_toy/checkpoint-100/images/on_top_of_a_white_rug/
11/14/2024 17:54:30 - INFO - __main__ - Running validation... 
 Generating 4 images with prompt:red.
11/14/2024 17:54:43 - INFO - root - Image have been saved in /shenzihe/WD-Disk/output/exp/monster_toy/checkpoint-100/images/red/
11/14/2024 17:54:57 - INFO - root - Image have been saved in /shenzihe/WD-Disk/output/exp/monster_toy/checkpoint-100/images/red/
11/14/2024 17:55:10 - INFO - root - Image have been saved in /shenzihe/WD-Disk/output/exp/monster_toy/checkpoint-100/images/red/
11/14/2024 17:55:23 - INFO - root - Image have been saved in /shenzihe/WD-Disk/output/exp/monster_toy/checkpoint-100/images/red/
11/14/2024 17:55:23 - INFO - __main__ - Running validation... 
 Generating 4 images with prompt:purple.
11/14/2024 17:55:37 - INFO - root - Image have been saved in /shenzihe/WD-Disk/output/exp/monster_toy/checkpoint-100/images/purple/
11/14/2024 17:55:50 - INFO - root - Image have been saved in /shenzihe/WD-Disk/output/exp/monster_toy/checkpoint-100/images/purple/
11/14/2024 17:56:03 - INFO - root - Image have been saved in /shenzihe/WD-Disk/output/exp/monster_toy/checkpoint-100/images/purple/
11/14/2024 17:56:17 - INFO - root - Image have been saved in /shenzihe/WD-Disk/output/exp/monster_toy/checkpoint-100/images/purple/
11/14/2024 17:56:17 - INFO - __main__ - Running validation... 
 Generating 4 images with prompt:shiny.
11/14/2024 17:56:30 - INFO - root - Image have been saved in /shenzihe/WD-Disk/output/exp/monster_toy/checkpoint-100/images/shiny/
11/14/2024 17:56:44 - INFO - root - Image have been saved in /shenzihe/WD-Disk/output/exp/monster_toy/checkpoint-100/images/shiny/
11/14/2024 17:56:57 - INFO - root - Image have been saved in /shenzihe/WD-Disk/output/exp/monster_toy/checkpoint-100/images/shiny/
11/14/2024 17:57:10 - INFO - root - Image have been saved in /shenzihe/WD-Disk/output/exp/monster_toy/checkpoint-100/images/shiny/
11/14/2024 17:57:10 - INFO - __main__ - Running validation... 
 Generating 4 images with prompt:wet.
11/14/2024 17:57:24 - INFO - root - Image have been saved in /shenzihe/WD-Disk/output/exp/monster_toy/checkpoint-100/images/wet/
11/14/2024 17:57:37 - INFO - root - Image have been saved in /shenzihe/WD-Disk/output/exp/monster_toy/checkpoint-100/images/wet/
11/14/2024 17:57:50 - INFO - root - Image have been saved in /shenzihe/WD-Disk/output/exp/monster_toy/checkpoint-100/images/wet/
11/14/2024 17:58:04 - INFO - root - Image have been saved in /shenzihe/WD-Disk/output/exp/monster_toy/checkpoint-100/images/wet/
11/14/2024 17:58:04 - INFO - __main__ - Running validation... 
 Generating 4 images with prompt:cube shaped.
11/14/2024 17:58:17 - INFO - root - Image have been saved in /shenzihe/WD-Disk/output/exp/monster_toy/checkpoint-100/images/cube_shaped/
11/14/2024 17:58:30 - INFO - root - Image have been saved in /shenzihe/WD-Disk/output/exp/monster_toy/checkpoint-100/images/cube_shaped/
11/14/2024 17:58:44 - INFO - root - Image have been saved in /shenzihe/WD-Disk/output/exp/monster_toy/checkpoint-100/images/cube_shaped/
11/14/2024 17:58:57 - INFO - root - Image have been saved in /shenzihe/WD-Disk/output/exp/monster_toy/checkpoint-100/images/cube_shaped/
