11/18/2024 04:16:20 - INFO - __main__ - Distributed environment: NO
Num processes: 1
Process index: 0
Local process index: 0
Device: cuda

Mixed precision type: no

11/18/2024 04:16:22 - INFO - root - freeze vision encoder
11/18/2024 04:16:32 - INFO - root - Loading pretrained model from /root/.cache/torch/hub/checkpoints/blip-diffusion
11/18/2024 04:16:32 - INFO - root - Loading pretrained BLIP2 Qformer weights.
11/18/2024 04:16:34 - INFO - root - Loading pretrained projection lyer weights.
11/18/2024 04:16:34 - INFO - root - Loading pretrained text encoder weights.
11/18/2024 04:16:34 - INFO - root - Loading pretrained vae weights.
11/18/2024 04:16:35 - INFO - root - Loading pretrained unet weights.
11/18/2024 04:16:46 - INFO - root - Using xformers.
11/18/2024 04:16:46 - INFO - root - Building datasets...
11/18/2024 04:16:56 - INFO - root - freeze vision encoder
11/18/2024 04:17:31 - INFO - root - load checkpoint from https://storage.googleapis.com/sfr-vision-language-research/LAVIS/models/BLIP2/blip2_pretrained_flant5xl.pth
11/18/2024 04:17:33 - INFO - __main__ - 
***** Running training *****
11/18/2024 04:17:33 - INFO - __main__ -   Num examples = 5
11/18/2024 04:17:33 - INFO - __main__ -   Num batches each epoch = 2
11/18/2024 04:17:33 - INFO - __main__ -   Num Epochs = 50
11/18/2024 04:17:33 - INFO - __main__ -   Instantaneous batch size per device = 3
11/18/2024 04:17:33 - INFO - __main__ -   Total train batch size (w. parallel, distributed & accumulation) = 3
11/18/2024 04:17:33 - INFO - __main__ -   Gradient Accumulation steps = 1
11/18/2024 04:17:33 - INFO - __main__ -   Total optimization steps = 100
11/18/2024 04:22:45 - INFO - __main__ - Running validation... 
 Generating 4 images with prompt:in the jungle.
11/18/2024 04:22:59 - INFO - root - Image have been saved in /shenzihe/WD-Disk/output/exp3/robot_toy/checkpoint-100/images/in_the_jungle/
11/18/2024 04:23:14 - INFO - root - Image have been saved in /shenzihe/WD-Disk/output/exp3/robot_toy/checkpoint-100/images/in_the_jungle/
11/18/2024 04:23:28 - INFO - root - Image have been saved in /shenzihe/WD-Disk/output/exp3/robot_toy/checkpoint-100/images/in_the_jungle/
11/18/2024 04:23:43 - INFO - root - Image have been saved in /shenzihe/WD-Disk/output/exp3/robot_toy/checkpoint-100/images/in_the_jungle/
11/18/2024 04:23:43 - INFO - __main__ - Running validation... 
 Generating 4 images with prompt:in the snow.
11/18/2024 04:23:57 - INFO - root - Image have been saved in /shenzihe/WD-Disk/output/exp3/robot_toy/checkpoint-100/images/in_the_snow/
11/18/2024 04:24:11 - INFO - root - Image have been saved in /shenzihe/WD-Disk/output/exp3/robot_toy/checkpoint-100/images/in_the_snow/
11/18/2024 04:24:25 - INFO - root - Image have been saved in /shenzihe/WD-Disk/output/exp3/robot_toy/checkpoint-100/images/in_the_snow/
11/18/2024 04:24:39 - INFO - root - Image have been saved in /shenzihe/WD-Disk/output/exp3/robot_toy/checkpoint-100/images/in_the_snow/
11/18/2024 04:24:39 - INFO - __main__ - Running validation... 
 Generating 4 images with prompt:on the beach.
11/18/2024 04:24:53 - INFO - root - Image have been saved in /shenzihe/WD-Disk/output/exp3/robot_toy/checkpoint-100/images/on_the_beach/
11/18/2024 04:25:07 - INFO - root - Image have been saved in /shenzihe/WD-Disk/output/exp3/robot_toy/checkpoint-100/images/on_the_beach/
11/18/2024 04:25:21 - INFO - root - Image have been saved in /shenzihe/WD-Disk/output/exp3/robot_toy/checkpoint-100/images/on_the_beach/
11/18/2024 04:25:35 - INFO - root - Image have been saved in /shenzihe/WD-Disk/output/exp3/robot_toy/checkpoint-100/images/on_the_beach/
11/18/2024 04:25:35 - INFO - __main__ - Running validation... 
 Generating 4 images with prompt:on a cobblestone street.
11/18/2024 04:25:49 - INFO - root - Image have been saved in /shenzihe/WD-Disk/output/exp3/robot_toy/checkpoint-100/images/on_a_cobblestone_street/
11/18/2024 04:26:03 - INFO - root - Image have been saved in /shenzihe/WD-Disk/output/exp3/robot_toy/checkpoint-100/images/on_a_cobblestone_street/
11/18/2024 04:26:17 - INFO - root - Image have been saved in /shenzihe/WD-Disk/output/exp3/robot_toy/checkpoint-100/images/on_a_cobblestone_street/
11/18/2024 04:26:31 - INFO - root - Image have been saved in /shenzihe/WD-Disk/output/exp3/robot_toy/checkpoint-100/images/on_a_cobblestone_street/
11/18/2024 04:26:31 - INFO - __main__ - Running validation... 
 Generating 4 images with prompt:on top of pink fabric.
11/18/2024 04:26:45 - INFO - root - Image have been saved in /shenzihe/WD-Disk/output/exp3/robot_toy/checkpoint-100/images/on_top_of_pink_fabric/
11/18/2024 04:26:59 - INFO - root - Image have been saved in /shenzihe/WD-Disk/output/exp3/robot_toy/checkpoint-100/images/on_top_of_pink_fabric/
11/18/2024 04:27:13 - INFO - root - Image have been saved in /shenzihe/WD-Disk/output/exp3/robot_toy/checkpoint-100/images/on_top_of_pink_fabric/
11/18/2024 04:27:27 - INFO - root - Image have been saved in /shenzihe/WD-Disk/output/exp3/robot_toy/checkpoint-100/images/on_top_of_pink_fabric/
11/18/2024 04:27:27 - INFO - __main__ - Running validation... 
 Generating 4 images with prompt:on top of a wooden floor.
11/18/2024 04:27:41 - INFO - root - Image have been saved in /shenzihe/WD-Disk/output/exp3/robot_toy/checkpoint-100/images/on_top_of_a_wooden_floor/
11/18/2024 04:27:55 - INFO - root - Image have been saved in /shenzihe/WD-Disk/output/exp3/robot_toy/checkpoint-100/images/on_top_of_a_wooden_floor/
11/18/2024 04:28:09 - INFO - root - Image have been saved in /shenzihe/WD-Disk/output/exp3/robot_toy/checkpoint-100/images/on_top_of_a_wooden_floor/
11/18/2024 04:28:23 - INFO - root - Image have been saved in /shenzihe/WD-Disk/output/exp3/robot_toy/checkpoint-100/images/on_top_of_a_wooden_floor/
11/18/2024 04:28:23 - INFO - __main__ - Running validation... 
 Generating 4 images with prompt:with a city in the background.
11/18/2024 04:28:37 - INFO - root - Image have been saved in /shenzihe/WD-Disk/output/exp3/robot_toy/checkpoint-100/images/with_a_city_in_the_background/
11/18/2024 04:28:51 - INFO - root - Image have been saved in /shenzihe/WD-Disk/output/exp3/robot_toy/checkpoint-100/images/with_a_city_in_the_background/
11/18/2024 04:29:05 - INFO - root - Image have been saved in /shenzihe/WD-Disk/output/exp3/robot_toy/checkpoint-100/images/with_a_city_in_the_background/
11/18/2024 04:29:19 - INFO - root - Image have been saved in /shenzihe/WD-Disk/output/exp3/robot_toy/checkpoint-100/images/with_a_city_in_the_background/
11/18/2024 04:29:19 - INFO - __main__ - Running validation... 
 Generating 4 images with prompt:with a mountain in the background.
11/18/2024 04:29:33 - INFO - root - Image have been saved in /shenzihe/WD-Disk/output/exp3/robot_toy/checkpoint-100/images/with_a_mountain_in_the_background/
11/18/2024 04:29:47 - INFO - root - Image have been saved in /shenzihe/WD-Disk/output/exp3/robot_toy/checkpoint-100/images/with_a_mountain_in_the_background/
11/18/2024 04:30:01 - INFO - root - Image have been saved in /shenzihe/WD-Disk/output/exp3/robot_toy/checkpoint-100/images/with_a_mountain_in_the_background/
11/18/2024 04:30:15 - INFO - root - Image have been saved in /shenzihe/WD-Disk/output/exp3/robot_toy/checkpoint-100/images/with_a_mountain_in_the_background/
11/18/2024 04:30:15 - INFO - __main__ - Running validation... 
 Generating 4 images with prompt:with a blue house in the background.
11/18/2024 04:30:29 - INFO - root - Image have been saved in /shenzihe/WD-Disk/output/exp3/robot_toy/checkpoint-100/images/with_a_blue_house_in_the_background/
11/18/2024 04:30:43 - INFO - root - Image have been saved in /shenzihe/WD-Disk/output/exp3/robot_toy/checkpoint-100/images/with_a_blue_house_in_the_background/
11/18/2024 04:30:57 - INFO - root - Image have been saved in /shenzihe/WD-Disk/output/exp3/robot_toy/checkpoint-100/images/with_a_blue_house_in_the_background/
11/18/2024 04:31:11 - INFO - root - Image have been saved in /shenzihe/WD-Disk/output/exp3/robot_toy/checkpoint-100/images/with_a_blue_house_in_the_background/
11/18/2024 04:31:11 - INFO - __main__ - Running validation... 
 Generating 4 images with prompt:on top of a purple rug in a forest.
11/18/2024 04:31:25 - INFO - root - Image have been saved in /shenzihe/WD-Disk/output/exp3/robot_toy/checkpoint-100/images/on_top_of_a_purple_rug_in_a_forest/
11/18/2024 04:31:40 - INFO - root - Image have been saved in /shenzihe/WD-Disk/output/exp3/robot_toy/checkpoint-100/images/on_top_of_a_purple_rug_in_a_forest/
11/18/2024 04:31:53 - INFO - root - Image have been saved in /shenzihe/WD-Disk/output/exp3/robot_toy/checkpoint-100/images/on_top_of_a_purple_rug_in_a_forest/
11/18/2024 04:32:08 - INFO - root - Image have been saved in /shenzihe/WD-Disk/output/exp3/robot_toy/checkpoint-100/images/on_top_of_a_purple_rug_in_a_forest/
11/18/2024 04:32:08 - INFO - __main__ - Running validation... 
 Generating 4 images with prompt:with a wheat field in the background.
11/18/2024 04:32:22 - INFO - root - Image have been saved in /shenzihe/WD-Disk/output/exp3/robot_toy/checkpoint-100/images/with_a_wheat_field_in_the_background/
11/18/2024 04:32:36 - INFO - root - Image have been saved in /shenzihe/WD-Disk/output/exp3/robot_toy/checkpoint-100/images/with_a_wheat_field_in_the_background/
11/18/2024 04:32:50 - INFO - root - Image have been saved in /shenzihe/WD-Disk/output/exp3/robot_toy/checkpoint-100/images/with_a_wheat_field_in_the_background/
11/18/2024 04:33:04 - INFO - root - Image have been saved in /shenzihe/WD-Disk/output/exp3/robot_toy/checkpoint-100/images/with_a_wheat_field_in_the_background/
11/18/2024 04:33:04 - INFO - __main__ - Running validation... 
 Generating 4 images with prompt:with a tree and autumn leaves in the background.
11/18/2024 04:33:18 - INFO - root - Image have been saved in /shenzihe/WD-Disk/output/exp3/robot_toy/checkpoint-100/images/with_a_tree_and_autumn_leaves_in_the_background/
11/18/2024 04:33:32 - INFO - root - Image have been saved in /shenzihe/WD-Disk/output/exp3/robot_toy/checkpoint-100/images/with_a_tree_and_autumn_leaves_in_the_background/
11/18/2024 04:33:46 - INFO - root - Image have been saved in /shenzihe/WD-Disk/output/exp3/robot_toy/checkpoint-100/images/with_a_tree_and_autumn_leaves_in_the_background/
11/18/2024 04:34:00 - INFO - root - Image have been saved in /shenzihe/WD-Disk/output/exp3/robot_toy/checkpoint-100/images/with_a_tree_and_autumn_leaves_in_the_background/
11/18/2024 04:34:00 - INFO - __main__ - Running validation... 
 Generating 4 images with prompt:with the Eiffel Tower in the background.
11/18/2024 04:34:14 - INFO - root - Image have been saved in /shenzihe/WD-Disk/output/exp3/robot_toy/checkpoint-100/images/with_the_Eiffel_Tower_in_the_background/
11/18/2024 04:34:28 - INFO - root - Image have been saved in /shenzihe/WD-Disk/output/exp3/robot_toy/checkpoint-100/images/with_the_Eiffel_Tower_in_the_background/
11/18/2024 04:34:42 - INFO - root - Image have been saved in /shenzihe/WD-Disk/output/exp3/robot_toy/checkpoint-100/images/with_the_Eiffel_Tower_in_the_background/
11/18/2024 04:34:56 - INFO - root - Image have been saved in /shenzihe/WD-Disk/output/exp3/robot_toy/checkpoint-100/images/with_the_Eiffel_Tower_in_the_background/
11/18/2024 04:34:56 - INFO - __main__ - Running validation... 
 Generating 4 images with prompt:floating on top of water.
11/18/2024 04:35:10 - INFO - root - Image have been saved in /shenzihe/WD-Disk/output/exp3/robot_toy/checkpoint-100/images/floating_on_top_of_water/
11/18/2024 04:35:24 - INFO - root - Image have been saved in /shenzihe/WD-Disk/output/exp3/robot_toy/checkpoint-100/images/floating_on_top_of_water/
11/18/2024 04:35:38 - INFO - root - Image have been saved in /shenzihe/WD-Disk/output/exp3/robot_toy/checkpoint-100/images/floating_on_top_of_water/
11/18/2024 04:35:52 - INFO - root - Image have been saved in /shenzihe/WD-Disk/output/exp3/robot_toy/checkpoint-100/images/floating_on_top_of_water/
11/18/2024 04:35:52 - INFO - __main__ - Running validation... 
 Generating 4 images with prompt:floating in an ocean of milk.
11/18/2024 04:36:06 - INFO - root - Image have been saved in /shenzihe/WD-Disk/output/exp3/robot_toy/checkpoint-100/images/floating_in_an_ocean_of_milk/
11/18/2024 04:36:20 - INFO - root - Image have been saved in /shenzihe/WD-Disk/output/exp3/robot_toy/checkpoint-100/images/floating_in_an_ocean_of_milk/
11/18/2024 04:36:34 - INFO - root - Image have been saved in /shenzihe/WD-Disk/output/exp3/robot_toy/checkpoint-100/images/floating_in_an_ocean_of_milk/
11/18/2024 04:36:48 - INFO - root - Image have been saved in /shenzihe/WD-Disk/output/exp3/robot_toy/checkpoint-100/images/floating_in_an_ocean_of_milk/
11/18/2024 04:36:48 - INFO - __main__ - Running validation... 
 Generating 4 images with prompt:on top of green grass with sunflowers around it.
11/18/2024 04:37:02 - INFO - root - Image have been saved in /shenzihe/WD-Disk/output/exp3/robot_toy/checkpoint-100/images/on_top_of_green_grass_with_sunflowers_around_it/
11/18/2024 04:37:16 - INFO - root - Image have been saved in /shenzihe/WD-Disk/output/exp3/robot_toy/checkpoint-100/images/on_top_of_green_grass_with_sunflowers_around_it/
11/18/2024 04:37:30 - INFO - root - Image have been saved in /shenzihe/WD-Disk/output/exp3/robot_toy/checkpoint-100/images/on_top_of_green_grass_with_sunflowers_around_it/
11/18/2024 04:37:44 - INFO - root - Image have been saved in /shenzihe/WD-Disk/output/exp3/robot_toy/checkpoint-100/images/on_top_of_green_grass_with_sunflowers_around_it/
11/18/2024 04:37:44 - INFO - __main__ - Running validation... 
 Generating 4 images with prompt:on top of a mirror.
11/18/2024 04:37:58 - INFO - root - Image have been saved in /shenzihe/WD-Disk/output/exp3/robot_toy/checkpoint-100/images/on_top_of_a_mirror/
11/18/2024 04:38:12 - INFO - root - Image have been saved in /shenzihe/WD-Disk/output/exp3/robot_toy/checkpoint-100/images/on_top_of_a_mirror/
11/18/2024 04:38:26 - INFO - root - Image have been saved in /shenzihe/WD-Disk/output/exp3/robot_toy/checkpoint-100/images/on_top_of_a_mirror/
11/18/2024 04:38:40 - INFO - root - Image have been saved in /shenzihe/WD-Disk/output/exp3/robot_toy/checkpoint-100/images/on_top_of_a_mirror/
11/18/2024 04:38:40 - INFO - __main__ - Running validation... 
 Generating 4 images with prompt:on top of the sidewalk in a crowded street.
11/18/2024 04:38:54 - INFO - root - Image have been saved in /shenzihe/WD-Disk/output/exp3/robot_toy/checkpoint-100/images/on_top_of_the_sidewalk_in_a_crowded_street/
11/18/2024 04:39:08 - INFO - root - Image have been saved in /shenzihe/WD-Disk/output/exp3/robot_toy/checkpoint-100/images/on_top_of_the_sidewalk_in_a_crowded_street/
11/18/2024 04:39:22 - INFO - root - Image have been saved in /shenzihe/WD-Disk/output/exp3/robot_toy/checkpoint-100/images/on_top_of_the_sidewalk_in_a_crowded_street/
11/18/2024 04:39:36 - INFO - root - Image have been saved in /shenzihe/WD-Disk/output/exp3/robot_toy/checkpoint-100/images/on_top_of_the_sidewalk_in_a_crowded_street/
11/18/2024 04:39:36 - INFO - __main__ - Running validation... 
 Generating 4 images with prompt:on top of a dirt road.
11/18/2024 04:39:50 - INFO - root - Image have been saved in /shenzihe/WD-Disk/output/exp3/robot_toy/checkpoint-100/images/on_top_of_a_dirt_road/
11/18/2024 04:40:04 - INFO - root - Image have been saved in /shenzihe/WD-Disk/output/exp3/robot_toy/checkpoint-100/images/on_top_of_a_dirt_road/
11/18/2024 04:40:18 - INFO - root - Image have been saved in /shenzihe/WD-Disk/output/exp3/robot_toy/checkpoint-100/images/on_top_of_a_dirt_road/
11/18/2024 04:40:32 - INFO - root - Image have been saved in /shenzihe/WD-Disk/output/exp3/robot_toy/checkpoint-100/images/on_top_of_a_dirt_road/
11/18/2024 04:40:32 - INFO - __main__ - Running validation... 
 Generating 4 images with prompt:on top of a white rug.
11/18/2024 04:40:46 - INFO - root - Image have been saved in /shenzihe/WD-Disk/output/exp3/robot_toy/checkpoint-100/images/on_top_of_a_white_rug/
11/18/2024 04:41:00 - INFO - root - Image have been saved in /shenzihe/WD-Disk/output/exp3/robot_toy/checkpoint-100/images/on_top_of_a_white_rug/
11/18/2024 04:41:14 - INFO - root - Image have been saved in /shenzihe/WD-Disk/output/exp3/robot_toy/checkpoint-100/images/on_top_of_a_white_rug/
11/18/2024 04:41:28 - INFO - root - Image have been saved in /shenzihe/WD-Disk/output/exp3/robot_toy/checkpoint-100/images/on_top_of_a_white_rug/
11/18/2024 04:41:28 - INFO - __main__ - Running validation... 
 Generating 4 images with prompt:red.
11/18/2024 04:41:42 - INFO - root - Image have been saved in /shenzihe/WD-Disk/output/exp3/robot_toy/checkpoint-100/images/red/
11/18/2024 04:41:56 - INFO - root - Image have been saved in /shenzihe/WD-Disk/output/exp3/robot_toy/checkpoint-100/images/red/
11/18/2024 04:42:10 - INFO - root - Image have been saved in /shenzihe/WD-Disk/output/exp3/robot_toy/checkpoint-100/images/red/
11/18/2024 04:42:24 - INFO - root - Image have been saved in /shenzihe/WD-Disk/output/exp3/robot_toy/checkpoint-100/images/red/
11/18/2024 04:42:24 - INFO - __main__ - Running validation... 
 Generating 4 images with prompt:purple.
11/18/2024 04:42:38 - INFO - root - Image have been saved in /shenzihe/WD-Disk/output/exp3/robot_toy/checkpoint-100/images/purple/
11/18/2024 04:42:52 - INFO - root - Image have been saved in /shenzihe/WD-Disk/output/exp3/robot_toy/checkpoint-100/images/purple/
11/18/2024 04:43:06 - INFO - root - Image have been saved in /shenzihe/WD-Disk/output/exp3/robot_toy/checkpoint-100/images/purple/
11/18/2024 04:43:20 - INFO - root - Image have been saved in /shenzihe/WD-Disk/output/exp3/robot_toy/checkpoint-100/images/purple/
11/18/2024 04:43:20 - INFO - __main__ - Running validation... 
 Generating 4 images with prompt:shiny.
11/18/2024 04:43:34 - INFO - root - Image have been saved in /shenzihe/WD-Disk/output/exp3/robot_toy/checkpoint-100/images/shiny/
11/18/2024 04:43:48 - INFO - root - Image have been saved in /shenzihe/WD-Disk/output/exp3/robot_toy/checkpoint-100/images/shiny/
11/18/2024 04:44:02 - INFO - root - Image have been saved in /shenzihe/WD-Disk/output/exp3/robot_toy/checkpoint-100/images/shiny/
11/18/2024 04:44:16 - INFO - root - Image have been saved in /shenzihe/WD-Disk/output/exp3/robot_toy/checkpoint-100/images/shiny/
11/18/2024 04:44:16 - INFO - __main__ - Running validation... 
 Generating 4 images with prompt:wet.
11/18/2024 04:44:30 - INFO - root - Image have been saved in /shenzihe/WD-Disk/output/exp3/robot_toy/checkpoint-100/images/wet/
11/18/2024 04:44:44 - INFO - root - Image have been saved in /shenzihe/WD-Disk/output/exp3/robot_toy/checkpoint-100/images/wet/
11/18/2024 04:44:58 - INFO - root - Image have been saved in /shenzihe/WD-Disk/output/exp3/robot_toy/checkpoint-100/images/wet/
11/18/2024 04:45:12 - INFO - root - Image have been saved in /shenzihe/WD-Disk/output/exp3/robot_toy/checkpoint-100/images/wet/
11/18/2024 04:45:12 - INFO - __main__ - Running validation... 
 Generating 4 images with prompt:cube shaped.
11/18/2024 04:45:26 - INFO - root - Image have been saved in /shenzihe/WD-Disk/output/exp3/robot_toy/checkpoint-100/images/cube_shaped/
11/18/2024 04:45:40 - INFO - root - Image have been saved in /shenzihe/WD-Disk/output/exp3/robot_toy/checkpoint-100/images/cube_shaped/
11/18/2024 04:45:54 - INFO - root - Image have been saved in /shenzihe/WD-Disk/output/exp3/robot_toy/checkpoint-100/images/cube_shaped/
11/18/2024 04:46:08 - INFO - root - Image have been saved in /shenzihe/WD-Disk/output/exp3/robot_toy/checkpoint-100/images/cube_shaped/
