11/18/2024 00:45:53 - INFO - __main__ - Distributed environment: NO
Num processes: 1
Process index: 0
Local process index: 0
Device: cuda

Mixed precision type: no

11/18/2024 00:45:55 - INFO - root - freeze vision encoder
11/18/2024 00:46:05 - INFO - root - Loading pretrained model from /root/.cache/torch/hub/checkpoints/blip-diffusion
11/18/2024 00:46:05 - INFO - root - Loading pretrained BLIP2 Qformer weights.
11/18/2024 00:46:07 - INFO - root - Loading pretrained projection lyer weights.
11/18/2024 00:46:07 - INFO - root - Loading pretrained text encoder weights.
11/18/2024 00:46:07 - INFO - root - Loading pretrained vae weights.
11/18/2024 00:46:08 - INFO - root - Loading pretrained unet weights.
11/18/2024 00:46:15 - INFO - root - Using xformers.
11/18/2024 00:46:15 - INFO - root - Building datasets...
11/18/2024 00:46:27 - INFO - root - freeze vision encoder
11/18/2024 00:47:06 - INFO - root - load checkpoint from https://storage.googleapis.com/sfr-vision-language-research/LAVIS/models/BLIP2/blip2_pretrained_flant5xl.pth
11/18/2024 00:47:08 - INFO - __main__ - 
***** Running training *****
11/18/2024 00:47:08 - INFO - __main__ -   Num examples = 6
11/18/2024 00:47:08 - INFO - __main__ -   Num batches each epoch = 2
11/18/2024 00:47:08 - INFO - __main__ -   Num Epochs = 50
11/18/2024 00:47:08 - INFO - __main__ -   Instantaneous batch size per device = 3
11/18/2024 00:47:08 - INFO - __main__ -   Total train batch size (w. parallel, distributed & accumulation) = 3
11/18/2024 00:47:08 - INFO - __main__ -   Gradient Accumulation steps = 1
11/18/2024 00:47:08 - INFO - __main__ -   Total optimization steps = 100
11/18/2024 00:53:44 - INFO - __main__ - Running validation... 
 Generating 4 images with prompt:in the jungle.
11/18/2024 00:54:01 - INFO - root - Image have been saved in /shenzihe/WD-Disk/output/exp3/fancy_boot/checkpoint-100/images/in_the_jungle/
11/18/2024 00:54:15 - INFO - root - Image have been saved in /shenzihe/WD-Disk/output/exp3/fancy_boot/checkpoint-100/images/in_the_jungle/
11/18/2024 00:54:28 - INFO - root - Image have been saved in /shenzihe/WD-Disk/output/exp3/fancy_boot/checkpoint-100/images/in_the_jungle/
11/18/2024 00:54:42 - INFO - root - Image have been saved in /shenzihe/WD-Disk/output/exp3/fancy_boot/checkpoint-100/images/in_the_jungle/
11/18/2024 00:54:42 - INFO - __main__ - Running validation... 
 Generating 4 images with prompt:in the snow.
11/18/2024 00:54:55 - INFO - root - Image have been saved in /shenzihe/WD-Disk/output/exp3/fancy_boot/checkpoint-100/images/in_the_snow/
11/18/2024 00:55:09 - INFO - root - Image have been saved in /shenzihe/WD-Disk/output/exp3/fancy_boot/checkpoint-100/images/in_the_snow/
11/18/2024 00:55:23 - INFO - root - Image have been saved in /shenzihe/WD-Disk/output/exp3/fancy_boot/checkpoint-100/images/in_the_snow/
11/18/2024 00:55:36 - INFO - root - Image have been saved in /shenzihe/WD-Disk/output/exp3/fancy_boot/checkpoint-100/images/in_the_snow/
11/18/2024 00:55:36 - INFO - __main__ - Running validation... 
 Generating 4 images with prompt:on the beach.
11/18/2024 00:55:50 - INFO - root - Image have been saved in /shenzihe/WD-Disk/output/exp3/fancy_boot/checkpoint-100/images/on_the_beach/
11/18/2024 00:56:04 - INFO - root - Image have been saved in /shenzihe/WD-Disk/output/exp3/fancy_boot/checkpoint-100/images/on_the_beach/
11/18/2024 00:56:18 - INFO - root - Image have been saved in /shenzihe/WD-Disk/output/exp3/fancy_boot/checkpoint-100/images/on_the_beach/
11/18/2024 00:56:31 - INFO - root - Image have been saved in /shenzihe/WD-Disk/output/exp3/fancy_boot/checkpoint-100/images/on_the_beach/
11/18/2024 00:56:31 - INFO - __main__ - Running validation... 
 Generating 4 images with prompt:on a cobblestone street.
11/18/2024 00:56:45 - INFO - root - Image have been saved in /shenzihe/WD-Disk/output/exp3/fancy_boot/checkpoint-100/images/on_a_cobblestone_street/
11/18/2024 00:56:58 - INFO - root - Image have been saved in /shenzihe/WD-Disk/output/exp3/fancy_boot/checkpoint-100/images/on_a_cobblestone_street/
11/18/2024 00:57:12 - INFO - root - Image have been saved in /shenzihe/WD-Disk/output/exp3/fancy_boot/checkpoint-100/images/on_a_cobblestone_street/
11/18/2024 00:57:26 - INFO - root - Image have been saved in /shenzihe/WD-Disk/output/exp3/fancy_boot/checkpoint-100/images/on_a_cobblestone_street/
11/18/2024 00:57:26 - INFO - __main__ - Running validation... 
 Generating 4 images with prompt:on top of pink fabric.
11/18/2024 00:57:39 - INFO - root - Image have been saved in /shenzihe/WD-Disk/output/exp3/fancy_boot/checkpoint-100/images/on_top_of_pink_fabric/
11/18/2024 00:57:53 - INFO - root - Image have been saved in /shenzihe/WD-Disk/output/exp3/fancy_boot/checkpoint-100/images/on_top_of_pink_fabric/
11/18/2024 00:58:07 - INFO - root - Image have been saved in /shenzihe/WD-Disk/output/exp3/fancy_boot/checkpoint-100/images/on_top_of_pink_fabric/
11/18/2024 00:58:21 - INFO - root - Image have been saved in /shenzihe/WD-Disk/output/exp3/fancy_boot/checkpoint-100/images/on_top_of_pink_fabric/
11/18/2024 00:58:21 - INFO - __main__ - Running validation... 
 Generating 4 images with prompt:on top of a wooden floor.
11/18/2024 00:58:34 - INFO - root - Image have been saved in /shenzihe/WD-Disk/output/exp3/fancy_boot/checkpoint-100/images/on_top_of_a_wooden_floor/
11/18/2024 00:58:48 - INFO - root - Image have been saved in /shenzihe/WD-Disk/output/exp3/fancy_boot/checkpoint-100/images/on_top_of_a_wooden_floor/
11/18/2024 00:59:02 - INFO - root - Image have been saved in /shenzihe/WD-Disk/output/exp3/fancy_boot/checkpoint-100/images/on_top_of_a_wooden_floor/
11/18/2024 00:59:15 - INFO - root - Image have been saved in /shenzihe/WD-Disk/output/exp3/fancy_boot/checkpoint-100/images/on_top_of_a_wooden_floor/
11/18/2024 00:59:15 - INFO - __main__ - Running validation... 
 Generating 4 images with prompt:with a city in the background.
11/18/2024 00:59:29 - INFO - root - Image have been saved in /shenzihe/WD-Disk/output/exp3/fancy_boot/checkpoint-100/images/with_a_city_in_the_background/
11/18/2024 00:59:42 - INFO - root - Image have been saved in /shenzihe/WD-Disk/output/exp3/fancy_boot/checkpoint-100/images/with_a_city_in_the_background/
11/18/2024 00:59:56 - INFO - root - Image have been saved in /shenzihe/WD-Disk/output/exp3/fancy_boot/checkpoint-100/images/with_a_city_in_the_background/
11/18/2024 01:00:10 - INFO - root - Image have been saved in /shenzihe/WD-Disk/output/exp3/fancy_boot/checkpoint-100/images/with_a_city_in_the_background/
11/18/2024 01:00:10 - INFO - __main__ - Running validation... 
 Generating 4 images with prompt:with a mountain in the background.
11/18/2024 01:00:23 - INFO - root - Image have been saved in /shenzihe/WD-Disk/output/exp3/fancy_boot/checkpoint-100/images/with_a_mountain_in_the_background/
11/18/2024 01:00:37 - INFO - root - Image have been saved in /shenzihe/WD-Disk/output/exp3/fancy_boot/checkpoint-100/images/with_a_mountain_in_the_background/
11/18/2024 01:00:51 - INFO - root - Image have been saved in /shenzihe/WD-Disk/output/exp3/fancy_boot/checkpoint-100/images/with_a_mountain_in_the_background/
11/18/2024 01:01:04 - INFO - root - Image have been saved in /shenzihe/WD-Disk/output/exp3/fancy_boot/checkpoint-100/images/with_a_mountain_in_the_background/
11/18/2024 01:01:04 - INFO - __main__ - Running validation... 
 Generating 4 images with prompt:with a blue house in the background.
11/18/2024 01:01:18 - INFO - root - Image have been saved in /shenzihe/WD-Disk/output/exp3/fancy_boot/checkpoint-100/images/with_a_blue_house_in_the_background/
11/18/2024 01:01:32 - INFO - root - Image have been saved in /shenzihe/WD-Disk/output/exp3/fancy_boot/checkpoint-100/images/with_a_blue_house_in_the_background/
11/18/2024 01:01:45 - INFO - root - Image have been saved in /shenzihe/WD-Disk/output/exp3/fancy_boot/checkpoint-100/images/with_a_blue_house_in_the_background/
11/18/2024 01:01:59 - INFO - root - Image have been saved in /shenzihe/WD-Disk/output/exp3/fancy_boot/checkpoint-100/images/with_a_blue_house_in_the_background/
11/18/2024 01:01:59 - INFO - __main__ - Running validation... 
 Generating 4 images with prompt:on top of a purple rug in a forest.
11/18/2024 01:02:13 - INFO - root - Image have been saved in /shenzihe/WD-Disk/output/exp3/fancy_boot/checkpoint-100/images/on_top_of_a_purple_rug_in_a_forest/
11/18/2024 01:02:26 - INFO - root - Image have been saved in /shenzihe/WD-Disk/output/exp3/fancy_boot/checkpoint-100/images/on_top_of_a_purple_rug_in_a_forest/
11/18/2024 01:02:40 - INFO - root - Image have been saved in /shenzihe/WD-Disk/output/exp3/fancy_boot/checkpoint-100/images/on_top_of_a_purple_rug_in_a_forest/
11/18/2024 01:02:53 - INFO - root - Image have been saved in /shenzihe/WD-Disk/output/exp3/fancy_boot/checkpoint-100/images/on_top_of_a_purple_rug_in_a_forest/
11/18/2024 01:02:53 - INFO - __main__ - Running validation... 
 Generating 4 images with prompt:with a wheat field in the background.
11/18/2024 01:03:07 - INFO - root - Image have been saved in /shenzihe/WD-Disk/output/exp3/fancy_boot/checkpoint-100/images/with_a_wheat_field_in_the_background/
11/18/2024 01:03:21 - INFO - root - Image have been saved in /shenzihe/WD-Disk/output/exp3/fancy_boot/checkpoint-100/images/with_a_wheat_field_in_the_background/
11/18/2024 01:03:34 - INFO - root - Image have been saved in /shenzihe/WD-Disk/output/exp3/fancy_boot/checkpoint-100/images/with_a_wheat_field_in_the_background/
11/18/2024 01:03:48 - INFO - root - Image have been saved in /shenzihe/WD-Disk/output/exp3/fancy_boot/checkpoint-100/images/with_a_wheat_field_in_the_background/
11/18/2024 01:03:48 - INFO - __main__ - Running validation... 
 Generating 4 images with prompt:with a tree and autumn leaves in the background.
11/18/2024 01:04:02 - INFO - root - Image have been saved in /shenzihe/WD-Disk/output/exp3/fancy_boot/checkpoint-100/images/with_a_tree_and_autumn_leaves_in_the_background/
11/18/2024 01:04:15 - INFO - root - Image have been saved in /shenzihe/WD-Disk/output/exp3/fancy_boot/checkpoint-100/images/with_a_tree_and_autumn_leaves_in_the_background/
11/18/2024 01:04:29 - INFO - root - Image have been saved in /shenzihe/WD-Disk/output/exp3/fancy_boot/checkpoint-100/images/with_a_tree_and_autumn_leaves_in_the_background/
11/18/2024 01:04:43 - INFO - root - Image have been saved in /shenzihe/WD-Disk/output/exp3/fancy_boot/checkpoint-100/images/with_a_tree_and_autumn_leaves_in_the_background/
11/18/2024 01:04:43 - INFO - __main__ - Running validation... 
 Generating 4 images with prompt:with the Eiffel Tower in the background.
11/18/2024 01:04:56 - INFO - root - Image have been saved in /shenzihe/WD-Disk/output/exp3/fancy_boot/checkpoint-100/images/with_the_Eiffel_Tower_in_the_background/
11/18/2024 01:05:10 - INFO - root - Image have been saved in /shenzihe/WD-Disk/output/exp3/fancy_boot/checkpoint-100/images/with_the_Eiffel_Tower_in_the_background/
11/18/2024 01:05:24 - INFO - root - Image have been saved in /shenzihe/WD-Disk/output/exp3/fancy_boot/checkpoint-100/images/with_the_Eiffel_Tower_in_the_background/
11/18/2024 01:05:37 - INFO - root - Image have been saved in /shenzihe/WD-Disk/output/exp3/fancy_boot/checkpoint-100/images/with_the_Eiffel_Tower_in_the_background/
11/18/2024 01:05:37 - INFO - __main__ - Running validation... 
 Generating 4 images with prompt:floating on top of water.
11/18/2024 01:05:51 - INFO - root - Image have been saved in /shenzihe/WD-Disk/output/exp3/fancy_boot/checkpoint-100/images/floating_on_top_of_water/
11/18/2024 01:06:05 - INFO - root - Image have been saved in /shenzihe/WD-Disk/output/exp3/fancy_boot/checkpoint-100/images/floating_on_top_of_water/
11/18/2024 01:06:18 - INFO - root - Image have been saved in /shenzihe/WD-Disk/output/exp3/fancy_boot/checkpoint-100/images/floating_on_top_of_water/
11/18/2024 01:06:32 - INFO - root - Image have been saved in /shenzihe/WD-Disk/output/exp3/fancy_boot/checkpoint-100/images/floating_on_top_of_water/
11/18/2024 01:06:32 - INFO - __main__ - Running validation... 
 Generating 4 images with prompt:floating in an ocean of milk.
11/18/2024 01:06:46 - INFO - root - Image have been saved in /shenzihe/WD-Disk/output/exp3/fancy_boot/checkpoint-100/images/floating_in_an_ocean_of_milk/
11/18/2024 01:06:59 - INFO - root - Image have been saved in /shenzihe/WD-Disk/output/exp3/fancy_boot/checkpoint-100/images/floating_in_an_ocean_of_milk/
11/18/2024 01:07:13 - INFO - root - Image have been saved in /shenzihe/WD-Disk/output/exp3/fancy_boot/checkpoint-100/images/floating_in_an_ocean_of_milk/
11/18/2024 01:07:27 - INFO - root - Image have been saved in /shenzihe/WD-Disk/output/exp3/fancy_boot/checkpoint-100/images/floating_in_an_ocean_of_milk/
11/18/2024 01:07:27 - INFO - __main__ - Running validation... 
 Generating 4 images with prompt:on top of green grass with sunflowers around it.
11/18/2024 01:07:40 - INFO - root - Image have been saved in /shenzihe/WD-Disk/output/exp3/fancy_boot/checkpoint-100/images/on_top_of_green_grass_with_sunflowers_around_it/
11/18/2024 01:07:54 - INFO - root - Image have been saved in /shenzihe/WD-Disk/output/exp3/fancy_boot/checkpoint-100/images/on_top_of_green_grass_with_sunflowers_around_it/
11/18/2024 01:08:08 - INFO - root - Image have been saved in /shenzihe/WD-Disk/output/exp3/fancy_boot/checkpoint-100/images/on_top_of_green_grass_with_sunflowers_around_it/
11/18/2024 01:08:21 - INFO - root - Image have been saved in /shenzihe/WD-Disk/output/exp3/fancy_boot/checkpoint-100/images/on_top_of_green_grass_with_sunflowers_around_it/
11/18/2024 01:08:21 - INFO - __main__ - Running validation... 
 Generating 4 images with prompt:on top of a mirror.
11/18/2024 01:08:35 - INFO - root - Image have been saved in /shenzihe/WD-Disk/output/exp3/fancy_boot/checkpoint-100/images/on_top_of_a_mirror/
11/18/2024 01:08:48 - INFO - root - Image have been saved in /shenzihe/WD-Disk/output/exp3/fancy_boot/checkpoint-100/images/on_top_of_a_mirror/
11/18/2024 01:09:02 - INFO - root - Image have been saved in /shenzihe/WD-Disk/output/exp3/fancy_boot/checkpoint-100/images/on_top_of_a_mirror/
11/18/2024 01:09:16 - INFO - root - Image have been saved in /shenzihe/WD-Disk/output/exp3/fancy_boot/checkpoint-100/images/on_top_of_a_mirror/
11/18/2024 01:09:16 - INFO - __main__ - Running validation... 
 Generating 4 images with prompt:on top of the sidewalk in a crowded street.
11/18/2024 01:09:29 - INFO - root - Image have been saved in /shenzihe/WD-Disk/output/exp3/fancy_boot/checkpoint-100/images/on_top_of_the_sidewalk_in_a_crowded_street/
11/18/2024 01:09:43 - INFO - root - Image have been saved in /shenzihe/WD-Disk/output/exp3/fancy_boot/checkpoint-100/images/on_top_of_the_sidewalk_in_a_crowded_street/
11/18/2024 01:09:56 - INFO - root - Image have been saved in /shenzihe/WD-Disk/output/exp3/fancy_boot/checkpoint-100/images/on_top_of_the_sidewalk_in_a_crowded_street/
11/18/2024 01:10:10 - INFO - root - Image have been saved in /shenzihe/WD-Disk/output/exp3/fancy_boot/checkpoint-100/images/on_top_of_the_sidewalk_in_a_crowded_street/
11/18/2024 01:10:10 - INFO - __main__ - Running validation... 
 Generating 4 images with prompt:on top of a dirt road.
11/18/2024 01:10:24 - INFO - root - Image have been saved in /shenzihe/WD-Disk/output/exp3/fancy_boot/checkpoint-100/images/on_top_of_a_dirt_road/
11/18/2024 01:10:37 - INFO - root - Image have been saved in /shenzihe/WD-Disk/output/exp3/fancy_boot/checkpoint-100/images/on_top_of_a_dirt_road/
11/18/2024 01:10:51 - INFO - root - Image have been saved in /shenzihe/WD-Disk/output/exp3/fancy_boot/checkpoint-100/images/on_top_of_a_dirt_road/
11/18/2024 01:11:05 - INFO - root - Image have been saved in /shenzihe/WD-Disk/output/exp3/fancy_boot/checkpoint-100/images/on_top_of_a_dirt_road/
11/18/2024 01:11:05 - INFO - __main__ - Running validation... 
 Generating 4 images with prompt:on top of a white rug.
11/18/2024 01:11:18 - INFO - root - Image have been saved in /shenzihe/WD-Disk/output/exp3/fancy_boot/checkpoint-100/images/on_top_of_a_white_rug/
11/18/2024 01:11:32 - INFO - root - Image have been saved in /shenzihe/WD-Disk/output/exp3/fancy_boot/checkpoint-100/images/on_top_of_a_white_rug/
11/18/2024 01:11:45 - INFO - root - Image have been saved in /shenzihe/WD-Disk/output/exp3/fancy_boot/checkpoint-100/images/on_top_of_a_white_rug/
11/18/2024 01:11:59 - INFO - root - Image have been saved in /shenzihe/WD-Disk/output/exp3/fancy_boot/checkpoint-100/images/on_top_of_a_white_rug/
11/18/2024 01:11:59 - INFO - __main__ - Running validation... 
 Generating 4 images with prompt:red.
11/18/2024 01:12:13 - INFO - root - Image have been saved in /shenzihe/WD-Disk/output/exp3/fancy_boot/checkpoint-100/images/red/
11/18/2024 01:12:26 - INFO - root - Image have been saved in /shenzihe/WD-Disk/output/exp3/fancy_boot/checkpoint-100/images/red/
11/18/2024 01:12:40 - INFO - root - Image have been saved in /shenzihe/WD-Disk/output/exp3/fancy_boot/checkpoint-100/images/red/
11/18/2024 01:12:54 - INFO - root - Image have been saved in /shenzihe/WD-Disk/output/exp3/fancy_boot/checkpoint-100/images/red/
11/18/2024 01:12:54 - INFO - __main__ - Running validation... 
 Generating 4 images with prompt:purple.
11/18/2024 01:13:07 - INFO - root - Image have been saved in /shenzihe/WD-Disk/output/exp3/fancy_boot/checkpoint-100/images/purple/
11/18/2024 01:13:21 - INFO - root - Image have been saved in /shenzihe/WD-Disk/output/exp3/fancy_boot/checkpoint-100/images/purple/
11/18/2024 01:13:34 - INFO - root - Image have been saved in /shenzihe/WD-Disk/output/exp3/fancy_boot/checkpoint-100/images/purple/
11/18/2024 01:13:48 - INFO - root - Image have been saved in /shenzihe/WD-Disk/output/exp3/fancy_boot/checkpoint-100/images/purple/
11/18/2024 01:13:48 - INFO - __main__ - Running validation... 
 Generating 4 images with prompt:shiny.
11/18/2024 01:14:02 - INFO - root - Image have been saved in /shenzihe/WD-Disk/output/exp3/fancy_boot/checkpoint-100/images/shiny/
11/18/2024 01:14:15 - INFO - root - Image have been saved in /shenzihe/WD-Disk/output/exp3/fancy_boot/checkpoint-100/images/shiny/
11/18/2024 01:14:29 - INFO - root - Image have been saved in /shenzihe/WD-Disk/output/exp3/fancy_boot/checkpoint-100/images/shiny/
11/18/2024 01:14:43 - INFO - root - Image have been saved in /shenzihe/WD-Disk/output/exp3/fancy_boot/checkpoint-100/images/shiny/
11/18/2024 01:14:43 - INFO - __main__ - Running validation... 
 Generating 4 images with prompt:wet.
11/18/2024 01:14:56 - INFO - root - Image have been saved in /shenzihe/WD-Disk/output/exp3/fancy_boot/checkpoint-100/images/wet/
11/18/2024 01:15:10 - INFO - root - Image have been saved in /shenzihe/WD-Disk/output/exp3/fancy_boot/checkpoint-100/images/wet/
11/18/2024 01:15:24 - INFO - root - Image have been saved in /shenzihe/WD-Disk/output/exp3/fancy_boot/checkpoint-100/images/wet/
11/18/2024 01:15:37 - INFO - root - Image have been saved in /shenzihe/WD-Disk/output/exp3/fancy_boot/checkpoint-100/images/wet/
11/18/2024 01:15:37 - INFO - __main__ - Running validation... 
 Generating 4 images with prompt:cube shaped.
11/18/2024 01:15:51 - INFO - root - Image have been saved in /shenzihe/WD-Disk/output/exp3/fancy_boot/checkpoint-100/images/cube_shaped/
11/18/2024 01:16:05 - INFO - root - Image have been saved in /shenzihe/WD-Disk/output/exp3/fancy_boot/checkpoint-100/images/cube_shaped/
11/18/2024 01:16:18 - INFO - root - Image have been saved in /shenzihe/WD-Disk/output/exp3/fancy_boot/checkpoint-100/images/cube_shaped/
11/18/2024 01:16:32 - INFO - root - Image have been saved in /shenzihe/WD-Disk/output/exp3/fancy_boot/checkpoint-100/images/cube_shaped/
