11/15/2024 05:49:53 - INFO - __main__ - Distributed environment: NO
Num processes: 1
Process index: 0
Local process index: 0
Device: cuda

Mixed precision type: no

11/15/2024 05:49:55 - INFO - root - freeze vision encoder
11/15/2024 05:50:06 - INFO - root - Loading pretrained model from /root/.cache/torch/hub/checkpoints/blip-diffusion
11/15/2024 05:50:06 - INFO - root - Loading pretrained BLIP2 Qformer weights.
11/15/2024 05:50:08 - INFO - root - Loading pretrained projection lyer weights.
11/15/2024 05:50:08 - INFO - root - Loading pretrained text encoder weights.
11/15/2024 05:50:09 - INFO - root - Loading pretrained vae weights.
11/15/2024 05:50:09 - INFO - root - Loading pretrained unet weights.
11/15/2024 05:50:16 - INFO - root - Using xformers.
11/15/2024 05:50:16 - INFO - root - Building datasets...
11/15/2024 05:50:27 - INFO - root - freeze vision encoder
11/15/2024 05:50:54 - INFO - root - load checkpoint from https://storage.googleapis.com/sfr-vision-language-research/LAVIS/models/BLIP2/blip2_pretrained_flant5xl.pth
11/15/2024 05:50:55 - INFO - __main__ - 
***** Running training *****
11/15/2024 05:50:55 - INFO - __main__ -   Num examples = 6
11/15/2024 05:50:55 - INFO - __main__ -   Num batches each epoch = 2
11/15/2024 05:50:55 - INFO - __main__ -   Num Epochs = 50
11/15/2024 05:50:55 - INFO - __main__ -   Instantaneous batch size per device = 3
11/15/2024 05:50:55 - INFO - __main__ -   Total train batch size (w. parallel, distributed & accumulation) = 3
11/15/2024 05:50:55 - INFO - __main__ -   Gradient Accumulation steps = 1
11/15/2024 05:50:55 - INFO - __main__ -   Total optimization steps = 100
11/15/2024 05:55:22 - INFO - __main__ - Running validation... 
 Generating 4 images with prompt:in the jungle.
11/15/2024 05:55:36 - INFO - root - Image have been saved in /shenzihe/WD-Disk/output/exp2/clock/checkpoint-100/images/in_the_jungle/
11/15/2024 05:55:50 - INFO - root - Image have been saved in /shenzihe/WD-Disk/output/exp2/clock/checkpoint-100/images/in_the_jungle/
11/15/2024 05:56:04 - INFO - root - Image have been saved in /shenzihe/WD-Disk/output/exp2/clock/checkpoint-100/images/in_the_jungle/
11/15/2024 05:56:20 - INFO - root - Image have been saved in /shenzihe/WD-Disk/output/exp2/clock/checkpoint-100/images/in_the_jungle/
11/15/2024 05:56:20 - INFO - __main__ - Running validation... 
 Generating 4 images with prompt:in the snow.
11/15/2024 05:56:33 - INFO - root - Image have been saved in /shenzihe/WD-Disk/output/exp2/clock/checkpoint-100/images/in_the_snow/
11/15/2024 05:56:47 - INFO - root - Image have been saved in /shenzihe/WD-Disk/output/exp2/clock/checkpoint-100/images/in_the_snow/
11/15/2024 05:57:00 - INFO - root - Image have been saved in /shenzihe/WD-Disk/output/exp2/clock/checkpoint-100/images/in_the_snow/
11/15/2024 05:57:14 - INFO - root - Image have been saved in /shenzihe/WD-Disk/output/exp2/clock/checkpoint-100/images/in_the_snow/
11/15/2024 05:57:14 - INFO - __main__ - Running validation... 
 Generating 4 images with prompt:on the beach.
11/15/2024 05:57:28 - INFO - root - Image have been saved in /shenzihe/WD-Disk/output/exp2/clock/checkpoint-100/images/on_the_beach/
11/15/2024 05:57:50 - INFO - root - Image have been saved in /shenzihe/WD-Disk/output/exp2/clock/checkpoint-100/images/on_the_beach/
11/15/2024 05:58:05 - INFO - root - Image have been saved in /shenzihe/WD-Disk/output/exp2/clock/checkpoint-100/images/on_the_beach/
11/15/2024 05:58:18 - INFO - root - Image have been saved in /shenzihe/WD-Disk/output/exp2/clock/checkpoint-100/images/on_the_beach/
11/15/2024 05:58:18 - INFO - __main__ - Running validation... 
 Generating 4 images with prompt:on a cobblestone street.
11/15/2024 05:58:32 - INFO - root - Image have been saved in /shenzihe/WD-Disk/output/exp2/clock/checkpoint-100/images/on_a_cobblestone_street/
11/15/2024 05:58:46 - INFO - root - Image have been saved in /shenzihe/WD-Disk/output/exp2/clock/checkpoint-100/images/on_a_cobblestone_street/
11/15/2024 05:59:00 - INFO - root - Image have been saved in /shenzihe/WD-Disk/output/exp2/clock/checkpoint-100/images/on_a_cobblestone_street/
11/15/2024 05:59:13 - INFO - root - Image have been saved in /shenzihe/WD-Disk/output/exp2/clock/checkpoint-100/images/on_a_cobblestone_street/
11/15/2024 05:59:13 - INFO - __main__ - Running validation... 
 Generating 4 images with prompt:on top of pink fabric.
11/15/2024 05:59:27 - INFO - root - Image have been saved in /shenzihe/WD-Disk/output/exp2/clock/checkpoint-100/images/on_top_of_pink_fabric/
11/15/2024 05:59:40 - INFO - root - Image have been saved in /shenzihe/WD-Disk/output/exp2/clock/checkpoint-100/images/on_top_of_pink_fabric/
11/15/2024 05:59:54 - INFO - root - Image have been saved in /shenzihe/WD-Disk/output/exp2/clock/checkpoint-100/images/on_top_of_pink_fabric/
11/15/2024 06:00:07 - INFO - root - Image have been saved in /shenzihe/WD-Disk/output/exp2/clock/checkpoint-100/images/on_top_of_pink_fabric/
11/15/2024 06:00:07 - INFO - __main__ - Running validation... 
 Generating 4 images with prompt:on top of a wooden floor.
11/15/2024 06:00:22 - INFO - root - Image have been saved in /shenzihe/WD-Disk/output/exp2/clock/checkpoint-100/images/on_top_of_a_wooden_floor/
11/15/2024 06:00:36 - INFO - root - Image have been saved in /shenzihe/WD-Disk/output/exp2/clock/checkpoint-100/images/on_top_of_a_wooden_floor/
11/15/2024 06:00:49 - INFO - root - Image have been saved in /shenzihe/WD-Disk/output/exp2/clock/checkpoint-100/images/on_top_of_a_wooden_floor/
11/15/2024 06:01:03 - INFO - root - Image have been saved in /shenzihe/WD-Disk/output/exp2/clock/checkpoint-100/images/on_top_of_a_wooden_floor/
11/15/2024 06:01:03 - INFO - __main__ - Running validation... 
 Generating 4 images with prompt:with a city in the background.
11/15/2024 06:01:17 - INFO - root - Image have been saved in /shenzihe/WD-Disk/output/exp2/clock/checkpoint-100/images/with_a_city_in_the_background/
11/15/2024 06:01:30 - INFO - root - Image have been saved in /shenzihe/WD-Disk/output/exp2/clock/checkpoint-100/images/with_a_city_in_the_background/
11/15/2024 06:01:44 - INFO - root - Image have been saved in /shenzihe/WD-Disk/output/exp2/clock/checkpoint-100/images/with_a_city_in_the_background/
11/15/2024 06:01:58 - INFO - root - Image have been saved in /shenzihe/WD-Disk/output/exp2/clock/checkpoint-100/images/with_a_city_in_the_background/
11/15/2024 06:01:58 - INFO - __main__ - Running validation... 
 Generating 4 images with prompt:with a mountain in the background.
11/15/2024 06:02:21 - INFO - root - Image have been saved in /shenzihe/WD-Disk/output/exp2/clock/checkpoint-100/images/with_a_mountain_in_the_background/
11/15/2024 06:02:35 - INFO - root - Image have been saved in /shenzihe/WD-Disk/output/exp2/clock/checkpoint-100/images/with_a_mountain_in_the_background/
11/15/2024 06:02:57 - INFO - root - Image have been saved in /shenzihe/WD-Disk/output/exp2/clock/checkpoint-100/images/with_a_mountain_in_the_background/
11/15/2024 06:03:13 - INFO - root - Image have been saved in /shenzihe/WD-Disk/output/exp2/clock/checkpoint-100/images/with_a_mountain_in_the_background/
11/15/2024 06:03:13 - INFO - __main__ - Running validation... 
 Generating 4 images with prompt:with a blue house in the background.
11/15/2024 06:03:27 - INFO - root - Image have been saved in /shenzihe/WD-Disk/output/exp2/clock/checkpoint-100/images/with_a_blue_house_in_the_background/
11/15/2024 06:03:50 - INFO - root - Image have been saved in /shenzihe/WD-Disk/output/exp2/clock/checkpoint-100/images/with_a_blue_house_in_the_background/
11/15/2024 06:04:04 - INFO - root - Image have been saved in /shenzihe/WD-Disk/output/exp2/clock/checkpoint-100/images/with_a_blue_house_in_the_background/
11/15/2024 06:04:18 - INFO - root - Image have been saved in /shenzihe/WD-Disk/output/exp2/clock/checkpoint-100/images/with_a_blue_house_in_the_background/
11/15/2024 06:04:18 - INFO - __main__ - Running validation... 
 Generating 4 images with prompt:on top of a purple rug in a forest.
11/15/2024 06:04:32 - INFO - root - Image have been saved in /shenzihe/WD-Disk/output/exp2/clock/checkpoint-100/images/on_top_of_a_purple_rug_in_a_forest/
11/15/2024 06:04:45 - INFO - root - Image have been saved in /shenzihe/WD-Disk/output/exp2/clock/checkpoint-100/images/on_top_of_a_purple_rug_in_a_forest/
11/15/2024 06:04:59 - INFO - root - Image have been saved in /shenzihe/WD-Disk/output/exp2/clock/checkpoint-100/images/on_top_of_a_purple_rug_in_a_forest/
11/15/2024 06:05:31 - INFO - root - Image have been saved in /shenzihe/WD-Disk/output/exp2/clock/checkpoint-100/images/on_top_of_a_purple_rug_in_a_forest/
11/15/2024 06:05:31 - INFO - __main__ - Running validation... 
 Generating 4 images with prompt:with a wheat field in the background.
11/15/2024 06:05:44 - INFO - root - Image have been saved in /shenzihe/WD-Disk/output/exp2/clock/checkpoint-100/images/with_a_wheat_field_in_the_background/
11/15/2024 06:05:57 - INFO - root - Image have been saved in /shenzihe/WD-Disk/output/exp2/clock/checkpoint-100/images/with_a_wheat_field_in_the_background/
11/15/2024 06:06:20 - INFO - root - Image have been saved in /shenzihe/WD-Disk/output/exp2/clock/checkpoint-100/images/with_a_wheat_field_in_the_background/
11/15/2024 06:06:35 - INFO - root - Image have been saved in /shenzihe/WD-Disk/output/exp2/clock/checkpoint-100/images/with_a_wheat_field_in_the_background/
11/15/2024 06:06:35 - INFO - __main__ - Running validation... 
 Generating 4 images with prompt:with a tree and autumn leaves in the background.
11/15/2024 06:06:48 - INFO - root - Image have been saved in /shenzihe/WD-Disk/output/exp2/clock/checkpoint-100/images/with_a_tree_and_autumn_leaves_in_the_background/
11/15/2024 06:07:02 - INFO - root - Image have been saved in /shenzihe/WD-Disk/output/exp2/clock/checkpoint-100/images/with_a_tree_and_autumn_leaves_in_the_background/
11/15/2024 06:07:15 - INFO - root - Image have been saved in /shenzihe/WD-Disk/output/exp2/clock/checkpoint-100/images/with_a_tree_and_autumn_leaves_in_the_background/
11/15/2024 06:07:29 - INFO - root - Image have been saved in /shenzihe/WD-Disk/output/exp2/clock/checkpoint-100/images/with_a_tree_and_autumn_leaves_in_the_background/
11/15/2024 06:07:29 - INFO - __main__ - Running validation... 
 Generating 4 images with prompt:with the Eiffel Tower in the background.
11/15/2024 06:07:49 - INFO - root - Image have been saved in /shenzihe/WD-Disk/output/exp2/clock/checkpoint-100/images/with_the_Eiffel_Tower_in_the_background/
11/15/2024 06:08:02 - INFO - root - Image have been saved in /shenzihe/WD-Disk/output/exp2/clock/checkpoint-100/images/with_the_Eiffel_Tower_in_the_background/
11/15/2024 06:08:16 - INFO - root - Image have been saved in /shenzihe/WD-Disk/output/exp2/clock/checkpoint-100/images/with_the_Eiffel_Tower_in_the_background/
11/15/2024 06:08:29 - INFO - root - Image have been saved in /shenzihe/WD-Disk/output/exp2/clock/checkpoint-100/images/with_the_Eiffel_Tower_in_the_background/
11/15/2024 06:08:29 - INFO - __main__ - Running validation... 
 Generating 4 images with prompt:floating on top of water.
11/15/2024 06:08:52 - INFO - root - Image have been saved in /shenzihe/WD-Disk/output/exp2/clock/checkpoint-100/images/floating_on_top_of_water/
11/15/2024 06:09:06 - INFO - root - Image have been saved in /shenzihe/WD-Disk/output/exp2/clock/checkpoint-100/images/floating_on_top_of_water/
11/15/2024 06:09:23 - INFO - root - Image have been saved in /shenzihe/WD-Disk/output/exp2/clock/checkpoint-100/images/floating_on_top_of_water/
11/15/2024 06:09:38 - INFO - root - Image have been saved in /shenzihe/WD-Disk/output/exp2/clock/checkpoint-100/images/floating_on_top_of_water/
11/15/2024 06:09:38 - INFO - __main__ - Running validation... 
 Generating 4 images with prompt:floating in an ocean of milk.
11/15/2024 06:09:51 - INFO - root - Image have been saved in /shenzihe/WD-Disk/output/exp2/clock/checkpoint-100/images/floating_in_an_ocean_of_milk/
11/15/2024 06:10:05 - INFO - root - Image have been saved in /shenzihe/WD-Disk/output/exp2/clock/checkpoint-100/images/floating_in_an_ocean_of_milk/
11/15/2024 06:10:22 - INFO - root - Image have been saved in /shenzihe/WD-Disk/output/exp2/clock/checkpoint-100/images/floating_in_an_ocean_of_milk/
11/15/2024 06:10:35 - INFO - root - Image have been saved in /shenzihe/WD-Disk/output/exp2/clock/checkpoint-100/images/floating_in_an_ocean_of_milk/
11/15/2024 06:10:35 - INFO - __main__ - Running validation... 
 Generating 4 images with prompt:on top of green grass with sunflowers around it.
11/15/2024 06:10:53 - INFO - root - Image have been saved in /shenzihe/WD-Disk/output/exp2/clock/checkpoint-100/images/on_top_of_green_grass_with_sunflowers_around_it/
11/15/2024 06:11:06 - INFO - root - Image have been saved in /shenzihe/WD-Disk/output/exp2/clock/checkpoint-100/images/on_top_of_green_grass_with_sunflowers_around_it/
11/15/2024 06:11:20 - INFO - root - Image have been saved in /shenzihe/WD-Disk/output/exp2/clock/checkpoint-100/images/on_top_of_green_grass_with_sunflowers_around_it/
11/15/2024 06:11:33 - INFO - root - Image have been saved in /shenzihe/WD-Disk/output/exp2/clock/checkpoint-100/images/on_top_of_green_grass_with_sunflowers_around_it/
11/15/2024 06:11:33 - INFO - __main__ - Running validation... 
 Generating 4 images with prompt:on top of a mirror.
11/15/2024 06:12:00 - INFO - root - Image have been saved in /shenzihe/WD-Disk/output/exp2/clock/checkpoint-100/images/on_top_of_a_mirror/
11/15/2024 06:12:13 - INFO - root - Image have been saved in /shenzihe/WD-Disk/output/exp2/clock/checkpoint-100/images/on_top_of_a_mirror/
11/15/2024 06:12:36 - INFO - root - Image have been saved in /shenzihe/WD-Disk/output/exp2/clock/checkpoint-100/images/on_top_of_a_mirror/
11/15/2024 06:12:55 - INFO - root - Image have been saved in /shenzihe/WD-Disk/output/exp2/clock/checkpoint-100/images/on_top_of_a_mirror/
11/15/2024 06:12:55 - INFO - __main__ - Running validation... 
 Generating 4 images with prompt:on top of the sidewalk in a crowded street.
11/15/2024 06:13:10 - INFO - root - Image have been saved in /shenzihe/WD-Disk/output/exp2/clock/checkpoint-100/images/on_top_of_the_sidewalk_in_a_crowded_street/
11/15/2024 06:13:23 - INFO - root - Image have been saved in /shenzihe/WD-Disk/output/exp2/clock/checkpoint-100/images/on_top_of_the_sidewalk_in_a_crowded_street/
11/15/2024 06:13:37 - INFO - root - Image have been saved in /shenzihe/WD-Disk/output/exp2/clock/checkpoint-100/images/on_top_of_the_sidewalk_in_a_crowded_street/
11/15/2024 06:13:50 - INFO - root - Image have been saved in /shenzihe/WD-Disk/output/exp2/clock/checkpoint-100/images/on_top_of_the_sidewalk_in_a_crowded_street/
11/15/2024 06:13:50 - INFO - __main__ - Running validation... 
 Generating 4 images with prompt:on top of a dirt road.
11/15/2024 06:14:04 - INFO - root - Image have been saved in /shenzihe/WD-Disk/output/exp2/clock/checkpoint-100/images/on_top_of_a_dirt_road/
11/15/2024 06:14:17 - INFO - root - Image have been saved in /shenzihe/WD-Disk/output/exp2/clock/checkpoint-100/images/on_top_of_a_dirt_road/
11/15/2024 06:14:31 - INFO - root - Image have been saved in /shenzihe/WD-Disk/output/exp2/clock/checkpoint-100/images/on_top_of_a_dirt_road/
11/15/2024 06:14:44 - INFO - root - Image have been saved in /shenzihe/WD-Disk/output/exp2/clock/checkpoint-100/images/on_top_of_a_dirt_road/
11/15/2024 06:14:44 - INFO - __main__ - Running validation... 
 Generating 4 images with prompt:on top of a white rug.
11/15/2024 06:14:58 - INFO - root - Image have been saved in /shenzihe/WD-Disk/output/exp2/clock/checkpoint-100/images/on_top_of_a_white_rug/
11/15/2024 06:15:11 - INFO - root - Image have been saved in /shenzihe/WD-Disk/output/exp2/clock/checkpoint-100/images/on_top_of_a_white_rug/
11/15/2024 06:15:25 - INFO - root - Image have been saved in /shenzihe/WD-Disk/output/exp2/clock/checkpoint-100/images/on_top_of_a_white_rug/
11/15/2024 06:15:48 - INFO - root - Image have been saved in /shenzihe/WD-Disk/output/exp2/clock/checkpoint-100/images/on_top_of_a_white_rug/
11/15/2024 06:15:48 - INFO - __main__ - Running validation... 
 Generating 4 images with prompt:red.
11/15/2024 06:16:02 - INFO - root - Image have been saved in /shenzihe/WD-Disk/output/exp2/clock/checkpoint-100/images/red/
11/15/2024 06:16:16 - INFO - root - Image have been saved in /shenzihe/WD-Disk/output/exp2/clock/checkpoint-100/images/red/
11/15/2024 06:16:29 - INFO - root - Image have been saved in /shenzihe/WD-Disk/output/exp2/clock/checkpoint-100/images/red/
11/15/2024 06:16:52 - INFO - root - Image have been saved in /shenzihe/WD-Disk/output/exp2/clock/checkpoint-100/images/red/
11/15/2024 06:16:52 - INFO - __main__ - Running validation... 
 Generating 4 images with prompt:purple.
11/15/2024 06:17:06 - INFO - root - Image have been saved in /shenzihe/WD-Disk/output/exp2/clock/checkpoint-100/images/purple/
11/15/2024 06:17:20 - INFO - root - Image have been saved in /shenzihe/WD-Disk/output/exp2/clock/checkpoint-100/images/purple/
11/15/2024 06:17:33 - INFO - root - Image have been saved in /shenzihe/WD-Disk/output/exp2/clock/checkpoint-100/images/purple/
11/15/2024 06:17:47 - INFO - root - Image have been saved in /shenzihe/WD-Disk/output/exp2/clock/checkpoint-100/images/purple/
11/15/2024 06:17:47 - INFO - __main__ - Running validation... 
 Generating 4 images with prompt:shiny.
11/15/2024 06:18:00 - INFO - root - Image have been saved in /shenzihe/WD-Disk/output/exp2/clock/checkpoint-100/images/shiny/
11/15/2024 06:18:14 - INFO - root - Image have been saved in /shenzihe/WD-Disk/output/exp2/clock/checkpoint-100/images/shiny/
11/15/2024 06:18:28 - INFO - root - Image have been saved in /shenzihe/WD-Disk/output/exp2/clock/checkpoint-100/images/shiny/
11/15/2024 06:18:41 - INFO - root - Image have been saved in /shenzihe/WD-Disk/output/exp2/clock/checkpoint-100/images/shiny/
11/15/2024 06:18:41 - INFO - __main__ - Running validation... 
 Generating 4 images with prompt:wet.
11/15/2024 06:18:54 - INFO - root - Image have been saved in /shenzihe/WD-Disk/output/exp2/clock/checkpoint-100/images/wet/
11/15/2024 06:19:08 - INFO - root - Image have been saved in /shenzihe/WD-Disk/output/exp2/clock/checkpoint-100/images/wet/
11/15/2024 06:19:22 - INFO - root - Image have been saved in /shenzihe/WD-Disk/output/exp2/clock/checkpoint-100/images/wet/
11/15/2024 06:19:35 - INFO - root - Image have been saved in /shenzihe/WD-Disk/output/exp2/clock/checkpoint-100/images/wet/
11/15/2024 06:19:35 - INFO - __main__ - Running validation... 
 Generating 4 images with prompt:cube shaped.
11/15/2024 06:19:49 - INFO - root - Image have been saved in /shenzihe/WD-Disk/output/exp2/clock/checkpoint-100/images/cube_shaped/
11/15/2024 06:20:02 - INFO - root - Image have been saved in /shenzihe/WD-Disk/output/exp2/clock/checkpoint-100/images/cube_shaped/
11/15/2024 06:20:16 - INFO - root - Image have been saved in /shenzihe/WD-Disk/output/exp2/clock/checkpoint-100/images/cube_shaped/
11/15/2024 06:20:29 - INFO - root - Image have been saved in /shenzihe/WD-Disk/output/exp2/clock/checkpoint-100/images/cube_shaped/
