11/14/2024 21:51:13 - INFO - __main__ - Distributed environment: NO
Num processes: 1
Process index: 0
Local process index: 0
Device: cuda

Mixed precision type: no

11/14/2024 21:51:15 - INFO - root - freeze vision encoder
11/14/2024 21:51:25 - INFO - root - Loading pretrained model from /root/.cache/torch/hub/checkpoints/blip-diffusion
11/14/2024 21:51:25 - INFO - root - Loading pretrained BLIP2 Qformer weights.
11/14/2024 21:51:27 - INFO - root - Loading pretrained projection lyer weights.
11/14/2024 21:51:27 - INFO - root - Loading pretrained text encoder weights.
11/14/2024 21:51:27 - INFO - root - Loading pretrained vae weights.
11/14/2024 21:51:28 - INFO - root - Loading pretrained unet weights.
11/14/2024 21:51:35 - INFO - root - Using xformers.
11/14/2024 21:51:35 - INFO - root - Building datasets...
11/14/2024 21:51:45 - INFO - root - freeze vision encoder
11/14/2024 21:52:09 - INFO - root - load checkpoint from https://storage.googleapis.com/sfr-vision-language-research/LAVIS/models/BLIP2/blip2_pretrained_flant5xl.pth
11/14/2024 21:52:10 - INFO - __main__ - 
***** Running training *****
11/14/2024 21:52:10 - INFO - __main__ -   Num examples = 5
11/14/2024 21:52:10 - INFO - __main__ -   Num batches each epoch = 2
11/14/2024 21:52:10 - INFO - __main__ -   Num Epochs = 50
11/14/2024 21:52:10 - INFO - __main__ -   Instantaneous batch size per device = 3
11/14/2024 21:52:10 - INFO - __main__ -   Total train batch size (w. parallel, distributed & accumulation) = 3
11/14/2024 21:52:10 - INFO - __main__ -   Gradient Accumulation steps = 1
11/14/2024 21:52:10 - INFO - __main__ -   Total optimization steps = 100
11/14/2024 21:57:45 - INFO - __main__ - Running validation... 
 Generating 4 images with prompt:in the jungle.
11/14/2024 21:57:58 - INFO - root - Image have been saved in /shenzihe/WD-Disk/output/exp/wolf_plushie/checkpoint-100/images/in_the_jungle/
11/14/2024 21:58:12 - INFO - root - Image have been saved in /shenzihe/WD-Disk/output/exp/wolf_plushie/checkpoint-100/images/in_the_jungle/
11/14/2024 21:58:25 - INFO - root - Image have been saved in /shenzihe/WD-Disk/output/exp/wolf_plushie/checkpoint-100/images/in_the_jungle/
11/14/2024 21:58:39 - INFO - root - Image have been saved in /shenzihe/WD-Disk/output/exp/wolf_plushie/checkpoint-100/images/in_the_jungle/
11/14/2024 21:58:39 - INFO - __main__ - Running validation... 
 Generating 4 images with prompt:in the snow.
11/14/2024 21:58:53 - INFO - root - Image have been saved in /shenzihe/WD-Disk/output/exp/wolf_plushie/checkpoint-100/images/in_the_snow/
11/14/2024 21:59:06 - INFO - root - Image have been saved in /shenzihe/WD-Disk/output/exp/wolf_plushie/checkpoint-100/images/in_the_snow/
11/14/2024 21:59:19 - INFO - root - Image have been saved in /shenzihe/WD-Disk/output/exp/wolf_plushie/checkpoint-100/images/in_the_snow/
11/14/2024 21:59:33 - INFO - root - Image have been saved in /shenzihe/WD-Disk/output/exp/wolf_plushie/checkpoint-100/images/in_the_snow/
11/14/2024 21:59:33 - INFO - __main__ - Running validation... 
 Generating 4 images with prompt:on the beach.
11/14/2024 21:59:46 - INFO - root - Image have been saved in /shenzihe/WD-Disk/output/exp/wolf_plushie/checkpoint-100/images/on_the_beach/
11/14/2024 22:00:00 - INFO - root - Image have been saved in /shenzihe/WD-Disk/output/exp/wolf_plushie/checkpoint-100/images/on_the_beach/
11/14/2024 22:00:13 - INFO - root - Image have been saved in /shenzihe/WD-Disk/output/exp/wolf_plushie/checkpoint-100/images/on_the_beach/
11/14/2024 22:00:26 - INFO - root - Image have been saved in /shenzihe/WD-Disk/output/exp/wolf_plushie/checkpoint-100/images/on_the_beach/
11/14/2024 22:00:26 - INFO - __main__ - Running validation... 
 Generating 4 images with prompt:on a cobblestone street.
11/14/2024 22:00:40 - INFO - root - Image have been saved in /shenzihe/WD-Disk/output/exp/wolf_plushie/checkpoint-100/images/on_a_cobblestone_street/
11/14/2024 22:00:53 - INFO - root - Image have been saved in /shenzihe/WD-Disk/output/exp/wolf_plushie/checkpoint-100/images/on_a_cobblestone_street/
11/14/2024 22:01:07 - INFO - root - Image have been saved in /shenzihe/WD-Disk/output/exp/wolf_plushie/checkpoint-100/images/on_a_cobblestone_street/
11/14/2024 22:01:20 - INFO - root - Image have been saved in /shenzihe/WD-Disk/output/exp/wolf_plushie/checkpoint-100/images/on_a_cobblestone_street/
11/14/2024 22:01:20 - INFO - __main__ - Running validation... 
 Generating 4 images with prompt:on top of pink fabric.
11/14/2024 22:01:33 - INFO - root - Image have been saved in /shenzihe/WD-Disk/output/exp/wolf_plushie/checkpoint-100/images/on_top_of_pink_fabric/
11/14/2024 22:01:47 - INFO - root - Image have been saved in /shenzihe/WD-Disk/output/exp/wolf_plushie/checkpoint-100/images/on_top_of_pink_fabric/
11/14/2024 22:02:00 - INFO - root - Image have been saved in /shenzihe/WD-Disk/output/exp/wolf_plushie/checkpoint-100/images/on_top_of_pink_fabric/
11/14/2024 22:02:13 - INFO - root - Image have been saved in /shenzihe/WD-Disk/output/exp/wolf_plushie/checkpoint-100/images/on_top_of_pink_fabric/
11/14/2024 22:02:13 - INFO - __main__ - Running validation... 
 Generating 4 images with prompt:on top of a wooden floor.
11/14/2024 22:02:27 - INFO - root - Image have been saved in /shenzihe/WD-Disk/output/exp/wolf_plushie/checkpoint-100/images/on_top_of_a_wooden_floor/
11/14/2024 22:02:40 - INFO - root - Image have been saved in /shenzihe/WD-Disk/output/exp/wolf_plushie/checkpoint-100/images/on_top_of_a_wooden_floor/
11/14/2024 22:02:54 - INFO - root - Image have been saved in /shenzihe/WD-Disk/output/exp/wolf_plushie/checkpoint-100/images/on_top_of_a_wooden_floor/
11/14/2024 22:03:07 - INFO - root - Image have been saved in /shenzihe/WD-Disk/output/exp/wolf_plushie/checkpoint-100/images/on_top_of_a_wooden_floor/
11/14/2024 22:03:07 - INFO - __main__ - Running validation... 
 Generating 4 images with prompt:with a city in the background.
11/14/2024 22:03:20 - INFO - root - Image have been saved in /shenzihe/WD-Disk/output/exp/wolf_plushie/checkpoint-100/images/with_a_city_in_the_background/
11/14/2024 22:03:34 - INFO - root - Image have been saved in /shenzihe/WD-Disk/output/exp/wolf_plushie/checkpoint-100/images/with_a_city_in_the_background/
11/14/2024 22:03:47 - INFO - root - Image have been saved in /shenzihe/WD-Disk/output/exp/wolf_plushie/checkpoint-100/images/with_a_city_in_the_background/
11/14/2024 22:04:01 - INFO - root - Image have been saved in /shenzihe/WD-Disk/output/exp/wolf_plushie/checkpoint-100/images/with_a_city_in_the_background/
11/14/2024 22:04:01 - INFO - __main__ - Running validation... 
 Generating 4 images with prompt:with a mountain in the background.
11/14/2024 22:04:14 - INFO - root - Image have been saved in /shenzihe/WD-Disk/output/exp/wolf_plushie/checkpoint-100/images/with_a_mountain_in_the_background/
11/14/2024 22:04:27 - INFO - root - Image have been saved in /shenzihe/WD-Disk/output/exp/wolf_plushie/checkpoint-100/images/with_a_mountain_in_the_background/
11/14/2024 22:04:41 - INFO - root - Image have been saved in /shenzihe/WD-Disk/output/exp/wolf_plushie/checkpoint-100/images/with_a_mountain_in_the_background/
11/14/2024 22:04:54 - INFO - root - Image have been saved in /shenzihe/WD-Disk/output/exp/wolf_plushie/checkpoint-100/images/with_a_mountain_in_the_background/
11/14/2024 22:04:54 - INFO - __main__ - Running validation... 
 Generating 4 images with prompt:with a blue house in the background.
11/14/2024 22:05:08 - INFO - root - Image have been saved in /shenzihe/WD-Disk/output/exp/wolf_plushie/checkpoint-100/images/with_a_blue_house_in_the_background/
11/14/2024 22:05:21 - INFO - root - Image have been saved in /shenzihe/WD-Disk/output/exp/wolf_plushie/checkpoint-100/images/with_a_blue_house_in_the_background/
11/14/2024 22:05:34 - INFO - root - Image have been saved in /shenzihe/WD-Disk/output/exp/wolf_plushie/checkpoint-100/images/with_a_blue_house_in_the_background/
11/14/2024 22:05:48 - INFO - root - Image have been saved in /shenzihe/WD-Disk/output/exp/wolf_plushie/checkpoint-100/images/with_a_blue_house_in_the_background/
11/14/2024 22:05:48 - INFO - __main__ - Running validation... 
 Generating 4 images with prompt:on top of a purple rug in a forest.
11/14/2024 22:06:01 - INFO - root - Image have been saved in /shenzihe/WD-Disk/output/exp/wolf_plushie/checkpoint-100/images/on_top_of_a_purple_rug_in_a_forest/
11/14/2024 22:06:14 - INFO - root - Image have been saved in /shenzihe/WD-Disk/output/exp/wolf_plushie/checkpoint-100/images/on_top_of_a_purple_rug_in_a_forest/
11/14/2024 22:06:28 - INFO - root - Image have been saved in /shenzihe/WD-Disk/output/exp/wolf_plushie/checkpoint-100/images/on_top_of_a_purple_rug_in_a_forest/
11/14/2024 22:06:41 - INFO - root - Image have been saved in /shenzihe/WD-Disk/output/exp/wolf_plushie/checkpoint-100/images/on_top_of_a_purple_rug_in_a_forest/
11/14/2024 22:06:41 - INFO - __main__ - Running validation... 
 Generating 4 images with prompt:with a wheat field in the background.
11/14/2024 22:06:55 - INFO - root - Image have been saved in /shenzihe/WD-Disk/output/exp/wolf_plushie/checkpoint-100/images/with_a_wheat_field_in_the_background/
11/14/2024 22:07:08 - INFO - root - Image have been saved in /shenzihe/WD-Disk/output/exp/wolf_plushie/checkpoint-100/images/with_a_wheat_field_in_the_background/
11/14/2024 22:07:21 - INFO - root - Image have been saved in /shenzihe/WD-Disk/output/exp/wolf_plushie/checkpoint-100/images/with_a_wheat_field_in_the_background/
11/14/2024 22:07:35 - INFO - root - Image have been saved in /shenzihe/WD-Disk/output/exp/wolf_plushie/checkpoint-100/images/with_a_wheat_field_in_the_background/
11/14/2024 22:07:35 - INFO - __main__ - Running validation... 
 Generating 4 images with prompt:with a tree and autumn leaves in the background.
11/14/2024 22:07:48 - INFO - root - Image have been saved in /shenzihe/WD-Disk/output/exp/wolf_plushie/checkpoint-100/images/with_a_tree_and_autumn_leaves_in_the_background/
11/14/2024 22:08:02 - INFO - root - Image have been saved in /shenzihe/WD-Disk/output/exp/wolf_plushie/checkpoint-100/images/with_a_tree_and_autumn_leaves_in_the_background/
11/14/2024 22:08:15 - INFO - root - Image have been saved in /shenzihe/WD-Disk/output/exp/wolf_plushie/checkpoint-100/images/with_a_tree_and_autumn_leaves_in_the_background/
11/14/2024 22:08:28 - INFO - root - Image have been saved in /shenzihe/WD-Disk/output/exp/wolf_plushie/checkpoint-100/images/with_a_tree_and_autumn_leaves_in_the_background/
11/14/2024 22:08:28 - INFO - __main__ - Running validation... 
 Generating 4 images with prompt:with the Eiffel Tower in the background.
11/14/2024 22:08:42 - INFO - root - Image have been saved in /shenzihe/WD-Disk/output/exp/wolf_plushie/checkpoint-100/images/with_the_Eiffel_Tower_in_the_background/
11/14/2024 22:08:55 - INFO - root - Image have been saved in /shenzihe/WD-Disk/output/exp/wolf_plushie/checkpoint-100/images/with_the_Eiffel_Tower_in_the_background/
11/14/2024 22:09:09 - INFO - root - Image have been saved in /shenzihe/WD-Disk/output/exp/wolf_plushie/checkpoint-100/images/with_the_Eiffel_Tower_in_the_background/
11/14/2024 22:09:22 - INFO - root - Image have been saved in /shenzihe/WD-Disk/output/exp/wolf_plushie/checkpoint-100/images/with_the_Eiffel_Tower_in_the_background/
11/14/2024 22:09:22 - INFO - __main__ - Running validation... 
 Generating 4 images with prompt:floating on top of water.
11/14/2024 22:09:35 - INFO - root - Image have been saved in /shenzihe/WD-Disk/output/exp/wolf_plushie/checkpoint-100/images/floating_on_top_of_water/
11/14/2024 22:09:49 - INFO - root - Image have been saved in /shenzihe/WD-Disk/output/exp/wolf_plushie/checkpoint-100/images/floating_on_top_of_water/
11/14/2024 22:10:02 - INFO - root - Image have been saved in /shenzihe/WD-Disk/output/exp/wolf_plushie/checkpoint-100/images/floating_on_top_of_water/
11/14/2024 22:10:15 - INFO - root - Image have been saved in /shenzihe/WD-Disk/output/exp/wolf_plushie/checkpoint-100/images/floating_on_top_of_water/
11/14/2024 22:10:15 - INFO - __main__ - Running validation... 
 Generating 4 images with prompt:floating in an ocean of milk.
11/14/2024 22:10:29 - INFO - root - Image have been saved in /shenzihe/WD-Disk/output/exp/wolf_plushie/checkpoint-100/images/floating_in_an_ocean_of_milk/
11/14/2024 22:10:42 - INFO - root - Image have been saved in /shenzihe/WD-Disk/output/exp/wolf_plushie/checkpoint-100/images/floating_in_an_ocean_of_milk/
11/14/2024 22:10:56 - INFO - root - Image have been saved in /shenzihe/WD-Disk/output/exp/wolf_plushie/checkpoint-100/images/floating_in_an_ocean_of_milk/
11/14/2024 22:11:09 - INFO - root - Image have been saved in /shenzihe/WD-Disk/output/exp/wolf_plushie/checkpoint-100/images/floating_in_an_ocean_of_milk/
11/14/2024 22:11:09 - INFO - __main__ - Running validation... 
 Generating 4 images with prompt:on top of green grass with sunflowers around it.
11/14/2024 22:11:22 - INFO - root - Image have been saved in /shenzihe/WD-Disk/output/exp/wolf_plushie/checkpoint-100/images/on_top_of_green_grass_with_sunflowers_around_it/
11/14/2024 22:11:36 - INFO - root - Image have been saved in /shenzihe/WD-Disk/output/exp/wolf_plushie/checkpoint-100/images/on_top_of_green_grass_with_sunflowers_around_it/
11/14/2024 22:11:49 - INFO - root - Image have been saved in /shenzihe/WD-Disk/output/exp/wolf_plushie/checkpoint-100/images/on_top_of_green_grass_with_sunflowers_around_it/
11/14/2024 22:12:02 - INFO - root - Image have been saved in /shenzihe/WD-Disk/output/exp/wolf_plushie/checkpoint-100/images/on_top_of_green_grass_with_sunflowers_around_it/
11/14/2024 22:12:02 - INFO - __main__ - Running validation... 
 Generating 4 images with prompt:on top of a mirror.
11/14/2024 22:12:16 - INFO - root - Image have been saved in /shenzihe/WD-Disk/output/exp/wolf_plushie/checkpoint-100/images/on_top_of_a_mirror/
11/14/2024 22:12:29 - INFO - root - Image have been saved in /shenzihe/WD-Disk/output/exp/wolf_plushie/checkpoint-100/images/on_top_of_a_mirror/
11/14/2024 22:12:43 - INFO - root - Image have been saved in /shenzihe/WD-Disk/output/exp/wolf_plushie/checkpoint-100/images/on_top_of_a_mirror/
11/14/2024 22:12:56 - INFO - root - Image have been saved in /shenzihe/WD-Disk/output/exp/wolf_plushie/checkpoint-100/images/on_top_of_a_mirror/
11/14/2024 22:12:56 - INFO - __main__ - Running validation... 
 Generating 4 images with prompt:on top of the sidewalk in a crowded street.
11/14/2024 22:13:09 - INFO - root - Image have been saved in /shenzihe/WD-Disk/output/exp/wolf_plushie/checkpoint-100/images/on_top_of_the_sidewalk_in_a_crowded_street/
11/14/2024 22:13:23 - INFO - root - Image have been saved in /shenzihe/WD-Disk/output/exp/wolf_plushie/checkpoint-100/images/on_top_of_the_sidewalk_in_a_crowded_street/
11/14/2024 22:13:36 - INFO - root - Image have been saved in /shenzihe/WD-Disk/output/exp/wolf_plushie/checkpoint-100/images/on_top_of_the_sidewalk_in_a_crowded_street/
11/14/2024 22:13:50 - INFO - root - Image have been saved in /shenzihe/WD-Disk/output/exp/wolf_plushie/checkpoint-100/images/on_top_of_the_sidewalk_in_a_crowded_street/
11/14/2024 22:13:50 - INFO - __main__ - Running validation... 
 Generating 4 images with prompt:on top of a dirt road.
11/14/2024 22:14:03 - INFO - root - Image have been saved in /shenzihe/WD-Disk/output/exp/wolf_plushie/checkpoint-100/images/on_top_of_a_dirt_road/
11/14/2024 22:14:16 - INFO - root - Image have been saved in /shenzihe/WD-Disk/output/exp/wolf_plushie/checkpoint-100/images/on_top_of_a_dirt_road/
11/14/2024 22:14:30 - INFO - root - Image have been saved in /shenzihe/WD-Disk/output/exp/wolf_plushie/checkpoint-100/images/on_top_of_a_dirt_road/
11/14/2024 22:14:43 - INFO - root - Image have been saved in /shenzihe/WD-Disk/output/exp/wolf_plushie/checkpoint-100/images/on_top_of_a_dirt_road/
11/14/2024 22:14:43 - INFO - __main__ - Running validation... 
 Generating 4 images with prompt:on top of a white rug.
11/14/2024 22:14:56 - INFO - root - Image have been saved in /shenzihe/WD-Disk/output/exp/wolf_plushie/checkpoint-100/images/on_top_of_a_white_rug/
11/14/2024 22:15:10 - INFO - root - Image have been saved in /shenzihe/WD-Disk/output/exp/wolf_plushie/checkpoint-100/images/on_top_of_a_white_rug/
11/14/2024 22:15:23 - INFO - root - Image have been saved in /shenzihe/WD-Disk/output/exp/wolf_plushie/checkpoint-100/images/on_top_of_a_white_rug/
11/14/2024 22:15:37 - INFO - root - Image have been saved in /shenzihe/WD-Disk/output/exp/wolf_plushie/checkpoint-100/images/on_top_of_a_white_rug/
11/14/2024 22:15:37 - INFO - __main__ - Running validation... 
 Generating 4 images with prompt:red.
11/14/2024 22:15:50 - INFO - root - Image have been saved in /shenzihe/WD-Disk/output/exp/wolf_plushie/checkpoint-100/images/red/
11/14/2024 22:16:03 - INFO - root - Image have been saved in /shenzihe/WD-Disk/output/exp/wolf_plushie/checkpoint-100/images/red/
11/14/2024 22:16:17 - INFO - root - Image have been saved in /shenzihe/WD-Disk/output/exp/wolf_plushie/checkpoint-100/images/red/
11/14/2024 22:16:30 - INFO - root - Image have been saved in /shenzihe/WD-Disk/output/exp/wolf_plushie/checkpoint-100/images/red/
11/14/2024 22:16:30 - INFO - __main__ - Running validation... 
 Generating 4 images with prompt:purple.
11/14/2024 22:16:44 - INFO - root - Image have been saved in /shenzihe/WD-Disk/output/exp/wolf_plushie/checkpoint-100/images/purple/
11/14/2024 22:16:57 - INFO - root - Image have been saved in /shenzihe/WD-Disk/output/exp/wolf_plushie/checkpoint-100/images/purple/
11/14/2024 22:17:10 - INFO - root - Image have been saved in /shenzihe/WD-Disk/output/exp/wolf_plushie/checkpoint-100/images/purple/
11/14/2024 22:17:24 - INFO - root - Image have been saved in /shenzihe/WD-Disk/output/exp/wolf_plushie/checkpoint-100/images/purple/
11/14/2024 22:17:24 - INFO - __main__ - Running validation... 
 Generating 4 images with prompt:shiny.
11/14/2024 22:17:37 - INFO - root - Image have been saved in /shenzihe/WD-Disk/output/exp/wolf_plushie/checkpoint-100/images/shiny/
11/14/2024 22:17:51 - INFO - root - Image have been saved in /shenzihe/WD-Disk/output/exp/wolf_plushie/checkpoint-100/images/shiny/
11/14/2024 22:18:04 - INFO - root - Image have been saved in /shenzihe/WD-Disk/output/exp/wolf_plushie/checkpoint-100/images/shiny/
11/14/2024 22:18:17 - INFO - root - Image have been saved in /shenzihe/WD-Disk/output/exp/wolf_plushie/checkpoint-100/images/shiny/
11/14/2024 22:18:17 - INFO - __main__ - Running validation... 
 Generating 4 images with prompt:wet.
11/14/2024 22:18:31 - INFO - root - Image have been saved in /shenzihe/WD-Disk/output/exp/wolf_plushie/checkpoint-100/images/wet/
11/14/2024 22:18:44 - INFO - root - Image have been saved in /shenzihe/WD-Disk/output/exp/wolf_plushie/checkpoint-100/images/wet/
11/14/2024 22:18:57 - INFO - root - Image have been saved in /shenzihe/WD-Disk/output/exp/wolf_plushie/checkpoint-100/images/wet/
11/14/2024 22:19:11 - INFO - root - Image have been saved in /shenzihe/WD-Disk/output/exp/wolf_plushie/checkpoint-100/images/wet/
11/14/2024 22:19:11 - INFO - __main__ - Running validation... 
 Generating 4 images with prompt:cube shaped.
11/14/2024 22:19:24 - INFO - root - Image have been saved in /shenzihe/WD-Disk/output/exp/wolf_plushie/checkpoint-100/images/cube_shaped/
11/14/2024 22:19:38 - INFO - root - Image have been saved in /shenzihe/WD-Disk/output/exp/wolf_plushie/checkpoint-100/images/cube_shaped/
11/14/2024 22:19:51 - INFO - root - Image have been saved in /shenzihe/WD-Disk/output/exp/wolf_plushie/checkpoint-100/images/cube_shaped/
11/14/2024 22:20:04 - INFO - root - Image have been saved in /shenzihe/WD-Disk/output/exp/wolf_plushie/checkpoint-100/images/cube_shaped/
