11/17/2024 22:21:29 - INFO - __main__ - Distributed environment: NO
Num processes: 1
Process index: 0
Local process index: 0
Device: cuda

Mixed precision type: no

11/17/2024 22:21:32 - INFO - root - freeze vision encoder
11/17/2024 22:21:41 - INFO - root - Loading pretrained model from /root/.cache/torch/hub/checkpoints/blip-diffusion
11/17/2024 22:21:41 - INFO - root - Loading pretrained BLIP2 Qformer weights.
11/17/2024 22:21:43 - INFO - root - Loading pretrained projection lyer weights.
11/17/2024 22:21:43 - INFO - root - Loading pretrained text encoder weights.
11/17/2024 22:21:44 - INFO - root - Loading pretrained vae weights.
11/17/2024 22:21:44 - INFO - root - Loading pretrained unet weights.
11/17/2024 22:21:52 - INFO - root - Using xformers.
11/17/2024 22:21:52 - INFO - root - Building datasets...
11/17/2024 22:22:03 - INFO - root - freeze vision encoder
11/17/2024 22:22:31 - INFO - root - load checkpoint from https://storage.googleapis.com/sfr-vision-language-research/LAVIS/models/BLIP2/blip2_pretrained_flant5xl.pth
11/17/2024 22:22:32 - INFO - __main__ - 
***** Running training *****
11/17/2024 22:22:32 - INFO - __main__ -   Num examples = 5
11/17/2024 22:22:32 - INFO - __main__ -   Num batches each epoch = 2
11/17/2024 22:22:32 - INFO - __main__ -   Num Epochs = 50
11/17/2024 22:22:32 - INFO - __main__ -   Instantaneous batch size per device = 3
11/17/2024 22:22:32 - INFO - __main__ -   Total train batch size (w. parallel, distributed & accumulation) = 3
11/17/2024 22:22:32 - INFO - __main__ -   Gradient Accumulation steps = 1
11/17/2024 22:22:32 - INFO - __main__ -   Total optimization steps = 100
11/17/2024 22:27:27 - INFO - __main__ - Running validation... 
 Generating 4 images with prompt:in the jungle.
11/17/2024 22:27:42 - INFO - root - Image have been saved in /shenzihe/WD-Disk/output/exp3/dog5/checkpoint-100/images/in_the_jungle/
11/17/2024 22:27:55 - INFO - root - Image have been saved in /shenzihe/WD-Disk/output/exp3/dog5/checkpoint-100/images/in_the_jungle/
11/17/2024 22:28:10 - INFO - root - Image have been saved in /shenzihe/WD-Disk/output/exp3/dog5/checkpoint-100/images/in_the_jungle/
11/17/2024 22:28:23 - INFO - root - Image have been saved in /shenzihe/WD-Disk/output/exp3/dog5/checkpoint-100/images/in_the_jungle/
11/17/2024 22:28:23 - INFO - __main__ - Running validation... 
 Generating 4 images with prompt:in the snow.
11/17/2024 22:28:37 - INFO - root - Image have been saved in /shenzihe/WD-Disk/output/exp3/dog5/checkpoint-100/images/in_the_snow/
11/17/2024 22:28:50 - INFO - root - Image have been saved in /shenzihe/WD-Disk/output/exp3/dog5/checkpoint-100/images/in_the_snow/
11/17/2024 22:29:04 - INFO - root - Image have been saved in /shenzihe/WD-Disk/output/exp3/dog5/checkpoint-100/images/in_the_snow/
11/17/2024 22:29:17 - INFO - root - Image have been saved in /shenzihe/WD-Disk/output/exp3/dog5/checkpoint-100/images/in_the_snow/
11/17/2024 22:29:17 - INFO - __main__ - Running validation... 
 Generating 4 images with prompt:on the beach.
11/17/2024 22:29:31 - INFO - root - Image have been saved in /shenzihe/WD-Disk/output/exp3/dog5/checkpoint-100/images/on_the_beach/
11/17/2024 22:29:45 - INFO - root - Image have been saved in /shenzihe/WD-Disk/output/exp3/dog5/checkpoint-100/images/on_the_beach/
11/17/2024 22:29:58 - INFO - root - Image have been saved in /shenzihe/WD-Disk/output/exp3/dog5/checkpoint-100/images/on_the_beach/
11/17/2024 22:30:12 - INFO - root - Image have been saved in /shenzihe/WD-Disk/output/exp3/dog5/checkpoint-100/images/on_the_beach/
11/17/2024 22:30:12 - INFO - __main__ - Running validation... 
 Generating 4 images with prompt:on a cobblestone street.
11/17/2024 22:30:25 - INFO - root - Image have been saved in /shenzihe/WD-Disk/output/exp3/dog5/checkpoint-100/images/on_a_cobblestone_street/
11/17/2024 22:30:39 - INFO - root - Image have been saved in /shenzihe/WD-Disk/output/exp3/dog5/checkpoint-100/images/on_a_cobblestone_street/
11/17/2024 22:30:53 - INFO - root - Image have been saved in /shenzihe/WD-Disk/output/exp3/dog5/checkpoint-100/images/on_a_cobblestone_street/
11/17/2024 22:31:06 - INFO - root - Image have been saved in /shenzihe/WD-Disk/output/exp3/dog5/checkpoint-100/images/on_a_cobblestone_street/
11/17/2024 22:31:06 - INFO - __main__ - Running validation... 
 Generating 4 images with prompt:on top of pink fabric.
11/17/2024 22:31:20 - INFO - root - Image have been saved in /shenzihe/WD-Disk/output/exp3/dog5/checkpoint-100/images/on_top_of_pink_fabric/
11/17/2024 22:31:33 - INFO - root - Image have been saved in /shenzihe/WD-Disk/output/exp3/dog5/checkpoint-100/images/on_top_of_pink_fabric/
11/17/2024 22:31:47 - INFO - root - Image have been saved in /shenzihe/WD-Disk/output/exp3/dog5/checkpoint-100/images/on_top_of_pink_fabric/
11/17/2024 22:32:00 - INFO - root - Image have been saved in /shenzihe/WD-Disk/output/exp3/dog5/checkpoint-100/images/on_top_of_pink_fabric/
11/17/2024 22:32:00 - INFO - __main__ - Running validation... 
 Generating 4 images with prompt:on top of a wooden floor.
11/17/2024 22:32:14 - INFO - root - Image have been saved in /shenzihe/WD-Disk/output/exp3/dog5/checkpoint-100/images/on_top_of_a_wooden_floor/
11/17/2024 22:32:28 - INFO - root - Image have been saved in /shenzihe/WD-Disk/output/exp3/dog5/checkpoint-100/images/on_top_of_a_wooden_floor/
11/17/2024 22:32:41 - INFO - root - Image have been saved in /shenzihe/WD-Disk/output/exp3/dog5/checkpoint-100/images/on_top_of_a_wooden_floor/
11/17/2024 22:32:55 - INFO - root - Image have been saved in /shenzihe/WD-Disk/output/exp3/dog5/checkpoint-100/images/on_top_of_a_wooden_floor/
11/17/2024 22:32:55 - INFO - __main__ - Running validation... 
 Generating 4 images with prompt:with a city in the background.
11/17/2024 22:33:08 - INFO - root - Image have been saved in /shenzihe/WD-Disk/output/exp3/dog5/checkpoint-100/images/with_a_city_in_the_background/
11/17/2024 22:33:22 - INFO - root - Image have been saved in /shenzihe/WD-Disk/output/exp3/dog5/checkpoint-100/images/with_a_city_in_the_background/
11/17/2024 22:33:36 - INFO - root - Image have been saved in /shenzihe/WD-Disk/output/exp3/dog5/checkpoint-100/images/with_a_city_in_the_background/
11/17/2024 22:33:49 - INFO - root - Image have been saved in /shenzihe/WD-Disk/output/exp3/dog5/checkpoint-100/images/with_a_city_in_the_background/
11/17/2024 22:33:49 - INFO - __main__ - Running validation... 
 Generating 4 images with prompt:with a mountain in the background.
11/17/2024 22:34:03 - INFO - root - Image have been saved in /shenzihe/WD-Disk/output/exp3/dog5/checkpoint-100/images/with_a_mountain_in_the_background/
11/17/2024 22:34:16 - INFO - root - Image have been saved in /shenzihe/WD-Disk/output/exp3/dog5/checkpoint-100/images/with_a_mountain_in_the_background/
11/17/2024 22:34:30 - INFO - root - Image have been saved in /shenzihe/WD-Disk/output/exp3/dog5/checkpoint-100/images/with_a_mountain_in_the_background/
11/17/2024 22:34:43 - INFO - root - Image have been saved in /shenzihe/WD-Disk/output/exp3/dog5/checkpoint-100/images/with_a_mountain_in_the_background/
11/17/2024 22:34:43 - INFO - __main__ - Running validation... 
 Generating 4 images with prompt:with a blue house in the background.
11/17/2024 22:34:57 - INFO - root - Image have been saved in /shenzihe/WD-Disk/output/exp3/dog5/checkpoint-100/images/with_a_blue_house_in_the_background/
11/17/2024 22:35:10 - INFO - root - Image have been saved in /shenzihe/WD-Disk/output/exp3/dog5/checkpoint-100/images/with_a_blue_house_in_the_background/
11/17/2024 22:35:24 - INFO - root - Image have been saved in /shenzihe/WD-Disk/output/exp3/dog5/checkpoint-100/images/with_a_blue_house_in_the_background/
11/17/2024 22:35:38 - INFO - root - Image have been saved in /shenzihe/WD-Disk/output/exp3/dog5/checkpoint-100/images/with_a_blue_house_in_the_background/
11/17/2024 22:35:38 - INFO - __main__ - Running validation... 
 Generating 4 images with prompt:on top of a purple rug in a forest.
11/17/2024 22:35:51 - INFO - root - Image have been saved in /shenzihe/WD-Disk/output/exp3/dog5/checkpoint-100/images/on_top_of_a_purple_rug_in_a_forest/
11/17/2024 22:36:05 - INFO - root - Image have been saved in /shenzihe/WD-Disk/output/exp3/dog5/checkpoint-100/images/on_top_of_a_purple_rug_in_a_forest/
11/17/2024 22:36:18 - INFO - root - Image have been saved in /shenzihe/WD-Disk/output/exp3/dog5/checkpoint-100/images/on_top_of_a_purple_rug_in_a_forest/
11/17/2024 22:36:32 - INFO - root - Image have been saved in /shenzihe/WD-Disk/output/exp3/dog5/checkpoint-100/images/on_top_of_a_purple_rug_in_a_forest/
11/17/2024 22:36:32 - INFO - __main__ - Running validation... 
 Generating 4 images with prompt:with a wheat field in the background.
11/17/2024 22:36:45 - INFO - root - Image have been saved in /shenzihe/WD-Disk/output/exp3/dog5/checkpoint-100/images/with_a_wheat_field_in_the_background/
11/17/2024 22:36:59 - INFO - root - Image have been saved in /shenzihe/WD-Disk/output/exp3/dog5/checkpoint-100/images/with_a_wheat_field_in_the_background/
11/17/2024 22:37:13 - INFO - root - Image have been saved in /shenzihe/WD-Disk/output/exp3/dog5/checkpoint-100/images/with_a_wheat_field_in_the_background/
11/17/2024 22:37:26 - INFO - root - Image have been saved in /shenzihe/WD-Disk/output/exp3/dog5/checkpoint-100/images/with_a_wheat_field_in_the_background/
11/17/2024 22:37:26 - INFO - __main__ - Running validation... 
 Generating 4 images with prompt:with a tree and autumn leaves in the background.
11/17/2024 22:37:40 - INFO - root - Image have been saved in /shenzihe/WD-Disk/output/exp3/dog5/checkpoint-100/images/with_a_tree_and_autumn_leaves_in_the_background/
11/17/2024 22:37:53 - INFO - root - Image have been saved in /shenzihe/WD-Disk/output/exp3/dog5/checkpoint-100/images/with_a_tree_and_autumn_leaves_in_the_background/
11/17/2024 22:38:07 - INFO - root - Image have been saved in /shenzihe/WD-Disk/output/exp3/dog5/checkpoint-100/images/with_a_tree_and_autumn_leaves_in_the_background/
11/17/2024 22:38:20 - INFO - root - Image have been saved in /shenzihe/WD-Disk/output/exp3/dog5/checkpoint-100/images/with_a_tree_and_autumn_leaves_in_the_background/
11/17/2024 22:38:20 - INFO - __main__ - Running validation... 
 Generating 4 images with prompt:with the Eiffel Tower in the background.
11/17/2024 22:38:34 - INFO - root - Image have been saved in /shenzihe/WD-Disk/output/exp3/dog5/checkpoint-100/images/with_the_Eiffel_Tower_in_the_background/
11/17/2024 22:38:47 - INFO - root - Image have been saved in /shenzihe/WD-Disk/output/exp3/dog5/checkpoint-100/images/with_the_Eiffel_Tower_in_the_background/
11/17/2024 22:39:01 - INFO - root - Image have been saved in /shenzihe/WD-Disk/output/exp3/dog5/checkpoint-100/images/with_the_Eiffel_Tower_in_the_background/
11/17/2024 22:39:14 - INFO - root - Image have been saved in /shenzihe/WD-Disk/output/exp3/dog5/checkpoint-100/images/with_the_Eiffel_Tower_in_the_background/
11/17/2024 22:39:14 - INFO - __main__ - Running validation... 
 Generating 4 images with prompt:floating on top of water.
11/17/2024 22:39:28 - INFO - root - Image have been saved in /shenzihe/WD-Disk/output/exp3/dog5/checkpoint-100/images/floating_on_top_of_water/
11/17/2024 22:39:42 - INFO - root - Image have been saved in /shenzihe/WD-Disk/output/exp3/dog5/checkpoint-100/images/floating_on_top_of_water/
11/17/2024 22:39:55 - INFO - root - Image have been saved in /shenzihe/WD-Disk/output/exp3/dog5/checkpoint-100/images/floating_on_top_of_water/
11/17/2024 22:40:09 - INFO - root - Image have been saved in /shenzihe/WD-Disk/output/exp3/dog5/checkpoint-100/images/floating_on_top_of_water/
11/17/2024 22:40:09 - INFO - __main__ - Running validation... 
 Generating 4 images with prompt:floating in an ocean of milk.
11/17/2024 22:40:22 - INFO - root - Image have been saved in /shenzihe/WD-Disk/output/exp3/dog5/checkpoint-100/images/floating_in_an_ocean_of_milk/
11/17/2024 22:40:36 - INFO - root - Image have been saved in /shenzihe/WD-Disk/output/exp3/dog5/checkpoint-100/images/floating_in_an_ocean_of_milk/
11/17/2024 22:40:49 - INFO - root - Image have been saved in /shenzihe/WD-Disk/output/exp3/dog5/checkpoint-100/images/floating_in_an_ocean_of_milk/
11/17/2024 22:41:03 - INFO - root - Image have been saved in /shenzihe/WD-Disk/output/exp3/dog5/checkpoint-100/images/floating_in_an_ocean_of_milk/
11/17/2024 22:41:03 - INFO - __main__ - Running validation... 
 Generating 4 images with prompt:on top of green grass with sunflowers around it.
11/17/2024 22:41:16 - INFO - root - Image have been saved in /shenzihe/WD-Disk/output/exp3/dog5/checkpoint-100/images/on_top_of_green_grass_with_sunflowers_around_it/
11/17/2024 22:41:30 - INFO - root - Image have been saved in /shenzihe/WD-Disk/output/exp3/dog5/checkpoint-100/images/on_top_of_green_grass_with_sunflowers_around_it/
11/17/2024 22:41:43 - INFO - root - Image have been saved in /shenzihe/WD-Disk/output/exp3/dog5/checkpoint-100/images/on_top_of_green_grass_with_sunflowers_around_it/
11/17/2024 22:41:57 - INFO - root - Image have been saved in /shenzihe/WD-Disk/output/exp3/dog5/checkpoint-100/images/on_top_of_green_grass_with_sunflowers_around_it/
11/17/2024 22:41:57 - INFO - __main__ - Running validation... 
 Generating 4 images with prompt:on top of a mirror.
11/17/2024 22:42:11 - INFO - root - Image have been saved in /shenzihe/WD-Disk/output/exp3/dog5/checkpoint-100/images/on_top_of_a_mirror/
11/17/2024 22:42:24 - INFO - root - Image have been saved in /shenzihe/WD-Disk/output/exp3/dog5/checkpoint-100/images/on_top_of_a_mirror/
11/17/2024 22:42:38 - INFO - root - Image have been saved in /shenzihe/WD-Disk/output/exp3/dog5/checkpoint-100/images/on_top_of_a_mirror/
11/17/2024 22:42:51 - INFO - root - Image have been saved in /shenzihe/WD-Disk/output/exp3/dog5/checkpoint-100/images/on_top_of_a_mirror/
11/17/2024 22:42:51 - INFO - __main__ - Running validation... 
 Generating 4 images with prompt:on top of the sidewalk in a crowded street.
11/17/2024 22:43:05 - INFO - root - Image have been saved in /shenzihe/WD-Disk/output/exp3/dog5/checkpoint-100/images/on_top_of_the_sidewalk_in_a_crowded_street/
11/17/2024 22:43:18 - INFO - root - Image have been saved in /shenzihe/WD-Disk/output/exp3/dog5/checkpoint-100/images/on_top_of_the_sidewalk_in_a_crowded_street/
11/17/2024 22:43:32 - INFO - root - Image have been saved in /shenzihe/WD-Disk/output/exp3/dog5/checkpoint-100/images/on_top_of_the_sidewalk_in_a_crowded_street/
11/17/2024 22:43:45 - INFO - root - Image have been saved in /shenzihe/WD-Disk/output/exp3/dog5/checkpoint-100/images/on_top_of_the_sidewalk_in_a_crowded_street/
11/17/2024 22:43:45 - INFO - __main__ - Running validation... 
 Generating 4 images with prompt:on top of a dirt road.
11/17/2024 22:43:59 - INFO - root - Image have been saved in /shenzihe/WD-Disk/output/exp3/dog5/checkpoint-100/images/on_top_of_a_dirt_road/
11/17/2024 22:44:13 - INFO - root - Image have been saved in /shenzihe/WD-Disk/output/exp3/dog5/checkpoint-100/images/on_top_of_a_dirt_road/
11/17/2024 22:44:26 - INFO - root - Image have been saved in /shenzihe/WD-Disk/output/exp3/dog5/checkpoint-100/images/on_top_of_a_dirt_road/
11/17/2024 22:44:40 - INFO - root - Image have been saved in /shenzihe/WD-Disk/output/exp3/dog5/checkpoint-100/images/on_top_of_a_dirt_road/
11/17/2024 22:44:40 - INFO - __main__ - Running validation... 
 Generating 4 images with prompt:on top of a white rug.
11/17/2024 22:44:53 - INFO - root - Image have been saved in /shenzihe/WD-Disk/output/exp3/dog5/checkpoint-100/images/on_top_of_a_white_rug/
11/17/2024 22:45:07 - INFO - root - Image have been saved in /shenzihe/WD-Disk/output/exp3/dog5/checkpoint-100/images/on_top_of_a_white_rug/
11/17/2024 22:45:20 - INFO - root - Image have been saved in /shenzihe/WD-Disk/output/exp3/dog5/checkpoint-100/images/on_top_of_a_white_rug/
11/17/2024 22:45:34 - INFO - root - Image have been saved in /shenzihe/WD-Disk/output/exp3/dog5/checkpoint-100/images/on_top_of_a_white_rug/
11/17/2024 22:45:34 - INFO - __main__ - Running validation... 
 Generating 4 images with prompt:red.
11/17/2024 22:45:48 - INFO - root - Image have been saved in /shenzihe/WD-Disk/output/exp3/dog5/checkpoint-100/images/red/
11/17/2024 22:46:01 - INFO - root - Image have been saved in /shenzihe/WD-Disk/output/exp3/dog5/checkpoint-100/images/red/
11/17/2024 22:46:15 - INFO - root - Image have been saved in /shenzihe/WD-Disk/output/exp3/dog5/checkpoint-100/images/red/
11/17/2024 22:46:28 - INFO - root - Image have been saved in /shenzihe/WD-Disk/output/exp3/dog5/checkpoint-100/images/red/
11/17/2024 22:46:28 - INFO - __main__ - Running validation... 
 Generating 4 images with prompt:purple.
11/17/2024 22:46:42 - INFO - root - Image have been saved in /shenzihe/WD-Disk/output/exp3/dog5/checkpoint-100/images/purple/
11/17/2024 22:46:56 - INFO - root - Image have been saved in /shenzihe/WD-Disk/output/exp3/dog5/checkpoint-100/images/purple/
11/17/2024 22:47:09 - INFO - root - Image have been saved in /shenzihe/WD-Disk/output/exp3/dog5/checkpoint-100/images/purple/
11/17/2024 22:47:23 - INFO - root - Image have been saved in /shenzihe/WD-Disk/output/exp3/dog5/checkpoint-100/images/purple/
11/17/2024 22:47:23 - INFO - __main__ - Running validation... 
 Generating 4 images with prompt:shiny.
11/17/2024 22:47:36 - INFO - root - Image have been saved in /shenzihe/WD-Disk/output/exp3/dog5/checkpoint-100/images/shiny/
11/17/2024 22:47:50 - INFO - root - Image have been saved in /shenzihe/WD-Disk/output/exp3/dog5/checkpoint-100/images/shiny/
11/17/2024 22:48:04 - INFO - root - Image have been saved in /shenzihe/WD-Disk/output/exp3/dog5/checkpoint-100/images/shiny/
11/17/2024 22:48:17 - INFO - root - Image have been saved in /shenzihe/WD-Disk/output/exp3/dog5/checkpoint-100/images/shiny/
11/17/2024 22:48:17 - INFO - __main__ - Running validation... 
 Generating 4 images with prompt:wet.
11/17/2024 22:48:31 - INFO - root - Image have been saved in /shenzihe/WD-Disk/output/exp3/dog5/checkpoint-100/images/wet/
11/17/2024 22:48:44 - INFO - root - Image have been saved in /shenzihe/WD-Disk/output/exp3/dog5/checkpoint-100/images/wet/
11/17/2024 22:48:58 - INFO - root - Image have been saved in /shenzihe/WD-Disk/output/exp3/dog5/checkpoint-100/images/wet/
11/17/2024 22:49:11 - INFO - root - Image have been saved in /shenzihe/WD-Disk/output/exp3/dog5/checkpoint-100/images/wet/
11/17/2024 22:49:11 - INFO - __main__ - Running validation... 
 Generating 4 images with prompt:cube shaped.
11/17/2024 22:49:25 - INFO - root - Image have been saved in /shenzihe/WD-Disk/output/exp3/dog5/checkpoint-100/images/cube_shaped/
11/17/2024 22:49:38 - INFO - root - Image have been saved in /shenzihe/WD-Disk/output/exp3/dog5/checkpoint-100/images/cube_shaped/
11/17/2024 22:49:52 - INFO - root - Image have been saved in /shenzihe/WD-Disk/output/exp3/dog5/checkpoint-100/images/cube_shaped/
11/17/2024 22:50:06 - INFO - root - Image have been saved in /shenzihe/WD-Disk/output/exp3/dog5/checkpoint-100/images/cube_shaped/
