11/15/2024 03:24:15 - INFO - __main__ - Distributed environment: NO
Num processes: 1
Process index: 0
Local process index: 0
Device: cuda

Mixed precision type: no

11/15/2024 03:24:18 - INFO - root - freeze vision encoder
11/15/2024 03:24:29 - INFO - root - Loading pretrained model from /root/.cache/torch/hub/checkpoints/blip-diffusion
11/15/2024 03:24:29 - INFO - root - Loading pretrained BLIP2 Qformer weights.
11/15/2024 03:24:31 - INFO - root - Loading pretrained projection lyer weights.
11/15/2024 03:24:31 - INFO - root - Loading pretrained text encoder weights.
11/15/2024 03:24:32 - INFO - root - Loading pretrained vae weights.
11/15/2024 03:24:32 - INFO - root - Loading pretrained unet weights.
11/15/2024 03:24:40 - INFO - root - Using xformers.
11/15/2024 03:24:40 - INFO - root - Building datasets...
11/15/2024 03:24:50 - INFO - root - freeze vision encoder
11/15/2024 03:25:23 - INFO - root - load checkpoint from https://storage.googleapis.com/sfr-vision-language-research/LAVIS/models/BLIP2/blip2_pretrained_flant5xl.pth
11/15/2024 03:25:25 - INFO - __main__ - 
***** Running training *****
11/15/2024 03:25:25 - INFO - __main__ -   Num examples = 6
11/15/2024 03:25:25 - INFO - __main__ -   Num batches each epoch = 2
11/15/2024 03:25:25 - INFO - __main__ -   Num Epochs = 50
11/15/2024 03:25:25 - INFO - __main__ -   Instantaneous batch size per device = 3
11/15/2024 03:25:25 - INFO - __main__ -   Total train batch size (w. parallel, distributed & accumulation) = 3
11/15/2024 03:25:25 - INFO - __main__ -   Gradient Accumulation steps = 1
11/15/2024 03:25:25 - INFO - __main__ -   Total optimization steps = 100
11/15/2024 03:30:52 - INFO - __main__ - Running validation... 
 Generating 4 images with prompt:in the jungle.
11/15/2024 03:31:06 - INFO - root - Image have been saved in /shenzihe/WD-Disk/output/exp2/berry_bowl/checkpoint-100/images/in_the_jungle/
11/15/2024 03:31:20 - INFO - root - Image have been saved in /shenzihe/WD-Disk/output/exp2/berry_bowl/checkpoint-100/images/in_the_jungle/
11/15/2024 03:31:34 - INFO - root - Image have been saved in /shenzihe/WD-Disk/output/exp2/berry_bowl/checkpoint-100/images/in_the_jungle/
11/15/2024 03:31:47 - INFO - root - Image have been saved in /shenzihe/WD-Disk/output/exp2/berry_bowl/checkpoint-100/images/in_the_jungle/
11/15/2024 03:31:47 - INFO - __main__ - Running validation... 
 Generating 4 images with prompt:in the snow.
11/15/2024 03:32:01 - INFO - root - Image have been saved in /shenzihe/WD-Disk/output/exp2/berry_bowl/checkpoint-100/images/in_the_snow/
11/15/2024 03:32:15 - INFO - root - Image have been saved in /shenzihe/WD-Disk/output/exp2/berry_bowl/checkpoint-100/images/in_the_snow/
11/15/2024 03:32:28 - INFO - root - Image have been saved in /shenzihe/WD-Disk/output/exp2/berry_bowl/checkpoint-100/images/in_the_snow/
11/15/2024 03:32:42 - INFO - root - Image have been saved in /shenzihe/WD-Disk/output/exp2/berry_bowl/checkpoint-100/images/in_the_snow/
11/15/2024 03:32:42 - INFO - __main__ - Running validation... 
 Generating 4 images with prompt:on the beach.
11/15/2024 03:32:55 - INFO - root - Image have been saved in /shenzihe/WD-Disk/output/exp2/berry_bowl/checkpoint-100/images/on_the_beach/
11/15/2024 03:33:09 - INFO - root - Image have been saved in /shenzihe/WD-Disk/output/exp2/berry_bowl/checkpoint-100/images/on_the_beach/
11/15/2024 03:33:23 - INFO - root - Image have been saved in /shenzihe/WD-Disk/output/exp2/berry_bowl/checkpoint-100/images/on_the_beach/
11/15/2024 03:33:36 - INFO - root - Image have been saved in /shenzihe/WD-Disk/output/exp2/berry_bowl/checkpoint-100/images/on_the_beach/
11/15/2024 03:33:36 - INFO - __main__ - Running validation... 
 Generating 4 images with prompt:on a cobblestone street.
11/15/2024 03:33:50 - INFO - root - Image have been saved in /shenzihe/WD-Disk/output/exp2/berry_bowl/checkpoint-100/images/on_a_cobblestone_street/
11/15/2024 03:34:03 - INFO - root - Image have been saved in /shenzihe/WD-Disk/output/exp2/berry_bowl/checkpoint-100/images/on_a_cobblestone_street/
11/15/2024 03:34:17 - INFO - root - Image have been saved in /shenzihe/WD-Disk/output/exp2/berry_bowl/checkpoint-100/images/on_a_cobblestone_street/
11/15/2024 03:34:31 - INFO - root - Image have been saved in /shenzihe/WD-Disk/output/exp2/berry_bowl/checkpoint-100/images/on_a_cobblestone_street/
11/15/2024 03:34:31 - INFO - __main__ - Running validation... 
 Generating 4 images with prompt:on top of pink fabric.
11/15/2024 03:34:44 - INFO - root - Image have been saved in /shenzihe/WD-Disk/output/exp2/berry_bowl/checkpoint-100/images/on_top_of_pink_fabric/
11/15/2024 03:34:58 - INFO - root - Image have been saved in /shenzihe/WD-Disk/output/exp2/berry_bowl/checkpoint-100/images/on_top_of_pink_fabric/
11/15/2024 03:35:11 - INFO - root - Image have been saved in /shenzihe/WD-Disk/output/exp2/berry_bowl/checkpoint-100/images/on_top_of_pink_fabric/
11/15/2024 03:35:25 - INFO - root - Image have been saved in /shenzihe/WD-Disk/output/exp2/berry_bowl/checkpoint-100/images/on_top_of_pink_fabric/
11/15/2024 03:35:25 - INFO - __main__ - Running validation... 
 Generating 4 images with prompt:on top of a wooden floor.
11/15/2024 03:35:39 - INFO - root - Image have been saved in /shenzihe/WD-Disk/output/exp2/berry_bowl/checkpoint-100/images/on_top_of_a_wooden_floor/
11/15/2024 03:35:52 - INFO - root - Image have been saved in /shenzihe/WD-Disk/output/exp2/berry_bowl/checkpoint-100/images/on_top_of_a_wooden_floor/
11/15/2024 03:36:06 - INFO - root - Image have been saved in /shenzihe/WD-Disk/output/exp2/berry_bowl/checkpoint-100/images/on_top_of_a_wooden_floor/
11/15/2024 03:36:20 - INFO - root - Image have been saved in /shenzihe/WD-Disk/output/exp2/berry_bowl/checkpoint-100/images/on_top_of_a_wooden_floor/
11/15/2024 03:36:20 - INFO - __main__ - Running validation... 
 Generating 4 images with prompt:with a city in the background.
11/15/2024 03:36:33 - INFO - root - Image have been saved in /shenzihe/WD-Disk/output/exp2/berry_bowl/checkpoint-100/images/with_a_city_in_the_background/
11/15/2024 03:36:47 - INFO - root - Image have been saved in /shenzihe/WD-Disk/output/exp2/berry_bowl/checkpoint-100/images/with_a_city_in_the_background/
11/15/2024 03:37:00 - INFO - root - Image have been saved in /shenzihe/WD-Disk/output/exp2/berry_bowl/checkpoint-100/images/with_a_city_in_the_background/
11/15/2024 03:37:14 - INFO - root - Image have been saved in /shenzihe/WD-Disk/output/exp2/berry_bowl/checkpoint-100/images/with_a_city_in_the_background/
11/15/2024 03:37:14 - INFO - __main__ - Running validation... 
 Generating 4 images with prompt:with a mountain in the background.
11/15/2024 03:37:28 - INFO - root - Image have been saved in /shenzihe/WD-Disk/output/exp2/berry_bowl/checkpoint-100/images/with_a_mountain_in_the_background/
11/15/2024 03:37:41 - INFO - root - Image have been saved in /shenzihe/WD-Disk/output/exp2/berry_bowl/checkpoint-100/images/with_a_mountain_in_the_background/
11/15/2024 03:37:55 - INFO - root - Image have been saved in /shenzihe/WD-Disk/output/exp2/berry_bowl/checkpoint-100/images/with_a_mountain_in_the_background/
11/15/2024 03:38:08 - INFO - root - Image have been saved in /shenzihe/WD-Disk/output/exp2/berry_bowl/checkpoint-100/images/with_a_mountain_in_the_background/
11/15/2024 03:38:08 - INFO - __main__ - Running validation... 
 Generating 4 images with prompt:with a blue house in the background.
11/15/2024 03:38:22 - INFO - root - Image have been saved in /shenzihe/WD-Disk/output/exp2/berry_bowl/checkpoint-100/images/with_a_blue_house_in_the_background/
11/15/2024 03:38:35 - INFO - root - Image have been saved in /shenzihe/WD-Disk/output/exp2/berry_bowl/checkpoint-100/images/with_a_blue_house_in_the_background/
11/15/2024 03:38:49 - INFO - root - Image have been saved in /shenzihe/WD-Disk/output/exp2/berry_bowl/checkpoint-100/images/with_a_blue_house_in_the_background/
11/15/2024 03:39:02 - INFO - root - Image have been saved in /shenzihe/WD-Disk/output/exp2/berry_bowl/checkpoint-100/images/with_a_blue_house_in_the_background/
11/15/2024 03:39:02 - INFO - __main__ - Running validation... 
 Generating 4 images with prompt:on top of a purple rug in a forest.
11/15/2024 03:39:16 - INFO - root - Image have been saved in /shenzihe/WD-Disk/output/exp2/berry_bowl/checkpoint-100/images/on_top_of_a_purple_rug_in_a_forest/
11/15/2024 03:39:29 - INFO - root - Image have been saved in /shenzihe/WD-Disk/output/exp2/berry_bowl/checkpoint-100/images/on_top_of_a_purple_rug_in_a_forest/
11/15/2024 03:39:43 - INFO - root - Image have been saved in /shenzihe/WD-Disk/output/exp2/berry_bowl/checkpoint-100/images/on_top_of_a_purple_rug_in_a_forest/
11/15/2024 03:39:56 - INFO - root - Image have been saved in /shenzihe/WD-Disk/output/exp2/berry_bowl/checkpoint-100/images/on_top_of_a_purple_rug_in_a_forest/
11/15/2024 03:39:56 - INFO - __main__ - Running validation... 
 Generating 4 images with prompt:with a wheat field in the background.
11/15/2024 03:40:10 - INFO - root - Image have been saved in /shenzihe/WD-Disk/output/exp2/berry_bowl/checkpoint-100/images/with_a_wheat_field_in_the_background/
11/15/2024 03:40:23 - INFO - root - Image have been saved in /shenzihe/WD-Disk/output/exp2/berry_bowl/checkpoint-100/images/with_a_wheat_field_in_the_background/
11/15/2024 03:40:37 - INFO - root - Image have been saved in /shenzihe/WD-Disk/output/exp2/berry_bowl/checkpoint-100/images/with_a_wheat_field_in_the_background/
11/15/2024 03:40:50 - INFO - root - Image have been saved in /shenzihe/WD-Disk/output/exp2/berry_bowl/checkpoint-100/images/with_a_wheat_field_in_the_background/
11/15/2024 03:40:50 - INFO - __main__ - Running validation... 
 Generating 4 images with prompt:with a tree and autumn leaves in the background.
11/15/2024 03:41:04 - INFO - root - Image have been saved in /shenzihe/WD-Disk/output/exp2/berry_bowl/checkpoint-100/images/with_a_tree_and_autumn_leaves_in_the_background/
11/15/2024 03:41:17 - INFO - root - Image have been saved in /shenzihe/WD-Disk/output/exp2/berry_bowl/checkpoint-100/images/with_a_tree_and_autumn_leaves_in_the_background/
11/15/2024 03:41:31 - INFO - root - Image have been saved in /shenzihe/WD-Disk/output/exp2/berry_bowl/checkpoint-100/images/with_a_tree_and_autumn_leaves_in_the_background/
11/15/2024 03:41:44 - INFO - root - Image have been saved in /shenzihe/WD-Disk/output/exp2/berry_bowl/checkpoint-100/images/with_a_tree_and_autumn_leaves_in_the_background/
11/15/2024 03:41:44 - INFO - __main__ - Running validation... 
 Generating 4 images with prompt:with the Eiffel Tower in the background.
11/15/2024 03:41:58 - INFO - root - Image have been saved in /shenzihe/WD-Disk/output/exp2/berry_bowl/checkpoint-100/images/with_the_Eiffel_Tower_in_the_background/
11/15/2024 03:42:11 - INFO - root - Image have been saved in /shenzihe/WD-Disk/output/exp2/berry_bowl/checkpoint-100/images/with_the_Eiffel_Tower_in_the_background/
11/15/2024 03:42:25 - INFO - root - Image have been saved in /shenzihe/WD-Disk/output/exp2/berry_bowl/checkpoint-100/images/with_the_Eiffel_Tower_in_the_background/
11/15/2024 03:42:38 - INFO - root - Image have been saved in /shenzihe/WD-Disk/output/exp2/berry_bowl/checkpoint-100/images/with_the_Eiffel_Tower_in_the_background/
11/15/2024 03:42:38 - INFO - __main__ - Running validation... 
 Generating 4 images with prompt:floating on top of water.
11/15/2024 03:42:52 - INFO - root - Image have been saved in /shenzihe/WD-Disk/output/exp2/berry_bowl/checkpoint-100/images/floating_on_top_of_water/
11/15/2024 03:43:05 - INFO - root - Image have been saved in /shenzihe/WD-Disk/output/exp2/berry_bowl/checkpoint-100/images/floating_on_top_of_water/
11/15/2024 03:43:19 - INFO - root - Image have been saved in /shenzihe/WD-Disk/output/exp2/berry_bowl/checkpoint-100/images/floating_on_top_of_water/
11/15/2024 03:43:32 - INFO - root - Image have been saved in /shenzihe/WD-Disk/output/exp2/berry_bowl/checkpoint-100/images/floating_on_top_of_water/
11/15/2024 03:43:32 - INFO - __main__ - Running validation... 
 Generating 4 images with prompt:floating in an ocean of milk.
11/15/2024 03:43:46 - INFO - root - Image have been saved in /shenzihe/WD-Disk/output/exp2/berry_bowl/checkpoint-100/images/floating_in_an_ocean_of_milk/
11/15/2024 03:43:59 - INFO - root - Image have been saved in /shenzihe/WD-Disk/output/exp2/berry_bowl/checkpoint-100/images/floating_in_an_ocean_of_milk/
11/15/2024 03:44:13 - INFO - root - Image have been saved in /shenzihe/WD-Disk/output/exp2/berry_bowl/checkpoint-100/images/floating_in_an_ocean_of_milk/
11/15/2024 03:44:26 - INFO - root - Image have been saved in /shenzihe/WD-Disk/output/exp2/berry_bowl/checkpoint-100/images/floating_in_an_ocean_of_milk/
11/15/2024 03:44:26 - INFO - __main__ - Running validation... 
 Generating 4 images with prompt:on top of green grass with sunflowers around it.
11/15/2024 03:44:40 - INFO - root - Image have been saved in /shenzihe/WD-Disk/output/exp2/berry_bowl/checkpoint-100/images/on_top_of_green_grass_with_sunflowers_around_it/
11/15/2024 03:44:53 - INFO - root - Image have been saved in /shenzihe/WD-Disk/output/exp2/berry_bowl/checkpoint-100/images/on_top_of_green_grass_with_sunflowers_around_it/
11/15/2024 03:45:07 - INFO - root - Image have been saved in /shenzihe/WD-Disk/output/exp2/berry_bowl/checkpoint-100/images/on_top_of_green_grass_with_sunflowers_around_it/
11/15/2024 03:45:20 - INFO - root - Image have been saved in /shenzihe/WD-Disk/output/exp2/berry_bowl/checkpoint-100/images/on_top_of_green_grass_with_sunflowers_around_it/
11/15/2024 03:45:20 - INFO - __main__ - Running validation... 
 Generating 4 images with prompt:on top of a mirror.
11/15/2024 03:45:34 - INFO - root - Image have been saved in /shenzihe/WD-Disk/output/exp2/berry_bowl/checkpoint-100/images/on_top_of_a_mirror/
11/15/2024 03:45:47 - INFO - root - Image have been saved in /shenzihe/WD-Disk/output/exp2/berry_bowl/checkpoint-100/images/on_top_of_a_mirror/
11/15/2024 03:46:01 - INFO - root - Image have been saved in /shenzihe/WD-Disk/output/exp2/berry_bowl/checkpoint-100/images/on_top_of_a_mirror/
11/15/2024 03:46:14 - INFO - root - Image have been saved in /shenzihe/WD-Disk/output/exp2/berry_bowl/checkpoint-100/images/on_top_of_a_mirror/
11/15/2024 03:46:14 - INFO - __main__ - Running validation... 
 Generating 4 images with prompt:on top of the sidewalk in a crowded street.
11/15/2024 03:46:28 - INFO - root - Image have been saved in /shenzihe/WD-Disk/output/exp2/berry_bowl/checkpoint-100/images/on_top_of_the_sidewalk_in_a_crowded_street/
11/15/2024 03:46:41 - INFO - root - Image have been saved in /shenzihe/WD-Disk/output/exp2/berry_bowl/checkpoint-100/images/on_top_of_the_sidewalk_in_a_crowded_street/
11/15/2024 03:46:55 - INFO - root - Image have been saved in /shenzihe/WD-Disk/output/exp2/berry_bowl/checkpoint-100/images/on_top_of_the_sidewalk_in_a_crowded_street/
11/15/2024 03:47:08 - INFO - root - Image have been saved in /shenzihe/WD-Disk/output/exp2/berry_bowl/checkpoint-100/images/on_top_of_the_sidewalk_in_a_crowded_street/
11/15/2024 03:47:08 - INFO - __main__ - Running validation... 
 Generating 4 images with prompt:on top of a dirt road.
11/15/2024 03:47:22 - INFO - root - Image have been saved in /shenzihe/WD-Disk/output/exp2/berry_bowl/checkpoint-100/images/on_top_of_a_dirt_road/
11/15/2024 03:47:35 - INFO - root - Image have been saved in /shenzihe/WD-Disk/output/exp2/berry_bowl/checkpoint-100/images/on_top_of_a_dirt_road/
11/15/2024 03:47:49 - INFO - root - Image have been saved in /shenzihe/WD-Disk/output/exp2/berry_bowl/checkpoint-100/images/on_top_of_a_dirt_road/
11/15/2024 03:48:02 - INFO - root - Image have been saved in /shenzihe/WD-Disk/output/exp2/berry_bowl/checkpoint-100/images/on_top_of_a_dirt_road/
11/15/2024 03:48:02 - INFO - __main__ - Running validation... 
 Generating 4 images with prompt:on top of a white rug.
11/15/2024 03:48:16 - INFO - root - Image have been saved in /shenzihe/WD-Disk/output/exp2/berry_bowl/checkpoint-100/images/on_top_of_a_white_rug/
11/15/2024 03:48:29 - INFO - root - Image have been saved in /shenzihe/WD-Disk/output/exp2/berry_bowl/checkpoint-100/images/on_top_of_a_white_rug/
11/15/2024 03:48:43 - INFO - root - Image have been saved in /shenzihe/WD-Disk/output/exp2/berry_bowl/checkpoint-100/images/on_top_of_a_white_rug/
11/15/2024 03:48:56 - INFO - root - Image have been saved in /shenzihe/WD-Disk/output/exp2/berry_bowl/checkpoint-100/images/on_top_of_a_white_rug/
11/15/2024 03:48:56 - INFO - __main__ - Running validation... 
 Generating 4 images with prompt:red.
11/15/2024 03:49:10 - INFO - root - Image have been saved in /shenzihe/WD-Disk/output/exp2/berry_bowl/checkpoint-100/images/red/
11/15/2024 03:49:23 - INFO - root - Image have been saved in /shenzihe/WD-Disk/output/exp2/berry_bowl/checkpoint-100/images/red/
11/15/2024 03:49:37 - INFO - root - Image have been saved in /shenzihe/WD-Disk/output/exp2/berry_bowl/checkpoint-100/images/red/
11/15/2024 03:49:50 - INFO - root - Image have been saved in /shenzihe/WD-Disk/output/exp2/berry_bowl/checkpoint-100/images/red/
11/15/2024 03:49:50 - INFO - __main__ - Running validation... 
 Generating 4 images with prompt:purple.
11/15/2024 03:50:04 - INFO - root - Image have been saved in /shenzihe/WD-Disk/output/exp2/berry_bowl/checkpoint-100/images/purple/
11/15/2024 03:50:17 - INFO - root - Image have been saved in /shenzihe/WD-Disk/output/exp2/berry_bowl/checkpoint-100/images/purple/
11/15/2024 03:50:31 - INFO - root - Image have been saved in /shenzihe/WD-Disk/output/exp2/berry_bowl/checkpoint-100/images/purple/
11/15/2024 03:50:44 - INFO - root - Image have been saved in /shenzihe/WD-Disk/output/exp2/berry_bowl/checkpoint-100/images/purple/
11/15/2024 03:50:44 - INFO - __main__ - Running validation... 
 Generating 4 images with prompt:shiny.
11/15/2024 03:50:58 - INFO - root - Image have been saved in /shenzihe/WD-Disk/output/exp2/berry_bowl/checkpoint-100/images/shiny/
11/15/2024 03:51:11 - INFO - root - Image have been saved in /shenzihe/WD-Disk/output/exp2/berry_bowl/checkpoint-100/images/shiny/
11/15/2024 03:51:25 - INFO - root - Image have been saved in /shenzihe/WD-Disk/output/exp2/berry_bowl/checkpoint-100/images/shiny/
11/15/2024 03:51:38 - INFO - root - Image have been saved in /shenzihe/WD-Disk/output/exp2/berry_bowl/checkpoint-100/images/shiny/
11/15/2024 03:51:38 - INFO - __main__ - Running validation... 
 Generating 4 images with prompt:wet.
11/15/2024 03:51:52 - INFO - root - Image have been saved in /shenzihe/WD-Disk/output/exp2/berry_bowl/checkpoint-100/images/wet/
11/15/2024 03:52:05 - INFO - root - Image have been saved in /shenzihe/WD-Disk/output/exp2/berry_bowl/checkpoint-100/images/wet/
11/15/2024 03:52:19 - INFO - root - Image have been saved in /shenzihe/WD-Disk/output/exp2/berry_bowl/checkpoint-100/images/wet/
11/15/2024 03:52:32 - INFO - root - Image have been saved in /shenzihe/WD-Disk/output/exp2/berry_bowl/checkpoint-100/images/wet/
11/15/2024 03:52:32 - INFO - __main__ - Running validation... 
 Generating 4 images with prompt:cube shaped.
11/15/2024 03:52:46 - INFO - root - Image have been saved in /shenzihe/WD-Disk/output/exp2/berry_bowl/checkpoint-100/images/cube_shaped/
11/15/2024 03:52:59 - INFO - root - Image have been saved in /shenzihe/WD-Disk/output/exp2/berry_bowl/checkpoint-100/images/cube_shaped/
11/15/2024 03:53:13 - INFO - root - Image have been saved in /shenzihe/WD-Disk/output/exp2/berry_bowl/checkpoint-100/images/cube_shaped/
11/15/2024 03:53:26 - INFO - root - Image have been saved in /shenzihe/WD-Disk/output/exp2/berry_bowl/checkpoint-100/images/cube_shaped/
