11/14/2024 17:59:08 - INFO - __main__ - Distributed environment: NO
Num processes: 1
Process index: 0
Local process index: 0
Device: cuda

Mixed precision type: no

11/14/2024 17:59:11 - INFO - root - freeze vision encoder
11/14/2024 17:59:20 - INFO - root - Loading pretrained model from /root/.cache/torch/hub/checkpoints/blip-diffusion
11/14/2024 17:59:20 - INFO - root - Loading pretrained BLIP2 Qformer weights.
11/14/2024 17:59:22 - INFO - root - Loading pretrained projection lyer weights.
11/14/2024 17:59:22 - INFO - root - Loading pretrained text encoder weights.
11/14/2024 17:59:23 - INFO - root - Loading pretrained vae weights.
11/14/2024 17:59:23 - INFO - root - Loading pretrained unet weights.
11/14/2024 17:59:30 - INFO - root - Using xformers.
11/14/2024 17:59:31 - INFO - root - Building datasets...
11/14/2024 17:59:41 - INFO - root - freeze vision encoder
11/14/2024 18:00:16 - INFO - root - load checkpoint from https://storage.googleapis.com/sfr-vision-language-research/LAVIS/models/BLIP2/blip2_pretrained_flant5xl.pth
11/14/2024 18:00:17 - INFO - __main__ - 
***** Running training *****
11/14/2024 18:00:17 - INFO - __main__ -   Num examples = 6
11/14/2024 18:00:17 - INFO - __main__ -   Num batches each epoch = 2
11/14/2024 18:00:17 - INFO - __main__ -   Num Epochs = 50
11/14/2024 18:00:17 - INFO - __main__ -   Instantaneous batch size per device = 3
11/14/2024 18:00:17 - INFO - __main__ -   Total train batch size (w. parallel, distributed & accumulation) = 3
11/14/2024 18:00:17 - INFO - __main__ -   Gradient Accumulation steps = 1
11/14/2024 18:00:17 - INFO - __main__ -   Total optimization steps = 100
11/14/2024 18:05:44 - INFO - __main__ - Running validation... 
 Generating 4 images with prompt:in the jungle.
11/14/2024 18:06:00 - INFO - root - Image have been saved in /shenzihe/WD-Disk/output/exp/pink_sunglasses/checkpoint-100/images/in_the_jungle/
11/14/2024 18:06:14 - INFO - root - Image have been saved in /shenzihe/WD-Disk/output/exp/pink_sunglasses/checkpoint-100/images/in_the_jungle/
11/14/2024 18:06:27 - INFO - root - Image have been saved in /shenzihe/WD-Disk/output/exp/pink_sunglasses/checkpoint-100/images/in_the_jungle/
11/14/2024 18:06:41 - INFO - root - Image have been saved in /shenzihe/WD-Disk/output/exp/pink_sunglasses/checkpoint-100/images/in_the_jungle/
11/14/2024 18:06:41 - INFO - __main__ - Running validation... 
 Generating 4 images with prompt:in the snow.
11/14/2024 18:06:54 - INFO - root - Image have been saved in /shenzihe/WD-Disk/output/exp/pink_sunglasses/checkpoint-100/images/in_the_snow/
11/14/2024 18:07:07 - INFO - root - Image have been saved in /shenzihe/WD-Disk/output/exp/pink_sunglasses/checkpoint-100/images/in_the_snow/
11/14/2024 18:07:21 - INFO - root - Image have been saved in /shenzihe/WD-Disk/output/exp/pink_sunglasses/checkpoint-100/images/in_the_snow/
11/14/2024 18:07:34 - INFO - root - Image have been saved in /shenzihe/WD-Disk/output/exp/pink_sunglasses/checkpoint-100/images/in_the_snow/
11/14/2024 18:07:34 - INFO - __main__ - Running validation... 
 Generating 4 images with prompt:on the beach.
11/14/2024 18:07:48 - INFO - root - Image have been saved in /shenzihe/WD-Disk/output/exp/pink_sunglasses/checkpoint-100/images/on_the_beach/
11/14/2024 18:08:01 - INFO - root - Image have been saved in /shenzihe/WD-Disk/output/exp/pink_sunglasses/checkpoint-100/images/on_the_beach/
11/14/2024 18:08:14 - INFO - root - Image have been saved in /shenzihe/WD-Disk/output/exp/pink_sunglasses/checkpoint-100/images/on_the_beach/
11/14/2024 18:08:28 - INFO - root - Image have been saved in /shenzihe/WD-Disk/output/exp/pink_sunglasses/checkpoint-100/images/on_the_beach/
11/14/2024 18:08:28 - INFO - __main__ - Running validation... 
 Generating 4 images with prompt:on a cobblestone street.
11/14/2024 18:08:41 - INFO - root - Image have been saved in /shenzihe/WD-Disk/output/exp/pink_sunglasses/checkpoint-100/images/on_a_cobblestone_street/
11/14/2024 18:08:55 - INFO - root - Image have been saved in /shenzihe/WD-Disk/output/exp/pink_sunglasses/checkpoint-100/images/on_a_cobblestone_street/
11/14/2024 18:09:08 - INFO - root - Image have been saved in /shenzihe/WD-Disk/output/exp/pink_sunglasses/checkpoint-100/images/on_a_cobblestone_street/
11/14/2024 18:09:21 - INFO - root - Image have been saved in /shenzihe/WD-Disk/output/exp/pink_sunglasses/checkpoint-100/images/on_a_cobblestone_street/
11/14/2024 18:09:21 - INFO - __main__ - Running validation... 
 Generating 4 images with prompt:on top of pink fabric.
11/14/2024 18:09:35 - INFO - root - Image have been saved in /shenzihe/WD-Disk/output/exp/pink_sunglasses/checkpoint-100/images/on_top_of_pink_fabric/
11/14/2024 18:09:48 - INFO - root - Image have been saved in /shenzihe/WD-Disk/output/exp/pink_sunglasses/checkpoint-100/images/on_top_of_pink_fabric/
11/14/2024 18:10:02 - INFO - root - Image have been saved in /shenzihe/WD-Disk/output/exp/pink_sunglasses/checkpoint-100/images/on_top_of_pink_fabric/
11/14/2024 18:10:15 - INFO - root - Image have been saved in /shenzihe/WD-Disk/output/exp/pink_sunglasses/checkpoint-100/images/on_top_of_pink_fabric/
11/14/2024 18:10:15 - INFO - __main__ - Running validation... 
 Generating 4 images with prompt:on top of a wooden floor.
11/14/2024 18:10:28 - INFO - root - Image have been saved in /shenzihe/WD-Disk/output/exp/pink_sunglasses/checkpoint-100/images/on_top_of_a_wooden_floor/
11/14/2024 18:10:42 - INFO - root - Image have been saved in /shenzihe/WD-Disk/output/exp/pink_sunglasses/checkpoint-100/images/on_top_of_a_wooden_floor/
11/14/2024 18:10:55 - INFO - root - Image have been saved in /shenzihe/WD-Disk/output/exp/pink_sunglasses/checkpoint-100/images/on_top_of_a_wooden_floor/
11/14/2024 18:11:09 - INFO - root - Image have been saved in /shenzihe/WD-Disk/output/exp/pink_sunglasses/checkpoint-100/images/on_top_of_a_wooden_floor/
11/14/2024 18:11:09 - INFO - __main__ - Running validation... 
 Generating 4 images with prompt:with a city in the background.
11/14/2024 18:11:22 - INFO - root - Image have been saved in /shenzihe/WD-Disk/output/exp/pink_sunglasses/checkpoint-100/images/with_a_city_in_the_background/
11/14/2024 18:11:35 - INFO - root - Image have been saved in /shenzihe/WD-Disk/output/exp/pink_sunglasses/checkpoint-100/images/with_a_city_in_the_background/
11/14/2024 18:11:49 - INFO - root - Image have been saved in /shenzihe/WD-Disk/output/exp/pink_sunglasses/checkpoint-100/images/with_a_city_in_the_background/
11/14/2024 18:12:02 - INFO - root - Image have been saved in /shenzihe/WD-Disk/output/exp/pink_sunglasses/checkpoint-100/images/with_a_city_in_the_background/
11/14/2024 18:12:02 - INFO - __main__ - Running validation... 
 Generating 4 images with prompt:with a mountain in the background.
11/14/2024 18:12:16 - INFO - root - Image have been saved in /shenzihe/WD-Disk/output/exp/pink_sunglasses/checkpoint-100/images/with_a_mountain_in_the_background/
11/14/2024 18:12:29 - INFO - root - Image have been saved in /shenzihe/WD-Disk/output/exp/pink_sunglasses/checkpoint-100/images/with_a_mountain_in_the_background/
11/14/2024 18:12:42 - INFO - root - Image have been saved in /shenzihe/WD-Disk/output/exp/pink_sunglasses/checkpoint-100/images/with_a_mountain_in_the_background/
11/14/2024 18:12:56 - INFO - root - Image have been saved in /shenzihe/WD-Disk/output/exp/pink_sunglasses/checkpoint-100/images/with_a_mountain_in_the_background/
11/14/2024 18:12:56 - INFO - __main__ - Running validation... 
 Generating 4 images with prompt:with a blue house in the background.
11/14/2024 18:13:09 - INFO - root - Image have been saved in /shenzihe/WD-Disk/output/exp/pink_sunglasses/checkpoint-100/images/with_a_blue_house_in_the_background/
11/14/2024 18:13:23 - INFO - root - Image have been saved in /shenzihe/WD-Disk/output/exp/pink_sunglasses/checkpoint-100/images/with_a_blue_house_in_the_background/
11/14/2024 18:13:36 - INFO - root - Image have been saved in /shenzihe/WD-Disk/output/exp/pink_sunglasses/checkpoint-100/images/with_a_blue_house_in_the_background/
11/14/2024 18:13:49 - INFO - root - Image have been saved in /shenzihe/WD-Disk/output/exp/pink_sunglasses/checkpoint-100/images/with_a_blue_house_in_the_background/
11/14/2024 18:13:49 - INFO - __main__ - Running validation... 
 Generating 4 images with prompt:on top of a purple rug in a forest.
11/14/2024 18:14:03 - INFO - root - Image have been saved in /shenzihe/WD-Disk/output/exp/pink_sunglasses/checkpoint-100/images/on_top_of_a_purple_rug_in_a_forest/
11/14/2024 18:14:16 - INFO - root - Image have been saved in /shenzihe/WD-Disk/output/exp/pink_sunglasses/checkpoint-100/images/on_top_of_a_purple_rug_in_a_forest/
11/14/2024 18:14:29 - INFO - root - Image have been saved in /shenzihe/WD-Disk/output/exp/pink_sunglasses/checkpoint-100/images/on_top_of_a_purple_rug_in_a_forest/
11/14/2024 18:14:43 - INFO - root - Image have been saved in /shenzihe/WD-Disk/output/exp/pink_sunglasses/checkpoint-100/images/on_top_of_a_purple_rug_in_a_forest/
11/14/2024 18:14:43 - INFO - __main__ - Running validation... 
 Generating 4 images with prompt:with a wheat field in the background.
11/14/2024 18:14:56 - INFO - root - Image have been saved in /shenzihe/WD-Disk/output/exp/pink_sunglasses/checkpoint-100/images/with_a_wheat_field_in_the_background/
11/14/2024 18:15:10 - INFO - root - Image have been saved in /shenzihe/WD-Disk/output/exp/pink_sunglasses/checkpoint-100/images/with_a_wheat_field_in_the_background/
11/14/2024 18:15:23 - INFO - root - Image have been saved in /shenzihe/WD-Disk/output/exp/pink_sunglasses/checkpoint-100/images/with_a_wheat_field_in_the_background/
11/14/2024 18:15:36 - INFO - root - Image have been saved in /shenzihe/WD-Disk/output/exp/pink_sunglasses/checkpoint-100/images/with_a_wheat_field_in_the_background/
11/14/2024 18:15:36 - INFO - __main__ - Running validation... 
 Generating 4 images with prompt:with a tree and autumn leaves in the background.
11/14/2024 18:15:50 - INFO - root - Image have been saved in /shenzihe/WD-Disk/output/exp/pink_sunglasses/checkpoint-100/images/with_a_tree_and_autumn_leaves_in_the_background/
11/14/2024 18:16:03 - INFO - root - Image have been saved in /shenzihe/WD-Disk/output/exp/pink_sunglasses/checkpoint-100/images/with_a_tree_and_autumn_leaves_in_the_background/
11/14/2024 18:16:16 - INFO - root - Image have been saved in /shenzihe/WD-Disk/output/exp/pink_sunglasses/checkpoint-100/images/with_a_tree_and_autumn_leaves_in_the_background/
11/14/2024 18:16:30 - INFO - root - Image have been saved in /shenzihe/WD-Disk/output/exp/pink_sunglasses/checkpoint-100/images/with_a_tree_and_autumn_leaves_in_the_background/
11/14/2024 18:16:30 - INFO - __main__ - Running validation... 
 Generating 4 images with prompt:with the Eiffel Tower in the background.
11/14/2024 18:16:43 - INFO - root - Image have been saved in /shenzihe/WD-Disk/output/exp/pink_sunglasses/checkpoint-100/images/with_the_Eiffel_Tower_in_the_background/
11/14/2024 18:16:57 - INFO - root - Image have been saved in /shenzihe/WD-Disk/output/exp/pink_sunglasses/checkpoint-100/images/with_the_Eiffel_Tower_in_the_background/
11/14/2024 18:17:10 - INFO - root - Image have been saved in /shenzihe/WD-Disk/output/exp/pink_sunglasses/checkpoint-100/images/with_the_Eiffel_Tower_in_the_background/
11/14/2024 18:17:23 - INFO - root - Image have been saved in /shenzihe/WD-Disk/output/exp/pink_sunglasses/checkpoint-100/images/with_the_Eiffel_Tower_in_the_background/
11/14/2024 18:17:23 - INFO - __main__ - Running validation... 
 Generating 4 images with prompt:floating on top of water.
11/14/2024 18:17:37 - INFO - root - Image have been saved in /shenzihe/WD-Disk/output/exp/pink_sunglasses/checkpoint-100/images/floating_on_top_of_water/
11/14/2024 18:17:50 - INFO - root - Image have been saved in /shenzihe/WD-Disk/output/exp/pink_sunglasses/checkpoint-100/images/floating_on_top_of_water/
11/14/2024 18:18:03 - INFO - root - Image have been saved in /shenzihe/WD-Disk/output/exp/pink_sunglasses/checkpoint-100/images/floating_on_top_of_water/
11/14/2024 18:18:17 - INFO - root - Image have been saved in /shenzihe/WD-Disk/output/exp/pink_sunglasses/checkpoint-100/images/floating_on_top_of_water/
11/14/2024 18:18:17 - INFO - __main__ - Running validation... 
 Generating 4 images with prompt:floating in an ocean of milk.
11/14/2024 18:18:30 - INFO - root - Image have been saved in /shenzihe/WD-Disk/output/exp/pink_sunglasses/checkpoint-100/images/floating_in_an_ocean_of_milk/
11/14/2024 18:18:44 - INFO - root - Image have been saved in /shenzihe/WD-Disk/output/exp/pink_sunglasses/checkpoint-100/images/floating_in_an_ocean_of_milk/
11/14/2024 18:18:57 - INFO - root - Image have been saved in /shenzihe/WD-Disk/output/exp/pink_sunglasses/checkpoint-100/images/floating_in_an_ocean_of_milk/
11/14/2024 18:19:10 - INFO - root - Image have been saved in /shenzihe/WD-Disk/output/exp/pink_sunglasses/checkpoint-100/images/floating_in_an_ocean_of_milk/
11/14/2024 18:19:10 - INFO - __main__ - Running validation... 
 Generating 4 images with prompt:on top of green grass with sunflowers around it.
11/14/2024 18:19:24 - INFO - root - Image have been saved in /shenzihe/WD-Disk/output/exp/pink_sunglasses/checkpoint-100/images/on_top_of_green_grass_with_sunflowers_around_it/
11/14/2024 18:19:37 - INFO - root - Image have been saved in /shenzihe/WD-Disk/output/exp/pink_sunglasses/checkpoint-100/images/on_top_of_green_grass_with_sunflowers_around_it/
11/14/2024 18:19:51 - INFO - root - Image have been saved in /shenzihe/WD-Disk/output/exp/pink_sunglasses/checkpoint-100/images/on_top_of_green_grass_with_sunflowers_around_it/
11/14/2024 18:20:04 - INFO - root - Image have been saved in /shenzihe/WD-Disk/output/exp/pink_sunglasses/checkpoint-100/images/on_top_of_green_grass_with_sunflowers_around_it/
11/14/2024 18:20:04 - INFO - __main__ - Running validation... 
 Generating 4 images with prompt:on top of a mirror.
11/14/2024 18:20:17 - INFO - root - Image have been saved in /shenzihe/WD-Disk/output/exp/pink_sunglasses/checkpoint-100/images/on_top_of_a_mirror/
11/14/2024 18:20:31 - INFO - root - Image have been saved in /shenzihe/WD-Disk/output/exp/pink_sunglasses/checkpoint-100/images/on_top_of_a_mirror/
11/14/2024 18:20:44 - INFO - root - Image have been saved in /shenzihe/WD-Disk/output/exp/pink_sunglasses/checkpoint-100/images/on_top_of_a_mirror/
11/14/2024 18:20:57 - INFO - root - Image have been saved in /shenzihe/WD-Disk/output/exp/pink_sunglasses/checkpoint-100/images/on_top_of_a_mirror/
11/14/2024 18:20:57 - INFO - __main__ - Running validation... 
 Generating 4 images with prompt:on top of the sidewalk in a crowded street.
11/14/2024 18:21:11 - INFO - root - Image have been saved in /shenzihe/WD-Disk/output/exp/pink_sunglasses/checkpoint-100/images/on_top_of_the_sidewalk_in_a_crowded_street/
11/14/2024 18:21:25 - INFO - root - Image have been saved in /shenzihe/WD-Disk/output/exp/pink_sunglasses/checkpoint-100/images/on_top_of_the_sidewalk_in_a_crowded_street/
11/14/2024 18:21:38 - INFO - root - Image have been saved in /shenzihe/WD-Disk/output/exp/pink_sunglasses/checkpoint-100/images/on_top_of_the_sidewalk_in_a_crowded_street/
11/14/2024 18:21:51 - INFO - root - Image have been saved in /shenzihe/WD-Disk/output/exp/pink_sunglasses/checkpoint-100/images/on_top_of_the_sidewalk_in_a_crowded_street/
11/14/2024 18:21:51 - INFO - __main__ - Running validation... 
 Generating 4 images with prompt:on top of a dirt road.
11/14/2024 18:22:05 - INFO - root - Image have been saved in /shenzihe/WD-Disk/output/exp/pink_sunglasses/checkpoint-100/images/on_top_of_a_dirt_road/
11/14/2024 18:22:18 - INFO - root - Image have been saved in /shenzihe/WD-Disk/output/exp/pink_sunglasses/checkpoint-100/images/on_top_of_a_dirt_road/
11/14/2024 18:22:32 - INFO - root - Image have been saved in /shenzihe/WD-Disk/output/exp/pink_sunglasses/checkpoint-100/images/on_top_of_a_dirt_road/
11/14/2024 18:22:45 - INFO - root - Image have been saved in /shenzihe/WD-Disk/output/exp/pink_sunglasses/checkpoint-100/images/on_top_of_a_dirt_road/
11/14/2024 18:22:45 - INFO - __main__ - Running validation... 
 Generating 4 images with prompt:on top of a white rug.
11/14/2024 18:22:58 - INFO - root - Image have been saved in /shenzihe/WD-Disk/output/exp/pink_sunglasses/checkpoint-100/images/on_top_of_a_white_rug/
11/14/2024 18:23:12 - INFO - root - Image have been saved in /shenzihe/WD-Disk/output/exp/pink_sunglasses/checkpoint-100/images/on_top_of_a_white_rug/
11/14/2024 18:23:25 - INFO - root - Image have been saved in /shenzihe/WD-Disk/output/exp/pink_sunglasses/checkpoint-100/images/on_top_of_a_white_rug/
11/14/2024 18:23:38 - INFO - root - Image have been saved in /shenzihe/WD-Disk/output/exp/pink_sunglasses/checkpoint-100/images/on_top_of_a_white_rug/
11/14/2024 18:23:38 - INFO - __main__ - Running validation... 
 Generating 4 images with prompt:red.
11/14/2024 18:23:52 - INFO - root - Image have been saved in /shenzihe/WD-Disk/output/exp/pink_sunglasses/checkpoint-100/images/red/
11/14/2024 18:24:05 - INFO - root - Image have been saved in /shenzihe/WD-Disk/output/exp/pink_sunglasses/checkpoint-100/images/red/
11/14/2024 18:24:19 - INFO - root - Image have been saved in /shenzihe/WD-Disk/output/exp/pink_sunglasses/checkpoint-100/images/red/
11/14/2024 18:24:32 - INFO - root - Image have been saved in /shenzihe/WD-Disk/output/exp/pink_sunglasses/checkpoint-100/images/red/
11/14/2024 18:24:32 - INFO - __main__ - Running validation... 
 Generating 4 images with prompt:purple.
11/14/2024 18:24:45 - INFO - root - Image have been saved in /shenzihe/WD-Disk/output/exp/pink_sunglasses/checkpoint-100/images/purple/
11/14/2024 18:24:59 - INFO - root - Image have been saved in /shenzihe/WD-Disk/output/exp/pink_sunglasses/checkpoint-100/images/purple/
11/14/2024 18:25:12 - INFO - root - Image have been saved in /shenzihe/WD-Disk/output/exp/pink_sunglasses/checkpoint-100/images/purple/
11/14/2024 18:25:26 - INFO - root - Image have been saved in /shenzihe/WD-Disk/output/exp/pink_sunglasses/checkpoint-100/images/purple/
11/14/2024 18:25:26 - INFO - __main__ - Running validation... 
 Generating 4 images with prompt:shiny.
11/14/2024 18:25:39 - INFO - root - Image have been saved in /shenzihe/WD-Disk/output/exp/pink_sunglasses/checkpoint-100/images/shiny/
11/14/2024 18:25:52 - INFO - root - Image have been saved in /shenzihe/WD-Disk/output/exp/pink_sunglasses/checkpoint-100/images/shiny/
11/14/2024 18:26:06 - INFO - root - Image have been saved in /shenzihe/WD-Disk/output/exp/pink_sunglasses/checkpoint-100/images/shiny/
11/14/2024 18:26:19 - INFO - root - Image have been saved in /shenzihe/WD-Disk/output/exp/pink_sunglasses/checkpoint-100/images/shiny/
11/14/2024 18:26:19 - INFO - __main__ - Running validation... 
 Generating 4 images with prompt:wet.
11/14/2024 18:26:33 - INFO - root - Image have been saved in /shenzihe/WD-Disk/output/exp/pink_sunglasses/checkpoint-100/images/wet/
11/14/2024 18:26:46 - INFO - root - Image have been saved in /shenzihe/WD-Disk/output/exp/pink_sunglasses/checkpoint-100/images/wet/
11/14/2024 18:26:59 - INFO - root - Image have been saved in /shenzihe/WD-Disk/output/exp/pink_sunglasses/checkpoint-100/images/wet/
11/14/2024 18:27:13 - INFO - root - Image have been saved in /shenzihe/WD-Disk/output/exp/pink_sunglasses/checkpoint-100/images/wet/
11/14/2024 18:27:13 - INFO - __main__ - Running validation... 
 Generating 4 images with prompt:cube shaped.
11/14/2024 18:27:26 - INFO - root - Image have been saved in /shenzihe/WD-Disk/output/exp/pink_sunglasses/checkpoint-100/images/cube_shaped/
11/14/2024 18:27:40 - INFO - root - Image have been saved in /shenzihe/WD-Disk/output/exp/pink_sunglasses/checkpoint-100/images/cube_shaped/
11/14/2024 18:27:53 - INFO - root - Image have been saved in /shenzihe/WD-Disk/output/exp/pink_sunglasses/checkpoint-100/images/cube_shaped/
11/14/2024 18:28:06 - INFO - root - Image have been saved in /shenzihe/WD-Disk/output/exp/pink_sunglasses/checkpoint-100/images/cube_shaped/
