11/14/2024 08:53:33 - INFO - __main__ - Distributed environment: NO
Num processes: 1
Process index: 0
Local process index: 0
Device: cuda

Mixed precision type: no

11/14/2024 08:53:35 - INFO - root - freeze vision encoder
11/14/2024 08:53:45 - INFO - root - Loading pretrained model from /root/.cache/torch/hub/checkpoints/blip-diffusion
11/14/2024 08:53:45 - INFO - root - Loading pretrained BLIP2 Qformer weights.
11/14/2024 08:53:47 - INFO - root - Loading pretrained projection lyer weights.
11/14/2024 08:53:47 - INFO - root - Loading pretrained text encoder weights.
11/14/2024 08:53:48 - INFO - root - Loading pretrained vae weights.
11/14/2024 08:53:48 - INFO - root - Loading pretrained unet weights.
11/14/2024 08:53:56 - INFO - root - Using xformers.
11/14/2024 08:53:56 - INFO - root - Building datasets...
11/14/2024 08:54:06 - INFO - root - freeze vision encoder
11/14/2024 08:54:32 - INFO - root - load checkpoint from https://storage.googleapis.com/sfr-vision-language-research/LAVIS/models/BLIP2/blip2_pretrained_flant5xl.pth
11/14/2024 08:54:33 - INFO - __main__ - 
***** Running training *****
11/14/2024 08:54:33 - INFO - __main__ -   Num examples = 5
11/14/2024 08:54:33 - INFO - __main__ -   Num batches each epoch = 2
11/14/2024 08:54:33 - INFO - __main__ -   Num Epochs = 50
11/14/2024 08:54:33 - INFO - __main__ -   Instantaneous batch size per device = 3
11/14/2024 08:54:33 - INFO - __main__ -   Total train batch size (w. parallel, distributed & accumulation) = 3
11/14/2024 08:54:33 - INFO - __main__ -   Gradient Accumulation steps = 1
11/14/2024 08:54:33 - INFO - __main__ -   Total optimization steps = 100
11/14/2024 09:00:24 - INFO - __main__ - Running validation... 
 Generating 4 images with prompt:in the jungle.
11/14/2024 09:00:38 - INFO - root - Image have been saved in /shenzihe/WD-Disk/output/exp/bear_plushie/checkpoint-100/images/in_the_jungle/
11/14/2024 09:00:52 - INFO - root - Image have been saved in /shenzihe/WD-Disk/output/exp/bear_plushie/checkpoint-100/images/in_the_jungle/
11/14/2024 09:01:06 - INFO - root - Image have been saved in /shenzihe/WD-Disk/output/exp/bear_plushie/checkpoint-100/images/in_the_jungle/
11/14/2024 09:01:19 - INFO - root - Image have been saved in /shenzihe/WD-Disk/output/exp/bear_plushie/checkpoint-100/images/in_the_jungle/
11/14/2024 09:01:19 - INFO - __main__ - Running validation... 
 Generating 4 images with prompt:in the snow.
11/14/2024 09:01:33 - INFO - root - Image have been saved in /shenzihe/WD-Disk/output/exp/bear_plushie/checkpoint-100/images/in_the_snow/
11/14/2024 09:01:46 - INFO - root - Image have been saved in /shenzihe/WD-Disk/output/exp/bear_plushie/checkpoint-100/images/in_the_snow/
11/14/2024 09:02:00 - INFO - root - Image have been saved in /shenzihe/WD-Disk/output/exp/bear_plushie/checkpoint-100/images/in_the_snow/
11/14/2024 09:02:13 - INFO - root - Image have been saved in /shenzihe/WD-Disk/output/exp/bear_plushie/checkpoint-100/images/in_the_snow/
11/14/2024 09:02:13 - INFO - __main__ - Running validation... 
 Generating 4 images with prompt:on the beach.
11/14/2024 09:02:26 - INFO - root - Image have been saved in /shenzihe/WD-Disk/output/exp/bear_plushie/checkpoint-100/images/on_the_beach/
11/14/2024 09:02:40 - INFO - root - Image have been saved in /shenzihe/WD-Disk/output/exp/bear_plushie/checkpoint-100/images/on_the_beach/
11/14/2024 09:02:53 - INFO - root - Image have been saved in /shenzihe/WD-Disk/output/exp/bear_plushie/checkpoint-100/images/on_the_beach/
11/14/2024 09:03:06 - INFO - root - Image have been saved in /shenzihe/WD-Disk/output/exp/bear_plushie/checkpoint-100/images/on_the_beach/
11/14/2024 09:03:06 - INFO - __main__ - Running validation... 
 Generating 4 images with prompt:on a cobblestone street.
11/14/2024 09:03:20 - INFO - root - Image have been saved in /shenzihe/WD-Disk/output/exp/bear_plushie/checkpoint-100/images/on_a_cobblestone_street/
11/14/2024 09:03:33 - INFO - root - Image have been saved in /shenzihe/WD-Disk/output/exp/bear_plushie/checkpoint-100/images/on_a_cobblestone_street/
11/14/2024 09:03:47 - INFO - root - Image have been saved in /shenzihe/WD-Disk/output/exp/bear_plushie/checkpoint-100/images/on_a_cobblestone_street/
11/14/2024 09:04:00 - INFO - root - Image have been saved in /shenzihe/WD-Disk/output/exp/bear_plushie/checkpoint-100/images/on_a_cobblestone_street/
11/14/2024 09:04:00 - INFO - __main__ - Running validation... 
 Generating 4 images with prompt:on top of pink fabric.
11/14/2024 09:04:13 - INFO - root - Image have been saved in /shenzihe/WD-Disk/output/exp/bear_plushie/checkpoint-100/images/on_top_of_pink_fabric/
11/14/2024 09:04:27 - INFO - root - Image have been saved in /shenzihe/WD-Disk/output/exp/bear_plushie/checkpoint-100/images/on_top_of_pink_fabric/
11/14/2024 09:04:40 - INFO - root - Image have been saved in /shenzihe/WD-Disk/output/exp/bear_plushie/checkpoint-100/images/on_top_of_pink_fabric/
11/14/2024 09:04:53 - INFO - root - Image have been saved in /shenzihe/WD-Disk/output/exp/bear_plushie/checkpoint-100/images/on_top_of_pink_fabric/
11/14/2024 09:04:53 - INFO - __main__ - Running validation... 
 Generating 4 images with prompt:on top of a wooden floor.
11/14/2024 09:05:07 - INFO - root - Image have been saved in /shenzihe/WD-Disk/output/exp/bear_plushie/checkpoint-100/images/on_top_of_a_wooden_floor/
11/14/2024 09:05:20 - INFO - root - Image have been saved in /shenzihe/WD-Disk/output/exp/bear_plushie/checkpoint-100/images/on_top_of_a_wooden_floor/
11/14/2024 09:05:34 - INFO - root - Image have been saved in /shenzihe/WD-Disk/output/exp/bear_plushie/checkpoint-100/images/on_top_of_a_wooden_floor/
11/14/2024 09:05:47 - INFO - root - Image have been saved in /shenzihe/WD-Disk/output/exp/bear_plushie/checkpoint-100/images/on_top_of_a_wooden_floor/
11/14/2024 09:05:47 - INFO - __main__ - Running validation... 
 Generating 4 images with prompt:with a city in the background.
11/14/2024 09:06:00 - INFO - root - Image have been saved in /shenzihe/WD-Disk/output/exp/bear_plushie/checkpoint-100/images/with_a_city_in_the_background/
11/14/2024 09:06:14 - INFO - root - Image have been saved in /shenzihe/WD-Disk/output/exp/bear_plushie/checkpoint-100/images/with_a_city_in_the_background/
11/14/2024 09:06:27 - INFO - root - Image have been saved in /shenzihe/WD-Disk/output/exp/bear_plushie/checkpoint-100/images/with_a_city_in_the_background/
11/14/2024 09:06:40 - INFO - root - Image have been saved in /shenzihe/WD-Disk/output/exp/bear_plushie/checkpoint-100/images/with_a_city_in_the_background/
11/14/2024 09:06:40 - INFO - __main__ - Running validation... 
 Generating 4 images with prompt:with a mountain in the background.
11/14/2024 09:06:54 - INFO - root - Image have been saved in /shenzihe/WD-Disk/output/exp/bear_plushie/checkpoint-100/images/with_a_mountain_in_the_background/
11/14/2024 09:07:07 - INFO - root - Image have been saved in /shenzihe/WD-Disk/output/exp/bear_plushie/checkpoint-100/images/with_a_mountain_in_the_background/
11/14/2024 09:07:21 - INFO - root - Image have been saved in /shenzihe/WD-Disk/output/exp/bear_plushie/checkpoint-100/images/with_a_mountain_in_the_background/
11/14/2024 09:07:34 - INFO - root - Image have been saved in /shenzihe/WD-Disk/output/exp/bear_plushie/checkpoint-100/images/with_a_mountain_in_the_background/
11/14/2024 09:07:34 - INFO - __main__ - Running validation... 
 Generating 4 images with prompt:with a blue house in the background.
11/14/2024 09:07:47 - INFO - root - Image have been saved in /shenzihe/WD-Disk/output/exp/bear_plushie/checkpoint-100/images/with_a_blue_house_in_the_background/
11/14/2024 09:08:01 - INFO - root - Image have been saved in /shenzihe/WD-Disk/output/exp/bear_plushie/checkpoint-100/images/with_a_blue_house_in_the_background/
11/14/2024 09:08:14 - INFO - root - Image have been saved in /shenzihe/WD-Disk/output/exp/bear_plushie/checkpoint-100/images/with_a_blue_house_in_the_background/
11/14/2024 09:08:27 - INFO - root - Image have been saved in /shenzihe/WD-Disk/output/exp/bear_plushie/checkpoint-100/images/with_a_blue_house_in_the_background/
11/14/2024 09:08:27 - INFO - __main__ - Running validation... 
 Generating 4 images with prompt:on top of a purple rug in a forest.
11/14/2024 09:08:41 - INFO - root - Image have been saved in /shenzihe/WD-Disk/output/exp/bear_plushie/checkpoint-100/images/on_top_of_a_purple_rug_in_a_forest/
11/14/2024 09:08:54 - INFO - root - Image have been saved in /shenzihe/WD-Disk/output/exp/bear_plushie/checkpoint-100/images/on_top_of_a_purple_rug_in_a_forest/
11/14/2024 09:09:08 - INFO - root - Image have been saved in /shenzihe/WD-Disk/output/exp/bear_plushie/checkpoint-100/images/on_top_of_a_purple_rug_in_a_forest/
11/14/2024 09:09:21 - INFO - root - Image have been saved in /shenzihe/WD-Disk/output/exp/bear_plushie/checkpoint-100/images/on_top_of_a_purple_rug_in_a_forest/
11/14/2024 09:09:21 - INFO - __main__ - Running validation... 
 Generating 4 images with prompt:with a wheat field in the background.
11/14/2024 09:09:34 - INFO - root - Image have been saved in /shenzihe/WD-Disk/output/exp/bear_plushie/checkpoint-100/images/with_a_wheat_field_in_the_background/
11/14/2024 09:09:48 - INFO - root - Image have been saved in /shenzihe/WD-Disk/output/exp/bear_plushie/checkpoint-100/images/with_a_wheat_field_in_the_background/
11/14/2024 09:10:01 - INFO - root - Image have been saved in /shenzihe/WD-Disk/output/exp/bear_plushie/checkpoint-100/images/with_a_wheat_field_in_the_background/
11/14/2024 09:10:15 - INFO - root - Image have been saved in /shenzihe/WD-Disk/output/exp/bear_plushie/checkpoint-100/images/with_a_wheat_field_in_the_background/
11/14/2024 09:10:15 - INFO - __main__ - Running validation... 
 Generating 4 images with prompt:with a tree and autumn leaves in the background.
11/14/2024 09:10:28 - INFO - root - Image have been saved in /shenzihe/WD-Disk/output/exp/bear_plushie/checkpoint-100/images/with_a_tree_and_autumn_leaves_in_the_background/
11/14/2024 09:10:41 - INFO - root - Image have been saved in /shenzihe/WD-Disk/output/exp/bear_plushie/checkpoint-100/images/with_a_tree_and_autumn_leaves_in_the_background/
11/14/2024 09:10:55 - INFO - root - Image have been saved in /shenzihe/WD-Disk/output/exp/bear_plushie/checkpoint-100/images/with_a_tree_and_autumn_leaves_in_the_background/
11/14/2024 09:11:08 - INFO - root - Image have been saved in /shenzihe/WD-Disk/output/exp/bear_plushie/checkpoint-100/images/with_a_tree_and_autumn_leaves_in_the_background/
11/14/2024 09:11:08 - INFO - __main__ - Running validation... 
 Generating 4 images with prompt:with the Eiffel Tower in the background.
11/14/2024 09:11:21 - INFO - root - Image have been saved in /shenzihe/WD-Disk/output/exp/bear_plushie/checkpoint-100/images/with_the_Eiffel_Tower_in_the_background/
11/14/2024 09:11:35 - INFO - root - Image have been saved in /shenzihe/WD-Disk/output/exp/bear_plushie/checkpoint-100/images/with_the_Eiffel_Tower_in_the_background/
11/14/2024 09:11:48 - INFO - root - Image have been saved in /shenzihe/WD-Disk/output/exp/bear_plushie/checkpoint-100/images/with_the_Eiffel_Tower_in_the_background/
11/14/2024 09:12:01 - INFO - root - Image have been saved in /shenzihe/WD-Disk/output/exp/bear_plushie/checkpoint-100/images/with_the_Eiffel_Tower_in_the_background/
11/14/2024 09:12:01 - INFO - __main__ - Running validation... 
 Generating 4 images with prompt:floating on top of water.
11/14/2024 09:12:15 - INFO - root - Image have been saved in /shenzihe/WD-Disk/output/exp/bear_plushie/checkpoint-100/images/floating_on_top_of_water/
11/14/2024 09:12:28 - INFO - root - Image have been saved in /shenzihe/WD-Disk/output/exp/bear_plushie/checkpoint-100/images/floating_on_top_of_water/
11/14/2024 09:12:42 - INFO - root - Image have been saved in /shenzihe/WD-Disk/output/exp/bear_plushie/checkpoint-100/images/floating_on_top_of_water/
11/14/2024 09:12:55 - INFO - root - Image have been saved in /shenzihe/WD-Disk/output/exp/bear_plushie/checkpoint-100/images/floating_on_top_of_water/
11/14/2024 09:12:55 - INFO - __main__ - Running validation... 
 Generating 4 images with prompt:floating in an ocean of milk.
11/14/2024 09:13:08 - INFO - root - Image have been saved in /shenzihe/WD-Disk/output/exp/bear_plushie/checkpoint-100/images/floating_in_an_ocean_of_milk/
11/14/2024 09:13:22 - INFO - root - Image have been saved in /shenzihe/WD-Disk/output/exp/bear_plushie/checkpoint-100/images/floating_in_an_ocean_of_milk/
11/14/2024 09:13:35 - INFO - root - Image have been saved in /shenzihe/WD-Disk/output/exp/bear_plushie/checkpoint-100/images/floating_in_an_ocean_of_milk/
11/14/2024 09:13:48 - INFO - root - Image have been saved in /shenzihe/WD-Disk/output/exp/bear_plushie/checkpoint-100/images/floating_in_an_ocean_of_milk/
11/14/2024 09:13:48 - INFO - __main__ - Running validation... 
 Generating 4 images with prompt:on top of green grass with sunflowers around it.
11/14/2024 09:14:02 - INFO - root - Image have been saved in /shenzihe/WD-Disk/output/exp/bear_plushie/checkpoint-100/images/on_top_of_green_grass_with_sunflowers_around_it/
11/14/2024 09:14:15 - INFO - root - Image have been saved in /shenzihe/WD-Disk/output/exp/bear_plushie/checkpoint-100/images/on_top_of_green_grass_with_sunflowers_around_it/
11/14/2024 09:14:28 - INFO - root - Image have been saved in /shenzihe/WD-Disk/output/exp/bear_plushie/checkpoint-100/images/on_top_of_green_grass_with_sunflowers_around_it/
11/14/2024 09:14:42 - INFO - root - Image have been saved in /shenzihe/WD-Disk/output/exp/bear_plushie/checkpoint-100/images/on_top_of_green_grass_with_sunflowers_around_it/
11/14/2024 09:14:42 - INFO - __main__ - Running validation... 
 Generating 4 images with prompt:on top of a mirror.
11/14/2024 09:14:55 - INFO - root - Image have been saved in /shenzihe/WD-Disk/output/exp/bear_plushie/checkpoint-100/images/on_top_of_a_mirror/
11/14/2024 09:15:08 - INFO - root - Image have been saved in /shenzihe/WD-Disk/output/exp/bear_plushie/checkpoint-100/images/on_top_of_a_mirror/
11/14/2024 09:15:22 - INFO - root - Image have been saved in /shenzihe/WD-Disk/output/exp/bear_plushie/checkpoint-100/images/on_top_of_a_mirror/
11/14/2024 09:15:35 - INFO - root - Image have been saved in /shenzihe/WD-Disk/output/exp/bear_plushie/checkpoint-100/images/on_top_of_a_mirror/
11/14/2024 09:15:35 - INFO - __main__ - Running validation... 
 Generating 4 images with prompt:on top of the sidewalk in a crowded street.
11/14/2024 09:15:49 - INFO - root - Image have been saved in /shenzihe/WD-Disk/output/exp/bear_plushie/checkpoint-100/images/on_top_of_the_sidewalk_in_a_crowded_street/
11/14/2024 09:16:02 - INFO - root - Image have been saved in /shenzihe/WD-Disk/output/exp/bear_plushie/checkpoint-100/images/on_top_of_the_sidewalk_in_a_crowded_street/
11/14/2024 09:16:15 - INFO - root - Image have been saved in /shenzihe/WD-Disk/output/exp/bear_plushie/checkpoint-100/images/on_top_of_the_sidewalk_in_a_crowded_street/
11/14/2024 09:16:29 - INFO - root - Image have been saved in /shenzihe/WD-Disk/output/exp/bear_plushie/checkpoint-100/images/on_top_of_the_sidewalk_in_a_crowded_street/
11/14/2024 09:16:29 - INFO - __main__ - Running validation... 
 Generating 4 images with prompt:on top of a dirt road.
11/14/2024 09:16:42 - INFO - root - Image have been saved in /shenzihe/WD-Disk/output/exp/bear_plushie/checkpoint-100/images/on_top_of_a_dirt_road/
11/14/2024 09:16:55 - INFO - root - Image have been saved in /shenzihe/WD-Disk/output/exp/bear_plushie/checkpoint-100/images/on_top_of_a_dirt_road/
11/14/2024 09:17:09 - INFO - root - Image have been saved in /shenzihe/WD-Disk/output/exp/bear_plushie/checkpoint-100/images/on_top_of_a_dirt_road/
11/14/2024 09:17:22 - INFO - root - Image have been saved in /shenzihe/WD-Disk/output/exp/bear_plushie/checkpoint-100/images/on_top_of_a_dirt_road/
11/14/2024 09:17:22 - INFO - __main__ - Running validation... 
 Generating 4 images with prompt:on top of a white rug.
11/14/2024 09:17:36 - INFO - root - Image have been saved in /shenzihe/WD-Disk/output/exp/bear_plushie/checkpoint-100/images/on_top_of_a_white_rug/
11/14/2024 09:17:49 - INFO - root - Image have been saved in /shenzihe/WD-Disk/output/exp/bear_plushie/checkpoint-100/images/on_top_of_a_white_rug/
11/14/2024 09:18:02 - INFO - root - Image have been saved in /shenzihe/WD-Disk/output/exp/bear_plushie/checkpoint-100/images/on_top_of_a_white_rug/
11/14/2024 09:18:16 - INFO - root - Image have been saved in /shenzihe/WD-Disk/output/exp/bear_plushie/checkpoint-100/images/on_top_of_a_white_rug/
11/14/2024 09:18:16 - INFO - __main__ - Running validation... 
 Generating 4 images with prompt:red.
11/14/2024 09:18:29 - INFO - root - Image have been saved in /shenzihe/WD-Disk/output/exp/bear_plushie/checkpoint-100/images/red/
11/14/2024 09:18:43 - INFO - root - Image have been saved in /shenzihe/WD-Disk/output/exp/bear_plushie/checkpoint-100/images/red/
11/14/2024 09:18:56 - INFO - root - Image have been saved in /shenzihe/WD-Disk/output/exp/bear_plushie/checkpoint-100/images/red/
11/14/2024 09:19:09 - INFO - root - Image have been saved in /shenzihe/WD-Disk/output/exp/bear_plushie/checkpoint-100/images/red/
11/14/2024 09:19:09 - INFO - __main__ - Running validation... 
 Generating 4 images with prompt:purple.
11/14/2024 09:19:23 - INFO - root - Image have been saved in /shenzihe/WD-Disk/output/exp/bear_plushie/checkpoint-100/images/purple/
11/14/2024 09:19:36 - INFO - root - Image have been saved in /shenzihe/WD-Disk/output/exp/bear_plushie/checkpoint-100/images/purple/
11/14/2024 09:19:49 - INFO - root - Image have been saved in /shenzihe/WD-Disk/output/exp/bear_plushie/checkpoint-100/images/purple/
11/14/2024 09:20:03 - INFO - root - Image have been saved in /shenzihe/WD-Disk/output/exp/bear_plushie/checkpoint-100/images/purple/
11/14/2024 09:20:03 - INFO - __main__ - Running validation... 
 Generating 4 images with prompt:shiny.
11/14/2024 09:20:16 - INFO - root - Image have been saved in /shenzihe/WD-Disk/output/exp/bear_plushie/checkpoint-100/images/shiny/
11/14/2024 09:20:29 - INFO - root - Image have been saved in /shenzihe/WD-Disk/output/exp/bear_plushie/checkpoint-100/images/shiny/
11/14/2024 09:20:43 - INFO - root - Image have been saved in /shenzihe/WD-Disk/output/exp/bear_plushie/checkpoint-100/images/shiny/
11/14/2024 09:20:56 - INFO - root - Image have been saved in /shenzihe/WD-Disk/output/exp/bear_plushie/checkpoint-100/images/shiny/
11/14/2024 09:20:56 - INFO - __main__ - Running validation... 
 Generating 4 images with prompt:wet.
11/14/2024 09:21:10 - INFO - root - Image have been saved in /shenzihe/WD-Disk/output/exp/bear_plushie/checkpoint-100/images/wet/
11/14/2024 09:21:23 - INFO - root - Image have been saved in /shenzihe/WD-Disk/output/exp/bear_plushie/checkpoint-100/images/wet/
11/14/2024 09:21:36 - INFO - root - Image have been saved in /shenzihe/WD-Disk/output/exp/bear_plushie/checkpoint-100/images/wet/
11/14/2024 09:21:50 - INFO - root - Image have been saved in /shenzihe/WD-Disk/output/exp/bear_plushie/checkpoint-100/images/wet/
11/14/2024 09:21:50 - INFO - __main__ - Running validation... 
 Generating 4 images with prompt:cube shaped.
11/14/2024 09:22:03 - INFO - root - Image have been saved in /shenzihe/WD-Disk/output/exp/bear_plushie/checkpoint-100/images/cube_shaped/
11/14/2024 09:22:16 - INFO - root - Image have been saved in /shenzihe/WD-Disk/output/exp/bear_plushie/checkpoint-100/images/cube_shaped/
11/14/2024 09:22:30 - INFO - root - Image have been saved in /shenzihe/WD-Disk/output/exp/bear_plushie/checkpoint-100/images/cube_shaped/
11/14/2024 09:22:43 - INFO - root - Image have been saved in /shenzihe/WD-Disk/output/exp/bear_plushie/checkpoint-100/images/cube_shaped/
