11/15/2024 06:57:09 - INFO - __main__ - Distributed environment: NO
Num processes: 1
Process index: 0
Local process index: 0
Device: cuda

Mixed precision type: no

11/15/2024 06:57:12 - INFO - root - freeze vision encoder
11/15/2024 06:57:25 - INFO - root - Loading pretrained model from /root/.cache/torch/hub/checkpoints/blip-diffusion
11/15/2024 06:57:25 - INFO - root - Loading pretrained BLIP2 Qformer weights.
11/15/2024 06:57:28 - INFO - root - Loading pretrained projection lyer weights.
11/15/2024 06:57:28 - INFO - root - Loading pretrained text encoder weights.
11/15/2024 06:57:29 - INFO - root - Loading pretrained vae weights.
11/15/2024 06:57:29 - INFO - root - Loading pretrained unet weights.
11/15/2024 06:57:46 - INFO - root - Using xformers.
11/15/2024 06:57:46 - INFO - root - Building datasets...
11/15/2024 06:58:00 - INFO - root - freeze vision encoder
11/15/2024 06:58:48 - INFO - root - load checkpoint from https://storage.googleapis.com/sfr-vision-language-research/LAVIS/models/BLIP2/blip2_pretrained_flant5xl.pth
11/15/2024 06:58:50 - INFO - __main__ - 
***** Running training *****
11/15/2024 06:58:50 - INFO - __main__ -   Num examples = 5
11/15/2024 06:58:50 - INFO - __main__ -   Num batches each epoch = 2
11/15/2024 06:58:50 - INFO - __main__ -   Num Epochs = 50
11/15/2024 06:58:50 - INFO - __main__ -   Instantaneous batch size per device = 3
11/15/2024 06:58:50 - INFO - __main__ -   Total train batch size (w. parallel, distributed & accumulation) = 3
11/15/2024 06:58:50 - INFO - __main__ -   Gradient Accumulation steps = 1
11/15/2024 06:58:50 - INFO - __main__ -   Total optimization steps = 100
11/15/2024 07:03:46 - INFO - __main__ - Running validation... 
 Generating 4 images with prompt:in the jungle.
11/15/2024 07:04:02 - INFO - root - Image have been saved in /shenzihe/WD-Disk/output/exp2/colorful_sneaker/checkpoint-100/images/in_the_jungle/
11/15/2024 07:04:17 - INFO - root - Image have been saved in /shenzihe/WD-Disk/output/exp2/colorful_sneaker/checkpoint-100/images/in_the_jungle/
11/15/2024 07:04:31 - INFO - root - Image have been saved in /shenzihe/WD-Disk/output/exp2/colorful_sneaker/checkpoint-100/images/in_the_jungle/
11/15/2024 07:04:45 - INFO - root - Image have been saved in /shenzihe/WD-Disk/output/exp2/colorful_sneaker/checkpoint-100/images/in_the_jungle/
11/15/2024 07:04:45 - INFO - __main__ - Running validation... 
 Generating 4 images with prompt:in the snow.
11/15/2024 07:04:59 - INFO - root - Image have been saved in /shenzihe/WD-Disk/output/exp2/colorful_sneaker/checkpoint-100/images/in_the_snow/
11/15/2024 07:05:12 - INFO - root - Image have been saved in /shenzihe/WD-Disk/output/exp2/colorful_sneaker/checkpoint-100/images/in_the_snow/
11/15/2024 07:05:26 - INFO - root - Image have been saved in /shenzihe/WD-Disk/output/exp2/colorful_sneaker/checkpoint-100/images/in_the_snow/
11/15/2024 07:05:40 - INFO - root - Image have been saved in /shenzihe/WD-Disk/output/exp2/colorful_sneaker/checkpoint-100/images/in_the_snow/
11/15/2024 07:05:40 - INFO - __main__ - Running validation... 
 Generating 4 images with prompt:on the beach.
11/15/2024 07:05:54 - INFO - root - Image have been saved in /shenzihe/WD-Disk/output/exp2/colorful_sneaker/checkpoint-100/images/on_the_beach/
11/15/2024 07:06:08 - INFO - root - Image have been saved in /shenzihe/WD-Disk/output/exp2/colorful_sneaker/checkpoint-100/images/on_the_beach/
11/15/2024 07:06:21 - INFO - root - Image have been saved in /shenzihe/WD-Disk/output/exp2/colorful_sneaker/checkpoint-100/images/on_the_beach/
11/15/2024 07:06:35 - INFO - root - Image have been saved in /shenzihe/WD-Disk/output/exp2/colorful_sneaker/checkpoint-100/images/on_the_beach/
11/15/2024 07:06:35 - INFO - __main__ - Running validation... 
 Generating 4 images with prompt:on a cobblestone street.
11/15/2024 07:06:49 - INFO - root - Image have been saved in /shenzihe/WD-Disk/output/exp2/colorful_sneaker/checkpoint-100/images/on_a_cobblestone_street/
11/15/2024 07:07:03 - INFO - root - Image have been saved in /shenzihe/WD-Disk/output/exp2/colorful_sneaker/checkpoint-100/images/on_a_cobblestone_street/
11/15/2024 07:07:17 - INFO - root - Image have been saved in /shenzihe/WD-Disk/output/exp2/colorful_sneaker/checkpoint-100/images/on_a_cobblestone_street/
11/15/2024 07:07:30 - INFO - root - Image have been saved in /shenzihe/WD-Disk/output/exp2/colorful_sneaker/checkpoint-100/images/on_a_cobblestone_street/
11/15/2024 07:07:30 - INFO - __main__ - Running validation... 
 Generating 4 images with prompt:on top of pink fabric.
11/15/2024 07:07:44 - INFO - root - Image have been saved in /shenzihe/WD-Disk/output/exp2/colorful_sneaker/checkpoint-100/images/on_top_of_pink_fabric/
11/15/2024 07:07:58 - INFO - root - Image have been saved in /shenzihe/WD-Disk/output/exp2/colorful_sneaker/checkpoint-100/images/on_top_of_pink_fabric/
11/15/2024 07:08:12 - INFO - root - Image have been saved in /shenzihe/WD-Disk/output/exp2/colorful_sneaker/checkpoint-100/images/on_top_of_pink_fabric/
11/15/2024 07:08:26 - INFO - root - Image have been saved in /shenzihe/WD-Disk/output/exp2/colorful_sneaker/checkpoint-100/images/on_top_of_pink_fabric/
11/15/2024 07:08:26 - INFO - __main__ - Running validation... 
 Generating 4 images with prompt:on top of a wooden floor.
11/15/2024 07:08:39 - INFO - root - Image have been saved in /shenzihe/WD-Disk/output/exp2/colorful_sneaker/checkpoint-100/images/on_top_of_a_wooden_floor/
11/15/2024 07:08:53 - INFO - root - Image have been saved in /shenzihe/WD-Disk/output/exp2/colorful_sneaker/checkpoint-100/images/on_top_of_a_wooden_floor/
11/15/2024 07:09:07 - INFO - root - Image have been saved in /shenzihe/WD-Disk/output/exp2/colorful_sneaker/checkpoint-100/images/on_top_of_a_wooden_floor/
11/15/2024 07:09:21 - INFO - root - Image have been saved in /shenzihe/WD-Disk/output/exp2/colorful_sneaker/checkpoint-100/images/on_top_of_a_wooden_floor/
11/15/2024 07:09:21 - INFO - __main__ - Running validation... 
 Generating 4 images with prompt:with a city in the background.
11/15/2024 07:09:35 - INFO - root - Image have been saved in /shenzihe/WD-Disk/output/exp2/colorful_sneaker/checkpoint-100/images/with_a_city_in_the_background/
11/15/2024 07:09:48 - INFO - root - Image have been saved in /shenzihe/WD-Disk/output/exp2/colorful_sneaker/checkpoint-100/images/with_a_city_in_the_background/
11/15/2024 07:10:02 - INFO - root - Image have been saved in /shenzihe/WD-Disk/output/exp2/colorful_sneaker/checkpoint-100/images/with_a_city_in_the_background/
11/15/2024 07:10:16 - INFO - root - Image have been saved in /shenzihe/WD-Disk/output/exp2/colorful_sneaker/checkpoint-100/images/with_a_city_in_the_background/
11/15/2024 07:10:16 - INFO - __main__ - Running validation... 
 Generating 4 images with prompt:with a mountain in the background.
11/15/2024 07:10:30 - INFO - root - Image have been saved in /shenzihe/WD-Disk/output/exp2/colorful_sneaker/checkpoint-100/images/with_a_mountain_in_the_background/
11/15/2024 07:10:44 - INFO - root - Image have been saved in /shenzihe/WD-Disk/output/exp2/colorful_sneaker/checkpoint-100/images/with_a_mountain_in_the_background/
11/15/2024 07:10:58 - INFO - root - Image have been saved in /shenzihe/WD-Disk/output/exp2/colorful_sneaker/checkpoint-100/images/with_a_mountain_in_the_background/
11/15/2024 07:11:11 - INFO - root - Image have been saved in /shenzihe/WD-Disk/output/exp2/colorful_sneaker/checkpoint-100/images/with_a_mountain_in_the_background/
11/15/2024 07:11:11 - INFO - __main__ - Running validation... 
 Generating 4 images with prompt:with a blue house in the background.
11/15/2024 07:11:25 - INFO - root - Image have been saved in /shenzihe/WD-Disk/output/exp2/colorful_sneaker/checkpoint-100/images/with_a_blue_house_in_the_background/
11/15/2024 07:11:39 - INFO - root - Image have been saved in /shenzihe/WD-Disk/output/exp2/colorful_sneaker/checkpoint-100/images/with_a_blue_house_in_the_background/
11/15/2024 07:11:53 - INFO - root - Image have been saved in /shenzihe/WD-Disk/output/exp2/colorful_sneaker/checkpoint-100/images/with_a_blue_house_in_the_background/
11/15/2024 07:12:06 - INFO - root - Image have been saved in /shenzihe/WD-Disk/output/exp2/colorful_sneaker/checkpoint-100/images/with_a_blue_house_in_the_background/
11/15/2024 07:12:06 - INFO - __main__ - Running validation... 
 Generating 4 images with prompt:on top of a purple rug in a forest.
11/15/2024 07:12:20 - INFO - root - Image have been saved in /shenzihe/WD-Disk/output/exp2/colorful_sneaker/checkpoint-100/images/on_top_of_a_purple_rug_in_a_forest/
11/15/2024 07:12:34 - INFO - root - Image have been saved in /shenzihe/WD-Disk/output/exp2/colorful_sneaker/checkpoint-100/images/on_top_of_a_purple_rug_in_a_forest/
11/15/2024 07:12:48 - INFO - root - Image have been saved in /shenzihe/WD-Disk/output/exp2/colorful_sneaker/checkpoint-100/images/on_top_of_a_purple_rug_in_a_forest/
11/15/2024 07:13:02 - INFO - root - Image have been saved in /shenzihe/WD-Disk/output/exp2/colorful_sneaker/checkpoint-100/images/on_top_of_a_purple_rug_in_a_forest/
11/15/2024 07:13:02 - INFO - __main__ - Running validation... 
 Generating 4 images with prompt:with a wheat field in the background.
11/15/2024 07:13:15 - INFO - root - Image have been saved in /shenzihe/WD-Disk/output/exp2/colorful_sneaker/checkpoint-100/images/with_a_wheat_field_in_the_background/
11/15/2024 07:13:29 - INFO - root - Image have been saved in /shenzihe/WD-Disk/output/exp2/colorful_sneaker/checkpoint-100/images/with_a_wheat_field_in_the_background/
11/15/2024 07:13:43 - INFO - root - Image have been saved in /shenzihe/WD-Disk/output/exp2/colorful_sneaker/checkpoint-100/images/with_a_wheat_field_in_the_background/
11/15/2024 07:13:57 - INFO - root - Image have been saved in /shenzihe/WD-Disk/output/exp2/colorful_sneaker/checkpoint-100/images/with_a_wheat_field_in_the_background/
11/15/2024 07:13:57 - INFO - __main__ - Running validation... 
 Generating 4 images with prompt:with a tree and autumn leaves in the background.
11/15/2024 07:14:11 - INFO - root - Image have been saved in /shenzihe/WD-Disk/output/exp2/colorful_sneaker/checkpoint-100/images/with_a_tree_and_autumn_leaves_in_the_background/
11/15/2024 07:14:24 - INFO - root - Image have been saved in /shenzihe/WD-Disk/output/exp2/colorful_sneaker/checkpoint-100/images/with_a_tree_and_autumn_leaves_in_the_background/
11/15/2024 07:14:38 - INFO - root - Image have been saved in /shenzihe/WD-Disk/output/exp2/colorful_sneaker/checkpoint-100/images/with_a_tree_and_autumn_leaves_in_the_background/
11/15/2024 07:14:52 - INFO - root - Image have been saved in /shenzihe/WD-Disk/output/exp2/colorful_sneaker/checkpoint-100/images/with_a_tree_and_autumn_leaves_in_the_background/
11/15/2024 07:14:52 - INFO - __main__ - Running validation... 
 Generating 4 images with prompt:with the Eiffel Tower in the background.
11/15/2024 07:15:06 - INFO - root - Image have been saved in /shenzihe/WD-Disk/output/exp2/colorful_sneaker/checkpoint-100/images/with_the_Eiffel_Tower_in_the_background/
11/15/2024 07:15:19 - INFO - root - Image have been saved in /shenzihe/WD-Disk/output/exp2/colorful_sneaker/checkpoint-100/images/with_the_Eiffel_Tower_in_the_background/
11/15/2024 07:15:33 - INFO - root - Image have been saved in /shenzihe/WD-Disk/output/exp2/colorful_sneaker/checkpoint-100/images/with_the_Eiffel_Tower_in_the_background/
11/15/2024 07:15:47 - INFO - root - Image have been saved in /shenzihe/WD-Disk/output/exp2/colorful_sneaker/checkpoint-100/images/with_the_Eiffel_Tower_in_the_background/
11/15/2024 07:15:47 - INFO - __main__ - Running validation... 
 Generating 4 images with prompt:floating on top of water.
11/15/2024 07:16:01 - INFO - root - Image have been saved in /shenzihe/WD-Disk/output/exp2/colorful_sneaker/checkpoint-100/images/floating_on_top_of_water/
11/15/2024 07:16:15 - INFO - root - Image have been saved in /shenzihe/WD-Disk/output/exp2/colorful_sneaker/checkpoint-100/images/floating_on_top_of_water/
11/15/2024 07:16:28 - INFO - root - Image have been saved in /shenzihe/WD-Disk/output/exp2/colorful_sneaker/checkpoint-100/images/floating_on_top_of_water/
11/15/2024 07:16:42 - INFO - root - Image have been saved in /shenzihe/WD-Disk/output/exp2/colorful_sneaker/checkpoint-100/images/floating_on_top_of_water/
11/15/2024 07:16:42 - INFO - __main__ - Running validation... 
 Generating 4 images with prompt:floating in an ocean of milk.
11/15/2024 07:16:56 - INFO - root - Image have been saved in /shenzihe/WD-Disk/output/exp2/colorful_sneaker/checkpoint-100/images/floating_in_an_ocean_of_milk/
11/15/2024 07:17:10 - INFO - root - Image have been saved in /shenzihe/WD-Disk/output/exp2/colorful_sneaker/checkpoint-100/images/floating_in_an_ocean_of_milk/
11/15/2024 07:17:24 - INFO - root - Image have been saved in /shenzihe/WD-Disk/output/exp2/colorful_sneaker/checkpoint-100/images/floating_in_an_ocean_of_milk/
11/15/2024 07:17:38 - INFO - root - Image have been saved in /shenzihe/WD-Disk/output/exp2/colorful_sneaker/checkpoint-100/images/floating_in_an_ocean_of_milk/
11/15/2024 07:17:38 - INFO - __main__ - Running validation... 
 Generating 4 images with prompt:on top of green grass with sunflowers around it.
11/15/2024 07:17:51 - INFO - root - Image have been saved in /shenzihe/WD-Disk/output/exp2/colorful_sneaker/checkpoint-100/images/on_top_of_green_grass_with_sunflowers_around_it/
11/15/2024 07:18:05 - INFO - root - Image have been saved in /shenzihe/WD-Disk/output/exp2/colorful_sneaker/checkpoint-100/images/on_top_of_green_grass_with_sunflowers_around_it/
11/15/2024 07:18:19 - INFO - root - Image have been saved in /shenzihe/WD-Disk/output/exp2/colorful_sneaker/checkpoint-100/images/on_top_of_green_grass_with_sunflowers_around_it/
11/15/2024 07:18:33 - INFO - root - Image have been saved in /shenzihe/WD-Disk/output/exp2/colorful_sneaker/checkpoint-100/images/on_top_of_green_grass_with_sunflowers_around_it/
11/15/2024 07:18:33 - INFO - __main__ - Running validation... 
 Generating 4 images with prompt:on top of a mirror.
11/15/2024 07:18:46 - INFO - root - Image have been saved in /shenzihe/WD-Disk/output/exp2/colorful_sneaker/checkpoint-100/images/on_top_of_a_mirror/
11/15/2024 07:19:00 - INFO - root - Image have been saved in /shenzihe/WD-Disk/output/exp2/colorful_sneaker/checkpoint-100/images/on_top_of_a_mirror/
11/15/2024 07:19:14 - INFO - root - Image have been saved in /shenzihe/WD-Disk/output/exp2/colorful_sneaker/checkpoint-100/images/on_top_of_a_mirror/
11/15/2024 07:19:28 - INFO - root - Image have been saved in /shenzihe/WD-Disk/output/exp2/colorful_sneaker/checkpoint-100/images/on_top_of_a_mirror/
11/15/2024 07:19:28 - INFO - __main__ - Running validation... 
 Generating 4 images with prompt:on top of the sidewalk in a crowded street.
11/15/2024 07:19:41 - INFO - root - Image have been saved in /shenzihe/WD-Disk/output/exp2/colorful_sneaker/checkpoint-100/images/on_top_of_the_sidewalk_in_a_crowded_street/
11/15/2024 07:19:55 - INFO - root - Image have been saved in /shenzihe/WD-Disk/output/exp2/colorful_sneaker/checkpoint-100/images/on_top_of_the_sidewalk_in_a_crowded_street/
11/15/2024 07:20:09 - INFO - root - Image have been saved in /shenzihe/WD-Disk/output/exp2/colorful_sneaker/checkpoint-100/images/on_top_of_the_sidewalk_in_a_crowded_street/
11/15/2024 07:20:22 - INFO - root - Image have been saved in /shenzihe/WD-Disk/output/exp2/colorful_sneaker/checkpoint-100/images/on_top_of_the_sidewalk_in_a_crowded_street/
11/15/2024 07:20:22 - INFO - __main__ - Running validation... 
 Generating 4 images with prompt:on top of a dirt road.
11/15/2024 07:20:36 - INFO - root - Image have been saved in /shenzihe/WD-Disk/output/exp2/colorful_sneaker/checkpoint-100/images/on_top_of_a_dirt_road/
11/15/2024 07:20:50 - INFO - root - Image have been saved in /shenzihe/WD-Disk/output/exp2/colorful_sneaker/checkpoint-100/images/on_top_of_a_dirt_road/
11/15/2024 07:21:04 - INFO - root - Image have been saved in /shenzihe/WD-Disk/output/exp2/colorful_sneaker/checkpoint-100/images/on_top_of_a_dirt_road/
11/15/2024 07:21:18 - INFO - root - Image have been saved in /shenzihe/WD-Disk/output/exp2/colorful_sneaker/checkpoint-100/images/on_top_of_a_dirt_road/
11/15/2024 07:21:18 - INFO - __main__ - Running validation... 
 Generating 4 images with prompt:on top of a white rug.
11/15/2024 07:21:31 - INFO - root - Image have been saved in /shenzihe/WD-Disk/output/exp2/colorful_sneaker/checkpoint-100/images/on_top_of_a_white_rug/
11/15/2024 07:21:45 - INFO - root - Image have been saved in /shenzihe/WD-Disk/output/exp2/colorful_sneaker/checkpoint-100/images/on_top_of_a_white_rug/
11/15/2024 07:21:59 - INFO - root - Image have been saved in /shenzihe/WD-Disk/output/exp2/colorful_sneaker/checkpoint-100/images/on_top_of_a_white_rug/
11/15/2024 07:22:13 - INFO - root - Image have been saved in /shenzihe/WD-Disk/output/exp2/colorful_sneaker/checkpoint-100/images/on_top_of_a_white_rug/
11/15/2024 07:22:13 - INFO - __main__ - Running validation... 
 Generating 4 images with prompt:red.
11/15/2024 07:22:27 - INFO - root - Image have been saved in /shenzihe/WD-Disk/output/exp2/colorful_sneaker/checkpoint-100/images/red/
11/15/2024 07:22:40 - INFO - root - Image have been saved in /shenzihe/WD-Disk/output/exp2/colorful_sneaker/checkpoint-100/images/red/
11/15/2024 07:22:54 - INFO - root - Image have been saved in /shenzihe/WD-Disk/output/exp2/colorful_sneaker/checkpoint-100/images/red/
11/15/2024 07:23:08 - INFO - root - Image have been saved in /shenzihe/WD-Disk/output/exp2/colorful_sneaker/checkpoint-100/images/red/
11/15/2024 07:23:08 - INFO - __main__ - Running validation... 
 Generating 4 images with prompt:purple.
11/15/2024 07:23:22 - INFO - root - Image have been saved in /shenzihe/WD-Disk/output/exp2/colorful_sneaker/checkpoint-100/images/purple/
11/15/2024 07:23:35 - INFO - root - Image have been saved in /shenzihe/WD-Disk/output/exp2/colorful_sneaker/checkpoint-100/images/purple/
11/15/2024 07:23:49 - INFO - root - Image have been saved in /shenzihe/WD-Disk/output/exp2/colorful_sneaker/checkpoint-100/images/purple/
11/15/2024 07:24:03 - INFO - root - Image have been saved in /shenzihe/WD-Disk/output/exp2/colorful_sneaker/checkpoint-100/images/purple/
11/15/2024 07:24:03 - INFO - __main__ - Running validation... 
 Generating 4 images with prompt:shiny.
11/15/2024 07:24:17 - INFO - root - Image have been saved in /shenzihe/WD-Disk/output/exp2/colorful_sneaker/checkpoint-100/images/shiny/
11/15/2024 07:24:31 - INFO - root - Image have been saved in /shenzihe/WD-Disk/output/exp2/colorful_sneaker/checkpoint-100/images/shiny/
11/15/2024 07:24:44 - INFO - root - Image have been saved in /shenzihe/WD-Disk/output/exp2/colorful_sneaker/checkpoint-100/images/shiny/
11/15/2024 07:24:58 - INFO - root - Image have been saved in /shenzihe/WD-Disk/output/exp2/colorful_sneaker/checkpoint-100/images/shiny/
11/15/2024 07:24:58 - INFO - __main__ - Running validation... 
 Generating 4 images with prompt:wet.
11/15/2024 07:25:14 - INFO - root - Image have been saved in /shenzihe/WD-Disk/output/exp2/colorful_sneaker/checkpoint-100/images/wet/
11/15/2024 07:25:27 - INFO - root - Image have been saved in /shenzihe/WD-Disk/output/exp2/colorful_sneaker/checkpoint-100/images/wet/
11/15/2024 07:25:41 - INFO - root - Image have been saved in /shenzihe/WD-Disk/output/exp2/colorful_sneaker/checkpoint-100/images/wet/
11/15/2024 07:25:55 - INFO - root - Image have been saved in /shenzihe/WD-Disk/output/exp2/colorful_sneaker/checkpoint-100/images/wet/
11/15/2024 07:25:55 - INFO - __main__ - Running validation... 
 Generating 4 images with prompt:cube shaped.
11/15/2024 07:26:09 - INFO - root - Image have been saved in /shenzihe/WD-Disk/output/exp2/colorful_sneaker/checkpoint-100/images/cube_shaped/
11/15/2024 07:26:23 - INFO - root - Image have been saved in /shenzihe/WD-Disk/output/exp2/colorful_sneaker/checkpoint-100/images/cube_shaped/
11/15/2024 07:26:36 - INFO - root - Image have been saved in /shenzihe/WD-Disk/output/exp2/colorful_sneaker/checkpoint-100/images/cube_shaped/
11/15/2024 07:26:50 - INFO - root - Image have been saved in /shenzihe/WD-Disk/output/exp2/colorful_sneaker/checkpoint-100/images/cube_shaped/
