11/17/2024 16:00:04 - INFO - __main__ - Distributed environment: NO
Num processes: 1
Process index: 0
Local process index: 0
Device: cuda

Mixed precision type: no

11/17/2024 16:00:07 - INFO - root - freeze vision encoder
11/17/2024 16:00:16 - INFO - root - Loading pretrained model from /root/.cache/torch/hub/checkpoints/blip-diffusion
11/17/2024 16:00:16 - INFO - root - Loading pretrained BLIP2 Qformer weights.
11/17/2024 16:00:18 - INFO - root - Loading pretrained projection lyer weights.
11/17/2024 16:00:18 - INFO - root - Loading pretrained text encoder weights.
11/17/2024 16:00:19 - INFO - root - Loading pretrained vae weights.
11/17/2024 16:00:20 - INFO - root - Loading pretrained unet weights.
11/17/2024 16:00:30 - INFO - root - Using xformers.
11/17/2024 16:00:30 - INFO - root - Building datasets...
11/17/2024 16:00:41 - INFO - root - freeze vision encoder
11/17/2024 16:01:27 - INFO - root - load checkpoint from https://storage.googleapis.com/sfr-vision-language-research/LAVIS/models/BLIP2/blip2_pretrained_flant5xl.pth
11/17/2024 16:01:28 - INFO - __main__ - 
***** Running training *****
11/17/2024 16:01:28 - INFO - __main__ -   Num examples = 6
11/17/2024 16:01:28 - INFO - __main__ -   Num batches each epoch = 2
11/17/2024 16:01:28 - INFO - __main__ -   Num Epochs = 50
11/17/2024 16:01:28 - INFO - __main__ -   Instantaneous batch size per device = 3
11/17/2024 16:01:28 - INFO - __main__ -   Total train batch size (w. parallel, distributed & accumulation) = 3
11/17/2024 16:01:28 - INFO - __main__ -   Gradient Accumulation steps = 1
11/17/2024 16:01:28 - INFO - __main__ -   Total optimization steps = 100
11/17/2024 16:07:02 - INFO - __main__ - Running validation... 
 Generating 4 images with prompt:in the jungle.
11/17/2024 16:07:19 - INFO - root - Image have been saved in /shenzihe/WD-Disk/output/exp3/backpack/checkpoint-100/images/in_the_jungle/
11/17/2024 16:07:33 - INFO - root - Image have been saved in /shenzihe/WD-Disk/output/exp3/backpack/checkpoint-100/images/in_the_jungle/
11/17/2024 16:07:47 - INFO - root - Image have been saved in /shenzihe/WD-Disk/output/exp3/backpack/checkpoint-100/images/in_the_jungle/
11/17/2024 16:08:02 - INFO - root - Image have been saved in /shenzihe/WD-Disk/output/exp3/backpack/checkpoint-100/images/in_the_jungle/
11/17/2024 16:08:02 - INFO - __main__ - Running validation... 
 Generating 4 images with prompt:in the snow.
11/17/2024 16:08:16 - INFO - root - Image have been saved in /shenzihe/WD-Disk/output/exp3/backpack/checkpoint-100/images/in_the_snow/
11/17/2024 16:08:30 - INFO - root - Image have been saved in /shenzihe/WD-Disk/output/exp3/backpack/checkpoint-100/images/in_the_snow/
11/17/2024 16:08:44 - INFO - root - Image have been saved in /shenzihe/WD-Disk/output/exp3/backpack/checkpoint-100/images/in_the_snow/
11/17/2024 16:08:58 - INFO - root - Image have been saved in /shenzihe/WD-Disk/output/exp3/backpack/checkpoint-100/images/in_the_snow/
11/17/2024 16:08:58 - INFO - __main__ - Running validation... 
 Generating 4 images with prompt:on the beach.
11/17/2024 16:09:11 - INFO - root - Image have been saved in /shenzihe/WD-Disk/output/exp3/backpack/checkpoint-100/images/on_the_beach/
11/17/2024 16:09:25 - INFO - root - Image have been saved in /shenzihe/WD-Disk/output/exp3/backpack/checkpoint-100/images/on_the_beach/
11/17/2024 16:09:39 - INFO - root - Image have been saved in /shenzihe/WD-Disk/output/exp3/backpack/checkpoint-100/images/on_the_beach/
11/17/2024 16:09:52 - INFO - root - Image have been saved in /shenzihe/WD-Disk/output/exp3/backpack/checkpoint-100/images/on_the_beach/
11/17/2024 16:09:52 - INFO - __main__ - Running validation... 
 Generating 4 images with prompt:on a cobblestone street.
11/17/2024 16:10:06 - INFO - root - Image have been saved in /shenzihe/WD-Disk/output/exp3/backpack/checkpoint-100/images/on_a_cobblestone_street/
11/17/2024 16:10:20 - INFO - root - Image have been saved in /shenzihe/WD-Disk/output/exp3/backpack/checkpoint-100/images/on_a_cobblestone_street/
11/17/2024 16:10:33 - INFO - root - Image have been saved in /shenzihe/WD-Disk/output/exp3/backpack/checkpoint-100/images/on_a_cobblestone_street/
11/17/2024 16:10:47 - INFO - root - Image have been saved in /shenzihe/WD-Disk/output/exp3/backpack/checkpoint-100/images/on_a_cobblestone_street/
11/17/2024 16:10:47 - INFO - __main__ - Running validation... 
 Generating 4 images with prompt:on top of pink fabric.
11/17/2024 16:11:00 - INFO - root - Image have been saved in /shenzihe/WD-Disk/output/exp3/backpack/checkpoint-100/images/on_top_of_pink_fabric/
11/17/2024 16:11:14 - INFO - root - Image have been saved in /shenzihe/WD-Disk/output/exp3/backpack/checkpoint-100/images/on_top_of_pink_fabric/
11/17/2024 16:11:27 - INFO - root - Image have been saved in /shenzihe/WD-Disk/output/exp3/backpack/checkpoint-100/images/on_top_of_pink_fabric/
11/17/2024 16:11:41 - INFO - root - Image have been saved in /shenzihe/WD-Disk/output/exp3/backpack/checkpoint-100/images/on_top_of_pink_fabric/
11/17/2024 16:11:41 - INFO - __main__ - Running validation... 
 Generating 4 images with prompt:on top of a wooden floor.
11/17/2024 16:11:55 - INFO - root - Image have been saved in /shenzihe/WD-Disk/output/exp3/backpack/checkpoint-100/images/on_top_of_a_wooden_floor/
11/17/2024 16:12:08 - INFO - root - Image have been saved in /shenzihe/WD-Disk/output/exp3/backpack/checkpoint-100/images/on_top_of_a_wooden_floor/
11/17/2024 16:12:22 - INFO - root - Image have been saved in /shenzihe/WD-Disk/output/exp3/backpack/checkpoint-100/images/on_top_of_a_wooden_floor/
11/17/2024 16:12:35 - INFO - root - Image have been saved in /shenzihe/WD-Disk/output/exp3/backpack/checkpoint-100/images/on_top_of_a_wooden_floor/
11/17/2024 16:12:35 - INFO - __main__ - Running validation... 
 Generating 4 images with prompt:with a city in the background.
11/17/2024 16:12:49 - INFO - root - Image have been saved in /shenzihe/WD-Disk/output/exp3/backpack/checkpoint-100/images/with_a_city_in_the_background/
11/17/2024 16:13:02 - INFO - root - Image have been saved in /shenzihe/WD-Disk/output/exp3/backpack/checkpoint-100/images/with_a_city_in_the_background/
11/17/2024 16:13:16 - INFO - root - Image have been saved in /shenzihe/WD-Disk/output/exp3/backpack/checkpoint-100/images/with_a_city_in_the_background/
11/17/2024 16:13:30 - INFO - root - Image have been saved in /shenzihe/WD-Disk/output/exp3/backpack/checkpoint-100/images/with_a_city_in_the_background/
11/17/2024 16:13:30 - INFO - __main__ - Running validation... 
 Generating 4 images with prompt:with a mountain in the background.
11/17/2024 16:13:43 - INFO - root - Image have been saved in /shenzihe/WD-Disk/output/exp3/backpack/checkpoint-100/images/with_a_mountain_in_the_background/
11/17/2024 16:13:57 - INFO - root - Image have been saved in /shenzihe/WD-Disk/output/exp3/backpack/checkpoint-100/images/with_a_mountain_in_the_background/
11/17/2024 16:14:11 - INFO - root - Image have been saved in /shenzihe/WD-Disk/output/exp3/backpack/checkpoint-100/images/with_a_mountain_in_the_background/
11/17/2024 16:14:24 - INFO - root - Image have been saved in /shenzihe/WD-Disk/output/exp3/backpack/checkpoint-100/images/with_a_mountain_in_the_background/
11/17/2024 16:14:24 - INFO - __main__ - Running validation... 
 Generating 4 images with prompt:with a blue house in the background.
11/17/2024 16:14:38 - INFO - root - Image have been saved in /shenzihe/WD-Disk/output/exp3/backpack/checkpoint-100/images/with_a_blue_house_in_the_background/
11/17/2024 16:14:51 - INFO - root - Image have been saved in /shenzihe/WD-Disk/output/exp3/backpack/checkpoint-100/images/with_a_blue_house_in_the_background/
11/17/2024 16:15:05 - INFO - root - Image have been saved in /shenzihe/WD-Disk/output/exp3/backpack/checkpoint-100/images/with_a_blue_house_in_the_background/
11/17/2024 16:15:19 - INFO - root - Image have been saved in /shenzihe/WD-Disk/output/exp3/backpack/checkpoint-100/images/with_a_blue_house_in_the_background/
11/17/2024 16:15:19 - INFO - __main__ - Running validation... 
 Generating 4 images with prompt:on top of a purple rug in a forest.
11/17/2024 16:15:32 - INFO - root - Image have been saved in /shenzihe/WD-Disk/output/exp3/backpack/checkpoint-100/images/on_top_of_a_purple_rug_in_a_forest/
11/17/2024 16:15:46 - INFO - root - Image have been saved in /shenzihe/WD-Disk/output/exp3/backpack/checkpoint-100/images/on_top_of_a_purple_rug_in_a_forest/
11/17/2024 16:15:59 - INFO - root - Image have been saved in /shenzihe/WD-Disk/output/exp3/backpack/checkpoint-100/images/on_top_of_a_purple_rug_in_a_forest/
11/17/2024 16:16:13 - INFO - root - Image have been saved in /shenzihe/WD-Disk/output/exp3/backpack/checkpoint-100/images/on_top_of_a_purple_rug_in_a_forest/
11/17/2024 16:16:13 - INFO - __main__ - Running validation... 
 Generating 4 images with prompt:with a wheat field in the background.
11/17/2024 16:16:27 - INFO - root - Image have been saved in /shenzihe/WD-Disk/output/exp3/backpack/checkpoint-100/images/with_a_wheat_field_in_the_background/
11/17/2024 16:16:40 - INFO - root - Image have been saved in /shenzihe/WD-Disk/output/exp3/backpack/checkpoint-100/images/with_a_wheat_field_in_the_background/
11/17/2024 16:16:54 - INFO - root - Image have been saved in /shenzihe/WD-Disk/output/exp3/backpack/checkpoint-100/images/with_a_wheat_field_in_the_background/
11/17/2024 16:17:08 - INFO - root - Image have been saved in /shenzihe/WD-Disk/output/exp3/backpack/checkpoint-100/images/with_a_wheat_field_in_the_background/
11/17/2024 16:17:08 - INFO - __main__ - Running validation... 
 Generating 4 images with prompt:with a tree and autumn leaves in the background.
11/17/2024 16:17:21 - INFO - root - Image have been saved in /shenzihe/WD-Disk/output/exp3/backpack/checkpoint-100/images/with_a_tree_and_autumn_leaves_in_the_background/
11/17/2024 16:17:35 - INFO - root - Image have been saved in /shenzihe/WD-Disk/output/exp3/backpack/checkpoint-100/images/with_a_tree_and_autumn_leaves_in_the_background/
11/17/2024 16:17:48 - INFO - root - Image have been saved in /shenzihe/WD-Disk/output/exp3/backpack/checkpoint-100/images/with_a_tree_and_autumn_leaves_in_the_background/
11/17/2024 16:18:02 - INFO - root - Image have been saved in /shenzihe/WD-Disk/output/exp3/backpack/checkpoint-100/images/with_a_tree_and_autumn_leaves_in_the_background/
11/17/2024 16:18:02 - INFO - __main__ - Running validation... 
 Generating 4 images with prompt:with the Eiffel Tower in the background.
11/17/2024 16:18:15 - INFO - root - Image have been saved in /shenzihe/WD-Disk/output/exp3/backpack/checkpoint-100/images/with_the_Eiffel_Tower_in_the_background/
11/17/2024 16:18:29 - INFO - root - Image have been saved in /shenzihe/WD-Disk/output/exp3/backpack/checkpoint-100/images/with_the_Eiffel_Tower_in_the_background/
11/17/2024 16:18:42 - INFO - root - Image have been saved in /shenzihe/WD-Disk/output/exp3/backpack/checkpoint-100/images/with_the_Eiffel_Tower_in_the_background/
11/17/2024 16:18:56 - INFO - root - Image have been saved in /shenzihe/WD-Disk/output/exp3/backpack/checkpoint-100/images/with_the_Eiffel_Tower_in_the_background/
11/17/2024 16:18:56 - INFO - __main__ - Running validation... 
 Generating 4 images with prompt:floating on top of water.
11/17/2024 16:19:10 - INFO - root - Image have been saved in /shenzihe/WD-Disk/output/exp3/backpack/checkpoint-100/images/floating_on_top_of_water/
11/17/2024 16:19:24 - INFO - root - Image have been saved in /shenzihe/WD-Disk/output/exp3/backpack/checkpoint-100/images/floating_on_top_of_water/
11/17/2024 16:19:37 - INFO - root - Image have been saved in /shenzihe/WD-Disk/output/exp3/backpack/checkpoint-100/images/floating_on_top_of_water/
11/17/2024 16:19:51 - INFO - root - Image have been saved in /shenzihe/WD-Disk/output/exp3/backpack/checkpoint-100/images/floating_on_top_of_water/
11/17/2024 16:19:51 - INFO - __main__ - Running validation... 
 Generating 4 images with prompt:floating in an ocean of milk.
11/17/2024 16:20:05 - INFO - root - Image have been saved in /shenzihe/WD-Disk/output/exp3/backpack/checkpoint-100/images/floating_in_an_ocean_of_milk/
11/17/2024 16:20:19 - INFO - root - Image have been saved in /shenzihe/WD-Disk/output/exp3/backpack/checkpoint-100/images/floating_in_an_ocean_of_milk/
11/17/2024 16:20:32 - INFO - root - Image have been saved in /shenzihe/WD-Disk/output/exp3/backpack/checkpoint-100/images/floating_in_an_ocean_of_milk/
11/17/2024 16:20:46 - INFO - root - Image have been saved in /shenzihe/WD-Disk/output/exp3/backpack/checkpoint-100/images/floating_in_an_ocean_of_milk/
11/17/2024 16:20:46 - INFO - __main__ - Running validation... 
 Generating 4 images with prompt:on top of green grass with sunflowers around it.
11/17/2024 16:20:59 - INFO - root - Image have been saved in /shenzihe/WD-Disk/output/exp3/backpack/checkpoint-100/images/on_top_of_green_grass_with_sunflowers_around_it/
11/17/2024 16:21:13 - INFO - root - Image have been saved in /shenzihe/WD-Disk/output/exp3/backpack/checkpoint-100/images/on_top_of_green_grass_with_sunflowers_around_it/
11/17/2024 16:21:27 - INFO - root - Image have been saved in /shenzihe/WD-Disk/output/exp3/backpack/checkpoint-100/images/on_top_of_green_grass_with_sunflowers_around_it/
11/17/2024 16:21:40 - INFO - root - Image have been saved in /shenzihe/WD-Disk/output/exp3/backpack/checkpoint-100/images/on_top_of_green_grass_with_sunflowers_around_it/
11/17/2024 16:21:40 - INFO - __main__ - Running validation... 
 Generating 4 images with prompt:on top of a mirror.
11/17/2024 16:21:54 - INFO - root - Image have been saved in /shenzihe/WD-Disk/output/exp3/backpack/checkpoint-100/images/on_top_of_a_mirror/
11/17/2024 16:22:08 - INFO - root - Image have been saved in /shenzihe/WD-Disk/output/exp3/backpack/checkpoint-100/images/on_top_of_a_mirror/
11/17/2024 16:22:21 - INFO - root - Image have been saved in /shenzihe/WD-Disk/output/exp3/backpack/checkpoint-100/images/on_top_of_a_mirror/
11/17/2024 16:22:35 - INFO - root - Image have been saved in /shenzihe/WD-Disk/output/exp3/backpack/checkpoint-100/images/on_top_of_a_mirror/
11/17/2024 16:22:35 - INFO - __main__ - Running validation... 
 Generating 4 images with prompt:on top of the sidewalk in a crowded street.
11/17/2024 16:22:48 - INFO - root - Image have been saved in /shenzihe/WD-Disk/output/exp3/backpack/checkpoint-100/images/on_top_of_the_sidewalk_in_a_crowded_street/
11/17/2024 16:23:02 - INFO - root - Image have been saved in /shenzihe/WD-Disk/output/exp3/backpack/checkpoint-100/images/on_top_of_the_sidewalk_in_a_crowded_street/
11/17/2024 16:23:15 - INFO - root - Image have been saved in /shenzihe/WD-Disk/output/exp3/backpack/checkpoint-100/images/on_top_of_the_sidewalk_in_a_crowded_street/
11/17/2024 16:23:29 - INFO - root - Image have been saved in /shenzihe/WD-Disk/output/exp3/backpack/checkpoint-100/images/on_top_of_the_sidewalk_in_a_crowded_street/
11/17/2024 16:23:29 - INFO - __main__ - Running validation... 
 Generating 4 images with prompt:on top of a dirt road.
11/17/2024 16:23:43 - INFO - root - Image have been saved in /shenzihe/WD-Disk/output/exp3/backpack/checkpoint-100/images/on_top_of_a_dirt_road/
11/17/2024 16:23:56 - INFO - root - Image have been saved in /shenzihe/WD-Disk/output/exp3/backpack/checkpoint-100/images/on_top_of_a_dirt_road/
11/17/2024 16:24:10 - INFO - root - Image have been saved in /shenzihe/WD-Disk/output/exp3/backpack/checkpoint-100/images/on_top_of_a_dirt_road/
11/17/2024 16:24:23 - INFO - root - Image have been saved in /shenzihe/WD-Disk/output/exp3/backpack/checkpoint-100/images/on_top_of_a_dirt_road/
11/17/2024 16:24:23 - INFO - __main__ - Running validation... 
 Generating 4 images with prompt:on top of a white rug.
11/17/2024 16:24:37 - INFO - root - Image have been saved in /shenzihe/WD-Disk/output/exp3/backpack/checkpoint-100/images/on_top_of_a_white_rug/
11/17/2024 16:24:51 - INFO - root - Image have been saved in /shenzihe/WD-Disk/output/exp3/backpack/checkpoint-100/images/on_top_of_a_white_rug/
11/17/2024 16:25:04 - INFO - root - Image have been saved in /shenzihe/WD-Disk/output/exp3/backpack/checkpoint-100/images/on_top_of_a_white_rug/
11/17/2024 16:25:18 - INFO - root - Image have been saved in /shenzihe/WD-Disk/output/exp3/backpack/checkpoint-100/images/on_top_of_a_white_rug/
11/17/2024 16:25:18 - INFO - __main__ - Running validation... 
 Generating 4 images with prompt:red.
11/17/2024 16:25:32 - INFO - root - Image have been saved in /shenzihe/WD-Disk/output/exp3/backpack/checkpoint-100/images/red/
11/17/2024 16:25:45 - INFO - root - Image have been saved in /shenzihe/WD-Disk/output/exp3/backpack/checkpoint-100/images/red/
11/17/2024 16:25:59 - INFO - root - Image have been saved in /shenzihe/WD-Disk/output/exp3/backpack/checkpoint-100/images/red/
11/17/2024 16:26:12 - INFO - root - Image have been saved in /shenzihe/WD-Disk/output/exp3/backpack/checkpoint-100/images/red/
11/17/2024 16:26:12 - INFO - __main__ - Running validation... 
 Generating 4 images with prompt:purple.
11/17/2024 16:26:26 - INFO - root - Image have been saved in /shenzihe/WD-Disk/output/exp3/backpack/checkpoint-100/images/purple/
11/17/2024 16:26:40 - INFO - root - Image have been saved in /shenzihe/WD-Disk/output/exp3/backpack/checkpoint-100/images/purple/
11/17/2024 16:26:53 - INFO - root - Image have been saved in /shenzihe/WD-Disk/output/exp3/backpack/checkpoint-100/images/purple/
11/17/2024 16:27:07 - INFO - root - Image have been saved in /shenzihe/WD-Disk/output/exp3/backpack/checkpoint-100/images/purple/
11/17/2024 16:27:07 - INFO - __main__ - Running validation... 
 Generating 4 images with prompt:shiny.
11/17/2024 16:27:20 - INFO - root - Image have been saved in /shenzihe/WD-Disk/output/exp3/backpack/checkpoint-100/images/shiny/
11/17/2024 16:27:34 - INFO - root - Image have been saved in /shenzihe/WD-Disk/output/exp3/backpack/checkpoint-100/images/shiny/
11/17/2024 16:27:48 - INFO - root - Image have been saved in /shenzihe/WD-Disk/output/exp3/backpack/checkpoint-100/images/shiny/
11/17/2024 16:28:01 - INFO - root - Image have been saved in /shenzihe/WD-Disk/output/exp3/backpack/checkpoint-100/images/shiny/
11/17/2024 16:28:01 - INFO - __main__ - Running validation... 
 Generating 4 images with prompt:wet.
11/17/2024 16:28:15 - INFO - root - Image have been saved in /shenzihe/WD-Disk/output/exp3/backpack/checkpoint-100/images/wet/
11/17/2024 16:28:28 - INFO - root - Image have been saved in /shenzihe/WD-Disk/output/exp3/backpack/checkpoint-100/images/wet/
11/17/2024 16:28:42 - INFO - root - Image have been saved in /shenzihe/WD-Disk/output/exp3/backpack/checkpoint-100/images/wet/
11/17/2024 16:28:56 - INFO - root - Image have been saved in /shenzihe/WD-Disk/output/exp3/backpack/checkpoint-100/images/wet/
11/17/2024 16:28:56 - INFO - __main__ - Running validation... 
 Generating 4 images with prompt:cube shaped.
11/17/2024 16:29:09 - INFO - root - Image have been saved in /shenzihe/WD-Disk/output/exp3/backpack/checkpoint-100/images/cube_shaped/
11/17/2024 16:29:23 - INFO - root - Image have been saved in /shenzihe/WD-Disk/output/exp3/backpack/checkpoint-100/images/cube_shaped/
11/17/2024 16:29:36 - INFO - root - Image have been saved in /shenzihe/WD-Disk/output/exp3/backpack/checkpoint-100/images/cube_shaped/
11/17/2024 16:29:50 - INFO - root - Image have been saved in /shenzihe/WD-Disk/output/exp3/backpack/checkpoint-100/images/cube_shaped/
