11/15/2024 06:20:40 - INFO - __main__ - Distributed environment: NO
Num processes: 1
Process index: 0
Local process index: 0
Device: cuda

Mixed precision type: no

11/15/2024 06:20:43 - INFO - root - freeze vision encoder
11/15/2024 06:20:52 - INFO - root - Loading pretrained model from /root/.cache/torch/hub/checkpoints/blip-diffusion
11/15/2024 06:20:52 - INFO - root - Loading pretrained BLIP2 Qformer weights.
11/15/2024 06:20:54 - INFO - root - Loading pretrained projection lyer weights.
11/15/2024 06:20:54 - INFO - root - Loading pretrained text encoder weights.
11/15/2024 06:20:55 - INFO - root - Loading pretrained vae weights.
11/15/2024 06:20:55 - INFO - root - Loading pretrained unet weights.
11/15/2024 06:21:03 - INFO - root - Using xformers.
11/15/2024 06:21:03 - INFO - root - Building datasets...
11/15/2024 06:21:13 - INFO - root - freeze vision encoder
11/15/2024 06:21:41 - INFO - root - load checkpoint from https://storage.googleapis.com/sfr-vision-language-research/LAVIS/models/BLIP2/blip2_pretrained_flant5xl.pth
11/15/2024 06:21:42 - INFO - __main__ - 
***** Running training *****
11/15/2024 06:21:42 - INFO - __main__ -   Num examples = 5
11/15/2024 06:21:42 - INFO - __main__ -   Num batches each epoch = 2
11/15/2024 06:21:42 - INFO - __main__ -   Num Epochs = 50
11/15/2024 06:21:42 - INFO - __main__ -   Instantaneous batch size per device = 3
11/15/2024 06:21:42 - INFO - __main__ -   Total train batch size (w. parallel, distributed & accumulation) = 3
11/15/2024 06:21:42 - INFO - __main__ -   Gradient Accumulation steps = 1
11/15/2024 06:21:42 - INFO - __main__ -   Total optimization steps = 100
11/15/2024 06:26:27 - INFO - __main__ - Running validation... 
 Generating 4 images with prompt:in the jungle.
11/15/2024 06:26:41 - INFO - root - Image have been saved in /shenzihe/WD-Disk/output/exp2/colorful_sneaker/checkpoint-100/images/in_the_jungle/
11/15/2024 06:26:54 - INFO - root - Image have been saved in /shenzihe/WD-Disk/output/exp2/colorful_sneaker/checkpoint-100/images/in_the_jungle/
11/15/2024 06:27:10 - INFO - root - Image have been saved in /shenzihe/WD-Disk/output/exp2/colorful_sneaker/checkpoint-100/images/in_the_jungle/
11/15/2024 06:27:24 - INFO - root - Image have been saved in /shenzihe/WD-Disk/output/exp2/colorful_sneaker/checkpoint-100/images/in_the_jungle/
11/15/2024 06:27:24 - INFO - __main__ - Running validation... 
 Generating 4 images with prompt:in the snow.
11/15/2024 06:27:37 - INFO - root - Image have been saved in /shenzihe/WD-Disk/output/exp2/colorful_sneaker/checkpoint-100/images/in_the_snow/
11/15/2024 06:27:51 - INFO - root - Image have been saved in /shenzihe/WD-Disk/output/exp2/colorful_sneaker/checkpoint-100/images/in_the_snow/
11/15/2024 06:28:04 - INFO - root - Image have been saved in /shenzihe/WD-Disk/output/exp2/colorful_sneaker/checkpoint-100/images/in_the_snow/
11/15/2024 06:28:18 - INFO - root - Image have been saved in /shenzihe/WD-Disk/output/exp2/colorful_sneaker/checkpoint-100/images/in_the_snow/
11/15/2024 06:28:18 - INFO - __main__ - Running validation... 
 Generating 4 images with prompt:on the beach.
11/15/2024 06:28:31 - INFO - root - Image have been saved in /shenzihe/WD-Disk/output/exp2/colorful_sneaker/checkpoint-100/images/on_the_beach/
11/15/2024 06:28:45 - INFO - root - Image have been saved in /shenzihe/WD-Disk/output/exp2/colorful_sneaker/checkpoint-100/images/on_the_beach/
11/15/2024 06:28:58 - INFO - root - Image have been saved in /shenzihe/WD-Disk/output/exp2/colorful_sneaker/checkpoint-100/images/on_the_beach/
11/15/2024 06:29:12 - INFO - root - Image have been saved in /shenzihe/WD-Disk/output/exp2/colorful_sneaker/checkpoint-100/images/on_the_beach/
11/15/2024 06:29:12 - INFO - __main__ - Running validation... 
 Generating 4 images with prompt:on a cobblestone street.
11/15/2024 06:29:25 - INFO - root - Image have been saved in /shenzihe/WD-Disk/output/exp2/colorful_sneaker/checkpoint-100/images/on_a_cobblestone_street/
11/15/2024 06:29:38 - INFO - root - Image have been saved in /shenzihe/WD-Disk/output/exp2/colorful_sneaker/checkpoint-100/images/on_a_cobblestone_street/
11/15/2024 06:29:52 - INFO - root - Image have been saved in /shenzihe/WD-Disk/output/exp2/colorful_sneaker/checkpoint-100/images/on_a_cobblestone_street/
11/15/2024 06:30:05 - INFO - root - Image have been saved in /shenzihe/WD-Disk/output/exp2/colorful_sneaker/checkpoint-100/images/on_a_cobblestone_street/
11/15/2024 06:30:05 - INFO - __main__ - Running validation... 
 Generating 4 images with prompt:on top of pink fabric.
11/15/2024 06:30:19 - INFO - root - Image have been saved in /shenzihe/WD-Disk/output/exp2/colorful_sneaker/checkpoint-100/images/on_top_of_pink_fabric/
11/15/2024 06:30:32 - INFO - root - Image have been saved in /shenzihe/WD-Disk/output/exp2/colorful_sneaker/checkpoint-100/images/on_top_of_pink_fabric/
11/15/2024 06:30:55 - INFO - root - Image have been saved in /shenzihe/WD-Disk/output/exp2/colorful_sneaker/checkpoint-100/images/on_top_of_pink_fabric/
11/15/2024 06:31:17 - INFO - root - Image have been saved in /shenzihe/WD-Disk/output/exp2/colorful_sneaker/checkpoint-100/images/on_top_of_pink_fabric/
11/15/2024 06:31:17 - INFO - __main__ - Running validation... 
 Generating 4 images with prompt:on top of a wooden floor.
11/15/2024 06:31:30 - INFO - root - Image have been saved in /shenzihe/WD-Disk/output/exp2/colorful_sneaker/checkpoint-100/images/on_top_of_a_wooden_floor/
11/15/2024 06:31:43 - INFO - root - Image have been saved in /shenzihe/WD-Disk/output/exp2/colorful_sneaker/checkpoint-100/images/on_top_of_a_wooden_floor/
11/15/2024 06:31:57 - INFO - root - Image have been saved in /shenzihe/WD-Disk/output/exp2/colorful_sneaker/checkpoint-100/images/on_top_of_a_wooden_floor/
11/15/2024 06:32:20 - INFO - root - Image have been saved in /shenzihe/WD-Disk/output/exp2/colorful_sneaker/checkpoint-100/images/on_top_of_a_wooden_floor/
11/15/2024 06:32:20 - INFO - __main__ - Running validation... 
 Generating 4 images with prompt:with a city in the background.
11/15/2024 06:32:35 - INFO - root - Image have been saved in /shenzihe/WD-Disk/output/exp2/colorful_sneaker/checkpoint-100/images/with_a_city_in_the_background/
11/15/2024 06:32:49 - INFO - root - Image have been saved in /shenzihe/WD-Disk/output/exp2/colorful_sneaker/checkpoint-100/images/with_a_city_in_the_background/
11/15/2024 06:33:02 - INFO - root - Image have been saved in /shenzihe/WD-Disk/output/exp2/colorful_sneaker/checkpoint-100/images/with_a_city_in_the_background/
11/15/2024 06:33:25 - INFO - root - Image have been saved in /shenzihe/WD-Disk/output/exp2/colorful_sneaker/checkpoint-100/images/with_a_city_in_the_background/
11/15/2024 06:33:25 - INFO - __main__ - Running validation... 
 Generating 4 images with prompt:with a mountain in the background.
11/15/2024 06:33:39 - INFO - root - Image have been saved in /shenzihe/WD-Disk/output/exp2/colorful_sneaker/checkpoint-100/images/with_a_mountain_in_the_background/
11/15/2024 06:33:52 - INFO - root - Image have been saved in /shenzihe/WD-Disk/output/exp2/colorful_sneaker/checkpoint-100/images/with_a_mountain_in_the_background/
11/15/2024 06:34:05 - INFO - root - Image have been saved in /shenzihe/WD-Disk/output/exp2/colorful_sneaker/checkpoint-100/images/with_a_mountain_in_the_background/
11/15/2024 06:34:19 - INFO - root - Image have been saved in /shenzihe/WD-Disk/output/exp2/colorful_sneaker/checkpoint-100/images/with_a_mountain_in_the_background/
11/15/2024 06:34:19 - INFO - __main__ - Running validation... 
 Generating 4 images with prompt:with a blue house in the background.
11/15/2024 06:34:33 - INFO - root - Image have been saved in /shenzihe/WD-Disk/output/exp2/colorful_sneaker/checkpoint-100/images/with_a_blue_house_in_the_background/
11/15/2024 06:34:46 - INFO - root - Image have been saved in /shenzihe/WD-Disk/output/exp2/colorful_sneaker/checkpoint-100/images/with_a_blue_house_in_the_background/
11/15/2024 06:34:59 - INFO - root - Image have been saved in /shenzihe/WD-Disk/output/exp2/colorful_sneaker/checkpoint-100/images/with_a_blue_house_in_the_background/
11/15/2024 06:35:22 - INFO - root - Image have been saved in /shenzihe/WD-Disk/output/exp2/colorful_sneaker/checkpoint-100/images/with_a_blue_house_in_the_background/
11/15/2024 06:35:22 - INFO - __main__ - Running validation... 
 Generating 4 images with prompt:on top of a purple rug in a forest.
11/15/2024 06:35:39 - INFO - root - Image have been saved in /shenzihe/WD-Disk/output/exp2/colorful_sneaker/checkpoint-100/images/on_top_of_a_purple_rug_in_a_forest/
11/15/2024 06:35:53 - INFO - root - Image have been saved in /shenzihe/WD-Disk/output/exp2/colorful_sneaker/checkpoint-100/images/on_top_of_a_purple_rug_in_a_forest/
11/15/2024 06:36:07 - INFO - root - Image have been saved in /shenzihe/WD-Disk/output/exp2/colorful_sneaker/checkpoint-100/images/on_top_of_a_purple_rug_in_a_forest/
11/15/2024 06:36:20 - INFO - root - Image have been saved in /shenzihe/WD-Disk/output/exp2/colorful_sneaker/checkpoint-100/images/on_top_of_a_purple_rug_in_a_forest/
11/15/2024 06:36:20 - INFO - __main__ - Running validation... 
 Generating 4 images with prompt:with a wheat field in the background.
11/15/2024 06:36:34 - INFO - root - Image have been saved in /shenzihe/WD-Disk/output/exp2/colorful_sneaker/checkpoint-100/images/with_a_wheat_field_in_the_background/
11/15/2024 06:36:47 - INFO - root - Image have been saved in /shenzihe/WD-Disk/output/exp2/colorful_sneaker/checkpoint-100/images/with_a_wheat_field_in_the_background/
11/15/2024 06:37:01 - INFO - root - Image have been saved in /shenzihe/WD-Disk/output/exp2/colorful_sneaker/checkpoint-100/images/with_a_wheat_field_in_the_background/
11/15/2024 06:37:24 - INFO - root - Image have been saved in /shenzihe/WD-Disk/output/exp2/colorful_sneaker/checkpoint-100/images/with_a_wheat_field_in_the_background/
11/15/2024 06:37:24 - INFO - __main__ - Running validation... 
 Generating 4 images with prompt:with a tree and autumn leaves in the background.
11/15/2024 06:37:37 - INFO - root - Image have been saved in /shenzihe/WD-Disk/output/exp2/colorful_sneaker/checkpoint-100/images/with_a_tree_and_autumn_leaves_in_the_background/
11/15/2024 06:37:51 - INFO - root - Image have been saved in /shenzihe/WD-Disk/output/exp2/colorful_sneaker/checkpoint-100/images/with_a_tree_and_autumn_leaves_in_the_background/
11/15/2024 06:38:04 - INFO - root - Image have been saved in /shenzihe/WD-Disk/output/exp2/colorful_sneaker/checkpoint-100/images/with_a_tree_and_autumn_leaves_in_the_background/
11/15/2024 06:38:17 - INFO - root - Image have been saved in /shenzihe/WD-Disk/output/exp2/colorful_sneaker/checkpoint-100/images/with_a_tree_and_autumn_leaves_in_the_background/
11/15/2024 06:38:17 - INFO - __main__ - Running validation... 
 Generating 4 images with prompt:with the Eiffel Tower in the background.
11/15/2024 06:38:31 - INFO - root - Image have been saved in /shenzihe/WD-Disk/output/exp2/colorful_sneaker/checkpoint-100/images/with_the_Eiffel_Tower_in_the_background/
11/15/2024 06:38:54 - INFO - root - Image have been saved in /shenzihe/WD-Disk/output/exp2/colorful_sneaker/checkpoint-100/images/with_the_Eiffel_Tower_in_the_background/
11/15/2024 06:39:09 - INFO - root - Image have been saved in /shenzihe/WD-Disk/output/exp2/colorful_sneaker/checkpoint-100/images/with_the_Eiffel_Tower_in_the_background/
11/15/2024 06:39:24 - INFO - root - Image have been saved in /shenzihe/WD-Disk/output/exp2/colorful_sneaker/checkpoint-100/images/with_the_Eiffel_Tower_in_the_background/
11/15/2024 06:39:24 - INFO - __main__ - Running validation... 
 Generating 4 images with prompt:floating on top of water.
11/15/2024 06:39:47 - INFO - root - Image have been saved in /shenzihe/WD-Disk/output/exp2/colorful_sneaker/checkpoint-100/images/floating_on_top_of_water/
11/15/2024 06:40:00 - INFO - root - Image have been saved in /shenzihe/WD-Disk/output/exp2/colorful_sneaker/checkpoint-100/images/floating_on_top_of_water/
11/15/2024 06:40:23 - INFO - root - Image have been saved in /shenzihe/WD-Disk/output/exp2/colorful_sneaker/checkpoint-100/images/floating_on_top_of_water/
11/15/2024 06:40:36 - INFO - root - Image have been saved in /shenzihe/WD-Disk/output/exp2/colorful_sneaker/checkpoint-100/images/floating_on_top_of_water/
11/15/2024 06:40:36 - INFO - __main__ - Running validation... 
 Generating 4 images with prompt:floating in an ocean of milk.
11/15/2024 06:40:50 - INFO - root - Image have been saved in /shenzihe/WD-Disk/output/exp2/colorful_sneaker/checkpoint-100/images/floating_in_an_ocean_of_milk/
11/15/2024 06:41:13 - INFO - root - Image have been saved in /shenzihe/WD-Disk/output/exp2/colorful_sneaker/checkpoint-100/images/floating_in_an_ocean_of_milk/
11/15/2024 06:41:26 - INFO - root - Image have been saved in /shenzihe/WD-Disk/output/exp2/colorful_sneaker/checkpoint-100/images/floating_in_an_ocean_of_milk/
11/15/2024 06:41:41 - INFO - root - Image have been saved in /shenzihe/WD-Disk/output/exp2/colorful_sneaker/checkpoint-100/images/floating_in_an_ocean_of_milk/
11/15/2024 06:41:41 - INFO - __main__ - Running validation... 
 Generating 4 images with prompt:on top of green grass with sunflowers around it.
11/15/2024 06:41:55 - INFO - root - Image have been saved in /shenzihe/WD-Disk/output/exp2/colorful_sneaker/checkpoint-100/images/on_top_of_green_grass_with_sunflowers_around_it/
11/15/2024 06:42:18 - INFO - root - Image have been saved in /shenzihe/WD-Disk/output/exp2/colorful_sneaker/checkpoint-100/images/on_top_of_green_grass_with_sunflowers_around_it/
11/15/2024 06:42:32 - INFO - root - Image have been saved in /shenzihe/WD-Disk/output/exp2/colorful_sneaker/checkpoint-100/images/on_top_of_green_grass_with_sunflowers_around_it/
11/15/2024 06:42:46 - INFO - root - Image have been saved in /shenzihe/WD-Disk/output/exp2/colorful_sneaker/checkpoint-100/images/on_top_of_green_grass_with_sunflowers_around_it/
11/15/2024 06:42:46 - INFO - __main__ - Running validation... 
 Generating 4 images with prompt:on top of a mirror.
11/15/2024 06:43:00 - INFO - root - Image have been saved in /shenzihe/WD-Disk/output/exp2/colorful_sneaker/checkpoint-100/images/on_top_of_a_mirror/
11/15/2024 06:43:14 - INFO - root - Image have been saved in /shenzihe/WD-Disk/output/exp2/colorful_sneaker/checkpoint-100/images/on_top_of_a_mirror/
11/15/2024 06:43:27 - INFO - root - Image have been saved in /shenzihe/WD-Disk/output/exp2/colorful_sneaker/checkpoint-100/images/on_top_of_a_mirror/
