11/14/2024 19:27:17 - INFO - __main__ - Distributed environment: NO
Num processes: 1
Process index: 0
Local process index: 0
Device: cuda

Mixed precision type: no

11/14/2024 19:27:19 - INFO - root - freeze vision encoder
11/14/2024 19:27:30 - INFO - root - Loading pretrained model from /root/.cache/torch/hub/checkpoints/blip-diffusion
11/14/2024 19:27:30 - INFO - root - Loading pretrained BLIP2 Qformer weights.
11/14/2024 19:27:32 - INFO - root - Loading pretrained projection lyer weights.
11/14/2024 19:27:32 - INFO - root - Loading pretrained text encoder weights.
11/14/2024 19:27:32 - INFO - root - Loading pretrained vae weights.
11/14/2024 19:27:33 - INFO - root - Loading pretrained unet weights.
11/14/2024 19:27:40 - INFO - root - Using xformers.
11/14/2024 19:27:40 - INFO - root - Building datasets...
11/14/2024 19:27:51 - INFO - root - freeze vision encoder
11/14/2024 19:28:16 - INFO - root - load checkpoint from https://storage.googleapis.com/sfr-vision-language-research/LAVIS/models/BLIP2/blip2_pretrained_flant5xl.pth
11/14/2024 19:28:17 - INFO - __main__ - 
***** Running training *****
11/14/2024 19:28:17 - INFO - __main__ -   Num examples = 4
11/14/2024 19:28:17 - INFO - __main__ -   Num batches each epoch = 2
11/14/2024 19:28:17 - INFO - __main__ -   Num Epochs = 50
11/14/2024 19:28:17 - INFO - __main__ -   Instantaneous batch size per device = 3
11/14/2024 19:28:17 - INFO - __main__ -   Total train batch size (w. parallel, distributed & accumulation) = 3
11/14/2024 19:28:17 - INFO - __main__ -   Gradient Accumulation steps = 1
11/14/2024 19:28:17 - INFO - __main__ -   Total optimization steps = 100
11/14/2024 19:32:59 - INFO - __main__ - Running validation... 
 Generating 4 images with prompt:in the jungle.
11/14/2024 19:33:13 - INFO - root - Image have been saved in /shenzihe/WD-Disk/output/exp/red_cartoon/checkpoint-100/images/in_the_jungle/
11/14/2024 19:33:27 - INFO - root - Image have been saved in /shenzihe/WD-Disk/output/exp/red_cartoon/checkpoint-100/images/in_the_jungle/
11/14/2024 19:33:41 - INFO - root - Image have been saved in /shenzihe/WD-Disk/output/exp/red_cartoon/checkpoint-100/images/in_the_jungle/
11/14/2024 19:33:54 - INFO - root - Image have been saved in /shenzihe/WD-Disk/output/exp/red_cartoon/checkpoint-100/images/in_the_jungle/
11/14/2024 19:33:54 - INFO - __main__ - Running validation... 
 Generating 4 images with prompt:in the snow.
11/14/2024 19:34:08 - INFO - root - Image have been saved in /shenzihe/WD-Disk/output/exp/red_cartoon/checkpoint-100/images/in_the_snow/
11/14/2024 19:34:21 - INFO - root - Image have been saved in /shenzihe/WD-Disk/output/exp/red_cartoon/checkpoint-100/images/in_the_snow/
11/14/2024 19:34:34 - INFO - root - Image have been saved in /shenzihe/WD-Disk/output/exp/red_cartoon/checkpoint-100/images/in_the_snow/
11/14/2024 19:34:48 - INFO - root - Image have been saved in /shenzihe/WD-Disk/output/exp/red_cartoon/checkpoint-100/images/in_the_snow/
11/14/2024 19:34:48 - INFO - __main__ - Running validation... 
 Generating 4 images with prompt:on the beach.
11/14/2024 19:35:01 - INFO - root - Image have been saved in /shenzihe/WD-Disk/output/exp/red_cartoon/checkpoint-100/images/on_the_beach/
11/14/2024 19:35:14 - INFO - root - Image have been saved in /shenzihe/WD-Disk/output/exp/red_cartoon/checkpoint-100/images/on_the_beach/
11/14/2024 19:35:28 - INFO - root - Image have been saved in /shenzihe/WD-Disk/output/exp/red_cartoon/checkpoint-100/images/on_the_beach/
11/14/2024 19:35:41 - INFO - root - Image have been saved in /shenzihe/WD-Disk/output/exp/red_cartoon/checkpoint-100/images/on_the_beach/
11/14/2024 19:35:41 - INFO - __main__ - Running validation... 
 Generating 4 images with prompt:on a cobblestone street.
11/14/2024 19:35:54 - INFO - root - Image have been saved in /shenzihe/WD-Disk/output/exp/red_cartoon/checkpoint-100/images/on_a_cobblestone_street/
11/14/2024 19:36:08 - INFO - root - Image have been saved in /shenzihe/WD-Disk/output/exp/red_cartoon/checkpoint-100/images/on_a_cobblestone_street/
11/14/2024 19:36:21 - INFO - root - Image have been saved in /shenzihe/WD-Disk/output/exp/red_cartoon/checkpoint-100/images/on_a_cobblestone_street/
11/14/2024 19:36:34 - INFO - root - Image have been saved in /shenzihe/WD-Disk/output/exp/red_cartoon/checkpoint-100/images/on_a_cobblestone_street/
11/14/2024 19:36:34 - INFO - __main__ - Running validation... 
 Generating 4 images with prompt:on top of pink fabric.
11/14/2024 19:36:48 - INFO - root - Image have been saved in /shenzihe/WD-Disk/output/exp/red_cartoon/checkpoint-100/images/on_top_of_pink_fabric/
11/14/2024 19:37:01 - INFO - root - Image have been saved in /shenzihe/WD-Disk/output/exp/red_cartoon/checkpoint-100/images/on_top_of_pink_fabric/
11/14/2024 19:37:14 - INFO - root - Image have been saved in /shenzihe/WD-Disk/output/exp/red_cartoon/checkpoint-100/images/on_top_of_pink_fabric/
11/14/2024 19:37:28 - INFO - root - Image have been saved in /shenzihe/WD-Disk/output/exp/red_cartoon/checkpoint-100/images/on_top_of_pink_fabric/
11/14/2024 19:37:28 - INFO - __main__ - Running validation... 
 Generating 4 images with prompt:on top of a wooden floor.
11/14/2024 19:37:41 - INFO - root - Image have been saved in /shenzihe/WD-Disk/output/exp/red_cartoon/checkpoint-100/images/on_top_of_a_wooden_floor/
11/14/2024 19:37:54 - INFO - root - Image have been saved in /shenzihe/WD-Disk/output/exp/red_cartoon/checkpoint-100/images/on_top_of_a_wooden_floor/
11/14/2024 19:38:08 - INFO - root - Image have been saved in /shenzihe/WD-Disk/output/exp/red_cartoon/checkpoint-100/images/on_top_of_a_wooden_floor/
11/14/2024 19:38:21 - INFO - root - Image have been saved in /shenzihe/WD-Disk/output/exp/red_cartoon/checkpoint-100/images/on_top_of_a_wooden_floor/
11/14/2024 19:38:21 - INFO - __main__ - Running validation... 
 Generating 4 images with prompt:with a city in the background.
11/14/2024 19:38:34 - INFO - root - Image have been saved in /shenzihe/WD-Disk/output/exp/red_cartoon/checkpoint-100/images/with_a_city_in_the_background/
11/14/2024 19:38:48 - INFO - root - Image have been saved in /shenzihe/WD-Disk/output/exp/red_cartoon/checkpoint-100/images/with_a_city_in_the_background/
11/14/2024 19:39:01 - INFO - root - Image have been saved in /shenzihe/WD-Disk/output/exp/red_cartoon/checkpoint-100/images/with_a_city_in_the_background/
11/14/2024 19:39:14 - INFO - root - Image have been saved in /shenzihe/WD-Disk/output/exp/red_cartoon/checkpoint-100/images/with_a_city_in_the_background/
11/14/2024 19:39:14 - INFO - __main__ - Running validation... 
 Generating 4 images with prompt:with a mountain in the background.
11/14/2024 19:39:28 - INFO - root - Image have been saved in /shenzihe/WD-Disk/output/exp/red_cartoon/checkpoint-100/images/with_a_mountain_in_the_background/
11/14/2024 19:39:41 - INFO - root - Image have been saved in /shenzihe/WD-Disk/output/exp/red_cartoon/checkpoint-100/images/with_a_mountain_in_the_background/
11/14/2024 19:39:54 - INFO - root - Image have been saved in /shenzihe/WD-Disk/output/exp/red_cartoon/checkpoint-100/images/with_a_mountain_in_the_background/
11/14/2024 19:40:08 - INFO - root - Image have been saved in /shenzihe/WD-Disk/output/exp/red_cartoon/checkpoint-100/images/with_a_mountain_in_the_background/
11/14/2024 19:40:08 - INFO - __main__ - Running validation... 
 Generating 4 images with prompt:with a blue house in the background.
11/14/2024 19:40:21 - INFO - root - Image have been saved in /shenzihe/WD-Disk/output/exp/red_cartoon/checkpoint-100/images/with_a_blue_house_in_the_background/
11/14/2024 19:40:34 - INFO - root - Image have been saved in /shenzihe/WD-Disk/output/exp/red_cartoon/checkpoint-100/images/with_a_blue_house_in_the_background/
11/14/2024 19:40:48 - INFO - root - Image have been saved in /shenzihe/WD-Disk/output/exp/red_cartoon/checkpoint-100/images/with_a_blue_house_in_the_background/
11/14/2024 19:41:01 - INFO - root - Image have been saved in /shenzihe/WD-Disk/output/exp/red_cartoon/checkpoint-100/images/with_a_blue_house_in_the_background/
11/14/2024 19:41:01 - INFO - __main__ - Running validation... 
 Generating 4 images with prompt:on top of a purple rug in a forest.
11/14/2024 19:41:14 - INFO - root - Image have been saved in /shenzihe/WD-Disk/output/exp/red_cartoon/checkpoint-100/images/on_top_of_a_purple_rug_in_a_forest/
11/14/2024 19:41:28 - INFO - root - Image have been saved in /shenzihe/WD-Disk/output/exp/red_cartoon/checkpoint-100/images/on_top_of_a_purple_rug_in_a_forest/
11/14/2024 19:41:41 - INFO - root - Image have been saved in /shenzihe/WD-Disk/output/exp/red_cartoon/checkpoint-100/images/on_top_of_a_purple_rug_in_a_forest/
11/14/2024 19:41:54 - INFO - root - Image have been saved in /shenzihe/WD-Disk/output/exp/red_cartoon/checkpoint-100/images/on_top_of_a_purple_rug_in_a_forest/
11/14/2024 19:41:54 - INFO - __main__ - Running validation... 
 Generating 4 images with prompt:with a wheat field in the background.
11/14/2024 19:42:08 - INFO - root - Image have been saved in /shenzihe/WD-Disk/output/exp/red_cartoon/checkpoint-100/images/with_a_wheat_field_in_the_background/
11/14/2024 19:42:21 - INFO - root - Image have been saved in /shenzihe/WD-Disk/output/exp/red_cartoon/checkpoint-100/images/with_a_wheat_field_in_the_background/
11/14/2024 19:42:34 - INFO - root - Image have been saved in /shenzihe/WD-Disk/output/exp/red_cartoon/checkpoint-100/images/with_a_wheat_field_in_the_background/
11/14/2024 19:42:48 - INFO - root - Image have been saved in /shenzihe/WD-Disk/output/exp/red_cartoon/checkpoint-100/images/with_a_wheat_field_in_the_background/
11/14/2024 19:42:48 - INFO - __main__ - Running validation... 
 Generating 4 images with prompt:with a tree and autumn leaves in the background.
11/14/2024 19:43:01 - INFO - root - Image have been saved in /shenzihe/WD-Disk/output/exp/red_cartoon/checkpoint-100/images/with_a_tree_and_autumn_leaves_in_the_background/
11/14/2024 19:43:14 - INFO - root - Image have been saved in /shenzihe/WD-Disk/output/exp/red_cartoon/checkpoint-100/images/with_a_tree_and_autumn_leaves_in_the_background/
11/14/2024 19:43:28 - INFO - root - Image have been saved in /shenzihe/WD-Disk/output/exp/red_cartoon/checkpoint-100/images/with_a_tree_and_autumn_leaves_in_the_background/
11/14/2024 19:43:41 - INFO - root - Image have been saved in /shenzihe/WD-Disk/output/exp/red_cartoon/checkpoint-100/images/with_a_tree_and_autumn_leaves_in_the_background/
11/14/2024 19:43:41 - INFO - __main__ - Running validation... 
 Generating 4 images with prompt:with the Eiffel Tower in the background.
11/14/2024 19:43:54 - INFO - root - Image have been saved in /shenzihe/WD-Disk/output/exp/red_cartoon/checkpoint-100/images/with_the_Eiffel_Tower_in_the_background/
11/14/2024 19:44:08 - INFO - root - Image have been saved in /shenzihe/WD-Disk/output/exp/red_cartoon/checkpoint-100/images/with_the_Eiffel_Tower_in_the_background/
11/14/2024 19:44:21 - INFO - root - Image have been saved in /shenzihe/WD-Disk/output/exp/red_cartoon/checkpoint-100/images/with_the_Eiffel_Tower_in_the_background/
11/14/2024 19:44:34 - INFO - root - Image have been saved in /shenzihe/WD-Disk/output/exp/red_cartoon/checkpoint-100/images/with_the_Eiffel_Tower_in_the_background/
11/14/2024 19:44:34 - INFO - __main__ - Running validation... 
 Generating 4 images with prompt:floating on top of water.
11/14/2024 19:44:48 - INFO - root - Image have been saved in /shenzihe/WD-Disk/output/exp/red_cartoon/checkpoint-100/images/floating_on_top_of_water/
11/14/2024 19:45:01 - INFO - root - Image have been saved in /shenzihe/WD-Disk/output/exp/red_cartoon/checkpoint-100/images/floating_on_top_of_water/
11/14/2024 19:45:14 - INFO - root - Image have been saved in /shenzihe/WD-Disk/output/exp/red_cartoon/checkpoint-100/images/floating_on_top_of_water/
11/14/2024 19:45:28 - INFO - root - Image have been saved in /shenzihe/WD-Disk/output/exp/red_cartoon/checkpoint-100/images/floating_on_top_of_water/
11/14/2024 19:45:28 - INFO - __main__ - Running validation... 
 Generating 4 images with prompt:floating in an ocean of milk.
11/14/2024 19:45:41 - INFO - root - Image have been saved in /shenzihe/WD-Disk/output/exp/red_cartoon/checkpoint-100/images/floating_in_an_ocean_of_milk/
11/14/2024 19:45:54 - INFO - root - Image have been saved in /shenzihe/WD-Disk/output/exp/red_cartoon/checkpoint-100/images/floating_in_an_ocean_of_milk/
11/14/2024 19:46:08 - INFO - root - Image have been saved in /shenzihe/WD-Disk/output/exp/red_cartoon/checkpoint-100/images/floating_in_an_ocean_of_milk/
11/14/2024 19:46:21 - INFO - root - Image have been saved in /shenzihe/WD-Disk/output/exp/red_cartoon/checkpoint-100/images/floating_in_an_ocean_of_milk/
11/14/2024 19:46:21 - INFO - __main__ - Running validation... 
 Generating 4 images with prompt:on top of green grass with sunflowers around it.
11/14/2024 19:46:35 - INFO - root - Image have been saved in /shenzihe/WD-Disk/output/exp/red_cartoon/checkpoint-100/images/on_top_of_green_grass_with_sunflowers_around_it/
11/14/2024 19:46:48 - INFO - root - Image have been saved in /shenzihe/WD-Disk/output/exp/red_cartoon/checkpoint-100/images/on_top_of_green_grass_with_sunflowers_around_it/
11/14/2024 19:47:01 - INFO - root - Image have been saved in /shenzihe/WD-Disk/output/exp/red_cartoon/checkpoint-100/images/on_top_of_green_grass_with_sunflowers_around_it/
11/14/2024 19:47:15 - INFO - root - Image have been saved in /shenzihe/WD-Disk/output/exp/red_cartoon/checkpoint-100/images/on_top_of_green_grass_with_sunflowers_around_it/
11/14/2024 19:47:15 - INFO - __main__ - Running validation... 
 Generating 4 images with prompt:on top of a mirror.
11/14/2024 19:47:28 - INFO - root - Image have been saved in /shenzihe/WD-Disk/output/exp/red_cartoon/checkpoint-100/images/on_top_of_a_mirror/
11/14/2024 19:47:41 - INFO - root - Image have been saved in /shenzihe/WD-Disk/output/exp/red_cartoon/checkpoint-100/images/on_top_of_a_mirror/
11/14/2024 19:47:55 - INFO - root - Image have been saved in /shenzihe/WD-Disk/output/exp/red_cartoon/checkpoint-100/images/on_top_of_a_mirror/
11/14/2024 19:48:08 - INFO - root - Image have been saved in /shenzihe/WD-Disk/output/exp/red_cartoon/checkpoint-100/images/on_top_of_a_mirror/
11/14/2024 19:48:08 - INFO - __main__ - Running validation... 
 Generating 4 images with prompt:on top of the sidewalk in a crowded street.
11/14/2024 19:48:21 - INFO - root - Image have been saved in /shenzihe/WD-Disk/output/exp/red_cartoon/checkpoint-100/images/on_top_of_the_sidewalk_in_a_crowded_street/
11/14/2024 19:48:35 - INFO - root - Image have been saved in /shenzihe/WD-Disk/output/exp/red_cartoon/checkpoint-100/images/on_top_of_the_sidewalk_in_a_crowded_street/
11/14/2024 19:48:48 - INFO - root - Image have been saved in /shenzihe/WD-Disk/output/exp/red_cartoon/checkpoint-100/images/on_top_of_the_sidewalk_in_a_crowded_street/
11/14/2024 19:49:01 - INFO - root - Image have been saved in /shenzihe/WD-Disk/output/exp/red_cartoon/checkpoint-100/images/on_top_of_the_sidewalk_in_a_crowded_street/
11/14/2024 19:49:01 - INFO - __main__ - Running validation... 
 Generating 4 images with prompt:on top of a dirt road.
11/14/2024 19:49:15 - INFO - root - Image have been saved in /shenzihe/WD-Disk/output/exp/red_cartoon/checkpoint-100/images/on_top_of_a_dirt_road/
11/14/2024 19:49:28 - INFO - root - Image have been saved in /shenzihe/WD-Disk/output/exp/red_cartoon/checkpoint-100/images/on_top_of_a_dirt_road/
11/14/2024 19:49:41 - INFO - root - Image have been saved in /shenzihe/WD-Disk/output/exp/red_cartoon/checkpoint-100/images/on_top_of_a_dirt_road/
11/14/2024 19:49:55 - INFO - root - Image have been saved in /shenzihe/WD-Disk/output/exp/red_cartoon/checkpoint-100/images/on_top_of_a_dirt_road/
11/14/2024 19:49:55 - INFO - __main__ - Running validation... 
 Generating 4 images with prompt:on top of a white rug.
11/14/2024 19:50:08 - INFO - root - Image have been saved in /shenzihe/WD-Disk/output/exp/red_cartoon/checkpoint-100/images/on_top_of_a_white_rug/
11/14/2024 19:50:21 - INFO - root - Image have been saved in /shenzihe/WD-Disk/output/exp/red_cartoon/checkpoint-100/images/on_top_of_a_white_rug/
11/14/2024 19:50:35 - INFO - root - Image have been saved in /shenzihe/WD-Disk/output/exp/red_cartoon/checkpoint-100/images/on_top_of_a_white_rug/
11/14/2024 19:50:48 - INFO - root - Image have been saved in /shenzihe/WD-Disk/output/exp/red_cartoon/checkpoint-100/images/on_top_of_a_white_rug/
11/14/2024 19:50:48 - INFO - __main__ - Running validation... 
 Generating 4 images with prompt:red.
11/14/2024 19:51:01 - INFO - root - Image have been saved in /shenzihe/WD-Disk/output/exp/red_cartoon/checkpoint-100/images/red/
11/14/2024 19:51:14 - INFO - root - Image have been saved in /shenzihe/WD-Disk/output/exp/red_cartoon/checkpoint-100/images/red/
11/14/2024 19:51:28 - INFO - root - Image have been saved in /shenzihe/WD-Disk/output/exp/red_cartoon/checkpoint-100/images/red/
11/14/2024 19:51:41 - INFO - root - Image have been saved in /shenzihe/WD-Disk/output/exp/red_cartoon/checkpoint-100/images/red/
11/14/2024 19:51:41 - INFO - __main__ - Running validation... 
 Generating 4 images with prompt:purple.
11/14/2024 19:51:54 - INFO - root - Image have been saved in /shenzihe/WD-Disk/output/exp/red_cartoon/checkpoint-100/images/purple/
11/14/2024 19:52:08 - INFO - root - Image have been saved in /shenzihe/WD-Disk/output/exp/red_cartoon/checkpoint-100/images/purple/
11/14/2024 19:52:21 - INFO - root - Image have been saved in /shenzihe/WD-Disk/output/exp/red_cartoon/checkpoint-100/images/purple/
11/14/2024 19:52:35 - INFO - root - Image have been saved in /shenzihe/WD-Disk/output/exp/red_cartoon/checkpoint-100/images/purple/
11/14/2024 19:52:35 - INFO - __main__ - Running validation... 
 Generating 4 images with prompt:shiny.
11/14/2024 19:52:48 - INFO - root - Image have been saved in /shenzihe/WD-Disk/output/exp/red_cartoon/checkpoint-100/images/shiny/
11/14/2024 19:53:01 - INFO - root - Image have been saved in /shenzihe/WD-Disk/output/exp/red_cartoon/checkpoint-100/images/shiny/
11/14/2024 19:53:15 - INFO - root - Image have been saved in /shenzihe/WD-Disk/output/exp/red_cartoon/checkpoint-100/images/shiny/
11/14/2024 19:53:28 - INFO - root - Image have been saved in /shenzihe/WD-Disk/output/exp/red_cartoon/checkpoint-100/images/shiny/
11/14/2024 19:53:28 - INFO - __main__ - Running validation... 
 Generating 4 images with prompt:wet.
11/14/2024 19:53:41 - INFO - root - Image have been saved in /shenzihe/WD-Disk/output/exp/red_cartoon/checkpoint-100/images/wet/
11/14/2024 19:53:55 - INFO - root - Image have been saved in /shenzihe/WD-Disk/output/exp/red_cartoon/checkpoint-100/images/wet/
11/14/2024 19:54:08 - INFO - root - Image have been saved in /shenzihe/WD-Disk/output/exp/red_cartoon/checkpoint-100/images/wet/
11/14/2024 19:54:21 - INFO - root - Image have been saved in /shenzihe/WD-Disk/output/exp/red_cartoon/checkpoint-100/images/wet/
11/14/2024 19:54:21 - INFO - __main__ - Running validation... 
 Generating 4 images with prompt:cube shaped.
11/14/2024 19:54:35 - INFO - root - Image have been saved in /shenzihe/WD-Disk/output/exp/red_cartoon/checkpoint-100/images/cube_shaped/
11/14/2024 19:54:48 - INFO - root - Image have been saved in /shenzihe/WD-Disk/output/exp/red_cartoon/checkpoint-100/images/cube_shaped/
11/14/2024 19:55:01 - INFO - root - Image have been saved in /shenzihe/WD-Disk/output/exp/red_cartoon/checkpoint-100/images/cube_shaped/
11/14/2024 19:55:15 - INFO - root - Image have been saved in /shenzihe/WD-Disk/output/exp/red_cartoon/checkpoint-100/images/cube_shaped/
