11/15/2024 11:54:19 - INFO - __main__ - Distributed environment: NO
Num processes: 1
Process index: 0
Local process index: 0
Device: cuda

Mixed precision type: no

11/15/2024 11:54:22 - INFO - root - freeze vision encoder
11/15/2024 11:54:33 - INFO - root - Loading pretrained model from /root/.cache/torch/hub/checkpoints/blip-diffusion
11/15/2024 11:54:33 - INFO - root - Loading pretrained BLIP2 Qformer weights.
11/15/2024 11:54:35 - INFO - root - Loading pretrained projection lyer weights.
11/15/2024 11:54:35 - INFO - root - Loading pretrained text encoder weights.
11/15/2024 11:54:35 - INFO - root - Loading pretrained vae weights.
11/15/2024 11:54:36 - INFO - root - Loading pretrained unet weights.
11/15/2024 11:54:43 - INFO - root - Using xformers.
11/15/2024 11:54:43 - INFO - root - Building datasets...
11/15/2024 11:54:53 - INFO - root - freeze vision encoder
11/15/2024 11:55:22 - INFO - root - load checkpoint from https://storage.googleapis.com/sfr-vision-language-research/LAVIS/models/BLIP2/blip2_pretrained_flant5xl.pth
11/15/2024 11:55:23 - INFO - __main__ - 
***** Running training *****
11/15/2024 11:55:23 - INFO - __main__ -   Num examples = 5
11/15/2024 11:55:23 - INFO - __main__ -   Num batches each epoch = 2
11/15/2024 11:55:23 - INFO - __main__ -   Num Epochs = 50
11/15/2024 11:55:23 - INFO - __main__ -   Instantaneous batch size per device = 3
11/15/2024 11:55:23 - INFO - __main__ -   Total train batch size (w. parallel, distributed & accumulation) = 3
11/15/2024 11:55:23 - INFO - __main__ -   Gradient Accumulation steps = 1
11/15/2024 11:55:23 - INFO - __main__ -   Total optimization steps = 100
11/15/2024 12:00:10 - INFO - __main__ - Running validation... 
 Generating 4 images with prompt:in the jungle.
11/15/2024 12:00:25 - INFO - root - Image have been saved in /shenzihe/WD-Disk/output/exp2/grey_sloth_plushie/checkpoint-100/images/in_the_jungle/
11/15/2024 12:00:39 - INFO - root - Image have been saved in /shenzihe/WD-Disk/output/exp2/grey_sloth_plushie/checkpoint-100/images/in_the_jungle/
11/15/2024 12:00:53 - INFO - root - Image have been saved in /shenzihe/WD-Disk/output/exp2/grey_sloth_plushie/checkpoint-100/images/in_the_jungle/
11/15/2024 12:01:07 - INFO - root - Image have been saved in /shenzihe/WD-Disk/output/exp2/grey_sloth_plushie/checkpoint-100/images/in_the_jungle/
11/15/2024 12:01:07 - INFO - __main__ - Running validation... 
 Generating 4 images with prompt:in the snow.
11/15/2024 12:01:21 - INFO - root - Image have been saved in /shenzihe/WD-Disk/output/exp2/grey_sloth_plushie/checkpoint-100/images/in_the_snow/
11/15/2024 12:01:35 - INFO - root - Image have been saved in /shenzihe/WD-Disk/output/exp2/grey_sloth_plushie/checkpoint-100/images/in_the_snow/
11/15/2024 12:01:48 - INFO - root - Image have been saved in /shenzihe/WD-Disk/output/exp2/grey_sloth_plushie/checkpoint-100/images/in_the_snow/
11/15/2024 12:02:02 - INFO - root - Image have been saved in /shenzihe/WD-Disk/output/exp2/grey_sloth_plushie/checkpoint-100/images/in_the_snow/
11/15/2024 12:02:02 - INFO - __main__ - Running validation... 
 Generating 4 images with prompt:on the beach.
11/15/2024 12:02:16 - INFO - root - Image have been saved in /shenzihe/WD-Disk/output/exp2/grey_sloth_plushie/checkpoint-100/images/on_the_beach/
11/15/2024 12:02:30 - INFO - root - Image have been saved in /shenzihe/WD-Disk/output/exp2/grey_sloth_plushie/checkpoint-100/images/on_the_beach/
11/15/2024 12:02:44 - INFO - root - Image have been saved in /shenzihe/WD-Disk/output/exp2/grey_sloth_plushie/checkpoint-100/images/on_the_beach/
11/15/2024 12:02:58 - INFO - root - Image have been saved in /shenzihe/WD-Disk/output/exp2/grey_sloth_plushie/checkpoint-100/images/on_the_beach/
11/15/2024 12:02:58 - INFO - __main__ - Running validation... 
 Generating 4 images with prompt:on a cobblestone street.
11/15/2024 12:03:12 - INFO - root - Image have been saved in /shenzihe/WD-Disk/output/exp2/grey_sloth_plushie/checkpoint-100/images/on_a_cobblestone_street/
11/15/2024 12:03:26 - INFO - root - Image have been saved in /shenzihe/WD-Disk/output/exp2/grey_sloth_plushie/checkpoint-100/images/on_a_cobblestone_street/
11/15/2024 12:03:40 - INFO - root - Image have been saved in /shenzihe/WD-Disk/output/exp2/grey_sloth_plushie/checkpoint-100/images/on_a_cobblestone_street/
11/15/2024 12:03:54 - INFO - root - Image have been saved in /shenzihe/WD-Disk/output/exp2/grey_sloth_plushie/checkpoint-100/images/on_a_cobblestone_street/
11/15/2024 12:03:54 - INFO - __main__ - Running validation... 
 Generating 4 images with prompt:on top of pink fabric.
11/15/2024 12:04:07 - INFO - root - Image have been saved in /shenzihe/WD-Disk/output/exp2/grey_sloth_plushie/checkpoint-100/images/on_top_of_pink_fabric/
11/15/2024 12:04:21 - INFO - root - Image have been saved in /shenzihe/WD-Disk/output/exp2/grey_sloth_plushie/checkpoint-100/images/on_top_of_pink_fabric/
11/15/2024 12:04:35 - INFO - root - Image have been saved in /shenzihe/WD-Disk/output/exp2/grey_sloth_plushie/checkpoint-100/images/on_top_of_pink_fabric/
11/15/2024 12:04:49 - INFO - root - Image have been saved in /shenzihe/WD-Disk/output/exp2/grey_sloth_plushie/checkpoint-100/images/on_top_of_pink_fabric/
11/15/2024 12:04:49 - INFO - __main__ - Running validation... 
 Generating 4 images with prompt:on top of a wooden floor.
11/15/2024 12:05:03 - INFO - root - Image have been saved in /shenzihe/WD-Disk/output/exp2/grey_sloth_plushie/checkpoint-100/images/on_top_of_a_wooden_floor/
11/15/2024 12:05:17 - INFO - root - Image have been saved in /shenzihe/WD-Disk/output/exp2/grey_sloth_plushie/checkpoint-100/images/on_top_of_a_wooden_floor/
11/15/2024 12:05:30 - INFO - root - Image have been saved in /shenzihe/WD-Disk/output/exp2/grey_sloth_plushie/checkpoint-100/images/on_top_of_a_wooden_floor/
11/15/2024 12:05:44 - INFO - root - Image have been saved in /shenzihe/WD-Disk/output/exp2/grey_sloth_plushie/checkpoint-100/images/on_top_of_a_wooden_floor/
11/15/2024 12:05:44 - INFO - __main__ - Running validation... 
 Generating 4 images with prompt:with a city in the background.
11/15/2024 12:05:58 - INFO - root - Image have been saved in /shenzihe/WD-Disk/output/exp2/grey_sloth_plushie/checkpoint-100/images/with_a_city_in_the_background/
11/15/2024 12:06:12 - INFO - root - Image have been saved in /shenzihe/WD-Disk/output/exp2/grey_sloth_plushie/checkpoint-100/images/with_a_city_in_the_background/
11/15/2024 12:06:26 - INFO - root - Image have been saved in /shenzihe/WD-Disk/output/exp2/grey_sloth_plushie/checkpoint-100/images/with_a_city_in_the_background/
11/15/2024 12:06:39 - INFO - root - Image have been saved in /shenzihe/WD-Disk/output/exp2/grey_sloth_plushie/checkpoint-100/images/with_a_city_in_the_background/
11/15/2024 12:06:39 - INFO - __main__ - Running validation... 
 Generating 4 images with prompt:with a mountain in the background.
11/15/2024 12:06:53 - INFO - root - Image have been saved in /shenzihe/WD-Disk/output/exp2/grey_sloth_plushie/checkpoint-100/images/with_a_mountain_in_the_background/
11/15/2024 12:07:07 - INFO - root - Image have been saved in /shenzihe/WD-Disk/output/exp2/grey_sloth_plushie/checkpoint-100/images/with_a_mountain_in_the_background/
11/15/2024 12:07:21 - INFO - root - Image have been saved in /shenzihe/WD-Disk/output/exp2/grey_sloth_plushie/checkpoint-100/images/with_a_mountain_in_the_background/
11/15/2024 12:07:34 - INFO - root - Image have been saved in /shenzihe/WD-Disk/output/exp2/grey_sloth_plushie/checkpoint-100/images/with_a_mountain_in_the_background/
11/15/2024 12:07:34 - INFO - __main__ - Running validation... 
 Generating 4 images with prompt:with a blue house in the background.
11/15/2024 12:07:48 - INFO - root - Image have been saved in /shenzihe/WD-Disk/output/exp2/grey_sloth_plushie/checkpoint-100/images/with_a_blue_house_in_the_background/
11/15/2024 12:08:02 - INFO - root - Image have been saved in /shenzihe/WD-Disk/output/exp2/grey_sloth_plushie/checkpoint-100/images/with_a_blue_house_in_the_background/
11/15/2024 12:08:16 - INFO - root - Image have been saved in /shenzihe/WD-Disk/output/exp2/grey_sloth_plushie/checkpoint-100/images/with_a_blue_house_in_the_background/
11/15/2024 12:08:30 - INFO - root - Image have been saved in /shenzihe/WD-Disk/output/exp2/grey_sloth_plushie/checkpoint-100/images/with_a_blue_house_in_the_background/
11/15/2024 12:08:30 - INFO - __main__ - Running validation... 
 Generating 4 images with prompt:on top of a purple rug in a forest.
11/15/2024 12:08:44 - INFO - root - Image have been saved in /shenzihe/WD-Disk/output/exp2/grey_sloth_plushie/checkpoint-100/images/on_top_of_a_purple_rug_in_a_forest/
11/15/2024 12:08:58 - INFO - root - Image have been saved in /shenzihe/WD-Disk/output/exp2/grey_sloth_plushie/checkpoint-100/images/on_top_of_a_purple_rug_in_a_forest/
11/15/2024 12:09:11 - INFO - root - Image have been saved in /shenzihe/WD-Disk/output/exp2/grey_sloth_plushie/checkpoint-100/images/on_top_of_a_purple_rug_in_a_forest/
11/15/2024 12:09:25 - INFO - root - Image have been saved in /shenzihe/WD-Disk/output/exp2/grey_sloth_plushie/checkpoint-100/images/on_top_of_a_purple_rug_in_a_forest/
11/15/2024 12:09:25 - INFO - __main__ - Running validation... 
 Generating 4 images with prompt:with a wheat field in the background.
11/15/2024 12:09:39 - INFO - root - Image have been saved in /shenzihe/WD-Disk/output/exp2/grey_sloth_plushie/checkpoint-100/images/with_a_wheat_field_in_the_background/
11/15/2024 12:09:53 - INFO - root - Image have been saved in /shenzihe/WD-Disk/output/exp2/grey_sloth_plushie/checkpoint-100/images/with_a_wheat_field_in_the_background/
11/15/2024 12:10:07 - INFO - root - Image have been saved in /shenzihe/WD-Disk/output/exp2/grey_sloth_plushie/checkpoint-100/images/with_a_wheat_field_in_the_background/
11/15/2024 12:10:21 - INFO - root - Image have been saved in /shenzihe/WD-Disk/output/exp2/grey_sloth_plushie/checkpoint-100/images/with_a_wheat_field_in_the_background/
11/15/2024 12:10:21 - INFO - __main__ - Running validation... 
 Generating 4 images with prompt:with a tree and autumn leaves in the background.
11/15/2024 12:10:34 - INFO - root - Image have been saved in /shenzihe/WD-Disk/output/exp2/grey_sloth_plushie/checkpoint-100/images/with_a_tree_and_autumn_leaves_in_the_background/
11/15/2024 12:10:48 - INFO - root - Image have been saved in /shenzihe/WD-Disk/output/exp2/grey_sloth_plushie/checkpoint-100/images/with_a_tree_and_autumn_leaves_in_the_background/
11/15/2024 12:11:02 - INFO - root - Image have been saved in /shenzihe/WD-Disk/output/exp2/grey_sloth_plushie/checkpoint-100/images/with_a_tree_and_autumn_leaves_in_the_background/
11/15/2024 12:11:16 - INFO - root - Image have been saved in /shenzihe/WD-Disk/output/exp2/grey_sloth_plushie/checkpoint-100/images/with_a_tree_and_autumn_leaves_in_the_background/
11/15/2024 12:11:16 - INFO - __main__ - Running validation... 
 Generating 4 images with prompt:with the Eiffel Tower in the background.
11/15/2024 12:11:30 - INFO - root - Image have been saved in /shenzihe/WD-Disk/output/exp2/grey_sloth_plushie/checkpoint-100/images/with_the_Eiffel_Tower_in_the_background/
11/15/2024 12:11:43 - INFO - root - Image have been saved in /shenzihe/WD-Disk/output/exp2/grey_sloth_plushie/checkpoint-100/images/with_the_Eiffel_Tower_in_the_background/
11/15/2024 12:11:57 - INFO - root - Image have been saved in /shenzihe/WD-Disk/output/exp2/grey_sloth_plushie/checkpoint-100/images/with_the_Eiffel_Tower_in_the_background/
11/15/2024 12:12:11 - INFO - root - Image have been saved in /shenzihe/WD-Disk/output/exp2/grey_sloth_plushie/checkpoint-100/images/with_the_Eiffel_Tower_in_the_background/
11/15/2024 12:12:11 - INFO - __main__ - Running validation... 
 Generating 4 images with prompt:floating on top of water.
11/15/2024 12:12:25 - INFO - root - Image have been saved in /shenzihe/WD-Disk/output/exp2/grey_sloth_plushie/checkpoint-100/images/floating_on_top_of_water/
11/15/2024 12:12:39 - INFO - root - Image have been saved in /shenzihe/WD-Disk/output/exp2/grey_sloth_plushie/checkpoint-100/images/floating_on_top_of_water/
11/15/2024 12:12:53 - INFO - root - Image have been saved in /shenzihe/WD-Disk/output/exp2/grey_sloth_plushie/checkpoint-100/images/floating_on_top_of_water/
11/15/2024 12:13:07 - INFO - root - Image have been saved in /shenzihe/WD-Disk/output/exp2/grey_sloth_plushie/checkpoint-100/images/floating_on_top_of_water/
11/15/2024 12:13:07 - INFO - __main__ - Running validation... 
 Generating 4 images with prompt:floating in an ocean of milk.
11/15/2024 12:13:20 - INFO - root - Image have been saved in /shenzihe/WD-Disk/output/exp2/grey_sloth_plushie/checkpoint-100/images/floating_in_an_ocean_of_milk/
11/15/2024 12:13:34 - INFO - root - Image have been saved in /shenzihe/WD-Disk/output/exp2/grey_sloth_plushie/checkpoint-100/images/floating_in_an_ocean_of_milk/
11/15/2024 12:13:48 - INFO - root - Image have been saved in /shenzihe/WD-Disk/output/exp2/grey_sloth_plushie/checkpoint-100/images/floating_in_an_ocean_of_milk/
11/15/2024 12:14:02 - INFO - root - Image have been saved in /shenzihe/WD-Disk/output/exp2/grey_sloth_plushie/checkpoint-100/images/floating_in_an_ocean_of_milk/
11/15/2024 12:14:02 - INFO - __main__ - Running validation... 
 Generating 4 images with prompt:on top of green grass with sunflowers around it.
11/15/2024 12:14:15 - INFO - root - Image have been saved in /shenzihe/WD-Disk/output/exp2/grey_sloth_plushie/checkpoint-100/images/on_top_of_green_grass_with_sunflowers_around_it/
11/15/2024 12:14:29 - INFO - root - Image have been saved in /shenzihe/WD-Disk/output/exp2/grey_sloth_plushie/checkpoint-100/images/on_top_of_green_grass_with_sunflowers_around_it/
11/15/2024 12:14:43 - INFO - root - Image have been saved in /shenzihe/WD-Disk/output/exp2/grey_sloth_plushie/checkpoint-100/images/on_top_of_green_grass_with_sunflowers_around_it/
11/15/2024 12:14:57 - INFO - root - Image have been saved in /shenzihe/WD-Disk/output/exp2/grey_sloth_plushie/checkpoint-100/images/on_top_of_green_grass_with_sunflowers_around_it/
11/15/2024 12:14:57 - INFO - __main__ - Running validation... 
 Generating 4 images with prompt:on top of a mirror.
11/15/2024 12:15:11 - INFO - root - Image have been saved in /shenzihe/WD-Disk/output/exp2/grey_sloth_plushie/checkpoint-100/images/on_top_of_a_mirror/
11/15/2024 12:15:24 - INFO - root - Image have been saved in /shenzihe/WD-Disk/output/exp2/grey_sloth_plushie/checkpoint-100/images/on_top_of_a_mirror/
11/15/2024 12:15:38 - INFO - root - Image have been saved in /shenzihe/WD-Disk/output/exp2/grey_sloth_plushie/checkpoint-100/images/on_top_of_a_mirror/
11/15/2024 12:15:52 - INFO - root - Image have been saved in /shenzihe/WD-Disk/output/exp2/grey_sloth_plushie/checkpoint-100/images/on_top_of_a_mirror/
11/15/2024 12:15:52 - INFO - __main__ - Running validation... 
 Generating 4 images with prompt:on top of the sidewalk in a crowded street.
11/15/2024 12:16:06 - INFO - root - Image have been saved in /shenzihe/WD-Disk/output/exp2/grey_sloth_plushie/checkpoint-100/images/on_top_of_the_sidewalk_in_a_crowded_street/
11/15/2024 12:16:19 - INFO - root - Image have been saved in /shenzihe/WD-Disk/output/exp2/grey_sloth_plushie/checkpoint-100/images/on_top_of_the_sidewalk_in_a_crowded_street/
11/15/2024 12:16:33 - INFO - root - Image have been saved in /shenzihe/WD-Disk/output/exp2/grey_sloth_plushie/checkpoint-100/images/on_top_of_the_sidewalk_in_a_crowded_street/
11/15/2024 12:16:47 - INFO - root - Image have been saved in /shenzihe/WD-Disk/output/exp2/grey_sloth_plushie/checkpoint-100/images/on_top_of_the_sidewalk_in_a_crowded_street/
11/15/2024 12:16:47 - INFO - __main__ - Running validation... 
 Generating 4 images with prompt:on top of a dirt road.
11/15/2024 12:17:01 - INFO - root - Image have been saved in /shenzihe/WD-Disk/output/exp2/grey_sloth_plushie/checkpoint-100/images/on_top_of_a_dirt_road/
11/15/2024 12:17:15 - INFO - root - Image have been saved in /shenzihe/WD-Disk/output/exp2/grey_sloth_plushie/checkpoint-100/images/on_top_of_a_dirt_road/
11/15/2024 12:17:29 - INFO - root - Image have been saved in /shenzihe/WD-Disk/output/exp2/grey_sloth_plushie/checkpoint-100/images/on_top_of_a_dirt_road/
11/15/2024 12:17:42 - INFO - root - Image have been saved in /shenzihe/WD-Disk/output/exp2/grey_sloth_plushie/checkpoint-100/images/on_top_of_a_dirt_road/
11/15/2024 12:17:42 - INFO - __main__ - Running validation... 
 Generating 4 images with prompt:on top of a white rug.
11/15/2024 12:17:56 - INFO - root - Image have been saved in /shenzihe/WD-Disk/output/exp2/grey_sloth_plushie/checkpoint-100/images/on_top_of_a_white_rug/
11/15/2024 12:18:10 - INFO - root - Image have been saved in /shenzihe/WD-Disk/output/exp2/grey_sloth_plushie/checkpoint-100/images/on_top_of_a_white_rug/
11/15/2024 12:18:24 - INFO - root - Image have been saved in /shenzihe/WD-Disk/output/exp2/grey_sloth_plushie/checkpoint-100/images/on_top_of_a_white_rug/
11/15/2024 12:18:37 - INFO - root - Image have been saved in /shenzihe/WD-Disk/output/exp2/grey_sloth_plushie/checkpoint-100/images/on_top_of_a_white_rug/
11/15/2024 12:18:37 - INFO - __main__ - Running validation... 
 Generating 4 images with prompt:red.
11/15/2024 12:18:51 - INFO - root - Image have been saved in /shenzihe/WD-Disk/output/exp2/grey_sloth_plushie/checkpoint-100/images/red/
11/15/2024 12:19:05 - INFO - root - Image have been saved in /shenzihe/WD-Disk/output/exp2/grey_sloth_plushie/checkpoint-100/images/red/
11/15/2024 12:19:19 - INFO - root - Image have been saved in /shenzihe/WD-Disk/output/exp2/grey_sloth_plushie/checkpoint-100/images/red/
11/15/2024 12:19:33 - INFO - root - Image have been saved in /shenzihe/WD-Disk/output/exp2/grey_sloth_plushie/checkpoint-100/images/red/
11/15/2024 12:19:33 - INFO - __main__ - Running validation... 
 Generating 4 images with prompt:purple.
11/15/2024 12:19:46 - INFO - root - Image have been saved in /shenzihe/WD-Disk/output/exp2/grey_sloth_plushie/checkpoint-100/images/purple/
11/15/2024 12:20:00 - INFO - root - Image have been saved in /shenzihe/WD-Disk/output/exp2/grey_sloth_plushie/checkpoint-100/images/purple/
11/15/2024 12:20:14 - INFO - root - Image have been saved in /shenzihe/WD-Disk/output/exp2/grey_sloth_plushie/checkpoint-100/images/purple/
11/15/2024 12:20:28 - INFO - root - Image have been saved in /shenzihe/WD-Disk/output/exp2/grey_sloth_plushie/checkpoint-100/images/purple/
11/15/2024 12:20:28 - INFO - __main__ - Running validation... 
 Generating 4 images with prompt:shiny.
11/15/2024 12:20:42 - INFO - root - Image have been saved in /shenzihe/WD-Disk/output/exp2/grey_sloth_plushie/checkpoint-100/images/shiny/
11/15/2024 12:20:56 - INFO - root - Image have been saved in /shenzihe/WD-Disk/output/exp2/grey_sloth_plushie/checkpoint-100/images/shiny/
11/15/2024 12:21:10 - INFO - root - Image have been saved in /shenzihe/WD-Disk/output/exp2/grey_sloth_plushie/checkpoint-100/images/shiny/
11/15/2024 12:21:23 - INFO - root - Image have been saved in /shenzihe/WD-Disk/output/exp2/grey_sloth_plushie/checkpoint-100/images/shiny/
11/15/2024 12:21:23 - INFO - __main__ - Running validation... 
 Generating 4 images with prompt:wet.
11/15/2024 12:21:37 - INFO - root - Image have been saved in /shenzihe/WD-Disk/output/exp2/grey_sloth_plushie/checkpoint-100/images/wet/
11/15/2024 12:21:51 - INFO - root - Image have been saved in /shenzihe/WD-Disk/output/exp2/grey_sloth_plushie/checkpoint-100/images/wet/
11/15/2024 12:22:05 - INFO - root - Image have been saved in /shenzihe/WD-Disk/output/exp2/grey_sloth_plushie/checkpoint-100/images/wet/
11/15/2024 12:22:19 - INFO - root - Image have been saved in /shenzihe/WD-Disk/output/exp2/grey_sloth_plushie/checkpoint-100/images/wet/
11/15/2024 12:22:19 - INFO - __main__ - Running validation... 
 Generating 4 images with prompt:cube shaped.
11/15/2024 12:22:33 - INFO - root - Image have been saved in /shenzihe/WD-Disk/output/exp2/grey_sloth_plushie/checkpoint-100/images/cube_shaped/
11/15/2024 12:22:46 - INFO - root - Image have been saved in /shenzihe/WD-Disk/output/exp2/grey_sloth_plushie/checkpoint-100/images/cube_shaped/
11/15/2024 12:23:00 - INFO - root - Image have been saved in /shenzihe/WD-Disk/output/exp2/grey_sloth_plushie/checkpoint-100/images/cube_shaped/
11/15/2024 12:23:14 - INFO - root - Image have been saved in /shenzihe/WD-Disk/output/exp2/grey_sloth_plushie/checkpoint-100/images/cube_shaped/
