11/15/2024 01:53:52 - INFO - __main__ - Distributed environment: NO
Num processes: 1
Process index: 0
Local process index: 0
Device: cuda

Mixed precision type: no

11/15/2024 01:54:05 - INFO - root - freeze vision encoder
11/15/2024 01:54:14 - INFO - root - Loading pretrained model from /root/.cache/torch/hub/checkpoints/blip-diffusion
11/15/2024 01:54:14 - INFO - root - Loading pretrained BLIP2 Qformer weights.
11/15/2024 01:54:16 - INFO - root - Loading pretrained projection lyer weights.
11/15/2024 01:54:16 - INFO - root - Loading pretrained text encoder weights.
11/15/2024 01:54:17 - INFO - root - Loading pretrained vae weights.
11/15/2024 01:54:17 - INFO - root - Loading pretrained unet weights.
11/15/2024 01:54:25 - INFO - root - Using xformers.
11/15/2024 01:54:25 - INFO - root - Building datasets...
11/15/2024 01:54:39 - INFO - root - freeze vision encoder
11/15/2024 01:55:14 - INFO - root - load checkpoint from https://storage.googleapis.com/sfr-vision-language-research/LAVIS/models/BLIP2/blip2_pretrained_flant5xl.pth
11/15/2024 01:55:15 - INFO - __main__ - 
***** Running training *****
11/15/2024 01:55:15 - INFO - __main__ -   Num examples = 6
11/15/2024 01:55:15 - INFO - __main__ -   Num batches each epoch = 2
11/15/2024 01:55:15 - INFO - __main__ -   Num Epochs = 50
11/15/2024 01:55:15 - INFO - __main__ -   Instantaneous batch size per device = 3
11/15/2024 01:55:15 - INFO - __main__ -   Total train batch size (w. parallel, distributed & accumulation) = 3
11/15/2024 01:55:15 - INFO - __main__ -   Gradient Accumulation steps = 1
11/15/2024 01:55:15 - INFO - __main__ -   Total optimization steps = 100
11/15/2024 02:00:18 - INFO - __main__ - Running validation... 
 Generating 4 images with prompt:in the jungle.
11/15/2024 02:00:41 - INFO - root - Image have been saved in /shenzihe/WD-Disk/output/exp2/backpack/checkpoint-100/images/in_the_jungle/
11/15/2024 02:00:56 - INFO - root - Image have been saved in /shenzihe/WD-Disk/output/exp2/backpack/checkpoint-100/images/in_the_jungle/
11/15/2024 02:01:10 - INFO - root - Image have been saved in /shenzihe/WD-Disk/output/exp2/backpack/checkpoint-100/images/in_the_jungle/
11/15/2024 02:01:23 - INFO - root - Image have been saved in /shenzihe/WD-Disk/output/exp2/backpack/checkpoint-100/images/in_the_jungle/
11/15/2024 02:01:23 - INFO - __main__ - Running validation... 
 Generating 4 images with prompt:in the snow.
11/15/2024 02:01:46 - INFO - root - Image have been saved in /shenzihe/WD-Disk/output/exp2/backpack/checkpoint-100/images/in_the_snow/
11/15/2024 02:02:03 - INFO - root - Image have been saved in /shenzihe/WD-Disk/output/exp2/backpack/checkpoint-100/images/in_the_snow/
11/15/2024 02:02:17 - INFO - root - Image have been saved in /shenzihe/WD-Disk/output/exp2/backpack/checkpoint-100/images/in_the_snow/
11/15/2024 02:02:30 - INFO - root - Image have been saved in /shenzihe/WD-Disk/output/exp2/backpack/checkpoint-100/images/in_the_snow/
11/15/2024 02:02:30 - INFO - __main__ - Running validation... 
 Generating 4 images with prompt:on the beach.
11/15/2024 02:02:44 - INFO - root - Image have been saved in /shenzihe/WD-Disk/output/exp2/backpack/checkpoint-100/images/on_the_beach/
11/15/2024 02:02:58 - INFO - root - Image have been saved in /shenzihe/WD-Disk/output/exp2/backpack/checkpoint-100/images/on_the_beach/
11/15/2024 02:03:13 - INFO - root - Image have been saved in /shenzihe/WD-Disk/output/exp2/backpack/checkpoint-100/images/on_the_beach/
11/15/2024 02:03:27 - INFO - root - Image have been saved in /shenzihe/WD-Disk/output/exp2/backpack/checkpoint-100/images/on_the_beach/
11/15/2024 02:03:27 - INFO - __main__ - Running validation... 
 Generating 4 images with prompt:on a cobblestone street.
11/15/2024 02:03:40 - INFO - root - Image have been saved in /shenzihe/WD-Disk/output/exp2/backpack/checkpoint-100/images/on_a_cobblestone_street/
11/15/2024 02:03:53 - INFO - root - Image have been saved in /shenzihe/WD-Disk/output/exp2/backpack/checkpoint-100/images/on_a_cobblestone_street/
11/15/2024 02:04:08 - INFO - root - Image have been saved in /shenzihe/WD-Disk/output/exp2/backpack/checkpoint-100/images/on_a_cobblestone_street/
11/15/2024 02:04:22 - INFO - root - Image have been saved in /shenzihe/WD-Disk/output/exp2/backpack/checkpoint-100/images/on_a_cobblestone_street/
11/15/2024 02:04:22 - INFO - __main__ - Running validation... 
 Generating 4 images with prompt:on top of pink fabric.
11/15/2024 02:04:35 - INFO - root - Image have been saved in /shenzihe/WD-Disk/output/exp2/backpack/checkpoint-100/images/on_top_of_pink_fabric/
11/15/2024 02:04:49 - INFO - root - Image have been saved in /shenzihe/WD-Disk/output/exp2/backpack/checkpoint-100/images/on_top_of_pink_fabric/
11/15/2024 02:05:03 - INFO - root - Image have been saved in /shenzihe/WD-Disk/output/exp2/backpack/checkpoint-100/images/on_top_of_pink_fabric/
11/15/2024 02:05:16 - INFO - root - Image have been saved in /shenzihe/WD-Disk/output/exp2/backpack/checkpoint-100/images/on_top_of_pink_fabric/
11/15/2024 02:05:16 - INFO - __main__ - Running validation... 
 Generating 4 images with prompt:on top of a wooden floor.
11/15/2024 02:05:30 - INFO - root - Image have been saved in /shenzihe/WD-Disk/output/exp2/backpack/checkpoint-100/images/on_top_of_a_wooden_floor/
11/15/2024 02:05:50 - INFO - root - Image have been saved in /shenzihe/WD-Disk/output/exp2/backpack/checkpoint-100/images/on_top_of_a_wooden_floor/
11/15/2024 02:06:03 - INFO - root - Image have been saved in /shenzihe/WD-Disk/output/exp2/backpack/checkpoint-100/images/on_top_of_a_wooden_floor/
11/15/2024 02:06:17 - INFO - root - Image have been saved in /shenzihe/WD-Disk/output/exp2/backpack/checkpoint-100/images/on_top_of_a_wooden_floor/
11/15/2024 02:06:17 - INFO - __main__ - Running validation... 
 Generating 4 images with prompt:with a city in the background.
11/15/2024 02:06:30 - INFO - root - Image have been saved in /shenzihe/WD-Disk/output/exp2/backpack/checkpoint-100/images/with_a_city_in_the_background/
11/15/2024 02:06:44 - INFO - root - Image have been saved in /shenzihe/WD-Disk/output/exp2/backpack/checkpoint-100/images/with_a_city_in_the_background/
11/15/2024 02:06:57 - INFO - root - Image have been saved in /shenzihe/WD-Disk/output/exp2/backpack/checkpoint-100/images/with_a_city_in_the_background/
11/15/2024 02:07:16 - INFO - root - Image have been saved in /shenzihe/WD-Disk/output/exp2/backpack/checkpoint-100/images/with_a_city_in_the_background/
11/15/2024 02:07:16 - INFO - __main__ - Running validation... 
 Generating 4 images with prompt:with a mountain in the background.
11/15/2024 02:07:30 - INFO - root - Image have been saved in /shenzihe/WD-Disk/output/exp2/backpack/checkpoint-100/images/with_a_mountain_in_the_background/
11/15/2024 02:07:43 - INFO - root - Image have been saved in /shenzihe/WD-Disk/output/exp2/backpack/checkpoint-100/images/with_a_mountain_in_the_background/
11/15/2024 02:07:57 - INFO - root - Image have been saved in /shenzihe/WD-Disk/output/exp2/backpack/checkpoint-100/images/with_a_mountain_in_the_background/
11/15/2024 02:08:20 - INFO - root - Image have been saved in /shenzihe/WD-Disk/output/exp2/backpack/checkpoint-100/images/with_a_mountain_in_the_background/
11/15/2024 02:08:20 - INFO - __main__ - Running validation... 
 Generating 4 images with prompt:with a blue house in the background.
11/15/2024 02:08:33 - INFO - root - Image have been saved in /shenzihe/WD-Disk/output/exp2/backpack/checkpoint-100/images/with_a_blue_house_in_the_background/
11/15/2024 02:08:47 - INFO - root - Image have been saved in /shenzihe/WD-Disk/output/exp2/backpack/checkpoint-100/images/with_a_blue_house_in_the_background/
11/15/2024 02:09:00 - INFO - root - Image have been saved in /shenzihe/WD-Disk/output/exp2/backpack/checkpoint-100/images/with_a_blue_house_in_the_background/
11/15/2024 02:09:14 - INFO - root - Image have been saved in /shenzihe/WD-Disk/output/exp2/backpack/checkpoint-100/images/with_a_blue_house_in_the_background/
11/15/2024 02:09:14 - INFO - __main__ - Running validation... 
 Generating 4 images with prompt:on top of a purple rug in a forest.
11/15/2024 02:09:28 - INFO - root - Image have been saved in /shenzihe/WD-Disk/output/exp2/backpack/checkpoint-100/images/on_top_of_a_purple_rug_in_a_forest/
11/15/2024 02:09:41 - INFO - root - Image have been saved in /shenzihe/WD-Disk/output/exp2/backpack/checkpoint-100/images/on_top_of_a_purple_rug_in_a_forest/
11/15/2024 02:09:55 - INFO - root - Image have been saved in /shenzihe/WD-Disk/output/exp2/backpack/checkpoint-100/images/on_top_of_a_purple_rug_in_a_forest/
11/15/2024 02:10:12 - INFO - root - Image have been saved in /shenzihe/WD-Disk/output/exp2/backpack/checkpoint-100/images/on_top_of_a_purple_rug_in_a_forest/
11/15/2024 02:10:12 - INFO - __main__ - Running validation... 
 Generating 4 images with prompt:with a wheat field in the background.
11/15/2024 02:10:25 - INFO - root - Image have been saved in /shenzihe/WD-Disk/output/exp2/backpack/checkpoint-100/images/with_a_wheat_field_in_the_background/
11/15/2024 02:10:39 - INFO - root - Image have been saved in /shenzihe/WD-Disk/output/exp2/backpack/checkpoint-100/images/with_a_wheat_field_in_the_background/
11/15/2024 02:10:52 - INFO - root - Image have been saved in /shenzihe/WD-Disk/output/exp2/backpack/checkpoint-100/images/with_a_wheat_field_in_the_background/
11/15/2024 02:11:06 - INFO - root - Image have been saved in /shenzihe/WD-Disk/output/exp2/backpack/checkpoint-100/images/with_a_wheat_field_in_the_background/
11/15/2024 02:11:06 - INFO - __main__ - Running validation... 
 Generating 4 images with prompt:with a tree and autumn leaves in the background.
11/15/2024 02:11:22 - INFO - root - Image have been saved in /shenzihe/WD-Disk/output/exp2/backpack/checkpoint-100/images/with_a_tree_and_autumn_leaves_in_the_background/
11/15/2024 02:11:45 - INFO - root - Image have been saved in /shenzihe/WD-Disk/output/exp2/backpack/checkpoint-100/images/with_a_tree_and_autumn_leaves_in_the_background/
11/15/2024 02:12:14 - INFO - root - Image have been saved in /shenzihe/WD-Disk/output/exp2/backpack/checkpoint-100/images/with_a_tree_and_autumn_leaves_in_the_background/
11/15/2024 02:12:28 - INFO - root - Image have been saved in /shenzihe/WD-Disk/output/exp2/backpack/checkpoint-100/images/with_a_tree_and_autumn_leaves_in_the_background/
11/15/2024 02:12:28 - INFO - __main__ - Running validation... 
 Generating 4 images with prompt:with the Eiffel Tower in the background.
11/15/2024 02:12:42 - INFO - root - Image have been saved in /shenzihe/WD-Disk/output/exp2/backpack/checkpoint-100/images/with_the_Eiffel_Tower_in_the_background/
11/15/2024 02:12:55 - INFO - root - Image have been saved in /shenzihe/WD-Disk/output/exp2/backpack/checkpoint-100/images/with_the_Eiffel_Tower_in_the_background/
11/15/2024 02:13:14 - INFO - root - Image have been saved in /shenzihe/WD-Disk/output/exp2/backpack/checkpoint-100/images/with_the_Eiffel_Tower_in_the_background/
11/15/2024 02:13:28 - INFO - root - Image have been saved in /shenzihe/WD-Disk/output/exp2/backpack/checkpoint-100/images/with_the_Eiffel_Tower_in_the_background/
11/15/2024 02:13:28 - INFO - __main__ - Running validation... 
 Generating 4 images with prompt:floating on top of water.
11/15/2024 02:13:41 - INFO - root - Image have been saved in /shenzihe/WD-Disk/output/exp2/backpack/checkpoint-100/images/floating_on_top_of_water/
11/15/2024 02:13:55 - INFO - root - Image have been saved in /shenzihe/WD-Disk/output/exp2/backpack/checkpoint-100/images/floating_on_top_of_water/
11/15/2024 02:14:08 - INFO - root - Image have been saved in /shenzihe/WD-Disk/output/exp2/backpack/checkpoint-100/images/floating_on_top_of_water/
11/15/2024 02:14:22 - INFO - root - Image have been saved in /shenzihe/WD-Disk/output/exp2/backpack/checkpoint-100/images/floating_on_top_of_water/
11/15/2024 02:14:22 - INFO - __main__ - Running validation... 
 Generating 4 images with prompt:floating in an ocean of milk.
11/15/2024 02:14:36 - INFO - root - Image have been saved in /shenzihe/WD-Disk/output/exp2/backpack/checkpoint-100/images/floating_in_an_ocean_of_milk/
11/15/2024 02:14:49 - INFO - root - Image have been saved in /shenzihe/WD-Disk/output/exp2/backpack/checkpoint-100/images/floating_in_an_ocean_of_milk/
11/15/2024 02:15:03 - INFO - root - Image have been saved in /shenzihe/WD-Disk/output/exp2/backpack/checkpoint-100/images/floating_in_an_ocean_of_milk/
11/15/2024 02:15:19 - INFO - root - Image have been saved in /shenzihe/WD-Disk/output/exp2/backpack/checkpoint-100/images/floating_in_an_ocean_of_milk/
11/15/2024 02:15:19 - INFO - __main__ - Running validation... 
 Generating 4 images with prompt:on top of green grass with sunflowers around it.
11/15/2024 02:15:33 - INFO - root - Image have been saved in /shenzihe/WD-Disk/output/exp2/backpack/checkpoint-100/images/on_top_of_green_grass_with_sunflowers_around_it/
11/15/2024 02:15:49 - INFO - root - Image have been saved in /shenzihe/WD-Disk/output/exp2/backpack/checkpoint-100/images/on_top_of_green_grass_with_sunflowers_around_it/
11/15/2024 02:16:02 - INFO - root - Image have been saved in /shenzihe/WD-Disk/output/exp2/backpack/checkpoint-100/images/on_top_of_green_grass_with_sunflowers_around_it/
11/15/2024 02:16:16 - INFO - root - Image have been saved in /shenzihe/WD-Disk/output/exp2/backpack/checkpoint-100/images/on_top_of_green_grass_with_sunflowers_around_it/
11/15/2024 02:16:16 - INFO - __main__ - Running validation... 
 Generating 4 images with prompt:on top of a mirror.
11/15/2024 02:16:30 - INFO - root - Image have been saved in /shenzihe/WD-Disk/output/exp2/backpack/checkpoint-100/images/on_top_of_a_mirror/
11/15/2024 02:16:53 - INFO - root - Image have been saved in /shenzihe/WD-Disk/output/exp2/backpack/checkpoint-100/images/on_top_of_a_mirror/
11/15/2024 02:17:12 - INFO - root - Image have been saved in /shenzihe/WD-Disk/output/exp2/backpack/checkpoint-100/images/on_top_of_a_mirror/
11/15/2024 02:17:26 - INFO - root - Image have been saved in /shenzihe/WD-Disk/output/exp2/backpack/checkpoint-100/images/on_top_of_a_mirror/
11/15/2024 02:17:26 - INFO - __main__ - Running validation... 
 Generating 4 images with prompt:on top of the sidewalk in a crowded street.
11/15/2024 02:17:39 - INFO - root - Image have been saved in /shenzihe/WD-Disk/output/exp2/backpack/checkpoint-100/images/on_top_of_the_sidewalk_in_a_crowded_street/
11/15/2024 02:17:53 - INFO - root - Image have been saved in /shenzihe/WD-Disk/output/exp2/backpack/checkpoint-100/images/on_top_of_the_sidewalk_in_a_crowded_street/
11/15/2024 02:18:07 - INFO - root - Image have been saved in /shenzihe/WD-Disk/output/exp2/backpack/checkpoint-100/images/on_top_of_the_sidewalk_in_a_crowded_street/
11/15/2024 02:18:20 - INFO - root - Image have been saved in /shenzihe/WD-Disk/output/exp2/backpack/checkpoint-100/images/on_top_of_the_sidewalk_in_a_crowded_street/
11/15/2024 02:18:20 - INFO - __main__ - Running validation... 
 Generating 4 images with prompt:on top of a dirt road.
11/15/2024 02:18:34 - INFO - root - Image have been saved in /shenzihe/WD-Disk/output/exp2/backpack/checkpoint-100/images/on_top_of_a_dirt_road/
11/15/2024 02:18:48 - INFO - root - Image have been saved in /shenzihe/WD-Disk/output/exp2/backpack/checkpoint-100/images/on_top_of_a_dirt_road/
11/15/2024 02:19:01 - INFO - root - Image have been saved in /shenzihe/WD-Disk/output/exp2/backpack/checkpoint-100/images/on_top_of_a_dirt_road/
11/15/2024 02:19:15 - INFO - root - Image have been saved in /shenzihe/WD-Disk/output/exp2/backpack/checkpoint-100/images/on_top_of_a_dirt_road/
11/15/2024 02:19:15 - INFO - __main__ - Running validation... 
 Generating 4 images with prompt:on top of a white rug.
11/15/2024 02:19:29 - INFO - root - Image have been saved in /shenzihe/WD-Disk/output/exp2/backpack/checkpoint-100/images/on_top_of_a_white_rug/
11/15/2024 02:19:42 - INFO - root - Image have been saved in /shenzihe/WD-Disk/output/exp2/backpack/checkpoint-100/images/on_top_of_a_white_rug/
11/15/2024 02:19:56 - INFO - root - Image have been saved in /shenzihe/WD-Disk/output/exp2/backpack/checkpoint-100/images/on_top_of_a_white_rug/
11/15/2024 02:20:09 - INFO - root - Image have been saved in /shenzihe/WD-Disk/output/exp2/backpack/checkpoint-100/images/on_top_of_a_white_rug/
11/15/2024 02:20:09 - INFO - __main__ - Running validation... 
 Generating 4 images with prompt:red.
11/15/2024 02:20:23 - INFO - root - Image have been saved in /shenzihe/WD-Disk/output/exp2/backpack/checkpoint-100/images/red/
11/15/2024 02:20:41 - INFO - root - Image have been saved in /shenzihe/WD-Disk/output/exp2/backpack/checkpoint-100/images/red/
11/15/2024 02:20:54 - INFO - root - Image have been saved in /shenzihe/WD-Disk/output/exp2/backpack/checkpoint-100/images/red/
11/15/2024 02:21:17 - INFO - root - Image have been saved in /shenzihe/WD-Disk/output/exp2/backpack/checkpoint-100/images/red/
11/15/2024 02:21:17 - INFO - __main__ - Running validation... 
 Generating 4 images with prompt:purple.
11/15/2024 02:21:32 - INFO - root - Image have been saved in /shenzihe/WD-Disk/output/exp2/backpack/checkpoint-100/images/purple/
11/15/2024 02:21:46 - INFO - root - Image have been saved in /shenzihe/WD-Disk/output/exp2/backpack/checkpoint-100/images/purple/
11/15/2024 02:22:00 - INFO - root - Image have been saved in /shenzihe/WD-Disk/output/exp2/backpack/checkpoint-100/images/purple/
11/15/2024 02:22:14 - INFO - root - Image have been saved in /shenzihe/WD-Disk/output/exp2/backpack/checkpoint-100/images/purple/
11/15/2024 02:22:14 - INFO - __main__ - Running validation... 
 Generating 4 images with prompt:shiny.
11/15/2024 02:22:27 - INFO - root - Image have been saved in /shenzihe/WD-Disk/output/exp2/backpack/checkpoint-100/images/shiny/
11/15/2024 02:22:43 - INFO - root - Image have been saved in /shenzihe/WD-Disk/output/exp2/backpack/checkpoint-100/images/shiny/
11/15/2024 02:22:56 - INFO - root - Image have been saved in /shenzihe/WD-Disk/output/exp2/backpack/checkpoint-100/images/shiny/
11/15/2024 02:23:12 - INFO - root - Image have been saved in /shenzihe/WD-Disk/output/exp2/backpack/checkpoint-100/images/shiny/
11/15/2024 02:23:12 - INFO - __main__ - Running validation... 
 Generating 4 images with prompt:wet.
11/15/2024 02:23:25 - INFO - root - Image have been saved in /shenzihe/WD-Disk/output/exp2/backpack/checkpoint-100/images/wet/
11/15/2024 02:23:39 - INFO - root - Image have been saved in /shenzihe/WD-Disk/output/exp2/backpack/checkpoint-100/images/wet/
11/15/2024 02:23:53 - INFO - root - Image have been saved in /shenzihe/WD-Disk/output/exp2/backpack/checkpoint-100/images/wet/
11/15/2024 02:24:06 - INFO - root - Image have been saved in /shenzihe/WD-Disk/output/exp2/backpack/checkpoint-100/images/wet/
11/15/2024 02:24:06 - INFO - __main__ - Running validation... 
 Generating 4 images with prompt:cube shaped.
11/15/2024 02:24:23 - INFO - root - Image have been saved in /shenzihe/WD-Disk/output/exp2/backpack/checkpoint-100/images/cube_shaped/
11/15/2024 02:24:37 - INFO - root - Image have been saved in /shenzihe/WD-Disk/output/exp2/backpack/checkpoint-100/images/cube_shaped/
11/15/2024 02:24:51 - INFO - root - Image have been saved in /shenzihe/WD-Disk/output/exp2/backpack/checkpoint-100/images/cube_shaped/
11/15/2024 02:25:04 - INFO - root - Image have been saved in /shenzihe/WD-Disk/output/exp2/backpack/checkpoint-100/images/cube_shaped/
