11/14/2024 19:55:25 - INFO - __main__ - Distributed environment: NO
Num processes: 1
Process index: 0
Local process index: 0
Device: cuda

Mixed precision type: no

11/14/2024 19:55:27 - INFO - root - freeze vision encoder
11/14/2024 19:55:37 - INFO - root - Loading pretrained model from /root/.cache/torch/hub/checkpoints/blip-diffusion
11/14/2024 19:55:37 - INFO - root - Loading pretrained BLIP2 Qformer weights.
11/14/2024 19:55:39 - INFO - root - Loading pretrained projection lyer weights.
11/14/2024 19:55:39 - INFO - root - Loading pretrained text encoder weights.
11/14/2024 19:55:39 - INFO - root - Loading pretrained vae weights.
11/14/2024 19:55:40 - INFO - root - Loading pretrained unet weights.
11/14/2024 19:55:47 - INFO - root - Using xformers.
11/14/2024 19:55:47 - INFO - root - Building datasets...
11/14/2024 19:55:57 - INFO - root - freeze vision encoder
11/14/2024 19:56:25 - INFO - root - load checkpoint from https://storage.googleapis.com/sfr-vision-language-research/LAVIS/models/BLIP2/blip2_pretrained_flant5xl.pth
11/14/2024 19:56:26 - INFO - __main__ - 
***** Running training *****
11/14/2024 19:56:26 - INFO - __main__ -   Num examples = 5
11/14/2024 19:56:26 - INFO - __main__ -   Num batches each epoch = 2
11/14/2024 19:56:26 - INFO - __main__ -   Num Epochs = 50
11/14/2024 19:56:26 - INFO - __main__ -   Instantaneous batch size per device = 3
11/14/2024 19:56:26 - INFO - __main__ -   Total train batch size (w. parallel, distributed & accumulation) = 3
11/14/2024 19:56:26 - INFO - __main__ -   Gradient Accumulation steps = 1
11/14/2024 19:56:26 - INFO - __main__ -   Total optimization steps = 100
11/14/2024 20:01:25 - INFO - __main__ - Running validation... 
 Generating 4 images with prompt:in the jungle.
11/14/2024 20:01:44 - INFO - root - Image have been saved in /shenzihe/WD-Disk/output/exp/robot_toy/checkpoint-100/images/in_the_jungle/
11/14/2024 20:01:58 - INFO - root - Image have been saved in /shenzihe/WD-Disk/output/exp/robot_toy/checkpoint-100/images/in_the_jungle/
11/14/2024 20:02:11 - INFO - root - Image have been saved in /shenzihe/WD-Disk/output/exp/robot_toy/checkpoint-100/images/in_the_jungle/
11/14/2024 20:02:24 - INFO - root - Image have been saved in /shenzihe/WD-Disk/output/exp/robot_toy/checkpoint-100/images/in_the_jungle/
11/14/2024 20:02:24 - INFO - __main__ - Running validation... 
 Generating 4 images with prompt:in the snow.
11/14/2024 20:02:38 - INFO - root - Image have been saved in /shenzihe/WD-Disk/output/exp/robot_toy/checkpoint-100/images/in_the_snow/
11/14/2024 20:02:51 - INFO - root - Image have been saved in /shenzihe/WD-Disk/output/exp/robot_toy/checkpoint-100/images/in_the_snow/
11/14/2024 20:03:04 - INFO - root - Image have been saved in /shenzihe/WD-Disk/output/exp/robot_toy/checkpoint-100/images/in_the_snow/
11/14/2024 20:03:18 - INFO - root - Image have been saved in /shenzihe/WD-Disk/output/exp/robot_toy/checkpoint-100/images/in_the_snow/
11/14/2024 20:03:18 - INFO - __main__ - Running validation... 
 Generating 4 images with prompt:on the beach.
11/14/2024 20:03:31 - INFO - root - Image have been saved in /shenzihe/WD-Disk/output/exp/robot_toy/checkpoint-100/images/on_the_beach/
11/14/2024 20:03:44 - INFO - root - Image have been saved in /shenzihe/WD-Disk/output/exp/robot_toy/checkpoint-100/images/on_the_beach/
11/14/2024 20:03:58 - INFO - root - Image have been saved in /shenzihe/WD-Disk/output/exp/robot_toy/checkpoint-100/images/on_the_beach/
11/14/2024 20:04:11 - INFO - root - Image have been saved in /shenzihe/WD-Disk/output/exp/robot_toy/checkpoint-100/images/on_the_beach/
11/14/2024 20:04:11 - INFO - __main__ - Running validation... 
 Generating 4 images with prompt:on a cobblestone street.
11/14/2024 20:04:24 - INFO - root - Image have been saved in /shenzihe/WD-Disk/output/exp/robot_toy/checkpoint-100/images/on_a_cobblestone_street/
11/14/2024 20:04:38 - INFO - root - Image have been saved in /shenzihe/WD-Disk/output/exp/robot_toy/checkpoint-100/images/on_a_cobblestone_street/
11/14/2024 20:04:51 - INFO - root - Image have been saved in /shenzihe/WD-Disk/output/exp/robot_toy/checkpoint-100/images/on_a_cobblestone_street/
11/14/2024 20:05:04 - INFO - root - Image have been saved in /shenzihe/WD-Disk/output/exp/robot_toy/checkpoint-100/images/on_a_cobblestone_street/
11/14/2024 20:05:04 - INFO - __main__ - Running validation... 
 Generating 4 images with prompt:on top of pink fabric.
11/14/2024 20:05:18 - INFO - root - Image have been saved in /shenzihe/WD-Disk/output/exp/robot_toy/checkpoint-100/images/on_top_of_pink_fabric/
11/14/2024 20:05:31 - INFO - root - Image have been saved in /shenzihe/WD-Disk/output/exp/robot_toy/checkpoint-100/images/on_top_of_pink_fabric/
11/14/2024 20:05:45 - INFO - root - Image have been saved in /shenzihe/WD-Disk/output/exp/robot_toy/checkpoint-100/images/on_top_of_pink_fabric/
11/14/2024 20:05:58 - INFO - root - Image have been saved in /shenzihe/WD-Disk/output/exp/robot_toy/checkpoint-100/images/on_top_of_pink_fabric/
11/14/2024 20:05:58 - INFO - __main__ - Running validation... 
 Generating 4 images with prompt:on top of a wooden floor.
11/14/2024 20:06:11 - INFO - root - Image have been saved in /shenzihe/WD-Disk/output/exp/robot_toy/checkpoint-100/images/on_top_of_a_wooden_floor/
11/14/2024 20:06:25 - INFO - root - Image have been saved in /shenzihe/WD-Disk/output/exp/robot_toy/checkpoint-100/images/on_top_of_a_wooden_floor/
11/14/2024 20:06:38 - INFO - root - Image have been saved in /shenzihe/WD-Disk/output/exp/robot_toy/checkpoint-100/images/on_top_of_a_wooden_floor/
11/14/2024 20:06:51 - INFO - root - Image have been saved in /shenzihe/WD-Disk/output/exp/robot_toy/checkpoint-100/images/on_top_of_a_wooden_floor/
11/14/2024 20:06:51 - INFO - __main__ - Running validation... 
 Generating 4 images with prompt:with a city in the background.
11/14/2024 20:07:05 - INFO - root - Image have been saved in /shenzihe/WD-Disk/output/exp/robot_toy/checkpoint-100/images/with_a_city_in_the_background/
11/14/2024 20:07:18 - INFO - root - Image have been saved in /shenzihe/WD-Disk/output/exp/robot_toy/checkpoint-100/images/with_a_city_in_the_background/
11/14/2024 20:07:31 - INFO - root - Image have been saved in /shenzihe/WD-Disk/output/exp/robot_toy/checkpoint-100/images/with_a_city_in_the_background/
11/14/2024 20:07:45 - INFO - root - Image have been saved in /shenzihe/WD-Disk/output/exp/robot_toy/checkpoint-100/images/with_a_city_in_the_background/
11/14/2024 20:07:45 - INFO - __main__ - Running validation... 
 Generating 4 images with prompt:with a mountain in the background.
11/14/2024 20:07:58 - INFO - root - Image have been saved in /shenzihe/WD-Disk/output/exp/robot_toy/checkpoint-100/images/with_a_mountain_in_the_background/
11/14/2024 20:08:11 - INFO - root - Image have been saved in /shenzihe/WD-Disk/output/exp/robot_toy/checkpoint-100/images/with_a_mountain_in_the_background/
11/14/2024 20:08:25 - INFO - root - Image have been saved in /shenzihe/WD-Disk/output/exp/robot_toy/checkpoint-100/images/with_a_mountain_in_the_background/
11/14/2024 20:08:38 - INFO - root - Image have been saved in /shenzihe/WD-Disk/output/exp/robot_toy/checkpoint-100/images/with_a_mountain_in_the_background/
11/14/2024 20:08:38 - INFO - __main__ - Running validation... 
 Generating 4 images with prompt:with a blue house in the background.
11/14/2024 20:08:51 - INFO - root - Image have been saved in /shenzihe/WD-Disk/output/exp/robot_toy/checkpoint-100/images/with_a_blue_house_in_the_background/
11/14/2024 20:09:05 - INFO - root - Image have been saved in /shenzihe/WD-Disk/output/exp/robot_toy/checkpoint-100/images/with_a_blue_house_in_the_background/
11/14/2024 20:09:18 - INFO - root - Image have been saved in /shenzihe/WD-Disk/output/exp/robot_toy/checkpoint-100/images/with_a_blue_house_in_the_background/
11/14/2024 20:09:31 - INFO - root - Image have been saved in /shenzihe/WD-Disk/output/exp/robot_toy/checkpoint-100/images/with_a_blue_house_in_the_background/
11/14/2024 20:09:31 - INFO - __main__ - Running validation... 
 Generating 4 images with prompt:on top of a purple rug in a forest.
11/14/2024 20:09:45 - INFO - root - Image have been saved in /shenzihe/WD-Disk/output/exp/robot_toy/checkpoint-100/images/on_top_of_a_purple_rug_in_a_forest/
11/14/2024 20:09:58 - INFO - root - Image have been saved in /shenzihe/WD-Disk/output/exp/robot_toy/checkpoint-100/images/on_top_of_a_purple_rug_in_a_forest/
11/14/2024 20:10:11 - INFO - root - Image have been saved in /shenzihe/WD-Disk/output/exp/robot_toy/checkpoint-100/images/on_top_of_a_purple_rug_in_a_forest/
11/14/2024 20:10:25 - INFO - root - Image have been saved in /shenzihe/WD-Disk/output/exp/robot_toy/checkpoint-100/images/on_top_of_a_purple_rug_in_a_forest/
11/14/2024 20:10:25 - INFO - __main__ - Running validation... 
 Generating 4 images with prompt:with a wheat field in the background.
11/14/2024 20:10:38 - INFO - root - Image have been saved in /shenzihe/WD-Disk/output/exp/robot_toy/checkpoint-100/images/with_a_wheat_field_in_the_background/
11/14/2024 20:10:51 - INFO - root - Image have been saved in /shenzihe/WD-Disk/output/exp/robot_toy/checkpoint-100/images/with_a_wheat_field_in_the_background/
11/14/2024 20:11:05 - INFO - root - Image have been saved in /shenzihe/WD-Disk/output/exp/robot_toy/checkpoint-100/images/with_a_wheat_field_in_the_background/
11/14/2024 20:11:18 - INFO - root - Image have been saved in /shenzihe/WD-Disk/output/exp/robot_toy/checkpoint-100/images/with_a_wheat_field_in_the_background/
11/14/2024 20:11:18 - INFO - __main__ - Running validation... 
 Generating 4 images with prompt:with a tree and autumn leaves in the background.
11/14/2024 20:11:31 - INFO - root - Image have been saved in /shenzihe/WD-Disk/output/exp/robot_toy/checkpoint-100/images/with_a_tree_and_autumn_leaves_in_the_background/
11/14/2024 20:11:45 - INFO - root - Image have been saved in /shenzihe/WD-Disk/output/exp/robot_toy/checkpoint-100/images/with_a_tree_and_autumn_leaves_in_the_background/
11/14/2024 20:11:58 - INFO - root - Image have been saved in /shenzihe/WD-Disk/output/exp/robot_toy/checkpoint-100/images/with_a_tree_and_autumn_leaves_in_the_background/
11/14/2024 20:12:11 - INFO - root - Image have been saved in /shenzihe/WD-Disk/output/exp/robot_toy/checkpoint-100/images/with_a_tree_and_autumn_leaves_in_the_background/
11/14/2024 20:12:11 - INFO - __main__ - Running validation... 
 Generating 4 images with prompt:with the Eiffel Tower in the background.
11/14/2024 20:12:25 - INFO - root - Image have been saved in /shenzihe/WD-Disk/output/exp/robot_toy/checkpoint-100/images/with_the_Eiffel_Tower_in_the_background/
11/14/2024 20:12:38 - INFO - root - Image have been saved in /shenzihe/WD-Disk/output/exp/robot_toy/checkpoint-100/images/with_the_Eiffel_Tower_in_the_background/
11/14/2024 20:12:51 - INFO - root - Image have been saved in /shenzihe/WD-Disk/output/exp/robot_toy/checkpoint-100/images/with_the_Eiffel_Tower_in_the_background/
11/14/2024 20:13:05 - INFO - root - Image have been saved in /shenzihe/WD-Disk/output/exp/robot_toy/checkpoint-100/images/with_the_Eiffel_Tower_in_the_background/
11/14/2024 20:13:05 - INFO - __main__ - Running validation... 
 Generating 4 images with prompt:floating on top of water.
11/14/2024 20:13:18 - INFO - root - Image have been saved in /shenzihe/WD-Disk/output/exp/robot_toy/checkpoint-100/images/floating_on_top_of_water/
11/14/2024 20:13:31 - INFO - root - Image have been saved in /shenzihe/WD-Disk/output/exp/robot_toy/checkpoint-100/images/floating_on_top_of_water/
11/14/2024 20:13:45 - INFO - root - Image have been saved in /shenzihe/WD-Disk/output/exp/robot_toy/checkpoint-100/images/floating_on_top_of_water/
11/14/2024 20:13:58 - INFO - root - Image have been saved in /shenzihe/WD-Disk/output/exp/robot_toy/checkpoint-100/images/floating_on_top_of_water/
11/14/2024 20:13:58 - INFO - __main__ - Running validation... 
 Generating 4 images with prompt:floating in an ocean of milk.
11/14/2024 20:14:12 - INFO - root - Image have been saved in /shenzihe/WD-Disk/output/exp/robot_toy/checkpoint-100/images/floating_in_an_ocean_of_milk/
11/14/2024 20:14:25 - INFO - root - Image have been saved in /shenzihe/WD-Disk/output/exp/robot_toy/checkpoint-100/images/floating_in_an_ocean_of_milk/
11/14/2024 20:14:38 - INFO - root - Image have been saved in /shenzihe/WD-Disk/output/exp/robot_toy/checkpoint-100/images/floating_in_an_ocean_of_milk/
11/14/2024 20:14:52 - INFO - root - Image have been saved in /shenzihe/WD-Disk/output/exp/robot_toy/checkpoint-100/images/floating_in_an_ocean_of_milk/
11/14/2024 20:14:52 - INFO - __main__ - Running validation... 
 Generating 4 images with prompt:on top of green grass with sunflowers around it.
11/14/2024 20:15:05 - INFO - root - Image have been saved in /shenzihe/WD-Disk/output/exp/robot_toy/checkpoint-100/images/on_top_of_green_grass_with_sunflowers_around_it/
11/14/2024 20:15:18 - INFO - root - Image have been saved in /shenzihe/WD-Disk/output/exp/robot_toy/checkpoint-100/images/on_top_of_green_grass_with_sunflowers_around_it/
11/14/2024 20:15:32 - INFO - root - Image have been saved in /shenzihe/WD-Disk/output/exp/robot_toy/checkpoint-100/images/on_top_of_green_grass_with_sunflowers_around_it/
11/14/2024 20:15:45 - INFO - root - Image have been saved in /shenzihe/WD-Disk/output/exp/robot_toy/checkpoint-100/images/on_top_of_green_grass_with_sunflowers_around_it/
11/14/2024 20:15:45 - INFO - __main__ - Running validation... 
 Generating 4 images with prompt:on top of a mirror.
11/14/2024 20:15:58 - INFO - root - Image have been saved in /shenzihe/WD-Disk/output/exp/robot_toy/checkpoint-100/images/on_top_of_a_mirror/
11/14/2024 20:16:12 - INFO - root - Image have been saved in /shenzihe/WD-Disk/output/exp/robot_toy/checkpoint-100/images/on_top_of_a_mirror/
11/14/2024 20:16:25 - INFO - root - Image have been saved in /shenzihe/WD-Disk/output/exp/robot_toy/checkpoint-100/images/on_top_of_a_mirror/
11/14/2024 20:16:38 - INFO - root - Image have been saved in /shenzihe/WD-Disk/output/exp/robot_toy/checkpoint-100/images/on_top_of_a_mirror/
11/14/2024 20:16:38 - INFO - __main__ - Running validation... 
 Generating 4 images with prompt:on top of the sidewalk in a crowded street.
11/14/2024 20:16:52 - INFO - root - Image have been saved in /shenzihe/WD-Disk/output/exp/robot_toy/checkpoint-100/images/on_top_of_the_sidewalk_in_a_crowded_street/
11/14/2024 20:17:05 - INFO - root - Image have been saved in /shenzihe/WD-Disk/output/exp/robot_toy/checkpoint-100/images/on_top_of_the_sidewalk_in_a_crowded_street/
11/14/2024 20:17:18 - INFO - root - Image have been saved in /shenzihe/WD-Disk/output/exp/robot_toy/checkpoint-100/images/on_top_of_the_sidewalk_in_a_crowded_street/
11/14/2024 20:17:32 - INFO - root - Image have been saved in /shenzihe/WD-Disk/output/exp/robot_toy/checkpoint-100/images/on_top_of_the_sidewalk_in_a_crowded_street/
11/14/2024 20:17:32 - INFO - __main__ - Running validation... 
 Generating 4 images with prompt:on top of a dirt road.
11/14/2024 20:17:45 - INFO - root - Image have been saved in /shenzihe/WD-Disk/output/exp/robot_toy/checkpoint-100/images/on_top_of_a_dirt_road/
11/14/2024 20:17:58 - INFO - root - Image have been saved in /shenzihe/WD-Disk/output/exp/robot_toy/checkpoint-100/images/on_top_of_a_dirt_road/
11/14/2024 20:18:12 - INFO - root - Image have been saved in /shenzihe/WD-Disk/output/exp/robot_toy/checkpoint-100/images/on_top_of_a_dirt_road/
11/14/2024 20:18:25 - INFO - root - Image have been saved in /shenzihe/WD-Disk/output/exp/robot_toy/checkpoint-100/images/on_top_of_a_dirt_road/
11/14/2024 20:18:25 - INFO - __main__ - Running validation... 
 Generating 4 images with prompt:on top of a white rug.
11/14/2024 20:18:38 - INFO - root - Image have been saved in /shenzihe/WD-Disk/output/exp/robot_toy/checkpoint-100/images/on_top_of_a_white_rug/
11/14/2024 20:18:52 - INFO - root - Image have been saved in /shenzihe/WD-Disk/output/exp/robot_toy/checkpoint-100/images/on_top_of_a_white_rug/
11/14/2024 20:19:05 - INFO - root - Image have been saved in /shenzihe/WD-Disk/output/exp/robot_toy/checkpoint-100/images/on_top_of_a_white_rug/
11/14/2024 20:19:18 - INFO - root - Image have been saved in /shenzihe/WD-Disk/output/exp/robot_toy/checkpoint-100/images/on_top_of_a_white_rug/
11/14/2024 20:19:18 - INFO - __main__ - Running validation... 
 Generating 4 images with prompt:red.
11/14/2024 20:19:32 - INFO - root - Image have been saved in /shenzihe/WD-Disk/output/exp/robot_toy/checkpoint-100/images/red/
11/14/2024 20:19:45 - INFO - root - Image have been saved in /shenzihe/WD-Disk/output/exp/robot_toy/checkpoint-100/images/red/
11/14/2024 20:19:58 - INFO - root - Image have been saved in /shenzihe/WD-Disk/output/exp/robot_toy/checkpoint-100/images/red/
11/14/2024 20:20:12 - INFO - root - Image have been saved in /shenzihe/WD-Disk/output/exp/robot_toy/checkpoint-100/images/red/
11/14/2024 20:20:12 - INFO - __main__ - Running validation... 
 Generating 4 images with prompt:purple.
11/14/2024 20:20:25 - INFO - root - Image have been saved in /shenzihe/WD-Disk/output/exp/robot_toy/checkpoint-100/images/purple/
11/14/2024 20:20:38 - INFO - root - Image have been saved in /shenzihe/WD-Disk/output/exp/robot_toy/checkpoint-100/images/purple/
11/14/2024 20:20:52 - INFO - root - Image have been saved in /shenzihe/WD-Disk/output/exp/robot_toy/checkpoint-100/images/purple/
11/14/2024 20:21:05 - INFO - root - Image have been saved in /shenzihe/WD-Disk/output/exp/robot_toy/checkpoint-100/images/purple/
11/14/2024 20:21:05 - INFO - __main__ - Running validation... 
 Generating 4 images with prompt:shiny.
11/14/2024 20:21:18 - INFO - root - Image have been saved in /shenzihe/WD-Disk/output/exp/robot_toy/checkpoint-100/images/shiny/
11/14/2024 20:21:32 - INFO - root - Image have been saved in /shenzihe/WD-Disk/output/exp/robot_toy/checkpoint-100/images/shiny/
11/14/2024 20:21:45 - INFO - root - Image have been saved in /shenzihe/WD-Disk/output/exp/robot_toy/checkpoint-100/images/shiny/
11/14/2024 20:21:58 - INFO - root - Image have been saved in /shenzihe/WD-Disk/output/exp/robot_toy/checkpoint-100/images/shiny/
11/14/2024 20:21:58 - INFO - __main__ - Running validation... 
 Generating 4 images with prompt:wet.
11/14/2024 20:22:12 - INFO - root - Image have been saved in /shenzihe/WD-Disk/output/exp/robot_toy/checkpoint-100/images/wet/
11/14/2024 20:22:25 - INFO - root - Image have been saved in /shenzihe/WD-Disk/output/exp/robot_toy/checkpoint-100/images/wet/
11/14/2024 20:22:38 - INFO - root - Image have been saved in /shenzihe/WD-Disk/output/exp/robot_toy/checkpoint-100/images/wet/
11/14/2024 20:22:52 - INFO - root - Image have been saved in /shenzihe/WD-Disk/output/exp/robot_toy/checkpoint-100/images/wet/
11/14/2024 20:22:52 - INFO - __main__ - Running validation... 
 Generating 4 images with prompt:cube shaped.
11/14/2024 20:23:05 - INFO - root - Image have been saved in /shenzihe/WD-Disk/output/exp/robot_toy/checkpoint-100/images/cube_shaped/
11/14/2024 20:23:18 - INFO - root - Image have been saved in /shenzihe/WD-Disk/output/exp/robot_toy/checkpoint-100/images/cube_shaped/
11/14/2024 20:23:32 - INFO - root - Image have been saved in /shenzihe/WD-Disk/output/exp/robot_toy/checkpoint-100/images/cube_shaped/
11/14/2024 20:23:45 - INFO - root - Image have been saved in /shenzihe/WD-Disk/output/exp/robot_toy/checkpoint-100/images/cube_shaped/
