11/14/2024 03:43:35 - INFO - __main__ - Distributed environment: NO
Num processes: 1
Process index: 0
Local process index: 0
Device: cuda

Mixed precision type: no

11/14/2024 03:43:38 - INFO - root - freeze vision encoder
11/14/2024 03:43:48 - INFO - root - Loading pretrained model from /root/.cache/torch/hub/checkpoints/blip-diffusion
11/14/2024 03:43:48 - INFO - root - Loading pretrained BLIP2 Qformer weights.
11/14/2024 03:43:50 - INFO - root - Loading pretrained projection lyer weights.
11/14/2024 03:43:50 - INFO - root - Loading pretrained text encoder weights.
11/14/2024 03:43:51 - INFO - root - Loading pretrained vae weights.
11/14/2024 03:43:52 - INFO - root - Loading pretrained unet weights.
11/14/2024 03:43:59 - INFO - root - Using xformers.
11/14/2024 03:43:59 - INFO - root - Building datasets...
11/14/2024 03:44:09 - INFO - root - freeze vision encoder
11/14/2024 03:44:55 - INFO - root - load checkpoint from https://storage.googleapis.com/sfr-vision-language-research/LAVIS/models/BLIP2/blip2_pretrained_flant5xl.pth
11/14/2024 03:44:56 - INFO - __main__ - 
***** Running training *****
11/14/2024 03:44:56 - INFO - __main__ -   Num examples = 5
11/14/2024 03:44:56 - INFO - __main__ -   Num batches each epoch = 2
11/14/2024 03:44:56 - INFO - __main__ -   Num Epochs = 50
11/14/2024 03:44:56 - INFO - __main__ -   Instantaneous batch size per device = 3
11/14/2024 03:44:56 - INFO - __main__ -   Total train batch size (w. parallel, distributed & accumulation) = 3
11/14/2024 03:44:56 - INFO - __main__ -   Gradient Accumulation steps = 1
11/14/2024 03:44:56 - INFO - __main__ -   Total optimization steps = 100
11/14/2024 03:48:52 - INFO - __main__ - Running validation... 
 Generating 4 images with prompt:in the jungle.
11/14/2024 03:49:06 - INFO - root - Image have been saved in /shenzihe/WD-Disk/output/mit_mascot_bsz_2_loss_0_1_0/checkpoint-100/images/in_the_jungle/
11/14/2024 03:49:19 - INFO - root - Image have been saved in /shenzihe/WD-Disk/output/mit_mascot_bsz_2_loss_0_1_0/checkpoint-100/images/in_the_jungle/
11/14/2024 03:49:32 - INFO - root - Image have been saved in /shenzihe/WD-Disk/output/mit_mascot_bsz_2_loss_0_1_0/checkpoint-100/images/in_the_jungle/
11/14/2024 03:49:46 - INFO - root - Image have been saved in /shenzihe/WD-Disk/output/mit_mascot_bsz_2_loss_0_1_0/checkpoint-100/images/in_the_jungle/
11/14/2024 03:49:46 - INFO - __main__ - Running validation... 
 Generating 4 images with prompt:in the snow.
11/14/2024 03:50:00 - INFO - root - Image have been saved in /shenzihe/WD-Disk/output/mit_mascot_bsz_2_loss_0_1_0/checkpoint-100/images/in_the_snow/
11/14/2024 03:50:13 - INFO - root - Image have been saved in /shenzihe/WD-Disk/output/mit_mascot_bsz_2_loss_0_1_0/checkpoint-100/images/in_the_snow/
11/14/2024 03:50:26 - INFO - root - Image have been saved in /shenzihe/WD-Disk/output/mit_mascot_bsz_2_loss_0_1_0/checkpoint-100/images/in_the_snow/
11/14/2024 03:50:40 - INFO - root - Image have been saved in /shenzihe/WD-Disk/output/mit_mascot_bsz_2_loss_0_1_0/checkpoint-100/images/in_the_snow/
11/14/2024 03:50:40 - INFO - __main__ - Running validation... 
 Generating 4 images with prompt:on the beach.
11/14/2024 03:50:53 - INFO - root - Image have been saved in /shenzihe/WD-Disk/output/mit_mascot_bsz_2_loss_0_1_0/checkpoint-100/images/on_the_beach/
11/14/2024 03:51:07 - INFO - root - Image have been saved in /shenzihe/WD-Disk/output/mit_mascot_bsz_2_loss_0_1_0/checkpoint-100/images/on_the_beach/
11/14/2024 03:51:20 - INFO - root - Image have been saved in /shenzihe/WD-Disk/output/mit_mascot_bsz_2_loss_0_1_0/checkpoint-100/images/on_the_beach/
11/14/2024 03:51:34 - INFO - root - Image have been saved in /shenzihe/WD-Disk/output/mit_mascot_bsz_2_loss_0_1_0/checkpoint-100/images/on_the_beach/
11/14/2024 03:51:34 - INFO - __main__ - Running validation... 
 Generating 4 images with prompt:on a cobblestone street.
11/14/2024 03:51:49 - INFO - root - Image have been saved in /shenzihe/WD-Disk/output/mit_mascot_bsz_2_loss_0_1_0/checkpoint-100/images/on_a_cobblestone_street/
11/14/2024 03:52:02 - INFO - root - Image have been saved in /shenzihe/WD-Disk/output/mit_mascot_bsz_2_loss_0_1_0/checkpoint-100/images/on_a_cobblestone_street/
11/14/2024 03:52:16 - INFO - root - Image have been saved in /shenzihe/WD-Disk/output/mit_mascot_bsz_2_loss_0_1_0/checkpoint-100/images/on_a_cobblestone_street/
11/14/2024 03:52:29 - INFO - root - Image have been saved in /shenzihe/WD-Disk/output/mit_mascot_bsz_2_loss_0_1_0/checkpoint-100/images/on_a_cobblestone_street/
11/14/2024 03:52:29 - INFO - __main__ - Running validation... 
 Generating 4 images with prompt:on top of pink fabric.
11/14/2024 03:52:43 - INFO - root - Image have been saved in /shenzihe/WD-Disk/output/mit_mascot_bsz_2_loss_0_1_0/checkpoint-100/images/on_top_of_pink_fabric/
11/14/2024 03:52:56 - INFO - root - Image have been saved in /shenzihe/WD-Disk/output/mit_mascot_bsz_2_loss_0_1_0/checkpoint-100/images/on_top_of_pink_fabric/
11/14/2024 03:53:10 - INFO - root - Image have been saved in /shenzihe/WD-Disk/output/mit_mascot_bsz_2_loss_0_1_0/checkpoint-100/images/on_top_of_pink_fabric/
11/14/2024 03:53:23 - INFO - root - Image have been saved in /shenzihe/WD-Disk/output/mit_mascot_bsz_2_loss_0_1_0/checkpoint-100/images/on_top_of_pink_fabric/
11/14/2024 03:53:23 - INFO - __main__ - Running validation... 
 Generating 4 images with prompt:on top of a wooden floor.
11/14/2024 03:53:37 - INFO - root - Image have been saved in /shenzihe/WD-Disk/output/mit_mascot_bsz_2_loss_0_1_0/checkpoint-100/images/on_top_of_a_wooden_floor/
11/14/2024 03:53:50 - INFO - root - Image have been saved in /shenzihe/WD-Disk/output/mit_mascot_bsz_2_loss_0_1_0/checkpoint-100/images/on_top_of_a_wooden_floor/
11/14/2024 03:54:04 - INFO - root - Image have been saved in /shenzihe/WD-Disk/output/mit_mascot_bsz_2_loss_0_1_0/checkpoint-100/images/on_top_of_a_wooden_floor/
11/14/2024 03:54:17 - INFO - root - Image have been saved in /shenzihe/WD-Disk/output/mit_mascot_bsz_2_loss_0_1_0/checkpoint-100/images/on_top_of_a_wooden_floor/
11/14/2024 03:54:17 - INFO - __main__ - Running validation... 
 Generating 4 images with prompt:with a city in the background.
11/14/2024 03:54:31 - INFO - root - Image have been saved in /shenzihe/WD-Disk/output/mit_mascot_bsz_2_loss_0_1_0/checkpoint-100/images/with_a_city_in_the_background/
11/14/2024 03:54:44 - INFO - root - Image have been saved in /shenzihe/WD-Disk/output/mit_mascot_bsz_2_loss_0_1_0/checkpoint-100/images/with_a_city_in_the_background/
11/14/2024 03:54:58 - INFO - root - Image have been saved in /shenzihe/WD-Disk/output/mit_mascot_bsz_2_loss_0_1_0/checkpoint-100/images/with_a_city_in_the_background/
11/14/2024 03:55:11 - INFO - root - Image have been saved in /shenzihe/WD-Disk/output/mit_mascot_bsz_2_loss_0_1_0/checkpoint-100/images/with_a_city_in_the_background/
11/14/2024 03:55:11 - INFO - __main__ - Running validation... 
 Generating 4 images with prompt:with a mountain in the background.
11/14/2024 03:55:25 - INFO - root - Image have been saved in /shenzihe/WD-Disk/output/mit_mascot_bsz_2_loss_0_1_0/checkpoint-100/images/with_a_mountain_in_the_background/
11/14/2024 03:55:38 - INFO - root - Image have been saved in /shenzihe/WD-Disk/output/mit_mascot_bsz_2_loss_0_1_0/checkpoint-100/images/with_a_mountain_in_the_background/
11/14/2024 03:55:51 - INFO - root - Image have been saved in /shenzihe/WD-Disk/output/mit_mascot_bsz_2_loss_0_1_0/checkpoint-100/images/with_a_mountain_in_the_background/
11/14/2024 03:56:05 - INFO - root - Image have been saved in /shenzihe/WD-Disk/output/mit_mascot_bsz_2_loss_0_1_0/checkpoint-100/images/with_a_mountain_in_the_background/
11/14/2024 03:56:05 - INFO - __main__ - Running validation... 
 Generating 4 images with prompt:with a blue house in the background.
11/14/2024 03:56:18 - INFO - root - Image have been saved in /shenzihe/WD-Disk/output/mit_mascot_bsz_2_loss_0_1_0/checkpoint-100/images/with_a_blue_house_in_the_background/
11/14/2024 03:56:32 - INFO - root - Image have been saved in /shenzihe/WD-Disk/output/mit_mascot_bsz_2_loss_0_1_0/checkpoint-100/images/with_a_blue_house_in_the_background/
11/14/2024 03:56:45 - INFO - root - Image have been saved in /shenzihe/WD-Disk/output/mit_mascot_bsz_2_loss_0_1_0/checkpoint-100/images/with_a_blue_house_in_the_background/
11/14/2024 03:56:59 - INFO - root - Image have been saved in /shenzihe/WD-Disk/output/mit_mascot_bsz_2_loss_0_1_0/checkpoint-100/images/with_a_blue_house_in_the_background/
11/14/2024 03:56:59 - INFO - __main__ - Running validation... 
 Generating 4 images with prompt:on top of a purple rug in a forest.
11/14/2024 03:57:12 - INFO - root - Image have been saved in /shenzihe/WD-Disk/output/mit_mascot_bsz_2_loss_0_1_0/checkpoint-100/images/on_top_of_a_purple_rug_in_a_forest/
11/14/2024 03:57:26 - INFO - root - Image have been saved in /shenzihe/WD-Disk/output/mit_mascot_bsz_2_loss_0_1_0/checkpoint-100/images/on_top_of_a_purple_rug_in_a_forest/
11/14/2024 03:57:39 - INFO - root - Image have been saved in /shenzihe/WD-Disk/output/mit_mascot_bsz_2_loss_0_1_0/checkpoint-100/images/on_top_of_a_purple_rug_in_a_forest/
11/14/2024 03:57:53 - INFO - root - Image have been saved in /shenzihe/WD-Disk/output/mit_mascot_bsz_2_loss_0_1_0/checkpoint-100/images/on_top_of_a_purple_rug_in_a_forest/
11/14/2024 03:57:53 - INFO - __main__ - Running validation... 
 Generating 4 images with prompt:with a wheat field in the background.
11/14/2024 03:58:06 - INFO - root - Image have been saved in /shenzihe/WD-Disk/output/mit_mascot_bsz_2_loss_0_1_0/checkpoint-100/images/with_a_wheat_field_in_the_background/
11/14/2024 03:58:20 - INFO - root - Image have been saved in /shenzihe/WD-Disk/output/mit_mascot_bsz_2_loss_0_1_0/checkpoint-100/images/with_a_wheat_field_in_the_background/
11/14/2024 03:58:33 - INFO - root - Image have been saved in /shenzihe/WD-Disk/output/mit_mascot_bsz_2_loss_0_1_0/checkpoint-100/images/with_a_wheat_field_in_the_background/
11/14/2024 03:58:46 - INFO - root - Image have been saved in /shenzihe/WD-Disk/output/mit_mascot_bsz_2_loss_0_1_0/checkpoint-100/images/with_a_wheat_field_in_the_background/
11/14/2024 03:58:46 - INFO - __main__ - Running validation... 
 Generating 4 images with prompt:with a tree and autumn leaves in the background.
11/14/2024 03:59:00 - INFO - root - Image have been saved in /shenzihe/WD-Disk/output/mit_mascot_bsz_2_loss_0_1_0/checkpoint-100/images/with_a_tree_and_autumn_leaves_in_the_background/
11/14/2024 03:59:13 - INFO - root - Image have been saved in /shenzihe/WD-Disk/output/mit_mascot_bsz_2_loss_0_1_0/checkpoint-100/images/with_a_tree_and_autumn_leaves_in_the_background/
11/14/2024 03:59:27 - INFO - root - Image have been saved in /shenzihe/WD-Disk/output/mit_mascot_bsz_2_loss_0_1_0/checkpoint-100/images/with_a_tree_and_autumn_leaves_in_the_background/
11/14/2024 03:59:40 - INFO - root - Image have been saved in /shenzihe/WD-Disk/output/mit_mascot_bsz_2_loss_0_1_0/checkpoint-100/images/with_a_tree_and_autumn_leaves_in_the_background/
11/14/2024 03:59:40 - INFO - __main__ - Running validation... 
 Generating 4 images with prompt:with the Eiffel Tower in the background.
11/14/2024 03:59:54 - INFO - root - Image have been saved in /shenzihe/WD-Disk/output/mit_mascot_bsz_2_loss_0_1_0/checkpoint-100/images/with_the_Eiffel_Tower_in_the_background/
11/14/2024 04:00:07 - INFO - root - Image have been saved in /shenzihe/WD-Disk/output/mit_mascot_bsz_2_loss_0_1_0/checkpoint-100/images/with_the_Eiffel_Tower_in_the_background/
11/14/2024 04:00:21 - INFO - root - Image have been saved in /shenzihe/WD-Disk/output/mit_mascot_bsz_2_loss_0_1_0/checkpoint-100/images/with_the_Eiffel_Tower_in_the_background/
11/14/2024 04:00:34 - INFO - root - Image have been saved in /shenzihe/WD-Disk/output/mit_mascot_bsz_2_loss_0_1_0/checkpoint-100/images/with_the_Eiffel_Tower_in_the_background/
11/14/2024 04:00:34 - INFO - __main__ - Running validation... 
 Generating 4 images with prompt:floating on top of water.
11/14/2024 04:00:48 - INFO - root - Image have been saved in /shenzihe/WD-Disk/output/mit_mascot_bsz_2_loss_0_1_0/checkpoint-100/images/floating_on_top_of_water/
11/14/2024 04:01:01 - INFO - root - Image have been saved in /shenzihe/WD-Disk/output/mit_mascot_bsz_2_loss_0_1_0/checkpoint-100/images/floating_on_top_of_water/
11/14/2024 04:01:15 - INFO - root - Image have been saved in /shenzihe/WD-Disk/output/mit_mascot_bsz_2_loss_0_1_0/checkpoint-100/images/floating_on_top_of_water/
11/14/2024 04:01:28 - INFO - root - Image have been saved in /shenzihe/WD-Disk/output/mit_mascot_bsz_2_loss_0_1_0/checkpoint-100/images/floating_on_top_of_water/
11/14/2024 04:01:28 - INFO - __main__ - Running validation... 
 Generating 4 images with prompt:floating in an ocean of milk.
11/14/2024 04:01:42 - INFO - root - Image have been saved in /shenzihe/WD-Disk/output/mit_mascot_bsz_2_loss_0_1_0/checkpoint-100/images/floating_in_an_ocean_of_milk/
11/14/2024 04:01:55 - INFO - root - Image have been saved in /shenzihe/WD-Disk/output/mit_mascot_bsz_2_loss_0_1_0/checkpoint-100/images/floating_in_an_ocean_of_milk/
11/14/2024 04:02:09 - INFO - root - Image have been saved in /shenzihe/WD-Disk/output/mit_mascot_bsz_2_loss_0_1_0/checkpoint-100/images/floating_in_an_ocean_of_milk/
11/14/2024 04:02:22 - INFO - root - Image have been saved in /shenzihe/WD-Disk/output/mit_mascot_bsz_2_loss_0_1_0/checkpoint-100/images/floating_in_an_ocean_of_milk/
11/14/2024 04:02:22 - INFO - __main__ - Running validation... 
 Generating 4 images with prompt:on top of green grass with sunflowers around it.
11/14/2024 04:02:35 - INFO - root - Image have been saved in /shenzihe/WD-Disk/output/mit_mascot_bsz_2_loss_0_1_0/checkpoint-100/images/on_top_of_green_grass_with_sunflowers_around_it/
11/14/2024 04:02:49 - INFO - root - Image have been saved in /shenzihe/WD-Disk/output/mit_mascot_bsz_2_loss_0_1_0/checkpoint-100/images/on_top_of_green_grass_with_sunflowers_around_it/
11/14/2024 04:03:02 - INFO - root - Image have been saved in /shenzihe/WD-Disk/output/mit_mascot_bsz_2_loss_0_1_0/checkpoint-100/images/on_top_of_green_grass_with_sunflowers_around_it/
11/14/2024 04:03:16 - INFO - root - Image have been saved in /shenzihe/WD-Disk/output/mit_mascot_bsz_2_loss_0_1_0/checkpoint-100/images/on_top_of_green_grass_with_sunflowers_around_it/
11/14/2024 04:03:16 - INFO - __main__ - Running validation... 
 Generating 4 images with prompt:on top of a mirror.
11/14/2024 04:03:29 - INFO - root - Image have been saved in /shenzihe/WD-Disk/output/mit_mascot_bsz_2_loss_0_1_0/checkpoint-100/images/on_top_of_a_mirror/
11/14/2024 04:03:43 - INFO - root - Image have been saved in /shenzihe/WD-Disk/output/mit_mascot_bsz_2_loss_0_1_0/checkpoint-100/images/on_top_of_a_mirror/
11/14/2024 04:03:56 - INFO - root - Image have been saved in /shenzihe/WD-Disk/output/mit_mascot_bsz_2_loss_0_1_0/checkpoint-100/images/on_top_of_a_mirror/
11/14/2024 04:04:10 - INFO - root - Image have been saved in /shenzihe/WD-Disk/output/mit_mascot_bsz_2_loss_0_1_0/checkpoint-100/images/on_top_of_a_mirror/
11/14/2024 04:04:10 - INFO - __main__ - Running validation... 
 Generating 4 images with prompt:on top of the sidewalk in a crowded street.
11/14/2024 04:04:23 - INFO - root - Image have been saved in /shenzihe/WD-Disk/output/mit_mascot_bsz_2_loss_0_1_0/checkpoint-100/images/on_top_of_the_sidewalk_in_a_crowded_street/
11/14/2024 04:04:37 - INFO - root - Image have been saved in /shenzihe/WD-Disk/output/mit_mascot_bsz_2_loss_0_1_0/checkpoint-100/images/on_top_of_the_sidewalk_in_a_crowded_street/
11/14/2024 04:04:50 - INFO - root - Image have been saved in /shenzihe/WD-Disk/output/mit_mascot_bsz_2_loss_0_1_0/checkpoint-100/images/on_top_of_the_sidewalk_in_a_crowded_street/
11/14/2024 04:05:03 - INFO - root - Image have been saved in /shenzihe/WD-Disk/output/mit_mascot_bsz_2_loss_0_1_0/checkpoint-100/images/on_top_of_the_sidewalk_in_a_crowded_street/
11/14/2024 04:05:03 - INFO - __main__ - Running validation... 
 Generating 4 images with prompt:on top of a dirt road.
11/14/2024 04:05:17 - INFO - root - Image have been saved in /shenzihe/WD-Disk/output/mit_mascot_bsz_2_loss_0_1_0/checkpoint-100/images/on_top_of_a_dirt_road/
11/14/2024 04:05:31 - INFO - root - Image have been saved in /shenzihe/WD-Disk/output/mit_mascot_bsz_2_loss_0_1_0/checkpoint-100/images/on_top_of_a_dirt_road/
11/14/2024 04:05:44 - INFO - root - Image have been saved in /shenzihe/WD-Disk/output/mit_mascot_bsz_2_loss_0_1_0/checkpoint-100/images/on_top_of_a_dirt_road/
11/14/2024 04:05:57 - INFO - root - Image have been saved in /shenzihe/WD-Disk/output/mit_mascot_bsz_2_loss_0_1_0/checkpoint-100/images/on_top_of_a_dirt_road/
11/14/2024 04:05:57 - INFO - __main__ - Running validation... 
 Generating 4 images with prompt:on top of a white rug.
11/14/2024 04:06:11 - INFO - root - Image have been saved in /shenzihe/WD-Disk/output/mit_mascot_bsz_2_loss_0_1_0/checkpoint-100/images/on_top_of_a_white_rug/
11/14/2024 04:06:25 - INFO - root - Image have been saved in /shenzihe/WD-Disk/output/mit_mascot_bsz_2_loss_0_1_0/checkpoint-100/images/on_top_of_a_white_rug/
11/14/2024 04:06:38 - INFO - root - Image have been saved in /shenzihe/WD-Disk/output/mit_mascot_bsz_2_loss_0_1_0/checkpoint-100/images/on_top_of_a_white_rug/
11/14/2024 04:06:52 - INFO - root - Image have been saved in /shenzihe/WD-Disk/output/mit_mascot_bsz_2_loss_0_1_0/checkpoint-100/images/on_top_of_a_white_rug/
11/14/2024 04:06:52 - INFO - __main__ - Running validation... 
 Generating 4 images with prompt:red.
11/14/2024 04:07:05 - INFO - root - Image have been saved in /shenzihe/WD-Disk/output/mit_mascot_bsz_2_loss_0_1_0/checkpoint-100/images/red/
11/14/2024 04:07:18 - INFO - root - Image have been saved in /shenzihe/WD-Disk/output/mit_mascot_bsz_2_loss_0_1_0/checkpoint-100/images/red/
11/14/2024 04:07:32 - INFO - root - Image have been saved in /shenzihe/WD-Disk/output/mit_mascot_bsz_2_loss_0_1_0/checkpoint-100/images/red/
11/14/2024 04:07:45 - INFO - root - Image have been saved in /shenzihe/WD-Disk/output/mit_mascot_bsz_2_loss_0_1_0/checkpoint-100/images/red/
11/14/2024 04:07:45 - INFO - __main__ - Running validation... 
 Generating 4 images with prompt:purple.
11/14/2024 04:07:59 - INFO - root - Image have been saved in /shenzihe/WD-Disk/output/mit_mascot_bsz_2_loss_0_1_0/checkpoint-100/images/purple/
11/14/2024 04:08:12 - INFO - root - Image have been saved in /shenzihe/WD-Disk/output/mit_mascot_bsz_2_loss_0_1_0/checkpoint-100/images/purple/
11/14/2024 04:08:26 - INFO - root - Image have been saved in /shenzihe/WD-Disk/output/mit_mascot_bsz_2_loss_0_1_0/checkpoint-100/images/purple/
11/14/2024 04:08:39 - INFO - root - Image have been saved in /shenzihe/WD-Disk/output/mit_mascot_bsz_2_loss_0_1_0/checkpoint-100/images/purple/
11/14/2024 04:08:39 - INFO - __main__ - Running validation... 
 Generating 4 images with prompt:shiny.
11/14/2024 04:08:53 - INFO - root - Image have been saved in /shenzihe/WD-Disk/output/mit_mascot_bsz_2_loss_0_1_0/checkpoint-100/images/shiny/
11/14/2024 04:09:06 - INFO - root - Image have been saved in /shenzihe/WD-Disk/output/mit_mascot_bsz_2_loss_0_1_0/checkpoint-100/images/shiny/
11/14/2024 04:09:20 - INFO - root - Image have been saved in /shenzihe/WD-Disk/output/mit_mascot_bsz_2_loss_0_1_0/checkpoint-100/images/shiny/
11/14/2024 04:09:33 - INFO - root - Image have been saved in /shenzihe/WD-Disk/output/mit_mascot_bsz_2_loss_0_1_0/checkpoint-100/images/shiny/
11/14/2024 04:09:33 - INFO - __main__ - Running validation... 
 Generating 4 images with prompt:wet.
11/14/2024 04:09:47 - INFO - root - Image have been saved in /shenzihe/WD-Disk/output/mit_mascot_bsz_2_loss_0_1_0/checkpoint-100/images/wet/
11/14/2024 04:10:00 - INFO - root - Image have been saved in /shenzihe/WD-Disk/output/mit_mascot_bsz_2_loss_0_1_0/checkpoint-100/images/wet/
11/14/2024 04:10:14 - INFO - root - Image have been saved in /shenzihe/WD-Disk/output/mit_mascot_bsz_2_loss_0_1_0/checkpoint-100/images/wet/
11/14/2024 04:10:27 - INFO - root - Image have been saved in /shenzihe/WD-Disk/output/mit_mascot_bsz_2_loss_0_1_0/checkpoint-100/images/wet/
11/14/2024 04:10:27 - INFO - __main__ - Running validation... 
 Generating 4 images with prompt:cube shaped.
11/14/2024 04:10:41 - INFO - root - Image have been saved in /shenzihe/WD-Disk/output/mit_mascot_bsz_2_loss_0_1_0/checkpoint-100/images/cube_shaped/
11/14/2024 04:10:54 - INFO - root - Image have been saved in /shenzihe/WD-Disk/output/mit_mascot_bsz_2_loss_0_1_0/checkpoint-100/images/cube_shaped/
11/14/2024 04:11:08 - INFO - root - Image have been saved in /shenzihe/WD-Disk/output/mit_mascot_bsz_2_loss_0_1_0/checkpoint-100/images/cube_shaped/
11/14/2024 04:11:21 - INFO - root - Image have been saved in /shenzihe/WD-Disk/output/mit_mascot_bsz_2_loss_0_1_0/checkpoint-100/images/cube_shaped/
