11/14/2024 11:46:39 - INFO - __main__ - Distributed environment: NO
Num processes: 1
Process index: 0
Local process index: 0
Device: cuda

Mixed precision type: no

11/14/2024 11:46:42 - INFO - root - freeze vision encoder
11/14/2024 11:46:52 - INFO - root - Loading pretrained model from /root/.cache/torch/hub/checkpoints/blip-diffusion
11/14/2024 11:46:52 - INFO - root - Loading pretrained BLIP2 Qformer weights.
11/14/2024 11:46:53 - INFO - root - Loading pretrained projection lyer weights.
11/14/2024 11:46:53 - INFO - root - Loading pretrained text encoder weights.
11/14/2024 11:46:54 - INFO - root - Loading pretrained vae weights.
11/14/2024 11:46:54 - INFO - root - Loading pretrained unet weights.
11/14/2024 11:47:02 - INFO - root - Using xformers.
11/14/2024 11:47:02 - INFO - root - Building datasets...
11/14/2024 11:47:12 - INFO - root - freeze vision encoder
11/14/2024 11:47:40 - INFO - root - load checkpoint from https://storage.googleapis.com/sfr-vision-language-research/LAVIS/models/BLIP2/blip2_pretrained_flant5xl.pth
11/14/2024 11:47:41 - INFO - __main__ - 
***** Running training *****
11/14/2024 11:47:41 - INFO - __main__ -   Num examples = 6
11/14/2024 11:47:41 - INFO - __main__ -   Num batches each epoch = 2
11/14/2024 11:47:41 - INFO - __main__ -   Num Epochs = 50
11/14/2024 11:47:41 - INFO - __main__ -   Instantaneous batch size per device = 3
11/14/2024 11:47:41 - INFO - __main__ -   Total train batch size (w. parallel, distributed & accumulation) = 3
11/14/2024 11:47:41 - INFO - __main__ -   Gradient Accumulation steps = 1
11/14/2024 11:47:41 - INFO - __main__ -   Total optimization steps = 100
11/14/2024 11:52:06 - INFO - __main__ - Running validation... 
 Generating 4 images with prompt:in the jungle.
11/14/2024 11:52:20 - INFO - root - Image have been saved in /shenzihe/WD-Disk/output/exp/clock/checkpoint-100/images/in_the_jungle/
11/14/2024 11:52:34 - INFO - root - Image have been saved in /shenzihe/WD-Disk/output/exp/clock/checkpoint-100/images/in_the_jungle/
11/14/2024 11:52:47 - INFO - root - Image have been saved in /shenzihe/WD-Disk/output/exp/clock/checkpoint-100/images/in_the_jungle/
11/14/2024 11:53:01 - INFO - root - Image have been saved in /shenzihe/WD-Disk/output/exp/clock/checkpoint-100/images/in_the_jungle/
11/14/2024 11:53:01 - INFO - __main__ - Running validation... 
 Generating 4 images with prompt:in the snow.
11/14/2024 11:53:14 - INFO - root - Image have been saved in /shenzihe/WD-Disk/output/exp/clock/checkpoint-100/images/in_the_snow/
11/14/2024 11:53:27 - INFO - root - Image have been saved in /shenzihe/WD-Disk/output/exp/clock/checkpoint-100/images/in_the_snow/
11/14/2024 11:53:41 - INFO - root - Image have been saved in /shenzihe/WD-Disk/output/exp/clock/checkpoint-100/images/in_the_snow/
11/14/2024 11:53:54 - INFO - root - Image have been saved in /shenzihe/WD-Disk/output/exp/clock/checkpoint-100/images/in_the_snow/
11/14/2024 11:53:54 - INFO - __main__ - Running validation... 
 Generating 4 images with prompt:on the beach.
11/14/2024 11:54:07 - INFO - root - Image have been saved in /shenzihe/WD-Disk/output/exp/clock/checkpoint-100/images/on_the_beach/
11/14/2024 11:54:21 - INFO - root - Image have been saved in /shenzihe/WD-Disk/output/exp/clock/checkpoint-100/images/on_the_beach/
11/14/2024 11:54:34 - INFO - root - Image have been saved in /shenzihe/WD-Disk/output/exp/clock/checkpoint-100/images/on_the_beach/
11/14/2024 11:54:48 - INFO - root - Image have been saved in /shenzihe/WD-Disk/output/exp/clock/checkpoint-100/images/on_the_beach/
11/14/2024 11:54:48 - INFO - __main__ - Running validation... 
 Generating 4 images with prompt:on a cobblestone street.
11/14/2024 11:55:01 - INFO - root - Image have been saved in /shenzihe/WD-Disk/output/exp/clock/checkpoint-100/images/on_a_cobblestone_street/
11/14/2024 11:55:14 - INFO - root - Image have been saved in /shenzihe/WD-Disk/output/exp/clock/checkpoint-100/images/on_a_cobblestone_street/
11/14/2024 11:55:28 - INFO - root - Image have been saved in /shenzihe/WD-Disk/output/exp/clock/checkpoint-100/images/on_a_cobblestone_street/
11/14/2024 11:55:41 - INFO - root - Image have been saved in /shenzihe/WD-Disk/output/exp/clock/checkpoint-100/images/on_a_cobblestone_street/
11/14/2024 11:55:41 - INFO - __main__ - Running validation... 
 Generating 4 images with prompt:on top of pink fabric.
11/14/2024 11:55:54 - INFO - root - Image have been saved in /shenzihe/WD-Disk/output/exp/clock/checkpoint-100/images/on_top_of_pink_fabric/
11/14/2024 11:56:08 - INFO - root - Image have been saved in /shenzihe/WD-Disk/output/exp/clock/checkpoint-100/images/on_top_of_pink_fabric/
11/14/2024 11:56:21 - INFO - root - Image have been saved in /shenzihe/WD-Disk/output/exp/clock/checkpoint-100/images/on_top_of_pink_fabric/
11/14/2024 11:56:35 - INFO - root - Image have been saved in /shenzihe/WD-Disk/output/exp/clock/checkpoint-100/images/on_top_of_pink_fabric/
11/14/2024 11:56:35 - INFO - __main__ - Running validation... 
 Generating 4 images with prompt:on top of a wooden floor.
11/14/2024 11:56:48 - INFO - root - Image have been saved in /shenzihe/WD-Disk/output/exp/clock/checkpoint-100/images/on_top_of_a_wooden_floor/
11/14/2024 11:57:01 - INFO - root - Image have been saved in /shenzihe/WD-Disk/output/exp/clock/checkpoint-100/images/on_top_of_a_wooden_floor/
11/14/2024 11:57:15 - INFO - root - Image have been saved in /shenzihe/WD-Disk/output/exp/clock/checkpoint-100/images/on_top_of_a_wooden_floor/
11/14/2024 11:57:28 - INFO - root - Image have been saved in /shenzihe/WD-Disk/output/exp/clock/checkpoint-100/images/on_top_of_a_wooden_floor/
11/14/2024 11:57:28 - INFO - __main__ - Running validation... 
 Generating 4 images with prompt:with a city in the background.
11/14/2024 11:57:41 - INFO - root - Image have been saved in /shenzihe/WD-Disk/output/exp/clock/checkpoint-100/images/with_a_city_in_the_background/
11/14/2024 11:57:55 - INFO - root - Image have been saved in /shenzihe/WD-Disk/output/exp/clock/checkpoint-100/images/with_a_city_in_the_background/
11/14/2024 11:58:08 - INFO - root - Image have been saved in /shenzihe/WD-Disk/output/exp/clock/checkpoint-100/images/with_a_city_in_the_background/
11/14/2024 11:58:22 - INFO - root - Image have been saved in /shenzihe/WD-Disk/output/exp/clock/checkpoint-100/images/with_a_city_in_the_background/
11/14/2024 11:58:22 - INFO - __main__ - Running validation... 
 Generating 4 images with prompt:with a mountain in the background.
11/14/2024 11:58:35 - INFO - root - Image have been saved in /shenzihe/WD-Disk/output/exp/clock/checkpoint-100/images/with_a_mountain_in_the_background/
11/14/2024 11:58:48 - INFO - root - Image have been saved in /shenzihe/WD-Disk/output/exp/clock/checkpoint-100/images/with_a_mountain_in_the_background/
11/14/2024 11:59:02 - INFO - root - Image have been saved in /shenzihe/WD-Disk/output/exp/clock/checkpoint-100/images/with_a_mountain_in_the_background/
11/14/2024 11:59:15 - INFO - root - Image have been saved in /shenzihe/WD-Disk/output/exp/clock/checkpoint-100/images/with_a_mountain_in_the_background/
11/14/2024 11:59:15 - INFO - __main__ - Running validation... 
 Generating 4 images with prompt:with a blue house in the background.
11/14/2024 11:59:29 - INFO - root - Image have been saved in /shenzihe/WD-Disk/output/exp/clock/checkpoint-100/images/with_a_blue_house_in_the_background/
11/14/2024 11:59:42 - INFO - root - Image have been saved in /shenzihe/WD-Disk/output/exp/clock/checkpoint-100/images/with_a_blue_house_in_the_background/
11/14/2024 11:59:55 - INFO - root - Image have been saved in /shenzihe/WD-Disk/output/exp/clock/checkpoint-100/images/with_a_blue_house_in_the_background/
11/14/2024 12:00:09 - INFO - root - Image have been saved in /shenzihe/WD-Disk/output/exp/clock/checkpoint-100/images/with_a_blue_house_in_the_background/
11/14/2024 12:00:09 - INFO - __main__ - Running validation... 
 Generating 4 images with prompt:on top of a purple rug in a forest.
11/14/2024 12:00:22 - INFO - root - Image have been saved in /shenzihe/WD-Disk/output/exp/clock/checkpoint-100/images/on_top_of_a_purple_rug_in_a_forest/
11/14/2024 12:00:35 - INFO - root - Image have been saved in /shenzihe/WD-Disk/output/exp/clock/checkpoint-100/images/on_top_of_a_purple_rug_in_a_forest/
11/14/2024 12:00:49 - INFO - root - Image have been saved in /shenzihe/WD-Disk/output/exp/clock/checkpoint-100/images/on_top_of_a_purple_rug_in_a_forest/
11/14/2024 12:01:02 - INFO - root - Image have been saved in /shenzihe/WD-Disk/output/exp/clock/checkpoint-100/images/on_top_of_a_purple_rug_in_a_forest/
11/14/2024 12:01:02 - INFO - __main__ - Running validation... 
 Generating 4 images with prompt:with a wheat field in the background.
11/14/2024 12:01:16 - INFO - root - Image have been saved in /shenzihe/WD-Disk/output/exp/clock/checkpoint-100/images/with_a_wheat_field_in_the_background/
11/14/2024 12:01:29 - INFO - root - Image have been saved in /shenzihe/WD-Disk/output/exp/clock/checkpoint-100/images/with_a_wheat_field_in_the_background/
11/14/2024 12:01:42 - INFO - root - Image have been saved in /shenzihe/WD-Disk/output/exp/clock/checkpoint-100/images/with_a_wheat_field_in_the_background/
11/14/2024 12:01:56 - INFO - root - Image have been saved in /shenzihe/WD-Disk/output/exp/clock/checkpoint-100/images/with_a_wheat_field_in_the_background/
11/14/2024 12:01:56 - INFO - __main__ - Running validation... 
 Generating 4 images with prompt:with a tree and autumn leaves in the background.
11/14/2024 12:02:09 - INFO - root - Image have been saved in /shenzihe/WD-Disk/output/exp/clock/checkpoint-100/images/with_a_tree_and_autumn_leaves_in_the_background/
11/14/2024 12:02:22 - INFO - root - Image have been saved in /shenzihe/WD-Disk/output/exp/clock/checkpoint-100/images/with_a_tree_and_autumn_leaves_in_the_background/
11/14/2024 12:02:36 - INFO - root - Image have been saved in /shenzihe/WD-Disk/output/exp/clock/checkpoint-100/images/with_a_tree_and_autumn_leaves_in_the_background/
11/14/2024 12:02:49 - INFO - root - Image have been saved in /shenzihe/WD-Disk/output/exp/clock/checkpoint-100/images/with_a_tree_and_autumn_leaves_in_the_background/
11/14/2024 12:02:49 - INFO - __main__ - Running validation... 
 Generating 4 images with prompt:with the Eiffel Tower in the background.
11/14/2024 12:03:02 - INFO - root - Image have been saved in /shenzihe/WD-Disk/output/exp/clock/checkpoint-100/images/with_the_Eiffel_Tower_in_the_background/
11/14/2024 12:03:16 - INFO - root - Image have been saved in /shenzihe/WD-Disk/output/exp/clock/checkpoint-100/images/with_the_Eiffel_Tower_in_the_background/
11/14/2024 12:03:29 - INFO - root - Image have been saved in /shenzihe/WD-Disk/output/exp/clock/checkpoint-100/images/with_the_Eiffel_Tower_in_the_background/
11/14/2024 12:03:43 - INFO - root - Image have been saved in /shenzihe/WD-Disk/output/exp/clock/checkpoint-100/images/with_the_Eiffel_Tower_in_the_background/
11/14/2024 12:03:43 - INFO - __main__ - Running validation... 
 Generating 4 images with prompt:floating on top of water.
11/14/2024 12:03:56 - INFO - root - Image have been saved in /shenzihe/WD-Disk/output/exp/clock/checkpoint-100/images/floating_on_top_of_water/
11/14/2024 12:04:09 - INFO - root - Image have been saved in /shenzihe/WD-Disk/output/exp/clock/checkpoint-100/images/floating_on_top_of_water/
11/14/2024 12:04:23 - INFO - root - Image have been saved in /shenzihe/WD-Disk/output/exp/clock/checkpoint-100/images/floating_on_top_of_water/
11/14/2024 12:04:36 - INFO - root - Image have been saved in /shenzihe/WD-Disk/output/exp/clock/checkpoint-100/images/floating_on_top_of_water/
11/14/2024 12:04:36 - INFO - __main__ - Running validation... 
 Generating 4 images with prompt:floating in an ocean of milk.
11/14/2024 12:04:50 - INFO - root - Image have been saved in /shenzihe/WD-Disk/output/exp/clock/checkpoint-100/images/floating_in_an_ocean_of_milk/
11/14/2024 12:05:03 - INFO - root - Image have been saved in /shenzihe/WD-Disk/output/exp/clock/checkpoint-100/images/floating_in_an_ocean_of_milk/
11/14/2024 12:05:16 - INFO - root - Image have been saved in /shenzihe/WD-Disk/output/exp/clock/checkpoint-100/images/floating_in_an_ocean_of_milk/
11/14/2024 12:05:30 - INFO - root - Image have been saved in /shenzihe/WD-Disk/output/exp/clock/checkpoint-100/images/floating_in_an_ocean_of_milk/
11/14/2024 12:05:30 - INFO - __main__ - Running validation... 
 Generating 4 images with prompt:on top of green grass with sunflowers around it.
11/14/2024 12:05:43 - INFO - root - Image have been saved in /shenzihe/WD-Disk/output/exp/clock/checkpoint-100/images/on_top_of_green_grass_with_sunflowers_around_it/
11/14/2024 12:05:56 - INFO - root - Image have been saved in /shenzihe/WD-Disk/output/exp/clock/checkpoint-100/images/on_top_of_green_grass_with_sunflowers_around_it/
11/14/2024 12:06:10 - INFO - root - Image have been saved in /shenzihe/WD-Disk/output/exp/clock/checkpoint-100/images/on_top_of_green_grass_with_sunflowers_around_it/
11/14/2024 12:06:23 - INFO - root - Image have been saved in /shenzihe/WD-Disk/output/exp/clock/checkpoint-100/images/on_top_of_green_grass_with_sunflowers_around_it/
11/14/2024 12:06:23 - INFO - __main__ - Running validation... 
 Generating 4 images with prompt:on top of a mirror.
11/14/2024 12:06:36 - INFO - root - Image have been saved in /shenzihe/WD-Disk/output/exp/clock/checkpoint-100/images/on_top_of_a_mirror/
11/14/2024 12:06:50 - INFO - root - Image have been saved in /shenzihe/WD-Disk/output/exp/clock/checkpoint-100/images/on_top_of_a_mirror/
11/14/2024 12:07:03 - INFO - root - Image have been saved in /shenzihe/WD-Disk/output/exp/clock/checkpoint-100/images/on_top_of_a_mirror/
11/14/2024 12:07:17 - INFO - root - Image have been saved in /shenzihe/WD-Disk/output/exp/clock/checkpoint-100/images/on_top_of_a_mirror/
11/14/2024 12:07:17 - INFO - __main__ - Running validation... 
 Generating 4 images with prompt:on top of the sidewalk in a crowded street.
11/14/2024 12:07:30 - INFO - root - Image have been saved in /shenzihe/WD-Disk/output/exp/clock/checkpoint-100/images/on_top_of_the_sidewalk_in_a_crowded_street/
11/14/2024 12:07:43 - INFO - root - Image have been saved in /shenzihe/WD-Disk/output/exp/clock/checkpoint-100/images/on_top_of_the_sidewalk_in_a_crowded_street/
11/14/2024 12:07:57 - INFO - root - Image have been saved in /shenzihe/WD-Disk/output/exp/clock/checkpoint-100/images/on_top_of_the_sidewalk_in_a_crowded_street/
11/14/2024 12:08:10 - INFO - root - Image have been saved in /shenzihe/WD-Disk/output/exp/clock/checkpoint-100/images/on_top_of_the_sidewalk_in_a_crowded_street/
11/14/2024 12:08:10 - INFO - __main__ - Running validation... 
 Generating 4 images with prompt:on top of a dirt road.
11/14/2024 12:08:24 - INFO - root - Image have been saved in /shenzihe/WD-Disk/output/exp/clock/checkpoint-100/images/on_top_of_a_dirt_road/
11/14/2024 12:08:37 - INFO - root - Image have been saved in /shenzihe/WD-Disk/output/exp/clock/checkpoint-100/images/on_top_of_a_dirt_road/
11/14/2024 12:08:50 - INFO - root - Image have been saved in /shenzihe/WD-Disk/output/exp/clock/checkpoint-100/images/on_top_of_a_dirt_road/
11/14/2024 12:09:04 - INFO - root - Image have been saved in /shenzihe/WD-Disk/output/exp/clock/checkpoint-100/images/on_top_of_a_dirt_road/
11/14/2024 12:09:04 - INFO - __main__ - Running validation... 
 Generating 4 images with prompt:on top of a white rug.
11/14/2024 12:09:17 - INFO - root - Image have been saved in /shenzihe/WD-Disk/output/exp/clock/checkpoint-100/images/on_top_of_a_white_rug/
11/14/2024 12:09:30 - INFO - root - Image have been saved in /shenzihe/WD-Disk/output/exp/clock/checkpoint-100/images/on_top_of_a_white_rug/
11/14/2024 12:09:44 - INFO - root - Image have been saved in /shenzihe/WD-Disk/output/exp/clock/checkpoint-100/images/on_top_of_a_white_rug/
11/14/2024 12:09:57 - INFO - root - Image have been saved in /shenzihe/WD-Disk/output/exp/clock/checkpoint-100/images/on_top_of_a_white_rug/
11/14/2024 12:09:57 - INFO - __main__ - Running validation... 
 Generating 4 images with prompt:red.
11/14/2024 12:10:10 - INFO - root - Image have been saved in /shenzihe/WD-Disk/output/exp/clock/checkpoint-100/images/red/
11/14/2024 12:10:24 - INFO - root - Image have been saved in /shenzihe/WD-Disk/output/exp/clock/checkpoint-100/images/red/
11/14/2024 12:10:37 - INFO - root - Image have been saved in /shenzihe/WD-Disk/output/exp/clock/checkpoint-100/images/red/
11/14/2024 12:10:51 - INFO - root - Image have been saved in /shenzihe/WD-Disk/output/exp/clock/checkpoint-100/images/red/
11/14/2024 12:10:51 - INFO - __main__ - Running validation... 
 Generating 4 images with prompt:purple.
11/14/2024 12:11:04 - INFO - root - Image have been saved in /shenzihe/WD-Disk/output/exp/clock/checkpoint-100/images/purple/
11/14/2024 12:11:17 - INFO - root - Image have been saved in /shenzihe/WD-Disk/output/exp/clock/checkpoint-100/images/purple/
11/14/2024 12:11:31 - INFO - root - Image have been saved in /shenzihe/WD-Disk/output/exp/clock/checkpoint-100/images/purple/
11/14/2024 12:11:44 - INFO - root - Image have been saved in /shenzihe/WD-Disk/output/exp/clock/checkpoint-100/images/purple/
11/14/2024 12:11:44 - INFO - __main__ - Running validation... 
 Generating 4 images with prompt:shiny.
11/14/2024 12:11:57 - INFO - root - Image have been saved in /shenzihe/WD-Disk/output/exp/clock/checkpoint-100/images/shiny/
11/14/2024 12:12:11 - INFO - root - Image have been saved in /shenzihe/WD-Disk/output/exp/clock/checkpoint-100/images/shiny/
11/14/2024 12:12:24 - INFO - root - Image have been saved in /shenzihe/WD-Disk/output/exp/clock/checkpoint-100/images/shiny/
11/14/2024 12:12:38 - INFO - root - Image have been saved in /shenzihe/WD-Disk/output/exp/clock/checkpoint-100/images/shiny/
11/14/2024 12:12:38 - INFO - __main__ - Running validation... 
 Generating 4 images with prompt:wet.
11/14/2024 12:12:51 - INFO - root - Image have been saved in /shenzihe/WD-Disk/output/exp/clock/checkpoint-100/images/wet/
11/14/2024 12:13:04 - INFO - root - Image have been saved in /shenzihe/WD-Disk/output/exp/clock/checkpoint-100/images/wet/
11/14/2024 12:13:18 - INFO - root - Image have been saved in /shenzihe/WD-Disk/output/exp/clock/checkpoint-100/images/wet/
11/14/2024 12:13:31 - INFO - root - Image have been saved in /shenzihe/WD-Disk/output/exp/clock/checkpoint-100/images/wet/
11/14/2024 12:13:31 - INFO - __main__ - Running validation... 
 Generating 4 images with prompt:cube shaped.
11/14/2024 12:13:44 - INFO - root - Image have been saved in /shenzihe/WD-Disk/output/exp/clock/checkpoint-100/images/cube_shaped/
11/14/2024 12:13:58 - INFO - root - Image have been saved in /shenzihe/WD-Disk/output/exp/clock/checkpoint-100/images/cube_shaped/
11/14/2024 12:14:11 - INFO - root - Image have been saved in /shenzihe/WD-Disk/output/exp/clock/checkpoint-100/images/cube_shaped/
11/14/2024 12:14:25 - INFO - root - Image have been saved in /shenzihe/WD-Disk/output/exp/clock/checkpoint-100/images/cube_shaped/
