11/17/2024 21:21:50 - INFO - __main__ - Distributed environment: NO
Num processes: 1
Process index: 0
Local process index: 0
Device: cuda

Mixed precision type: no

11/17/2024 21:21:52 - INFO - root - freeze vision encoder
11/17/2024 21:22:02 - INFO - root - Loading pretrained model from /root/.cache/torch/hub/checkpoints/blip-diffusion
11/17/2024 21:22:02 - INFO - root - Loading pretrained BLIP2 Qformer weights.
11/17/2024 21:22:04 - INFO - root - Loading pretrained projection lyer weights.
11/17/2024 21:22:04 - INFO - root - Loading pretrained text encoder weights.
11/17/2024 21:22:05 - INFO - root - Loading pretrained vae weights.
11/17/2024 21:22:06 - INFO - root - Loading pretrained unet weights.
11/17/2024 21:22:13 - INFO - root - Using xformers.
11/17/2024 21:22:13 - INFO - root - Building datasets...
11/17/2024 21:22:24 - INFO - root - freeze vision encoder
11/17/2024 21:22:52 - INFO - root - load checkpoint from https://storage.googleapis.com/sfr-vision-language-research/LAVIS/models/BLIP2/blip2_pretrained_flant5xl.pth
11/17/2024 21:22:52 - INFO - __main__ - 
***** Running training *****
11/17/2024 21:22:52 - INFO - __main__ -   Num examples = 6
11/17/2024 21:22:52 - INFO - __main__ -   Num batches each epoch = 2
11/17/2024 21:22:52 - INFO - __main__ -   Num Epochs = 50
11/17/2024 21:22:52 - INFO - __main__ -   Instantaneous batch size per device = 3
11/17/2024 21:22:52 - INFO - __main__ -   Total train batch size (w. parallel, distributed & accumulation) = 3
11/17/2024 21:22:52 - INFO - __main__ -   Gradient Accumulation steps = 1
11/17/2024 21:22:52 - INFO - __main__ -   Total optimization steps = 100
11/17/2024 21:28:29 - INFO - __main__ - Running validation... 
 Generating 4 images with prompt:in the jungle.
11/17/2024 21:28:43 - INFO - root - Image have been saved in /shenzihe/WD-Disk/output/exp3/dog2/checkpoint-100/images/in_the_jungle/
11/17/2024 21:28:57 - INFO - root - Image have been saved in /shenzihe/WD-Disk/output/exp3/dog2/checkpoint-100/images/in_the_jungle/
11/17/2024 21:29:10 - INFO - root - Image have been saved in /shenzihe/WD-Disk/output/exp3/dog2/checkpoint-100/images/in_the_jungle/
11/17/2024 21:29:24 - INFO - root - Image have been saved in /shenzihe/WD-Disk/output/exp3/dog2/checkpoint-100/images/in_the_jungle/
11/17/2024 21:29:24 - INFO - __main__ - Running validation... 
 Generating 4 images with prompt:in the snow.
11/17/2024 21:29:37 - INFO - root - Image have been saved in /shenzihe/WD-Disk/output/exp3/dog2/checkpoint-100/images/in_the_snow/
11/17/2024 21:29:51 - INFO - root - Image have been saved in /shenzihe/WD-Disk/output/exp3/dog2/checkpoint-100/images/in_the_snow/
11/17/2024 21:30:05 - INFO - root - Image have been saved in /shenzihe/WD-Disk/output/exp3/dog2/checkpoint-100/images/in_the_snow/
11/17/2024 21:30:19 - INFO - root - Image have been saved in /shenzihe/WD-Disk/output/exp3/dog2/checkpoint-100/images/in_the_snow/
11/17/2024 21:30:19 - INFO - __main__ - Running validation... 
 Generating 4 images with prompt:on the beach.
11/17/2024 21:30:32 - INFO - root - Image have been saved in /shenzihe/WD-Disk/output/exp3/dog2/checkpoint-100/images/on_the_beach/
11/17/2024 21:30:46 - INFO - root - Image have been saved in /shenzihe/WD-Disk/output/exp3/dog2/checkpoint-100/images/on_the_beach/
11/17/2024 21:30:59 - INFO - root - Image have been saved in /shenzihe/WD-Disk/output/exp3/dog2/checkpoint-100/images/on_the_beach/
11/17/2024 21:31:13 - INFO - root - Image have been saved in /shenzihe/WD-Disk/output/exp3/dog2/checkpoint-100/images/on_the_beach/
11/17/2024 21:31:13 - INFO - __main__ - Running validation... 
 Generating 4 images with prompt:on a cobblestone street.
11/17/2024 21:31:26 - INFO - root - Image have been saved in /shenzihe/WD-Disk/output/exp3/dog2/checkpoint-100/images/on_a_cobblestone_street/
11/17/2024 21:31:40 - INFO - root - Image have been saved in /shenzihe/WD-Disk/output/exp3/dog2/checkpoint-100/images/on_a_cobblestone_street/
11/17/2024 21:31:53 - INFO - root - Image have been saved in /shenzihe/WD-Disk/output/exp3/dog2/checkpoint-100/images/on_a_cobblestone_street/
11/17/2024 21:32:07 - INFO - root - Image have been saved in /shenzihe/WD-Disk/output/exp3/dog2/checkpoint-100/images/on_a_cobblestone_street/
11/17/2024 21:32:07 - INFO - __main__ - Running validation... 
 Generating 4 images with prompt:on top of pink fabric.
11/17/2024 21:32:21 - INFO - root - Image have been saved in /shenzihe/WD-Disk/output/exp3/dog2/checkpoint-100/images/on_top_of_pink_fabric/
11/17/2024 21:32:34 - INFO - root - Image have been saved in /shenzihe/WD-Disk/output/exp3/dog2/checkpoint-100/images/on_top_of_pink_fabric/
11/17/2024 21:32:48 - INFO - root - Image have been saved in /shenzihe/WD-Disk/output/exp3/dog2/checkpoint-100/images/on_top_of_pink_fabric/
11/17/2024 21:33:01 - INFO - root - Image have been saved in /shenzihe/WD-Disk/output/exp3/dog2/checkpoint-100/images/on_top_of_pink_fabric/
11/17/2024 21:33:01 - INFO - __main__ - Running validation... 
 Generating 4 images with prompt:on top of a wooden floor.
11/17/2024 21:33:15 - INFO - root - Image have been saved in /shenzihe/WD-Disk/output/exp3/dog2/checkpoint-100/images/on_top_of_a_wooden_floor/
11/17/2024 21:33:28 - INFO - root - Image have been saved in /shenzihe/WD-Disk/output/exp3/dog2/checkpoint-100/images/on_top_of_a_wooden_floor/
11/17/2024 21:33:42 - INFO - root - Image have been saved in /shenzihe/WD-Disk/output/exp3/dog2/checkpoint-100/images/on_top_of_a_wooden_floor/
11/17/2024 21:33:56 - INFO - root - Image have been saved in /shenzihe/WD-Disk/output/exp3/dog2/checkpoint-100/images/on_top_of_a_wooden_floor/
11/17/2024 21:33:56 - INFO - __main__ - Running validation... 
 Generating 4 images with prompt:with a city in the background.
11/17/2024 21:34:09 - INFO - root - Image have been saved in /shenzihe/WD-Disk/output/exp3/dog2/checkpoint-100/images/with_a_city_in_the_background/
11/17/2024 21:34:23 - INFO - root - Image have been saved in /shenzihe/WD-Disk/output/exp3/dog2/checkpoint-100/images/with_a_city_in_the_background/
11/17/2024 21:34:36 - INFO - root - Image have been saved in /shenzihe/WD-Disk/output/exp3/dog2/checkpoint-100/images/with_a_city_in_the_background/
11/17/2024 21:34:50 - INFO - root - Image have been saved in /shenzihe/WD-Disk/output/exp3/dog2/checkpoint-100/images/with_a_city_in_the_background/
11/17/2024 21:34:50 - INFO - __main__ - Running validation... 
 Generating 4 images with prompt:with a mountain in the background.
11/17/2024 21:35:03 - INFO - root - Image have been saved in /shenzihe/WD-Disk/output/exp3/dog2/checkpoint-100/images/with_a_mountain_in_the_background/
11/17/2024 21:35:17 - INFO - root - Image have been saved in /shenzihe/WD-Disk/output/exp3/dog2/checkpoint-100/images/with_a_mountain_in_the_background/
11/17/2024 21:35:30 - INFO - root - Image have been saved in /shenzihe/WD-Disk/output/exp3/dog2/checkpoint-100/images/with_a_mountain_in_the_background/
11/17/2024 21:35:44 - INFO - root - Image have been saved in /shenzihe/WD-Disk/output/exp3/dog2/checkpoint-100/images/with_a_mountain_in_the_background/
11/17/2024 21:35:44 - INFO - __main__ - Running validation... 
 Generating 4 images with prompt:with a blue house in the background.
11/17/2024 21:35:57 - INFO - root - Image have been saved in /shenzihe/WD-Disk/output/exp3/dog2/checkpoint-100/images/with_a_blue_house_in_the_background/
11/17/2024 21:36:11 - INFO - root - Image have been saved in /shenzihe/WD-Disk/output/exp3/dog2/checkpoint-100/images/with_a_blue_house_in_the_background/
11/17/2024 21:36:24 - INFO - root - Image have been saved in /shenzihe/WD-Disk/output/exp3/dog2/checkpoint-100/images/with_a_blue_house_in_the_background/
11/17/2024 21:36:38 - INFO - root - Image have been saved in /shenzihe/WD-Disk/output/exp3/dog2/checkpoint-100/images/with_a_blue_house_in_the_background/
11/17/2024 21:36:38 - INFO - __main__ - Running validation... 
 Generating 4 images with prompt:on top of a purple rug in a forest.
11/17/2024 21:36:51 - INFO - root - Image have been saved in /shenzihe/WD-Disk/output/exp3/dog2/checkpoint-100/images/on_top_of_a_purple_rug_in_a_forest/
11/17/2024 21:37:05 - INFO - root - Image have been saved in /shenzihe/WD-Disk/output/exp3/dog2/checkpoint-100/images/on_top_of_a_purple_rug_in_a_forest/
11/17/2024 21:37:19 - INFO - root - Image have been saved in /shenzihe/WD-Disk/output/exp3/dog2/checkpoint-100/images/on_top_of_a_purple_rug_in_a_forest/
11/17/2024 21:37:32 - INFO - root - Image have been saved in /shenzihe/WD-Disk/output/exp3/dog2/checkpoint-100/images/on_top_of_a_purple_rug_in_a_forest/
11/17/2024 21:37:32 - INFO - __main__ - Running validation... 
 Generating 4 images with prompt:with a wheat field in the background.
11/17/2024 21:37:46 - INFO - root - Image have been saved in /shenzihe/WD-Disk/output/exp3/dog2/checkpoint-100/images/with_a_wheat_field_in_the_background/
11/17/2024 21:37:59 - INFO - root - Image have been saved in /shenzihe/WD-Disk/output/exp3/dog2/checkpoint-100/images/with_a_wheat_field_in_the_background/
11/17/2024 21:38:13 - INFO - root - Image have been saved in /shenzihe/WD-Disk/output/exp3/dog2/checkpoint-100/images/with_a_wheat_field_in_the_background/
11/17/2024 21:38:26 - INFO - root - Image have been saved in /shenzihe/WD-Disk/output/exp3/dog2/checkpoint-100/images/with_a_wheat_field_in_the_background/
11/17/2024 21:38:26 - INFO - __main__ - Running validation... 
 Generating 4 images with prompt:with a tree and autumn leaves in the background.
11/17/2024 21:38:40 - INFO - root - Image have been saved in /shenzihe/WD-Disk/output/exp3/dog2/checkpoint-100/images/with_a_tree_and_autumn_leaves_in_the_background/
11/17/2024 21:38:53 - INFO - root - Image have been saved in /shenzihe/WD-Disk/output/exp3/dog2/checkpoint-100/images/with_a_tree_and_autumn_leaves_in_the_background/
11/17/2024 21:39:07 - INFO - root - Image have been saved in /shenzihe/WD-Disk/output/exp3/dog2/checkpoint-100/images/with_a_tree_and_autumn_leaves_in_the_background/
11/17/2024 21:39:20 - INFO - root - Image have been saved in /shenzihe/WD-Disk/output/exp3/dog2/checkpoint-100/images/with_a_tree_and_autumn_leaves_in_the_background/
11/17/2024 21:39:20 - INFO - __main__ - Running validation... 
 Generating 4 images with prompt:with the Eiffel Tower in the background.
11/17/2024 21:39:34 - INFO - root - Image have been saved in /shenzihe/WD-Disk/output/exp3/dog2/checkpoint-100/images/with_the_Eiffel_Tower_in_the_background/
11/17/2024 21:39:47 - INFO - root - Image have been saved in /shenzihe/WD-Disk/output/exp3/dog2/checkpoint-100/images/with_the_Eiffel_Tower_in_the_background/
11/17/2024 21:40:01 - INFO - root - Image have been saved in /shenzihe/WD-Disk/output/exp3/dog2/checkpoint-100/images/with_the_Eiffel_Tower_in_the_background/
11/17/2024 21:40:15 - INFO - root - Image have been saved in /shenzihe/WD-Disk/output/exp3/dog2/checkpoint-100/images/with_the_Eiffel_Tower_in_the_background/
11/17/2024 21:40:15 - INFO - __main__ - Running validation... 
 Generating 4 images with prompt:floating on top of water.
11/17/2024 21:40:28 - INFO - root - Image have been saved in /shenzihe/WD-Disk/output/exp3/dog2/checkpoint-100/images/floating_on_top_of_water/
11/17/2024 21:40:42 - INFO - root - Image have been saved in /shenzihe/WD-Disk/output/exp3/dog2/checkpoint-100/images/floating_on_top_of_water/
11/17/2024 21:40:55 - INFO - root - Image have been saved in /shenzihe/WD-Disk/output/exp3/dog2/checkpoint-100/images/floating_on_top_of_water/
11/17/2024 21:41:09 - INFO - root - Image have been saved in /shenzihe/WD-Disk/output/exp3/dog2/checkpoint-100/images/floating_on_top_of_water/
11/17/2024 21:41:09 - INFO - __main__ - Running validation... 
 Generating 4 images with prompt:floating in an ocean of milk.
11/17/2024 21:41:22 - INFO - root - Image have been saved in /shenzihe/WD-Disk/output/exp3/dog2/checkpoint-100/images/floating_in_an_ocean_of_milk/
11/17/2024 21:41:36 - INFO - root - Image have been saved in /shenzihe/WD-Disk/output/exp3/dog2/checkpoint-100/images/floating_in_an_ocean_of_milk/
11/17/2024 21:41:49 - INFO - root - Image have been saved in /shenzihe/WD-Disk/output/exp3/dog2/checkpoint-100/images/floating_in_an_ocean_of_milk/
11/17/2024 21:42:03 - INFO - root - Image have been saved in /shenzihe/WD-Disk/output/exp3/dog2/checkpoint-100/images/floating_in_an_ocean_of_milk/
11/17/2024 21:42:03 - INFO - __main__ - Running validation... 
 Generating 4 images with prompt:on top of green grass with sunflowers around it.
11/17/2024 21:42:16 - INFO - root - Image have been saved in /shenzihe/WD-Disk/output/exp3/dog2/checkpoint-100/images/on_top_of_green_grass_with_sunflowers_around_it/
11/17/2024 21:42:30 - INFO - root - Image have been saved in /shenzihe/WD-Disk/output/exp3/dog2/checkpoint-100/images/on_top_of_green_grass_with_sunflowers_around_it/
11/17/2024 21:42:44 - INFO - root - Image have been saved in /shenzihe/WD-Disk/output/exp3/dog2/checkpoint-100/images/on_top_of_green_grass_with_sunflowers_around_it/
11/17/2024 21:42:57 - INFO - root - Image have been saved in /shenzihe/WD-Disk/output/exp3/dog2/checkpoint-100/images/on_top_of_green_grass_with_sunflowers_around_it/
11/17/2024 21:42:57 - INFO - __main__ - Running validation... 
 Generating 4 images with prompt:on top of a mirror.
11/17/2024 21:43:11 - INFO - root - Image have been saved in /shenzihe/WD-Disk/output/exp3/dog2/checkpoint-100/images/on_top_of_a_mirror/
11/17/2024 21:43:24 - INFO - root - Image have been saved in /shenzihe/WD-Disk/output/exp3/dog2/checkpoint-100/images/on_top_of_a_mirror/
11/17/2024 21:43:38 - INFO - root - Image have been saved in /shenzihe/WD-Disk/output/exp3/dog2/checkpoint-100/images/on_top_of_a_mirror/
11/17/2024 21:43:51 - INFO - root - Image have been saved in /shenzihe/WD-Disk/output/exp3/dog2/checkpoint-100/images/on_top_of_a_mirror/
11/17/2024 21:43:51 - INFO - __main__ - Running validation... 
 Generating 4 images with prompt:on top of the sidewalk in a crowded street.
11/17/2024 21:44:05 - INFO - root - Image have been saved in /shenzihe/WD-Disk/output/exp3/dog2/checkpoint-100/images/on_top_of_the_sidewalk_in_a_crowded_street/
11/17/2024 21:44:18 - INFO - root - Image have been saved in /shenzihe/WD-Disk/output/exp3/dog2/checkpoint-100/images/on_top_of_the_sidewalk_in_a_crowded_street/
11/17/2024 21:44:32 - INFO - root - Image have been saved in /shenzihe/WD-Disk/output/exp3/dog2/checkpoint-100/images/on_top_of_the_sidewalk_in_a_crowded_street/
11/17/2024 21:44:45 - INFO - root - Image have been saved in /shenzihe/WD-Disk/output/exp3/dog2/checkpoint-100/images/on_top_of_the_sidewalk_in_a_crowded_street/
11/17/2024 21:44:45 - INFO - __main__ - Running validation... 
 Generating 4 images with prompt:on top of a dirt road.
11/17/2024 21:44:59 - INFO - root - Image have been saved in /shenzihe/WD-Disk/output/exp3/dog2/checkpoint-100/images/on_top_of_a_dirt_road/
11/17/2024 21:45:13 - INFO - root - Image have been saved in /shenzihe/WD-Disk/output/exp3/dog2/checkpoint-100/images/on_top_of_a_dirt_road/
11/17/2024 21:45:26 - INFO - root - Image have been saved in /shenzihe/WD-Disk/output/exp3/dog2/checkpoint-100/images/on_top_of_a_dirt_road/
11/17/2024 21:45:40 - INFO - root - Image have been saved in /shenzihe/WD-Disk/output/exp3/dog2/checkpoint-100/images/on_top_of_a_dirt_road/
11/17/2024 21:45:40 - INFO - __main__ - Running validation... 
 Generating 4 images with prompt:on top of a white rug.
11/17/2024 21:45:53 - INFO - root - Image have been saved in /shenzihe/WD-Disk/output/exp3/dog2/checkpoint-100/images/on_top_of_a_white_rug/
11/17/2024 21:46:07 - INFO - root - Image have been saved in /shenzihe/WD-Disk/output/exp3/dog2/checkpoint-100/images/on_top_of_a_white_rug/
11/17/2024 21:46:20 - INFO - root - Image have been saved in /shenzihe/WD-Disk/output/exp3/dog2/checkpoint-100/images/on_top_of_a_white_rug/
11/17/2024 21:46:34 - INFO - root - Image have been saved in /shenzihe/WD-Disk/output/exp3/dog2/checkpoint-100/images/on_top_of_a_white_rug/
11/17/2024 21:46:34 - INFO - __main__ - Running validation... 
 Generating 4 images with prompt:red.
11/17/2024 21:46:47 - INFO - root - Image have been saved in /shenzihe/WD-Disk/output/exp3/dog2/checkpoint-100/images/red/
11/17/2024 21:47:01 - INFO - root - Image have been saved in /shenzihe/WD-Disk/output/exp3/dog2/checkpoint-100/images/red/
11/17/2024 21:47:14 - INFO - root - Image have been saved in /shenzihe/WD-Disk/output/exp3/dog2/checkpoint-100/images/red/
11/17/2024 21:47:28 - INFO - root - Image have been saved in /shenzihe/WD-Disk/output/exp3/dog2/checkpoint-100/images/red/
11/17/2024 21:47:28 - INFO - __main__ - Running validation... 
 Generating 4 images with prompt:purple.
11/17/2024 21:47:42 - INFO - root - Image have been saved in /shenzihe/WD-Disk/output/exp3/dog2/checkpoint-100/images/purple/
11/17/2024 21:47:55 - INFO - root - Image have been saved in /shenzihe/WD-Disk/output/exp3/dog2/checkpoint-100/images/purple/
11/17/2024 21:48:09 - INFO - root - Image have been saved in /shenzihe/WD-Disk/output/exp3/dog2/checkpoint-100/images/purple/
11/17/2024 21:48:22 - INFO - root - Image have been saved in /shenzihe/WD-Disk/output/exp3/dog2/checkpoint-100/images/purple/
11/17/2024 21:48:22 - INFO - __main__ - Running validation... 
 Generating 4 images with prompt:shiny.
11/17/2024 21:48:36 - INFO - root - Image have been saved in /shenzihe/WD-Disk/output/exp3/dog2/checkpoint-100/images/shiny/
11/17/2024 21:48:50 - INFO - root - Image have been saved in /shenzihe/WD-Disk/output/exp3/dog2/checkpoint-100/images/shiny/
11/17/2024 21:49:03 - INFO - root - Image have been saved in /shenzihe/WD-Disk/output/exp3/dog2/checkpoint-100/images/shiny/
11/17/2024 21:49:17 - INFO - root - Image have been saved in /shenzihe/WD-Disk/output/exp3/dog2/checkpoint-100/images/shiny/
11/17/2024 21:49:17 - INFO - __main__ - Running validation... 
 Generating 4 images with prompt:wet.
11/17/2024 21:49:30 - INFO - root - Image have been saved in /shenzihe/WD-Disk/output/exp3/dog2/checkpoint-100/images/wet/
11/17/2024 21:49:44 - INFO - root - Image have been saved in /shenzihe/WD-Disk/output/exp3/dog2/checkpoint-100/images/wet/
11/17/2024 21:49:57 - INFO - root - Image have been saved in /shenzihe/WD-Disk/output/exp3/dog2/checkpoint-100/images/wet/
11/17/2024 21:50:11 - INFO - root - Image have been saved in /shenzihe/WD-Disk/output/exp3/dog2/checkpoint-100/images/wet/
11/17/2024 21:50:11 - INFO - __main__ - Running validation... 
 Generating 4 images with prompt:cube shaped.
11/17/2024 21:50:24 - INFO - root - Image have been saved in /shenzihe/WD-Disk/output/exp3/dog2/checkpoint-100/images/cube_shaped/
11/17/2024 21:50:38 - INFO - root - Image have been saved in /shenzihe/WD-Disk/output/exp3/dog2/checkpoint-100/images/cube_shaped/
11/17/2024 21:50:52 - INFO - root - Image have been saved in /shenzihe/WD-Disk/output/exp3/dog2/checkpoint-100/images/cube_shaped/
11/17/2024 21:51:05 - INFO - root - Image have been saved in /shenzihe/WD-Disk/output/exp3/dog2/checkpoint-100/images/cube_shaped/
