11/14/2024 15:06:51 - INFO - __main__ - Distributed environment: NO
Num processes: 1
Process index: 0
Local process index: 0
Device: cuda

Mixed precision type: no

11/14/2024 15:06:54 - INFO - root - freeze vision encoder
11/14/2024 15:07:05 - INFO - root - Loading pretrained model from /root/.cache/torch/hub/checkpoints/blip-diffusion
11/14/2024 15:07:05 - INFO - root - Loading pretrained BLIP2 Qformer weights.
11/14/2024 15:07:06 - INFO - root - Loading pretrained projection lyer weights.
11/14/2024 15:07:06 - INFO - root - Loading pretrained text encoder weights.
11/14/2024 15:07:07 - INFO - root - Loading pretrained vae weights.
11/14/2024 15:07:08 - INFO - root - Loading pretrained unet weights.
11/14/2024 15:07:15 - INFO - root - Using xformers.
11/14/2024 15:07:15 - INFO - root - Building datasets...
11/14/2024 15:07:25 - INFO - root - freeze vision encoder
11/14/2024 15:07:53 - INFO - root - load checkpoint from https://storage.googleapis.com/sfr-vision-language-research/LAVIS/models/BLIP2/blip2_pretrained_flant5xl.pth
11/14/2024 15:07:54 - INFO - __main__ - 
***** Running training *****
11/14/2024 15:07:54 - INFO - __main__ -   Num examples = 5
11/14/2024 15:07:54 - INFO - __main__ -   Num batches each epoch = 2
11/14/2024 15:07:54 - INFO - __main__ -   Num Epochs = 50
11/14/2024 15:07:54 - INFO - __main__ -   Instantaneous batch size per device = 3
11/14/2024 15:07:54 - INFO - __main__ -   Total train batch size (w. parallel, distributed & accumulation) = 3
11/14/2024 15:07:54 - INFO - __main__ -   Gradient Accumulation steps = 1
11/14/2024 15:07:54 - INFO - __main__ -   Total optimization steps = 100
11/14/2024 15:12:54 - INFO - __main__ - Running validation... 
 Generating 4 images with prompt:in the jungle.
11/14/2024 15:13:08 - INFO - root - Image have been saved in /shenzihe/WD-Disk/output/exp/dog7/checkpoint-100/images/in_the_jungle/
11/14/2024 15:13:22 - INFO - root - Image have been saved in /shenzihe/WD-Disk/output/exp/dog7/checkpoint-100/images/in_the_jungle/
11/14/2024 15:13:35 - INFO - root - Image have been saved in /shenzihe/WD-Disk/output/exp/dog7/checkpoint-100/images/in_the_jungle/
11/14/2024 15:13:49 - INFO - root - Image have been saved in /shenzihe/WD-Disk/output/exp/dog7/checkpoint-100/images/in_the_jungle/
11/14/2024 15:13:49 - INFO - __main__ - Running validation... 
 Generating 4 images with prompt:in the snow.
11/14/2024 15:14:02 - INFO - root - Image have been saved in /shenzihe/WD-Disk/output/exp/dog7/checkpoint-100/images/in_the_snow/
11/14/2024 15:14:16 - INFO - root - Image have been saved in /shenzihe/WD-Disk/output/exp/dog7/checkpoint-100/images/in_the_snow/
11/14/2024 15:14:29 - INFO - root - Image have been saved in /shenzihe/WD-Disk/output/exp/dog7/checkpoint-100/images/in_the_snow/
11/14/2024 15:14:43 - INFO - root - Image have been saved in /shenzihe/WD-Disk/output/exp/dog7/checkpoint-100/images/in_the_snow/
11/14/2024 15:14:43 - INFO - __main__ - Running validation... 
 Generating 4 images with prompt:on the beach.
11/14/2024 15:14:56 - INFO - root - Image have been saved in /shenzihe/WD-Disk/output/exp/dog7/checkpoint-100/images/on_the_beach/
11/14/2024 15:15:10 - INFO - root - Image have been saved in /shenzihe/WD-Disk/output/exp/dog7/checkpoint-100/images/on_the_beach/
11/14/2024 15:15:23 - INFO - root - Image have been saved in /shenzihe/WD-Disk/output/exp/dog7/checkpoint-100/images/on_the_beach/
11/14/2024 15:15:36 - INFO - root - Image have been saved in /shenzihe/WD-Disk/output/exp/dog7/checkpoint-100/images/on_the_beach/
11/14/2024 15:15:36 - INFO - __main__ - Running validation... 
 Generating 4 images with prompt:on a cobblestone street.
11/14/2024 15:15:50 - INFO - root - Image have been saved in /shenzihe/WD-Disk/output/exp/dog7/checkpoint-100/images/on_a_cobblestone_street/
11/14/2024 15:16:03 - INFO - root - Image have been saved in /shenzihe/WD-Disk/output/exp/dog7/checkpoint-100/images/on_a_cobblestone_street/
11/14/2024 15:16:17 - INFO - root - Image have been saved in /shenzihe/WD-Disk/output/exp/dog7/checkpoint-100/images/on_a_cobblestone_street/
11/14/2024 15:16:30 - INFO - root - Image have been saved in /shenzihe/WD-Disk/output/exp/dog7/checkpoint-100/images/on_a_cobblestone_street/
11/14/2024 15:16:30 - INFO - __main__ - Running validation... 
 Generating 4 images with prompt:on top of pink fabric.
11/14/2024 15:16:43 - INFO - root - Image have been saved in /shenzihe/WD-Disk/output/exp/dog7/checkpoint-100/images/on_top_of_pink_fabric/
11/14/2024 15:16:57 - INFO - root - Image have been saved in /shenzihe/WD-Disk/output/exp/dog7/checkpoint-100/images/on_top_of_pink_fabric/
11/14/2024 15:17:10 - INFO - root - Image have been saved in /shenzihe/WD-Disk/output/exp/dog7/checkpoint-100/images/on_top_of_pink_fabric/
11/14/2024 15:17:24 - INFO - root - Image have been saved in /shenzihe/WD-Disk/output/exp/dog7/checkpoint-100/images/on_top_of_pink_fabric/
11/14/2024 15:17:24 - INFO - __main__ - Running validation... 
 Generating 4 images with prompt:on top of a wooden floor.
11/14/2024 15:17:37 - INFO - root - Image have been saved in /shenzihe/WD-Disk/output/exp/dog7/checkpoint-100/images/on_top_of_a_wooden_floor/
11/14/2024 15:17:50 - INFO - root - Image have been saved in /shenzihe/WD-Disk/output/exp/dog7/checkpoint-100/images/on_top_of_a_wooden_floor/
11/14/2024 15:18:04 - INFO - root - Image have been saved in /shenzihe/WD-Disk/output/exp/dog7/checkpoint-100/images/on_top_of_a_wooden_floor/
11/14/2024 15:18:17 - INFO - root - Image have been saved in /shenzihe/WD-Disk/output/exp/dog7/checkpoint-100/images/on_top_of_a_wooden_floor/
11/14/2024 15:18:17 - INFO - __main__ - Running validation... 
 Generating 4 images with prompt:with a city in the background.
11/14/2024 15:18:30 - INFO - root - Image have been saved in /shenzihe/WD-Disk/output/exp/dog7/checkpoint-100/images/with_a_city_in_the_background/
11/14/2024 15:18:44 - INFO - root - Image have been saved in /shenzihe/WD-Disk/output/exp/dog7/checkpoint-100/images/with_a_city_in_the_background/
11/14/2024 15:18:57 - INFO - root - Image have been saved in /shenzihe/WD-Disk/output/exp/dog7/checkpoint-100/images/with_a_city_in_the_background/
11/14/2024 15:19:11 - INFO - root - Image have been saved in /shenzihe/WD-Disk/output/exp/dog7/checkpoint-100/images/with_a_city_in_the_background/
11/14/2024 15:19:11 - INFO - __main__ - Running validation... 
 Generating 4 images with prompt:with a mountain in the background.
11/14/2024 15:19:24 - INFO - root - Image have been saved in /shenzihe/WD-Disk/output/exp/dog7/checkpoint-100/images/with_a_mountain_in_the_background/
11/14/2024 15:19:37 - INFO - root - Image have been saved in /shenzihe/WD-Disk/output/exp/dog7/checkpoint-100/images/with_a_mountain_in_the_background/
11/14/2024 15:19:51 - INFO - root - Image have been saved in /shenzihe/WD-Disk/output/exp/dog7/checkpoint-100/images/with_a_mountain_in_the_background/
11/14/2024 15:20:04 - INFO - root - Image have been saved in /shenzihe/WD-Disk/output/exp/dog7/checkpoint-100/images/with_a_mountain_in_the_background/
11/14/2024 15:20:04 - INFO - __main__ - Running validation... 
 Generating 4 images with prompt:with a blue house in the background.
11/14/2024 15:20:17 - INFO - root - Image have been saved in /shenzihe/WD-Disk/output/exp/dog7/checkpoint-100/images/with_a_blue_house_in_the_background/
11/14/2024 15:20:31 - INFO - root - Image have been saved in /shenzihe/WD-Disk/output/exp/dog7/checkpoint-100/images/with_a_blue_house_in_the_background/
11/14/2024 15:20:44 - INFO - root - Image have been saved in /shenzihe/WD-Disk/output/exp/dog7/checkpoint-100/images/with_a_blue_house_in_the_background/
11/14/2024 15:20:57 - INFO - root - Image have been saved in /shenzihe/WD-Disk/output/exp/dog7/checkpoint-100/images/with_a_blue_house_in_the_background/
11/14/2024 15:20:57 - INFO - __main__ - Running validation... 
 Generating 4 images with prompt:on top of a purple rug in a forest.
11/14/2024 15:21:11 - INFO - root - Image have been saved in /shenzihe/WD-Disk/output/exp/dog7/checkpoint-100/images/on_top_of_a_purple_rug_in_a_forest/
11/14/2024 15:21:24 - INFO - root - Image have been saved in /shenzihe/WD-Disk/output/exp/dog7/checkpoint-100/images/on_top_of_a_purple_rug_in_a_forest/
11/14/2024 15:21:38 - INFO - root - Image have been saved in /shenzihe/WD-Disk/output/exp/dog7/checkpoint-100/images/on_top_of_a_purple_rug_in_a_forest/
11/14/2024 15:21:51 - INFO - root - Image have been saved in /shenzihe/WD-Disk/output/exp/dog7/checkpoint-100/images/on_top_of_a_purple_rug_in_a_forest/
11/14/2024 15:21:51 - INFO - __main__ - Running validation... 
 Generating 4 images with prompt:with a wheat field in the background.
11/14/2024 15:22:04 - INFO - root - Image have been saved in /shenzihe/WD-Disk/output/exp/dog7/checkpoint-100/images/with_a_wheat_field_in_the_background/
11/14/2024 15:22:18 - INFO - root - Image have been saved in /shenzihe/WD-Disk/output/exp/dog7/checkpoint-100/images/with_a_wheat_field_in_the_background/
11/14/2024 15:22:31 - INFO - root - Image have been saved in /shenzihe/WD-Disk/output/exp/dog7/checkpoint-100/images/with_a_wheat_field_in_the_background/
11/14/2024 15:22:44 - INFO - root - Image have been saved in /shenzihe/WD-Disk/output/exp/dog7/checkpoint-100/images/with_a_wheat_field_in_the_background/
11/14/2024 15:22:44 - INFO - __main__ - Running validation... 
 Generating 4 images with prompt:with a tree and autumn leaves in the background.
11/14/2024 15:22:58 - INFO - root - Image have been saved in /shenzihe/WD-Disk/output/exp/dog7/checkpoint-100/images/with_a_tree_and_autumn_leaves_in_the_background/
11/14/2024 15:23:11 - INFO - root - Image have been saved in /shenzihe/WD-Disk/output/exp/dog7/checkpoint-100/images/with_a_tree_and_autumn_leaves_in_the_background/
11/14/2024 15:23:24 - INFO - root - Image have been saved in /shenzihe/WD-Disk/output/exp/dog7/checkpoint-100/images/with_a_tree_and_autumn_leaves_in_the_background/
11/14/2024 15:23:38 - INFO - root - Image have been saved in /shenzihe/WD-Disk/output/exp/dog7/checkpoint-100/images/with_a_tree_and_autumn_leaves_in_the_background/
11/14/2024 15:23:38 - INFO - __main__ - Running validation... 
 Generating 4 images with prompt:with the Eiffel Tower in the background.
11/14/2024 15:23:51 - INFO - root - Image have been saved in /shenzihe/WD-Disk/output/exp/dog7/checkpoint-100/images/with_the_Eiffel_Tower_in_the_background/
11/14/2024 15:24:05 - INFO - root - Image have been saved in /shenzihe/WD-Disk/output/exp/dog7/checkpoint-100/images/with_the_Eiffel_Tower_in_the_background/
11/14/2024 15:24:18 - INFO - root - Image have been saved in /shenzihe/WD-Disk/output/exp/dog7/checkpoint-100/images/with_the_Eiffel_Tower_in_the_background/
11/14/2024 15:24:31 - INFO - root - Image have been saved in /shenzihe/WD-Disk/output/exp/dog7/checkpoint-100/images/with_the_Eiffel_Tower_in_the_background/
11/14/2024 15:24:31 - INFO - __main__ - Running validation... 
 Generating 4 images with prompt:floating on top of water.
11/14/2024 15:24:45 - INFO - root - Image have been saved in /shenzihe/WD-Disk/output/exp/dog7/checkpoint-100/images/floating_on_top_of_water/
11/14/2024 15:24:58 - INFO - root - Image have been saved in /shenzihe/WD-Disk/output/exp/dog7/checkpoint-100/images/floating_on_top_of_water/
11/14/2024 15:25:11 - INFO - root - Image have been saved in /shenzihe/WD-Disk/output/exp/dog7/checkpoint-100/images/floating_on_top_of_water/
11/14/2024 15:25:25 - INFO - root - Image have been saved in /shenzihe/WD-Disk/output/exp/dog7/checkpoint-100/images/floating_on_top_of_water/
11/14/2024 15:25:25 - INFO - __main__ - Running validation... 
 Generating 4 images with prompt:floating in an ocean of milk.
11/14/2024 15:25:38 - INFO - root - Image have been saved in /shenzihe/WD-Disk/output/exp/dog7/checkpoint-100/images/floating_in_an_ocean_of_milk/
11/14/2024 15:25:51 - INFO - root - Image have been saved in /shenzihe/WD-Disk/output/exp/dog7/checkpoint-100/images/floating_in_an_ocean_of_milk/
11/14/2024 15:26:05 - INFO - root - Image have been saved in /shenzihe/WD-Disk/output/exp/dog7/checkpoint-100/images/floating_in_an_ocean_of_milk/
11/14/2024 15:26:18 - INFO - root - Image have been saved in /shenzihe/WD-Disk/output/exp/dog7/checkpoint-100/images/floating_in_an_ocean_of_milk/
11/14/2024 15:26:18 - INFO - __main__ - Running validation... 
 Generating 4 images with prompt:on top of green grass with sunflowers around it.
11/14/2024 15:26:32 - INFO - root - Image have been saved in /shenzihe/WD-Disk/output/exp/dog7/checkpoint-100/images/on_top_of_green_grass_with_sunflowers_around_it/
11/14/2024 15:26:45 - INFO - root - Image have been saved in /shenzihe/WD-Disk/output/exp/dog7/checkpoint-100/images/on_top_of_green_grass_with_sunflowers_around_it/
11/14/2024 15:26:58 - INFO - root - Image have been saved in /shenzihe/WD-Disk/output/exp/dog7/checkpoint-100/images/on_top_of_green_grass_with_sunflowers_around_it/
11/14/2024 15:27:12 - INFO - root - Image have been saved in /shenzihe/WD-Disk/output/exp/dog7/checkpoint-100/images/on_top_of_green_grass_with_sunflowers_around_it/
11/14/2024 15:27:12 - INFO - __main__ - Running validation... 
 Generating 4 images with prompt:on top of a mirror.
11/14/2024 15:27:25 - INFO - root - Image have been saved in /shenzihe/WD-Disk/output/exp/dog7/checkpoint-100/images/on_top_of_a_mirror/
11/14/2024 15:27:38 - INFO - root - Image have been saved in /shenzihe/WD-Disk/output/exp/dog7/checkpoint-100/images/on_top_of_a_mirror/
11/14/2024 15:27:52 - INFO - root - Image have been saved in /shenzihe/WD-Disk/output/exp/dog7/checkpoint-100/images/on_top_of_a_mirror/
11/14/2024 15:28:05 - INFO - root - Image have been saved in /shenzihe/WD-Disk/output/exp/dog7/checkpoint-100/images/on_top_of_a_mirror/
11/14/2024 15:28:05 - INFO - __main__ - Running validation... 
 Generating 4 images with prompt:on top of the sidewalk in a crowded street.
11/14/2024 15:28:19 - INFO - root - Image have been saved in /shenzihe/WD-Disk/output/exp/dog7/checkpoint-100/images/on_top_of_the_sidewalk_in_a_crowded_street/
11/14/2024 15:28:32 - INFO - root - Image have been saved in /shenzihe/WD-Disk/output/exp/dog7/checkpoint-100/images/on_top_of_the_sidewalk_in_a_crowded_street/
11/14/2024 15:28:45 - INFO - root - Image have been saved in /shenzihe/WD-Disk/output/exp/dog7/checkpoint-100/images/on_top_of_the_sidewalk_in_a_crowded_street/
11/14/2024 15:28:59 - INFO - root - Image have been saved in /shenzihe/WD-Disk/output/exp/dog7/checkpoint-100/images/on_top_of_the_sidewalk_in_a_crowded_street/
11/14/2024 15:28:59 - INFO - __main__ - Running validation... 
 Generating 4 images with prompt:on top of a dirt road.
11/14/2024 15:29:12 - INFO - root - Image have been saved in /shenzihe/WD-Disk/output/exp/dog7/checkpoint-100/images/on_top_of_a_dirt_road/
11/14/2024 15:29:25 - INFO - root - Image have been saved in /shenzihe/WD-Disk/output/exp/dog7/checkpoint-100/images/on_top_of_a_dirt_road/
11/14/2024 15:29:39 - INFO - root - Image have been saved in /shenzihe/WD-Disk/output/exp/dog7/checkpoint-100/images/on_top_of_a_dirt_road/
11/14/2024 15:29:52 - INFO - root - Image have been saved in /shenzihe/WD-Disk/output/exp/dog7/checkpoint-100/images/on_top_of_a_dirt_road/
11/14/2024 15:29:52 - INFO - __main__ - Running validation... 
 Generating 4 images with prompt:on top of a white rug.
11/14/2024 15:30:06 - INFO - root - Image have been saved in /shenzihe/WD-Disk/output/exp/dog7/checkpoint-100/images/on_top_of_a_white_rug/
11/14/2024 15:30:19 - INFO - root - Image have been saved in /shenzihe/WD-Disk/output/exp/dog7/checkpoint-100/images/on_top_of_a_white_rug/
11/14/2024 15:30:32 - INFO - root - Image have been saved in /shenzihe/WD-Disk/output/exp/dog7/checkpoint-100/images/on_top_of_a_white_rug/
11/14/2024 15:30:46 - INFO - root - Image have been saved in /shenzihe/WD-Disk/output/exp/dog7/checkpoint-100/images/on_top_of_a_white_rug/
11/14/2024 15:30:46 - INFO - __main__ - Running validation... 
 Generating 4 images with prompt:red.
11/14/2024 15:30:59 - INFO - root - Image have been saved in /shenzihe/WD-Disk/output/exp/dog7/checkpoint-100/images/red/
11/14/2024 15:31:12 - INFO - root - Image have been saved in /shenzihe/WD-Disk/output/exp/dog7/checkpoint-100/images/red/
11/14/2024 15:31:26 - INFO - root - Image have been saved in /shenzihe/WD-Disk/output/exp/dog7/checkpoint-100/images/red/
11/14/2024 15:31:39 - INFO - root - Image have been saved in /shenzihe/WD-Disk/output/exp/dog7/checkpoint-100/images/red/
11/14/2024 15:31:39 - INFO - __main__ - Running validation... 
 Generating 4 images with prompt:purple.
11/14/2024 15:31:53 - INFO - root - Image have been saved in /shenzihe/WD-Disk/output/exp/dog7/checkpoint-100/images/purple/
11/14/2024 15:32:06 - INFO - root - Image have been saved in /shenzihe/WD-Disk/output/exp/dog7/checkpoint-100/images/purple/
11/14/2024 15:32:19 - INFO - root - Image have been saved in /shenzihe/WD-Disk/output/exp/dog7/checkpoint-100/images/purple/
11/14/2024 15:32:33 - INFO - root - Image have been saved in /shenzihe/WD-Disk/output/exp/dog7/checkpoint-100/images/purple/
11/14/2024 15:32:33 - INFO - __main__ - Running validation... 
 Generating 4 images with prompt:shiny.
11/14/2024 15:32:46 - INFO - root - Image have been saved in /shenzihe/WD-Disk/output/exp/dog7/checkpoint-100/images/shiny/
11/14/2024 15:32:59 - INFO - root - Image have been saved in /shenzihe/WD-Disk/output/exp/dog7/checkpoint-100/images/shiny/
11/14/2024 15:33:13 - INFO - root - Image have been saved in /shenzihe/WD-Disk/output/exp/dog7/checkpoint-100/images/shiny/
11/14/2024 15:33:26 - INFO - root - Image have been saved in /shenzihe/WD-Disk/output/exp/dog7/checkpoint-100/images/shiny/
11/14/2024 15:33:26 - INFO - __main__ - Running validation... 
 Generating 4 images with prompt:wet.
11/14/2024 15:33:40 - INFO - root - Image have been saved in /shenzihe/WD-Disk/output/exp/dog7/checkpoint-100/images/wet/
11/14/2024 15:33:53 - INFO - root - Image have been saved in /shenzihe/WD-Disk/output/exp/dog7/checkpoint-100/images/wet/
11/14/2024 15:34:06 - INFO - root - Image have been saved in /shenzihe/WD-Disk/output/exp/dog7/checkpoint-100/images/wet/
11/14/2024 15:34:20 - INFO - root - Image have been saved in /shenzihe/WD-Disk/output/exp/dog7/checkpoint-100/images/wet/
11/14/2024 15:34:20 - INFO - __main__ - Running validation... 
 Generating 4 images with prompt:cube shaped.
11/14/2024 15:34:33 - INFO - root - Image have been saved in /shenzihe/WD-Disk/output/exp/dog7/checkpoint-100/images/cube_shaped/
11/14/2024 15:34:46 - INFO - root - Image have been saved in /shenzihe/WD-Disk/output/exp/dog7/checkpoint-100/images/cube_shaped/
11/14/2024 15:35:00 - INFO - root - Image have been saved in /shenzihe/WD-Disk/output/exp/dog7/checkpoint-100/images/cube_shaped/
11/14/2024 15:35:13 - INFO - root - Image have been saved in /shenzihe/WD-Disk/output/exp/dog7/checkpoint-100/images/cube_shaped/
