11/17/2024 23:48:41 - INFO - __main__ - Distributed environment: NO
Num processes: 1
Process index: 0
Local process index: 0
Device: cuda

Mixed precision type: no

11/17/2024 23:48:44 - INFO - root - freeze vision encoder
11/17/2024 23:48:54 - INFO - root - Loading pretrained model from /root/.cache/torch/hub/checkpoints/blip-diffusion
11/17/2024 23:48:54 - INFO - root - Loading pretrained BLIP2 Qformer weights.
11/17/2024 23:48:56 - INFO - root - Loading pretrained projection lyer weights.
11/17/2024 23:48:56 - INFO - root - Loading pretrained text encoder weights.
11/17/2024 23:48:57 - INFO - root - Loading pretrained vae weights.
11/17/2024 23:48:58 - INFO - root - Loading pretrained unet weights.
11/17/2024 23:49:05 - INFO - root - Using xformers.
11/17/2024 23:49:05 - INFO - root - Building datasets...
11/17/2024 23:49:16 - INFO - root - freeze vision encoder
11/17/2024 23:49:47 - INFO - root - load checkpoint from https://storage.googleapis.com/sfr-vision-language-research/LAVIS/models/BLIP2/blip2_pretrained_flant5xl.pth
11/17/2024 23:49:49 - INFO - __main__ - 
***** Running training *****
11/17/2024 23:49:49 - INFO - __main__ -   Num examples = 5
11/17/2024 23:49:49 - INFO - __main__ -   Num batches each epoch = 2
11/17/2024 23:49:49 - INFO - __main__ -   Num Epochs = 50
11/17/2024 23:49:49 - INFO - __main__ -   Instantaneous batch size per device = 3
11/17/2024 23:49:49 - INFO - __main__ -   Total train batch size (w. parallel, distributed & accumulation) = 3
11/17/2024 23:49:49 - INFO - __main__ -   Gradient Accumulation steps = 1
11/17/2024 23:49:49 - INFO - __main__ -   Total optimization steps = 100
11/17/2024 23:54:50 - INFO - __main__ - Running validation... 
 Generating 4 images with prompt:in the jungle.
11/17/2024 23:55:06 - INFO - root - Image have been saved in /shenzihe/WD-Disk/output/exp3/dog8/checkpoint-100/images/in_the_jungle/
11/17/2024 23:55:20 - INFO - root - Image have been saved in /shenzihe/WD-Disk/output/exp3/dog8/checkpoint-100/images/in_the_jungle/
11/17/2024 23:55:33 - INFO - root - Image have been saved in /shenzihe/WD-Disk/output/exp3/dog8/checkpoint-100/images/in_the_jungle/
11/17/2024 23:55:47 - INFO - root - Image have been saved in /shenzihe/WD-Disk/output/exp3/dog8/checkpoint-100/images/in_the_jungle/
11/17/2024 23:55:47 - INFO - __main__ - Running validation... 
 Generating 4 images with prompt:in the snow.
11/17/2024 23:56:01 - INFO - root - Image have been saved in /shenzihe/WD-Disk/output/exp3/dog8/checkpoint-100/images/in_the_snow/
11/17/2024 23:56:14 - INFO - root - Image have been saved in /shenzihe/WD-Disk/output/exp3/dog8/checkpoint-100/images/in_the_snow/
11/17/2024 23:56:28 - INFO - root - Image have been saved in /shenzihe/WD-Disk/output/exp3/dog8/checkpoint-100/images/in_the_snow/
11/17/2024 23:56:42 - INFO - root - Image have been saved in /shenzihe/WD-Disk/output/exp3/dog8/checkpoint-100/images/in_the_snow/
11/17/2024 23:56:42 - INFO - __main__ - Running validation... 
 Generating 4 images with prompt:on the beach.
11/17/2024 23:56:55 - INFO - root - Image have been saved in /shenzihe/WD-Disk/output/exp3/dog8/checkpoint-100/images/on_the_beach/
11/17/2024 23:57:09 - INFO - root - Image have been saved in /shenzihe/WD-Disk/output/exp3/dog8/checkpoint-100/images/on_the_beach/
11/17/2024 23:57:23 - INFO - root - Image have been saved in /shenzihe/WD-Disk/output/exp3/dog8/checkpoint-100/images/on_the_beach/
11/17/2024 23:57:36 - INFO - root - Image have been saved in /shenzihe/WD-Disk/output/exp3/dog8/checkpoint-100/images/on_the_beach/
11/17/2024 23:57:36 - INFO - __main__ - Running validation... 
 Generating 4 images with prompt:on a cobblestone street.
11/17/2024 23:57:50 - INFO - root - Image have been saved in /shenzihe/WD-Disk/output/exp3/dog8/checkpoint-100/images/on_a_cobblestone_street/
11/17/2024 23:58:04 - INFO - root - Image have been saved in /shenzihe/WD-Disk/output/exp3/dog8/checkpoint-100/images/on_a_cobblestone_street/
11/17/2024 23:58:17 - INFO - root - Image have been saved in /shenzihe/WD-Disk/output/exp3/dog8/checkpoint-100/images/on_a_cobblestone_street/
11/17/2024 23:58:31 - INFO - root - Image have been saved in /shenzihe/WD-Disk/output/exp3/dog8/checkpoint-100/images/on_a_cobblestone_street/
11/17/2024 23:58:31 - INFO - __main__ - Running validation... 
 Generating 4 images with prompt:on top of pink fabric.
11/17/2024 23:58:45 - INFO - root - Image have been saved in /shenzihe/WD-Disk/output/exp3/dog8/checkpoint-100/images/on_top_of_pink_fabric/
11/17/2024 23:58:58 - INFO - root - Image have been saved in /shenzihe/WD-Disk/output/exp3/dog8/checkpoint-100/images/on_top_of_pink_fabric/
11/17/2024 23:59:12 - INFO - root - Image have been saved in /shenzihe/WD-Disk/output/exp3/dog8/checkpoint-100/images/on_top_of_pink_fabric/
11/17/2024 23:59:25 - INFO - root - Image have been saved in /shenzihe/WD-Disk/output/exp3/dog8/checkpoint-100/images/on_top_of_pink_fabric/
11/17/2024 23:59:25 - INFO - __main__ - Running validation... 
 Generating 4 images with prompt:on top of a wooden floor.
11/17/2024 23:59:39 - INFO - root - Image have been saved in /shenzihe/WD-Disk/output/exp3/dog8/checkpoint-100/images/on_top_of_a_wooden_floor/
11/17/2024 23:59:53 - INFO - root - Image have been saved in /shenzihe/WD-Disk/output/exp3/dog8/checkpoint-100/images/on_top_of_a_wooden_floor/
11/18/2024 00:00:06 - INFO - root - Image have been saved in /shenzihe/WD-Disk/output/exp3/dog8/checkpoint-100/images/on_top_of_a_wooden_floor/
11/18/2024 00:00:20 - INFO - root - Image have been saved in /shenzihe/WD-Disk/output/exp3/dog8/checkpoint-100/images/on_top_of_a_wooden_floor/
11/18/2024 00:00:20 - INFO - __main__ - Running validation... 
 Generating 4 images with prompt:with a city in the background.
11/18/2024 00:00:33 - INFO - root - Image have been saved in /shenzihe/WD-Disk/output/exp3/dog8/checkpoint-100/images/with_a_city_in_the_background/
11/18/2024 00:00:47 - INFO - root - Image have been saved in /shenzihe/WD-Disk/output/exp3/dog8/checkpoint-100/images/with_a_city_in_the_background/
11/18/2024 00:01:01 - INFO - root - Image have been saved in /shenzihe/WD-Disk/output/exp3/dog8/checkpoint-100/images/with_a_city_in_the_background/
11/18/2024 00:01:14 - INFO - root - Image have been saved in /shenzihe/WD-Disk/output/exp3/dog8/checkpoint-100/images/with_a_city_in_the_background/
11/18/2024 00:01:14 - INFO - __main__ - Running validation... 
 Generating 4 images with prompt:with a mountain in the background.
11/18/2024 00:01:28 - INFO - root - Image have been saved in /shenzihe/WD-Disk/output/exp3/dog8/checkpoint-100/images/with_a_mountain_in_the_background/
11/18/2024 00:01:42 - INFO - root - Image have been saved in /shenzihe/WD-Disk/output/exp3/dog8/checkpoint-100/images/with_a_mountain_in_the_background/
11/18/2024 00:01:55 - INFO - root - Image have been saved in /shenzihe/WD-Disk/output/exp3/dog8/checkpoint-100/images/with_a_mountain_in_the_background/
11/18/2024 00:02:09 - INFO - root - Image have been saved in /shenzihe/WD-Disk/output/exp3/dog8/checkpoint-100/images/with_a_mountain_in_the_background/
11/18/2024 00:02:09 - INFO - __main__ - Running validation... 
 Generating 4 images with prompt:with a blue house in the background.
11/18/2024 00:02:22 - INFO - root - Image have been saved in /shenzihe/WD-Disk/output/exp3/dog8/checkpoint-100/images/with_a_blue_house_in_the_background/
11/18/2024 00:02:36 - INFO - root - Image have been saved in /shenzihe/WD-Disk/output/exp3/dog8/checkpoint-100/images/with_a_blue_house_in_the_background/
11/18/2024 00:02:50 - INFO - root - Image have been saved in /shenzihe/WD-Disk/output/exp3/dog8/checkpoint-100/images/with_a_blue_house_in_the_background/
11/18/2024 00:03:03 - INFO - root - Image have been saved in /shenzihe/WD-Disk/output/exp3/dog8/checkpoint-100/images/with_a_blue_house_in_the_background/
11/18/2024 00:03:03 - INFO - __main__ - Running validation... 
 Generating 4 images with prompt:on top of a purple rug in a forest.
11/18/2024 00:03:17 - INFO - root - Image have been saved in /shenzihe/WD-Disk/output/exp3/dog8/checkpoint-100/images/on_top_of_a_purple_rug_in_a_forest/
11/18/2024 00:03:30 - INFO - root - Image have been saved in /shenzihe/WD-Disk/output/exp3/dog8/checkpoint-100/images/on_top_of_a_purple_rug_in_a_forest/
11/18/2024 00:03:44 - INFO - root - Image have been saved in /shenzihe/WD-Disk/output/exp3/dog8/checkpoint-100/images/on_top_of_a_purple_rug_in_a_forest/
11/18/2024 00:03:58 - INFO - root - Image have been saved in /shenzihe/WD-Disk/output/exp3/dog8/checkpoint-100/images/on_top_of_a_purple_rug_in_a_forest/
11/18/2024 00:03:58 - INFO - __main__ - Running validation... 
 Generating 4 images with prompt:with a wheat field in the background.
11/18/2024 00:04:11 - INFO - root - Image have been saved in /shenzihe/WD-Disk/output/exp3/dog8/checkpoint-100/images/with_a_wheat_field_in_the_background/
11/18/2024 00:04:25 - INFO - root - Image have been saved in /shenzihe/WD-Disk/output/exp3/dog8/checkpoint-100/images/with_a_wheat_field_in_the_background/
11/18/2024 00:04:38 - INFO - root - Image have been saved in /shenzihe/WD-Disk/output/exp3/dog8/checkpoint-100/images/with_a_wheat_field_in_the_background/
11/18/2024 00:04:52 - INFO - root - Image have been saved in /shenzihe/WD-Disk/output/exp3/dog8/checkpoint-100/images/with_a_wheat_field_in_the_background/
11/18/2024 00:04:52 - INFO - __main__ - Running validation... 
 Generating 4 images with prompt:with a tree and autumn leaves in the background.
11/18/2024 00:05:06 - INFO - root - Image have been saved in /shenzihe/WD-Disk/output/exp3/dog8/checkpoint-100/images/with_a_tree_and_autumn_leaves_in_the_background/
11/18/2024 00:05:19 - INFO - root - Image have been saved in /shenzihe/WD-Disk/output/exp3/dog8/checkpoint-100/images/with_a_tree_and_autumn_leaves_in_the_background/
11/18/2024 00:05:33 - INFO - root - Image have been saved in /shenzihe/WD-Disk/output/exp3/dog8/checkpoint-100/images/with_a_tree_and_autumn_leaves_in_the_background/
11/18/2024 00:05:46 - INFO - root - Image have been saved in /shenzihe/WD-Disk/output/exp3/dog8/checkpoint-100/images/with_a_tree_and_autumn_leaves_in_the_background/
11/18/2024 00:05:46 - INFO - __main__ - Running validation... 
 Generating 4 images with prompt:with the Eiffel Tower in the background.
11/18/2024 00:06:00 - INFO - root - Image have been saved in /shenzihe/WD-Disk/output/exp3/dog8/checkpoint-100/images/with_the_Eiffel_Tower_in_the_background/
11/18/2024 00:06:13 - INFO - root - Image have been saved in /shenzihe/WD-Disk/output/exp3/dog8/checkpoint-100/images/with_the_Eiffel_Tower_in_the_background/
11/18/2024 00:06:27 - INFO - root - Image have been saved in /shenzihe/WD-Disk/output/exp3/dog8/checkpoint-100/images/with_the_Eiffel_Tower_in_the_background/
11/18/2024 00:06:40 - INFO - root - Image have been saved in /shenzihe/WD-Disk/output/exp3/dog8/checkpoint-100/images/with_the_Eiffel_Tower_in_the_background/
11/18/2024 00:06:40 - INFO - __main__ - Running validation... 
 Generating 4 images with prompt:floating on top of water.
11/18/2024 00:06:54 - INFO - root - Image have been saved in /shenzihe/WD-Disk/output/exp3/dog8/checkpoint-100/images/floating_on_top_of_water/
11/18/2024 00:07:08 - INFO - root - Image have been saved in /shenzihe/WD-Disk/output/exp3/dog8/checkpoint-100/images/floating_on_top_of_water/
11/18/2024 00:07:21 - INFO - root - Image have been saved in /shenzihe/WD-Disk/output/exp3/dog8/checkpoint-100/images/floating_on_top_of_water/
11/18/2024 00:07:35 - INFO - root - Image have been saved in /shenzihe/WD-Disk/output/exp3/dog8/checkpoint-100/images/floating_on_top_of_water/
11/18/2024 00:07:35 - INFO - __main__ - Running validation... 
 Generating 4 images with prompt:floating in an ocean of milk.
11/18/2024 00:07:49 - INFO - root - Image have been saved in /shenzihe/WD-Disk/output/exp3/dog8/checkpoint-100/images/floating_in_an_ocean_of_milk/
11/18/2024 00:08:02 - INFO - root - Image have been saved in /shenzihe/WD-Disk/output/exp3/dog8/checkpoint-100/images/floating_in_an_ocean_of_milk/
11/18/2024 00:08:16 - INFO - root - Image have been saved in /shenzihe/WD-Disk/output/exp3/dog8/checkpoint-100/images/floating_in_an_ocean_of_milk/
11/18/2024 00:08:29 - INFO - root - Image have been saved in /shenzihe/WD-Disk/output/exp3/dog8/checkpoint-100/images/floating_in_an_ocean_of_milk/
11/18/2024 00:08:29 - INFO - __main__ - Running validation... 
 Generating 4 images with prompt:on top of green grass with sunflowers around it.
11/18/2024 00:08:43 - INFO - root - Image have been saved in /shenzihe/WD-Disk/output/exp3/dog8/checkpoint-100/images/on_top_of_green_grass_with_sunflowers_around_it/
11/18/2024 00:08:57 - INFO - root - Image have been saved in /shenzihe/WD-Disk/output/exp3/dog8/checkpoint-100/images/on_top_of_green_grass_with_sunflowers_around_it/
11/18/2024 00:09:10 - INFO - root - Image have been saved in /shenzihe/WD-Disk/output/exp3/dog8/checkpoint-100/images/on_top_of_green_grass_with_sunflowers_around_it/
11/18/2024 00:09:24 - INFO - root - Image have been saved in /shenzihe/WD-Disk/output/exp3/dog8/checkpoint-100/images/on_top_of_green_grass_with_sunflowers_around_it/
11/18/2024 00:09:24 - INFO - __main__ - Running validation... 
 Generating 4 images with prompt:on top of a mirror.
11/18/2024 00:09:37 - INFO - root - Image have been saved in /shenzihe/WD-Disk/output/exp3/dog8/checkpoint-100/images/on_top_of_a_mirror/
11/18/2024 00:09:51 - INFO - root - Image have been saved in /shenzihe/WD-Disk/output/exp3/dog8/checkpoint-100/images/on_top_of_a_mirror/
11/18/2024 00:10:05 - INFO - root - Image have been saved in /shenzihe/WD-Disk/output/exp3/dog8/checkpoint-100/images/on_top_of_a_mirror/
11/18/2024 00:10:18 - INFO - root - Image have been saved in /shenzihe/WD-Disk/output/exp3/dog8/checkpoint-100/images/on_top_of_a_mirror/
11/18/2024 00:10:18 - INFO - __main__ - Running validation... 
 Generating 4 images with prompt:on top of the sidewalk in a crowded street.
11/18/2024 00:10:32 - INFO - root - Image have been saved in /shenzihe/WD-Disk/output/exp3/dog8/checkpoint-100/images/on_top_of_the_sidewalk_in_a_crowded_street/
11/18/2024 00:10:45 - INFO - root - Image have been saved in /shenzihe/WD-Disk/output/exp3/dog8/checkpoint-100/images/on_top_of_the_sidewalk_in_a_crowded_street/
11/18/2024 00:10:59 - INFO - root - Image have been saved in /shenzihe/WD-Disk/output/exp3/dog8/checkpoint-100/images/on_top_of_the_sidewalk_in_a_crowded_street/
11/18/2024 00:11:13 - INFO - root - Image have been saved in /shenzihe/WD-Disk/output/exp3/dog8/checkpoint-100/images/on_top_of_the_sidewalk_in_a_crowded_street/
11/18/2024 00:11:13 - INFO - __main__ - Running validation... 
 Generating 4 images with prompt:on top of a dirt road.
11/18/2024 00:11:26 - INFO - root - Image have been saved in /shenzihe/WD-Disk/output/exp3/dog8/checkpoint-100/images/on_top_of_a_dirt_road/
11/18/2024 00:11:40 - INFO - root - Image have been saved in /shenzihe/WD-Disk/output/exp3/dog8/checkpoint-100/images/on_top_of_a_dirt_road/
11/18/2024 00:11:53 - INFO - root - Image have been saved in /shenzihe/WD-Disk/output/exp3/dog8/checkpoint-100/images/on_top_of_a_dirt_road/
11/18/2024 00:12:07 - INFO - root - Image have been saved in /shenzihe/WD-Disk/output/exp3/dog8/checkpoint-100/images/on_top_of_a_dirt_road/
11/18/2024 00:12:07 - INFO - __main__ - Running validation... 
 Generating 4 images with prompt:on top of a white rug.
11/18/2024 00:12:20 - INFO - root - Image have been saved in /shenzihe/WD-Disk/output/exp3/dog8/checkpoint-100/images/on_top_of_a_white_rug/
11/18/2024 00:12:34 - INFO - root - Image have been saved in /shenzihe/WD-Disk/output/exp3/dog8/checkpoint-100/images/on_top_of_a_white_rug/
11/18/2024 00:12:48 - INFO - root - Image have been saved in /shenzihe/WD-Disk/output/exp3/dog8/checkpoint-100/images/on_top_of_a_white_rug/
11/18/2024 00:13:01 - INFO - root - Image have been saved in /shenzihe/WD-Disk/output/exp3/dog8/checkpoint-100/images/on_top_of_a_white_rug/
11/18/2024 00:13:01 - INFO - __main__ - Running validation... 
 Generating 4 images with prompt:red.
11/18/2024 00:13:15 - INFO - root - Image have been saved in /shenzihe/WD-Disk/output/exp3/dog8/checkpoint-100/images/red/
11/18/2024 00:13:28 - INFO - root - Image have been saved in /shenzihe/WD-Disk/output/exp3/dog8/checkpoint-100/images/red/
11/18/2024 00:13:42 - INFO - root - Image have been saved in /shenzihe/WD-Disk/output/exp3/dog8/checkpoint-100/images/red/
11/18/2024 00:13:56 - INFO - root - Image have been saved in /shenzihe/WD-Disk/output/exp3/dog8/checkpoint-100/images/red/
11/18/2024 00:13:56 - INFO - __main__ - Running validation... 
 Generating 4 images with prompt:purple.
11/18/2024 00:14:09 - INFO - root - Image have been saved in /shenzihe/WD-Disk/output/exp3/dog8/checkpoint-100/images/purple/
11/18/2024 00:14:23 - INFO - root - Image have been saved in /shenzihe/WD-Disk/output/exp3/dog8/checkpoint-100/images/purple/
11/18/2024 00:14:36 - INFO - root - Image have been saved in /shenzihe/WD-Disk/output/exp3/dog8/checkpoint-100/images/purple/
11/18/2024 00:14:50 - INFO - root - Image have been saved in /shenzihe/WD-Disk/output/exp3/dog8/checkpoint-100/images/purple/
11/18/2024 00:14:50 - INFO - __main__ - Running validation... 
 Generating 4 images with prompt:shiny.
11/18/2024 00:15:04 - INFO - root - Image have been saved in /shenzihe/WD-Disk/output/exp3/dog8/checkpoint-100/images/shiny/
11/18/2024 00:15:17 - INFO - root - Image have been saved in /shenzihe/WD-Disk/output/exp3/dog8/checkpoint-100/images/shiny/
11/18/2024 00:15:31 - INFO - root - Image have been saved in /shenzihe/WD-Disk/output/exp3/dog8/checkpoint-100/images/shiny/
11/18/2024 00:15:44 - INFO - root - Image have been saved in /shenzihe/WD-Disk/output/exp3/dog8/checkpoint-100/images/shiny/
11/18/2024 00:15:44 - INFO - __main__ - Running validation... 
 Generating 4 images with prompt:wet.
11/18/2024 00:15:58 - INFO - root - Image have been saved in /shenzihe/WD-Disk/output/exp3/dog8/checkpoint-100/images/wet/
11/18/2024 00:16:11 - INFO - root - Image have been saved in /shenzihe/WD-Disk/output/exp3/dog8/checkpoint-100/images/wet/
11/18/2024 00:16:25 - INFO - root - Image have been saved in /shenzihe/WD-Disk/output/exp3/dog8/checkpoint-100/images/wet/
11/18/2024 00:16:39 - INFO - root - Image have been saved in /shenzihe/WD-Disk/output/exp3/dog8/checkpoint-100/images/wet/
11/18/2024 00:16:39 - INFO - __main__ - Running validation... 
 Generating 4 images with prompt:cube shaped.
11/18/2024 00:16:52 - INFO - root - Image have been saved in /shenzihe/WD-Disk/output/exp3/dog8/checkpoint-100/images/cube_shaped/
11/18/2024 00:17:06 - INFO - root - Image have been saved in /shenzihe/WD-Disk/output/exp3/dog8/checkpoint-100/images/cube_shaped/
11/18/2024 00:17:19 - INFO - root - Image have been saved in /shenzihe/WD-Disk/output/exp3/dog8/checkpoint-100/images/cube_shaped/
11/18/2024 00:17:33 - INFO - root - Image have been saved in /shenzihe/WD-Disk/output/exp3/dog8/checkpoint-100/images/cube_shaped/
