11/15/2024 02:25:16 - INFO - __main__ - Distributed environment: NO
Num processes: 1
Process index: 0
Local process index: 0
Device: cuda

Mixed precision type: no

11/15/2024 02:25:18 - INFO - root - freeze vision encoder
11/15/2024 02:25:38 - INFO - root - Loading pretrained model from /root/.cache/torch/hub/checkpoints/blip-diffusion
11/15/2024 02:25:38 - INFO - root - Loading pretrained BLIP2 Qformer weights.
11/15/2024 02:25:40 - INFO - root - Loading pretrained projection lyer weights.
11/15/2024 02:25:40 - INFO - root - Loading pretrained text encoder weights.
11/15/2024 02:25:41 - INFO - root - Loading pretrained vae weights.
11/15/2024 02:25:41 - INFO - root - Loading pretrained unet weights.
11/15/2024 02:25:49 - INFO - root - Using xformers.
11/15/2024 02:25:49 - INFO - root - Building datasets...
11/15/2024 02:25:59 - INFO - root - freeze vision encoder
11/15/2024 02:26:35 - INFO - root - load checkpoint from https://storage.googleapis.com/sfr-vision-language-research/LAVIS/models/BLIP2/blip2_pretrained_flant5xl.pth
11/15/2024 02:26:36 - INFO - __main__ - 
***** Running training *****
11/15/2024 02:26:36 - INFO - __main__ -   Num examples = 5
11/15/2024 02:26:36 - INFO - __main__ -   Num batches each epoch = 2
11/15/2024 02:26:36 - INFO - __main__ -   Num Epochs = 50
11/15/2024 02:26:36 - INFO - __main__ -   Instantaneous batch size per device = 3
11/15/2024 02:26:36 - INFO - __main__ -   Total train batch size (w. parallel, distributed & accumulation) = 3
11/15/2024 02:26:36 - INFO - __main__ -   Gradient Accumulation steps = 1
11/15/2024 02:26:36 - INFO - __main__ -   Total optimization steps = 100
11/15/2024 02:31:28 - INFO - __main__ - Running validation... 
 Generating 4 images with prompt:in the jungle.
11/15/2024 02:31:42 - INFO - root - Image have been saved in /shenzihe/WD-Disk/output/exp2/backpack_dog/checkpoint-100/images/in_the_jungle/
11/15/2024 02:31:57 - INFO - root - Image have been saved in /shenzihe/WD-Disk/output/exp2/backpack_dog/checkpoint-100/images/in_the_jungle/
11/15/2024 02:32:11 - INFO - root - Image have been saved in /shenzihe/WD-Disk/output/exp2/backpack_dog/checkpoint-100/images/in_the_jungle/
11/15/2024 02:32:24 - INFO - root - Image have been saved in /shenzihe/WD-Disk/output/exp2/backpack_dog/checkpoint-100/images/in_the_jungle/
11/15/2024 02:32:24 - INFO - __main__ - Running validation... 
 Generating 4 images with prompt:in the snow.
11/15/2024 02:32:39 - INFO - root - Image have been saved in /shenzihe/WD-Disk/output/exp2/backpack_dog/checkpoint-100/images/in_the_snow/
11/15/2024 02:32:52 - INFO - root - Image have been saved in /shenzihe/WD-Disk/output/exp2/backpack_dog/checkpoint-100/images/in_the_snow/
11/15/2024 02:33:06 - INFO - root - Image have been saved in /shenzihe/WD-Disk/output/exp2/backpack_dog/checkpoint-100/images/in_the_snow/
11/15/2024 02:33:19 - INFO - root - Image have been saved in /shenzihe/WD-Disk/output/exp2/backpack_dog/checkpoint-100/images/in_the_snow/
11/15/2024 02:33:19 - INFO - __main__ - Running validation... 
 Generating 4 images with prompt:on the beach.
11/15/2024 02:33:33 - INFO - root - Image have been saved in /shenzihe/WD-Disk/output/exp2/backpack_dog/checkpoint-100/images/on_the_beach/
11/15/2024 02:33:47 - INFO - root - Image have been saved in /shenzihe/WD-Disk/output/exp2/backpack_dog/checkpoint-100/images/on_the_beach/
11/15/2024 02:34:00 - INFO - root - Image have been saved in /shenzihe/WD-Disk/output/exp2/backpack_dog/checkpoint-100/images/on_the_beach/
11/15/2024 02:34:13 - INFO - root - Image have been saved in /shenzihe/WD-Disk/output/exp2/backpack_dog/checkpoint-100/images/on_the_beach/
11/15/2024 02:34:13 - INFO - __main__ - Running validation... 
 Generating 4 images with prompt:on a cobblestone street.
11/15/2024 02:34:27 - INFO - root - Image have been saved in /shenzihe/WD-Disk/output/exp2/backpack_dog/checkpoint-100/images/on_a_cobblestone_street/
11/15/2024 02:34:40 - INFO - root - Image have been saved in /shenzihe/WD-Disk/output/exp2/backpack_dog/checkpoint-100/images/on_a_cobblestone_street/
11/15/2024 02:34:54 - INFO - root - Image have been saved in /shenzihe/WD-Disk/output/exp2/backpack_dog/checkpoint-100/images/on_a_cobblestone_street/
11/15/2024 02:35:08 - INFO - root - Image have been saved in /shenzihe/WD-Disk/output/exp2/backpack_dog/checkpoint-100/images/on_a_cobblestone_street/
11/15/2024 02:35:08 - INFO - __main__ - Running validation... 
 Generating 4 images with prompt:on top of pink fabric.
11/15/2024 02:35:21 - INFO - root - Image have been saved in /shenzihe/WD-Disk/output/exp2/backpack_dog/checkpoint-100/images/on_top_of_pink_fabric/
11/15/2024 02:35:35 - INFO - root - Image have been saved in /shenzihe/WD-Disk/output/exp2/backpack_dog/checkpoint-100/images/on_top_of_pink_fabric/
11/15/2024 02:35:48 - INFO - root - Image have been saved in /shenzihe/WD-Disk/output/exp2/backpack_dog/checkpoint-100/images/on_top_of_pink_fabric/
11/15/2024 02:36:02 - INFO - root - Image have been saved in /shenzihe/WD-Disk/output/exp2/backpack_dog/checkpoint-100/images/on_top_of_pink_fabric/
11/15/2024 02:36:02 - INFO - __main__ - Running validation... 
 Generating 4 images with prompt:on top of a wooden floor.
11/15/2024 02:36:15 - INFO - root - Image have been saved in /shenzihe/WD-Disk/output/exp2/backpack_dog/checkpoint-100/images/on_top_of_a_wooden_floor/
11/15/2024 02:36:28 - INFO - root - Image have been saved in /shenzihe/WD-Disk/output/exp2/backpack_dog/checkpoint-100/images/on_top_of_a_wooden_floor/
11/15/2024 02:36:42 - INFO - root - Image have been saved in /shenzihe/WD-Disk/output/exp2/backpack_dog/checkpoint-100/images/on_top_of_a_wooden_floor/
11/15/2024 02:36:55 - INFO - root - Image have been saved in /shenzihe/WD-Disk/output/exp2/backpack_dog/checkpoint-100/images/on_top_of_a_wooden_floor/
11/15/2024 02:36:55 - INFO - __main__ - Running validation... 
 Generating 4 images with prompt:with a city in the background.
11/15/2024 02:37:09 - INFO - root - Image have been saved in /shenzihe/WD-Disk/output/exp2/backpack_dog/checkpoint-100/images/with_a_city_in_the_background/
11/15/2024 02:37:23 - INFO - root - Image have been saved in /shenzihe/WD-Disk/output/exp2/backpack_dog/checkpoint-100/images/with_a_city_in_the_background/
11/15/2024 02:37:36 - INFO - root - Image have been saved in /shenzihe/WD-Disk/output/exp2/backpack_dog/checkpoint-100/images/with_a_city_in_the_background/
11/15/2024 02:37:50 - INFO - root - Image have been saved in /shenzihe/WD-Disk/output/exp2/backpack_dog/checkpoint-100/images/with_a_city_in_the_background/
11/15/2024 02:37:50 - INFO - __main__ - Running validation... 
 Generating 4 images with prompt:with a mountain in the background.
11/15/2024 02:38:03 - INFO - root - Image have been saved in /shenzihe/WD-Disk/output/exp2/backpack_dog/checkpoint-100/images/with_a_mountain_in_the_background/
11/15/2024 02:38:17 - INFO - root - Image have been saved in /shenzihe/WD-Disk/output/exp2/backpack_dog/checkpoint-100/images/with_a_mountain_in_the_background/
11/15/2024 02:38:30 - INFO - root - Image have been saved in /shenzihe/WD-Disk/output/exp2/backpack_dog/checkpoint-100/images/with_a_mountain_in_the_background/
11/15/2024 02:38:44 - INFO - root - Image have been saved in /shenzihe/WD-Disk/output/exp2/backpack_dog/checkpoint-100/images/with_a_mountain_in_the_background/
11/15/2024 02:38:44 - INFO - __main__ - Running validation... 
 Generating 4 images with prompt:with a blue house in the background.
11/15/2024 02:38:57 - INFO - root - Image have been saved in /shenzihe/WD-Disk/output/exp2/backpack_dog/checkpoint-100/images/with_a_blue_house_in_the_background/
11/15/2024 02:39:11 - INFO - root - Image have been saved in /shenzihe/WD-Disk/output/exp2/backpack_dog/checkpoint-100/images/with_a_blue_house_in_the_background/
11/15/2024 02:39:24 - INFO - root - Image have been saved in /shenzihe/WD-Disk/output/exp2/backpack_dog/checkpoint-100/images/with_a_blue_house_in_the_background/
11/15/2024 02:39:42 - INFO - root - Image have been saved in /shenzihe/WD-Disk/output/exp2/backpack_dog/checkpoint-100/images/with_a_blue_house_in_the_background/
11/15/2024 02:39:42 - INFO - __main__ - Running validation... 
 Generating 4 images with prompt:on top of a purple rug in a forest.
11/15/2024 02:39:55 - INFO - root - Image have been saved in /shenzihe/WD-Disk/output/exp2/backpack_dog/checkpoint-100/images/on_top_of_a_purple_rug_in_a_forest/
11/15/2024 02:40:09 - INFO - root - Image have been saved in /shenzihe/WD-Disk/output/exp2/backpack_dog/checkpoint-100/images/on_top_of_a_purple_rug_in_a_forest/
11/15/2024 02:40:22 - INFO - root - Image have been saved in /shenzihe/WD-Disk/output/exp2/backpack_dog/checkpoint-100/images/on_top_of_a_purple_rug_in_a_forest/
11/15/2024 02:40:36 - INFO - root - Image have been saved in /shenzihe/WD-Disk/output/exp2/backpack_dog/checkpoint-100/images/on_top_of_a_purple_rug_in_a_forest/
11/15/2024 02:40:36 - INFO - __main__ - Running validation... 
 Generating 4 images with prompt:with a wheat field in the background.
11/15/2024 02:40:49 - INFO - root - Image have been saved in /shenzihe/WD-Disk/output/exp2/backpack_dog/checkpoint-100/images/with_a_wheat_field_in_the_background/
11/15/2024 02:41:03 - INFO - root - Image have been saved in /shenzihe/WD-Disk/output/exp2/backpack_dog/checkpoint-100/images/with_a_wheat_field_in_the_background/
11/15/2024 02:41:16 - INFO - root - Image have been saved in /shenzihe/WD-Disk/output/exp2/backpack_dog/checkpoint-100/images/with_a_wheat_field_in_the_background/
11/15/2024 02:41:30 - INFO - root - Image have been saved in /shenzihe/WD-Disk/output/exp2/backpack_dog/checkpoint-100/images/with_a_wheat_field_in_the_background/
11/15/2024 02:41:30 - INFO - __main__ - Running validation... 
 Generating 4 images with prompt:with a tree and autumn leaves in the background.
11/15/2024 02:41:43 - INFO - root - Image have been saved in /shenzihe/WD-Disk/output/exp2/backpack_dog/checkpoint-100/images/with_a_tree_and_autumn_leaves_in_the_background/
11/15/2024 02:41:57 - INFO - root - Image have been saved in /shenzihe/WD-Disk/output/exp2/backpack_dog/checkpoint-100/images/with_a_tree_and_autumn_leaves_in_the_background/
11/15/2024 02:42:10 - INFO - root - Image have been saved in /shenzihe/WD-Disk/output/exp2/backpack_dog/checkpoint-100/images/with_a_tree_and_autumn_leaves_in_the_background/
11/15/2024 02:42:24 - INFO - root - Image have been saved in /shenzihe/WD-Disk/output/exp2/backpack_dog/checkpoint-100/images/with_a_tree_and_autumn_leaves_in_the_background/
11/15/2024 02:42:24 - INFO - __main__ - Running validation... 
 Generating 4 images with prompt:with the Eiffel Tower in the background.
11/15/2024 02:42:38 - INFO - root - Image have been saved in /shenzihe/WD-Disk/output/exp2/backpack_dog/checkpoint-100/images/with_the_Eiffel_Tower_in_the_background/
11/15/2024 02:42:51 - INFO - root - Image have been saved in /shenzihe/WD-Disk/output/exp2/backpack_dog/checkpoint-100/images/with_the_Eiffel_Tower_in_the_background/
11/15/2024 02:43:05 - INFO - root - Image have been saved in /shenzihe/WD-Disk/output/exp2/backpack_dog/checkpoint-100/images/with_the_Eiffel_Tower_in_the_background/
11/15/2024 02:43:18 - INFO - root - Image have been saved in /shenzihe/WD-Disk/output/exp2/backpack_dog/checkpoint-100/images/with_the_Eiffel_Tower_in_the_background/
11/15/2024 02:43:18 - INFO - __main__ - Running validation... 
 Generating 4 images with prompt:floating on top of water.
11/15/2024 02:43:32 - INFO - root - Image have been saved in /shenzihe/WD-Disk/output/exp2/backpack_dog/checkpoint-100/images/floating_on_top_of_water/
11/15/2024 02:43:45 - INFO - root - Image have been saved in /shenzihe/WD-Disk/output/exp2/backpack_dog/checkpoint-100/images/floating_on_top_of_water/
11/15/2024 02:43:59 - INFO - root - Image have been saved in /shenzihe/WD-Disk/output/exp2/backpack_dog/checkpoint-100/images/floating_on_top_of_water/
11/15/2024 02:44:12 - INFO - root - Image have been saved in /shenzihe/WD-Disk/output/exp2/backpack_dog/checkpoint-100/images/floating_on_top_of_water/
11/15/2024 02:44:12 - INFO - __main__ - Running validation... 
 Generating 4 images with prompt:floating in an ocean of milk.
11/15/2024 02:44:26 - INFO - root - Image have been saved in /shenzihe/WD-Disk/output/exp2/backpack_dog/checkpoint-100/images/floating_in_an_ocean_of_milk/
11/15/2024 02:44:39 - INFO - root - Image have been saved in /shenzihe/WD-Disk/output/exp2/backpack_dog/checkpoint-100/images/floating_in_an_ocean_of_milk/
11/15/2024 02:44:52 - INFO - root - Image have been saved in /shenzihe/WD-Disk/output/exp2/backpack_dog/checkpoint-100/images/floating_in_an_ocean_of_milk/
11/15/2024 02:45:06 - INFO - root - Image have been saved in /shenzihe/WD-Disk/output/exp2/backpack_dog/checkpoint-100/images/floating_in_an_ocean_of_milk/
11/15/2024 02:45:06 - INFO - __main__ - Running validation... 
 Generating 4 images with prompt:on top of green grass with sunflowers around it.
11/15/2024 02:45:19 - INFO - root - Image have been saved in /shenzihe/WD-Disk/output/exp2/backpack_dog/checkpoint-100/images/on_top_of_green_grass_with_sunflowers_around_it/
11/15/2024 02:45:33 - INFO - root - Image have been saved in /shenzihe/WD-Disk/output/exp2/backpack_dog/checkpoint-100/images/on_top_of_green_grass_with_sunflowers_around_it/
11/15/2024 02:45:46 - INFO - root - Image have been saved in /shenzihe/WD-Disk/output/exp2/backpack_dog/checkpoint-100/images/on_top_of_green_grass_with_sunflowers_around_it/
11/15/2024 02:46:00 - INFO - root - Image have been saved in /shenzihe/WD-Disk/output/exp2/backpack_dog/checkpoint-100/images/on_top_of_green_grass_with_sunflowers_around_it/
11/15/2024 02:46:00 - INFO - __main__ - Running validation... 
 Generating 4 images with prompt:on top of a mirror.
11/15/2024 02:46:13 - INFO - root - Image have been saved in /shenzihe/WD-Disk/output/exp2/backpack_dog/checkpoint-100/images/on_top_of_a_mirror/
11/15/2024 02:46:26 - INFO - root - Image have been saved in /shenzihe/WD-Disk/output/exp2/backpack_dog/checkpoint-100/images/on_top_of_a_mirror/
11/15/2024 02:46:40 - INFO - root - Image have been saved in /shenzihe/WD-Disk/output/exp2/backpack_dog/checkpoint-100/images/on_top_of_a_mirror/
11/15/2024 02:46:53 - INFO - root - Image have been saved in /shenzihe/WD-Disk/output/exp2/backpack_dog/checkpoint-100/images/on_top_of_a_mirror/
11/15/2024 02:46:53 - INFO - __main__ - Running validation... 
 Generating 4 images with prompt:on top of the sidewalk in a crowded street.
11/15/2024 02:47:09 - INFO - root - Image have been saved in /shenzihe/WD-Disk/output/exp2/backpack_dog/checkpoint-100/images/on_top_of_the_sidewalk_in_a_crowded_street/
11/15/2024 02:47:23 - INFO - root - Image have been saved in /shenzihe/WD-Disk/output/exp2/backpack_dog/checkpoint-100/images/on_top_of_the_sidewalk_in_a_crowded_street/
11/15/2024 02:47:36 - INFO - root - Image have been saved in /shenzihe/WD-Disk/output/exp2/backpack_dog/checkpoint-100/images/on_top_of_the_sidewalk_in_a_crowded_street/
11/15/2024 02:47:50 - INFO - root - Image have been saved in /shenzihe/WD-Disk/output/exp2/backpack_dog/checkpoint-100/images/on_top_of_the_sidewalk_in_a_crowded_street/
11/15/2024 02:47:50 - INFO - __main__ - Running validation... 
 Generating 4 images with prompt:on top of a dirt road.
11/15/2024 02:48:03 - INFO - root - Image have been saved in /shenzihe/WD-Disk/output/exp2/backpack_dog/checkpoint-100/images/on_top_of_a_dirt_road/
11/15/2024 02:48:17 - INFO - root - Image have been saved in /shenzihe/WD-Disk/output/exp2/backpack_dog/checkpoint-100/images/on_top_of_a_dirt_road/
11/15/2024 02:48:30 - INFO - root - Image have been saved in /shenzihe/WD-Disk/output/exp2/backpack_dog/checkpoint-100/images/on_top_of_a_dirt_road/
11/15/2024 02:48:50 - INFO - root - Image have been saved in /shenzihe/WD-Disk/output/exp2/backpack_dog/checkpoint-100/images/on_top_of_a_dirt_road/
11/15/2024 02:48:50 - INFO - __main__ - Running validation... 
 Generating 4 images with prompt:on top of a white rug.
11/15/2024 02:49:03 - INFO - root - Image have been saved in /shenzihe/WD-Disk/output/exp2/backpack_dog/checkpoint-100/images/on_top_of_a_white_rug/
11/15/2024 02:49:17 - INFO - root - Image have been saved in /shenzihe/WD-Disk/output/exp2/backpack_dog/checkpoint-100/images/on_top_of_a_white_rug/
11/15/2024 02:49:30 - INFO - root - Image have been saved in /shenzihe/WD-Disk/output/exp2/backpack_dog/checkpoint-100/images/on_top_of_a_white_rug/
11/15/2024 02:49:44 - INFO - root - Image have been saved in /shenzihe/WD-Disk/output/exp2/backpack_dog/checkpoint-100/images/on_top_of_a_white_rug/
11/15/2024 02:49:44 - INFO - __main__ - Running validation... 
 Generating 4 images with prompt:red.
11/15/2024 02:49:57 - INFO - root - Image have been saved in /shenzihe/WD-Disk/output/exp2/backpack_dog/checkpoint-100/images/red/
11/15/2024 02:50:12 - INFO - root - Image have been saved in /shenzihe/WD-Disk/output/exp2/backpack_dog/checkpoint-100/images/red/
11/15/2024 02:50:25 - INFO - root - Image have been saved in /shenzihe/WD-Disk/output/exp2/backpack_dog/checkpoint-100/images/red/
11/15/2024 02:50:39 - INFO - root - Image have been saved in /shenzihe/WD-Disk/output/exp2/backpack_dog/checkpoint-100/images/red/
11/15/2024 02:50:39 - INFO - __main__ - Running validation... 
 Generating 4 images with prompt:purple.
11/15/2024 02:50:53 - INFO - root - Image have been saved in /shenzihe/WD-Disk/output/exp2/backpack_dog/checkpoint-100/images/purple/
11/15/2024 02:51:06 - INFO - root - Image have been saved in /shenzihe/WD-Disk/output/exp2/backpack_dog/checkpoint-100/images/purple/
11/15/2024 02:51:20 - INFO - root - Image have been saved in /shenzihe/WD-Disk/output/exp2/backpack_dog/checkpoint-100/images/purple/
11/15/2024 02:51:34 - INFO - root - Image have been saved in /shenzihe/WD-Disk/output/exp2/backpack_dog/checkpoint-100/images/purple/
11/15/2024 02:51:34 - INFO - __main__ - Running validation... 
 Generating 4 images with prompt:shiny.
11/15/2024 02:51:47 - INFO - root - Image have been saved in /shenzihe/WD-Disk/output/exp2/backpack_dog/checkpoint-100/images/shiny/
11/15/2024 02:52:01 - INFO - root - Image have been saved in /shenzihe/WD-Disk/output/exp2/backpack_dog/checkpoint-100/images/shiny/
11/15/2024 02:52:15 - INFO - root - Image have been saved in /shenzihe/WD-Disk/output/exp2/backpack_dog/checkpoint-100/images/shiny/
11/15/2024 02:52:29 - INFO - root - Image have been saved in /shenzihe/WD-Disk/output/exp2/backpack_dog/checkpoint-100/images/shiny/
11/15/2024 02:52:29 - INFO - __main__ - Running validation... 
 Generating 4 images with prompt:wet.
11/15/2024 02:52:42 - INFO - root - Image have been saved in /shenzihe/WD-Disk/output/exp2/backpack_dog/checkpoint-100/images/wet/
11/15/2024 02:52:56 - INFO - root - Image have been saved in /shenzihe/WD-Disk/output/exp2/backpack_dog/checkpoint-100/images/wet/
11/15/2024 02:53:09 - INFO - root - Image have been saved in /shenzihe/WD-Disk/output/exp2/backpack_dog/checkpoint-100/images/wet/
11/15/2024 02:53:23 - INFO - root - Image have been saved in /shenzihe/WD-Disk/output/exp2/backpack_dog/checkpoint-100/images/wet/
11/15/2024 02:53:23 - INFO - __main__ - Running validation... 
 Generating 4 images with prompt:cube shaped.
11/15/2024 02:53:37 - INFO - root - Image have been saved in /shenzihe/WD-Disk/output/exp2/backpack_dog/checkpoint-100/images/cube_shaped/
11/15/2024 02:53:51 - INFO - root - Image have been saved in /shenzihe/WD-Disk/output/exp2/backpack_dog/checkpoint-100/images/cube_shaped/
11/15/2024 02:54:04 - INFO - root - Image have been saved in /shenzihe/WD-Disk/output/exp2/backpack_dog/checkpoint-100/images/cube_shaped/
11/15/2024 02:54:18 - INFO - root - Image have been saved in /shenzihe/WD-Disk/output/exp2/backpack_dog/checkpoint-100/images/cube_shaped/
