11/14/2024 21:22:02 - INFO - __main__ - Distributed environment: NO
Num processes: 1
Process index: 0
Local process index: 0
Device: cuda

Mixed precision type: no

11/14/2024 21:22:05 - INFO - root - freeze vision encoder
11/14/2024 21:22:14 - INFO - root - Loading pretrained model from /root/.cache/torch/hub/checkpoints/blip-diffusion
11/14/2024 21:22:14 - INFO - root - Loading pretrained BLIP2 Qformer weights.
11/14/2024 21:22:16 - INFO - root - Loading pretrained projection lyer weights.
11/14/2024 21:22:16 - INFO - root - Loading pretrained text encoder weights.
11/14/2024 21:22:17 - INFO - root - Loading pretrained vae weights.
11/14/2024 21:22:17 - INFO - root - Loading pretrained unet weights.
11/14/2024 21:22:25 - INFO - root - Using xformers.
11/14/2024 21:22:25 - INFO - root - Building datasets...
11/14/2024 21:22:35 - INFO - root - freeze vision encoder
11/14/2024 21:23:02 - INFO - root - load checkpoint from https://storage.googleapis.com/sfr-vision-language-research/LAVIS/models/BLIP2/blip2_pretrained_flant5xl.pth
11/14/2024 21:23:03 - INFO - __main__ - 
***** Running training *****
11/14/2024 21:23:03 - INFO - __main__ -   Num examples = 6
11/14/2024 21:23:03 - INFO - __main__ -   Num batches each epoch = 2
11/14/2024 21:23:03 - INFO - __main__ -   Num Epochs = 50
11/14/2024 21:23:03 - INFO - __main__ -   Instantaneous batch size per device = 3
11/14/2024 21:23:03 - INFO - __main__ -   Total train batch size (w. parallel, distributed & accumulation) = 3
11/14/2024 21:23:03 - INFO - __main__ -   Gradient Accumulation steps = 1
11/14/2024 21:23:03 - INFO - __main__ -   Total optimization steps = 100
11/14/2024 21:28:41 - INFO - __main__ - Running validation... 
 Generating 4 images with prompt:in the jungle.
11/14/2024 21:28:56 - INFO - root - Image have been saved in /shenzihe/WD-Disk/output/exp/vase/checkpoint-100/images/in_the_jungle/
11/14/2024 21:29:09 - INFO - root - Image have been saved in /shenzihe/WD-Disk/output/exp/vase/checkpoint-100/images/in_the_jungle/
11/14/2024 21:29:23 - INFO - root - Image have been saved in /shenzihe/WD-Disk/output/exp/vase/checkpoint-100/images/in_the_jungle/
11/14/2024 21:29:36 - INFO - root - Image have been saved in /shenzihe/WD-Disk/output/exp/vase/checkpoint-100/images/in_the_jungle/
11/14/2024 21:29:36 - INFO - __main__ - Running validation... 
 Generating 4 images with prompt:in the snow.
11/14/2024 21:29:49 - INFO - root - Image have been saved in /shenzihe/WD-Disk/output/exp/vase/checkpoint-100/images/in_the_snow/
11/14/2024 21:30:03 - INFO - root - Image have been saved in /shenzihe/WD-Disk/output/exp/vase/checkpoint-100/images/in_the_snow/
11/14/2024 21:30:16 - INFO - root - Image have been saved in /shenzihe/WD-Disk/output/exp/vase/checkpoint-100/images/in_the_snow/
11/14/2024 21:30:30 - INFO - root - Image have been saved in /shenzihe/WD-Disk/output/exp/vase/checkpoint-100/images/in_the_snow/
11/14/2024 21:30:30 - INFO - __main__ - Running validation... 
 Generating 4 images with prompt:on the beach.
11/14/2024 21:30:43 - INFO - root - Image have been saved in /shenzihe/WD-Disk/output/exp/vase/checkpoint-100/images/on_the_beach/
11/14/2024 21:30:56 - INFO - root - Image have been saved in /shenzihe/WD-Disk/output/exp/vase/checkpoint-100/images/on_the_beach/
11/14/2024 21:31:10 - INFO - root - Image have been saved in /shenzihe/WD-Disk/output/exp/vase/checkpoint-100/images/on_the_beach/
11/14/2024 21:31:23 - INFO - root - Image have been saved in /shenzihe/WD-Disk/output/exp/vase/checkpoint-100/images/on_the_beach/
11/14/2024 21:31:23 - INFO - __main__ - Running validation... 
 Generating 4 images with prompt:on a cobblestone street.
11/14/2024 21:31:37 - INFO - root - Image have been saved in /shenzihe/WD-Disk/output/exp/vase/checkpoint-100/images/on_a_cobblestone_street/
11/14/2024 21:31:50 - INFO - root - Image have been saved in /shenzihe/WD-Disk/output/exp/vase/checkpoint-100/images/on_a_cobblestone_street/
11/14/2024 21:32:04 - INFO - root - Image have been saved in /shenzihe/WD-Disk/output/exp/vase/checkpoint-100/images/on_a_cobblestone_street/
11/14/2024 21:32:17 - INFO - root - Image have been saved in /shenzihe/WD-Disk/output/exp/vase/checkpoint-100/images/on_a_cobblestone_street/
11/14/2024 21:32:17 - INFO - __main__ - Running validation... 
 Generating 4 images with prompt:on top of pink fabric.
11/14/2024 21:32:30 - INFO - root - Image have been saved in /shenzihe/WD-Disk/output/exp/vase/checkpoint-100/images/on_top_of_pink_fabric/
11/14/2024 21:32:44 - INFO - root - Image have been saved in /shenzihe/WD-Disk/output/exp/vase/checkpoint-100/images/on_top_of_pink_fabric/
11/14/2024 21:32:57 - INFO - root - Image have been saved in /shenzihe/WD-Disk/output/exp/vase/checkpoint-100/images/on_top_of_pink_fabric/
11/14/2024 21:33:11 - INFO - root - Image have been saved in /shenzihe/WD-Disk/output/exp/vase/checkpoint-100/images/on_top_of_pink_fabric/
11/14/2024 21:33:11 - INFO - __main__ - Running validation... 
 Generating 4 images with prompt:on top of a wooden floor.
11/14/2024 21:33:24 - INFO - root - Image have been saved in /shenzihe/WD-Disk/output/exp/vase/checkpoint-100/images/on_top_of_a_wooden_floor/
11/14/2024 21:33:37 - INFO - root - Image have been saved in /shenzihe/WD-Disk/output/exp/vase/checkpoint-100/images/on_top_of_a_wooden_floor/
11/14/2024 21:33:51 - INFO - root - Image have been saved in /shenzihe/WD-Disk/output/exp/vase/checkpoint-100/images/on_top_of_a_wooden_floor/
11/14/2024 21:34:04 - INFO - root - Image have been saved in /shenzihe/WD-Disk/output/exp/vase/checkpoint-100/images/on_top_of_a_wooden_floor/
11/14/2024 21:34:04 - INFO - __main__ - Running validation... 
 Generating 4 images with prompt:with a city in the background.
11/14/2024 21:34:18 - INFO - root - Image have been saved in /shenzihe/WD-Disk/output/exp/vase/checkpoint-100/images/with_a_city_in_the_background/
11/14/2024 21:34:31 - INFO - root - Image have been saved in /shenzihe/WD-Disk/output/exp/vase/checkpoint-100/images/with_a_city_in_the_background/
11/14/2024 21:34:44 - INFO - root - Image have been saved in /shenzihe/WD-Disk/output/exp/vase/checkpoint-100/images/with_a_city_in_the_background/
11/14/2024 21:34:58 - INFO - root - Image have been saved in /shenzihe/WD-Disk/output/exp/vase/checkpoint-100/images/with_a_city_in_the_background/
11/14/2024 21:34:58 - INFO - __main__ - Running validation... 
 Generating 4 images with prompt:with a mountain in the background.
11/14/2024 21:35:11 - INFO - root - Image have been saved in /shenzihe/WD-Disk/output/exp/vase/checkpoint-100/images/with_a_mountain_in_the_background/
11/14/2024 21:35:25 - INFO - root - Image have been saved in /shenzihe/WD-Disk/output/exp/vase/checkpoint-100/images/with_a_mountain_in_the_background/
11/14/2024 21:35:38 - INFO - root - Image have been saved in /shenzihe/WD-Disk/output/exp/vase/checkpoint-100/images/with_a_mountain_in_the_background/
11/14/2024 21:35:51 - INFO - root - Image have been saved in /shenzihe/WD-Disk/output/exp/vase/checkpoint-100/images/with_a_mountain_in_the_background/
11/14/2024 21:35:51 - INFO - __main__ - Running validation... 
 Generating 4 images with prompt:with a blue house in the background.
11/14/2024 21:36:05 - INFO - root - Image have been saved in /shenzihe/WD-Disk/output/exp/vase/checkpoint-100/images/with_a_blue_house_in_the_background/
11/14/2024 21:36:18 - INFO - root - Image have been saved in /shenzihe/WD-Disk/output/exp/vase/checkpoint-100/images/with_a_blue_house_in_the_background/
11/14/2024 21:36:32 - INFO - root - Image have been saved in /shenzihe/WD-Disk/output/exp/vase/checkpoint-100/images/with_a_blue_house_in_the_background/
11/14/2024 21:36:45 - INFO - root - Image have been saved in /shenzihe/WD-Disk/output/exp/vase/checkpoint-100/images/with_a_blue_house_in_the_background/
11/14/2024 21:36:45 - INFO - __main__ - Running validation... 
 Generating 4 images with prompt:on top of a purple rug in a forest.
11/14/2024 21:36:58 - INFO - root - Image have been saved in /shenzihe/WD-Disk/output/exp/vase/checkpoint-100/images/on_top_of_a_purple_rug_in_a_forest/
11/14/2024 21:37:12 - INFO - root - Image have been saved in /shenzihe/WD-Disk/output/exp/vase/checkpoint-100/images/on_top_of_a_purple_rug_in_a_forest/
11/14/2024 21:37:25 - INFO - root - Image have been saved in /shenzihe/WD-Disk/output/exp/vase/checkpoint-100/images/on_top_of_a_purple_rug_in_a_forest/
11/14/2024 21:37:39 - INFO - root - Image have been saved in /shenzihe/WD-Disk/output/exp/vase/checkpoint-100/images/on_top_of_a_purple_rug_in_a_forest/
11/14/2024 21:37:39 - INFO - __main__ - Running validation... 
 Generating 4 images with prompt:with a wheat field in the background.
11/14/2024 21:37:52 - INFO - root - Image have been saved in /shenzihe/WD-Disk/output/exp/vase/checkpoint-100/images/with_a_wheat_field_in_the_background/
11/14/2024 21:38:05 - INFO - root - Image have been saved in /shenzihe/WD-Disk/output/exp/vase/checkpoint-100/images/with_a_wheat_field_in_the_background/
11/14/2024 21:38:19 - INFO - root - Image have been saved in /shenzihe/WD-Disk/output/exp/vase/checkpoint-100/images/with_a_wheat_field_in_the_background/
11/14/2024 21:38:32 - INFO - root - Image have been saved in /shenzihe/WD-Disk/output/exp/vase/checkpoint-100/images/with_a_wheat_field_in_the_background/
11/14/2024 21:38:32 - INFO - __main__ - Running validation... 
 Generating 4 images with prompt:with a tree and autumn leaves in the background.
11/14/2024 21:38:45 - INFO - root - Image have been saved in /shenzihe/WD-Disk/output/exp/vase/checkpoint-100/images/with_a_tree_and_autumn_leaves_in_the_background/
11/14/2024 21:38:59 - INFO - root - Image have been saved in /shenzihe/WD-Disk/output/exp/vase/checkpoint-100/images/with_a_tree_and_autumn_leaves_in_the_background/
11/14/2024 21:39:12 - INFO - root - Image have been saved in /shenzihe/WD-Disk/output/exp/vase/checkpoint-100/images/with_a_tree_and_autumn_leaves_in_the_background/
11/14/2024 21:39:26 - INFO - root - Image have been saved in /shenzihe/WD-Disk/output/exp/vase/checkpoint-100/images/with_a_tree_and_autumn_leaves_in_the_background/
11/14/2024 21:39:26 - INFO - __main__ - Running validation... 
 Generating 4 images with prompt:with the Eiffel Tower in the background.
11/14/2024 21:39:39 - INFO - root - Image have been saved in /shenzihe/WD-Disk/output/exp/vase/checkpoint-100/images/with_the_Eiffel_Tower_in_the_background/
11/14/2024 21:39:52 - INFO - root - Image have been saved in /shenzihe/WD-Disk/output/exp/vase/checkpoint-100/images/with_the_Eiffel_Tower_in_the_background/
11/14/2024 21:40:06 - INFO - root - Image have been saved in /shenzihe/WD-Disk/output/exp/vase/checkpoint-100/images/with_the_Eiffel_Tower_in_the_background/
11/14/2024 21:40:19 - INFO - root - Image have been saved in /shenzihe/WD-Disk/output/exp/vase/checkpoint-100/images/with_the_Eiffel_Tower_in_the_background/
11/14/2024 21:40:19 - INFO - __main__ - Running validation... 
 Generating 4 images with prompt:floating on top of water.
11/14/2024 21:40:33 - INFO - root - Image have been saved in /shenzihe/WD-Disk/output/exp/vase/checkpoint-100/images/floating_on_top_of_water/
11/14/2024 21:40:46 - INFO - root - Image have been saved in /shenzihe/WD-Disk/output/exp/vase/checkpoint-100/images/floating_on_top_of_water/
11/14/2024 21:40:59 - INFO - root - Image have been saved in /shenzihe/WD-Disk/output/exp/vase/checkpoint-100/images/floating_on_top_of_water/
11/14/2024 21:41:13 - INFO - root - Image have been saved in /shenzihe/WD-Disk/output/exp/vase/checkpoint-100/images/floating_on_top_of_water/
11/14/2024 21:41:13 - INFO - __main__ - Running validation... 
 Generating 4 images with prompt:floating in an ocean of milk.
11/14/2024 21:41:26 - INFO - root - Image have been saved in /shenzihe/WD-Disk/output/exp/vase/checkpoint-100/images/floating_in_an_ocean_of_milk/
11/14/2024 21:41:40 - INFO - root - Image have been saved in /shenzihe/WD-Disk/output/exp/vase/checkpoint-100/images/floating_in_an_ocean_of_milk/
11/14/2024 21:41:53 - INFO - root - Image have been saved in /shenzihe/WD-Disk/output/exp/vase/checkpoint-100/images/floating_in_an_ocean_of_milk/
11/14/2024 21:42:06 - INFO - root - Image have been saved in /shenzihe/WD-Disk/output/exp/vase/checkpoint-100/images/floating_in_an_ocean_of_milk/
11/14/2024 21:42:06 - INFO - __main__ - Running validation... 
 Generating 4 images with prompt:on top of green grass with sunflowers around it.
11/14/2024 21:42:20 - INFO - root - Image have been saved in /shenzihe/WD-Disk/output/exp/vase/checkpoint-100/images/on_top_of_green_grass_with_sunflowers_around_it/
11/14/2024 21:42:33 - INFO - root - Image have been saved in /shenzihe/WD-Disk/output/exp/vase/checkpoint-100/images/on_top_of_green_grass_with_sunflowers_around_it/
11/14/2024 21:42:46 - INFO - root - Image have been saved in /shenzihe/WD-Disk/output/exp/vase/checkpoint-100/images/on_top_of_green_grass_with_sunflowers_around_it/
11/14/2024 21:43:00 - INFO - root - Image have been saved in /shenzihe/WD-Disk/output/exp/vase/checkpoint-100/images/on_top_of_green_grass_with_sunflowers_around_it/
11/14/2024 21:43:00 - INFO - __main__ - Running validation... 
 Generating 4 images with prompt:on top of a mirror.
11/14/2024 21:43:13 - INFO - root - Image have been saved in /shenzihe/WD-Disk/output/exp/vase/checkpoint-100/images/on_top_of_a_mirror/
11/14/2024 21:43:27 - INFO - root - Image have been saved in /shenzihe/WD-Disk/output/exp/vase/checkpoint-100/images/on_top_of_a_mirror/
11/14/2024 21:43:40 - INFO - root - Image have been saved in /shenzihe/WD-Disk/output/exp/vase/checkpoint-100/images/on_top_of_a_mirror/
11/14/2024 21:43:53 - INFO - root - Image have been saved in /shenzihe/WD-Disk/output/exp/vase/checkpoint-100/images/on_top_of_a_mirror/
11/14/2024 21:43:53 - INFO - __main__ - Running validation... 
 Generating 4 images with prompt:on top of the sidewalk in a crowded street.
11/14/2024 21:44:07 - INFO - root - Image have been saved in /shenzihe/WD-Disk/output/exp/vase/checkpoint-100/images/on_top_of_the_sidewalk_in_a_crowded_street/
11/14/2024 21:44:20 - INFO - root - Image have been saved in /shenzihe/WD-Disk/output/exp/vase/checkpoint-100/images/on_top_of_the_sidewalk_in_a_crowded_street/
11/14/2024 21:44:34 - INFO - root - Image have been saved in /shenzihe/WD-Disk/output/exp/vase/checkpoint-100/images/on_top_of_the_sidewalk_in_a_crowded_street/
11/14/2024 21:44:47 - INFO - root - Image have been saved in /shenzihe/WD-Disk/output/exp/vase/checkpoint-100/images/on_top_of_the_sidewalk_in_a_crowded_street/
11/14/2024 21:44:47 - INFO - __main__ - Running validation... 
 Generating 4 images with prompt:on top of a dirt road.
11/14/2024 21:45:00 - INFO - root - Image have been saved in /shenzihe/WD-Disk/output/exp/vase/checkpoint-100/images/on_top_of_a_dirt_road/
11/14/2024 21:45:14 - INFO - root - Image have been saved in /shenzihe/WD-Disk/output/exp/vase/checkpoint-100/images/on_top_of_a_dirt_road/
11/14/2024 21:45:27 - INFO - root - Image have been saved in /shenzihe/WD-Disk/output/exp/vase/checkpoint-100/images/on_top_of_a_dirt_road/
11/14/2024 21:45:40 - INFO - root - Image have been saved in /shenzihe/WD-Disk/output/exp/vase/checkpoint-100/images/on_top_of_a_dirt_road/
11/14/2024 21:45:40 - INFO - __main__ - Running validation... 
 Generating 4 images with prompt:on top of a white rug.
11/14/2024 21:45:54 - INFO - root - Image have been saved in /shenzihe/WD-Disk/output/exp/vase/checkpoint-100/images/on_top_of_a_white_rug/
11/14/2024 21:46:07 - INFO - root - Image have been saved in /shenzihe/WD-Disk/output/exp/vase/checkpoint-100/images/on_top_of_a_white_rug/
11/14/2024 21:46:21 - INFO - root - Image have been saved in /shenzihe/WD-Disk/output/exp/vase/checkpoint-100/images/on_top_of_a_white_rug/
11/14/2024 21:46:34 - INFO - root - Image have been saved in /shenzihe/WD-Disk/output/exp/vase/checkpoint-100/images/on_top_of_a_white_rug/
11/14/2024 21:46:34 - INFO - __main__ - Running validation... 
 Generating 4 images with prompt:red.
11/14/2024 21:46:47 - INFO - root - Image have been saved in /shenzihe/WD-Disk/output/exp/vase/checkpoint-100/images/red/
11/14/2024 21:47:01 - INFO - root - Image have been saved in /shenzihe/WD-Disk/output/exp/vase/checkpoint-100/images/red/
11/14/2024 21:47:14 - INFO - root - Image have been saved in /shenzihe/WD-Disk/output/exp/vase/checkpoint-100/images/red/
11/14/2024 21:47:28 - INFO - root - Image have been saved in /shenzihe/WD-Disk/output/exp/vase/checkpoint-100/images/red/
11/14/2024 21:47:28 - INFO - __main__ - Running validation... 
 Generating 4 images with prompt:purple.
11/14/2024 21:47:41 - INFO - root - Image have been saved in /shenzihe/WD-Disk/output/exp/vase/checkpoint-100/images/purple/
11/14/2024 21:47:54 - INFO - root - Image have been saved in /shenzihe/WD-Disk/output/exp/vase/checkpoint-100/images/purple/
11/14/2024 21:48:08 - INFO - root - Image have been saved in /shenzihe/WD-Disk/output/exp/vase/checkpoint-100/images/purple/
11/14/2024 21:48:21 - INFO - root - Image have been saved in /shenzihe/WD-Disk/output/exp/vase/checkpoint-100/images/purple/
11/14/2024 21:48:21 - INFO - __main__ - Running validation... 
 Generating 4 images with prompt:shiny.
11/14/2024 21:48:34 - INFO - root - Image have been saved in /shenzihe/WD-Disk/output/exp/vase/checkpoint-100/images/shiny/
11/14/2024 21:48:48 - INFO - root - Image have been saved in /shenzihe/WD-Disk/output/exp/vase/checkpoint-100/images/shiny/
11/14/2024 21:49:01 - INFO - root - Image have been saved in /shenzihe/WD-Disk/output/exp/vase/checkpoint-100/images/shiny/
11/14/2024 21:49:15 - INFO - root - Image have been saved in /shenzihe/WD-Disk/output/exp/vase/checkpoint-100/images/shiny/
11/14/2024 21:49:15 - INFO - __main__ - Running validation... 
 Generating 4 images with prompt:wet.
11/14/2024 21:49:28 - INFO - root - Image have been saved in /shenzihe/WD-Disk/output/exp/vase/checkpoint-100/images/wet/
11/14/2024 21:49:41 - INFO - root - Image have been saved in /shenzihe/WD-Disk/output/exp/vase/checkpoint-100/images/wet/
11/14/2024 21:49:55 - INFO - root - Image have been saved in /shenzihe/WD-Disk/output/exp/vase/checkpoint-100/images/wet/
11/14/2024 21:50:08 - INFO - root - Image have been saved in /shenzihe/WD-Disk/output/exp/vase/checkpoint-100/images/wet/
11/14/2024 21:50:08 - INFO - __main__ - Running validation... 
 Generating 4 images with prompt:cube shaped.
11/14/2024 21:50:22 - INFO - root - Image have been saved in /shenzihe/WD-Disk/output/exp/vase/checkpoint-100/images/cube_shaped/
11/14/2024 21:50:35 - INFO - root - Image have been saved in /shenzihe/WD-Disk/output/exp/vase/checkpoint-100/images/cube_shaped/
11/14/2024 21:50:49 - INFO - root - Image have been saved in /shenzihe/WD-Disk/output/exp/vase/checkpoint-100/images/cube_shaped/
11/14/2024 21:51:02 - INFO - root - Image have been saved in /shenzihe/WD-Disk/output/exp/vase/checkpoint-100/images/cube_shaped/
