11/15/2024 02:54:29 - INFO - __main__ - Distributed environment: NO
Num processes: 1
Process index: 0
Local process index: 0
Device: cuda

Mixed precision type: no

11/15/2024 02:54:33 - INFO - root - freeze vision encoder
11/15/2024 02:54:44 - INFO - root - Loading pretrained model from /root/.cache/torch/hub/checkpoints/blip-diffusion
11/15/2024 02:54:44 - INFO - root - Loading pretrained BLIP2 Qformer weights.
11/15/2024 02:54:46 - INFO - root - Loading pretrained projection lyer weights.
11/15/2024 02:54:46 - INFO - root - Loading pretrained text encoder weights.
11/15/2024 02:54:46 - INFO - root - Loading pretrained vae weights.
11/15/2024 02:54:47 - INFO - root - Loading pretrained unet weights.
11/15/2024 02:54:54 - INFO - root - Using xformers.
11/15/2024 02:54:54 - INFO - root - Building datasets...
11/15/2024 02:55:05 - INFO - root - freeze vision encoder
11/15/2024 02:55:33 - INFO - root - load checkpoint from https://storage.googleapis.com/sfr-vision-language-research/LAVIS/models/BLIP2/blip2_pretrained_flant5xl.pth
11/15/2024 02:55:34 - INFO - __main__ - 
***** Running training *****
11/15/2024 02:55:34 - INFO - __main__ -   Num examples = 5
11/15/2024 02:55:34 - INFO - __main__ -   Num batches each epoch = 2
11/15/2024 02:55:34 - INFO - __main__ -   Num Epochs = 50
11/15/2024 02:55:34 - INFO - __main__ -   Instantaneous batch size per device = 3
11/15/2024 02:55:34 - INFO - __main__ -   Total train batch size (w. parallel, distributed & accumulation) = 3
11/15/2024 02:55:34 - INFO - __main__ -   Gradient Accumulation steps = 1
11/15/2024 02:55:34 - INFO - __main__ -   Total optimization steps = 100
11/15/2024 03:01:25 - INFO - __main__ - Running validation... 
 Generating 4 images with prompt:in the jungle.
11/15/2024 03:01:39 - INFO - root - Image have been saved in /shenzihe/WD-Disk/output/exp2/bear_plushie/checkpoint-100/images/in_the_jungle/
11/15/2024 03:01:53 - INFO - root - Image have been saved in /shenzihe/WD-Disk/output/exp2/bear_plushie/checkpoint-100/images/in_the_jungle/
11/15/2024 03:02:06 - INFO - root - Image have been saved in /shenzihe/WD-Disk/output/exp2/bear_plushie/checkpoint-100/images/in_the_jungle/
11/15/2024 03:02:20 - INFO - root - Image have been saved in /shenzihe/WD-Disk/output/exp2/bear_plushie/checkpoint-100/images/in_the_jungle/
11/15/2024 03:02:20 - INFO - __main__ - Running validation... 
 Generating 4 images with prompt:in the snow.
11/15/2024 03:02:34 - INFO - root - Image have been saved in /shenzihe/WD-Disk/output/exp2/bear_plushie/checkpoint-100/images/in_the_snow/
11/15/2024 03:02:47 - INFO - root - Image have been saved in /shenzihe/WD-Disk/output/exp2/bear_plushie/checkpoint-100/images/in_the_snow/
11/15/2024 03:03:01 - INFO - root - Image have been saved in /shenzihe/WD-Disk/output/exp2/bear_plushie/checkpoint-100/images/in_the_snow/
11/15/2024 03:03:14 - INFO - root - Image have been saved in /shenzihe/WD-Disk/output/exp2/bear_plushie/checkpoint-100/images/in_the_snow/
11/15/2024 03:03:14 - INFO - __main__ - Running validation... 
 Generating 4 images with prompt:on the beach.
11/15/2024 03:03:28 - INFO - root - Image have been saved in /shenzihe/WD-Disk/output/exp2/bear_plushie/checkpoint-100/images/on_the_beach/
11/15/2024 03:03:42 - INFO - root - Image have been saved in /shenzihe/WD-Disk/output/exp2/bear_plushie/checkpoint-100/images/on_the_beach/
11/15/2024 03:03:55 - INFO - root - Image have been saved in /shenzihe/WD-Disk/output/exp2/bear_plushie/checkpoint-100/images/on_the_beach/
11/15/2024 03:04:09 - INFO - root - Image have been saved in /shenzihe/WD-Disk/output/exp2/bear_plushie/checkpoint-100/images/on_the_beach/
11/15/2024 03:04:09 - INFO - __main__ - Running validation... 
 Generating 4 images with prompt:on a cobblestone street.
11/15/2024 03:04:22 - INFO - root - Image have been saved in /shenzihe/WD-Disk/output/exp2/bear_plushie/checkpoint-100/images/on_a_cobblestone_street/
11/15/2024 03:04:36 - INFO - root - Image have been saved in /shenzihe/WD-Disk/output/exp2/bear_plushie/checkpoint-100/images/on_a_cobblestone_street/
11/15/2024 03:04:49 - INFO - root - Image have been saved in /shenzihe/WD-Disk/output/exp2/bear_plushie/checkpoint-100/images/on_a_cobblestone_street/
11/15/2024 03:05:03 - INFO - root - Image have been saved in /shenzihe/WD-Disk/output/exp2/bear_plushie/checkpoint-100/images/on_a_cobblestone_street/
11/15/2024 03:05:03 - INFO - __main__ - Running validation... 
 Generating 4 images with prompt:on top of pink fabric.
11/15/2024 03:05:16 - INFO - root - Image have been saved in /shenzihe/WD-Disk/output/exp2/bear_plushie/checkpoint-100/images/on_top_of_pink_fabric/
11/15/2024 03:05:30 - INFO - root - Image have been saved in /shenzihe/WD-Disk/output/exp2/bear_plushie/checkpoint-100/images/on_top_of_pink_fabric/
11/15/2024 03:05:43 - INFO - root - Image have been saved in /shenzihe/WD-Disk/output/exp2/bear_plushie/checkpoint-100/images/on_top_of_pink_fabric/
11/15/2024 03:05:57 - INFO - root - Image have been saved in /shenzihe/WD-Disk/output/exp2/bear_plushie/checkpoint-100/images/on_top_of_pink_fabric/
11/15/2024 03:05:57 - INFO - __main__ - Running validation... 
 Generating 4 images with prompt:on top of a wooden floor.
11/15/2024 03:06:11 - INFO - root - Image have been saved in /shenzihe/WD-Disk/output/exp2/bear_plushie/checkpoint-100/images/on_top_of_a_wooden_floor/
11/15/2024 03:06:24 - INFO - root - Image have been saved in /shenzihe/WD-Disk/output/exp2/bear_plushie/checkpoint-100/images/on_top_of_a_wooden_floor/
11/15/2024 03:06:38 - INFO - root - Image have been saved in /shenzihe/WD-Disk/output/exp2/bear_plushie/checkpoint-100/images/on_top_of_a_wooden_floor/
11/15/2024 03:06:51 - INFO - root - Image have been saved in /shenzihe/WD-Disk/output/exp2/bear_plushie/checkpoint-100/images/on_top_of_a_wooden_floor/
11/15/2024 03:06:51 - INFO - __main__ - Running validation... 
 Generating 4 images with prompt:with a city in the background.
11/15/2024 03:07:05 - INFO - root - Image have been saved in /shenzihe/WD-Disk/output/exp2/bear_plushie/checkpoint-100/images/with_a_city_in_the_background/
11/15/2024 03:07:19 - INFO - root - Image have been saved in /shenzihe/WD-Disk/output/exp2/bear_plushie/checkpoint-100/images/with_a_city_in_the_background/
11/15/2024 03:07:32 - INFO - root - Image have been saved in /shenzihe/WD-Disk/output/exp2/bear_plushie/checkpoint-100/images/with_a_city_in_the_background/
11/15/2024 03:07:46 - INFO - root - Image have been saved in /shenzihe/WD-Disk/output/exp2/bear_plushie/checkpoint-100/images/with_a_city_in_the_background/
11/15/2024 03:07:46 - INFO - __main__ - Running validation... 
 Generating 4 images with prompt:with a mountain in the background.
11/15/2024 03:08:00 - INFO - root - Image have been saved in /shenzihe/WD-Disk/output/exp2/bear_plushie/checkpoint-100/images/with_a_mountain_in_the_background/
11/15/2024 03:08:13 - INFO - root - Image have been saved in /shenzihe/WD-Disk/output/exp2/bear_plushie/checkpoint-100/images/with_a_mountain_in_the_background/
11/15/2024 03:08:27 - INFO - root - Image have been saved in /shenzihe/WD-Disk/output/exp2/bear_plushie/checkpoint-100/images/with_a_mountain_in_the_background/
11/15/2024 03:08:40 - INFO - root - Image have been saved in /shenzihe/WD-Disk/output/exp2/bear_plushie/checkpoint-100/images/with_a_mountain_in_the_background/
11/15/2024 03:08:40 - INFO - __main__ - Running validation... 
 Generating 4 images with prompt:with a blue house in the background.
11/15/2024 03:08:54 - INFO - root - Image have been saved in /shenzihe/WD-Disk/output/exp2/bear_plushie/checkpoint-100/images/with_a_blue_house_in_the_background/
11/15/2024 03:09:07 - INFO - root - Image have been saved in /shenzihe/WD-Disk/output/exp2/bear_plushie/checkpoint-100/images/with_a_blue_house_in_the_background/
11/15/2024 03:09:21 - INFO - root - Image have been saved in /shenzihe/WD-Disk/output/exp2/bear_plushie/checkpoint-100/images/with_a_blue_house_in_the_background/
11/15/2024 03:09:34 - INFO - root - Image have been saved in /shenzihe/WD-Disk/output/exp2/bear_plushie/checkpoint-100/images/with_a_blue_house_in_the_background/
11/15/2024 03:09:34 - INFO - __main__ - Running validation... 
 Generating 4 images with prompt:on top of a purple rug in a forest.
11/15/2024 03:09:48 - INFO - root - Image have been saved in /shenzihe/WD-Disk/output/exp2/bear_plushie/checkpoint-100/images/on_top_of_a_purple_rug_in_a_forest/
11/15/2024 03:10:02 - INFO - root - Image have been saved in /shenzihe/WD-Disk/output/exp2/bear_plushie/checkpoint-100/images/on_top_of_a_purple_rug_in_a_forest/
11/15/2024 03:10:15 - INFO - root - Image have been saved in /shenzihe/WD-Disk/output/exp2/bear_plushie/checkpoint-100/images/on_top_of_a_purple_rug_in_a_forest/
11/15/2024 03:10:29 - INFO - root - Image have been saved in /shenzihe/WD-Disk/output/exp2/bear_plushie/checkpoint-100/images/on_top_of_a_purple_rug_in_a_forest/
11/15/2024 03:10:29 - INFO - __main__ - Running validation... 
 Generating 4 images with prompt:with a wheat field in the background.
11/15/2024 03:10:43 - INFO - root - Image have been saved in /shenzihe/WD-Disk/output/exp2/bear_plushie/checkpoint-100/images/with_a_wheat_field_in_the_background/
11/15/2024 03:10:56 - INFO - root - Image have been saved in /shenzihe/WD-Disk/output/exp2/bear_plushie/checkpoint-100/images/with_a_wheat_field_in_the_background/
11/15/2024 03:11:10 - INFO - root - Image have been saved in /shenzihe/WD-Disk/output/exp2/bear_plushie/checkpoint-100/images/with_a_wheat_field_in_the_background/
11/15/2024 03:11:23 - INFO - root - Image have been saved in /shenzihe/WD-Disk/output/exp2/bear_plushie/checkpoint-100/images/with_a_wheat_field_in_the_background/
11/15/2024 03:11:23 - INFO - __main__ - Running validation... 
 Generating 4 images with prompt:with a tree and autumn leaves in the background.
11/15/2024 03:11:37 - INFO - root - Image have been saved in /shenzihe/WD-Disk/output/exp2/bear_plushie/checkpoint-100/images/with_a_tree_and_autumn_leaves_in_the_background/
11/15/2024 03:11:50 - INFO - root - Image have been saved in /shenzihe/WD-Disk/output/exp2/bear_plushie/checkpoint-100/images/with_a_tree_and_autumn_leaves_in_the_background/
11/15/2024 03:12:04 - INFO - root - Image have been saved in /shenzihe/WD-Disk/output/exp2/bear_plushie/checkpoint-100/images/with_a_tree_and_autumn_leaves_in_the_background/
11/15/2024 03:12:18 - INFO - root - Image have been saved in /shenzihe/WD-Disk/output/exp2/bear_plushie/checkpoint-100/images/with_a_tree_and_autumn_leaves_in_the_background/
11/15/2024 03:12:18 - INFO - __main__ - Running validation... 
 Generating 4 images with prompt:with the Eiffel Tower in the background.
11/15/2024 03:12:31 - INFO - root - Image have been saved in /shenzihe/WD-Disk/output/exp2/bear_plushie/checkpoint-100/images/with_the_Eiffel_Tower_in_the_background/
11/15/2024 03:12:45 - INFO - root - Image have been saved in /shenzihe/WD-Disk/output/exp2/bear_plushie/checkpoint-100/images/with_the_Eiffel_Tower_in_the_background/
11/15/2024 03:12:58 - INFO - root - Image have been saved in /shenzihe/WD-Disk/output/exp2/bear_plushie/checkpoint-100/images/with_the_Eiffel_Tower_in_the_background/
11/15/2024 03:13:12 - INFO - root - Image have been saved in /shenzihe/WD-Disk/output/exp2/bear_plushie/checkpoint-100/images/with_the_Eiffel_Tower_in_the_background/
11/15/2024 03:13:12 - INFO - __main__ - Running validation... 
 Generating 4 images with prompt:floating on top of water.
11/15/2024 03:13:25 - INFO - root - Image have been saved in /shenzihe/WD-Disk/output/exp2/bear_plushie/checkpoint-100/images/floating_on_top_of_water/
11/15/2024 03:13:39 - INFO - root - Image have been saved in /shenzihe/WD-Disk/output/exp2/bear_plushie/checkpoint-100/images/floating_on_top_of_water/
11/15/2024 03:13:52 - INFO - root - Image have been saved in /shenzihe/WD-Disk/output/exp2/bear_plushie/checkpoint-100/images/floating_on_top_of_water/
11/15/2024 03:14:06 - INFO - root - Image have been saved in /shenzihe/WD-Disk/output/exp2/bear_plushie/checkpoint-100/images/floating_on_top_of_water/
11/15/2024 03:14:06 - INFO - __main__ - Running validation... 
 Generating 4 images with prompt:floating in an ocean of milk.
11/15/2024 03:14:20 - INFO - root - Image have been saved in /shenzihe/WD-Disk/output/exp2/bear_plushie/checkpoint-100/images/floating_in_an_ocean_of_milk/
11/15/2024 03:14:33 - INFO - root - Image have been saved in /shenzihe/WD-Disk/output/exp2/bear_plushie/checkpoint-100/images/floating_in_an_ocean_of_milk/
11/15/2024 03:14:47 - INFO - root - Image have been saved in /shenzihe/WD-Disk/output/exp2/bear_plushie/checkpoint-100/images/floating_in_an_ocean_of_milk/
11/15/2024 03:15:00 - INFO - root - Image have been saved in /shenzihe/WD-Disk/output/exp2/bear_plushie/checkpoint-100/images/floating_in_an_ocean_of_milk/
11/15/2024 03:15:00 - INFO - __main__ - Running validation... 
 Generating 4 images with prompt:on top of green grass with sunflowers around it.
11/15/2024 03:15:14 - INFO - root - Image have been saved in /shenzihe/WD-Disk/output/exp2/bear_plushie/checkpoint-100/images/on_top_of_green_grass_with_sunflowers_around_it/
11/15/2024 03:15:28 - INFO - root - Image have been saved in /shenzihe/WD-Disk/output/exp2/bear_plushie/checkpoint-100/images/on_top_of_green_grass_with_sunflowers_around_it/
11/15/2024 03:15:41 - INFO - root - Image have been saved in /shenzihe/WD-Disk/output/exp2/bear_plushie/checkpoint-100/images/on_top_of_green_grass_with_sunflowers_around_it/
11/15/2024 03:15:55 - INFO - root - Image have been saved in /shenzihe/WD-Disk/output/exp2/bear_plushie/checkpoint-100/images/on_top_of_green_grass_with_sunflowers_around_it/
11/15/2024 03:15:55 - INFO - __main__ - Running validation... 
 Generating 4 images with prompt:on top of a mirror.
11/15/2024 03:16:08 - INFO - root - Image have been saved in /shenzihe/WD-Disk/output/exp2/bear_plushie/checkpoint-100/images/on_top_of_a_mirror/
11/15/2024 03:16:22 - INFO - root - Image have been saved in /shenzihe/WD-Disk/output/exp2/bear_plushie/checkpoint-100/images/on_top_of_a_mirror/
11/15/2024 03:16:35 - INFO - root - Image have been saved in /shenzihe/WD-Disk/output/exp2/bear_plushie/checkpoint-100/images/on_top_of_a_mirror/
11/15/2024 03:16:49 - INFO - root - Image have been saved in /shenzihe/WD-Disk/output/exp2/bear_plushie/checkpoint-100/images/on_top_of_a_mirror/
11/15/2024 03:16:49 - INFO - __main__ - Running validation... 
 Generating 4 images with prompt:on top of the sidewalk in a crowded street.
11/15/2024 03:17:03 - INFO - root - Image have been saved in /shenzihe/WD-Disk/output/exp2/bear_plushie/checkpoint-100/images/on_top_of_the_sidewalk_in_a_crowded_street/
11/15/2024 03:17:16 - INFO - root - Image have been saved in /shenzihe/WD-Disk/output/exp2/bear_plushie/checkpoint-100/images/on_top_of_the_sidewalk_in_a_crowded_street/
11/15/2024 03:17:30 - INFO - root - Image have been saved in /shenzihe/WD-Disk/output/exp2/bear_plushie/checkpoint-100/images/on_top_of_the_sidewalk_in_a_crowded_street/
11/15/2024 03:17:43 - INFO - root - Image have been saved in /shenzihe/WD-Disk/output/exp2/bear_plushie/checkpoint-100/images/on_top_of_the_sidewalk_in_a_crowded_street/
11/15/2024 03:17:43 - INFO - __main__ - Running validation... 
 Generating 4 images with prompt:on top of a dirt road.
11/15/2024 03:17:57 - INFO - root - Image have been saved in /shenzihe/WD-Disk/output/exp2/bear_plushie/checkpoint-100/images/on_top_of_a_dirt_road/
11/15/2024 03:18:11 - INFO - root - Image have been saved in /shenzihe/WD-Disk/output/exp2/bear_plushie/checkpoint-100/images/on_top_of_a_dirt_road/
11/15/2024 03:18:24 - INFO - root - Image have been saved in /shenzihe/WD-Disk/output/exp2/bear_plushie/checkpoint-100/images/on_top_of_a_dirt_road/
11/15/2024 03:18:38 - INFO - root - Image have been saved in /shenzihe/WD-Disk/output/exp2/bear_plushie/checkpoint-100/images/on_top_of_a_dirt_road/
11/15/2024 03:18:38 - INFO - __main__ - Running validation... 
 Generating 4 images with prompt:on top of a white rug.
11/15/2024 03:18:52 - INFO - root - Image have been saved in /shenzihe/WD-Disk/output/exp2/bear_plushie/checkpoint-100/images/on_top_of_a_white_rug/
11/15/2024 03:19:05 - INFO - root - Image have been saved in /shenzihe/WD-Disk/output/exp2/bear_plushie/checkpoint-100/images/on_top_of_a_white_rug/
11/15/2024 03:19:19 - INFO - root - Image have been saved in /shenzihe/WD-Disk/output/exp2/bear_plushie/checkpoint-100/images/on_top_of_a_white_rug/
11/15/2024 03:19:33 - INFO - root - Image have been saved in /shenzihe/WD-Disk/output/exp2/bear_plushie/checkpoint-100/images/on_top_of_a_white_rug/
11/15/2024 03:19:33 - INFO - __main__ - Running validation... 
 Generating 4 images with prompt:red.
11/15/2024 03:19:46 - INFO - root - Image have been saved in /shenzihe/WD-Disk/output/exp2/bear_plushie/checkpoint-100/images/red/
11/15/2024 03:20:00 - INFO - root - Image have been saved in /shenzihe/WD-Disk/output/exp2/bear_plushie/checkpoint-100/images/red/
11/15/2024 03:20:14 - INFO - root - Image have been saved in /shenzihe/WD-Disk/output/exp2/bear_plushie/checkpoint-100/images/red/
11/15/2024 03:20:27 - INFO - root - Image have been saved in /shenzihe/WD-Disk/output/exp2/bear_plushie/checkpoint-100/images/red/
11/15/2024 03:20:27 - INFO - __main__ - Running validation... 
 Generating 4 images with prompt:purple.
11/15/2024 03:20:41 - INFO - root - Image have been saved in /shenzihe/WD-Disk/output/exp2/bear_plushie/checkpoint-100/images/purple/
11/15/2024 03:20:54 - INFO - root - Image have been saved in /shenzihe/WD-Disk/output/exp2/bear_plushie/checkpoint-100/images/purple/
11/15/2024 03:21:08 - INFO - root - Image have been saved in /shenzihe/WD-Disk/output/exp2/bear_plushie/checkpoint-100/images/purple/
11/15/2024 03:21:22 - INFO - root - Image have been saved in /shenzihe/WD-Disk/output/exp2/bear_plushie/checkpoint-100/images/purple/
11/15/2024 03:21:22 - INFO - __main__ - Running validation... 
 Generating 4 images with prompt:shiny.
11/15/2024 03:21:35 - INFO - root - Image have been saved in /shenzihe/WD-Disk/output/exp2/bear_plushie/checkpoint-100/images/shiny/
11/15/2024 03:21:49 - INFO - root - Image have been saved in /shenzihe/WD-Disk/output/exp2/bear_plushie/checkpoint-100/images/shiny/
11/15/2024 03:22:02 - INFO - root - Image have been saved in /shenzihe/WD-Disk/output/exp2/bear_plushie/checkpoint-100/images/shiny/
11/15/2024 03:22:16 - INFO - root - Image have been saved in /shenzihe/WD-Disk/output/exp2/bear_plushie/checkpoint-100/images/shiny/
11/15/2024 03:22:16 - INFO - __main__ - Running validation... 
 Generating 4 images with prompt:wet.
11/15/2024 03:22:30 - INFO - root - Image have been saved in /shenzihe/WD-Disk/output/exp2/bear_plushie/checkpoint-100/images/wet/
11/15/2024 03:22:43 - INFO - root - Image have been saved in /shenzihe/WD-Disk/output/exp2/bear_plushie/checkpoint-100/images/wet/
11/15/2024 03:22:57 - INFO - root - Image have been saved in /shenzihe/WD-Disk/output/exp2/bear_plushie/checkpoint-100/images/wet/
11/15/2024 03:23:10 - INFO - root - Image have been saved in /shenzihe/WD-Disk/output/exp2/bear_plushie/checkpoint-100/images/wet/
11/15/2024 03:23:10 - INFO - __main__ - Running validation... 
 Generating 4 images with prompt:cube shaped.
11/15/2024 03:23:24 - INFO - root - Image have been saved in /shenzihe/WD-Disk/output/exp2/bear_plushie/checkpoint-100/images/cube_shaped/
11/15/2024 03:23:37 - INFO - root - Image have been saved in /shenzihe/WD-Disk/output/exp2/bear_plushie/checkpoint-100/images/cube_shaped/
11/15/2024 03:23:51 - INFO - root - Image have been saved in /shenzihe/WD-Disk/output/exp2/bear_plushie/checkpoint-100/images/cube_shaped/
11/15/2024 03:24:05 - INFO - root - Image have been saved in /shenzihe/WD-Disk/output/exp2/bear_plushie/checkpoint-100/images/cube_shaped/
