11/17/2024 21:51:16 - INFO - __main__ - Distributed environment: NO
Num processes: 1
Process index: 0
Local process index: 0
Device: cuda

Mixed precision type: no

11/17/2024 21:51:20 - INFO - root - freeze vision encoder
11/17/2024 21:51:31 - INFO - root - Loading pretrained model from /root/.cache/torch/hub/checkpoints/blip-diffusion
11/17/2024 21:51:31 - INFO - root - Loading pretrained BLIP2 Qformer weights.
11/17/2024 21:51:33 - INFO - root - Loading pretrained projection lyer weights.
11/17/2024 21:51:33 - INFO - root - Loading pretrained text encoder weights.
11/17/2024 21:51:33 - INFO - root - Loading pretrained vae weights.
11/17/2024 21:51:34 - INFO - root - Loading pretrained unet weights.
11/17/2024 21:51:42 - INFO - root - Using xformers.
11/17/2024 21:51:42 - INFO - root - Building datasets...
11/17/2024 21:51:52 - INFO - root - freeze vision encoder
11/17/2024 21:52:33 - INFO - root - load checkpoint from https://storage.googleapis.com/sfr-vision-language-research/LAVIS/models/BLIP2/blip2_pretrained_flant5xl.pth
11/17/2024 21:52:34 - INFO - __main__ - 
***** Running training *****
11/17/2024 21:52:34 - INFO - __main__ -   Num examples = 6
11/17/2024 21:52:34 - INFO - __main__ -   Num batches each epoch = 2
11/17/2024 21:52:34 - INFO - __main__ -   Num Epochs = 50
11/17/2024 21:52:34 - INFO - __main__ -   Instantaneous batch size per device = 3
11/17/2024 21:52:34 - INFO - __main__ -   Total train batch size (w. parallel, distributed & accumulation) = 3
11/17/2024 21:52:34 - INFO - __main__ -   Gradient Accumulation steps = 1
11/17/2024 21:52:34 - INFO - __main__ -   Total optimization steps = 100
11/17/2024 21:58:42 - INFO - __main__ - Running validation... 
 Generating 4 images with prompt:in the jungle.
11/17/2024 21:58:57 - INFO - root - Image have been saved in /shenzihe/WD-Disk/output/exp3/dog3/checkpoint-100/images/in_the_jungle/
11/17/2024 21:59:11 - INFO - root - Image have been saved in /shenzihe/WD-Disk/output/exp3/dog3/checkpoint-100/images/in_the_jungle/
11/17/2024 21:59:24 - INFO - root - Image have been saved in /shenzihe/WD-Disk/output/exp3/dog3/checkpoint-100/images/in_the_jungle/
11/17/2024 21:59:38 - INFO - root - Image have been saved in /shenzihe/WD-Disk/output/exp3/dog3/checkpoint-100/images/in_the_jungle/
11/17/2024 21:59:38 - INFO - __main__ - Running validation... 
 Generating 4 images with prompt:in the snow.
11/17/2024 21:59:51 - INFO - root - Image have been saved in /shenzihe/WD-Disk/output/exp3/dog3/checkpoint-100/images/in_the_snow/
11/17/2024 22:00:05 - INFO - root - Image have been saved in /shenzihe/WD-Disk/output/exp3/dog3/checkpoint-100/images/in_the_snow/
11/17/2024 22:00:19 - INFO - root - Image have been saved in /shenzihe/WD-Disk/output/exp3/dog3/checkpoint-100/images/in_the_snow/
11/17/2024 22:00:32 - INFO - root - Image have been saved in /shenzihe/WD-Disk/output/exp3/dog3/checkpoint-100/images/in_the_snow/
11/17/2024 22:00:32 - INFO - __main__ - Running validation... 
 Generating 4 images with prompt:on the beach.
11/17/2024 22:00:46 - INFO - root - Image have been saved in /shenzihe/WD-Disk/output/exp3/dog3/checkpoint-100/images/on_the_beach/
11/17/2024 22:01:00 - INFO - root - Image have been saved in /shenzihe/WD-Disk/output/exp3/dog3/checkpoint-100/images/on_the_beach/
11/17/2024 22:01:13 - INFO - root - Image have been saved in /shenzihe/WD-Disk/output/exp3/dog3/checkpoint-100/images/on_the_beach/
11/17/2024 22:01:27 - INFO - root - Image have been saved in /shenzihe/WD-Disk/output/exp3/dog3/checkpoint-100/images/on_the_beach/
11/17/2024 22:01:27 - INFO - __main__ - Running validation... 
 Generating 4 images with prompt:on a cobblestone street.
11/17/2024 22:01:40 - INFO - root - Image have been saved in /shenzihe/WD-Disk/output/exp3/dog3/checkpoint-100/images/on_a_cobblestone_street/
11/17/2024 22:01:54 - INFO - root - Image have been saved in /shenzihe/WD-Disk/output/exp3/dog3/checkpoint-100/images/on_a_cobblestone_street/
11/17/2024 22:02:07 - INFO - root - Image have been saved in /shenzihe/WD-Disk/output/exp3/dog3/checkpoint-100/images/on_a_cobblestone_street/
11/17/2024 22:02:21 - INFO - root - Image have been saved in /shenzihe/WD-Disk/output/exp3/dog3/checkpoint-100/images/on_a_cobblestone_street/
11/17/2024 22:02:21 - INFO - __main__ - Running validation... 
 Generating 4 images with prompt:on top of pink fabric.
11/17/2024 22:02:34 - INFO - root - Image have been saved in /shenzihe/WD-Disk/output/exp3/dog3/checkpoint-100/images/on_top_of_pink_fabric/
11/17/2024 22:02:48 - INFO - root - Image have been saved in /shenzihe/WD-Disk/output/exp3/dog3/checkpoint-100/images/on_top_of_pink_fabric/
11/17/2024 22:03:01 - INFO - root - Image have been saved in /shenzihe/WD-Disk/output/exp3/dog3/checkpoint-100/images/on_top_of_pink_fabric/
11/17/2024 22:03:15 - INFO - root - Image have been saved in /shenzihe/WD-Disk/output/exp3/dog3/checkpoint-100/images/on_top_of_pink_fabric/
11/17/2024 22:03:15 - INFO - __main__ - Running validation... 
 Generating 4 images with prompt:on top of a wooden floor.
11/17/2024 22:03:29 - INFO - root - Image have been saved in /shenzihe/WD-Disk/output/exp3/dog3/checkpoint-100/images/on_top_of_a_wooden_floor/
11/17/2024 22:03:42 - INFO - root - Image have been saved in /shenzihe/WD-Disk/output/exp3/dog3/checkpoint-100/images/on_top_of_a_wooden_floor/
11/17/2024 22:03:56 - INFO - root - Image have been saved in /shenzihe/WD-Disk/output/exp3/dog3/checkpoint-100/images/on_top_of_a_wooden_floor/
11/17/2024 22:04:09 - INFO - root - Image have been saved in /shenzihe/WD-Disk/output/exp3/dog3/checkpoint-100/images/on_top_of_a_wooden_floor/
11/17/2024 22:04:09 - INFO - __main__ - Running validation... 
 Generating 4 images with prompt:with a city in the background.
11/17/2024 22:04:23 - INFO - root - Image have been saved in /shenzihe/WD-Disk/output/exp3/dog3/checkpoint-100/images/with_a_city_in_the_background/
11/17/2024 22:04:36 - INFO - root - Image have been saved in /shenzihe/WD-Disk/output/exp3/dog3/checkpoint-100/images/with_a_city_in_the_background/
11/17/2024 22:04:50 - INFO - root - Image have been saved in /shenzihe/WD-Disk/output/exp3/dog3/checkpoint-100/images/with_a_city_in_the_background/
11/17/2024 22:05:03 - INFO - root - Image have been saved in /shenzihe/WD-Disk/output/exp3/dog3/checkpoint-100/images/with_a_city_in_the_background/
11/17/2024 22:05:03 - INFO - __main__ - Running validation... 
 Generating 4 images with prompt:with a mountain in the background.
11/17/2024 22:05:17 - INFO - root - Image have been saved in /shenzihe/WD-Disk/output/exp3/dog3/checkpoint-100/images/with_a_mountain_in_the_background/
11/17/2024 22:05:30 - INFO - root - Image have been saved in /shenzihe/WD-Disk/output/exp3/dog3/checkpoint-100/images/with_a_mountain_in_the_background/
11/17/2024 22:05:44 - INFO - root - Image have been saved in /shenzihe/WD-Disk/output/exp3/dog3/checkpoint-100/images/with_a_mountain_in_the_background/
11/17/2024 22:05:57 - INFO - root - Image have been saved in /shenzihe/WD-Disk/output/exp3/dog3/checkpoint-100/images/with_a_mountain_in_the_background/
11/17/2024 22:05:57 - INFO - __main__ - Running validation... 
 Generating 4 images with prompt:with a blue house in the background.
11/17/2024 22:06:11 - INFO - root - Image have been saved in /shenzihe/WD-Disk/output/exp3/dog3/checkpoint-100/images/with_a_blue_house_in_the_background/
11/17/2024 22:06:24 - INFO - root - Image have been saved in /shenzihe/WD-Disk/output/exp3/dog3/checkpoint-100/images/with_a_blue_house_in_the_background/
11/17/2024 22:06:38 - INFO - root - Image have been saved in /shenzihe/WD-Disk/output/exp3/dog3/checkpoint-100/images/with_a_blue_house_in_the_background/
11/17/2024 22:06:52 - INFO - root - Image have been saved in /shenzihe/WD-Disk/output/exp3/dog3/checkpoint-100/images/with_a_blue_house_in_the_background/
11/17/2024 22:06:52 - INFO - __main__ - Running validation... 
 Generating 4 images with prompt:on top of a purple rug in a forest.
11/17/2024 22:07:05 - INFO - root - Image have been saved in /shenzihe/WD-Disk/output/exp3/dog3/checkpoint-100/images/on_top_of_a_purple_rug_in_a_forest/
11/17/2024 22:07:19 - INFO - root - Image have been saved in /shenzihe/WD-Disk/output/exp3/dog3/checkpoint-100/images/on_top_of_a_purple_rug_in_a_forest/
11/17/2024 22:07:32 - INFO - root - Image have been saved in /shenzihe/WD-Disk/output/exp3/dog3/checkpoint-100/images/on_top_of_a_purple_rug_in_a_forest/
11/17/2024 22:07:46 - INFO - root - Image have been saved in /shenzihe/WD-Disk/output/exp3/dog3/checkpoint-100/images/on_top_of_a_purple_rug_in_a_forest/
11/17/2024 22:07:46 - INFO - __main__ - Running validation... 
 Generating 4 images with prompt:with a wheat field in the background.
11/17/2024 22:07:59 - INFO - root - Image have been saved in /shenzihe/WD-Disk/output/exp3/dog3/checkpoint-100/images/with_a_wheat_field_in_the_background/
11/17/2024 22:08:13 - INFO - root - Image have been saved in /shenzihe/WD-Disk/output/exp3/dog3/checkpoint-100/images/with_a_wheat_field_in_the_background/
11/17/2024 22:08:26 - INFO - root - Image have been saved in /shenzihe/WD-Disk/output/exp3/dog3/checkpoint-100/images/with_a_wheat_field_in_the_background/
11/17/2024 22:08:40 - INFO - root - Image have been saved in /shenzihe/WD-Disk/output/exp3/dog3/checkpoint-100/images/with_a_wheat_field_in_the_background/
11/17/2024 22:08:40 - INFO - __main__ - Running validation... 
 Generating 4 images with prompt:with a tree and autumn leaves in the background.
11/17/2024 22:08:53 - INFO - root - Image have been saved in /shenzihe/WD-Disk/output/exp3/dog3/checkpoint-100/images/with_a_tree_and_autumn_leaves_in_the_background/
11/17/2024 22:09:07 - INFO - root - Image have been saved in /shenzihe/WD-Disk/output/exp3/dog3/checkpoint-100/images/with_a_tree_and_autumn_leaves_in_the_background/
11/17/2024 22:09:20 - INFO - root - Image have been saved in /shenzihe/WD-Disk/output/exp3/dog3/checkpoint-100/images/with_a_tree_and_autumn_leaves_in_the_background/
11/17/2024 22:09:34 - INFO - root - Image have been saved in /shenzihe/WD-Disk/output/exp3/dog3/checkpoint-100/images/with_a_tree_and_autumn_leaves_in_the_background/
11/17/2024 22:09:34 - INFO - __main__ - Running validation... 
 Generating 4 images with prompt:with the Eiffel Tower in the background.
11/17/2024 22:09:48 - INFO - root - Image have been saved in /shenzihe/WD-Disk/output/exp3/dog3/checkpoint-100/images/with_the_Eiffel_Tower_in_the_background/
11/17/2024 22:10:01 - INFO - root - Image have been saved in /shenzihe/WD-Disk/output/exp3/dog3/checkpoint-100/images/with_the_Eiffel_Tower_in_the_background/
11/17/2024 22:10:15 - INFO - root - Image have been saved in /shenzihe/WD-Disk/output/exp3/dog3/checkpoint-100/images/with_the_Eiffel_Tower_in_the_background/
11/17/2024 22:10:28 - INFO - root - Image have been saved in /shenzihe/WD-Disk/output/exp3/dog3/checkpoint-100/images/with_the_Eiffel_Tower_in_the_background/
11/17/2024 22:10:28 - INFO - __main__ - Running validation... 
 Generating 4 images with prompt:floating on top of water.
11/17/2024 22:10:42 - INFO - root - Image have been saved in /shenzihe/WD-Disk/output/exp3/dog3/checkpoint-100/images/floating_on_top_of_water/
11/17/2024 22:10:55 - INFO - root - Image have been saved in /shenzihe/WD-Disk/output/exp3/dog3/checkpoint-100/images/floating_on_top_of_water/
11/17/2024 22:11:09 - INFO - root - Image have been saved in /shenzihe/WD-Disk/output/exp3/dog3/checkpoint-100/images/floating_on_top_of_water/
11/17/2024 22:11:22 - INFO - root - Image have been saved in /shenzihe/WD-Disk/output/exp3/dog3/checkpoint-100/images/floating_on_top_of_water/
11/17/2024 22:11:22 - INFO - __main__ - Running validation... 
 Generating 4 images with prompt:floating in an ocean of milk.
11/17/2024 22:11:36 - INFO - root - Image have been saved in /shenzihe/WD-Disk/output/exp3/dog3/checkpoint-100/images/floating_in_an_ocean_of_milk/
11/17/2024 22:11:49 - INFO - root - Image have been saved in /shenzihe/WD-Disk/output/exp3/dog3/checkpoint-100/images/floating_in_an_ocean_of_milk/
11/17/2024 22:12:03 - INFO - root - Image have been saved in /shenzihe/WD-Disk/output/exp3/dog3/checkpoint-100/images/floating_in_an_ocean_of_milk/
11/17/2024 22:12:17 - INFO - root - Image have been saved in /shenzihe/WD-Disk/output/exp3/dog3/checkpoint-100/images/floating_in_an_ocean_of_milk/
11/17/2024 22:12:17 - INFO - __main__ - Running validation... 
 Generating 4 images with prompt:on top of green grass with sunflowers around it.
11/17/2024 22:12:30 - INFO - root - Image have been saved in /shenzihe/WD-Disk/output/exp3/dog3/checkpoint-100/images/on_top_of_green_grass_with_sunflowers_around_it/
11/17/2024 22:12:44 - INFO - root - Image have been saved in /shenzihe/WD-Disk/output/exp3/dog3/checkpoint-100/images/on_top_of_green_grass_with_sunflowers_around_it/
11/17/2024 22:12:57 - INFO - root - Image have been saved in /shenzihe/WD-Disk/output/exp3/dog3/checkpoint-100/images/on_top_of_green_grass_with_sunflowers_around_it/
11/17/2024 22:13:11 - INFO - root - Image have been saved in /shenzihe/WD-Disk/output/exp3/dog3/checkpoint-100/images/on_top_of_green_grass_with_sunflowers_around_it/
11/17/2024 22:13:11 - INFO - __main__ - Running validation... 
 Generating 4 images with prompt:on top of a mirror.
11/17/2024 22:13:24 - INFO - root - Image have been saved in /shenzihe/WD-Disk/output/exp3/dog3/checkpoint-100/images/on_top_of_a_mirror/
11/17/2024 22:13:38 - INFO - root - Image have been saved in /shenzihe/WD-Disk/output/exp3/dog3/checkpoint-100/images/on_top_of_a_mirror/
11/17/2024 22:13:51 - INFO - root - Image have been saved in /shenzihe/WD-Disk/output/exp3/dog3/checkpoint-100/images/on_top_of_a_mirror/
11/17/2024 22:14:05 - INFO - root - Image have been saved in /shenzihe/WD-Disk/output/exp3/dog3/checkpoint-100/images/on_top_of_a_mirror/
11/17/2024 22:14:05 - INFO - __main__ - Running validation... 
 Generating 4 images with prompt:on top of the sidewalk in a crowded street.
11/17/2024 22:14:18 - INFO - root - Image have been saved in /shenzihe/WD-Disk/output/exp3/dog3/checkpoint-100/images/on_top_of_the_sidewalk_in_a_crowded_street/
11/17/2024 22:14:32 - INFO - root - Image have been saved in /shenzihe/WD-Disk/output/exp3/dog3/checkpoint-100/images/on_top_of_the_sidewalk_in_a_crowded_street/
11/17/2024 22:14:45 - INFO - root - Image have been saved in /shenzihe/WD-Disk/output/exp3/dog3/checkpoint-100/images/on_top_of_the_sidewalk_in_a_crowded_street/
11/17/2024 22:14:59 - INFO - root - Image have been saved in /shenzihe/WD-Disk/output/exp3/dog3/checkpoint-100/images/on_top_of_the_sidewalk_in_a_crowded_street/
11/17/2024 22:14:59 - INFO - __main__ - Running validation... 
 Generating 4 images with prompt:on top of a dirt road.
11/17/2024 22:15:13 - INFO - root - Image have been saved in /shenzihe/WD-Disk/output/exp3/dog3/checkpoint-100/images/on_top_of_a_dirt_road/
11/17/2024 22:15:26 - INFO - root - Image have been saved in /shenzihe/WD-Disk/output/exp3/dog3/checkpoint-100/images/on_top_of_a_dirt_road/
11/17/2024 22:15:40 - INFO - root - Image have been saved in /shenzihe/WD-Disk/output/exp3/dog3/checkpoint-100/images/on_top_of_a_dirt_road/
11/17/2024 22:15:53 - INFO - root - Image have been saved in /shenzihe/WD-Disk/output/exp3/dog3/checkpoint-100/images/on_top_of_a_dirt_road/
11/17/2024 22:15:53 - INFO - __main__ - Running validation... 
 Generating 4 images with prompt:on top of a white rug.
11/17/2024 22:16:07 - INFO - root - Image have been saved in /shenzihe/WD-Disk/output/exp3/dog3/checkpoint-100/images/on_top_of_a_white_rug/
11/17/2024 22:16:20 - INFO - root - Image have been saved in /shenzihe/WD-Disk/output/exp3/dog3/checkpoint-100/images/on_top_of_a_white_rug/
11/17/2024 22:16:34 - INFO - root - Image have been saved in /shenzihe/WD-Disk/output/exp3/dog3/checkpoint-100/images/on_top_of_a_white_rug/
11/17/2024 22:16:47 - INFO - root - Image have been saved in /shenzihe/WD-Disk/output/exp3/dog3/checkpoint-100/images/on_top_of_a_white_rug/
11/17/2024 22:16:47 - INFO - __main__ - Running validation... 
 Generating 4 images with prompt:red.
11/17/2024 22:17:01 - INFO - root - Image have been saved in /shenzihe/WD-Disk/output/exp3/dog3/checkpoint-100/images/red/
11/17/2024 22:17:14 - INFO - root - Image have been saved in /shenzihe/WD-Disk/output/exp3/dog3/checkpoint-100/images/red/
11/17/2024 22:17:28 - INFO - root - Image have been saved in /shenzihe/WD-Disk/output/exp3/dog3/checkpoint-100/images/red/
11/17/2024 22:17:41 - INFO - root - Image have been saved in /shenzihe/WD-Disk/output/exp3/dog3/checkpoint-100/images/red/
11/17/2024 22:17:41 - INFO - __main__ - Running validation... 
 Generating 4 images with prompt:purple.
11/17/2024 22:17:55 - INFO - root - Image have been saved in /shenzihe/WD-Disk/output/exp3/dog3/checkpoint-100/images/purple/
11/17/2024 22:18:08 - INFO - root - Image have been saved in /shenzihe/WD-Disk/output/exp3/dog3/checkpoint-100/images/purple/
11/17/2024 22:18:22 - INFO - root - Image have been saved in /shenzihe/WD-Disk/output/exp3/dog3/checkpoint-100/images/purple/
11/17/2024 22:18:36 - INFO - root - Image have been saved in /shenzihe/WD-Disk/output/exp3/dog3/checkpoint-100/images/purple/
11/17/2024 22:18:36 - INFO - __main__ - Running validation... 
 Generating 4 images with prompt:shiny.
11/17/2024 22:18:49 - INFO - root - Image have been saved in /shenzihe/WD-Disk/output/exp3/dog3/checkpoint-100/images/shiny/
11/17/2024 22:19:03 - INFO - root - Image have been saved in /shenzihe/WD-Disk/output/exp3/dog3/checkpoint-100/images/shiny/
11/17/2024 22:19:16 - INFO - root - Image have been saved in /shenzihe/WD-Disk/output/exp3/dog3/checkpoint-100/images/shiny/
11/17/2024 22:19:30 - INFO - root - Image have been saved in /shenzihe/WD-Disk/output/exp3/dog3/checkpoint-100/images/shiny/
11/17/2024 22:19:30 - INFO - __main__ - Running validation... 
 Generating 4 images with prompt:wet.
11/17/2024 22:19:43 - INFO - root - Image have been saved in /shenzihe/WD-Disk/output/exp3/dog3/checkpoint-100/images/wet/
11/17/2024 22:19:57 - INFO - root - Image have been saved in /shenzihe/WD-Disk/output/exp3/dog3/checkpoint-100/images/wet/
11/17/2024 22:20:10 - INFO - root - Image have been saved in /shenzihe/WD-Disk/output/exp3/dog3/checkpoint-100/images/wet/
11/17/2024 22:20:24 - INFO - root - Image have been saved in /shenzihe/WD-Disk/output/exp3/dog3/checkpoint-100/images/wet/
11/17/2024 22:20:24 - INFO - __main__ - Running validation... 
 Generating 4 images with prompt:cube shaped.
11/17/2024 22:20:37 - INFO - root - Image have been saved in /shenzihe/WD-Disk/output/exp3/dog3/checkpoint-100/images/cube_shaped/
11/17/2024 22:20:51 - INFO - root - Image have been saved in /shenzihe/WD-Disk/output/exp3/dog3/checkpoint-100/images/cube_shaped/
11/17/2024 22:21:04 - INFO - root - Image have been saved in /shenzihe/WD-Disk/output/exp3/dog3/checkpoint-100/images/cube_shaped/
11/17/2024 22:21:18 - INFO - root - Image have been saved in /shenzihe/WD-Disk/output/exp3/dog3/checkpoint-100/images/cube_shaped/
