11/14/2024 18:28:17 - INFO - __main__ - Distributed environment: NO
Num processes: 1
Process index: 0
Local process index: 0
Device: cuda

Mixed precision type: no

11/14/2024 18:28:22 - INFO - root - freeze vision encoder
11/14/2024 18:28:32 - INFO - root - Loading pretrained model from /root/.cache/torch/hub/checkpoints/blip-diffusion
11/14/2024 18:28:32 - INFO - root - Loading pretrained BLIP2 Qformer weights.
11/14/2024 18:28:34 - INFO - root - Loading pretrained projection lyer weights.
11/14/2024 18:28:34 - INFO - root - Loading pretrained text encoder weights.
11/14/2024 18:28:35 - INFO - root - Loading pretrained vae weights.
11/14/2024 18:28:35 - INFO - root - Loading pretrained unet weights.
11/14/2024 18:28:43 - INFO - root - Using xformers.
11/14/2024 18:28:43 - INFO - root - Building datasets...
11/14/2024 18:28:53 - INFO - root - freeze vision encoder
11/14/2024 18:29:20 - INFO - root - load checkpoint from https://storage.googleapis.com/sfr-vision-language-research/LAVIS/models/BLIP2/blip2_pretrained_flant5xl.pth
11/14/2024 18:29:21 - INFO - __main__ - 
***** Running training *****
11/14/2024 18:29:21 - INFO - __main__ -   Num examples = 5
11/14/2024 18:29:21 - INFO - __main__ -   Num batches each epoch = 2
11/14/2024 18:29:21 - INFO - __main__ -   Num Epochs = 50
11/14/2024 18:29:21 - INFO - __main__ -   Instantaneous batch size per device = 3
11/14/2024 18:29:21 - INFO - __main__ -   Total train batch size (w. parallel, distributed & accumulation) = 3
11/14/2024 18:29:21 - INFO - __main__ -   Gradient Accumulation steps = 1
11/14/2024 18:29:21 - INFO - __main__ -   Total optimization steps = 100
11/14/2024 18:36:09 - INFO - __main__ - Running validation... 
 Generating 4 images with prompt:in the jungle.
11/14/2024 18:36:24 - INFO - root - Image have been saved in /shenzihe/WD-Disk/output/exp/poop_emoji/checkpoint-100/images/in_the_jungle/
11/14/2024 18:36:37 - INFO - root - Image have been saved in /shenzihe/WD-Disk/output/exp/poop_emoji/checkpoint-100/images/in_the_jungle/
11/14/2024 18:36:50 - INFO - root - Image have been saved in /shenzihe/WD-Disk/output/exp/poop_emoji/checkpoint-100/images/in_the_jungle/
11/14/2024 18:37:04 - INFO - root - Image have been saved in /shenzihe/WD-Disk/output/exp/poop_emoji/checkpoint-100/images/in_the_jungle/
11/14/2024 18:37:04 - INFO - __main__ - Running validation... 
 Generating 4 images with prompt:in the snow.
11/14/2024 18:37:17 - INFO - root - Image have been saved in /shenzihe/WD-Disk/output/exp/poop_emoji/checkpoint-100/images/in_the_snow/
11/14/2024 18:37:30 - INFO - root - Image have been saved in /shenzihe/WD-Disk/output/exp/poop_emoji/checkpoint-100/images/in_the_snow/
11/14/2024 18:37:44 - INFO - root - Image have been saved in /shenzihe/WD-Disk/output/exp/poop_emoji/checkpoint-100/images/in_the_snow/
11/14/2024 18:37:57 - INFO - root - Image have been saved in /shenzihe/WD-Disk/output/exp/poop_emoji/checkpoint-100/images/in_the_snow/
11/14/2024 18:37:57 - INFO - __main__ - Running validation... 
 Generating 4 images with prompt:on the beach.
11/14/2024 18:38:10 - INFO - root - Image have been saved in /shenzihe/WD-Disk/output/exp/poop_emoji/checkpoint-100/images/on_the_beach/
11/14/2024 18:38:24 - INFO - root - Image have been saved in /shenzihe/WD-Disk/output/exp/poop_emoji/checkpoint-100/images/on_the_beach/
11/14/2024 18:38:37 - INFO - root - Image have been saved in /shenzihe/WD-Disk/output/exp/poop_emoji/checkpoint-100/images/on_the_beach/
11/14/2024 18:38:51 - INFO - root - Image have been saved in /shenzihe/WD-Disk/output/exp/poop_emoji/checkpoint-100/images/on_the_beach/
11/14/2024 18:38:51 - INFO - __main__ - Running validation... 
 Generating 4 images with prompt:on a cobblestone street.
11/14/2024 18:39:04 - INFO - root - Image have been saved in /shenzihe/WD-Disk/output/exp/poop_emoji/checkpoint-100/images/on_a_cobblestone_street/
11/14/2024 18:39:17 - INFO - root - Image have been saved in /shenzihe/WD-Disk/output/exp/poop_emoji/checkpoint-100/images/on_a_cobblestone_street/
11/14/2024 18:39:31 - INFO - root - Image have been saved in /shenzihe/WD-Disk/output/exp/poop_emoji/checkpoint-100/images/on_a_cobblestone_street/
11/14/2024 18:39:44 - INFO - root - Image have been saved in /shenzihe/WD-Disk/output/exp/poop_emoji/checkpoint-100/images/on_a_cobblestone_street/
11/14/2024 18:39:44 - INFO - __main__ - Running validation... 
 Generating 4 images with prompt:on top of pink fabric.
11/14/2024 18:39:57 - INFO - root - Image have been saved in /shenzihe/WD-Disk/output/exp/poop_emoji/checkpoint-100/images/on_top_of_pink_fabric/
11/14/2024 18:40:11 - INFO - root - Image have been saved in /shenzihe/WD-Disk/output/exp/poop_emoji/checkpoint-100/images/on_top_of_pink_fabric/
11/14/2024 18:40:24 - INFO - root - Image have been saved in /shenzihe/WD-Disk/output/exp/poop_emoji/checkpoint-100/images/on_top_of_pink_fabric/
11/14/2024 18:40:38 - INFO - root - Image have been saved in /shenzihe/WD-Disk/output/exp/poop_emoji/checkpoint-100/images/on_top_of_pink_fabric/
11/14/2024 18:40:38 - INFO - __main__ - Running validation... 
 Generating 4 images with prompt:on top of a wooden floor.
11/14/2024 18:40:51 - INFO - root - Image have been saved in /shenzihe/WD-Disk/output/exp/poop_emoji/checkpoint-100/images/on_top_of_a_wooden_floor/
11/14/2024 18:41:04 - INFO - root - Image have been saved in /shenzihe/WD-Disk/output/exp/poop_emoji/checkpoint-100/images/on_top_of_a_wooden_floor/
11/14/2024 18:41:18 - INFO - root - Image have been saved in /shenzihe/WD-Disk/output/exp/poop_emoji/checkpoint-100/images/on_top_of_a_wooden_floor/
11/14/2024 18:41:31 - INFO - root - Image have been saved in /shenzihe/WD-Disk/output/exp/poop_emoji/checkpoint-100/images/on_top_of_a_wooden_floor/
11/14/2024 18:41:31 - INFO - __main__ - Running validation... 
 Generating 4 images with prompt:with a city in the background.
11/14/2024 18:41:44 - INFO - root - Image have been saved in /shenzihe/WD-Disk/output/exp/poop_emoji/checkpoint-100/images/with_a_city_in_the_background/
11/14/2024 18:41:58 - INFO - root - Image have been saved in /shenzihe/WD-Disk/output/exp/poop_emoji/checkpoint-100/images/with_a_city_in_the_background/
11/14/2024 18:42:11 - INFO - root - Image have been saved in /shenzihe/WD-Disk/output/exp/poop_emoji/checkpoint-100/images/with_a_city_in_the_background/
11/14/2024 18:42:25 - INFO - root - Image have been saved in /shenzihe/WD-Disk/output/exp/poop_emoji/checkpoint-100/images/with_a_city_in_the_background/
11/14/2024 18:42:25 - INFO - __main__ - Running validation... 
 Generating 4 images with prompt:with a mountain in the background.
11/14/2024 18:42:38 - INFO - root - Image have been saved in /shenzihe/WD-Disk/output/exp/poop_emoji/checkpoint-100/images/with_a_mountain_in_the_background/
11/14/2024 18:42:51 - INFO - root - Image have been saved in /shenzihe/WD-Disk/output/exp/poop_emoji/checkpoint-100/images/with_a_mountain_in_the_background/
11/14/2024 18:43:05 - INFO - root - Image have been saved in /shenzihe/WD-Disk/output/exp/poop_emoji/checkpoint-100/images/with_a_mountain_in_the_background/
11/14/2024 18:43:18 - INFO - root - Image have been saved in /shenzihe/WD-Disk/output/exp/poop_emoji/checkpoint-100/images/with_a_mountain_in_the_background/
11/14/2024 18:43:18 - INFO - __main__ - Running validation... 
 Generating 4 images with prompt:with a blue house in the background.
11/14/2024 18:43:31 - INFO - root - Image have been saved in /shenzihe/WD-Disk/output/exp/poop_emoji/checkpoint-100/images/with_a_blue_house_in_the_background/
11/14/2024 18:43:45 - INFO - root - Image have been saved in /shenzihe/WD-Disk/output/exp/poop_emoji/checkpoint-100/images/with_a_blue_house_in_the_background/
11/14/2024 18:43:58 - INFO - root - Image have been saved in /shenzihe/WD-Disk/output/exp/poop_emoji/checkpoint-100/images/with_a_blue_house_in_the_background/
11/14/2024 18:44:12 - INFO - root - Image have been saved in /shenzihe/WD-Disk/output/exp/poop_emoji/checkpoint-100/images/with_a_blue_house_in_the_background/
11/14/2024 18:44:12 - INFO - __main__ - Running validation... 
 Generating 4 images with prompt:on top of a purple rug in a forest.
11/14/2024 18:44:25 - INFO - root - Image have been saved in /shenzihe/WD-Disk/output/exp/poop_emoji/checkpoint-100/images/on_top_of_a_purple_rug_in_a_forest/
11/14/2024 18:44:38 - INFO - root - Image have been saved in /shenzihe/WD-Disk/output/exp/poop_emoji/checkpoint-100/images/on_top_of_a_purple_rug_in_a_forest/
11/14/2024 18:44:52 - INFO - root - Image have been saved in /shenzihe/WD-Disk/output/exp/poop_emoji/checkpoint-100/images/on_top_of_a_purple_rug_in_a_forest/
11/14/2024 18:45:05 - INFO - root - Image have been saved in /shenzihe/WD-Disk/output/exp/poop_emoji/checkpoint-100/images/on_top_of_a_purple_rug_in_a_forest/
11/14/2024 18:45:05 - INFO - __main__ - Running validation... 
 Generating 4 images with prompt:with a wheat field in the background.
11/14/2024 18:45:18 - INFO - root - Image have been saved in /shenzihe/WD-Disk/output/exp/poop_emoji/checkpoint-100/images/with_a_wheat_field_in_the_background/
11/14/2024 18:45:32 - INFO - root - Image have been saved in /shenzihe/WD-Disk/output/exp/poop_emoji/checkpoint-100/images/with_a_wheat_field_in_the_background/
11/14/2024 18:45:45 - INFO - root - Image have been saved in /shenzihe/WD-Disk/output/exp/poop_emoji/checkpoint-100/images/with_a_wheat_field_in_the_background/
11/14/2024 18:45:59 - INFO - root - Image have been saved in /shenzihe/WD-Disk/output/exp/poop_emoji/checkpoint-100/images/with_a_wheat_field_in_the_background/
11/14/2024 18:45:59 - INFO - __main__ - Running validation... 
 Generating 4 images with prompt:with a tree and autumn leaves in the background.
11/14/2024 18:46:12 - INFO - root - Image have been saved in /shenzihe/WD-Disk/output/exp/poop_emoji/checkpoint-100/images/with_a_tree_and_autumn_leaves_in_the_background/
11/14/2024 18:46:25 - INFO - root - Image have been saved in /shenzihe/WD-Disk/output/exp/poop_emoji/checkpoint-100/images/with_a_tree_and_autumn_leaves_in_the_background/
11/14/2024 18:46:39 - INFO - root - Image have been saved in /shenzihe/WD-Disk/output/exp/poop_emoji/checkpoint-100/images/with_a_tree_and_autumn_leaves_in_the_background/
11/14/2024 18:46:52 - INFO - root - Image have been saved in /shenzihe/WD-Disk/output/exp/poop_emoji/checkpoint-100/images/with_a_tree_and_autumn_leaves_in_the_background/
11/14/2024 18:46:52 - INFO - __main__ - Running validation... 
 Generating 4 images with prompt:with the Eiffel Tower in the background.
11/14/2024 18:47:05 - INFO - root - Image have been saved in /shenzihe/WD-Disk/output/exp/poop_emoji/checkpoint-100/images/with_the_Eiffel_Tower_in_the_background/
11/14/2024 18:47:19 - INFO - root - Image have been saved in /shenzihe/WD-Disk/output/exp/poop_emoji/checkpoint-100/images/with_the_Eiffel_Tower_in_the_background/
11/14/2024 18:47:32 - INFO - root - Image have been saved in /shenzihe/WD-Disk/output/exp/poop_emoji/checkpoint-100/images/with_the_Eiffel_Tower_in_the_background/
11/14/2024 18:47:45 - INFO - root - Image have been saved in /shenzihe/WD-Disk/output/exp/poop_emoji/checkpoint-100/images/with_the_Eiffel_Tower_in_the_background/
11/14/2024 18:47:45 - INFO - __main__ - Running validation... 
 Generating 4 images with prompt:floating on top of water.
11/14/2024 18:47:59 - INFO - root - Image have been saved in /shenzihe/WD-Disk/output/exp/poop_emoji/checkpoint-100/images/floating_on_top_of_water/
11/14/2024 18:48:12 - INFO - root - Image have been saved in /shenzihe/WD-Disk/output/exp/poop_emoji/checkpoint-100/images/floating_on_top_of_water/
11/14/2024 18:48:25 - INFO - root - Image have been saved in /shenzihe/WD-Disk/output/exp/poop_emoji/checkpoint-100/images/floating_on_top_of_water/
11/14/2024 18:48:39 - INFO - root - Image have been saved in /shenzihe/WD-Disk/output/exp/poop_emoji/checkpoint-100/images/floating_on_top_of_water/
11/14/2024 18:48:39 - INFO - __main__ - Running validation... 
 Generating 4 images with prompt:floating in an ocean of milk.
11/14/2024 18:48:52 - INFO - root - Image have been saved in /shenzihe/WD-Disk/output/exp/poop_emoji/checkpoint-100/images/floating_in_an_ocean_of_milk/
11/14/2024 18:49:06 - INFO - root - Image have been saved in /shenzihe/WD-Disk/output/exp/poop_emoji/checkpoint-100/images/floating_in_an_ocean_of_milk/
11/14/2024 18:49:19 - INFO - root - Image have been saved in /shenzihe/WD-Disk/output/exp/poop_emoji/checkpoint-100/images/floating_in_an_ocean_of_milk/
11/14/2024 18:49:32 - INFO - root - Image have been saved in /shenzihe/WD-Disk/output/exp/poop_emoji/checkpoint-100/images/floating_in_an_ocean_of_milk/
11/14/2024 18:49:32 - INFO - __main__ - Running validation... 
 Generating 4 images with prompt:on top of green grass with sunflowers around it.
11/14/2024 18:49:46 - INFO - root - Image have been saved in /shenzihe/WD-Disk/output/exp/poop_emoji/checkpoint-100/images/on_top_of_green_grass_with_sunflowers_around_it/
11/14/2024 18:49:59 - INFO - root - Image have been saved in /shenzihe/WD-Disk/output/exp/poop_emoji/checkpoint-100/images/on_top_of_green_grass_with_sunflowers_around_it/
11/14/2024 18:50:12 - INFO - root - Image have been saved in /shenzihe/WD-Disk/output/exp/poop_emoji/checkpoint-100/images/on_top_of_green_grass_with_sunflowers_around_it/
11/14/2024 18:50:26 - INFO - root - Image have been saved in /shenzihe/WD-Disk/output/exp/poop_emoji/checkpoint-100/images/on_top_of_green_grass_with_sunflowers_around_it/
11/14/2024 18:50:26 - INFO - __main__ - Running validation... 
 Generating 4 images with prompt:on top of a mirror.
11/14/2024 18:50:39 - INFO - root - Image have been saved in /shenzihe/WD-Disk/output/exp/poop_emoji/checkpoint-100/images/on_top_of_a_mirror/
11/14/2024 18:50:52 - INFO - root - Image have been saved in /shenzihe/WD-Disk/output/exp/poop_emoji/checkpoint-100/images/on_top_of_a_mirror/
11/14/2024 18:51:06 - INFO - root - Image have been saved in /shenzihe/WD-Disk/output/exp/poop_emoji/checkpoint-100/images/on_top_of_a_mirror/
11/14/2024 18:51:19 - INFO - root - Image have been saved in /shenzihe/WD-Disk/output/exp/poop_emoji/checkpoint-100/images/on_top_of_a_mirror/
11/14/2024 18:51:19 - INFO - __main__ - Running validation... 
 Generating 4 images with prompt:on top of the sidewalk in a crowded street.
11/14/2024 18:51:33 - INFO - root - Image have been saved in /shenzihe/WD-Disk/output/exp/poop_emoji/checkpoint-100/images/on_top_of_the_sidewalk_in_a_crowded_street/
11/14/2024 18:51:46 - INFO - root - Image have been saved in /shenzihe/WD-Disk/output/exp/poop_emoji/checkpoint-100/images/on_top_of_the_sidewalk_in_a_crowded_street/
11/14/2024 18:51:59 - INFO - root - Image have been saved in /shenzihe/WD-Disk/output/exp/poop_emoji/checkpoint-100/images/on_top_of_the_sidewalk_in_a_crowded_street/
11/14/2024 18:52:13 - INFO - root - Image have been saved in /shenzihe/WD-Disk/output/exp/poop_emoji/checkpoint-100/images/on_top_of_the_sidewalk_in_a_crowded_street/
11/14/2024 18:52:13 - INFO - __main__ - Running validation... 
 Generating 4 images with prompt:on top of a dirt road.
11/14/2024 18:52:26 - INFO - root - Image have been saved in /shenzihe/WD-Disk/output/exp/poop_emoji/checkpoint-100/images/on_top_of_a_dirt_road/
11/14/2024 18:52:39 - INFO - root - Image have been saved in /shenzihe/WD-Disk/output/exp/poop_emoji/checkpoint-100/images/on_top_of_a_dirt_road/
11/14/2024 18:52:53 - INFO - root - Image have been saved in /shenzihe/WD-Disk/output/exp/poop_emoji/checkpoint-100/images/on_top_of_a_dirt_road/
11/14/2024 18:53:06 - INFO - root - Image have been saved in /shenzihe/WD-Disk/output/exp/poop_emoji/checkpoint-100/images/on_top_of_a_dirt_road/
11/14/2024 18:53:06 - INFO - __main__ - Running validation... 
 Generating 4 images with prompt:on top of a white rug.
11/14/2024 18:53:19 - INFO - root - Image have been saved in /shenzihe/WD-Disk/output/exp/poop_emoji/checkpoint-100/images/on_top_of_a_white_rug/
11/14/2024 18:53:33 - INFO - root - Image have been saved in /shenzihe/WD-Disk/output/exp/poop_emoji/checkpoint-100/images/on_top_of_a_white_rug/
11/14/2024 18:53:46 - INFO - root - Image have been saved in /shenzihe/WD-Disk/output/exp/poop_emoji/checkpoint-100/images/on_top_of_a_white_rug/
11/14/2024 18:54:00 - INFO - root - Image have been saved in /shenzihe/WD-Disk/output/exp/poop_emoji/checkpoint-100/images/on_top_of_a_white_rug/
11/14/2024 18:54:00 - INFO - __main__ - Running validation... 
 Generating 4 images with prompt:red.
11/14/2024 18:54:13 - INFO - root - Image have been saved in /shenzihe/WD-Disk/output/exp/poop_emoji/checkpoint-100/images/red/
11/14/2024 18:54:26 - INFO - root - Image have been saved in /shenzihe/WD-Disk/output/exp/poop_emoji/checkpoint-100/images/red/
11/14/2024 18:54:40 - INFO - root - Image have been saved in /shenzihe/WD-Disk/output/exp/poop_emoji/checkpoint-100/images/red/
11/14/2024 18:54:53 - INFO - root - Image have been saved in /shenzihe/WD-Disk/output/exp/poop_emoji/checkpoint-100/images/red/
11/14/2024 18:54:53 - INFO - __main__ - Running validation... 
 Generating 4 images with prompt:purple.
11/14/2024 18:55:06 - INFO - root - Image have been saved in /shenzihe/WD-Disk/output/exp/poop_emoji/checkpoint-100/images/purple/
11/14/2024 18:55:20 - INFO - root - Image have been saved in /shenzihe/WD-Disk/output/exp/poop_emoji/checkpoint-100/images/purple/
11/14/2024 18:55:33 - INFO - root - Image have been saved in /shenzihe/WD-Disk/output/exp/poop_emoji/checkpoint-100/images/purple/
11/14/2024 18:55:46 - INFO - root - Image have been saved in /shenzihe/WD-Disk/output/exp/poop_emoji/checkpoint-100/images/purple/
11/14/2024 18:55:46 - INFO - __main__ - Running validation... 
 Generating 4 images with prompt:shiny.
11/14/2024 18:56:00 - INFO - root - Image have been saved in /shenzihe/WD-Disk/output/exp/poop_emoji/checkpoint-100/images/shiny/
11/14/2024 18:56:13 - INFO - root - Image have been saved in /shenzihe/WD-Disk/output/exp/poop_emoji/checkpoint-100/images/shiny/
11/14/2024 18:56:26 - INFO - root - Image have been saved in /shenzihe/WD-Disk/output/exp/poop_emoji/checkpoint-100/images/shiny/
11/14/2024 18:56:40 - INFO - root - Image have been saved in /shenzihe/WD-Disk/output/exp/poop_emoji/checkpoint-100/images/shiny/
11/14/2024 18:56:40 - INFO - __main__ - Running validation... 
 Generating 4 images with prompt:wet.
11/14/2024 18:56:53 - INFO - root - Image have been saved in /shenzihe/WD-Disk/output/exp/poop_emoji/checkpoint-100/images/wet/
11/14/2024 18:57:07 - INFO - root - Image have been saved in /shenzihe/WD-Disk/output/exp/poop_emoji/checkpoint-100/images/wet/
11/14/2024 18:57:20 - INFO - root - Image have been saved in /shenzihe/WD-Disk/output/exp/poop_emoji/checkpoint-100/images/wet/
11/14/2024 18:57:33 - INFO - root - Image have been saved in /shenzihe/WD-Disk/output/exp/poop_emoji/checkpoint-100/images/wet/
11/14/2024 18:57:33 - INFO - __main__ - Running validation... 
 Generating 4 images with prompt:cube shaped.
11/14/2024 18:57:47 - INFO - root - Image have been saved in /shenzihe/WD-Disk/output/exp/poop_emoji/checkpoint-100/images/cube_shaped/
11/14/2024 18:58:00 - INFO - root - Image have been saved in /shenzihe/WD-Disk/output/exp/poop_emoji/checkpoint-100/images/cube_shaped/
11/14/2024 18:58:13 - INFO - root - Image have been saved in /shenzihe/WD-Disk/output/exp/poop_emoji/checkpoint-100/images/cube_shaped/
11/14/2024 18:58:27 - INFO - root - Image have been saved in /shenzihe/WD-Disk/output/exp/poop_emoji/checkpoint-100/images/cube_shaped/
