11/15/2024 07:56:15 - INFO - __main__ - Distributed environment: NO
Num processes: 1
Process index: 0
Local process index: 0
Device: cuda

Mixed precision type: no

11/15/2024 07:56:17 - INFO - root - freeze vision encoder
11/15/2024 07:56:28 - INFO - root - Loading pretrained model from /root/.cache/torch/hub/checkpoints/blip-diffusion
11/15/2024 07:56:28 - INFO - root - Loading pretrained BLIP2 Qformer weights.
11/15/2024 07:56:30 - INFO - root - Loading pretrained projection lyer weights.
11/15/2024 07:56:30 - INFO - root - Loading pretrained text encoder weights.
11/15/2024 07:56:30 - INFO - root - Loading pretrained vae weights.
11/15/2024 07:56:31 - INFO - root - Loading pretrained unet weights.
11/15/2024 07:56:38 - INFO - root - Using xformers.
11/15/2024 07:56:38 - INFO - root - Building datasets...
11/15/2024 07:56:49 - INFO - root - freeze vision encoder
11/15/2024 07:57:18 - INFO - root - load checkpoint from https://storage.googleapis.com/sfr-vision-language-research/LAVIS/models/BLIP2/blip2_pretrained_flant5xl.pth
11/15/2024 07:57:19 - INFO - __main__ - 
***** Running training *****
11/15/2024 07:57:19 - INFO - __main__ -   Num examples = 6
11/15/2024 07:57:19 - INFO - __main__ -   Num batches each epoch = 2
11/15/2024 07:57:19 - INFO - __main__ -   Num Epochs = 50
11/15/2024 07:57:19 - INFO - __main__ -   Instantaneous batch size per device = 3
11/15/2024 07:57:19 - INFO - __main__ -   Total train batch size (w. parallel, distributed & accumulation) = 3
11/15/2024 07:57:19 - INFO - __main__ -   Gradient Accumulation steps = 1
11/15/2024 07:57:19 - INFO - __main__ -   Total optimization steps = 100
11/15/2024 08:02:56 - INFO - __main__ - Running validation... 
 Generating 4 images with prompt:in the jungle.
11/15/2024 08:03:19 - INFO - root - Image have been saved in /shenzihe/WD-Disk/output/exp2/dog2/checkpoint-100/images/in_the_jungle/
11/15/2024 08:03:35 - INFO - root - Image have been saved in /shenzihe/WD-Disk/output/exp2/dog2/checkpoint-100/images/in_the_jungle/
11/15/2024 08:03:49 - INFO - root - Image have been saved in /shenzihe/WD-Disk/output/exp2/dog2/checkpoint-100/images/in_the_jungle/
11/15/2024 08:04:03 - INFO - root - Image have been saved in /shenzihe/WD-Disk/output/exp2/dog2/checkpoint-100/images/in_the_jungle/
11/15/2024 08:04:03 - INFO - __main__ - Running validation... 
 Generating 4 images with prompt:in the snow.
11/15/2024 08:04:17 - INFO - root - Image have been saved in /shenzihe/WD-Disk/output/exp2/dog2/checkpoint-100/images/in_the_snow/
11/15/2024 08:04:31 - INFO - root - Image have been saved in /shenzihe/WD-Disk/output/exp2/dog2/checkpoint-100/images/in_the_snow/
11/15/2024 08:04:45 - INFO - root - Image have been saved in /shenzihe/WD-Disk/output/exp2/dog2/checkpoint-100/images/in_the_snow/
11/15/2024 08:04:59 - INFO - root - Image have been saved in /shenzihe/WD-Disk/output/exp2/dog2/checkpoint-100/images/in_the_snow/
11/15/2024 08:04:59 - INFO - __main__ - Running validation... 
 Generating 4 images with prompt:on the beach.
11/15/2024 08:05:13 - INFO - root - Image have been saved in /shenzihe/WD-Disk/output/exp2/dog2/checkpoint-100/images/on_the_beach/
11/15/2024 08:05:27 - INFO - root - Image have been saved in /shenzihe/WD-Disk/output/exp2/dog2/checkpoint-100/images/on_the_beach/
11/15/2024 08:05:40 - INFO - root - Image have been saved in /shenzihe/WD-Disk/output/exp2/dog2/checkpoint-100/images/on_the_beach/
11/15/2024 08:05:55 - INFO - root - Image have been saved in /shenzihe/WD-Disk/output/exp2/dog2/checkpoint-100/images/on_the_beach/
11/15/2024 08:05:55 - INFO - __main__ - Running validation... 
 Generating 4 images with prompt:on a cobblestone street.
11/15/2024 08:06:09 - INFO - root - Image have been saved in /shenzihe/WD-Disk/output/exp2/dog2/checkpoint-100/images/on_a_cobblestone_street/
11/15/2024 08:06:23 - INFO - root - Image have been saved in /shenzihe/WD-Disk/output/exp2/dog2/checkpoint-100/images/on_a_cobblestone_street/
11/15/2024 08:06:37 - INFO - root - Image have been saved in /shenzihe/WD-Disk/output/exp2/dog2/checkpoint-100/images/on_a_cobblestone_street/
11/15/2024 08:06:52 - INFO - root - Image have been saved in /shenzihe/WD-Disk/output/exp2/dog2/checkpoint-100/images/on_a_cobblestone_street/
11/15/2024 08:06:52 - INFO - __main__ - Running validation... 
 Generating 4 images with prompt:on top of pink fabric.
11/15/2024 08:07:05 - INFO - root - Image have been saved in /shenzihe/WD-Disk/output/exp2/dog2/checkpoint-100/images/on_top_of_pink_fabric/
11/15/2024 08:07:19 - INFO - root - Image have been saved in /shenzihe/WD-Disk/output/exp2/dog2/checkpoint-100/images/on_top_of_pink_fabric/
11/15/2024 08:07:33 - INFO - root - Image have been saved in /shenzihe/WD-Disk/output/exp2/dog2/checkpoint-100/images/on_top_of_pink_fabric/
11/15/2024 08:07:47 - INFO - root - Image have been saved in /shenzihe/WD-Disk/output/exp2/dog2/checkpoint-100/images/on_top_of_pink_fabric/
11/15/2024 08:07:47 - INFO - __main__ - Running validation... 
 Generating 4 images with prompt:on top of a wooden floor.
11/15/2024 08:08:00 - INFO - root - Image have been saved in /shenzihe/WD-Disk/output/exp2/dog2/checkpoint-100/images/on_top_of_a_wooden_floor/
11/15/2024 08:08:14 - INFO - root - Image have been saved in /shenzihe/WD-Disk/output/exp2/dog2/checkpoint-100/images/on_top_of_a_wooden_floor/
11/15/2024 08:08:28 - INFO - root - Image have been saved in /shenzihe/WD-Disk/output/exp2/dog2/checkpoint-100/images/on_top_of_a_wooden_floor/
11/15/2024 08:08:42 - INFO - root - Image have been saved in /shenzihe/WD-Disk/output/exp2/dog2/checkpoint-100/images/on_top_of_a_wooden_floor/
11/15/2024 08:08:42 - INFO - __main__ - Running validation... 
 Generating 4 images with prompt:with a city in the background.
11/15/2024 08:08:56 - INFO - root - Image have been saved in /shenzihe/WD-Disk/output/exp2/dog2/checkpoint-100/images/with_a_city_in_the_background/
11/15/2024 08:09:10 - INFO - root - Image have been saved in /shenzihe/WD-Disk/output/exp2/dog2/checkpoint-100/images/with_a_city_in_the_background/
11/15/2024 08:09:23 - INFO - root - Image have been saved in /shenzihe/WD-Disk/output/exp2/dog2/checkpoint-100/images/with_a_city_in_the_background/
11/15/2024 08:09:37 - INFO - root - Image have been saved in /shenzihe/WD-Disk/output/exp2/dog2/checkpoint-100/images/with_a_city_in_the_background/
11/15/2024 08:09:37 - INFO - __main__ - Running validation... 
 Generating 4 images with prompt:with a mountain in the background.
11/15/2024 08:09:51 - INFO - root - Image have been saved in /shenzihe/WD-Disk/output/exp2/dog2/checkpoint-100/images/with_a_mountain_in_the_background/
11/15/2024 08:10:05 - INFO - root - Image have been saved in /shenzihe/WD-Disk/output/exp2/dog2/checkpoint-100/images/with_a_mountain_in_the_background/
11/15/2024 08:10:19 - INFO - root - Image have been saved in /shenzihe/WD-Disk/output/exp2/dog2/checkpoint-100/images/with_a_mountain_in_the_background/
11/15/2024 08:10:33 - INFO - root - Image have been saved in /shenzihe/WD-Disk/output/exp2/dog2/checkpoint-100/images/with_a_mountain_in_the_background/
11/15/2024 08:10:33 - INFO - __main__ - Running validation... 
 Generating 4 images with prompt:with a blue house in the background.
11/15/2024 08:10:46 - INFO - root - Image have been saved in /shenzihe/WD-Disk/output/exp2/dog2/checkpoint-100/images/with_a_blue_house_in_the_background/
11/15/2024 08:11:00 - INFO - root - Image have been saved in /shenzihe/WD-Disk/output/exp2/dog2/checkpoint-100/images/with_a_blue_house_in_the_background/
11/15/2024 08:11:14 - INFO - root - Image have been saved in /shenzihe/WD-Disk/output/exp2/dog2/checkpoint-100/images/with_a_blue_house_in_the_background/
11/15/2024 08:11:28 - INFO - root - Image have been saved in /shenzihe/WD-Disk/output/exp2/dog2/checkpoint-100/images/with_a_blue_house_in_the_background/
11/15/2024 08:11:28 - INFO - __main__ - Running validation... 
 Generating 4 images with prompt:on top of a purple rug in a forest.
11/15/2024 08:11:42 - INFO - root - Image have been saved in /shenzihe/WD-Disk/output/exp2/dog2/checkpoint-100/images/on_top_of_a_purple_rug_in_a_forest/
11/15/2024 08:11:56 - INFO - root - Image have been saved in /shenzihe/WD-Disk/output/exp2/dog2/checkpoint-100/images/on_top_of_a_purple_rug_in_a_forest/
11/15/2024 08:12:09 - INFO - root - Image have been saved in /shenzihe/WD-Disk/output/exp2/dog2/checkpoint-100/images/on_top_of_a_purple_rug_in_a_forest/
11/15/2024 08:12:23 - INFO - root - Image have been saved in /shenzihe/WD-Disk/output/exp2/dog2/checkpoint-100/images/on_top_of_a_purple_rug_in_a_forest/
11/15/2024 08:12:23 - INFO - __main__ - Running validation... 
 Generating 4 images with prompt:with a wheat field in the background.
11/15/2024 08:12:37 - INFO - root - Image have been saved in /shenzihe/WD-Disk/output/exp2/dog2/checkpoint-100/images/with_a_wheat_field_in_the_background/
11/15/2024 08:12:51 - INFO - root - Image have been saved in /shenzihe/WD-Disk/output/exp2/dog2/checkpoint-100/images/with_a_wheat_field_in_the_background/
11/15/2024 08:13:05 - INFO - root - Image have been saved in /shenzihe/WD-Disk/output/exp2/dog2/checkpoint-100/images/with_a_wheat_field_in_the_background/
11/15/2024 08:13:18 - INFO - root - Image have been saved in /shenzihe/WD-Disk/output/exp2/dog2/checkpoint-100/images/with_a_wheat_field_in_the_background/
11/15/2024 08:13:18 - INFO - __main__ - Running validation... 
 Generating 4 images with prompt:with a tree and autumn leaves in the background.
11/15/2024 08:13:32 - INFO - root - Image have been saved in /shenzihe/WD-Disk/output/exp2/dog2/checkpoint-100/images/with_a_tree_and_autumn_leaves_in_the_background/
11/15/2024 08:13:46 - INFO - root - Image have been saved in /shenzihe/WD-Disk/output/exp2/dog2/checkpoint-100/images/with_a_tree_and_autumn_leaves_in_the_background/
11/15/2024 08:14:00 - INFO - root - Image have been saved in /shenzihe/WD-Disk/output/exp2/dog2/checkpoint-100/images/with_a_tree_and_autumn_leaves_in_the_background/
11/15/2024 08:14:13 - INFO - root - Image have been saved in /shenzihe/WD-Disk/output/exp2/dog2/checkpoint-100/images/with_a_tree_and_autumn_leaves_in_the_background/
11/15/2024 08:14:13 - INFO - __main__ - Running validation... 
 Generating 4 images with prompt:with the Eiffel Tower in the background.
11/15/2024 08:14:27 - INFO - root - Image have been saved in /shenzihe/WD-Disk/output/exp2/dog2/checkpoint-100/images/with_the_Eiffel_Tower_in_the_background/
11/15/2024 08:14:42 - INFO - root - Image have been saved in /shenzihe/WD-Disk/output/exp2/dog2/checkpoint-100/images/with_the_Eiffel_Tower_in_the_background/
11/15/2024 08:14:56 - INFO - root - Image have been saved in /shenzihe/WD-Disk/output/exp2/dog2/checkpoint-100/images/with_the_Eiffel_Tower_in_the_background/
11/15/2024 08:15:10 - INFO - root - Image have been saved in /shenzihe/WD-Disk/output/exp2/dog2/checkpoint-100/images/with_the_Eiffel_Tower_in_the_background/
11/15/2024 08:15:10 - INFO - __main__ - Running validation... 
 Generating 4 images with prompt:floating on top of water.
11/15/2024 08:15:24 - INFO - root - Image have been saved in /shenzihe/WD-Disk/output/exp2/dog2/checkpoint-100/images/floating_on_top_of_water/
11/15/2024 08:15:38 - INFO - root - Image have been saved in /shenzihe/WD-Disk/output/exp2/dog2/checkpoint-100/images/floating_on_top_of_water/
11/15/2024 08:15:52 - INFO - root - Image have been saved in /shenzihe/WD-Disk/output/exp2/dog2/checkpoint-100/images/floating_on_top_of_water/
11/15/2024 08:16:06 - INFO - root - Image have been saved in /shenzihe/WD-Disk/output/exp2/dog2/checkpoint-100/images/floating_on_top_of_water/
11/15/2024 08:16:06 - INFO - __main__ - Running validation... 
 Generating 4 images with prompt:floating in an ocean of milk.
11/15/2024 08:16:20 - INFO - root - Image have been saved in /shenzihe/WD-Disk/output/exp2/dog2/checkpoint-100/images/floating_in_an_ocean_of_milk/
11/15/2024 08:16:33 - INFO - root - Image have been saved in /shenzihe/WD-Disk/output/exp2/dog2/checkpoint-100/images/floating_in_an_ocean_of_milk/
11/15/2024 08:16:47 - INFO - root - Image have been saved in /shenzihe/WD-Disk/output/exp2/dog2/checkpoint-100/images/floating_in_an_ocean_of_milk/
11/15/2024 08:17:01 - INFO - root - Image have been saved in /shenzihe/WD-Disk/output/exp2/dog2/checkpoint-100/images/floating_in_an_ocean_of_milk/
11/15/2024 08:17:01 - INFO - __main__ - Running validation... 
 Generating 4 images with prompt:on top of green grass with sunflowers around it.
11/15/2024 08:17:15 - INFO - root - Image have been saved in /shenzihe/WD-Disk/output/exp2/dog2/checkpoint-100/images/on_top_of_green_grass_with_sunflowers_around_it/
11/15/2024 08:17:29 - INFO - root - Image have been saved in /shenzihe/WD-Disk/output/exp2/dog2/checkpoint-100/images/on_top_of_green_grass_with_sunflowers_around_it/
11/15/2024 08:17:42 - INFO - root - Image have been saved in /shenzihe/WD-Disk/output/exp2/dog2/checkpoint-100/images/on_top_of_green_grass_with_sunflowers_around_it/
11/15/2024 08:17:56 - INFO - root - Image have been saved in /shenzihe/WD-Disk/output/exp2/dog2/checkpoint-100/images/on_top_of_green_grass_with_sunflowers_around_it/
11/15/2024 08:17:56 - INFO - __main__ - Running validation... 
 Generating 4 images with prompt:on top of a mirror.
11/15/2024 08:18:10 - INFO - root - Image have been saved in /shenzihe/WD-Disk/output/exp2/dog2/checkpoint-100/images/on_top_of_a_mirror/
11/15/2024 08:18:24 - INFO - root - Image have been saved in /shenzihe/WD-Disk/output/exp2/dog2/checkpoint-100/images/on_top_of_a_mirror/
11/15/2024 08:18:38 - INFO - root - Image have been saved in /shenzihe/WD-Disk/output/exp2/dog2/checkpoint-100/images/on_top_of_a_mirror/
11/15/2024 08:18:52 - INFO - root - Image have been saved in /shenzihe/WD-Disk/output/exp2/dog2/checkpoint-100/images/on_top_of_a_mirror/
11/15/2024 08:18:52 - INFO - __main__ - Running validation... 
 Generating 4 images with prompt:on top of the sidewalk in a crowded street.
11/15/2024 08:19:06 - INFO - root - Image have been saved in /shenzihe/WD-Disk/output/exp2/dog2/checkpoint-100/images/on_top_of_the_sidewalk_in_a_crowded_street/
11/15/2024 08:19:19 - INFO - root - Image have been saved in /shenzihe/WD-Disk/output/exp2/dog2/checkpoint-100/images/on_top_of_the_sidewalk_in_a_crowded_street/
11/15/2024 08:19:33 - INFO - root - Image have been saved in /shenzihe/WD-Disk/output/exp2/dog2/checkpoint-100/images/on_top_of_the_sidewalk_in_a_crowded_street/
11/15/2024 08:19:47 - INFO - root - Image have been saved in /shenzihe/WD-Disk/output/exp2/dog2/checkpoint-100/images/on_top_of_the_sidewalk_in_a_crowded_street/
11/15/2024 08:19:47 - INFO - __main__ - Running validation... 
 Generating 4 images with prompt:on top of a dirt road.
11/15/2024 08:20:01 - INFO - root - Image have been saved in /shenzihe/WD-Disk/output/exp2/dog2/checkpoint-100/images/on_top_of_a_dirt_road/
11/15/2024 08:20:15 - INFO - root - Image have been saved in /shenzihe/WD-Disk/output/exp2/dog2/checkpoint-100/images/on_top_of_a_dirt_road/
11/15/2024 08:20:29 - INFO - root - Image have been saved in /shenzihe/WD-Disk/output/exp2/dog2/checkpoint-100/images/on_top_of_a_dirt_road/
11/15/2024 08:20:43 - INFO - root - Image have been saved in /shenzihe/WD-Disk/output/exp2/dog2/checkpoint-100/images/on_top_of_a_dirt_road/
11/15/2024 08:20:43 - INFO - __main__ - Running validation... 
 Generating 4 images with prompt:on top of a white rug.
11/15/2024 08:20:56 - INFO - root - Image have been saved in /shenzihe/WD-Disk/output/exp2/dog2/checkpoint-100/images/on_top_of_a_white_rug/
11/15/2024 08:21:12 - INFO - root - Image have been saved in /shenzihe/WD-Disk/output/exp2/dog2/checkpoint-100/images/on_top_of_a_white_rug/
11/15/2024 08:21:25 - INFO - root - Image have been saved in /shenzihe/WD-Disk/output/exp2/dog2/checkpoint-100/images/on_top_of_a_white_rug/
11/15/2024 08:21:40 - INFO - root - Image have been saved in /shenzihe/WD-Disk/output/exp2/dog2/checkpoint-100/images/on_top_of_a_white_rug/
11/15/2024 08:21:40 - INFO - __main__ - Running validation... 
 Generating 4 images with prompt:red.
11/15/2024 08:21:54 - INFO - root - Image have been saved in /shenzihe/WD-Disk/output/exp2/dog2/checkpoint-100/images/red/
11/15/2024 08:22:08 - INFO - root - Image have been saved in /shenzihe/WD-Disk/output/exp2/dog2/checkpoint-100/images/red/
11/15/2024 08:22:22 - INFO - root - Image have been saved in /shenzihe/WD-Disk/output/exp2/dog2/checkpoint-100/images/red/
11/15/2024 08:22:36 - INFO - root - Image have been saved in /shenzihe/WD-Disk/output/exp2/dog2/checkpoint-100/images/red/
11/15/2024 08:22:36 - INFO - __main__ - Running validation... 
 Generating 4 images with prompt:purple.
11/15/2024 08:22:50 - INFO - root - Image have been saved in /shenzihe/WD-Disk/output/exp2/dog2/checkpoint-100/images/purple/
11/15/2024 08:23:03 - INFO - root - Image have been saved in /shenzihe/WD-Disk/output/exp2/dog2/checkpoint-100/images/purple/
11/15/2024 08:23:17 - INFO - root - Image have been saved in /shenzihe/WD-Disk/output/exp2/dog2/checkpoint-100/images/purple/
11/15/2024 08:23:31 - INFO - root - Image have been saved in /shenzihe/WD-Disk/output/exp2/dog2/checkpoint-100/images/purple/
11/15/2024 08:23:31 - INFO - __main__ - Running validation... 
 Generating 4 images with prompt:shiny.
11/15/2024 08:23:45 - INFO - root - Image have been saved in /shenzihe/WD-Disk/output/exp2/dog2/checkpoint-100/images/shiny/
11/15/2024 08:23:59 - INFO - root - Image have been saved in /shenzihe/WD-Disk/output/exp2/dog2/checkpoint-100/images/shiny/
11/15/2024 08:24:12 - INFO - root - Image have been saved in /shenzihe/WD-Disk/output/exp2/dog2/checkpoint-100/images/shiny/
11/15/2024 08:24:26 - INFO - root - Image have been saved in /shenzihe/WD-Disk/output/exp2/dog2/checkpoint-100/images/shiny/
11/15/2024 08:24:26 - INFO - __main__ - Running validation... 
 Generating 4 images with prompt:wet.
11/15/2024 08:24:40 - INFO - root - Image have been saved in /shenzihe/WD-Disk/output/exp2/dog2/checkpoint-100/images/wet/
11/15/2024 08:24:54 - INFO - root - Image have been saved in /shenzihe/WD-Disk/output/exp2/dog2/checkpoint-100/images/wet/
11/15/2024 08:25:08 - INFO - root - Image have been saved in /shenzihe/WD-Disk/output/exp2/dog2/checkpoint-100/images/wet/
11/15/2024 08:25:22 - INFO - root - Image have been saved in /shenzihe/WD-Disk/output/exp2/dog2/checkpoint-100/images/wet/
11/15/2024 08:25:22 - INFO - __main__ - Running validation... 
 Generating 4 images with prompt:cube shaped.
11/15/2024 08:25:35 - INFO - root - Image have been saved in /shenzihe/WD-Disk/output/exp2/dog2/checkpoint-100/images/cube_shaped/
11/15/2024 08:25:49 - INFO - root - Image have been saved in /shenzihe/WD-Disk/output/exp2/dog2/checkpoint-100/images/cube_shaped/
11/15/2024 08:26:03 - INFO - root - Image have been saved in /shenzihe/WD-Disk/output/exp2/dog2/checkpoint-100/images/cube_shaped/
11/15/2024 08:26:17 - INFO - root - Image have been saved in /shenzihe/WD-Disk/output/exp2/dog2/checkpoint-100/images/cube_shaped/
