11/14/2024 15:35:24 - INFO - __main__ - Distributed environment: NO
Num processes: 1
Process index: 0
Local process index: 0
Device: cuda

Mixed precision type: no

11/14/2024 15:35:26 - INFO - root - freeze vision encoder
11/14/2024 15:35:35 - INFO - root - Loading pretrained model from /root/.cache/torch/hub/checkpoints/blip-diffusion
11/14/2024 15:35:35 - INFO - root - Loading pretrained BLIP2 Qformer weights.
11/14/2024 15:35:37 - INFO - root - Loading pretrained projection lyer weights.
11/14/2024 15:35:37 - INFO - root - Loading pretrained text encoder weights.
11/14/2024 15:35:37 - INFO - root - Loading pretrained vae weights.
11/14/2024 15:35:38 - INFO - root - Loading pretrained unet weights.
11/14/2024 15:35:45 - INFO - root - Using xformers.
11/14/2024 15:35:45 - INFO - root - Building datasets...
11/14/2024 15:35:56 - INFO - root - freeze vision encoder
11/14/2024 15:36:26 - INFO - root - load checkpoint from https://storage.googleapis.com/sfr-vision-language-research/LAVIS/models/BLIP2/blip2_pretrained_flant5xl.pth
11/14/2024 15:36:27 - INFO - __main__ - 
***** Running training *****
11/14/2024 15:36:27 - INFO - __main__ -   Num examples = 5
11/14/2024 15:36:27 - INFO - __main__ -   Num batches each epoch = 2
11/14/2024 15:36:27 - INFO - __main__ -   Num Epochs = 50
11/14/2024 15:36:27 - INFO - __main__ -   Instantaneous batch size per device = 3
11/14/2024 15:36:27 - INFO - __main__ -   Total train batch size (w. parallel, distributed & accumulation) = 3
11/14/2024 15:36:27 - INFO - __main__ -   Gradient Accumulation steps = 1
11/14/2024 15:36:27 - INFO - __main__ -   Total optimization steps = 100
11/14/2024 15:41:22 - INFO - __main__ - Running validation... 
 Generating 4 images with prompt:in the jungle.
11/14/2024 15:41:37 - INFO - root - Image have been saved in /shenzihe/WD-Disk/output/exp/dog8/checkpoint-100/images/in_the_jungle/
11/14/2024 15:41:51 - INFO - root - Image have been saved in /shenzihe/WD-Disk/output/exp/dog8/checkpoint-100/images/in_the_jungle/
11/14/2024 15:42:04 - INFO - root - Image have been saved in /shenzihe/WD-Disk/output/exp/dog8/checkpoint-100/images/in_the_jungle/
11/14/2024 15:42:17 - INFO - root - Image have been saved in /shenzihe/WD-Disk/output/exp/dog8/checkpoint-100/images/in_the_jungle/
11/14/2024 15:42:17 - INFO - __main__ - Running validation... 
 Generating 4 images with prompt:in the snow.
11/14/2024 15:42:31 - INFO - root - Image have been saved in /shenzihe/WD-Disk/output/exp/dog8/checkpoint-100/images/in_the_snow/
11/14/2024 15:42:44 - INFO - root - Image have been saved in /shenzihe/WD-Disk/output/exp/dog8/checkpoint-100/images/in_the_snow/
11/14/2024 15:42:58 - INFO - root - Image have been saved in /shenzihe/WD-Disk/output/exp/dog8/checkpoint-100/images/in_the_snow/
11/14/2024 15:43:11 - INFO - root - Image have been saved in /shenzihe/WD-Disk/output/exp/dog8/checkpoint-100/images/in_the_snow/
11/14/2024 15:43:11 - INFO - __main__ - Running validation... 
 Generating 4 images with prompt:on the beach.
11/14/2024 15:43:24 - INFO - root - Image have been saved in /shenzihe/WD-Disk/output/exp/dog8/checkpoint-100/images/on_the_beach/
11/14/2024 15:43:38 - INFO - root - Image have been saved in /shenzihe/WD-Disk/output/exp/dog8/checkpoint-100/images/on_the_beach/
11/14/2024 15:43:51 - INFO - root - Image have been saved in /shenzihe/WD-Disk/output/exp/dog8/checkpoint-100/images/on_the_beach/
11/14/2024 15:44:04 - INFO - root - Image have been saved in /shenzihe/WD-Disk/output/exp/dog8/checkpoint-100/images/on_the_beach/
11/14/2024 15:44:04 - INFO - __main__ - Running validation... 
 Generating 4 images with prompt:on a cobblestone street.
11/14/2024 15:44:18 - INFO - root - Image have been saved in /shenzihe/WD-Disk/output/exp/dog8/checkpoint-100/images/on_a_cobblestone_street/
11/14/2024 15:44:31 - INFO - root - Image have been saved in /shenzihe/WD-Disk/output/exp/dog8/checkpoint-100/images/on_a_cobblestone_street/
11/14/2024 15:44:45 - INFO - root - Image have been saved in /shenzihe/WD-Disk/output/exp/dog8/checkpoint-100/images/on_a_cobblestone_street/
11/14/2024 15:44:58 - INFO - root - Image have been saved in /shenzihe/WD-Disk/output/exp/dog8/checkpoint-100/images/on_a_cobblestone_street/
11/14/2024 15:44:58 - INFO - __main__ - Running validation... 
 Generating 4 images with prompt:on top of pink fabric.
11/14/2024 15:45:11 - INFO - root - Image have been saved in /shenzihe/WD-Disk/output/exp/dog8/checkpoint-100/images/on_top_of_pink_fabric/
11/14/2024 15:45:25 - INFO - root - Image have been saved in /shenzihe/WD-Disk/output/exp/dog8/checkpoint-100/images/on_top_of_pink_fabric/
11/14/2024 15:45:38 - INFO - root - Image have been saved in /shenzihe/WD-Disk/output/exp/dog8/checkpoint-100/images/on_top_of_pink_fabric/
11/14/2024 15:45:51 - INFO - root - Image have been saved in /shenzihe/WD-Disk/output/exp/dog8/checkpoint-100/images/on_top_of_pink_fabric/
11/14/2024 15:45:51 - INFO - __main__ - Running validation... 
 Generating 4 images with prompt:on top of a wooden floor.
11/14/2024 15:46:05 - INFO - root - Image have been saved in /shenzihe/WD-Disk/output/exp/dog8/checkpoint-100/images/on_top_of_a_wooden_floor/
11/14/2024 15:46:18 - INFO - root - Image have been saved in /shenzihe/WD-Disk/output/exp/dog8/checkpoint-100/images/on_top_of_a_wooden_floor/
11/14/2024 15:46:32 - INFO - root - Image have been saved in /shenzihe/WD-Disk/output/exp/dog8/checkpoint-100/images/on_top_of_a_wooden_floor/
11/14/2024 15:46:45 - INFO - root - Image have been saved in /shenzihe/WD-Disk/output/exp/dog8/checkpoint-100/images/on_top_of_a_wooden_floor/
11/14/2024 15:46:45 - INFO - __main__ - Running validation... 
 Generating 4 images with prompt:with a city in the background.
11/14/2024 15:46:58 - INFO - root - Image have been saved in /shenzihe/WD-Disk/output/exp/dog8/checkpoint-100/images/with_a_city_in_the_background/
11/14/2024 15:47:12 - INFO - root - Image have been saved in /shenzihe/WD-Disk/output/exp/dog8/checkpoint-100/images/with_a_city_in_the_background/
11/14/2024 15:47:25 - INFO - root - Image have been saved in /shenzihe/WD-Disk/output/exp/dog8/checkpoint-100/images/with_a_city_in_the_background/
11/14/2024 15:47:38 - INFO - root - Image have been saved in /shenzihe/WD-Disk/output/exp/dog8/checkpoint-100/images/with_a_city_in_the_background/
11/14/2024 15:47:38 - INFO - __main__ - Running validation... 
 Generating 4 images with prompt:with a mountain in the background.
11/14/2024 15:47:52 - INFO - root - Image have been saved in /shenzihe/WD-Disk/output/exp/dog8/checkpoint-100/images/with_a_mountain_in_the_background/
11/14/2024 15:48:05 - INFO - root - Image have been saved in /shenzihe/WD-Disk/output/exp/dog8/checkpoint-100/images/with_a_mountain_in_the_background/
11/14/2024 15:48:19 - INFO - root - Image have been saved in /shenzihe/WD-Disk/output/exp/dog8/checkpoint-100/images/with_a_mountain_in_the_background/
11/14/2024 15:48:32 - INFO - root - Image have been saved in /shenzihe/WD-Disk/output/exp/dog8/checkpoint-100/images/with_a_mountain_in_the_background/
11/14/2024 15:48:32 - INFO - __main__ - Running validation... 
 Generating 4 images with prompt:with a blue house in the background.
11/14/2024 15:48:45 - INFO - root - Image have been saved in /shenzihe/WD-Disk/output/exp/dog8/checkpoint-100/images/with_a_blue_house_in_the_background/
11/14/2024 15:48:59 - INFO - root - Image have been saved in /shenzihe/WD-Disk/output/exp/dog8/checkpoint-100/images/with_a_blue_house_in_the_background/
11/14/2024 15:49:12 - INFO - root - Image have been saved in /shenzihe/WD-Disk/output/exp/dog8/checkpoint-100/images/with_a_blue_house_in_the_background/
11/14/2024 15:49:25 - INFO - root - Image have been saved in /shenzihe/WD-Disk/output/exp/dog8/checkpoint-100/images/with_a_blue_house_in_the_background/
11/14/2024 15:49:25 - INFO - __main__ - Running validation... 
 Generating 4 images with prompt:on top of a purple rug in a forest.
11/14/2024 15:49:39 - INFO - root - Image have been saved in /shenzihe/WD-Disk/output/exp/dog8/checkpoint-100/images/on_top_of_a_purple_rug_in_a_forest/
11/14/2024 15:49:52 - INFO - root - Image have been saved in /shenzihe/WD-Disk/output/exp/dog8/checkpoint-100/images/on_top_of_a_purple_rug_in_a_forest/
11/14/2024 15:50:05 - INFO - root - Image have been saved in /shenzihe/WD-Disk/output/exp/dog8/checkpoint-100/images/on_top_of_a_purple_rug_in_a_forest/
11/14/2024 15:50:19 - INFO - root - Image have been saved in /shenzihe/WD-Disk/output/exp/dog8/checkpoint-100/images/on_top_of_a_purple_rug_in_a_forest/
11/14/2024 15:50:19 - INFO - __main__ - Running validation... 
 Generating 4 images with prompt:with a wheat field in the background.
11/14/2024 15:50:32 - INFO - root - Image have been saved in /shenzihe/WD-Disk/output/exp/dog8/checkpoint-100/images/with_a_wheat_field_in_the_background/
11/14/2024 15:50:46 - INFO - root - Image have been saved in /shenzihe/WD-Disk/output/exp/dog8/checkpoint-100/images/with_a_wheat_field_in_the_background/
11/14/2024 15:50:59 - INFO - root - Image have been saved in /shenzihe/WD-Disk/output/exp/dog8/checkpoint-100/images/with_a_wheat_field_in_the_background/
11/14/2024 15:51:12 - INFO - root - Image have been saved in /shenzihe/WD-Disk/output/exp/dog8/checkpoint-100/images/with_a_wheat_field_in_the_background/
11/14/2024 15:51:12 - INFO - __main__ - Running validation... 
 Generating 4 images with prompt:with a tree and autumn leaves in the background.
11/14/2024 15:51:26 - INFO - root - Image have been saved in /shenzihe/WD-Disk/output/exp/dog8/checkpoint-100/images/with_a_tree_and_autumn_leaves_in_the_background/
11/14/2024 15:51:39 - INFO - root - Image have been saved in /shenzihe/WD-Disk/output/exp/dog8/checkpoint-100/images/with_a_tree_and_autumn_leaves_in_the_background/
11/14/2024 15:51:52 - INFO - root - Image have been saved in /shenzihe/WD-Disk/output/exp/dog8/checkpoint-100/images/with_a_tree_and_autumn_leaves_in_the_background/
11/14/2024 15:52:06 - INFO - root - Image have been saved in /shenzihe/WD-Disk/output/exp/dog8/checkpoint-100/images/with_a_tree_and_autumn_leaves_in_the_background/
11/14/2024 15:52:06 - INFO - __main__ - Running validation... 
 Generating 4 images with prompt:with the Eiffel Tower in the background.
11/14/2024 15:52:19 - INFO - root - Image have been saved in /shenzihe/WD-Disk/output/exp/dog8/checkpoint-100/images/with_the_Eiffel_Tower_in_the_background/
11/14/2024 15:52:32 - INFO - root - Image have been saved in /shenzihe/WD-Disk/output/exp/dog8/checkpoint-100/images/with_the_Eiffel_Tower_in_the_background/
11/14/2024 15:52:46 - INFO - root - Image have been saved in /shenzihe/WD-Disk/output/exp/dog8/checkpoint-100/images/with_the_Eiffel_Tower_in_the_background/
11/14/2024 15:52:59 - INFO - root - Image have been saved in /shenzihe/WD-Disk/output/exp/dog8/checkpoint-100/images/with_the_Eiffel_Tower_in_the_background/
11/14/2024 15:52:59 - INFO - __main__ - Running validation... 
 Generating 4 images with prompt:floating on top of water.
11/14/2024 15:53:13 - INFO - root - Image have been saved in /shenzihe/WD-Disk/output/exp/dog8/checkpoint-100/images/floating_on_top_of_water/
11/14/2024 15:53:26 - INFO - root - Image have been saved in /shenzihe/WD-Disk/output/exp/dog8/checkpoint-100/images/floating_on_top_of_water/
11/14/2024 15:53:39 - INFO - root - Image have been saved in /shenzihe/WD-Disk/output/exp/dog8/checkpoint-100/images/floating_on_top_of_water/
11/14/2024 15:53:53 - INFO - root - Image have been saved in /shenzihe/WD-Disk/output/exp/dog8/checkpoint-100/images/floating_on_top_of_water/
11/14/2024 15:53:53 - INFO - __main__ - Running validation... 
 Generating 4 images with prompt:floating in an ocean of milk.
11/14/2024 15:54:06 - INFO - root - Image have been saved in /shenzihe/WD-Disk/output/exp/dog8/checkpoint-100/images/floating_in_an_ocean_of_milk/
11/14/2024 15:54:19 - INFO - root - Image have been saved in /shenzihe/WD-Disk/output/exp/dog8/checkpoint-100/images/floating_in_an_ocean_of_milk/
11/14/2024 15:54:33 - INFO - root - Image have been saved in /shenzihe/WD-Disk/output/exp/dog8/checkpoint-100/images/floating_in_an_ocean_of_milk/
11/14/2024 15:54:46 - INFO - root - Image have been saved in /shenzihe/WD-Disk/output/exp/dog8/checkpoint-100/images/floating_in_an_ocean_of_milk/
11/14/2024 15:54:46 - INFO - __main__ - Running validation... 
 Generating 4 images with prompt:on top of green grass with sunflowers around it.
11/14/2024 15:55:00 - INFO - root - Image have been saved in /shenzihe/WD-Disk/output/exp/dog8/checkpoint-100/images/on_top_of_green_grass_with_sunflowers_around_it/
11/14/2024 15:55:13 - INFO - root - Image have been saved in /shenzihe/WD-Disk/output/exp/dog8/checkpoint-100/images/on_top_of_green_grass_with_sunflowers_around_it/
11/14/2024 15:55:26 - INFO - root - Image have been saved in /shenzihe/WD-Disk/output/exp/dog8/checkpoint-100/images/on_top_of_green_grass_with_sunflowers_around_it/
11/14/2024 15:55:40 - INFO - root - Image have been saved in /shenzihe/WD-Disk/output/exp/dog8/checkpoint-100/images/on_top_of_green_grass_with_sunflowers_around_it/
11/14/2024 15:55:40 - INFO - __main__ - Running validation... 
 Generating 4 images with prompt:on top of a mirror.
11/14/2024 15:55:53 - INFO - root - Image have been saved in /shenzihe/WD-Disk/output/exp/dog8/checkpoint-100/images/on_top_of_a_mirror/
11/14/2024 15:56:06 - INFO - root - Image have been saved in /shenzihe/WD-Disk/output/exp/dog8/checkpoint-100/images/on_top_of_a_mirror/
11/14/2024 15:56:20 - INFO - root - Image have been saved in /shenzihe/WD-Disk/output/exp/dog8/checkpoint-100/images/on_top_of_a_mirror/
11/14/2024 15:56:33 - INFO - root - Image have been saved in /shenzihe/WD-Disk/output/exp/dog8/checkpoint-100/images/on_top_of_a_mirror/
11/14/2024 15:56:33 - INFO - __main__ - Running validation... 
 Generating 4 images with prompt:on top of the sidewalk in a crowded street.
11/14/2024 15:56:47 - INFO - root - Image have been saved in /shenzihe/WD-Disk/output/exp/dog8/checkpoint-100/images/on_top_of_the_sidewalk_in_a_crowded_street/
11/14/2024 15:57:00 - INFO - root - Image have been saved in /shenzihe/WD-Disk/output/exp/dog8/checkpoint-100/images/on_top_of_the_sidewalk_in_a_crowded_street/
11/14/2024 15:57:14 - INFO - root - Image have been saved in /shenzihe/WD-Disk/output/exp/dog8/checkpoint-100/images/on_top_of_the_sidewalk_in_a_crowded_street/
11/14/2024 15:57:27 - INFO - root - Image have been saved in /shenzihe/WD-Disk/output/exp/dog8/checkpoint-100/images/on_top_of_the_sidewalk_in_a_crowded_street/
11/14/2024 15:57:27 - INFO - __main__ - Running validation... 
 Generating 4 images with prompt:on top of a dirt road.
11/14/2024 15:57:40 - INFO - root - Image have been saved in /shenzihe/WD-Disk/output/exp/dog8/checkpoint-100/images/on_top_of_a_dirt_road/
11/14/2024 15:57:54 - INFO - root - Image have been saved in /shenzihe/WD-Disk/output/exp/dog8/checkpoint-100/images/on_top_of_a_dirt_road/
11/14/2024 15:58:07 - INFO - root - Image have been saved in /shenzihe/WD-Disk/output/exp/dog8/checkpoint-100/images/on_top_of_a_dirt_road/
11/14/2024 15:58:20 - INFO - root - Image have been saved in /shenzihe/WD-Disk/output/exp/dog8/checkpoint-100/images/on_top_of_a_dirt_road/
11/14/2024 15:58:20 - INFO - __main__ - Running validation... 
 Generating 4 images with prompt:on top of a white rug.
11/14/2024 15:58:34 - INFO - root - Image have been saved in /shenzihe/WD-Disk/output/exp/dog8/checkpoint-100/images/on_top_of_a_white_rug/
11/14/2024 15:58:47 - INFO - root - Image have been saved in /shenzihe/WD-Disk/output/exp/dog8/checkpoint-100/images/on_top_of_a_white_rug/
11/14/2024 15:59:01 - INFO - root - Image have been saved in /shenzihe/WD-Disk/output/exp/dog8/checkpoint-100/images/on_top_of_a_white_rug/
11/14/2024 15:59:14 - INFO - root - Image have been saved in /shenzihe/WD-Disk/output/exp/dog8/checkpoint-100/images/on_top_of_a_white_rug/
11/14/2024 15:59:14 - INFO - __main__ - Running validation... 
 Generating 4 images with prompt:red.
11/14/2024 15:59:27 - INFO - root - Image have been saved in /shenzihe/WD-Disk/output/exp/dog8/checkpoint-100/images/red/
11/14/2024 15:59:41 - INFO - root - Image have been saved in /shenzihe/WD-Disk/output/exp/dog8/checkpoint-100/images/red/
11/14/2024 15:59:54 - INFO - root - Image have been saved in /shenzihe/WD-Disk/output/exp/dog8/checkpoint-100/images/red/
11/14/2024 16:00:07 - INFO - root - Image have been saved in /shenzihe/WD-Disk/output/exp/dog8/checkpoint-100/images/red/
11/14/2024 16:00:07 - INFO - __main__ - Running validation... 
 Generating 4 images with prompt:purple.
11/14/2024 16:00:21 - INFO - root - Image have been saved in /shenzihe/WD-Disk/output/exp/dog8/checkpoint-100/images/purple/
11/14/2024 16:00:34 - INFO - root - Image have been saved in /shenzihe/WD-Disk/output/exp/dog8/checkpoint-100/images/purple/
11/14/2024 16:00:48 - INFO - root - Image have been saved in /shenzihe/WD-Disk/output/exp/dog8/checkpoint-100/images/purple/
11/14/2024 16:01:01 - INFO - root - Image have been saved in /shenzihe/WD-Disk/output/exp/dog8/checkpoint-100/images/purple/
11/14/2024 16:01:01 - INFO - __main__ - Running validation... 
 Generating 4 images with prompt:shiny.
11/14/2024 16:01:14 - INFO - root - Image have been saved in /shenzihe/WD-Disk/output/exp/dog8/checkpoint-100/images/shiny/
11/14/2024 16:01:28 - INFO - root - Image have been saved in /shenzihe/WD-Disk/output/exp/dog8/checkpoint-100/images/shiny/
11/14/2024 16:01:41 - INFO - root - Image have been saved in /shenzihe/WD-Disk/output/exp/dog8/checkpoint-100/images/shiny/
11/14/2024 16:02:04 - INFO - root - Image have been saved in /shenzihe/WD-Disk/output/exp/dog8/checkpoint-100/images/shiny/
11/14/2024 16:02:04 - INFO - __main__ - Running validation... 
 Generating 4 images with prompt:wet.
11/14/2024 16:02:18 - INFO - root - Image have been saved in /shenzihe/WD-Disk/output/exp/dog8/checkpoint-100/images/wet/
11/14/2024 16:02:31 - INFO - root - Image have been saved in /shenzihe/WD-Disk/output/exp/dog8/checkpoint-100/images/wet/
11/14/2024 16:02:44 - INFO - root - Image have been saved in /shenzihe/WD-Disk/output/exp/dog8/checkpoint-100/images/wet/
11/14/2024 16:02:58 - INFO - root - Image have been saved in /shenzihe/WD-Disk/output/exp/dog8/checkpoint-100/images/wet/
11/14/2024 16:02:58 - INFO - __main__ - Running validation... 
 Generating 4 images with prompt:cube shaped.
11/14/2024 16:03:12 - INFO - root - Image have been saved in /shenzihe/WD-Disk/output/exp/dog8/checkpoint-100/images/cube_shaped/
11/14/2024 16:03:25 - INFO - root - Image have been saved in /shenzihe/WD-Disk/output/exp/dog8/checkpoint-100/images/cube_shaped/
11/14/2024 16:03:39 - INFO - root - Image have been saved in /shenzihe/WD-Disk/output/exp/dog8/checkpoint-100/images/cube_shaped/
11/14/2024 16:03:52 - INFO - root - Image have been saved in /shenzihe/WD-Disk/output/exp/dog8/checkpoint-100/images/cube_shaped/
