11/17/2024 16:30:02 - INFO - __main__ - Distributed environment: NO
Num processes: 1
Process index: 0
Local process index: 0
Device: cuda

Mixed precision type: no

11/17/2024 16:30:05 - INFO - root - freeze vision encoder
11/17/2024 16:30:15 - INFO - root - Loading pretrained model from /root/.cache/torch/hub/checkpoints/blip-diffusion
11/17/2024 16:30:15 - INFO - root - Loading pretrained BLIP2 Qformer weights.
11/17/2024 16:30:17 - INFO - root - Loading pretrained projection lyer weights.
11/17/2024 16:30:17 - INFO - root - Loading pretrained text encoder weights.
11/17/2024 16:30:17 - INFO - root - Loading pretrained vae weights.
11/17/2024 16:30:18 - INFO - root - Loading pretrained unet weights.
11/17/2024 16:30:28 - INFO - root - Using xformers.
11/17/2024 16:30:28 - INFO - root - Building datasets...
11/17/2024 16:30:39 - INFO - root - freeze vision encoder
11/17/2024 16:31:07 - INFO - root - load checkpoint from https://storage.googleapis.com/sfr-vision-language-research/LAVIS/models/BLIP2/blip2_pretrained_flant5xl.pth
11/17/2024 16:31:08 - INFO - __main__ - 
***** Running training *****
11/17/2024 16:31:08 - INFO - __main__ -   Num examples = 5
11/17/2024 16:31:08 - INFO - __main__ -   Num batches each epoch = 2
11/17/2024 16:31:08 - INFO - __main__ -   Num Epochs = 50
11/17/2024 16:31:08 - INFO - __main__ -   Instantaneous batch size per device = 3
11/17/2024 16:31:08 - INFO - __main__ -   Total train batch size (w. parallel, distributed & accumulation) = 3
11/17/2024 16:31:08 - INFO - __main__ -   Gradient Accumulation steps = 1
11/17/2024 16:31:08 - INFO - __main__ -   Total optimization steps = 100
11/17/2024 16:36:06 - INFO - __main__ - Running validation... 
 Generating 4 images with prompt:in the jungle.
11/17/2024 16:36:21 - INFO - root - Image have been saved in /shenzihe/WD-Disk/output/exp3/backpack_dog/checkpoint-100/images/in_the_jungle/
11/17/2024 16:36:35 - INFO - root - Image have been saved in /shenzihe/WD-Disk/output/exp3/backpack_dog/checkpoint-100/images/in_the_jungle/
11/17/2024 16:36:49 - INFO - root - Image have been saved in /shenzihe/WD-Disk/output/exp3/backpack_dog/checkpoint-100/images/in_the_jungle/
11/17/2024 16:37:03 - INFO - root - Image have been saved in /shenzihe/WD-Disk/output/exp3/backpack_dog/checkpoint-100/images/in_the_jungle/
11/17/2024 16:37:03 - INFO - __main__ - Running validation... 
 Generating 4 images with prompt:in the snow.
11/17/2024 16:37:16 - INFO - root - Image have been saved in /shenzihe/WD-Disk/output/exp3/backpack_dog/checkpoint-100/images/in_the_snow/
11/17/2024 16:37:30 - INFO - root - Image have been saved in /shenzihe/WD-Disk/output/exp3/backpack_dog/checkpoint-100/images/in_the_snow/
11/17/2024 16:37:44 - INFO - root - Image have been saved in /shenzihe/WD-Disk/output/exp3/backpack_dog/checkpoint-100/images/in_the_snow/
11/17/2024 16:37:57 - INFO - root - Image have been saved in /shenzihe/WD-Disk/output/exp3/backpack_dog/checkpoint-100/images/in_the_snow/
11/17/2024 16:37:57 - INFO - __main__ - Running validation... 
 Generating 4 images with prompt:on the beach.
11/17/2024 16:38:11 - INFO - root - Image have been saved in /shenzihe/WD-Disk/output/exp3/backpack_dog/checkpoint-100/images/on_the_beach/
11/17/2024 16:38:25 - INFO - root - Image have been saved in /shenzihe/WD-Disk/output/exp3/backpack_dog/checkpoint-100/images/on_the_beach/
11/17/2024 16:38:38 - INFO - root - Image have been saved in /shenzihe/WD-Disk/output/exp3/backpack_dog/checkpoint-100/images/on_the_beach/
11/17/2024 16:38:52 - INFO - root - Image have been saved in /shenzihe/WD-Disk/output/exp3/backpack_dog/checkpoint-100/images/on_the_beach/
11/17/2024 16:38:52 - INFO - __main__ - Running validation... 
 Generating 4 images with prompt:on a cobblestone street.
11/17/2024 16:39:06 - INFO - root - Image have been saved in /shenzihe/WD-Disk/output/exp3/backpack_dog/checkpoint-100/images/on_a_cobblestone_street/
11/17/2024 16:39:19 - INFO - root - Image have been saved in /shenzihe/WD-Disk/output/exp3/backpack_dog/checkpoint-100/images/on_a_cobblestone_street/
11/17/2024 16:39:33 - INFO - root - Image have been saved in /shenzihe/WD-Disk/output/exp3/backpack_dog/checkpoint-100/images/on_a_cobblestone_street/
11/17/2024 16:39:47 - INFO - root - Image have been saved in /shenzihe/WD-Disk/output/exp3/backpack_dog/checkpoint-100/images/on_a_cobblestone_street/
11/17/2024 16:39:47 - INFO - __main__ - Running validation... 
 Generating 4 images with prompt:on top of pink fabric.
11/17/2024 16:40:00 - INFO - root - Image have been saved in /shenzihe/WD-Disk/output/exp3/backpack_dog/checkpoint-100/images/on_top_of_pink_fabric/
11/17/2024 16:40:14 - INFO - root - Image have been saved in /shenzihe/WD-Disk/output/exp3/backpack_dog/checkpoint-100/images/on_top_of_pink_fabric/
11/17/2024 16:40:28 - INFO - root - Image have been saved in /shenzihe/WD-Disk/output/exp3/backpack_dog/checkpoint-100/images/on_top_of_pink_fabric/
11/17/2024 16:40:41 - INFO - root - Image have been saved in /shenzihe/WD-Disk/output/exp3/backpack_dog/checkpoint-100/images/on_top_of_pink_fabric/
11/17/2024 16:40:41 - INFO - __main__ - Running validation... 
 Generating 4 images with prompt:on top of a wooden floor.
11/17/2024 16:40:55 - INFO - root - Image have been saved in /shenzihe/WD-Disk/output/exp3/backpack_dog/checkpoint-100/images/on_top_of_a_wooden_floor/
11/17/2024 16:41:09 - INFO - root - Image have been saved in /shenzihe/WD-Disk/output/exp3/backpack_dog/checkpoint-100/images/on_top_of_a_wooden_floor/
11/17/2024 16:41:22 - INFO - root - Image have been saved in /shenzihe/WD-Disk/output/exp3/backpack_dog/checkpoint-100/images/on_top_of_a_wooden_floor/
11/17/2024 16:41:36 - INFO - root - Image have been saved in /shenzihe/WD-Disk/output/exp3/backpack_dog/checkpoint-100/images/on_top_of_a_wooden_floor/
11/17/2024 16:41:36 - INFO - __main__ - Running validation... 
 Generating 4 images with prompt:with a city in the background.
11/17/2024 16:41:50 - INFO - root - Image have been saved in /shenzihe/WD-Disk/output/exp3/backpack_dog/checkpoint-100/images/with_a_city_in_the_background/
11/17/2024 16:42:03 - INFO - root - Image have been saved in /shenzihe/WD-Disk/output/exp3/backpack_dog/checkpoint-100/images/with_a_city_in_the_background/
11/17/2024 16:42:17 - INFO - root - Image have been saved in /shenzihe/WD-Disk/output/exp3/backpack_dog/checkpoint-100/images/with_a_city_in_the_background/
11/17/2024 16:42:31 - INFO - root - Image have been saved in /shenzihe/WD-Disk/output/exp3/backpack_dog/checkpoint-100/images/with_a_city_in_the_background/
11/17/2024 16:42:31 - INFO - __main__ - Running validation... 
 Generating 4 images with prompt:with a mountain in the background.
11/17/2024 16:42:44 - INFO - root - Image have been saved in /shenzihe/WD-Disk/output/exp3/backpack_dog/checkpoint-100/images/with_a_mountain_in_the_background/
11/17/2024 16:42:58 - INFO - root - Image have been saved in /shenzihe/WD-Disk/output/exp3/backpack_dog/checkpoint-100/images/with_a_mountain_in_the_background/
11/17/2024 16:43:12 - INFO - root - Image have been saved in /shenzihe/WD-Disk/output/exp3/backpack_dog/checkpoint-100/images/with_a_mountain_in_the_background/
11/17/2024 16:43:25 - INFO - root - Image have been saved in /shenzihe/WD-Disk/output/exp3/backpack_dog/checkpoint-100/images/with_a_mountain_in_the_background/
11/17/2024 16:43:25 - INFO - __main__ - Running validation... 
 Generating 4 images with prompt:with a blue house in the background.
11/17/2024 16:43:39 - INFO - root - Image have been saved in /shenzihe/WD-Disk/output/exp3/backpack_dog/checkpoint-100/images/with_a_blue_house_in_the_background/
11/17/2024 16:43:53 - INFO - root - Image have been saved in /shenzihe/WD-Disk/output/exp3/backpack_dog/checkpoint-100/images/with_a_blue_house_in_the_background/
11/17/2024 16:44:06 - INFO - root - Image have been saved in /shenzihe/WD-Disk/output/exp3/backpack_dog/checkpoint-100/images/with_a_blue_house_in_the_background/
11/17/2024 16:44:20 - INFO - root - Image have been saved in /shenzihe/WD-Disk/output/exp3/backpack_dog/checkpoint-100/images/with_a_blue_house_in_the_background/
11/17/2024 16:44:20 - INFO - __main__ - Running validation... 
 Generating 4 images with prompt:on top of a purple rug in a forest.
11/17/2024 16:44:34 - INFO - root - Image have been saved in /shenzihe/WD-Disk/output/exp3/backpack_dog/checkpoint-100/images/on_top_of_a_purple_rug_in_a_forest/
11/17/2024 16:44:47 - INFO - root - Image have been saved in /shenzihe/WD-Disk/output/exp3/backpack_dog/checkpoint-100/images/on_top_of_a_purple_rug_in_a_forest/
11/17/2024 16:45:01 - INFO - root - Image have been saved in /shenzihe/WD-Disk/output/exp3/backpack_dog/checkpoint-100/images/on_top_of_a_purple_rug_in_a_forest/
11/17/2024 16:45:15 - INFO - root - Image have been saved in /shenzihe/WD-Disk/output/exp3/backpack_dog/checkpoint-100/images/on_top_of_a_purple_rug_in_a_forest/
11/17/2024 16:45:15 - INFO - __main__ - Running validation... 
 Generating 4 images with prompt:with a wheat field in the background.
11/17/2024 16:45:28 - INFO - root - Image have been saved in /shenzihe/WD-Disk/output/exp3/backpack_dog/checkpoint-100/images/with_a_wheat_field_in_the_background/
11/17/2024 16:45:42 - INFO - root - Image have been saved in /shenzihe/WD-Disk/output/exp3/backpack_dog/checkpoint-100/images/with_a_wheat_field_in_the_background/
11/17/2024 16:45:56 - INFO - root - Image have been saved in /shenzihe/WD-Disk/output/exp3/backpack_dog/checkpoint-100/images/with_a_wheat_field_in_the_background/
11/17/2024 16:46:09 - INFO - root - Image have been saved in /shenzihe/WD-Disk/output/exp3/backpack_dog/checkpoint-100/images/with_a_wheat_field_in_the_background/
11/17/2024 16:46:09 - INFO - __main__ - Running validation... 
 Generating 4 images with prompt:with a tree and autumn leaves in the background.
11/17/2024 16:46:23 - INFO - root - Image have been saved in /shenzihe/WD-Disk/output/exp3/backpack_dog/checkpoint-100/images/with_a_tree_and_autumn_leaves_in_the_background/
11/17/2024 16:46:37 - INFO - root - Image have been saved in /shenzihe/WD-Disk/output/exp3/backpack_dog/checkpoint-100/images/with_a_tree_and_autumn_leaves_in_the_background/
11/17/2024 16:46:50 - INFO - root - Image have been saved in /shenzihe/WD-Disk/output/exp3/backpack_dog/checkpoint-100/images/with_a_tree_and_autumn_leaves_in_the_background/
11/17/2024 16:47:04 - INFO - root - Image have been saved in /shenzihe/WD-Disk/output/exp3/backpack_dog/checkpoint-100/images/with_a_tree_and_autumn_leaves_in_the_background/
11/17/2024 16:47:04 - INFO - __main__ - Running validation... 
 Generating 4 images with prompt:with the Eiffel Tower in the background.
11/17/2024 16:47:18 - INFO - root - Image have been saved in /shenzihe/WD-Disk/output/exp3/backpack_dog/checkpoint-100/images/with_the_Eiffel_Tower_in_the_background/
11/17/2024 16:47:31 - INFO - root - Image have been saved in /shenzihe/WD-Disk/output/exp3/backpack_dog/checkpoint-100/images/with_the_Eiffel_Tower_in_the_background/
11/17/2024 16:47:45 - INFO - root - Image have been saved in /shenzihe/WD-Disk/output/exp3/backpack_dog/checkpoint-100/images/with_the_Eiffel_Tower_in_the_background/
11/17/2024 16:47:59 - INFO - root - Image have been saved in /shenzihe/WD-Disk/output/exp3/backpack_dog/checkpoint-100/images/with_the_Eiffel_Tower_in_the_background/
11/17/2024 16:47:59 - INFO - __main__ - Running validation... 
 Generating 4 images with prompt:floating on top of water.
11/17/2024 16:48:12 - INFO - root - Image have been saved in /shenzihe/WD-Disk/output/exp3/backpack_dog/checkpoint-100/images/floating_on_top_of_water/
11/17/2024 16:48:26 - INFO - root - Image have been saved in /shenzihe/WD-Disk/output/exp3/backpack_dog/checkpoint-100/images/floating_on_top_of_water/
11/17/2024 16:48:40 - INFO - root - Image have been saved in /shenzihe/WD-Disk/output/exp3/backpack_dog/checkpoint-100/images/floating_on_top_of_water/
11/17/2024 16:48:53 - INFO - root - Image have been saved in /shenzihe/WD-Disk/output/exp3/backpack_dog/checkpoint-100/images/floating_on_top_of_water/
11/17/2024 16:48:53 - INFO - __main__ - Running validation... 
 Generating 4 images with prompt:floating in an ocean of milk.
11/17/2024 16:49:07 - INFO - root - Image have been saved in /shenzihe/WD-Disk/output/exp3/backpack_dog/checkpoint-100/images/floating_in_an_ocean_of_milk/
11/17/2024 16:49:21 - INFO - root - Image have been saved in /shenzihe/WD-Disk/output/exp3/backpack_dog/checkpoint-100/images/floating_in_an_ocean_of_milk/
11/17/2024 16:49:34 - INFO - root - Image have been saved in /shenzihe/WD-Disk/output/exp3/backpack_dog/checkpoint-100/images/floating_in_an_ocean_of_milk/
11/17/2024 16:49:48 - INFO - root - Image have been saved in /shenzihe/WD-Disk/output/exp3/backpack_dog/checkpoint-100/images/floating_in_an_ocean_of_milk/
11/17/2024 16:49:48 - INFO - __main__ - Running validation... 
 Generating 4 images with prompt:on top of green grass with sunflowers around it.
11/17/2024 16:50:02 - INFO - root - Image have been saved in /shenzihe/WD-Disk/output/exp3/backpack_dog/checkpoint-100/images/on_top_of_green_grass_with_sunflowers_around_it/
11/17/2024 16:50:15 - INFO - root - Image have been saved in /shenzihe/WD-Disk/output/exp3/backpack_dog/checkpoint-100/images/on_top_of_green_grass_with_sunflowers_around_it/
11/17/2024 16:50:29 - INFO - root - Image have been saved in /shenzihe/WD-Disk/output/exp3/backpack_dog/checkpoint-100/images/on_top_of_green_grass_with_sunflowers_around_it/
11/17/2024 16:50:43 - INFO - root - Image have been saved in /shenzihe/WD-Disk/output/exp3/backpack_dog/checkpoint-100/images/on_top_of_green_grass_with_sunflowers_around_it/
11/17/2024 16:50:43 - INFO - __main__ - Running validation... 
 Generating 4 images with prompt:on top of a mirror.
11/17/2024 16:50:56 - INFO - root - Image have been saved in /shenzihe/WD-Disk/output/exp3/backpack_dog/checkpoint-100/images/on_top_of_a_mirror/
11/17/2024 16:51:10 - INFO - root - Image have been saved in /shenzihe/WD-Disk/output/exp3/backpack_dog/checkpoint-100/images/on_top_of_a_mirror/
11/17/2024 16:51:24 - INFO - root - Image have been saved in /shenzihe/WD-Disk/output/exp3/backpack_dog/checkpoint-100/images/on_top_of_a_mirror/
11/17/2024 16:51:37 - INFO - root - Image have been saved in /shenzihe/WD-Disk/output/exp3/backpack_dog/checkpoint-100/images/on_top_of_a_mirror/
11/17/2024 16:51:37 - INFO - __main__ - Running validation... 
 Generating 4 images with prompt:on top of the sidewalk in a crowded street.
11/17/2024 16:51:51 - INFO - root - Image have been saved in /shenzihe/WD-Disk/output/exp3/backpack_dog/checkpoint-100/images/on_top_of_the_sidewalk_in_a_crowded_street/
11/17/2024 16:52:05 - INFO - root - Image have been saved in /shenzihe/WD-Disk/output/exp3/backpack_dog/checkpoint-100/images/on_top_of_the_sidewalk_in_a_crowded_street/
11/17/2024 16:52:18 - INFO - root - Image have been saved in /shenzihe/WD-Disk/output/exp3/backpack_dog/checkpoint-100/images/on_top_of_the_sidewalk_in_a_crowded_street/
11/17/2024 16:52:32 - INFO - root - Image have been saved in /shenzihe/WD-Disk/output/exp3/backpack_dog/checkpoint-100/images/on_top_of_the_sidewalk_in_a_crowded_street/
11/17/2024 16:52:32 - INFO - __main__ - Running validation... 
 Generating 4 images with prompt:on top of a dirt road.
11/17/2024 16:52:46 - INFO - root - Image have been saved in /shenzihe/WD-Disk/output/exp3/backpack_dog/checkpoint-100/images/on_top_of_a_dirt_road/
11/17/2024 16:52:59 - INFO - root - Image have been saved in /shenzihe/WD-Disk/output/exp3/backpack_dog/checkpoint-100/images/on_top_of_a_dirt_road/
11/17/2024 16:53:13 - INFO - root - Image have been saved in /shenzihe/WD-Disk/output/exp3/backpack_dog/checkpoint-100/images/on_top_of_a_dirt_road/
11/17/2024 16:53:27 - INFO - root - Image have been saved in /shenzihe/WD-Disk/output/exp3/backpack_dog/checkpoint-100/images/on_top_of_a_dirt_road/
11/17/2024 16:53:27 - INFO - __main__ - Running validation... 
 Generating 4 images with prompt:on top of a white rug.
11/17/2024 16:53:40 - INFO - root - Image have been saved in /shenzihe/WD-Disk/output/exp3/backpack_dog/checkpoint-100/images/on_top_of_a_white_rug/
11/17/2024 16:53:54 - INFO - root - Image have been saved in /shenzihe/WD-Disk/output/exp3/backpack_dog/checkpoint-100/images/on_top_of_a_white_rug/
11/17/2024 16:54:08 - INFO - root - Image have been saved in /shenzihe/WD-Disk/output/exp3/backpack_dog/checkpoint-100/images/on_top_of_a_white_rug/
11/17/2024 16:54:21 - INFO - root - Image have been saved in /shenzihe/WD-Disk/output/exp3/backpack_dog/checkpoint-100/images/on_top_of_a_white_rug/
11/17/2024 16:54:21 - INFO - __main__ - Running validation... 
 Generating 4 images with prompt:red.
11/17/2024 16:54:35 - INFO - root - Image have been saved in /shenzihe/WD-Disk/output/exp3/backpack_dog/checkpoint-100/images/red/
11/17/2024 16:54:49 - INFO - root - Image have been saved in /shenzihe/WD-Disk/output/exp3/backpack_dog/checkpoint-100/images/red/
11/17/2024 16:55:02 - INFO - root - Image have been saved in /shenzihe/WD-Disk/output/exp3/backpack_dog/checkpoint-100/images/red/
11/17/2024 16:55:16 - INFO - root - Image have been saved in /shenzihe/WD-Disk/output/exp3/backpack_dog/checkpoint-100/images/red/
11/17/2024 16:55:16 - INFO - __main__ - Running validation... 
 Generating 4 images with prompt:purple.
11/17/2024 16:55:30 - INFO - root - Image have been saved in /shenzihe/WD-Disk/output/exp3/backpack_dog/checkpoint-100/images/purple/
11/17/2024 16:55:43 - INFO - root - Image have been saved in /shenzihe/WD-Disk/output/exp3/backpack_dog/checkpoint-100/images/purple/
11/17/2024 16:55:57 - INFO - root - Image have been saved in /shenzihe/WD-Disk/output/exp3/backpack_dog/checkpoint-100/images/purple/
11/17/2024 16:56:11 - INFO - root - Image have been saved in /shenzihe/WD-Disk/output/exp3/backpack_dog/checkpoint-100/images/purple/
11/17/2024 16:56:11 - INFO - __main__ - Running validation... 
 Generating 4 images with prompt:shiny.
11/17/2024 16:56:24 - INFO - root - Image have been saved in /shenzihe/WD-Disk/output/exp3/backpack_dog/checkpoint-100/images/shiny/
11/17/2024 16:56:38 - INFO - root - Image have been saved in /shenzihe/WD-Disk/output/exp3/backpack_dog/checkpoint-100/images/shiny/
11/17/2024 16:56:52 - INFO - root - Image have been saved in /shenzihe/WD-Disk/output/exp3/backpack_dog/checkpoint-100/images/shiny/
11/17/2024 16:57:05 - INFO - root - Image have been saved in /shenzihe/WD-Disk/output/exp3/backpack_dog/checkpoint-100/images/shiny/
11/17/2024 16:57:05 - INFO - __main__ - Running validation... 
 Generating 4 images with prompt:wet.
11/17/2024 16:57:19 - INFO - root - Image have been saved in /shenzihe/WD-Disk/output/exp3/backpack_dog/checkpoint-100/images/wet/
11/17/2024 16:57:33 - INFO - root - Image have been saved in /shenzihe/WD-Disk/output/exp3/backpack_dog/checkpoint-100/images/wet/
11/17/2024 16:57:46 - INFO - root - Image have been saved in /shenzihe/WD-Disk/output/exp3/backpack_dog/checkpoint-100/images/wet/
11/17/2024 16:58:00 - INFO - root - Image have been saved in /shenzihe/WD-Disk/output/exp3/backpack_dog/checkpoint-100/images/wet/
11/17/2024 16:58:00 - INFO - __main__ - Running validation... 
 Generating 4 images with prompt:cube shaped.
11/17/2024 16:58:14 - INFO - root - Image have been saved in /shenzihe/WD-Disk/output/exp3/backpack_dog/checkpoint-100/images/cube_shaped/
11/17/2024 16:58:27 - INFO - root - Image have been saved in /shenzihe/WD-Disk/output/exp3/backpack_dog/checkpoint-100/images/cube_shaped/
11/17/2024 16:58:41 - INFO - root - Image have been saved in /shenzihe/WD-Disk/output/exp3/backpack_dog/checkpoint-100/images/cube_shaped/
11/17/2024 16:58:55 - INFO - root - Image have been saved in /shenzihe/WD-Disk/output/exp3/backpack_dog/checkpoint-100/images/cube_shaped/
