11/17/2024 19:25:29 - INFO - __main__ - Distributed environment: NO
Num processes: 1
Process index: 0
Local process index: 0
Device: cuda

Mixed precision type: no

11/17/2024 19:25:32 - INFO - root - freeze vision encoder
11/17/2024 19:25:42 - INFO - root - Loading pretrained model from /root/.cache/torch/hub/checkpoints/blip-diffusion
11/17/2024 19:25:42 - INFO - root - Loading pretrained BLIP2 Qformer weights.
11/17/2024 19:25:44 - INFO - root - Loading pretrained projection lyer weights.
11/17/2024 19:25:44 - INFO - root - Loading pretrained text encoder weights.
11/17/2024 19:25:45 - INFO - root - Loading pretrained vae weights.
11/17/2024 19:25:45 - INFO - root - Loading pretrained unet weights.
11/17/2024 19:25:53 - INFO - root - Using xformers.
11/17/2024 19:25:53 - INFO - root - Building datasets...
11/17/2024 19:26:04 - INFO - root - freeze vision encoder
11/17/2024 19:26:37 - INFO - root - load checkpoint from https://storage.googleapis.com/sfr-vision-language-research/LAVIS/models/BLIP2/blip2_pretrained_flant5xl.pth
11/17/2024 19:26:39 - INFO - __main__ - 
***** Running training *****
11/17/2024 19:26:39 - INFO - __main__ -   Num examples = 5
11/17/2024 19:26:39 - INFO - __main__ -   Num batches each epoch = 2
11/17/2024 19:26:39 - INFO - __main__ -   Num Epochs = 50
11/17/2024 19:26:39 - INFO - __main__ -   Instantaneous batch size per device = 3
11/17/2024 19:26:39 - INFO - __main__ -   Total train batch size (w. parallel, distributed & accumulation) = 3
11/17/2024 19:26:39 - INFO - __main__ -   Gradient Accumulation steps = 1
11/17/2024 19:26:39 - INFO - __main__ -   Total optimization steps = 100
11/17/2024 19:32:39 - INFO - __main__ - Running validation... 
 Generating 4 images with prompt:in the jungle.
11/17/2024 19:32:56 - INFO - root - Image have been saved in /shenzihe/WD-Disk/output/exp3/cat2/checkpoint-100/images/in_the_jungle/
11/17/2024 19:33:10 - INFO - root - Image have been saved in /shenzihe/WD-Disk/output/exp3/cat2/checkpoint-100/images/in_the_jungle/
11/17/2024 19:33:23 - INFO - root - Image have been saved in /shenzihe/WD-Disk/output/exp3/cat2/checkpoint-100/images/in_the_jungle/
11/17/2024 19:33:37 - INFO - root - Image have been saved in /shenzihe/WD-Disk/output/exp3/cat2/checkpoint-100/images/in_the_jungle/
11/17/2024 19:33:37 - INFO - __main__ - Running validation... 
 Generating 4 images with prompt:in the snow.
11/17/2024 19:33:51 - INFO - root - Image have been saved in /shenzihe/WD-Disk/output/exp3/cat2/checkpoint-100/images/in_the_snow/
11/17/2024 19:34:05 - INFO - root - Image have been saved in /shenzihe/WD-Disk/output/exp3/cat2/checkpoint-100/images/in_the_snow/
11/17/2024 19:34:18 - INFO - root - Image have been saved in /shenzihe/WD-Disk/output/exp3/cat2/checkpoint-100/images/in_the_snow/
11/17/2024 19:34:32 - INFO - root - Image have been saved in /shenzihe/WD-Disk/output/exp3/cat2/checkpoint-100/images/in_the_snow/
11/17/2024 19:34:32 - INFO - __main__ - Running validation... 
 Generating 4 images with prompt:on the beach.
11/17/2024 19:34:45 - INFO - root - Image have been saved in /shenzihe/WD-Disk/output/exp3/cat2/checkpoint-100/images/on_the_beach/
11/17/2024 19:34:59 - INFO - root - Image have been saved in /shenzihe/WD-Disk/output/exp3/cat2/checkpoint-100/images/on_the_beach/
11/17/2024 19:35:12 - INFO - root - Image have been saved in /shenzihe/WD-Disk/output/exp3/cat2/checkpoint-100/images/on_the_beach/
11/17/2024 19:35:26 - INFO - root - Image have been saved in /shenzihe/WD-Disk/output/exp3/cat2/checkpoint-100/images/on_the_beach/
11/17/2024 19:35:26 - INFO - __main__ - Running validation... 
 Generating 4 images with prompt:on a cobblestone street.
11/17/2024 19:35:40 - INFO - root - Image have been saved in /shenzihe/WD-Disk/output/exp3/cat2/checkpoint-100/images/on_a_cobblestone_street/
11/17/2024 19:35:53 - INFO - root - Image have been saved in /shenzihe/WD-Disk/output/exp3/cat2/checkpoint-100/images/on_a_cobblestone_street/
11/17/2024 19:36:07 - INFO - root - Image have been saved in /shenzihe/WD-Disk/output/exp3/cat2/checkpoint-100/images/on_a_cobblestone_street/
11/17/2024 19:36:20 - INFO - root - Image have been saved in /shenzihe/WD-Disk/output/exp3/cat2/checkpoint-100/images/on_a_cobblestone_street/
11/17/2024 19:36:20 - INFO - __main__ - Running validation... 
 Generating 4 images with prompt:on top of pink fabric.
11/17/2024 19:36:34 - INFO - root - Image have been saved in /shenzihe/WD-Disk/output/exp3/cat2/checkpoint-100/images/on_top_of_pink_fabric/
11/17/2024 19:36:48 - INFO - root - Image have been saved in /shenzihe/WD-Disk/output/exp3/cat2/checkpoint-100/images/on_top_of_pink_fabric/
11/17/2024 19:37:01 - INFO - root - Image have been saved in /shenzihe/WD-Disk/output/exp3/cat2/checkpoint-100/images/on_top_of_pink_fabric/
11/17/2024 19:37:15 - INFO - root - Image have been saved in /shenzihe/WD-Disk/output/exp3/cat2/checkpoint-100/images/on_top_of_pink_fabric/
11/17/2024 19:37:15 - INFO - __main__ - Running validation... 
 Generating 4 images with prompt:on top of a wooden floor.
11/17/2024 19:37:29 - INFO - root - Image have been saved in /shenzihe/WD-Disk/output/exp3/cat2/checkpoint-100/images/on_top_of_a_wooden_floor/
11/17/2024 19:37:42 - INFO - root - Image have been saved in /shenzihe/WD-Disk/output/exp3/cat2/checkpoint-100/images/on_top_of_a_wooden_floor/
11/17/2024 19:37:56 - INFO - root - Image have been saved in /shenzihe/WD-Disk/output/exp3/cat2/checkpoint-100/images/on_top_of_a_wooden_floor/
11/17/2024 19:38:10 - INFO - root - Image have been saved in /shenzihe/WD-Disk/output/exp3/cat2/checkpoint-100/images/on_top_of_a_wooden_floor/
11/17/2024 19:38:10 - INFO - __main__ - Running validation... 
 Generating 4 images with prompt:with a city in the background.
11/17/2024 19:38:23 - INFO - root - Image have been saved in /shenzihe/WD-Disk/output/exp3/cat2/checkpoint-100/images/with_a_city_in_the_background/
11/17/2024 19:38:37 - INFO - root - Image have been saved in /shenzihe/WD-Disk/output/exp3/cat2/checkpoint-100/images/with_a_city_in_the_background/
11/17/2024 19:38:50 - INFO - root - Image have been saved in /shenzihe/WD-Disk/output/exp3/cat2/checkpoint-100/images/with_a_city_in_the_background/
11/17/2024 19:39:04 - INFO - root - Image have been saved in /shenzihe/WD-Disk/output/exp3/cat2/checkpoint-100/images/with_a_city_in_the_background/
11/17/2024 19:39:04 - INFO - __main__ - Running validation... 
 Generating 4 images with prompt:with a mountain in the background.
11/17/2024 19:39:18 - INFO - root - Image have been saved in /shenzihe/WD-Disk/output/exp3/cat2/checkpoint-100/images/with_a_mountain_in_the_background/
11/17/2024 19:39:31 - INFO - root - Image have been saved in /shenzihe/WD-Disk/output/exp3/cat2/checkpoint-100/images/with_a_mountain_in_the_background/
11/17/2024 19:39:45 - INFO - root - Image have been saved in /shenzihe/WD-Disk/output/exp3/cat2/checkpoint-100/images/with_a_mountain_in_the_background/
11/17/2024 19:39:58 - INFO - root - Image have been saved in /shenzihe/WD-Disk/output/exp3/cat2/checkpoint-100/images/with_a_mountain_in_the_background/
11/17/2024 19:39:58 - INFO - __main__ - Running validation... 
 Generating 4 images with prompt:with a blue house in the background.
11/17/2024 19:40:12 - INFO - root - Image have been saved in /shenzihe/WD-Disk/output/exp3/cat2/checkpoint-100/images/with_a_blue_house_in_the_background/
11/17/2024 19:40:26 - INFO - root - Image have been saved in /shenzihe/WD-Disk/output/exp3/cat2/checkpoint-100/images/with_a_blue_house_in_the_background/
11/17/2024 19:40:39 - INFO - root - Image have been saved in /shenzihe/WD-Disk/output/exp3/cat2/checkpoint-100/images/with_a_blue_house_in_the_background/
11/17/2024 19:40:53 - INFO - root - Image have been saved in /shenzihe/WD-Disk/output/exp3/cat2/checkpoint-100/images/with_a_blue_house_in_the_background/
11/17/2024 19:40:53 - INFO - __main__ - Running validation... 
 Generating 4 images with prompt:on top of a purple rug in a forest.
11/17/2024 19:41:06 - INFO - root - Image have been saved in /shenzihe/WD-Disk/output/exp3/cat2/checkpoint-100/images/on_top_of_a_purple_rug_in_a_forest/
11/17/2024 19:41:20 - INFO - root - Image have been saved in /shenzihe/WD-Disk/output/exp3/cat2/checkpoint-100/images/on_top_of_a_purple_rug_in_a_forest/
11/17/2024 19:41:34 - INFO - root - Image have been saved in /shenzihe/WD-Disk/output/exp3/cat2/checkpoint-100/images/on_top_of_a_purple_rug_in_a_forest/
11/17/2024 19:41:47 - INFO - root - Image have been saved in /shenzihe/WD-Disk/output/exp3/cat2/checkpoint-100/images/on_top_of_a_purple_rug_in_a_forest/
11/17/2024 19:41:47 - INFO - __main__ - Running validation... 
 Generating 4 images with prompt:with a wheat field in the background.
11/17/2024 19:42:01 - INFO - root - Image have been saved in /shenzihe/WD-Disk/output/exp3/cat2/checkpoint-100/images/with_a_wheat_field_in_the_background/
11/17/2024 19:42:14 - INFO - root - Image have been saved in /shenzihe/WD-Disk/output/exp3/cat2/checkpoint-100/images/with_a_wheat_field_in_the_background/
11/17/2024 19:42:28 - INFO - root - Image have been saved in /shenzihe/WD-Disk/output/exp3/cat2/checkpoint-100/images/with_a_wheat_field_in_the_background/
11/17/2024 19:42:42 - INFO - root - Image have been saved in /shenzihe/WD-Disk/output/exp3/cat2/checkpoint-100/images/with_a_wheat_field_in_the_background/
11/17/2024 19:42:42 - INFO - __main__ - Running validation... 
 Generating 4 images with prompt:with a tree and autumn leaves in the background.
11/17/2024 19:42:55 - INFO - root - Image have been saved in /shenzihe/WD-Disk/output/exp3/cat2/checkpoint-100/images/with_a_tree_and_autumn_leaves_in_the_background/
11/17/2024 19:43:09 - INFO - root - Image have been saved in /shenzihe/WD-Disk/output/exp3/cat2/checkpoint-100/images/with_a_tree_and_autumn_leaves_in_the_background/
11/17/2024 19:43:22 - INFO - root - Image have been saved in /shenzihe/WD-Disk/output/exp3/cat2/checkpoint-100/images/with_a_tree_and_autumn_leaves_in_the_background/
11/17/2024 19:43:36 - INFO - root - Image have been saved in /shenzihe/WD-Disk/output/exp3/cat2/checkpoint-100/images/with_a_tree_and_autumn_leaves_in_the_background/
11/17/2024 19:43:36 - INFO - __main__ - Running validation... 
 Generating 4 images with prompt:with the Eiffel Tower in the background.
11/17/2024 19:43:50 - INFO - root - Image have been saved in /shenzihe/WD-Disk/output/exp3/cat2/checkpoint-100/images/with_the_Eiffel_Tower_in_the_background/
11/17/2024 19:44:03 - INFO - root - Image have been saved in /shenzihe/WD-Disk/output/exp3/cat2/checkpoint-100/images/with_the_Eiffel_Tower_in_the_background/
11/17/2024 19:44:17 - INFO - root - Image have been saved in /shenzihe/WD-Disk/output/exp3/cat2/checkpoint-100/images/with_the_Eiffel_Tower_in_the_background/
11/17/2024 19:44:30 - INFO - root - Image have been saved in /shenzihe/WD-Disk/output/exp3/cat2/checkpoint-100/images/with_the_Eiffel_Tower_in_the_background/
11/17/2024 19:44:30 - INFO - __main__ - Running validation... 
 Generating 4 images with prompt:floating on top of water.
11/17/2024 19:44:44 - INFO - root - Image have been saved in /shenzihe/WD-Disk/output/exp3/cat2/checkpoint-100/images/floating_on_top_of_water/
11/17/2024 19:44:58 - INFO - root - Image have been saved in /shenzihe/WD-Disk/output/exp3/cat2/checkpoint-100/images/floating_on_top_of_water/
11/17/2024 19:45:11 - INFO - root - Image have been saved in /shenzihe/WD-Disk/output/exp3/cat2/checkpoint-100/images/floating_on_top_of_water/
11/17/2024 19:45:25 - INFO - root - Image have been saved in /shenzihe/WD-Disk/output/exp3/cat2/checkpoint-100/images/floating_on_top_of_water/
11/17/2024 19:45:25 - INFO - __main__ - Running validation... 
 Generating 4 images with prompt:floating in an ocean of milk.
11/17/2024 19:45:39 - INFO - root - Image have been saved in /shenzihe/WD-Disk/output/exp3/cat2/checkpoint-100/images/floating_in_an_ocean_of_milk/
11/17/2024 19:45:52 - INFO - root - Image have been saved in /shenzihe/WD-Disk/output/exp3/cat2/checkpoint-100/images/floating_in_an_ocean_of_milk/
11/17/2024 19:46:06 - INFO - root - Image have been saved in /shenzihe/WD-Disk/output/exp3/cat2/checkpoint-100/images/floating_in_an_ocean_of_milk/
11/17/2024 19:46:20 - INFO - root - Image have been saved in /shenzihe/WD-Disk/output/exp3/cat2/checkpoint-100/images/floating_in_an_ocean_of_milk/
11/17/2024 19:46:20 - INFO - __main__ - Running validation... 
 Generating 4 images with prompt:on top of green grass with sunflowers around it.
11/17/2024 19:46:33 - INFO - root - Image have been saved in /shenzihe/WD-Disk/output/exp3/cat2/checkpoint-100/images/on_top_of_green_grass_with_sunflowers_around_it/
11/17/2024 19:46:47 - INFO - root - Image have been saved in /shenzihe/WD-Disk/output/exp3/cat2/checkpoint-100/images/on_top_of_green_grass_with_sunflowers_around_it/
11/17/2024 19:47:00 - INFO - root - Image have been saved in /shenzihe/WD-Disk/output/exp3/cat2/checkpoint-100/images/on_top_of_green_grass_with_sunflowers_around_it/
11/17/2024 19:47:14 - INFO - root - Image have been saved in /shenzihe/WD-Disk/output/exp3/cat2/checkpoint-100/images/on_top_of_green_grass_with_sunflowers_around_it/
11/17/2024 19:47:14 - INFO - __main__ - Running validation... 
 Generating 4 images with prompt:on top of a mirror.
11/17/2024 19:47:27 - INFO - root - Image have been saved in /shenzihe/WD-Disk/output/exp3/cat2/checkpoint-100/images/on_top_of_a_mirror/
11/17/2024 19:47:41 - INFO - root - Image have been saved in /shenzihe/WD-Disk/output/exp3/cat2/checkpoint-100/images/on_top_of_a_mirror/
11/17/2024 19:47:55 - INFO - root - Image have been saved in /shenzihe/WD-Disk/output/exp3/cat2/checkpoint-100/images/on_top_of_a_mirror/
11/17/2024 19:48:08 - INFO - root - Image have been saved in /shenzihe/WD-Disk/output/exp3/cat2/checkpoint-100/images/on_top_of_a_mirror/
11/17/2024 19:48:08 - INFO - __main__ - Running validation... 
 Generating 4 images with prompt:on top of the sidewalk in a crowded street.
11/17/2024 19:48:22 - INFO - root - Image have been saved in /shenzihe/WD-Disk/output/exp3/cat2/checkpoint-100/images/on_top_of_the_sidewalk_in_a_crowded_street/
11/17/2024 19:48:35 - INFO - root - Image have been saved in /shenzihe/WD-Disk/output/exp3/cat2/checkpoint-100/images/on_top_of_the_sidewalk_in_a_crowded_street/
11/17/2024 19:48:49 - INFO - root - Image have been saved in /shenzihe/WD-Disk/output/exp3/cat2/checkpoint-100/images/on_top_of_the_sidewalk_in_a_crowded_street/
11/17/2024 19:49:03 - INFO - root - Image have been saved in /shenzihe/WD-Disk/output/exp3/cat2/checkpoint-100/images/on_top_of_the_sidewalk_in_a_crowded_street/
11/17/2024 19:49:03 - INFO - __main__ - Running validation... 
 Generating 4 images with prompt:on top of a dirt road.
11/17/2024 19:49:16 - INFO - root - Image have been saved in /shenzihe/WD-Disk/output/exp3/cat2/checkpoint-100/images/on_top_of_a_dirt_road/
11/17/2024 19:49:30 - INFO - root - Image have been saved in /shenzihe/WD-Disk/output/exp3/cat2/checkpoint-100/images/on_top_of_a_dirt_road/
11/17/2024 19:49:43 - INFO - root - Image have been saved in /shenzihe/WD-Disk/output/exp3/cat2/checkpoint-100/images/on_top_of_a_dirt_road/
11/17/2024 19:49:57 - INFO - root - Image have been saved in /shenzihe/WD-Disk/output/exp3/cat2/checkpoint-100/images/on_top_of_a_dirt_road/
11/17/2024 19:49:57 - INFO - __main__ - Running validation... 
 Generating 4 images with prompt:on top of a white rug.
11/17/2024 19:50:11 - INFO - root - Image have been saved in /shenzihe/WD-Disk/output/exp3/cat2/checkpoint-100/images/on_top_of_a_white_rug/
11/17/2024 19:50:24 - INFO - root - Image have been saved in /shenzihe/WD-Disk/output/exp3/cat2/checkpoint-100/images/on_top_of_a_white_rug/
11/17/2024 19:50:38 - INFO - root - Image have been saved in /shenzihe/WD-Disk/output/exp3/cat2/checkpoint-100/images/on_top_of_a_white_rug/
11/17/2024 19:50:51 - INFO - root - Image have been saved in /shenzihe/WD-Disk/output/exp3/cat2/checkpoint-100/images/on_top_of_a_white_rug/
11/17/2024 19:50:51 - INFO - __main__ - Running validation... 
 Generating 4 images with prompt:red.
11/17/2024 19:51:05 - INFO - root - Image have been saved in /shenzihe/WD-Disk/output/exp3/cat2/checkpoint-100/images/red/
11/17/2024 19:51:18 - INFO - root - Image have been saved in /shenzihe/WD-Disk/output/exp3/cat2/checkpoint-100/images/red/
11/17/2024 19:51:32 - INFO - root - Image have been saved in /shenzihe/WD-Disk/output/exp3/cat2/checkpoint-100/images/red/
11/17/2024 19:51:46 - INFO - root - Image have been saved in /shenzihe/WD-Disk/output/exp3/cat2/checkpoint-100/images/red/
11/17/2024 19:51:46 - INFO - __main__ - Running validation... 
 Generating 4 images with prompt:purple.
11/17/2024 19:51:59 - INFO - root - Image have been saved in /shenzihe/WD-Disk/output/exp3/cat2/checkpoint-100/images/purple/
11/17/2024 19:52:13 - INFO - root - Image have been saved in /shenzihe/WD-Disk/output/exp3/cat2/checkpoint-100/images/purple/
11/17/2024 19:52:26 - INFO - root - Image have been saved in /shenzihe/WD-Disk/output/exp3/cat2/checkpoint-100/images/purple/
11/17/2024 19:52:40 - INFO - root - Image have been saved in /shenzihe/WD-Disk/output/exp3/cat2/checkpoint-100/images/purple/
11/17/2024 19:52:40 - INFO - __main__ - Running validation... 
 Generating 4 images with prompt:shiny.
11/17/2024 19:52:53 - INFO - root - Image have been saved in /shenzihe/WD-Disk/output/exp3/cat2/checkpoint-100/images/shiny/
11/17/2024 19:53:07 - INFO - root - Image have been saved in /shenzihe/WD-Disk/output/exp3/cat2/checkpoint-100/images/shiny/
11/17/2024 19:53:21 - INFO - root - Image have been saved in /shenzihe/WD-Disk/output/exp3/cat2/checkpoint-100/images/shiny/
11/17/2024 19:53:34 - INFO - root - Image have been saved in /shenzihe/WD-Disk/output/exp3/cat2/checkpoint-100/images/shiny/
11/17/2024 19:53:34 - INFO - __main__ - Running validation... 
 Generating 4 images with prompt:wet.
11/17/2024 19:53:48 - INFO - root - Image have been saved in /shenzihe/WD-Disk/output/exp3/cat2/checkpoint-100/images/wet/
11/17/2024 19:54:01 - INFO - root - Image have been saved in /shenzihe/WD-Disk/output/exp3/cat2/checkpoint-100/images/wet/
11/17/2024 19:54:15 - INFO - root - Image have been saved in /shenzihe/WD-Disk/output/exp3/cat2/checkpoint-100/images/wet/
11/17/2024 19:54:29 - INFO - root - Image have been saved in /shenzihe/WD-Disk/output/exp3/cat2/checkpoint-100/images/wet/
11/17/2024 19:54:29 - INFO - __main__ - Running validation... 
 Generating 4 images with prompt:cube shaped.
11/17/2024 19:54:42 - INFO - root - Image have been saved in /shenzihe/WD-Disk/output/exp3/cat2/checkpoint-100/images/cube_shaped/
11/17/2024 19:54:56 - INFO - root - Image have been saved in /shenzihe/WD-Disk/output/exp3/cat2/checkpoint-100/images/cube_shaped/
11/17/2024 19:55:10 - INFO - root - Image have been saved in /shenzihe/WD-Disk/output/exp3/cat2/checkpoint-100/images/cube_shaped/
11/17/2024 19:55:23 - INFO - root - Image have been saved in /shenzihe/WD-Disk/output/exp3/cat2/checkpoint-100/images/cube_shaped/
