11/14/2024 20:53:07 - INFO - __main__ - Distributed environment: NO
Num processes: 1
Process index: 0
Local process index: 0
Device: cuda

Mixed precision type: no

11/14/2024 20:53:10 - INFO - root - freeze vision encoder
11/14/2024 20:53:20 - INFO - root - Loading pretrained model from /root/.cache/torch/hub/checkpoints/blip-diffusion
11/14/2024 20:53:20 - INFO - root - Loading pretrained BLIP2 Qformer weights.
11/14/2024 20:53:22 - INFO - root - Loading pretrained projection lyer weights.
11/14/2024 20:53:22 - INFO - root - Loading pretrained text encoder weights.
11/14/2024 20:53:23 - INFO - root - Loading pretrained vae weights.
11/14/2024 20:53:23 - INFO - root - Loading pretrained unet weights.
11/14/2024 20:53:31 - INFO - root - Using xformers.
11/14/2024 20:53:31 - INFO - root - Building datasets...
11/14/2024 20:53:41 - INFO - root - freeze vision encoder
11/14/2024 20:54:19 - INFO - root - load checkpoint from https://storage.googleapis.com/sfr-vision-language-research/LAVIS/models/BLIP2/blip2_pretrained_flant5xl.pth
11/14/2024 20:54:21 - INFO - __main__ - 
***** Running training *****
11/14/2024 20:54:21 - INFO - __main__ -   Num examples = 5
11/14/2024 20:54:21 - INFO - __main__ -   Num batches each epoch = 2
11/14/2024 20:54:21 - INFO - __main__ -   Num Epochs = 50
11/14/2024 20:54:21 - INFO - __main__ -   Instantaneous batch size per device = 3
11/14/2024 20:54:21 - INFO - __main__ -   Total train batch size (w. parallel, distributed & accumulation) = 3
11/14/2024 20:54:21 - INFO - __main__ -   Gradient Accumulation steps = 1
11/14/2024 20:54:21 - INFO - __main__ -   Total optimization steps = 100
11/14/2024 20:59:35 - INFO - __main__ - Running validation... 
 Generating 4 images with prompt:in the jungle.
11/14/2024 20:59:49 - INFO - root - Image have been saved in /shenzihe/WD-Disk/output/exp/teapot/checkpoint-100/images/in_the_jungle/
11/14/2024 21:00:03 - INFO - root - Image have been saved in /shenzihe/WD-Disk/output/exp/teapot/checkpoint-100/images/in_the_jungle/
11/14/2024 21:00:16 - INFO - root - Image have been saved in /shenzihe/WD-Disk/output/exp/teapot/checkpoint-100/images/in_the_jungle/
11/14/2024 21:00:30 - INFO - root - Image have been saved in /shenzihe/WD-Disk/output/exp/teapot/checkpoint-100/images/in_the_jungle/
11/14/2024 21:00:30 - INFO - __main__ - Running validation... 
 Generating 4 images with prompt:in the snow.
11/14/2024 21:00:44 - INFO - root - Image have been saved in /shenzihe/WD-Disk/output/exp/teapot/checkpoint-100/images/in_the_snow/
11/14/2024 21:00:57 - INFO - root - Image have been saved in /shenzihe/WD-Disk/output/exp/teapot/checkpoint-100/images/in_the_snow/
11/14/2024 21:01:11 - INFO - root - Image have been saved in /shenzihe/WD-Disk/output/exp/teapot/checkpoint-100/images/in_the_snow/
11/14/2024 21:01:24 - INFO - root - Image have been saved in /shenzihe/WD-Disk/output/exp/teapot/checkpoint-100/images/in_the_snow/
11/14/2024 21:01:24 - INFO - __main__ - Running validation... 
 Generating 4 images with prompt:on the beach.
11/14/2024 21:01:37 - INFO - root - Image have been saved in /shenzihe/WD-Disk/output/exp/teapot/checkpoint-100/images/on_the_beach/
11/14/2024 21:01:51 - INFO - root - Image have been saved in /shenzihe/WD-Disk/output/exp/teapot/checkpoint-100/images/on_the_beach/
11/14/2024 21:02:04 - INFO - root - Image have been saved in /shenzihe/WD-Disk/output/exp/teapot/checkpoint-100/images/on_the_beach/
11/14/2024 21:02:17 - INFO - root - Image have been saved in /shenzihe/WD-Disk/output/exp/teapot/checkpoint-100/images/on_the_beach/
11/14/2024 21:02:17 - INFO - __main__ - Running validation... 
 Generating 4 images with prompt:on a cobblestone street.
11/14/2024 21:02:31 - INFO - root - Image have been saved in /shenzihe/WD-Disk/output/exp/teapot/checkpoint-100/images/on_a_cobblestone_street/
11/14/2024 21:02:44 - INFO - root - Image have been saved in /shenzihe/WD-Disk/output/exp/teapot/checkpoint-100/images/on_a_cobblestone_street/
11/14/2024 21:02:57 - INFO - root - Image have been saved in /shenzihe/WD-Disk/output/exp/teapot/checkpoint-100/images/on_a_cobblestone_street/
11/14/2024 21:03:11 - INFO - root - Image have been saved in /shenzihe/WD-Disk/output/exp/teapot/checkpoint-100/images/on_a_cobblestone_street/
11/14/2024 21:03:11 - INFO - __main__ - Running validation... 
 Generating 4 images with prompt:on top of pink fabric.
11/14/2024 21:03:24 - INFO - root - Image have been saved in /shenzihe/WD-Disk/output/exp/teapot/checkpoint-100/images/on_top_of_pink_fabric/
11/14/2024 21:03:38 - INFO - root - Image have been saved in /shenzihe/WD-Disk/output/exp/teapot/checkpoint-100/images/on_top_of_pink_fabric/
11/14/2024 21:03:51 - INFO - root - Image have been saved in /shenzihe/WD-Disk/output/exp/teapot/checkpoint-100/images/on_top_of_pink_fabric/
11/14/2024 21:04:04 - INFO - root - Image have been saved in /shenzihe/WD-Disk/output/exp/teapot/checkpoint-100/images/on_top_of_pink_fabric/
11/14/2024 21:04:04 - INFO - __main__ - Running validation... 
 Generating 4 images with prompt:on top of a wooden floor.
11/14/2024 21:04:18 - INFO - root - Image have been saved in /shenzihe/WD-Disk/output/exp/teapot/checkpoint-100/images/on_top_of_a_wooden_floor/
11/14/2024 21:04:31 - INFO - root - Image have been saved in /shenzihe/WD-Disk/output/exp/teapot/checkpoint-100/images/on_top_of_a_wooden_floor/
11/14/2024 21:04:44 - INFO - root - Image have been saved in /shenzihe/WD-Disk/output/exp/teapot/checkpoint-100/images/on_top_of_a_wooden_floor/
11/14/2024 21:04:58 - INFO - root - Image have been saved in /shenzihe/WD-Disk/output/exp/teapot/checkpoint-100/images/on_top_of_a_wooden_floor/
11/14/2024 21:04:58 - INFO - __main__ - Running validation... 
 Generating 4 images with prompt:with a city in the background.
11/14/2024 21:05:11 - INFO - root - Image have been saved in /shenzihe/WD-Disk/output/exp/teapot/checkpoint-100/images/with_a_city_in_the_background/
11/14/2024 21:05:24 - INFO - root - Image have been saved in /shenzihe/WD-Disk/output/exp/teapot/checkpoint-100/images/with_a_city_in_the_background/
11/14/2024 21:05:38 - INFO - root - Image have been saved in /shenzihe/WD-Disk/output/exp/teapot/checkpoint-100/images/with_a_city_in_the_background/
11/14/2024 21:05:51 - INFO - root - Image have been saved in /shenzihe/WD-Disk/output/exp/teapot/checkpoint-100/images/with_a_city_in_the_background/
11/14/2024 21:05:51 - INFO - __main__ - Running validation... 
 Generating 4 images with prompt:with a mountain in the background.
11/14/2024 21:06:04 - INFO - root - Image have been saved in /shenzihe/WD-Disk/output/exp/teapot/checkpoint-100/images/with_a_mountain_in_the_background/
11/14/2024 21:06:18 - INFO - root - Image have been saved in /shenzihe/WD-Disk/output/exp/teapot/checkpoint-100/images/with_a_mountain_in_the_background/
11/14/2024 21:06:31 - INFO - root - Image have been saved in /shenzihe/WD-Disk/output/exp/teapot/checkpoint-100/images/with_a_mountain_in_the_background/
11/14/2024 21:06:44 - INFO - root - Image have been saved in /shenzihe/WD-Disk/output/exp/teapot/checkpoint-100/images/with_a_mountain_in_the_background/
11/14/2024 21:06:44 - INFO - __main__ - Running validation... 
 Generating 4 images with prompt:with a blue house in the background.
11/14/2024 21:06:58 - INFO - root - Image have been saved in /shenzihe/WD-Disk/output/exp/teapot/checkpoint-100/images/with_a_blue_house_in_the_background/
11/14/2024 21:07:11 - INFO - root - Image have been saved in /shenzihe/WD-Disk/output/exp/teapot/checkpoint-100/images/with_a_blue_house_in_the_background/
11/14/2024 21:07:24 - INFO - root - Image have been saved in /shenzihe/WD-Disk/output/exp/teapot/checkpoint-100/images/with_a_blue_house_in_the_background/
11/14/2024 21:07:38 - INFO - root - Image have been saved in /shenzihe/WD-Disk/output/exp/teapot/checkpoint-100/images/with_a_blue_house_in_the_background/
11/14/2024 21:07:38 - INFO - __main__ - Running validation... 
 Generating 4 images with prompt:on top of a purple rug in a forest.
11/14/2024 21:07:51 - INFO - root - Image have been saved in /shenzihe/WD-Disk/output/exp/teapot/checkpoint-100/images/on_top_of_a_purple_rug_in_a_forest/
11/14/2024 21:08:04 - INFO - root - Image have been saved in /shenzihe/WD-Disk/output/exp/teapot/checkpoint-100/images/on_top_of_a_purple_rug_in_a_forest/
11/14/2024 21:08:18 - INFO - root - Image have been saved in /shenzihe/WD-Disk/output/exp/teapot/checkpoint-100/images/on_top_of_a_purple_rug_in_a_forest/
11/14/2024 21:08:31 - INFO - root - Image have been saved in /shenzihe/WD-Disk/output/exp/teapot/checkpoint-100/images/on_top_of_a_purple_rug_in_a_forest/
11/14/2024 21:08:31 - INFO - __main__ - Running validation... 
 Generating 4 images with prompt:with a wheat field in the background.
11/14/2024 21:08:44 - INFO - root - Image have been saved in /shenzihe/WD-Disk/output/exp/teapot/checkpoint-100/images/with_a_wheat_field_in_the_background/
11/14/2024 21:08:58 - INFO - root - Image have been saved in /shenzihe/WD-Disk/output/exp/teapot/checkpoint-100/images/with_a_wheat_field_in_the_background/
11/14/2024 21:09:11 - INFO - root - Image have been saved in /shenzihe/WD-Disk/output/exp/teapot/checkpoint-100/images/with_a_wheat_field_in_the_background/
11/14/2024 21:09:24 - INFO - root - Image have been saved in /shenzihe/WD-Disk/output/exp/teapot/checkpoint-100/images/with_a_wheat_field_in_the_background/
11/14/2024 21:09:24 - INFO - __main__ - Running validation... 
 Generating 4 images with prompt:with a tree and autumn leaves in the background.
11/14/2024 21:09:38 - INFO - root - Image have been saved in /shenzihe/WD-Disk/output/exp/teapot/checkpoint-100/images/with_a_tree_and_autumn_leaves_in_the_background/
11/14/2024 21:09:51 - INFO - root - Image have been saved in /shenzihe/WD-Disk/output/exp/teapot/checkpoint-100/images/with_a_tree_and_autumn_leaves_in_the_background/
11/14/2024 21:10:04 - INFO - root - Image have been saved in /shenzihe/WD-Disk/output/exp/teapot/checkpoint-100/images/with_a_tree_and_autumn_leaves_in_the_background/
11/14/2024 21:10:18 - INFO - root - Image have been saved in /shenzihe/WD-Disk/output/exp/teapot/checkpoint-100/images/with_a_tree_and_autumn_leaves_in_the_background/
11/14/2024 21:10:18 - INFO - __main__ - Running validation... 
 Generating 4 images with prompt:with the Eiffel Tower in the background.
11/14/2024 21:10:31 - INFO - root - Image have been saved in /shenzihe/WD-Disk/output/exp/teapot/checkpoint-100/images/with_the_Eiffel_Tower_in_the_background/
11/14/2024 21:10:44 - INFO - root - Image have been saved in /shenzihe/WD-Disk/output/exp/teapot/checkpoint-100/images/with_the_Eiffel_Tower_in_the_background/
11/14/2024 21:10:58 - INFO - root - Image have been saved in /shenzihe/WD-Disk/output/exp/teapot/checkpoint-100/images/with_the_Eiffel_Tower_in_the_background/
11/14/2024 21:11:11 - INFO - root - Image have been saved in /shenzihe/WD-Disk/output/exp/teapot/checkpoint-100/images/with_the_Eiffel_Tower_in_the_background/
11/14/2024 21:11:11 - INFO - __main__ - Running validation... 
 Generating 4 images with prompt:floating on top of water.
11/14/2024 21:11:25 - INFO - root - Image have been saved in /shenzihe/WD-Disk/output/exp/teapot/checkpoint-100/images/floating_on_top_of_water/
11/14/2024 21:11:38 - INFO - root - Image have been saved in /shenzihe/WD-Disk/output/exp/teapot/checkpoint-100/images/floating_on_top_of_water/
11/14/2024 21:11:51 - INFO - root - Image have been saved in /shenzihe/WD-Disk/output/exp/teapot/checkpoint-100/images/floating_on_top_of_water/
11/14/2024 21:12:05 - INFO - root - Image have been saved in /shenzihe/WD-Disk/output/exp/teapot/checkpoint-100/images/floating_on_top_of_water/
11/14/2024 21:12:05 - INFO - __main__ - Running validation... 
 Generating 4 images with prompt:floating in an ocean of milk.
11/14/2024 21:12:18 - INFO - root - Image have been saved in /shenzihe/WD-Disk/output/exp/teapot/checkpoint-100/images/floating_in_an_ocean_of_milk/
11/14/2024 21:12:31 - INFO - root - Image have been saved in /shenzihe/WD-Disk/output/exp/teapot/checkpoint-100/images/floating_in_an_ocean_of_milk/
11/14/2024 21:12:45 - INFO - root - Image have been saved in /shenzihe/WD-Disk/output/exp/teapot/checkpoint-100/images/floating_in_an_ocean_of_milk/
11/14/2024 21:12:58 - INFO - root - Image have been saved in /shenzihe/WD-Disk/output/exp/teapot/checkpoint-100/images/floating_in_an_ocean_of_milk/
11/14/2024 21:12:58 - INFO - __main__ - Running validation... 
 Generating 4 images with prompt:on top of green grass with sunflowers around it.
11/14/2024 21:13:11 - INFO - root - Image have been saved in /shenzihe/WD-Disk/output/exp/teapot/checkpoint-100/images/on_top_of_green_grass_with_sunflowers_around_it/
11/14/2024 21:13:25 - INFO - root - Image have been saved in /shenzihe/WD-Disk/output/exp/teapot/checkpoint-100/images/on_top_of_green_grass_with_sunflowers_around_it/
11/14/2024 21:13:38 - INFO - root - Image have been saved in /shenzihe/WD-Disk/output/exp/teapot/checkpoint-100/images/on_top_of_green_grass_with_sunflowers_around_it/
11/14/2024 21:13:51 - INFO - root - Image have been saved in /shenzihe/WD-Disk/output/exp/teapot/checkpoint-100/images/on_top_of_green_grass_with_sunflowers_around_it/
11/14/2024 21:13:51 - INFO - __main__ - Running validation... 
 Generating 4 images with prompt:on top of a mirror.
11/14/2024 21:14:05 - INFO - root - Image have been saved in /shenzihe/WD-Disk/output/exp/teapot/checkpoint-100/images/on_top_of_a_mirror/
11/14/2024 21:14:18 - INFO - root - Image have been saved in /shenzihe/WD-Disk/output/exp/teapot/checkpoint-100/images/on_top_of_a_mirror/
11/14/2024 21:14:31 - INFO - root - Image have been saved in /shenzihe/WD-Disk/output/exp/teapot/checkpoint-100/images/on_top_of_a_mirror/
11/14/2024 21:14:45 - INFO - root - Image have been saved in /shenzihe/WD-Disk/output/exp/teapot/checkpoint-100/images/on_top_of_a_mirror/
11/14/2024 21:14:45 - INFO - __main__ - Running validation... 
 Generating 4 images with prompt:on top of the sidewalk in a crowded street.
11/14/2024 21:14:58 - INFO - root - Image have been saved in /shenzihe/WD-Disk/output/exp/teapot/checkpoint-100/images/on_top_of_the_sidewalk_in_a_crowded_street/
11/14/2024 21:15:11 - INFO - root - Image have been saved in /shenzihe/WD-Disk/output/exp/teapot/checkpoint-100/images/on_top_of_the_sidewalk_in_a_crowded_street/
11/14/2024 21:15:25 - INFO - root - Image have been saved in /shenzihe/WD-Disk/output/exp/teapot/checkpoint-100/images/on_top_of_the_sidewalk_in_a_crowded_street/
11/14/2024 21:15:38 - INFO - root - Image have been saved in /shenzihe/WD-Disk/output/exp/teapot/checkpoint-100/images/on_top_of_the_sidewalk_in_a_crowded_street/
11/14/2024 21:15:38 - INFO - __main__ - Running validation... 
 Generating 4 images with prompt:on top of a dirt road.
11/14/2024 21:15:51 - INFO - root - Image have been saved in /shenzihe/WD-Disk/output/exp/teapot/checkpoint-100/images/on_top_of_a_dirt_road/
11/14/2024 21:16:05 - INFO - root - Image have been saved in /shenzihe/WD-Disk/output/exp/teapot/checkpoint-100/images/on_top_of_a_dirt_road/
11/14/2024 21:16:18 - INFO - root - Image have been saved in /shenzihe/WD-Disk/output/exp/teapot/checkpoint-100/images/on_top_of_a_dirt_road/
11/14/2024 21:16:31 - INFO - root - Image have been saved in /shenzihe/WD-Disk/output/exp/teapot/checkpoint-100/images/on_top_of_a_dirt_road/
11/14/2024 21:16:31 - INFO - __main__ - Running validation... 
 Generating 4 images with prompt:on top of a white rug.
11/14/2024 21:16:45 - INFO - root - Image have been saved in /shenzihe/WD-Disk/output/exp/teapot/checkpoint-100/images/on_top_of_a_white_rug/
11/14/2024 21:16:58 - INFO - root - Image have been saved in /shenzihe/WD-Disk/output/exp/teapot/checkpoint-100/images/on_top_of_a_white_rug/
11/14/2024 21:17:11 - INFO - root - Image have been saved in /shenzihe/WD-Disk/output/exp/teapot/checkpoint-100/images/on_top_of_a_white_rug/
11/14/2024 21:17:25 - INFO - root - Image have been saved in /shenzihe/WD-Disk/output/exp/teapot/checkpoint-100/images/on_top_of_a_white_rug/
11/14/2024 21:17:25 - INFO - __main__ - Running validation... 
 Generating 4 images with prompt:red.
11/14/2024 21:17:38 - INFO - root - Image have been saved in /shenzihe/WD-Disk/output/exp/teapot/checkpoint-100/images/red/
11/14/2024 21:17:51 - INFO - root - Image have been saved in /shenzihe/WD-Disk/output/exp/teapot/checkpoint-100/images/red/
11/14/2024 21:18:05 - INFO - root - Image have been saved in /shenzihe/WD-Disk/output/exp/teapot/checkpoint-100/images/red/
11/14/2024 21:18:18 - INFO - root - Image have been saved in /shenzihe/WD-Disk/output/exp/teapot/checkpoint-100/images/red/
11/14/2024 21:18:18 - INFO - __main__ - Running validation... 
 Generating 4 images with prompt:purple.
11/14/2024 21:18:31 - INFO - root - Image have been saved in /shenzihe/WD-Disk/output/exp/teapot/checkpoint-100/images/purple/
11/14/2024 21:18:45 - INFO - root - Image have been saved in /shenzihe/WD-Disk/output/exp/teapot/checkpoint-100/images/purple/
11/14/2024 21:18:58 - INFO - root - Image have been saved in /shenzihe/WD-Disk/output/exp/teapot/checkpoint-100/images/purple/
11/14/2024 21:19:11 - INFO - root - Image have been saved in /shenzihe/WD-Disk/output/exp/teapot/checkpoint-100/images/purple/
11/14/2024 21:19:11 - INFO - __main__ - Running validation... 
 Generating 4 images with prompt:shiny.
11/14/2024 21:19:25 - INFO - root - Image have been saved in /shenzihe/WD-Disk/output/exp/teapot/checkpoint-100/images/shiny/
11/14/2024 21:19:38 - INFO - root - Image have been saved in /shenzihe/WD-Disk/output/exp/teapot/checkpoint-100/images/shiny/
11/14/2024 21:19:51 - INFO - root - Image have been saved in /shenzihe/WD-Disk/output/exp/teapot/checkpoint-100/images/shiny/
11/14/2024 21:20:05 - INFO - root - Image have been saved in /shenzihe/WD-Disk/output/exp/teapot/checkpoint-100/images/shiny/
11/14/2024 21:20:05 - INFO - __main__ - Running validation... 
 Generating 4 images with prompt:wet.
11/14/2024 21:20:18 - INFO - root - Image have been saved in /shenzihe/WD-Disk/output/exp/teapot/checkpoint-100/images/wet/
11/14/2024 21:20:31 - INFO - root - Image have been saved in /shenzihe/WD-Disk/output/exp/teapot/checkpoint-100/images/wet/
11/14/2024 21:20:45 - INFO - root - Image have been saved in /shenzihe/WD-Disk/output/exp/teapot/checkpoint-100/images/wet/
11/14/2024 21:20:58 - INFO - root - Image have been saved in /shenzihe/WD-Disk/output/exp/teapot/checkpoint-100/images/wet/
11/14/2024 21:20:58 - INFO - __main__ - Running validation... 
 Generating 4 images with prompt:cube shaped.
11/14/2024 21:21:12 - INFO - root - Image have been saved in /shenzihe/WD-Disk/output/exp/teapot/checkpoint-100/images/cube_shaped/
11/14/2024 21:21:25 - INFO - root - Image have been saved in /shenzihe/WD-Disk/output/exp/teapot/checkpoint-100/images/cube_shaped/
11/14/2024 21:21:38 - INFO - root - Image have been saved in /shenzihe/WD-Disk/output/exp/teapot/checkpoint-100/images/cube_shaped/
11/14/2024 21:21:52 - INFO - root - Image have been saved in /shenzihe/WD-Disk/output/exp/teapot/checkpoint-100/images/cube_shaped/
