11/15/2024 10:25:27 - INFO - __main__ - Distributed environment: NO
Num processes: 1
Process index: 0
Local process index: 0
Device: cuda

Mixed precision type: no

11/15/2024 10:25:31 - INFO - root - freeze vision encoder
11/15/2024 10:25:41 - INFO - root - Loading pretrained model from /root/.cache/torch/hub/checkpoints/blip-diffusion
11/15/2024 10:25:41 - INFO - root - Loading pretrained BLIP2 Qformer weights.
11/15/2024 10:25:43 - INFO - root - Loading pretrained projection lyer weights.
11/15/2024 10:25:43 - INFO - root - Loading pretrained text encoder weights.
11/15/2024 10:25:44 - INFO - root - Loading pretrained vae weights.
11/15/2024 10:25:44 - INFO - root - Loading pretrained unet weights.
11/15/2024 10:25:52 - INFO - root - Using xformers.
11/15/2024 10:25:52 - INFO - root - Building datasets...
11/15/2024 10:26:02 - INFO - root - freeze vision encoder
11/15/2024 10:26:35 - INFO - root - load checkpoint from https://storage.googleapis.com/sfr-vision-language-research/LAVIS/models/BLIP2/blip2_pretrained_flant5xl.pth
11/15/2024 10:26:36 - INFO - __main__ - 
***** Running training *****
11/15/2024 10:26:36 - INFO - __main__ -   Num examples = 5
11/15/2024 10:26:36 - INFO - __main__ -   Num batches each epoch = 2
11/15/2024 10:26:36 - INFO - __main__ -   Num Epochs = 50
11/15/2024 10:26:36 - INFO - __main__ -   Instantaneous batch size per device = 3
11/15/2024 10:26:36 - INFO - __main__ -   Total train batch size (w. parallel, distributed & accumulation) = 3
11/15/2024 10:26:36 - INFO - __main__ -   Gradient Accumulation steps = 1
11/15/2024 10:26:36 - INFO - __main__ -   Total optimization steps = 100
11/15/2024 10:31:36 - INFO - __main__ - Running validation... 
 Generating 4 images with prompt:in the jungle.
11/15/2024 10:31:49 - INFO - root - Image have been saved in /shenzihe/WD-Disk/output/exp2/dog8/checkpoint-100/images/in_the_jungle/
11/15/2024 10:32:03 - INFO - root - Image have been saved in /shenzihe/WD-Disk/output/exp2/dog8/checkpoint-100/images/in_the_jungle/
11/15/2024 10:32:17 - INFO - root - Image have been saved in /shenzihe/WD-Disk/output/exp2/dog8/checkpoint-100/images/in_the_jungle/
11/15/2024 10:32:31 - INFO - root - Image have been saved in /shenzihe/WD-Disk/output/exp2/dog8/checkpoint-100/images/in_the_jungle/
11/15/2024 10:32:31 - INFO - __main__ - Running validation... 
 Generating 4 images with prompt:in the snow.
11/15/2024 10:32:45 - INFO - root - Image have been saved in /shenzihe/WD-Disk/output/exp2/dog8/checkpoint-100/images/in_the_snow/
11/15/2024 10:32:58 - INFO - root - Image have been saved in /shenzihe/WD-Disk/output/exp2/dog8/checkpoint-100/images/in_the_snow/
11/15/2024 10:33:12 - INFO - root - Image have been saved in /shenzihe/WD-Disk/output/exp2/dog8/checkpoint-100/images/in_the_snow/
11/15/2024 10:33:26 - INFO - root - Image have been saved in /shenzihe/WD-Disk/output/exp2/dog8/checkpoint-100/images/in_the_snow/
11/15/2024 10:33:26 - INFO - __main__ - Running validation... 
 Generating 4 images with prompt:on the beach.
11/15/2024 10:33:40 - INFO - root - Image have been saved in /shenzihe/WD-Disk/output/exp2/dog8/checkpoint-100/images/on_the_beach/
11/15/2024 10:33:54 - INFO - root - Image have been saved in /shenzihe/WD-Disk/output/exp2/dog8/checkpoint-100/images/on_the_beach/
11/15/2024 10:34:08 - INFO - root - Image have been saved in /shenzihe/WD-Disk/output/exp2/dog8/checkpoint-100/images/on_the_beach/
11/15/2024 10:34:22 - INFO - root - Image have been saved in /shenzihe/WD-Disk/output/exp2/dog8/checkpoint-100/images/on_the_beach/
11/15/2024 10:34:22 - INFO - __main__ - Running validation... 
 Generating 4 images with prompt:on a cobblestone street.
11/15/2024 10:34:35 - INFO - root - Image have been saved in /shenzihe/WD-Disk/output/exp2/dog8/checkpoint-100/images/on_a_cobblestone_street/
11/15/2024 10:34:49 - INFO - root - Image have been saved in /shenzihe/WD-Disk/output/exp2/dog8/checkpoint-100/images/on_a_cobblestone_street/
11/15/2024 10:35:03 - INFO - root - Image have been saved in /shenzihe/WD-Disk/output/exp2/dog8/checkpoint-100/images/on_a_cobblestone_street/
11/15/2024 10:35:17 - INFO - root - Image have been saved in /shenzihe/WD-Disk/output/exp2/dog8/checkpoint-100/images/on_a_cobblestone_street/
11/15/2024 10:35:17 - INFO - __main__ - Running validation... 
 Generating 4 images with prompt:on top of pink fabric.
11/15/2024 10:35:31 - INFO - root - Image have been saved in /shenzihe/WD-Disk/output/exp2/dog8/checkpoint-100/images/on_top_of_pink_fabric/
11/15/2024 10:35:44 - INFO - root - Image have been saved in /shenzihe/WD-Disk/output/exp2/dog8/checkpoint-100/images/on_top_of_pink_fabric/
11/15/2024 10:35:58 - INFO - root - Image have been saved in /shenzihe/WD-Disk/output/exp2/dog8/checkpoint-100/images/on_top_of_pink_fabric/
11/15/2024 10:36:12 - INFO - root - Image have been saved in /shenzihe/WD-Disk/output/exp2/dog8/checkpoint-100/images/on_top_of_pink_fabric/
11/15/2024 10:36:12 - INFO - __main__ - Running validation... 
 Generating 4 images with prompt:on top of a wooden floor.
11/15/2024 10:36:26 - INFO - root - Image have been saved in /shenzihe/WD-Disk/output/exp2/dog8/checkpoint-100/images/on_top_of_a_wooden_floor/
11/15/2024 10:36:40 - INFO - root - Image have been saved in /shenzihe/WD-Disk/output/exp2/dog8/checkpoint-100/images/on_top_of_a_wooden_floor/
11/15/2024 10:36:54 - INFO - root - Image have been saved in /shenzihe/WD-Disk/output/exp2/dog8/checkpoint-100/images/on_top_of_a_wooden_floor/
11/15/2024 10:37:08 - INFO - root - Image have been saved in /shenzihe/WD-Disk/output/exp2/dog8/checkpoint-100/images/on_top_of_a_wooden_floor/
11/15/2024 10:37:08 - INFO - __main__ - Running validation... 
 Generating 4 images with prompt:with a city in the background.
11/15/2024 10:37:21 - INFO - root - Image have been saved in /shenzihe/WD-Disk/output/exp2/dog8/checkpoint-100/images/with_a_city_in_the_background/
11/15/2024 10:37:35 - INFO - root - Image have been saved in /shenzihe/WD-Disk/output/exp2/dog8/checkpoint-100/images/with_a_city_in_the_background/
11/15/2024 10:37:49 - INFO - root - Image have been saved in /shenzihe/WD-Disk/output/exp2/dog8/checkpoint-100/images/with_a_city_in_the_background/
11/15/2024 10:38:03 - INFO - root - Image have been saved in /shenzihe/WD-Disk/output/exp2/dog8/checkpoint-100/images/with_a_city_in_the_background/
11/15/2024 10:38:03 - INFO - __main__ - Running validation... 
 Generating 4 images with prompt:with a mountain in the background.
11/15/2024 10:38:16 - INFO - root - Image have been saved in /shenzihe/WD-Disk/output/exp2/dog8/checkpoint-100/images/with_a_mountain_in_the_background/
11/15/2024 10:38:30 - INFO - root - Image have been saved in /shenzihe/WD-Disk/output/exp2/dog8/checkpoint-100/images/with_a_mountain_in_the_background/
11/15/2024 10:38:44 - INFO - root - Image have been saved in /shenzihe/WD-Disk/output/exp2/dog8/checkpoint-100/images/with_a_mountain_in_the_background/
11/15/2024 10:38:58 - INFO - root - Image have been saved in /shenzihe/WD-Disk/output/exp2/dog8/checkpoint-100/images/with_a_mountain_in_the_background/
11/15/2024 10:38:58 - INFO - __main__ - Running validation... 
 Generating 4 images with prompt:with a blue house in the background.
11/15/2024 10:39:12 - INFO - root - Image have been saved in /shenzihe/WD-Disk/output/exp2/dog8/checkpoint-100/images/with_a_blue_house_in_the_background/
11/15/2024 10:39:26 - INFO - root - Image have been saved in /shenzihe/WD-Disk/output/exp2/dog8/checkpoint-100/images/with_a_blue_house_in_the_background/
11/15/2024 10:39:39 - INFO - root - Image have been saved in /shenzihe/WD-Disk/output/exp2/dog8/checkpoint-100/images/with_a_blue_house_in_the_background/
11/15/2024 10:39:53 - INFO - root - Image have been saved in /shenzihe/WD-Disk/output/exp2/dog8/checkpoint-100/images/with_a_blue_house_in_the_background/
11/15/2024 10:39:53 - INFO - __main__ - Running validation... 
 Generating 4 images with prompt:on top of a purple rug in a forest.
11/15/2024 10:40:07 - INFO - root - Image have been saved in /shenzihe/WD-Disk/output/exp2/dog8/checkpoint-100/images/on_top_of_a_purple_rug_in_a_forest/
11/15/2024 10:40:21 - INFO - root - Image have been saved in /shenzihe/WD-Disk/output/exp2/dog8/checkpoint-100/images/on_top_of_a_purple_rug_in_a_forest/
11/15/2024 10:40:35 - INFO - root - Image have been saved in /shenzihe/WD-Disk/output/exp2/dog8/checkpoint-100/images/on_top_of_a_purple_rug_in_a_forest/
11/15/2024 10:40:48 - INFO - root - Image have been saved in /shenzihe/WD-Disk/output/exp2/dog8/checkpoint-100/images/on_top_of_a_purple_rug_in_a_forest/
11/15/2024 10:40:48 - INFO - __main__ - Running validation... 
 Generating 4 images with prompt:with a wheat field in the background.
11/15/2024 10:41:02 - INFO - root - Image have been saved in /shenzihe/WD-Disk/output/exp2/dog8/checkpoint-100/images/with_a_wheat_field_in_the_background/
11/15/2024 10:41:16 - INFO - root - Image have been saved in /shenzihe/WD-Disk/output/exp2/dog8/checkpoint-100/images/with_a_wheat_field_in_the_background/
11/15/2024 10:41:30 - INFO - root - Image have been saved in /shenzihe/WD-Disk/output/exp2/dog8/checkpoint-100/images/with_a_wheat_field_in_the_background/
11/15/2024 10:41:44 - INFO - root - Image have been saved in /shenzihe/WD-Disk/output/exp2/dog8/checkpoint-100/images/with_a_wheat_field_in_the_background/
11/15/2024 10:41:44 - INFO - __main__ - Running validation... 
 Generating 4 images with prompt:with a tree and autumn leaves in the background.
11/15/2024 10:41:58 - INFO - root - Image have been saved in /shenzihe/WD-Disk/output/exp2/dog8/checkpoint-100/images/with_a_tree_and_autumn_leaves_in_the_background/
11/15/2024 10:42:12 - INFO - root - Image have been saved in /shenzihe/WD-Disk/output/exp2/dog8/checkpoint-100/images/with_a_tree_and_autumn_leaves_in_the_background/
11/15/2024 10:42:25 - INFO - root - Image have been saved in /shenzihe/WD-Disk/output/exp2/dog8/checkpoint-100/images/with_a_tree_and_autumn_leaves_in_the_background/
11/15/2024 10:42:39 - INFO - root - Image have been saved in /shenzihe/WD-Disk/output/exp2/dog8/checkpoint-100/images/with_a_tree_and_autumn_leaves_in_the_background/
11/15/2024 10:42:39 - INFO - __main__ - Running validation... 
 Generating 4 images with prompt:with the Eiffel Tower in the background.
11/15/2024 10:42:53 - INFO - root - Image have been saved in /shenzihe/WD-Disk/output/exp2/dog8/checkpoint-100/images/with_the_Eiffel_Tower_in_the_background/
11/15/2024 10:43:07 - INFO - root - Image have been saved in /shenzihe/WD-Disk/output/exp2/dog8/checkpoint-100/images/with_the_Eiffel_Tower_in_the_background/
11/15/2024 10:43:21 - INFO - root - Image have been saved in /shenzihe/WD-Disk/output/exp2/dog8/checkpoint-100/images/with_the_Eiffel_Tower_in_the_background/
11/15/2024 10:43:34 - INFO - root - Image have been saved in /shenzihe/WD-Disk/output/exp2/dog8/checkpoint-100/images/with_the_Eiffel_Tower_in_the_background/
11/15/2024 10:43:34 - INFO - __main__ - Running validation... 
 Generating 4 images with prompt:floating on top of water.
11/15/2024 10:43:48 - INFO - root - Image have been saved in /shenzihe/WD-Disk/output/exp2/dog8/checkpoint-100/images/floating_on_top_of_water/
11/15/2024 10:44:02 - INFO - root - Image have been saved in /shenzihe/WD-Disk/output/exp2/dog8/checkpoint-100/images/floating_on_top_of_water/
11/15/2024 10:44:16 - INFO - root - Image have been saved in /shenzihe/WD-Disk/output/exp2/dog8/checkpoint-100/images/floating_on_top_of_water/
11/15/2024 10:44:30 - INFO - root - Image have been saved in /shenzihe/WD-Disk/output/exp2/dog8/checkpoint-100/images/floating_on_top_of_water/
11/15/2024 10:44:30 - INFO - __main__ - Running validation... 
 Generating 4 images with prompt:floating in an ocean of milk.
11/15/2024 10:44:43 - INFO - root - Image have been saved in /shenzihe/WD-Disk/output/exp2/dog8/checkpoint-100/images/floating_in_an_ocean_of_milk/
11/15/2024 10:44:57 - INFO - root - Image have been saved in /shenzihe/WD-Disk/output/exp2/dog8/checkpoint-100/images/floating_in_an_ocean_of_milk/
11/15/2024 10:45:11 - INFO - root - Image have been saved in /shenzihe/WD-Disk/output/exp2/dog8/checkpoint-100/images/floating_in_an_ocean_of_milk/
11/15/2024 10:45:25 - INFO - root - Image have been saved in /shenzihe/WD-Disk/output/exp2/dog8/checkpoint-100/images/floating_in_an_ocean_of_milk/
11/15/2024 10:45:25 - INFO - __main__ - Running validation... 
 Generating 4 images with prompt:on top of green grass with sunflowers around it.
11/15/2024 10:45:39 - INFO - root - Image have been saved in /shenzihe/WD-Disk/output/exp2/dog8/checkpoint-100/images/on_top_of_green_grass_with_sunflowers_around_it/
11/15/2024 10:45:53 - INFO - root - Image have been saved in /shenzihe/WD-Disk/output/exp2/dog8/checkpoint-100/images/on_top_of_green_grass_with_sunflowers_around_it/
11/15/2024 10:46:07 - INFO - root - Image have been saved in /shenzihe/WD-Disk/output/exp2/dog8/checkpoint-100/images/on_top_of_green_grass_with_sunflowers_around_it/
11/15/2024 10:46:21 - INFO - root - Image have been saved in /shenzihe/WD-Disk/output/exp2/dog8/checkpoint-100/images/on_top_of_green_grass_with_sunflowers_around_it/
11/15/2024 10:46:21 - INFO - __main__ - Running validation... 
 Generating 4 images with prompt:on top of a mirror.
11/15/2024 10:46:34 - INFO - root - Image have been saved in /shenzihe/WD-Disk/output/exp2/dog8/checkpoint-100/images/on_top_of_a_mirror/
11/15/2024 10:46:48 - INFO - root - Image have been saved in /shenzihe/WD-Disk/output/exp2/dog8/checkpoint-100/images/on_top_of_a_mirror/
11/15/2024 10:47:02 - INFO - root - Image have been saved in /shenzihe/WD-Disk/output/exp2/dog8/checkpoint-100/images/on_top_of_a_mirror/
11/15/2024 10:47:16 - INFO - root - Image have been saved in /shenzihe/WD-Disk/output/exp2/dog8/checkpoint-100/images/on_top_of_a_mirror/
11/15/2024 10:47:16 - INFO - __main__ - Running validation... 
 Generating 4 images with prompt:on top of the sidewalk in a crowded street.
11/15/2024 10:47:30 - INFO - root - Image have been saved in /shenzihe/WD-Disk/output/exp2/dog8/checkpoint-100/images/on_top_of_the_sidewalk_in_a_crowded_street/
11/15/2024 10:47:43 - INFO - root - Image have been saved in /shenzihe/WD-Disk/output/exp2/dog8/checkpoint-100/images/on_top_of_the_sidewalk_in_a_crowded_street/
11/15/2024 10:47:57 - INFO - root - Image have been saved in /shenzihe/WD-Disk/output/exp2/dog8/checkpoint-100/images/on_top_of_the_sidewalk_in_a_crowded_street/
11/15/2024 10:48:11 - INFO - root - Image have been saved in /shenzihe/WD-Disk/output/exp2/dog8/checkpoint-100/images/on_top_of_the_sidewalk_in_a_crowded_street/
11/15/2024 10:48:11 - INFO - __main__ - Running validation... 
 Generating 4 images with prompt:on top of a dirt road.
11/15/2024 10:48:25 - INFO - root - Image have been saved in /shenzihe/WD-Disk/output/exp2/dog8/checkpoint-100/images/on_top_of_a_dirt_road/
11/15/2024 10:48:39 - INFO - root - Image have been saved in /shenzihe/WD-Disk/output/exp2/dog8/checkpoint-100/images/on_top_of_a_dirt_road/
11/15/2024 10:48:53 - INFO - root - Image have been saved in /shenzihe/WD-Disk/output/exp2/dog8/checkpoint-100/images/on_top_of_a_dirt_road/
11/15/2024 10:49:06 - INFO - root - Image have been saved in /shenzihe/WD-Disk/output/exp2/dog8/checkpoint-100/images/on_top_of_a_dirt_road/
11/15/2024 10:49:06 - INFO - __main__ - Running validation... 
 Generating 4 images with prompt:on top of a white rug.
11/15/2024 10:49:20 - INFO - root - Image have been saved in /shenzihe/WD-Disk/output/exp2/dog8/checkpoint-100/images/on_top_of_a_white_rug/
11/15/2024 10:49:34 - INFO - root - Image have been saved in /shenzihe/WD-Disk/output/exp2/dog8/checkpoint-100/images/on_top_of_a_white_rug/
11/15/2024 10:49:48 - INFO - root - Image have been saved in /shenzihe/WD-Disk/output/exp2/dog8/checkpoint-100/images/on_top_of_a_white_rug/
11/15/2024 10:50:02 - INFO - root - Image have been saved in /shenzihe/WD-Disk/output/exp2/dog8/checkpoint-100/images/on_top_of_a_white_rug/
11/15/2024 10:50:02 - INFO - __main__ - Running validation... 
 Generating 4 images with prompt:red.
11/15/2024 10:50:15 - INFO - root - Image have been saved in /shenzihe/WD-Disk/output/exp2/dog8/checkpoint-100/images/red/
11/15/2024 10:50:29 - INFO - root - Image have been saved in /shenzihe/WD-Disk/output/exp2/dog8/checkpoint-100/images/red/
11/15/2024 10:50:43 - INFO - root - Image have been saved in /shenzihe/WD-Disk/output/exp2/dog8/checkpoint-100/images/red/
11/15/2024 10:50:57 - INFO - root - Image have been saved in /shenzihe/WD-Disk/output/exp2/dog8/checkpoint-100/images/red/
11/15/2024 10:50:57 - INFO - __main__ - Running validation... 
 Generating 4 images with prompt:purple.
11/15/2024 10:51:11 - INFO - root - Image have been saved in /shenzihe/WD-Disk/output/exp2/dog8/checkpoint-100/images/purple/
11/15/2024 10:51:24 - INFO - root - Image have been saved in /shenzihe/WD-Disk/output/exp2/dog8/checkpoint-100/images/purple/
11/15/2024 10:51:38 - INFO - root - Image have been saved in /shenzihe/WD-Disk/output/exp2/dog8/checkpoint-100/images/purple/
11/15/2024 10:51:52 - INFO - root - Image have been saved in /shenzihe/WD-Disk/output/exp2/dog8/checkpoint-100/images/purple/
11/15/2024 10:51:52 - INFO - __main__ - Running validation... 
 Generating 4 images with prompt:shiny.
11/15/2024 10:52:06 - INFO - root - Image have been saved in /shenzihe/WD-Disk/output/exp2/dog8/checkpoint-100/images/shiny/
11/15/2024 10:52:20 - INFO - root - Image have been saved in /shenzihe/WD-Disk/output/exp2/dog8/checkpoint-100/images/shiny/
11/15/2024 10:52:34 - INFO - root - Image have been saved in /shenzihe/WD-Disk/output/exp2/dog8/checkpoint-100/images/shiny/
11/15/2024 10:52:47 - INFO - root - Image have been saved in /shenzihe/WD-Disk/output/exp2/dog8/checkpoint-100/images/shiny/
11/15/2024 10:52:47 - INFO - __main__ - Running validation... 
 Generating 4 images with prompt:wet.
11/15/2024 10:53:01 - INFO - root - Image have been saved in /shenzihe/WD-Disk/output/exp2/dog8/checkpoint-100/images/wet/
11/15/2024 10:53:15 - INFO - root - Image have been saved in /shenzihe/WD-Disk/output/exp2/dog8/checkpoint-100/images/wet/
11/15/2024 10:53:29 - INFO - root - Image have been saved in /shenzihe/WD-Disk/output/exp2/dog8/checkpoint-100/images/wet/
11/15/2024 10:53:43 - INFO - root - Image have been saved in /shenzihe/WD-Disk/output/exp2/dog8/checkpoint-100/images/wet/
11/15/2024 10:53:43 - INFO - __main__ - Running validation... 
 Generating 4 images with prompt:cube shaped.
11/15/2024 10:53:57 - INFO - root - Image have been saved in /shenzihe/WD-Disk/output/exp2/dog8/checkpoint-100/images/cube_shaped/
11/15/2024 10:54:11 - INFO - root - Image have been saved in /shenzihe/WD-Disk/output/exp2/dog8/checkpoint-100/images/cube_shaped/
11/15/2024 10:54:25 - INFO - root - Image have been saved in /shenzihe/WD-Disk/output/exp2/dog8/checkpoint-100/images/cube_shaped/
11/15/2024 10:54:38 - INFO - root - Image have been saved in /shenzihe/WD-Disk/output/exp2/dog8/checkpoint-100/images/cube_shaped/
