11/15/2024 10:54:50 - INFO - __main__ - Distributed environment: NO
Num processes: 1
Process index: 0
Local process index: 0
Device: cuda

Mixed precision type: no

11/15/2024 10:54:52 - INFO - root - freeze vision encoder
11/15/2024 10:55:03 - INFO - root - Loading pretrained model from /root/.cache/torch/hub/checkpoints/blip-diffusion
11/15/2024 10:55:03 - INFO - root - Loading pretrained BLIP2 Qformer weights.
11/15/2024 10:55:05 - INFO - root - Loading pretrained projection lyer weights.
11/15/2024 10:55:05 - INFO - root - Loading pretrained text encoder weights.
11/15/2024 10:55:05 - INFO - root - Loading pretrained vae weights.
11/15/2024 10:55:06 - INFO - root - Loading pretrained unet weights.
11/15/2024 10:55:14 - INFO - root - Using xformers.
11/15/2024 10:55:14 - INFO - root - Building datasets...
11/15/2024 10:55:24 - INFO - root - freeze vision encoder
11/15/2024 10:56:02 - INFO - root - load checkpoint from https://storage.googleapis.com/sfr-vision-language-research/LAVIS/models/BLIP2/blip2_pretrained_flant5xl.pth
11/15/2024 10:56:05 - INFO - __main__ - 
***** Running training *****
11/15/2024 10:56:05 - INFO - __main__ -   Num examples = 4
11/15/2024 10:56:05 - INFO - __main__ -   Num batches each epoch = 2
11/15/2024 10:56:05 - INFO - __main__ -   Num Epochs = 50
11/15/2024 10:56:05 - INFO - __main__ -   Instantaneous batch size per device = 3
11/15/2024 10:56:05 - INFO - __main__ -   Total train batch size (w. parallel, distributed & accumulation) = 3
11/15/2024 10:56:05 - INFO - __main__ -   Gradient Accumulation steps = 1
11/15/2024 10:56:05 - INFO - __main__ -   Total optimization steps = 100
11/15/2024 11:00:15 - INFO - __main__ - Running validation... 
 Generating 4 images with prompt:in the jungle.
11/15/2024 11:00:29 - INFO - root - Image have been saved in /shenzihe/WD-Disk/output/exp2/duck_toy/checkpoint-100/images/in_the_jungle/
11/15/2024 11:00:43 - INFO - root - Image have been saved in /shenzihe/WD-Disk/output/exp2/duck_toy/checkpoint-100/images/in_the_jungle/
11/15/2024 11:00:57 - INFO - root - Image have been saved in /shenzihe/WD-Disk/output/exp2/duck_toy/checkpoint-100/images/in_the_jungle/
11/15/2024 11:01:11 - INFO - root - Image have been saved in /shenzihe/WD-Disk/output/exp2/duck_toy/checkpoint-100/images/in_the_jungle/
11/15/2024 11:01:11 - INFO - __main__ - Running validation... 
 Generating 4 images with prompt:in the snow.
11/15/2024 11:01:25 - INFO - root - Image have been saved in /shenzihe/WD-Disk/output/exp2/duck_toy/checkpoint-100/images/in_the_snow/
11/15/2024 11:01:39 - INFO - root - Image have been saved in /shenzihe/WD-Disk/output/exp2/duck_toy/checkpoint-100/images/in_the_snow/
11/15/2024 11:01:53 - INFO - root - Image have been saved in /shenzihe/WD-Disk/output/exp2/duck_toy/checkpoint-100/images/in_the_snow/
11/15/2024 11:02:07 - INFO - root - Image have been saved in /shenzihe/WD-Disk/output/exp2/duck_toy/checkpoint-100/images/in_the_snow/
11/15/2024 11:02:07 - INFO - __main__ - Running validation... 
 Generating 4 images with prompt:on the beach.
11/15/2024 11:02:21 - INFO - root - Image have been saved in /shenzihe/WD-Disk/output/exp2/duck_toy/checkpoint-100/images/on_the_beach/
11/15/2024 11:02:35 - INFO - root - Image have been saved in /shenzihe/WD-Disk/output/exp2/duck_toy/checkpoint-100/images/on_the_beach/
11/15/2024 11:02:49 - INFO - root - Image have been saved in /shenzihe/WD-Disk/output/exp2/duck_toy/checkpoint-100/images/on_the_beach/
11/15/2024 11:03:02 - INFO - root - Image have been saved in /shenzihe/WD-Disk/output/exp2/duck_toy/checkpoint-100/images/on_the_beach/
11/15/2024 11:03:02 - INFO - __main__ - Running validation... 
 Generating 4 images with prompt:on a cobblestone street.
11/15/2024 11:03:16 - INFO - root - Image have been saved in /shenzihe/WD-Disk/output/exp2/duck_toy/checkpoint-100/images/on_a_cobblestone_street/
11/15/2024 11:03:30 - INFO - root - Image have been saved in /shenzihe/WD-Disk/output/exp2/duck_toy/checkpoint-100/images/on_a_cobblestone_street/
11/15/2024 11:03:44 - INFO - root - Image have been saved in /shenzihe/WD-Disk/output/exp2/duck_toy/checkpoint-100/images/on_a_cobblestone_street/
11/15/2024 11:03:58 - INFO - root - Image have been saved in /shenzihe/WD-Disk/output/exp2/duck_toy/checkpoint-100/images/on_a_cobblestone_street/
11/15/2024 11:03:58 - INFO - __main__ - Running validation... 
 Generating 4 images with prompt:on top of pink fabric.
11/15/2024 11:04:11 - INFO - root - Image have been saved in /shenzihe/WD-Disk/output/exp2/duck_toy/checkpoint-100/images/on_top_of_pink_fabric/
11/15/2024 11:04:25 - INFO - root - Image have been saved in /shenzihe/WD-Disk/output/exp2/duck_toy/checkpoint-100/images/on_top_of_pink_fabric/
11/15/2024 11:04:39 - INFO - root - Image have been saved in /shenzihe/WD-Disk/output/exp2/duck_toy/checkpoint-100/images/on_top_of_pink_fabric/
11/15/2024 11:04:53 - INFO - root - Image have been saved in /shenzihe/WD-Disk/output/exp2/duck_toy/checkpoint-100/images/on_top_of_pink_fabric/
11/15/2024 11:04:53 - INFO - __main__ - Running validation... 
 Generating 4 images with prompt:on top of a wooden floor.
11/15/2024 11:05:07 - INFO - root - Image have been saved in /shenzihe/WD-Disk/output/exp2/duck_toy/checkpoint-100/images/on_top_of_a_wooden_floor/
11/15/2024 11:05:20 - INFO - root - Image have been saved in /shenzihe/WD-Disk/output/exp2/duck_toy/checkpoint-100/images/on_top_of_a_wooden_floor/
11/15/2024 11:05:34 - INFO - root - Image have been saved in /shenzihe/WD-Disk/output/exp2/duck_toy/checkpoint-100/images/on_top_of_a_wooden_floor/
11/15/2024 11:05:48 - INFO - root - Image have been saved in /shenzihe/WD-Disk/output/exp2/duck_toy/checkpoint-100/images/on_top_of_a_wooden_floor/
11/15/2024 11:05:48 - INFO - __main__ - Running validation... 
 Generating 4 images with prompt:with a city in the background.
11/15/2024 11:06:02 - INFO - root - Image have been saved in /shenzihe/WD-Disk/output/exp2/duck_toy/checkpoint-100/images/with_a_city_in_the_background/
11/15/2024 11:06:16 - INFO - root - Image have been saved in /shenzihe/WD-Disk/output/exp2/duck_toy/checkpoint-100/images/with_a_city_in_the_background/
11/15/2024 11:06:29 - INFO - root - Image have been saved in /shenzihe/WD-Disk/output/exp2/duck_toy/checkpoint-100/images/with_a_city_in_the_background/
11/15/2024 11:06:43 - INFO - root - Image have been saved in /shenzihe/WD-Disk/output/exp2/duck_toy/checkpoint-100/images/with_a_city_in_the_background/
11/15/2024 11:06:43 - INFO - __main__ - Running validation... 
 Generating 4 images with prompt:with a mountain in the background.
11/15/2024 11:06:57 - INFO - root - Image have been saved in /shenzihe/WD-Disk/output/exp2/duck_toy/checkpoint-100/images/with_a_mountain_in_the_background/
11/15/2024 11:07:11 - INFO - root - Image have been saved in /shenzihe/WD-Disk/output/exp2/duck_toy/checkpoint-100/images/with_a_mountain_in_the_background/
11/15/2024 11:07:25 - INFO - root - Image have been saved in /shenzihe/WD-Disk/output/exp2/duck_toy/checkpoint-100/images/with_a_mountain_in_the_background/
11/15/2024 11:07:39 - INFO - root - Image have been saved in /shenzihe/WD-Disk/output/exp2/duck_toy/checkpoint-100/images/with_a_mountain_in_the_background/
11/15/2024 11:07:39 - INFO - __main__ - Running validation... 
 Generating 4 images with prompt:with a blue house in the background.
11/15/2024 11:07:52 - INFO - root - Image have been saved in /shenzihe/WD-Disk/output/exp2/duck_toy/checkpoint-100/images/with_a_blue_house_in_the_background/
11/15/2024 11:08:06 - INFO - root - Image have been saved in /shenzihe/WD-Disk/output/exp2/duck_toy/checkpoint-100/images/with_a_blue_house_in_the_background/
11/15/2024 11:08:20 - INFO - root - Image have been saved in /shenzihe/WD-Disk/output/exp2/duck_toy/checkpoint-100/images/with_a_blue_house_in_the_background/
11/15/2024 11:08:34 - INFO - root - Image have been saved in /shenzihe/WD-Disk/output/exp2/duck_toy/checkpoint-100/images/with_a_blue_house_in_the_background/
11/15/2024 11:08:34 - INFO - __main__ - Running validation... 
 Generating 4 images with prompt:on top of a purple rug in a forest.
11/15/2024 11:08:47 - INFO - root - Image have been saved in /shenzihe/WD-Disk/output/exp2/duck_toy/checkpoint-100/images/on_top_of_a_purple_rug_in_a_forest/
11/15/2024 11:09:01 - INFO - root - Image have been saved in /shenzihe/WD-Disk/output/exp2/duck_toy/checkpoint-100/images/on_top_of_a_purple_rug_in_a_forest/
11/15/2024 11:09:15 - INFO - root - Image have been saved in /shenzihe/WD-Disk/output/exp2/duck_toy/checkpoint-100/images/on_top_of_a_purple_rug_in_a_forest/
11/15/2024 11:09:29 - INFO - root - Image have been saved in /shenzihe/WD-Disk/output/exp2/duck_toy/checkpoint-100/images/on_top_of_a_purple_rug_in_a_forest/
11/15/2024 11:09:29 - INFO - __main__ - Running validation... 
 Generating 4 images with prompt:with a wheat field in the background.
11/15/2024 11:09:43 - INFO - root - Image have been saved in /shenzihe/WD-Disk/output/exp2/duck_toy/checkpoint-100/images/with_a_wheat_field_in_the_background/
11/15/2024 11:09:57 - INFO - root - Image have been saved in /shenzihe/WD-Disk/output/exp2/duck_toy/checkpoint-100/images/with_a_wheat_field_in_the_background/
11/15/2024 11:10:10 - INFO - root - Image have been saved in /shenzihe/WD-Disk/output/exp2/duck_toy/checkpoint-100/images/with_a_wheat_field_in_the_background/
11/15/2024 11:10:24 - INFO - root - Image have been saved in /shenzihe/WD-Disk/output/exp2/duck_toy/checkpoint-100/images/with_a_wheat_field_in_the_background/
11/15/2024 11:10:24 - INFO - __main__ - Running validation... 
 Generating 4 images with prompt:with a tree and autumn leaves in the background.
11/15/2024 11:10:38 - INFO - root - Image have been saved in /shenzihe/WD-Disk/output/exp2/duck_toy/checkpoint-100/images/with_a_tree_and_autumn_leaves_in_the_background/
11/15/2024 11:10:52 - INFO - root - Image have been saved in /shenzihe/WD-Disk/output/exp2/duck_toy/checkpoint-100/images/with_a_tree_and_autumn_leaves_in_the_background/
11/15/2024 11:11:06 - INFO - root - Image have been saved in /shenzihe/WD-Disk/output/exp2/duck_toy/checkpoint-100/images/with_a_tree_and_autumn_leaves_in_the_background/
11/15/2024 11:11:19 - INFO - root - Image have been saved in /shenzihe/WD-Disk/output/exp2/duck_toy/checkpoint-100/images/with_a_tree_and_autumn_leaves_in_the_background/
11/15/2024 11:11:19 - INFO - __main__ - Running validation... 
 Generating 4 images with prompt:with the Eiffel Tower in the background.
11/15/2024 11:11:33 - INFO - root - Image have been saved in /shenzihe/WD-Disk/output/exp2/duck_toy/checkpoint-100/images/with_the_Eiffel_Tower_in_the_background/
11/15/2024 11:11:47 - INFO - root - Image have been saved in /shenzihe/WD-Disk/output/exp2/duck_toy/checkpoint-100/images/with_the_Eiffel_Tower_in_the_background/
11/15/2024 11:12:01 - INFO - root - Image have been saved in /shenzihe/WD-Disk/output/exp2/duck_toy/checkpoint-100/images/with_the_Eiffel_Tower_in_the_background/
11/15/2024 11:12:15 - INFO - root - Image have been saved in /shenzihe/WD-Disk/output/exp2/duck_toy/checkpoint-100/images/with_the_Eiffel_Tower_in_the_background/
11/15/2024 11:12:15 - INFO - __main__ - Running validation... 
 Generating 4 images with prompt:floating on top of water.
11/15/2024 11:12:29 - INFO - root - Image have been saved in /shenzihe/WD-Disk/output/exp2/duck_toy/checkpoint-100/images/floating_on_top_of_water/
11/15/2024 11:12:43 - INFO - root - Image have been saved in /shenzihe/WD-Disk/output/exp2/duck_toy/checkpoint-100/images/floating_on_top_of_water/
11/15/2024 11:12:56 - INFO - root - Image have been saved in /shenzihe/WD-Disk/output/exp2/duck_toy/checkpoint-100/images/floating_on_top_of_water/
11/15/2024 11:13:10 - INFO - root - Image have been saved in /shenzihe/WD-Disk/output/exp2/duck_toy/checkpoint-100/images/floating_on_top_of_water/
11/15/2024 11:13:10 - INFO - __main__ - Running validation... 
 Generating 4 images with prompt:floating in an ocean of milk.
11/15/2024 11:13:24 - INFO - root - Image have been saved in /shenzihe/WD-Disk/output/exp2/duck_toy/checkpoint-100/images/floating_in_an_ocean_of_milk/
11/15/2024 11:13:38 - INFO - root - Image have been saved in /shenzihe/WD-Disk/output/exp2/duck_toy/checkpoint-100/images/floating_in_an_ocean_of_milk/
11/15/2024 11:13:51 - INFO - root - Image have been saved in /shenzihe/WD-Disk/output/exp2/duck_toy/checkpoint-100/images/floating_in_an_ocean_of_milk/
11/15/2024 11:14:05 - INFO - root - Image have been saved in /shenzihe/WD-Disk/output/exp2/duck_toy/checkpoint-100/images/floating_in_an_ocean_of_milk/
11/15/2024 11:14:05 - INFO - __main__ - Running validation... 
 Generating 4 images with prompt:on top of green grass with sunflowers around it.
11/15/2024 11:14:19 - INFO - root - Image have been saved in /shenzihe/WD-Disk/output/exp2/duck_toy/checkpoint-100/images/on_top_of_green_grass_with_sunflowers_around_it/
11/15/2024 11:14:33 - INFO - root - Image have been saved in /shenzihe/WD-Disk/output/exp2/duck_toy/checkpoint-100/images/on_top_of_green_grass_with_sunflowers_around_it/
11/15/2024 11:14:47 - INFO - root - Image have been saved in /shenzihe/WD-Disk/output/exp2/duck_toy/checkpoint-100/images/on_top_of_green_grass_with_sunflowers_around_it/
11/15/2024 11:15:00 - INFO - root - Image have been saved in /shenzihe/WD-Disk/output/exp2/duck_toy/checkpoint-100/images/on_top_of_green_grass_with_sunflowers_around_it/
11/15/2024 11:15:00 - INFO - __main__ - Running validation... 
 Generating 4 images with prompt:on top of a mirror.
11/15/2024 11:15:14 - INFO - root - Image have been saved in /shenzihe/WD-Disk/output/exp2/duck_toy/checkpoint-100/images/on_top_of_a_mirror/
11/15/2024 11:15:28 - INFO - root - Image have been saved in /shenzihe/WD-Disk/output/exp2/duck_toy/checkpoint-100/images/on_top_of_a_mirror/
11/15/2024 11:15:42 - INFO - root - Image have been saved in /shenzihe/WD-Disk/output/exp2/duck_toy/checkpoint-100/images/on_top_of_a_mirror/
11/15/2024 11:15:56 - INFO - root - Image have been saved in /shenzihe/WD-Disk/output/exp2/duck_toy/checkpoint-100/images/on_top_of_a_mirror/
11/15/2024 11:15:56 - INFO - __main__ - Running validation... 
 Generating 4 images with prompt:on top of the sidewalk in a crowded street.
11/15/2024 11:16:09 - INFO - root - Image have been saved in /shenzihe/WD-Disk/output/exp2/duck_toy/checkpoint-100/images/on_top_of_the_sidewalk_in_a_crowded_street/
11/15/2024 11:16:23 - INFO - root - Image have been saved in /shenzihe/WD-Disk/output/exp2/duck_toy/checkpoint-100/images/on_top_of_the_sidewalk_in_a_crowded_street/
11/15/2024 11:16:37 - INFO - root - Image have been saved in /shenzihe/WD-Disk/output/exp2/duck_toy/checkpoint-100/images/on_top_of_the_sidewalk_in_a_crowded_street/
11/15/2024 11:16:51 - INFO - root - Image have been saved in /shenzihe/WD-Disk/output/exp2/duck_toy/checkpoint-100/images/on_top_of_the_sidewalk_in_a_crowded_street/
11/15/2024 11:16:51 - INFO - __main__ - Running validation... 
 Generating 4 images with prompt:on top of a dirt road.
11/15/2024 11:17:05 - INFO - root - Image have been saved in /shenzihe/WD-Disk/output/exp2/duck_toy/checkpoint-100/images/on_top_of_a_dirt_road/
11/15/2024 11:17:19 - INFO - root - Image have been saved in /shenzihe/WD-Disk/output/exp2/duck_toy/checkpoint-100/images/on_top_of_a_dirt_road/
11/15/2024 11:17:33 - INFO - root - Image have been saved in /shenzihe/WD-Disk/output/exp2/duck_toy/checkpoint-100/images/on_top_of_a_dirt_road/
11/15/2024 11:17:47 - INFO - root - Image have been saved in /shenzihe/WD-Disk/output/exp2/duck_toy/checkpoint-100/images/on_top_of_a_dirt_road/
11/15/2024 11:17:47 - INFO - __main__ - Running validation... 
 Generating 4 images with prompt:on top of a white rug.
11/15/2024 11:18:00 - INFO - root - Image have been saved in /shenzihe/WD-Disk/output/exp2/duck_toy/checkpoint-100/images/on_top_of_a_white_rug/
11/15/2024 11:18:14 - INFO - root - Image have been saved in /shenzihe/WD-Disk/output/exp2/duck_toy/checkpoint-100/images/on_top_of_a_white_rug/
11/15/2024 11:18:28 - INFO - root - Image have been saved in /shenzihe/WD-Disk/output/exp2/duck_toy/checkpoint-100/images/on_top_of_a_white_rug/
11/15/2024 11:18:42 - INFO - root - Image have been saved in /shenzihe/WD-Disk/output/exp2/duck_toy/checkpoint-100/images/on_top_of_a_white_rug/
11/15/2024 11:18:42 - INFO - __main__ - Running validation... 
 Generating 4 images with prompt:red.
11/15/2024 11:18:56 - INFO - root - Image have been saved in /shenzihe/WD-Disk/output/exp2/duck_toy/checkpoint-100/images/red/
11/15/2024 11:19:09 - INFO - root - Image have been saved in /shenzihe/WD-Disk/output/exp2/duck_toy/checkpoint-100/images/red/
11/15/2024 11:19:23 - INFO - root - Image have been saved in /shenzihe/WD-Disk/output/exp2/duck_toy/checkpoint-100/images/red/
11/15/2024 11:19:37 - INFO - root - Image have been saved in /shenzihe/WD-Disk/output/exp2/duck_toy/checkpoint-100/images/red/
11/15/2024 11:19:37 - INFO - __main__ - Running validation... 
 Generating 4 images with prompt:purple.
11/15/2024 11:19:51 - INFO - root - Image have been saved in /shenzihe/WD-Disk/output/exp2/duck_toy/checkpoint-100/images/purple/
11/15/2024 11:20:05 - INFO - root - Image have been saved in /shenzihe/WD-Disk/output/exp2/duck_toy/checkpoint-100/images/purple/
11/15/2024 11:20:19 - INFO - root - Image have been saved in /shenzihe/WD-Disk/output/exp2/duck_toy/checkpoint-100/images/purple/
11/15/2024 11:20:32 - INFO - root - Image have been saved in /shenzihe/WD-Disk/output/exp2/duck_toy/checkpoint-100/images/purple/
11/15/2024 11:20:32 - INFO - __main__ - Running validation... 
 Generating 4 images with prompt:shiny.
11/15/2024 11:20:46 - INFO - root - Image have been saved in /shenzihe/WD-Disk/output/exp2/duck_toy/checkpoint-100/images/shiny/
11/15/2024 11:21:00 - INFO - root - Image have been saved in /shenzihe/WD-Disk/output/exp2/duck_toy/checkpoint-100/images/shiny/
11/15/2024 11:21:14 - INFO - root - Image have been saved in /shenzihe/WD-Disk/output/exp2/duck_toy/checkpoint-100/images/shiny/
11/15/2024 11:21:28 - INFO - root - Image have been saved in /shenzihe/WD-Disk/output/exp2/duck_toy/checkpoint-100/images/shiny/
11/15/2024 11:21:28 - INFO - __main__ - Running validation... 
 Generating 4 images with prompt:wet.
11/15/2024 11:21:42 - INFO - root - Image have been saved in /shenzihe/WD-Disk/output/exp2/duck_toy/checkpoint-100/images/wet/
11/15/2024 11:21:55 - INFO - root - Image have been saved in /shenzihe/WD-Disk/output/exp2/duck_toy/checkpoint-100/images/wet/
11/15/2024 11:22:09 - INFO - root - Image have been saved in /shenzihe/WD-Disk/output/exp2/duck_toy/checkpoint-100/images/wet/
11/15/2024 11:22:23 - INFO - root - Image have been saved in /shenzihe/WD-Disk/output/exp2/duck_toy/checkpoint-100/images/wet/
11/15/2024 11:22:23 - INFO - __main__ - Running validation... 
 Generating 4 images with prompt:cube shaped.
11/15/2024 11:22:37 - INFO - root - Image have been saved in /shenzihe/WD-Disk/output/exp2/duck_toy/checkpoint-100/images/cube_shaped/
11/15/2024 11:22:50 - INFO - root - Image have been saved in /shenzihe/WD-Disk/output/exp2/duck_toy/checkpoint-100/images/cube_shaped/
11/15/2024 11:23:04 - INFO - root - Image have been saved in /shenzihe/WD-Disk/output/exp2/duck_toy/checkpoint-100/images/cube_shaped/
11/15/2024 11:23:18 - INFO - root - Image have been saved in /shenzihe/WD-Disk/output/exp2/duck_toy/checkpoint-100/images/cube_shaped/
