11/15/2024 08:26:28 - INFO - __main__ - Distributed environment: NO
Num processes: 1
Process index: 0
Local process index: 0
Device: cuda

Mixed precision type: no

11/15/2024 08:26:30 - INFO - root - freeze vision encoder
11/15/2024 08:26:41 - INFO - root - Loading pretrained model from /root/.cache/torch/hub/checkpoints/blip-diffusion
11/15/2024 08:26:41 - INFO - root - Loading pretrained BLIP2 Qformer weights.
11/15/2024 08:26:43 - INFO - root - Loading pretrained projection lyer weights.
11/15/2024 08:26:43 - INFO - root - Loading pretrained text encoder weights.
11/15/2024 08:26:43 - INFO - root - Loading pretrained vae weights.
11/15/2024 08:26:44 - INFO - root - Loading pretrained unet weights.
11/15/2024 08:26:51 - INFO - root - Using xformers.
11/15/2024 08:26:51 - INFO - root - Building datasets...
11/15/2024 08:27:02 - INFO - root - freeze vision encoder
11/15/2024 08:27:31 - INFO - root - load checkpoint from https://storage.googleapis.com/sfr-vision-language-research/LAVIS/models/BLIP2/blip2_pretrained_flant5xl.pth
11/15/2024 08:27:32 - INFO - __main__ - 
***** Running training *****
11/15/2024 08:27:32 - INFO - __main__ -   Num examples = 6
11/15/2024 08:27:32 - INFO - __main__ -   Num batches each epoch = 2
11/15/2024 08:27:32 - INFO - __main__ -   Num Epochs = 50
11/15/2024 08:27:32 - INFO - __main__ -   Instantaneous batch size per device = 3
11/15/2024 08:27:32 - INFO - __main__ -   Total train batch size (w. parallel, distributed & accumulation) = 3
11/15/2024 08:27:32 - INFO - __main__ -   Gradient Accumulation steps = 1
11/15/2024 08:27:32 - INFO - __main__ -   Total optimization steps = 100
11/15/2024 08:33:37 - INFO - __main__ - Running validation... 
 Generating 4 images with prompt:in the jungle.
11/15/2024 08:33:53 - INFO - root - Image have been saved in /shenzihe/WD-Disk/output/exp2/dog3/checkpoint-100/images/in_the_jungle/
11/15/2024 08:34:07 - INFO - root - Image have been saved in /shenzihe/WD-Disk/output/exp2/dog3/checkpoint-100/images/in_the_jungle/
11/15/2024 08:34:21 - INFO - root - Image have been saved in /shenzihe/WD-Disk/output/exp2/dog3/checkpoint-100/images/in_the_jungle/
11/15/2024 08:34:35 - INFO - root - Image have been saved in /shenzihe/WD-Disk/output/exp2/dog3/checkpoint-100/images/in_the_jungle/
11/15/2024 08:34:35 - INFO - __main__ - Running validation... 
 Generating 4 images with prompt:in the snow.
11/15/2024 08:34:49 - INFO - root - Image have been saved in /shenzihe/WD-Disk/output/exp2/dog3/checkpoint-100/images/in_the_snow/
11/15/2024 08:35:03 - INFO - root - Image have been saved in /shenzihe/WD-Disk/output/exp2/dog3/checkpoint-100/images/in_the_snow/
11/15/2024 08:35:17 - INFO - root - Image have been saved in /shenzihe/WD-Disk/output/exp2/dog3/checkpoint-100/images/in_the_snow/
11/15/2024 08:35:30 - INFO - root - Image have been saved in /shenzihe/WD-Disk/output/exp2/dog3/checkpoint-100/images/in_the_snow/
11/15/2024 08:35:30 - INFO - __main__ - Running validation... 
 Generating 4 images with prompt:on the beach.
11/15/2024 08:35:45 - INFO - root - Image have been saved in /shenzihe/WD-Disk/output/exp2/dog3/checkpoint-100/images/on_the_beach/
11/15/2024 08:35:58 - INFO - root - Image have been saved in /shenzihe/WD-Disk/output/exp2/dog3/checkpoint-100/images/on_the_beach/
11/15/2024 08:36:12 - INFO - root - Image have been saved in /shenzihe/WD-Disk/output/exp2/dog3/checkpoint-100/images/on_the_beach/
11/15/2024 08:36:26 - INFO - root - Image have been saved in /shenzihe/WD-Disk/output/exp2/dog3/checkpoint-100/images/on_the_beach/
11/15/2024 08:36:26 - INFO - __main__ - Running validation... 
 Generating 4 images with prompt:on a cobblestone street.
11/15/2024 08:36:41 - INFO - root - Image have been saved in /shenzihe/WD-Disk/output/exp2/dog3/checkpoint-100/images/on_a_cobblestone_street/
11/15/2024 08:36:55 - INFO - root - Image have been saved in /shenzihe/WD-Disk/output/exp2/dog3/checkpoint-100/images/on_a_cobblestone_street/
11/15/2024 08:37:09 - INFO - root - Image have been saved in /shenzihe/WD-Disk/output/exp2/dog3/checkpoint-100/images/on_a_cobblestone_street/
11/15/2024 08:37:22 - INFO - root - Image have been saved in /shenzihe/WD-Disk/output/exp2/dog3/checkpoint-100/images/on_a_cobblestone_street/
11/15/2024 08:37:22 - INFO - __main__ - Running validation... 
 Generating 4 images with prompt:on top of pink fabric.
11/15/2024 08:37:36 - INFO - root - Image have been saved in /shenzihe/WD-Disk/output/exp2/dog3/checkpoint-100/images/on_top_of_pink_fabric/
11/15/2024 08:37:50 - INFO - root - Image have been saved in /shenzihe/WD-Disk/output/exp2/dog3/checkpoint-100/images/on_top_of_pink_fabric/
11/15/2024 08:38:04 - INFO - root - Image have been saved in /shenzihe/WD-Disk/output/exp2/dog3/checkpoint-100/images/on_top_of_pink_fabric/
11/15/2024 08:38:18 - INFO - root - Image have been saved in /shenzihe/WD-Disk/output/exp2/dog3/checkpoint-100/images/on_top_of_pink_fabric/
11/15/2024 08:38:18 - INFO - __main__ - Running validation... 
 Generating 4 images with prompt:on top of a wooden floor.
11/15/2024 08:38:32 - INFO - root - Image have been saved in /shenzihe/WD-Disk/output/exp2/dog3/checkpoint-100/images/on_top_of_a_wooden_floor/
11/15/2024 08:38:45 - INFO - root - Image have been saved in /shenzihe/WD-Disk/output/exp2/dog3/checkpoint-100/images/on_top_of_a_wooden_floor/
11/15/2024 08:38:59 - INFO - root - Image have been saved in /shenzihe/WD-Disk/output/exp2/dog3/checkpoint-100/images/on_top_of_a_wooden_floor/
11/15/2024 08:39:13 - INFO - root - Image have been saved in /shenzihe/WD-Disk/output/exp2/dog3/checkpoint-100/images/on_top_of_a_wooden_floor/
11/15/2024 08:39:13 - INFO - __main__ - Running validation... 
 Generating 4 images with prompt:with a city in the background.
11/15/2024 08:39:27 - INFO - root - Image have been saved in /shenzihe/WD-Disk/output/exp2/dog3/checkpoint-100/images/with_a_city_in_the_background/
11/15/2024 08:39:41 - INFO - root - Image have been saved in /shenzihe/WD-Disk/output/exp2/dog3/checkpoint-100/images/with_a_city_in_the_background/
11/15/2024 08:39:54 - INFO - root - Image have been saved in /shenzihe/WD-Disk/output/exp2/dog3/checkpoint-100/images/with_a_city_in_the_background/
11/15/2024 08:40:08 - INFO - root - Image have been saved in /shenzihe/WD-Disk/output/exp2/dog3/checkpoint-100/images/with_a_city_in_the_background/
11/15/2024 08:40:08 - INFO - __main__ - Running validation... 
 Generating 4 images with prompt:with a mountain in the background.
11/15/2024 08:40:22 - INFO - root - Image have been saved in /shenzihe/WD-Disk/output/exp2/dog3/checkpoint-100/images/with_a_mountain_in_the_background/
11/15/2024 08:40:36 - INFO - root - Image have been saved in /shenzihe/WD-Disk/output/exp2/dog3/checkpoint-100/images/with_a_mountain_in_the_background/
11/15/2024 08:40:50 - INFO - root - Image have been saved in /shenzihe/WD-Disk/output/exp2/dog3/checkpoint-100/images/with_a_mountain_in_the_background/
11/15/2024 08:41:03 - INFO - root - Image have been saved in /shenzihe/WD-Disk/output/exp2/dog3/checkpoint-100/images/with_a_mountain_in_the_background/
11/15/2024 08:41:03 - INFO - __main__ - Running validation... 
 Generating 4 images with prompt:with a blue house in the background.
11/15/2024 08:41:17 - INFO - root - Image have been saved in /shenzihe/WD-Disk/output/exp2/dog3/checkpoint-100/images/with_a_blue_house_in_the_background/
11/15/2024 08:41:31 - INFO - root - Image have been saved in /shenzihe/WD-Disk/output/exp2/dog3/checkpoint-100/images/with_a_blue_house_in_the_background/
11/15/2024 08:41:45 - INFO - root - Image have been saved in /shenzihe/WD-Disk/output/exp2/dog3/checkpoint-100/images/with_a_blue_house_in_the_background/
11/15/2024 08:41:59 - INFO - root - Image have been saved in /shenzihe/WD-Disk/output/exp2/dog3/checkpoint-100/images/with_a_blue_house_in_the_background/
11/15/2024 08:41:59 - INFO - __main__ - Running validation... 
 Generating 4 images with prompt:on top of a purple rug in a forest.
11/15/2024 08:42:12 - INFO - root - Image have been saved in /shenzihe/WD-Disk/output/exp2/dog3/checkpoint-100/images/on_top_of_a_purple_rug_in_a_forest/
11/15/2024 08:42:26 - INFO - root - Image have been saved in /shenzihe/WD-Disk/output/exp2/dog3/checkpoint-100/images/on_top_of_a_purple_rug_in_a_forest/
11/15/2024 08:42:40 - INFO - root - Image have been saved in /shenzihe/WD-Disk/output/exp2/dog3/checkpoint-100/images/on_top_of_a_purple_rug_in_a_forest/
11/15/2024 08:42:54 - INFO - root - Image have been saved in /shenzihe/WD-Disk/output/exp2/dog3/checkpoint-100/images/on_top_of_a_purple_rug_in_a_forest/
11/15/2024 08:42:54 - INFO - __main__ - Running validation... 
 Generating 4 images with prompt:with a wheat field in the background.
11/15/2024 08:43:08 - INFO - root - Image have been saved in /shenzihe/WD-Disk/output/exp2/dog3/checkpoint-100/images/with_a_wheat_field_in_the_background/
11/15/2024 08:43:22 - INFO - root - Image have been saved in /shenzihe/WD-Disk/output/exp2/dog3/checkpoint-100/images/with_a_wheat_field_in_the_background/
11/15/2024 08:43:35 - INFO - root - Image have been saved in /shenzihe/WD-Disk/output/exp2/dog3/checkpoint-100/images/with_a_wheat_field_in_the_background/
11/15/2024 08:43:49 - INFO - root - Image have been saved in /shenzihe/WD-Disk/output/exp2/dog3/checkpoint-100/images/with_a_wheat_field_in_the_background/
11/15/2024 08:43:49 - INFO - __main__ - Running validation... 
 Generating 4 images with prompt:with a tree and autumn leaves in the background.
11/15/2024 08:44:03 - INFO - root - Image have been saved in /shenzihe/WD-Disk/output/exp2/dog3/checkpoint-100/images/with_a_tree_and_autumn_leaves_in_the_background/
11/15/2024 08:44:17 - INFO - root - Image have been saved in /shenzihe/WD-Disk/output/exp2/dog3/checkpoint-100/images/with_a_tree_and_autumn_leaves_in_the_background/
11/15/2024 08:44:31 - INFO - root - Image have been saved in /shenzihe/WD-Disk/output/exp2/dog3/checkpoint-100/images/with_a_tree_and_autumn_leaves_in_the_background/
11/15/2024 08:44:45 - INFO - root - Image have been saved in /shenzihe/WD-Disk/output/exp2/dog3/checkpoint-100/images/with_a_tree_and_autumn_leaves_in_the_background/
11/15/2024 08:44:45 - INFO - __main__ - Running validation... 
 Generating 4 images with prompt:with the Eiffel Tower in the background.
11/15/2024 08:44:58 - INFO - root - Image have been saved in /shenzihe/WD-Disk/output/exp2/dog3/checkpoint-100/images/with_the_Eiffel_Tower_in_the_background/
11/15/2024 08:45:12 - INFO - root - Image have been saved in /shenzihe/WD-Disk/output/exp2/dog3/checkpoint-100/images/with_the_Eiffel_Tower_in_the_background/
11/15/2024 08:45:26 - INFO - root - Image have been saved in /shenzihe/WD-Disk/output/exp2/dog3/checkpoint-100/images/with_the_Eiffel_Tower_in_the_background/
11/15/2024 08:45:40 - INFO - root - Image have been saved in /shenzihe/WD-Disk/output/exp2/dog3/checkpoint-100/images/with_the_Eiffel_Tower_in_the_background/
11/15/2024 08:45:40 - INFO - __main__ - Running validation... 
 Generating 4 images with prompt:floating on top of water.
11/15/2024 08:45:54 - INFO - root - Image have been saved in /shenzihe/WD-Disk/output/exp2/dog3/checkpoint-100/images/floating_on_top_of_water/
11/15/2024 08:46:07 - INFO - root - Image have been saved in /shenzihe/WD-Disk/output/exp2/dog3/checkpoint-100/images/floating_on_top_of_water/
11/15/2024 08:46:21 - INFO - root - Image have been saved in /shenzihe/WD-Disk/output/exp2/dog3/checkpoint-100/images/floating_on_top_of_water/
11/15/2024 08:46:35 - INFO - root - Image have been saved in /shenzihe/WD-Disk/output/exp2/dog3/checkpoint-100/images/floating_on_top_of_water/
11/15/2024 08:46:35 - INFO - __main__ - Running validation... 
 Generating 4 images with prompt:floating in an ocean of milk.
11/15/2024 08:46:49 - INFO - root - Image have been saved in /shenzihe/WD-Disk/output/exp2/dog3/checkpoint-100/images/floating_in_an_ocean_of_milk/
11/15/2024 08:47:03 - INFO - root - Image have been saved in /shenzihe/WD-Disk/output/exp2/dog3/checkpoint-100/images/floating_in_an_ocean_of_milk/
11/15/2024 08:47:17 - INFO - root - Image have been saved in /shenzihe/WD-Disk/output/exp2/dog3/checkpoint-100/images/floating_in_an_ocean_of_milk/
11/15/2024 08:47:31 - INFO - root - Image have been saved in /shenzihe/WD-Disk/output/exp2/dog3/checkpoint-100/images/floating_in_an_ocean_of_milk/
11/15/2024 08:47:31 - INFO - __main__ - Running validation... 
 Generating 4 images with prompt:on top of green grass with sunflowers around it.
11/15/2024 08:47:45 - INFO - root - Image have been saved in /shenzihe/WD-Disk/output/exp2/dog3/checkpoint-100/images/on_top_of_green_grass_with_sunflowers_around_it/
11/15/2024 08:47:58 - INFO - root - Image have been saved in /shenzihe/WD-Disk/output/exp2/dog3/checkpoint-100/images/on_top_of_green_grass_with_sunflowers_around_it/
11/15/2024 08:48:12 - INFO - root - Image have been saved in /shenzihe/WD-Disk/output/exp2/dog3/checkpoint-100/images/on_top_of_green_grass_with_sunflowers_around_it/
11/15/2024 08:48:26 - INFO - root - Image have been saved in /shenzihe/WD-Disk/output/exp2/dog3/checkpoint-100/images/on_top_of_green_grass_with_sunflowers_around_it/
11/15/2024 08:48:26 - INFO - __main__ - Running validation... 
 Generating 4 images with prompt:on top of a mirror.
11/15/2024 08:48:40 - INFO - root - Image have been saved in /shenzihe/WD-Disk/output/exp2/dog3/checkpoint-100/images/on_top_of_a_mirror/
11/15/2024 08:48:54 - INFO - root - Image have been saved in /shenzihe/WD-Disk/output/exp2/dog3/checkpoint-100/images/on_top_of_a_mirror/
11/15/2024 08:49:07 - INFO - root - Image have been saved in /shenzihe/WD-Disk/output/exp2/dog3/checkpoint-100/images/on_top_of_a_mirror/
11/15/2024 08:49:21 - INFO - root - Image have been saved in /shenzihe/WD-Disk/output/exp2/dog3/checkpoint-100/images/on_top_of_a_mirror/
11/15/2024 08:49:21 - INFO - __main__ - Running validation... 
 Generating 4 images with prompt:on top of the sidewalk in a crowded street.
11/15/2024 08:49:35 - INFO - root - Image have been saved in /shenzihe/WD-Disk/output/exp2/dog3/checkpoint-100/images/on_top_of_the_sidewalk_in_a_crowded_street/
11/15/2024 08:49:49 - INFO - root - Image have been saved in /shenzihe/WD-Disk/output/exp2/dog3/checkpoint-100/images/on_top_of_the_sidewalk_in_a_crowded_street/
11/15/2024 08:50:02 - INFO - root - Image have been saved in /shenzihe/WD-Disk/output/exp2/dog3/checkpoint-100/images/on_top_of_the_sidewalk_in_a_crowded_street/
11/15/2024 08:50:16 - INFO - root - Image have been saved in /shenzihe/WD-Disk/output/exp2/dog3/checkpoint-100/images/on_top_of_the_sidewalk_in_a_crowded_street/
11/15/2024 08:50:16 - INFO - __main__ - Running validation... 
 Generating 4 images with prompt:on top of a dirt road.
11/15/2024 08:50:30 - INFO - root - Image have been saved in /shenzihe/WD-Disk/output/exp2/dog3/checkpoint-100/images/on_top_of_a_dirt_road/
11/15/2024 08:50:44 - INFO - root - Image have been saved in /shenzihe/WD-Disk/output/exp2/dog3/checkpoint-100/images/on_top_of_a_dirt_road/
11/15/2024 08:50:58 - INFO - root - Image have been saved in /shenzihe/WD-Disk/output/exp2/dog3/checkpoint-100/images/on_top_of_a_dirt_road/
11/15/2024 08:51:12 - INFO - root - Image have been saved in /shenzihe/WD-Disk/output/exp2/dog3/checkpoint-100/images/on_top_of_a_dirt_road/
11/15/2024 08:51:12 - INFO - __main__ - Running validation... 
 Generating 4 images with prompt:on top of a white rug.
11/15/2024 08:51:25 - INFO - root - Image have been saved in /shenzihe/WD-Disk/output/exp2/dog3/checkpoint-100/images/on_top_of_a_white_rug/
11/15/2024 08:51:39 - INFO - root - Image have been saved in /shenzihe/WD-Disk/output/exp2/dog3/checkpoint-100/images/on_top_of_a_white_rug/
11/15/2024 08:51:53 - INFO - root - Image have been saved in /shenzihe/WD-Disk/output/exp2/dog3/checkpoint-100/images/on_top_of_a_white_rug/
11/15/2024 08:52:07 - INFO - root - Image have been saved in /shenzihe/WD-Disk/output/exp2/dog3/checkpoint-100/images/on_top_of_a_white_rug/
11/15/2024 08:52:07 - INFO - __main__ - Running validation... 
 Generating 4 images with prompt:red.
11/15/2024 08:52:21 - INFO - root - Image have been saved in /shenzihe/WD-Disk/output/exp2/dog3/checkpoint-100/images/red/
11/15/2024 08:52:34 - INFO - root - Image have been saved in /shenzihe/WD-Disk/output/exp2/dog3/checkpoint-100/images/red/
11/15/2024 08:52:48 - INFO - root - Image have been saved in /shenzihe/WD-Disk/output/exp2/dog3/checkpoint-100/images/red/
11/15/2024 08:53:02 - INFO - root - Image have been saved in /shenzihe/WD-Disk/output/exp2/dog3/checkpoint-100/images/red/
11/15/2024 08:53:02 - INFO - __main__ - Running validation... 
 Generating 4 images with prompt:purple.
11/15/2024 08:53:16 - INFO - root - Image have been saved in /shenzihe/WD-Disk/output/exp2/dog3/checkpoint-100/images/purple/
11/15/2024 08:53:30 - INFO - root - Image have been saved in /shenzihe/WD-Disk/output/exp2/dog3/checkpoint-100/images/purple/
11/15/2024 08:53:44 - INFO - root - Image have been saved in /shenzihe/WD-Disk/output/exp2/dog3/checkpoint-100/images/purple/
11/15/2024 08:53:57 - INFO - root - Image have been saved in /shenzihe/WD-Disk/output/exp2/dog3/checkpoint-100/images/purple/
11/15/2024 08:53:57 - INFO - __main__ - Running validation... 
 Generating 4 images with prompt:shiny.
11/15/2024 08:54:11 - INFO - root - Image have been saved in /shenzihe/WD-Disk/output/exp2/dog3/checkpoint-100/images/shiny/
11/15/2024 08:54:25 - INFO - root - Image have been saved in /shenzihe/WD-Disk/output/exp2/dog3/checkpoint-100/images/shiny/
11/15/2024 08:54:39 - INFO - root - Image have been saved in /shenzihe/WD-Disk/output/exp2/dog3/checkpoint-100/images/shiny/
11/15/2024 08:54:53 - INFO - root - Image have been saved in /shenzihe/WD-Disk/output/exp2/dog3/checkpoint-100/images/shiny/
11/15/2024 08:54:53 - INFO - __main__ - Running validation... 
 Generating 4 images with prompt:wet.
11/15/2024 08:55:07 - INFO - root - Image have been saved in /shenzihe/WD-Disk/output/exp2/dog3/checkpoint-100/images/wet/
11/15/2024 08:55:20 - INFO - root - Image have been saved in /shenzihe/WD-Disk/output/exp2/dog3/checkpoint-100/images/wet/
11/15/2024 08:55:34 - INFO - root - Image have been saved in /shenzihe/WD-Disk/output/exp2/dog3/checkpoint-100/images/wet/
11/15/2024 08:55:48 - INFO - root - Image have been saved in /shenzihe/WD-Disk/output/exp2/dog3/checkpoint-100/images/wet/
11/15/2024 08:55:48 - INFO - __main__ - Running validation... 
 Generating 4 images with prompt:cube shaped.
11/15/2024 08:56:02 - INFO - root - Image have been saved in /shenzihe/WD-Disk/output/exp2/dog3/checkpoint-100/images/cube_shaped/
11/15/2024 08:56:16 - INFO - root - Image have been saved in /shenzihe/WD-Disk/output/exp2/dog3/checkpoint-100/images/cube_shaped/
11/15/2024 08:56:30 - INFO - root - Image have been saved in /shenzihe/WD-Disk/output/exp2/dog3/checkpoint-100/images/cube_shaped/
11/15/2024 08:56:43 - INFO - root - Image have been saved in /shenzihe/WD-Disk/output/exp2/dog3/checkpoint-100/images/cube_shaped/
