11/15/2024 09:26:06 - INFO - __main__ - Distributed environment: NO
Num processes: 1
Process index: 0
Local process index: 0
Device: cuda

Mixed precision type: no

11/15/2024 09:26:09 - INFO - root - freeze vision encoder
11/15/2024 09:26:20 - INFO - root - Loading pretrained model from /root/.cache/torch/hub/checkpoints/blip-diffusion
11/15/2024 09:26:20 - INFO - root - Loading pretrained BLIP2 Qformer weights.
11/15/2024 09:26:22 - INFO - root - Loading pretrained projection lyer weights.
11/15/2024 09:26:22 - INFO - root - Loading pretrained text encoder weights.
11/15/2024 09:26:22 - INFO - root - Loading pretrained vae weights.
11/15/2024 09:26:23 - INFO - root - Loading pretrained unet weights.
11/15/2024 09:26:31 - INFO - root - Using xformers.
11/15/2024 09:26:31 - INFO - root - Building datasets...
11/15/2024 09:26:41 - INFO - root - freeze vision encoder
11/15/2024 09:27:11 - INFO - root - load checkpoint from https://storage.googleapis.com/sfr-vision-language-research/LAVIS/models/BLIP2/blip2_pretrained_flant5xl.pth
11/15/2024 09:27:12 - INFO - __main__ - 
***** Running training *****
11/15/2024 09:27:12 - INFO - __main__ -   Num examples = 5
11/15/2024 09:27:12 - INFO - __main__ -   Num batches each epoch = 2
11/15/2024 09:27:12 - INFO - __main__ -   Num Epochs = 50
11/15/2024 09:27:12 - INFO - __main__ -   Instantaneous batch size per device = 3
11/15/2024 09:27:12 - INFO - __main__ -   Total train batch size (w. parallel, distributed & accumulation) = 3
11/15/2024 09:27:12 - INFO - __main__ -   Gradient Accumulation steps = 1
11/15/2024 09:27:12 - INFO - __main__ -   Total optimization steps = 100
11/15/2024 09:32:27 - INFO - __main__ - Running validation... 
 Generating 4 images with prompt:in the jungle.
11/15/2024 09:32:45 - INFO - root - Image have been saved in /shenzihe/WD-Disk/output/exp2/dog6/checkpoint-100/images/in_the_jungle/
11/15/2024 09:32:59 - INFO - root - Image have been saved in /shenzihe/WD-Disk/output/exp2/dog6/checkpoint-100/images/in_the_jungle/
11/15/2024 09:33:12 - INFO - root - Image have been saved in /shenzihe/WD-Disk/output/exp2/dog6/checkpoint-100/images/in_the_jungle/
11/15/2024 09:33:27 - INFO - root - Image have been saved in /shenzihe/WD-Disk/output/exp2/dog6/checkpoint-100/images/in_the_jungle/
11/15/2024 09:33:27 - INFO - __main__ - Running validation... 
 Generating 4 images with prompt:in the snow.
11/15/2024 09:33:40 - INFO - root - Image have been saved in /shenzihe/WD-Disk/output/exp2/dog6/checkpoint-100/images/in_the_snow/
11/15/2024 09:33:54 - INFO - root - Image have been saved in /shenzihe/WD-Disk/output/exp2/dog6/checkpoint-100/images/in_the_snow/
11/15/2024 09:34:08 - INFO - root - Image have been saved in /shenzihe/WD-Disk/output/exp2/dog6/checkpoint-100/images/in_the_snow/
11/15/2024 09:34:22 - INFO - root - Image have been saved in /shenzihe/WD-Disk/output/exp2/dog6/checkpoint-100/images/in_the_snow/
11/15/2024 09:34:22 - INFO - __main__ - Running validation... 
 Generating 4 images with prompt:on the beach.
11/15/2024 09:34:36 - INFO - root - Image have been saved in /shenzihe/WD-Disk/output/exp2/dog6/checkpoint-100/images/on_the_beach/
11/15/2024 09:34:49 - INFO - root - Image have been saved in /shenzihe/WD-Disk/output/exp2/dog6/checkpoint-100/images/on_the_beach/
11/15/2024 09:35:03 - INFO - root - Image have been saved in /shenzihe/WD-Disk/output/exp2/dog6/checkpoint-100/images/on_the_beach/
11/15/2024 09:35:17 - INFO - root - Image have been saved in /shenzihe/WD-Disk/output/exp2/dog6/checkpoint-100/images/on_the_beach/
11/15/2024 09:35:17 - INFO - __main__ - Running validation... 
 Generating 4 images with prompt:on a cobblestone street.
11/15/2024 09:35:31 - INFO - root - Image have been saved in /shenzihe/WD-Disk/output/exp2/dog6/checkpoint-100/images/on_a_cobblestone_street/
11/15/2024 09:35:45 - INFO - root - Image have been saved in /shenzihe/WD-Disk/output/exp2/dog6/checkpoint-100/images/on_a_cobblestone_street/
11/15/2024 09:35:58 - INFO - root - Image have been saved in /shenzihe/WD-Disk/output/exp2/dog6/checkpoint-100/images/on_a_cobblestone_street/
11/15/2024 09:36:12 - INFO - root - Image have been saved in /shenzihe/WD-Disk/output/exp2/dog6/checkpoint-100/images/on_a_cobblestone_street/
11/15/2024 09:36:12 - INFO - __main__ - Running validation... 
 Generating 4 images with prompt:on top of pink fabric.
11/15/2024 09:36:26 - INFO - root - Image have been saved in /shenzihe/WD-Disk/output/exp2/dog6/checkpoint-100/images/on_top_of_pink_fabric/
11/15/2024 09:36:40 - INFO - root - Image have been saved in /shenzihe/WD-Disk/output/exp2/dog6/checkpoint-100/images/on_top_of_pink_fabric/
11/15/2024 09:36:54 - INFO - root - Image have been saved in /shenzihe/WD-Disk/output/exp2/dog6/checkpoint-100/images/on_top_of_pink_fabric/
11/15/2024 09:37:07 - INFO - root - Image have been saved in /shenzihe/WD-Disk/output/exp2/dog6/checkpoint-100/images/on_top_of_pink_fabric/
11/15/2024 09:37:07 - INFO - __main__ - Running validation... 
 Generating 4 images with prompt:on top of a wooden floor.
11/15/2024 09:37:21 - INFO - root - Image have been saved in /shenzihe/WD-Disk/output/exp2/dog6/checkpoint-100/images/on_top_of_a_wooden_floor/
11/15/2024 09:37:35 - INFO - root - Image have been saved in /shenzihe/WD-Disk/output/exp2/dog6/checkpoint-100/images/on_top_of_a_wooden_floor/
11/15/2024 09:37:49 - INFO - root - Image have been saved in /shenzihe/WD-Disk/output/exp2/dog6/checkpoint-100/images/on_top_of_a_wooden_floor/
11/15/2024 09:38:03 - INFO - root - Image have been saved in /shenzihe/WD-Disk/output/exp2/dog6/checkpoint-100/images/on_top_of_a_wooden_floor/
11/15/2024 09:38:03 - INFO - __main__ - Running validation... 
 Generating 4 images with prompt:with a city in the background.
11/15/2024 09:38:17 - INFO - root - Image have been saved in /shenzihe/WD-Disk/output/exp2/dog6/checkpoint-100/images/with_a_city_in_the_background/
11/15/2024 09:38:30 - INFO - root - Image have been saved in /shenzihe/WD-Disk/output/exp2/dog6/checkpoint-100/images/with_a_city_in_the_background/
11/15/2024 09:38:44 - INFO - root - Image have been saved in /shenzihe/WD-Disk/output/exp2/dog6/checkpoint-100/images/with_a_city_in_the_background/
11/15/2024 09:38:58 - INFO - root - Image have been saved in /shenzihe/WD-Disk/output/exp2/dog6/checkpoint-100/images/with_a_city_in_the_background/
11/15/2024 09:38:58 - INFO - __main__ - Running validation... 
 Generating 4 images with prompt:with a mountain in the background.
11/15/2024 09:39:12 - INFO - root - Image have been saved in /shenzihe/WD-Disk/output/exp2/dog6/checkpoint-100/images/with_a_mountain_in_the_background/
11/15/2024 09:39:26 - INFO - root - Image have been saved in /shenzihe/WD-Disk/output/exp2/dog6/checkpoint-100/images/with_a_mountain_in_the_background/
11/15/2024 09:39:39 - INFO - root - Image have been saved in /shenzihe/WD-Disk/output/exp2/dog6/checkpoint-100/images/with_a_mountain_in_the_background/
11/15/2024 09:39:53 - INFO - root - Image have been saved in /shenzihe/WD-Disk/output/exp2/dog6/checkpoint-100/images/with_a_mountain_in_the_background/
11/15/2024 09:39:53 - INFO - __main__ - Running validation... 
 Generating 4 images with prompt:with a blue house in the background.
11/15/2024 09:40:07 - INFO - root - Image have been saved in /shenzihe/WD-Disk/output/exp2/dog6/checkpoint-100/images/with_a_blue_house_in_the_background/
11/15/2024 09:40:21 - INFO - root - Image have been saved in /shenzihe/WD-Disk/output/exp2/dog6/checkpoint-100/images/with_a_blue_house_in_the_background/
11/15/2024 09:40:35 - INFO - root - Image have been saved in /shenzihe/WD-Disk/output/exp2/dog6/checkpoint-100/images/with_a_blue_house_in_the_background/
11/15/2024 09:40:49 - INFO - root - Image have been saved in /shenzihe/WD-Disk/output/exp2/dog6/checkpoint-100/images/with_a_blue_house_in_the_background/
11/15/2024 09:40:49 - INFO - __main__ - Running validation... 
 Generating 4 images with prompt:on top of a purple rug in a forest.
11/15/2024 09:41:02 - INFO - root - Image have been saved in /shenzihe/WD-Disk/output/exp2/dog6/checkpoint-100/images/on_top_of_a_purple_rug_in_a_forest/
11/15/2024 09:41:16 - INFO - root - Image have been saved in /shenzihe/WD-Disk/output/exp2/dog6/checkpoint-100/images/on_top_of_a_purple_rug_in_a_forest/
11/15/2024 09:41:30 - INFO - root - Image have been saved in /shenzihe/WD-Disk/output/exp2/dog6/checkpoint-100/images/on_top_of_a_purple_rug_in_a_forest/
11/15/2024 09:41:44 - INFO - root - Image have been saved in /shenzihe/WD-Disk/output/exp2/dog6/checkpoint-100/images/on_top_of_a_purple_rug_in_a_forest/
11/15/2024 09:41:44 - INFO - __main__ - Running validation... 
 Generating 4 images with prompt:with a wheat field in the background.
11/15/2024 09:41:58 - INFO - root - Image have been saved in /shenzihe/WD-Disk/output/exp2/dog6/checkpoint-100/images/with_a_wheat_field_in_the_background/
11/15/2024 09:42:11 - INFO - root - Image have been saved in /shenzihe/WD-Disk/output/exp2/dog6/checkpoint-100/images/with_a_wheat_field_in_the_background/
11/15/2024 09:42:25 - INFO - root - Image have been saved in /shenzihe/WD-Disk/output/exp2/dog6/checkpoint-100/images/with_a_wheat_field_in_the_background/
11/15/2024 09:42:39 - INFO - root - Image have been saved in /shenzihe/WD-Disk/output/exp2/dog6/checkpoint-100/images/with_a_wheat_field_in_the_background/
11/15/2024 09:42:39 - INFO - __main__ - Running validation... 
 Generating 4 images with prompt:with a tree and autumn leaves in the background.
11/15/2024 09:42:53 - INFO - root - Image have been saved in /shenzihe/WD-Disk/output/exp2/dog6/checkpoint-100/images/with_a_tree_and_autumn_leaves_in_the_background/
11/15/2024 09:43:07 - INFO - root - Image have been saved in /shenzihe/WD-Disk/output/exp2/dog6/checkpoint-100/images/with_a_tree_and_autumn_leaves_in_the_background/
11/15/2024 09:43:21 - INFO - root - Image have been saved in /shenzihe/WD-Disk/output/exp2/dog6/checkpoint-100/images/with_a_tree_and_autumn_leaves_in_the_background/
11/15/2024 09:43:34 - INFO - root - Image have been saved in /shenzihe/WD-Disk/output/exp2/dog6/checkpoint-100/images/with_a_tree_and_autumn_leaves_in_the_background/
11/15/2024 09:43:34 - INFO - __main__ - Running validation... 
 Generating 4 images with prompt:with the Eiffel Tower in the background.
11/15/2024 09:43:48 - INFO - root - Image have been saved in /shenzihe/WD-Disk/output/exp2/dog6/checkpoint-100/images/with_the_Eiffel_Tower_in_the_background/
11/15/2024 09:44:02 - INFO - root - Image have been saved in /shenzihe/WD-Disk/output/exp2/dog6/checkpoint-100/images/with_the_Eiffel_Tower_in_the_background/
11/15/2024 09:44:25 - INFO - root - Image have been saved in /shenzihe/WD-Disk/output/exp2/dog6/checkpoint-100/images/with_the_Eiffel_Tower_in_the_background/
11/15/2024 09:44:41 - INFO - root - Image have been saved in /shenzihe/WD-Disk/output/exp2/dog6/checkpoint-100/images/with_the_Eiffel_Tower_in_the_background/
11/15/2024 09:44:41 - INFO - __main__ - Running validation... 
 Generating 4 images with prompt:floating on top of water.
11/15/2024 09:44:56 - INFO - root - Image have been saved in /shenzihe/WD-Disk/output/exp2/dog6/checkpoint-100/images/floating_on_top_of_water/
11/15/2024 09:45:09 - INFO - root - Image have been saved in /shenzihe/WD-Disk/output/exp2/dog6/checkpoint-100/images/floating_on_top_of_water/
11/15/2024 09:45:23 - INFO - root - Image have been saved in /shenzihe/WD-Disk/output/exp2/dog6/checkpoint-100/images/floating_on_top_of_water/
11/15/2024 09:45:37 - INFO - root - Image have been saved in /shenzihe/WD-Disk/output/exp2/dog6/checkpoint-100/images/floating_on_top_of_water/
11/15/2024 09:45:37 - INFO - __main__ - Running validation... 
 Generating 4 images with prompt:floating in an ocean of milk.
11/15/2024 09:45:51 - INFO - root - Image have been saved in /shenzihe/WD-Disk/output/exp2/dog6/checkpoint-100/images/floating_in_an_ocean_of_milk/
11/15/2024 09:46:05 - INFO - root - Image have been saved in /shenzihe/WD-Disk/output/exp2/dog6/checkpoint-100/images/floating_in_an_ocean_of_milk/
11/15/2024 09:46:19 - INFO - root - Image have been saved in /shenzihe/WD-Disk/output/exp2/dog6/checkpoint-100/images/floating_in_an_ocean_of_milk/
11/15/2024 09:46:33 - INFO - root - Image have been saved in /shenzihe/WD-Disk/output/exp2/dog6/checkpoint-100/images/floating_in_an_ocean_of_milk/
11/15/2024 09:46:33 - INFO - __main__ - Running validation... 
 Generating 4 images with prompt:on top of green grass with sunflowers around it.
11/15/2024 09:46:47 - INFO - root - Image have been saved in /shenzihe/WD-Disk/output/exp2/dog6/checkpoint-100/images/on_top_of_green_grass_with_sunflowers_around_it/
11/15/2024 09:47:00 - INFO - root - Image have been saved in /shenzihe/WD-Disk/output/exp2/dog6/checkpoint-100/images/on_top_of_green_grass_with_sunflowers_around_it/
11/15/2024 09:47:14 - INFO - root - Image have been saved in /shenzihe/WD-Disk/output/exp2/dog6/checkpoint-100/images/on_top_of_green_grass_with_sunflowers_around_it/
11/15/2024 09:47:28 - INFO - root - Image have been saved in /shenzihe/WD-Disk/output/exp2/dog6/checkpoint-100/images/on_top_of_green_grass_with_sunflowers_around_it/
11/15/2024 09:47:28 - INFO - __main__ - Running validation... 
 Generating 4 images with prompt:on top of a mirror.
11/15/2024 09:47:42 - INFO - root - Image have been saved in /shenzihe/WD-Disk/output/exp2/dog6/checkpoint-100/images/on_top_of_a_mirror/
11/15/2024 09:47:56 - INFO - root - Image have been saved in /shenzihe/WD-Disk/output/exp2/dog6/checkpoint-100/images/on_top_of_a_mirror/
11/15/2024 09:48:10 - INFO - root - Image have been saved in /shenzihe/WD-Disk/output/exp2/dog6/checkpoint-100/images/on_top_of_a_mirror/
11/15/2024 09:48:24 - INFO - root - Image have been saved in /shenzihe/WD-Disk/output/exp2/dog6/checkpoint-100/images/on_top_of_a_mirror/
11/15/2024 09:48:24 - INFO - __main__ - Running validation... 
 Generating 4 images with prompt:on top of the sidewalk in a crowded street.
11/15/2024 09:48:37 - INFO - root - Image have been saved in /shenzihe/WD-Disk/output/exp2/dog6/checkpoint-100/images/on_top_of_the_sidewalk_in_a_crowded_street/
11/15/2024 09:48:51 - INFO - root - Image have been saved in /shenzihe/WD-Disk/output/exp2/dog6/checkpoint-100/images/on_top_of_the_sidewalk_in_a_crowded_street/
11/15/2024 09:49:05 - INFO - root - Image have been saved in /shenzihe/WD-Disk/output/exp2/dog6/checkpoint-100/images/on_top_of_the_sidewalk_in_a_crowded_street/
11/15/2024 09:49:19 - INFO - root - Image have been saved in /shenzihe/WD-Disk/output/exp2/dog6/checkpoint-100/images/on_top_of_the_sidewalk_in_a_crowded_street/
11/15/2024 09:49:19 - INFO - __main__ - Running validation... 
 Generating 4 images with prompt:on top of a dirt road.
11/15/2024 09:49:33 - INFO - root - Image have been saved in /shenzihe/WD-Disk/output/exp2/dog6/checkpoint-100/images/on_top_of_a_dirt_road/
11/15/2024 09:49:47 - INFO - root - Image have been saved in /shenzihe/WD-Disk/output/exp2/dog6/checkpoint-100/images/on_top_of_a_dirt_road/
11/15/2024 09:50:00 - INFO - root - Image have been saved in /shenzihe/WD-Disk/output/exp2/dog6/checkpoint-100/images/on_top_of_a_dirt_road/
11/15/2024 09:50:14 - INFO - root - Image have been saved in /shenzihe/WD-Disk/output/exp2/dog6/checkpoint-100/images/on_top_of_a_dirt_road/
11/15/2024 09:50:14 - INFO - __main__ - Running validation... 
 Generating 4 images with prompt:on top of a white rug.
11/15/2024 09:50:28 - INFO - root - Image have been saved in /shenzihe/WD-Disk/output/exp2/dog6/checkpoint-100/images/on_top_of_a_white_rug/
11/15/2024 09:50:42 - INFO - root - Image have been saved in /shenzihe/WD-Disk/output/exp2/dog6/checkpoint-100/images/on_top_of_a_white_rug/
11/15/2024 09:50:56 - INFO - root - Image have been saved in /shenzihe/WD-Disk/output/exp2/dog6/checkpoint-100/images/on_top_of_a_white_rug/
11/15/2024 09:51:10 - INFO - root - Image have been saved in /shenzihe/WD-Disk/output/exp2/dog6/checkpoint-100/images/on_top_of_a_white_rug/
11/15/2024 09:51:10 - INFO - __main__ - Running validation... 
 Generating 4 images with prompt:red.
11/15/2024 09:51:23 - INFO - root - Image have been saved in /shenzihe/WD-Disk/output/exp2/dog6/checkpoint-100/images/red/
11/15/2024 09:51:37 - INFO - root - Image have been saved in /shenzihe/WD-Disk/output/exp2/dog6/checkpoint-100/images/red/
11/15/2024 09:51:51 - INFO - root - Image have been saved in /shenzihe/WD-Disk/output/exp2/dog6/checkpoint-100/images/red/
11/15/2024 09:52:05 - INFO - root - Image have been saved in /shenzihe/WD-Disk/output/exp2/dog6/checkpoint-100/images/red/
11/15/2024 09:52:05 - INFO - __main__ - Running validation... 
 Generating 4 images with prompt:purple.
11/15/2024 09:52:19 - INFO - root - Image have been saved in /shenzihe/WD-Disk/output/exp2/dog6/checkpoint-100/images/purple/
11/15/2024 09:52:33 - INFO - root - Image have been saved in /shenzihe/WD-Disk/output/exp2/dog6/checkpoint-100/images/purple/
11/15/2024 09:52:46 - INFO - root - Image have been saved in /shenzihe/WD-Disk/output/exp2/dog6/checkpoint-100/images/purple/
11/15/2024 09:53:00 - INFO - root - Image have been saved in /shenzihe/WD-Disk/output/exp2/dog6/checkpoint-100/images/purple/
11/15/2024 09:53:00 - INFO - __main__ - Running validation... 
 Generating 4 images with prompt:shiny.
11/15/2024 09:53:14 - INFO - root - Image have been saved in /shenzihe/WD-Disk/output/exp2/dog6/checkpoint-100/images/shiny/
11/15/2024 09:53:28 - INFO - root - Image have been saved in /shenzihe/WD-Disk/output/exp2/dog6/checkpoint-100/images/shiny/
11/15/2024 09:53:41 - INFO - root - Image have been saved in /shenzihe/WD-Disk/output/exp2/dog6/checkpoint-100/images/shiny/
11/15/2024 09:53:55 - INFO - root - Image have been saved in /shenzihe/WD-Disk/output/exp2/dog6/checkpoint-100/images/shiny/
11/15/2024 09:53:55 - INFO - __main__ - Running validation... 
 Generating 4 images with prompt:wet.
11/15/2024 09:54:09 - INFO - root - Image have been saved in /shenzihe/WD-Disk/output/exp2/dog6/checkpoint-100/images/wet/
11/15/2024 09:54:23 - INFO - root - Image have been saved in /shenzihe/WD-Disk/output/exp2/dog6/checkpoint-100/images/wet/
11/15/2024 09:54:37 - INFO - root - Image have been saved in /shenzihe/WD-Disk/output/exp2/dog6/checkpoint-100/images/wet/
11/15/2024 09:54:51 - INFO - root - Image have been saved in /shenzihe/WD-Disk/output/exp2/dog6/checkpoint-100/images/wet/
11/15/2024 09:54:51 - INFO - __main__ - Running validation... 
 Generating 4 images with prompt:cube shaped.
11/15/2024 09:55:04 - INFO - root - Image have been saved in /shenzihe/WD-Disk/output/exp2/dog6/checkpoint-100/images/cube_shaped/
11/15/2024 09:55:18 - INFO - root - Image have been saved in /shenzihe/WD-Disk/output/exp2/dog6/checkpoint-100/images/cube_shaped/
11/15/2024 09:55:32 - INFO - root - Image have been saved in /shenzihe/WD-Disk/output/exp2/dog6/checkpoint-100/images/cube_shaped/
11/15/2024 09:55:46 - INFO - root - Image have been saved in /shenzihe/WD-Disk/output/exp2/dog6/checkpoint-100/images/cube_shaped/
