11/15/2024 12:53:26 - INFO - __main__ - Distributed environment: NO
Num processes: 1
Process index: 0
Local process index: 0
Device: cuda

Mixed precision type: no

11/15/2024 12:53:28 - INFO - root - freeze vision encoder
11/15/2024 12:53:40 - INFO - root - Loading pretrained model from /root/.cache/torch/hub/checkpoints/blip-diffusion
11/15/2024 12:53:40 - INFO - root - Loading pretrained BLIP2 Qformer weights.
11/15/2024 12:53:42 - INFO - root - Loading pretrained projection lyer weights.
11/15/2024 12:53:42 - INFO - root - Loading pretrained text encoder weights.
11/15/2024 12:53:42 - INFO - root - Loading pretrained vae weights.
11/15/2024 12:53:43 - INFO - root - Loading pretrained unet weights.
11/15/2024 12:53:50 - INFO - root - Using xformers.
11/15/2024 12:53:50 - INFO - root - Building datasets...
11/15/2024 12:54:01 - INFO - root - freeze vision encoder
11/15/2024 12:54:31 - INFO - root - load checkpoint from https://storage.googleapis.com/sfr-vision-language-research/LAVIS/models/BLIP2/blip2_pretrained_flant5xl.pth
11/15/2024 12:54:32 - INFO - __main__ - 
***** Running training *****
11/15/2024 12:54:32 - INFO - __main__ -   Num examples = 6
11/15/2024 12:54:32 - INFO - __main__ -   Num batches each epoch = 2
11/15/2024 12:54:32 - INFO - __main__ -   Num Epochs = 50
11/15/2024 12:54:32 - INFO - __main__ -   Instantaneous batch size per device = 3
11/15/2024 12:54:32 - INFO - __main__ -   Total train batch size (w. parallel, distributed & accumulation) = 3
11/15/2024 12:54:32 - INFO - __main__ -   Gradient Accumulation steps = 1
11/15/2024 12:54:32 - INFO - __main__ -   Total optimization steps = 100
11/15/2024 13:00:06 - INFO - __main__ - Running validation... 
 Generating 4 images with prompt:in the jungle.
11/15/2024 13:00:21 - INFO - root - Image have been saved in /shenzihe/WD-Disk/output/exp2/pink_sunglasses/checkpoint-100/images/in_the_jungle/
11/15/2024 13:00:35 - INFO - root - Image have been saved in /shenzihe/WD-Disk/output/exp2/pink_sunglasses/checkpoint-100/images/in_the_jungle/
11/15/2024 13:00:50 - INFO - root - Image have been saved in /shenzihe/WD-Disk/output/exp2/pink_sunglasses/checkpoint-100/images/in_the_jungle/
11/15/2024 13:01:04 - INFO - root - Image have been saved in /shenzihe/WD-Disk/output/exp2/pink_sunglasses/checkpoint-100/images/in_the_jungle/
11/15/2024 13:01:04 - INFO - __main__ - Running validation... 
 Generating 4 images with prompt:in the snow.
11/15/2024 13:01:17 - INFO - root - Image have been saved in /shenzihe/WD-Disk/output/exp2/pink_sunglasses/checkpoint-100/images/in_the_snow/
11/15/2024 13:01:31 - INFO - root - Image have been saved in /shenzihe/WD-Disk/output/exp2/pink_sunglasses/checkpoint-100/images/in_the_snow/
11/15/2024 13:01:45 - INFO - root - Image have been saved in /shenzihe/WD-Disk/output/exp2/pink_sunglasses/checkpoint-100/images/in_the_snow/
11/15/2024 13:01:59 - INFO - root - Image have been saved in /shenzihe/WD-Disk/output/exp2/pink_sunglasses/checkpoint-100/images/in_the_snow/
11/15/2024 13:01:59 - INFO - __main__ - Running validation... 
 Generating 4 images with prompt:on the beach.
11/15/2024 13:02:13 - INFO - root - Image have been saved in /shenzihe/WD-Disk/output/exp2/pink_sunglasses/checkpoint-100/images/on_the_beach/
11/15/2024 13:02:27 - INFO - root - Image have been saved in /shenzihe/WD-Disk/output/exp2/pink_sunglasses/checkpoint-100/images/on_the_beach/
11/15/2024 13:02:41 - INFO - root - Image have been saved in /shenzihe/WD-Disk/output/exp2/pink_sunglasses/checkpoint-100/images/on_the_beach/
11/15/2024 13:02:55 - INFO - root - Image have been saved in /shenzihe/WD-Disk/output/exp2/pink_sunglasses/checkpoint-100/images/on_the_beach/
11/15/2024 13:02:55 - INFO - __main__ - Running validation... 
 Generating 4 images with prompt:on a cobblestone street.
11/15/2024 13:03:08 - INFO - root - Image have been saved in /shenzihe/WD-Disk/output/exp2/pink_sunglasses/checkpoint-100/images/on_a_cobblestone_street/
11/15/2024 13:03:22 - INFO - root - Image have been saved in /shenzihe/WD-Disk/output/exp2/pink_sunglasses/checkpoint-100/images/on_a_cobblestone_street/
11/15/2024 13:03:36 - INFO - root - Image have been saved in /shenzihe/WD-Disk/output/exp2/pink_sunglasses/checkpoint-100/images/on_a_cobblestone_street/
11/15/2024 13:03:50 - INFO - root - Image have been saved in /shenzihe/WD-Disk/output/exp2/pink_sunglasses/checkpoint-100/images/on_a_cobblestone_street/
11/15/2024 13:03:50 - INFO - __main__ - Running validation... 
 Generating 4 images with prompt:on top of pink fabric.
11/15/2024 13:04:04 - INFO - root - Image have been saved in /shenzihe/WD-Disk/output/exp2/pink_sunglasses/checkpoint-100/images/on_top_of_pink_fabric/
11/15/2024 13:04:17 - INFO - root - Image have been saved in /shenzihe/WD-Disk/output/exp2/pink_sunglasses/checkpoint-100/images/on_top_of_pink_fabric/
11/15/2024 13:04:31 - INFO - root - Image have been saved in /shenzihe/WD-Disk/output/exp2/pink_sunglasses/checkpoint-100/images/on_top_of_pink_fabric/
11/15/2024 13:04:45 - INFO - root - Image have been saved in /shenzihe/WD-Disk/output/exp2/pink_sunglasses/checkpoint-100/images/on_top_of_pink_fabric/
11/15/2024 13:04:45 - INFO - __main__ - Running validation... 
 Generating 4 images with prompt:on top of a wooden floor.
11/15/2024 13:04:59 - INFO - root - Image have been saved in /shenzihe/WD-Disk/output/exp2/pink_sunglasses/checkpoint-100/images/on_top_of_a_wooden_floor/
11/15/2024 13:05:13 - INFO - root - Image have been saved in /shenzihe/WD-Disk/output/exp2/pink_sunglasses/checkpoint-100/images/on_top_of_a_wooden_floor/
11/15/2024 13:05:27 - INFO - root - Image have been saved in /shenzihe/WD-Disk/output/exp2/pink_sunglasses/checkpoint-100/images/on_top_of_a_wooden_floor/
11/15/2024 13:05:40 - INFO - root - Image have been saved in /shenzihe/WD-Disk/output/exp2/pink_sunglasses/checkpoint-100/images/on_top_of_a_wooden_floor/
11/15/2024 13:05:40 - INFO - __main__ - Running validation... 
 Generating 4 images with prompt:with a city in the background.
11/15/2024 13:05:54 - INFO - root - Image have been saved in /shenzihe/WD-Disk/output/exp2/pink_sunglasses/checkpoint-100/images/with_a_city_in_the_background/
11/15/2024 13:06:08 - INFO - root - Image have been saved in /shenzihe/WD-Disk/output/exp2/pink_sunglasses/checkpoint-100/images/with_a_city_in_the_background/
11/15/2024 13:06:22 - INFO - root - Image have been saved in /shenzihe/WD-Disk/output/exp2/pink_sunglasses/checkpoint-100/images/with_a_city_in_the_background/
11/15/2024 13:06:36 - INFO - root - Image have been saved in /shenzihe/WD-Disk/output/exp2/pink_sunglasses/checkpoint-100/images/with_a_city_in_the_background/
11/15/2024 13:06:36 - INFO - __main__ - Running validation... 
 Generating 4 images with prompt:with a mountain in the background.
11/15/2024 13:06:50 - INFO - root - Image have been saved in /shenzihe/WD-Disk/output/exp2/pink_sunglasses/checkpoint-100/images/with_a_mountain_in_the_background/
11/15/2024 13:07:04 - INFO - root - Image have been saved in /shenzihe/WD-Disk/output/exp2/pink_sunglasses/checkpoint-100/images/with_a_mountain_in_the_background/
11/15/2024 13:07:18 - INFO - root - Image have been saved in /shenzihe/WD-Disk/output/exp2/pink_sunglasses/checkpoint-100/images/with_a_mountain_in_the_background/
11/15/2024 13:07:31 - INFO - root - Image have been saved in /shenzihe/WD-Disk/output/exp2/pink_sunglasses/checkpoint-100/images/with_a_mountain_in_the_background/
11/15/2024 13:07:31 - INFO - __main__ - Running validation... 
 Generating 4 images with prompt:with a blue house in the background.
11/15/2024 13:07:45 - INFO - root - Image have been saved in /shenzihe/WD-Disk/output/exp2/pink_sunglasses/checkpoint-100/images/with_a_blue_house_in_the_background/
11/15/2024 13:07:59 - INFO - root - Image have been saved in /shenzihe/WD-Disk/output/exp2/pink_sunglasses/checkpoint-100/images/with_a_blue_house_in_the_background/
11/15/2024 13:08:13 - INFO - root - Image have been saved in /shenzihe/WD-Disk/output/exp2/pink_sunglasses/checkpoint-100/images/with_a_blue_house_in_the_background/
11/15/2024 13:08:27 - INFO - root - Image have been saved in /shenzihe/WD-Disk/output/exp2/pink_sunglasses/checkpoint-100/images/with_a_blue_house_in_the_background/
11/15/2024 13:08:27 - INFO - __main__ - Running validation... 
 Generating 4 images with prompt:on top of a purple rug in a forest.
11/15/2024 13:08:40 - INFO - root - Image have been saved in /shenzihe/WD-Disk/output/exp2/pink_sunglasses/checkpoint-100/images/on_top_of_a_purple_rug_in_a_forest/
11/15/2024 13:08:54 - INFO - root - Image have been saved in /shenzihe/WD-Disk/output/exp2/pink_sunglasses/checkpoint-100/images/on_top_of_a_purple_rug_in_a_forest/
11/15/2024 13:09:08 - INFO - root - Image have been saved in /shenzihe/WD-Disk/output/exp2/pink_sunglasses/checkpoint-100/images/on_top_of_a_purple_rug_in_a_forest/
11/15/2024 13:09:22 - INFO - root - Image have been saved in /shenzihe/WD-Disk/output/exp2/pink_sunglasses/checkpoint-100/images/on_top_of_a_purple_rug_in_a_forest/
11/15/2024 13:09:22 - INFO - __main__ - Running validation... 
 Generating 4 images with prompt:with a wheat field in the background.
11/15/2024 13:09:36 - INFO - root - Image have been saved in /shenzihe/WD-Disk/output/exp2/pink_sunglasses/checkpoint-100/images/with_a_wheat_field_in_the_background/
11/15/2024 13:09:50 - INFO - root - Image have been saved in /shenzihe/WD-Disk/output/exp2/pink_sunglasses/checkpoint-100/images/with_a_wheat_field_in_the_background/
11/15/2024 13:10:03 - INFO - root - Image have been saved in /shenzihe/WD-Disk/output/exp2/pink_sunglasses/checkpoint-100/images/with_a_wheat_field_in_the_background/
11/15/2024 13:10:17 - INFO - root - Image have been saved in /shenzihe/WD-Disk/output/exp2/pink_sunglasses/checkpoint-100/images/with_a_wheat_field_in_the_background/
11/15/2024 13:10:17 - INFO - __main__ - Running validation... 
 Generating 4 images with prompt:with a tree and autumn leaves in the background.
11/15/2024 13:10:31 - INFO - root - Image have been saved in /shenzihe/WD-Disk/output/exp2/pink_sunglasses/checkpoint-100/images/with_a_tree_and_autumn_leaves_in_the_background/
11/15/2024 13:10:45 - INFO - root - Image have been saved in /shenzihe/WD-Disk/output/exp2/pink_sunglasses/checkpoint-100/images/with_a_tree_and_autumn_leaves_in_the_background/
11/15/2024 13:10:59 - INFO - root - Image have been saved in /shenzihe/WD-Disk/output/exp2/pink_sunglasses/checkpoint-100/images/with_a_tree_and_autumn_leaves_in_the_background/
11/15/2024 13:11:13 - INFO - root - Image have been saved in /shenzihe/WD-Disk/output/exp2/pink_sunglasses/checkpoint-100/images/with_a_tree_and_autumn_leaves_in_the_background/
11/15/2024 13:11:13 - INFO - __main__ - Running validation... 
 Generating 4 images with prompt:with the Eiffel Tower in the background.
11/15/2024 13:11:26 - INFO - root - Image have been saved in /shenzihe/WD-Disk/output/exp2/pink_sunglasses/checkpoint-100/images/with_the_Eiffel_Tower_in_the_background/
11/15/2024 13:11:40 - INFO - root - Image have been saved in /shenzihe/WD-Disk/output/exp2/pink_sunglasses/checkpoint-100/images/with_the_Eiffel_Tower_in_the_background/
11/15/2024 13:11:54 - INFO - root - Image have been saved in /shenzihe/WD-Disk/output/exp2/pink_sunglasses/checkpoint-100/images/with_the_Eiffel_Tower_in_the_background/
11/15/2024 13:12:08 - INFO - root - Image have been saved in /shenzihe/WD-Disk/output/exp2/pink_sunglasses/checkpoint-100/images/with_the_Eiffel_Tower_in_the_background/
11/15/2024 13:12:08 - INFO - __main__ - Running validation... 
 Generating 4 images with prompt:floating on top of water.
11/15/2024 13:12:22 - INFO - root - Image have been saved in /shenzihe/WD-Disk/output/exp2/pink_sunglasses/checkpoint-100/images/floating_on_top_of_water/
11/15/2024 13:12:36 - INFO - root - Image have been saved in /shenzihe/WD-Disk/output/exp2/pink_sunglasses/checkpoint-100/images/floating_on_top_of_water/
11/15/2024 13:12:49 - INFO - root - Image have been saved in /shenzihe/WD-Disk/output/exp2/pink_sunglasses/checkpoint-100/images/floating_on_top_of_water/
11/15/2024 13:13:03 - INFO - root - Image have been saved in /shenzihe/WD-Disk/output/exp2/pink_sunglasses/checkpoint-100/images/floating_on_top_of_water/
11/15/2024 13:13:03 - INFO - __main__ - Running validation... 
 Generating 4 images with prompt:floating in an ocean of milk.
11/15/2024 13:13:17 - INFO - root - Image have been saved in /shenzihe/WD-Disk/output/exp2/pink_sunglasses/checkpoint-100/images/floating_in_an_ocean_of_milk/
11/15/2024 13:13:31 - INFO - root - Image have been saved in /shenzihe/WD-Disk/output/exp2/pink_sunglasses/checkpoint-100/images/floating_in_an_ocean_of_milk/
11/15/2024 13:13:45 - INFO - root - Image have been saved in /shenzihe/WD-Disk/output/exp2/pink_sunglasses/checkpoint-100/images/floating_in_an_ocean_of_milk/
11/15/2024 13:13:59 - INFO - root - Image have been saved in /shenzihe/WD-Disk/output/exp2/pink_sunglasses/checkpoint-100/images/floating_in_an_ocean_of_milk/
11/15/2024 13:13:59 - INFO - __main__ - Running validation... 
 Generating 4 images with prompt:on top of green grass with sunflowers around it.
11/15/2024 13:14:13 - INFO - root - Image have been saved in /shenzihe/WD-Disk/output/exp2/pink_sunglasses/checkpoint-100/images/on_top_of_green_grass_with_sunflowers_around_it/
11/15/2024 13:14:27 - INFO - root - Image have been saved in /shenzihe/WD-Disk/output/exp2/pink_sunglasses/checkpoint-100/images/on_top_of_green_grass_with_sunflowers_around_it/
11/15/2024 13:14:40 - INFO - root - Image have been saved in /shenzihe/WD-Disk/output/exp2/pink_sunglasses/checkpoint-100/images/on_top_of_green_grass_with_sunflowers_around_it/
11/15/2024 13:14:54 - INFO - root - Image have been saved in /shenzihe/WD-Disk/output/exp2/pink_sunglasses/checkpoint-100/images/on_top_of_green_grass_with_sunflowers_around_it/
11/15/2024 13:14:54 - INFO - __main__ - Running validation... 
 Generating 4 images with prompt:on top of a mirror.
11/15/2024 13:15:08 - INFO - root - Image have been saved in /shenzihe/WD-Disk/output/exp2/pink_sunglasses/checkpoint-100/images/on_top_of_a_mirror/
11/15/2024 13:15:22 - INFO - root - Image have been saved in /shenzihe/WD-Disk/output/exp2/pink_sunglasses/checkpoint-100/images/on_top_of_a_mirror/
11/15/2024 13:15:36 - INFO - root - Image have been saved in /shenzihe/WD-Disk/output/exp2/pink_sunglasses/checkpoint-100/images/on_top_of_a_mirror/
11/15/2024 13:15:50 - INFO - root - Image have been saved in /shenzihe/WD-Disk/output/exp2/pink_sunglasses/checkpoint-100/images/on_top_of_a_mirror/
11/15/2024 13:15:50 - INFO - __main__ - Running validation... 
 Generating 4 images with prompt:on top of the sidewalk in a crowded street.
11/15/2024 13:16:03 - INFO - root - Image have been saved in /shenzihe/WD-Disk/output/exp2/pink_sunglasses/checkpoint-100/images/on_top_of_the_sidewalk_in_a_crowded_street/
11/15/2024 13:16:17 - INFO - root - Image have been saved in /shenzihe/WD-Disk/output/exp2/pink_sunglasses/checkpoint-100/images/on_top_of_the_sidewalk_in_a_crowded_street/
11/15/2024 13:16:31 - INFO - root - Image have been saved in /shenzihe/WD-Disk/output/exp2/pink_sunglasses/checkpoint-100/images/on_top_of_the_sidewalk_in_a_crowded_street/
11/15/2024 13:16:45 - INFO - root - Image have been saved in /shenzihe/WD-Disk/output/exp2/pink_sunglasses/checkpoint-100/images/on_top_of_the_sidewalk_in_a_crowded_street/
11/15/2024 13:16:45 - INFO - __main__ - Running validation... 
 Generating 4 images with prompt:on top of a dirt road.
11/15/2024 13:16:59 - INFO - root - Image have been saved in /shenzihe/WD-Disk/output/exp2/pink_sunglasses/checkpoint-100/images/on_top_of_a_dirt_road/
11/15/2024 13:17:13 - INFO - root - Image have been saved in /shenzihe/WD-Disk/output/exp2/pink_sunglasses/checkpoint-100/images/on_top_of_a_dirt_road/
11/15/2024 13:17:26 - INFO - root - Image have been saved in /shenzihe/WD-Disk/output/exp2/pink_sunglasses/checkpoint-100/images/on_top_of_a_dirt_road/
11/15/2024 13:17:40 - INFO - root - Image have been saved in /shenzihe/WD-Disk/output/exp2/pink_sunglasses/checkpoint-100/images/on_top_of_a_dirt_road/
11/15/2024 13:17:40 - INFO - __main__ - Running validation... 
 Generating 4 images with prompt:on top of a white rug.
11/15/2024 13:17:54 - INFO - root - Image have been saved in /shenzihe/WD-Disk/output/exp2/pink_sunglasses/checkpoint-100/images/on_top_of_a_white_rug/
11/15/2024 13:18:08 - INFO - root - Image have been saved in /shenzihe/WD-Disk/output/exp2/pink_sunglasses/checkpoint-100/images/on_top_of_a_white_rug/
11/15/2024 13:18:22 - INFO - root - Image have been saved in /shenzihe/WD-Disk/output/exp2/pink_sunglasses/checkpoint-100/images/on_top_of_a_white_rug/
11/15/2024 13:18:35 - INFO - root - Image have been saved in /shenzihe/WD-Disk/output/exp2/pink_sunglasses/checkpoint-100/images/on_top_of_a_white_rug/
11/15/2024 13:18:35 - INFO - __main__ - Running validation... 
 Generating 4 images with prompt:red.
11/15/2024 13:18:49 - INFO - root - Image have been saved in /shenzihe/WD-Disk/output/exp2/pink_sunglasses/checkpoint-100/images/red/
11/15/2024 13:19:03 - INFO - root - Image have been saved in /shenzihe/WD-Disk/output/exp2/pink_sunglasses/checkpoint-100/images/red/
11/15/2024 13:19:17 - INFO - root - Image have been saved in /shenzihe/WD-Disk/output/exp2/pink_sunglasses/checkpoint-100/images/red/
11/15/2024 13:19:31 - INFO - root - Image have been saved in /shenzihe/WD-Disk/output/exp2/pink_sunglasses/checkpoint-100/images/red/
11/15/2024 13:19:31 - INFO - __main__ - Running validation... 
 Generating 4 images with prompt:purple.
11/15/2024 13:19:44 - INFO - root - Image have been saved in /shenzihe/WD-Disk/output/exp2/pink_sunglasses/checkpoint-100/images/purple/
11/15/2024 13:19:58 - INFO - root - Image have been saved in /shenzihe/WD-Disk/output/exp2/pink_sunglasses/checkpoint-100/images/purple/
11/15/2024 13:20:12 - INFO - root - Image have been saved in /shenzihe/WD-Disk/output/exp2/pink_sunglasses/checkpoint-100/images/purple/
11/15/2024 13:20:26 - INFO - root - Image have been saved in /shenzihe/WD-Disk/output/exp2/pink_sunglasses/checkpoint-100/images/purple/
11/15/2024 13:20:26 - INFO - __main__ - Running validation... 
 Generating 4 images with prompt:shiny.
11/15/2024 13:20:40 - INFO - root - Image have been saved in /shenzihe/WD-Disk/output/exp2/pink_sunglasses/checkpoint-100/images/shiny/
11/15/2024 13:20:54 - INFO - root - Image have been saved in /shenzihe/WD-Disk/output/exp2/pink_sunglasses/checkpoint-100/images/shiny/
11/15/2024 13:21:07 - INFO - root - Image have been saved in /shenzihe/WD-Disk/output/exp2/pink_sunglasses/checkpoint-100/images/shiny/
11/15/2024 13:21:21 - INFO - root - Image have been saved in /shenzihe/WD-Disk/output/exp2/pink_sunglasses/checkpoint-100/images/shiny/
11/15/2024 13:21:21 - INFO - __main__ - Running validation... 
 Generating 4 images with prompt:wet.
11/15/2024 13:21:35 - INFO - root - Image have been saved in /shenzihe/WD-Disk/output/exp2/pink_sunglasses/checkpoint-100/images/wet/
11/15/2024 13:21:49 - INFO - root - Image have been saved in /shenzihe/WD-Disk/output/exp2/pink_sunglasses/checkpoint-100/images/wet/
11/15/2024 13:22:03 - INFO - root - Image have been saved in /shenzihe/WD-Disk/output/exp2/pink_sunglasses/checkpoint-100/images/wet/
11/15/2024 13:22:17 - INFO - root - Image have been saved in /shenzihe/WD-Disk/output/exp2/pink_sunglasses/checkpoint-100/images/wet/
11/15/2024 13:22:17 - INFO - __main__ - Running validation... 
 Generating 4 images with prompt:cube shaped.
11/15/2024 13:22:30 - INFO - root - Image have been saved in /shenzihe/WD-Disk/output/exp2/pink_sunglasses/checkpoint-100/images/cube_shaped/
11/15/2024 13:22:44 - INFO - root - Image have been saved in /shenzihe/WD-Disk/output/exp2/pink_sunglasses/checkpoint-100/images/cube_shaped/
11/15/2024 13:22:58 - INFO - root - Image have been saved in /shenzihe/WD-Disk/output/exp2/pink_sunglasses/checkpoint-100/images/cube_shaped/
11/15/2024 13:23:12 - INFO - root - Image have been saved in /shenzihe/WD-Disk/output/exp2/pink_sunglasses/checkpoint-100/images/cube_shaped/
