11/18/2024 05:17:03 - INFO - __main__ - Distributed environment: NO
Num processes: 1
Process index: 0
Local process index: 0
Device: cuda

Mixed precision type: no

11/18/2024 05:17:06 - INFO - root - freeze vision encoder
11/18/2024 05:17:16 - INFO - root - Loading pretrained model from /root/.cache/torch/hub/checkpoints/blip-diffusion
11/18/2024 05:17:16 - INFO - root - Loading pretrained BLIP2 Qformer weights.
11/18/2024 05:17:18 - INFO - root - Loading pretrained projection lyer weights.
11/18/2024 05:17:18 - INFO - root - Loading pretrained text encoder weights.
11/18/2024 05:17:19 - INFO - root - Loading pretrained vae weights.
11/18/2024 05:17:19 - INFO - root - Loading pretrained unet weights.
11/18/2024 05:17:27 - INFO - root - Using xformers.
11/18/2024 05:17:27 - INFO - root - Building datasets...
11/18/2024 05:17:38 - INFO - root - freeze vision encoder
11/18/2024 05:18:07 - INFO - root - load checkpoint from https://storage.googleapis.com/sfr-vision-language-research/LAVIS/models/BLIP2/blip2_pretrained_flant5xl.pth
11/18/2024 05:18:08 - INFO - __main__ - 
***** Running training *****
11/18/2024 05:18:08 - INFO - __main__ -   Num examples = 5
11/18/2024 05:18:08 - INFO - __main__ -   Num batches each epoch = 2
11/18/2024 05:18:08 - INFO - __main__ -   Num Epochs = 50
11/18/2024 05:18:08 - INFO - __main__ -   Instantaneous batch size per device = 3
11/18/2024 05:18:08 - INFO - __main__ -   Total train batch size (w. parallel, distributed & accumulation) = 3
11/18/2024 05:18:08 - INFO - __main__ -   Gradient Accumulation steps = 1
11/18/2024 05:18:08 - INFO - __main__ -   Total optimization steps = 100
11/18/2024 05:23:36 - INFO - __main__ - Running validation... 
 Generating 4 images with prompt:in the jungle.
11/18/2024 05:23:50 - INFO - root - Image have been saved in /shenzihe/WD-Disk/output/exp3/teapot/checkpoint-100/images/in_the_jungle/
11/18/2024 05:24:04 - INFO - root - Image have been saved in /shenzihe/WD-Disk/output/exp3/teapot/checkpoint-100/images/in_the_jungle/
11/18/2024 05:24:18 - INFO - root - Image have been saved in /shenzihe/WD-Disk/output/exp3/teapot/checkpoint-100/images/in_the_jungle/
11/18/2024 05:24:32 - INFO - root - Image have been saved in /shenzihe/WD-Disk/output/exp3/teapot/checkpoint-100/images/in_the_jungle/
11/18/2024 05:24:32 - INFO - __main__ - Running validation... 
 Generating 4 images with prompt:in the snow.
11/18/2024 05:24:46 - INFO - root - Image have been saved in /shenzihe/WD-Disk/output/exp3/teapot/checkpoint-100/images/in_the_snow/
11/18/2024 05:25:00 - INFO - root - Image have been saved in /shenzihe/WD-Disk/output/exp3/teapot/checkpoint-100/images/in_the_snow/
11/18/2024 05:25:14 - INFO - root - Image have been saved in /shenzihe/WD-Disk/output/exp3/teapot/checkpoint-100/images/in_the_snow/
11/18/2024 05:25:28 - INFO - root - Image have been saved in /shenzihe/WD-Disk/output/exp3/teapot/checkpoint-100/images/in_the_snow/
11/18/2024 05:25:28 - INFO - __main__ - Running validation... 
 Generating 4 images with prompt:on the beach.
11/18/2024 05:25:42 - INFO - root - Image have been saved in /shenzihe/WD-Disk/output/exp3/teapot/checkpoint-100/images/on_the_beach/
11/18/2024 05:25:56 - INFO - root - Image have been saved in /shenzihe/WD-Disk/output/exp3/teapot/checkpoint-100/images/on_the_beach/
11/18/2024 05:26:10 - INFO - root - Image have been saved in /shenzihe/WD-Disk/output/exp3/teapot/checkpoint-100/images/on_the_beach/
11/18/2024 05:26:24 - INFO - root - Image have been saved in /shenzihe/WD-Disk/output/exp3/teapot/checkpoint-100/images/on_the_beach/
11/18/2024 05:26:24 - INFO - __main__ - Running validation... 
 Generating 4 images with prompt:on a cobblestone street.
11/18/2024 05:26:38 - INFO - root - Image have been saved in /shenzihe/WD-Disk/output/exp3/teapot/checkpoint-100/images/on_a_cobblestone_street/
11/18/2024 05:26:52 - INFO - root - Image have been saved in /shenzihe/WD-Disk/output/exp3/teapot/checkpoint-100/images/on_a_cobblestone_street/
11/18/2024 05:27:06 - INFO - root - Image have been saved in /shenzihe/WD-Disk/output/exp3/teapot/checkpoint-100/images/on_a_cobblestone_street/
11/18/2024 05:27:20 - INFO - root - Image have been saved in /shenzihe/WD-Disk/output/exp3/teapot/checkpoint-100/images/on_a_cobblestone_street/
11/18/2024 05:27:20 - INFO - __main__ - Running validation... 
 Generating 4 images with prompt:on top of pink fabric.
11/18/2024 05:27:34 - INFO - root - Image have been saved in /shenzihe/WD-Disk/output/exp3/teapot/checkpoint-100/images/on_top_of_pink_fabric/
11/18/2024 05:27:48 - INFO - root - Image have been saved in /shenzihe/WD-Disk/output/exp3/teapot/checkpoint-100/images/on_top_of_pink_fabric/
11/18/2024 05:28:02 - INFO - root - Image have been saved in /shenzihe/WD-Disk/output/exp3/teapot/checkpoint-100/images/on_top_of_pink_fabric/
11/18/2024 05:28:16 - INFO - root - Image have been saved in /shenzihe/WD-Disk/output/exp3/teapot/checkpoint-100/images/on_top_of_pink_fabric/
11/18/2024 05:28:16 - INFO - __main__ - Running validation... 
 Generating 4 images with prompt:on top of a wooden floor.
11/18/2024 05:28:30 - INFO - root - Image have been saved in /shenzihe/WD-Disk/output/exp3/teapot/checkpoint-100/images/on_top_of_a_wooden_floor/
11/18/2024 05:28:44 - INFO - root - Image have been saved in /shenzihe/WD-Disk/output/exp3/teapot/checkpoint-100/images/on_top_of_a_wooden_floor/
11/18/2024 05:28:58 - INFO - root - Image have been saved in /shenzihe/WD-Disk/output/exp3/teapot/checkpoint-100/images/on_top_of_a_wooden_floor/
11/18/2024 05:29:12 - INFO - root - Image have been saved in /shenzihe/WD-Disk/output/exp3/teapot/checkpoint-100/images/on_top_of_a_wooden_floor/
11/18/2024 05:29:12 - INFO - __main__ - Running validation... 
 Generating 4 images with prompt:with a city in the background.
11/18/2024 05:29:27 - INFO - root - Image have been saved in /shenzihe/WD-Disk/output/exp3/teapot/checkpoint-100/images/with_a_city_in_the_background/
11/18/2024 05:29:40 - INFO - root - Image have been saved in /shenzihe/WD-Disk/output/exp3/teapot/checkpoint-100/images/with_a_city_in_the_background/
11/18/2024 05:29:54 - INFO - root - Image have been saved in /shenzihe/WD-Disk/output/exp3/teapot/checkpoint-100/images/with_a_city_in_the_background/
11/18/2024 05:30:09 - INFO - root - Image have been saved in /shenzihe/WD-Disk/output/exp3/teapot/checkpoint-100/images/with_a_city_in_the_background/
11/18/2024 05:30:09 - INFO - __main__ - Running validation... 
 Generating 4 images with prompt:with a mountain in the background.
11/18/2024 05:30:23 - INFO - root - Image have been saved in /shenzihe/WD-Disk/output/exp3/teapot/checkpoint-100/images/with_a_mountain_in_the_background/
11/18/2024 05:30:37 - INFO - root - Image have been saved in /shenzihe/WD-Disk/output/exp3/teapot/checkpoint-100/images/with_a_mountain_in_the_background/
11/18/2024 05:30:51 - INFO - root - Image have been saved in /shenzihe/WD-Disk/output/exp3/teapot/checkpoint-100/images/with_a_mountain_in_the_background/
11/18/2024 05:31:05 - INFO - root - Image have been saved in /shenzihe/WD-Disk/output/exp3/teapot/checkpoint-100/images/with_a_mountain_in_the_background/
11/18/2024 05:31:05 - INFO - __main__ - Running validation... 
 Generating 4 images with prompt:with a blue house in the background.
11/18/2024 05:31:19 - INFO - root - Image have been saved in /shenzihe/WD-Disk/output/exp3/teapot/checkpoint-100/images/with_a_blue_house_in_the_background/
11/18/2024 05:31:33 - INFO - root - Image have been saved in /shenzihe/WD-Disk/output/exp3/teapot/checkpoint-100/images/with_a_blue_house_in_the_background/
11/18/2024 05:31:47 - INFO - root - Image have been saved in /shenzihe/WD-Disk/output/exp3/teapot/checkpoint-100/images/with_a_blue_house_in_the_background/
11/18/2024 05:32:01 - INFO - root - Image have been saved in /shenzihe/WD-Disk/output/exp3/teapot/checkpoint-100/images/with_a_blue_house_in_the_background/
11/18/2024 05:32:01 - INFO - __main__ - Running validation... 
 Generating 4 images with prompt:on top of a purple rug in a forest.
11/18/2024 05:32:15 - INFO - root - Image have been saved in /shenzihe/WD-Disk/output/exp3/teapot/checkpoint-100/images/on_top_of_a_purple_rug_in_a_forest/
11/18/2024 05:32:29 - INFO - root - Image have been saved in /shenzihe/WD-Disk/output/exp3/teapot/checkpoint-100/images/on_top_of_a_purple_rug_in_a_forest/
11/18/2024 05:32:43 - INFO - root - Image have been saved in /shenzihe/WD-Disk/output/exp3/teapot/checkpoint-100/images/on_top_of_a_purple_rug_in_a_forest/
11/18/2024 05:32:57 - INFO - root - Image have been saved in /shenzihe/WD-Disk/output/exp3/teapot/checkpoint-100/images/on_top_of_a_purple_rug_in_a_forest/
11/18/2024 05:32:57 - INFO - __main__ - Running validation... 
 Generating 4 images with prompt:with a wheat field in the background.
11/18/2024 05:33:11 - INFO - root - Image have been saved in /shenzihe/WD-Disk/output/exp3/teapot/checkpoint-100/images/with_a_wheat_field_in_the_background/
11/18/2024 05:33:25 - INFO - root - Image have been saved in /shenzihe/WD-Disk/output/exp3/teapot/checkpoint-100/images/with_a_wheat_field_in_the_background/
11/18/2024 05:33:39 - INFO - root - Image have been saved in /shenzihe/WD-Disk/output/exp3/teapot/checkpoint-100/images/with_a_wheat_field_in_the_background/
11/18/2024 05:33:53 - INFO - root - Image have been saved in /shenzihe/WD-Disk/output/exp3/teapot/checkpoint-100/images/with_a_wheat_field_in_the_background/
11/18/2024 05:33:53 - INFO - __main__ - Running validation... 
 Generating 4 images with prompt:with a tree and autumn leaves in the background.
11/18/2024 05:34:07 - INFO - root - Image have been saved in /shenzihe/WD-Disk/output/exp3/teapot/checkpoint-100/images/with_a_tree_and_autumn_leaves_in_the_background/
11/18/2024 05:34:21 - INFO - root - Image have been saved in /shenzihe/WD-Disk/output/exp3/teapot/checkpoint-100/images/with_a_tree_and_autumn_leaves_in_the_background/
11/18/2024 05:34:35 - INFO - root - Image have been saved in /shenzihe/WD-Disk/output/exp3/teapot/checkpoint-100/images/with_a_tree_and_autumn_leaves_in_the_background/
11/18/2024 05:34:49 - INFO - root - Image have been saved in /shenzihe/WD-Disk/output/exp3/teapot/checkpoint-100/images/with_a_tree_and_autumn_leaves_in_the_background/
11/18/2024 05:34:49 - INFO - __main__ - Running validation... 
 Generating 4 images with prompt:with the Eiffel Tower in the background.
11/18/2024 05:35:03 - INFO - root - Image have been saved in /shenzihe/WD-Disk/output/exp3/teapot/checkpoint-100/images/with_the_Eiffel_Tower_in_the_background/
11/18/2024 05:35:17 - INFO - root - Image have been saved in /shenzihe/WD-Disk/output/exp3/teapot/checkpoint-100/images/with_the_Eiffel_Tower_in_the_background/
11/18/2024 05:35:31 - INFO - root - Image have been saved in /shenzihe/WD-Disk/output/exp3/teapot/checkpoint-100/images/with_the_Eiffel_Tower_in_the_background/
11/18/2024 05:35:45 - INFO - root - Image have been saved in /shenzihe/WD-Disk/output/exp3/teapot/checkpoint-100/images/with_the_Eiffel_Tower_in_the_background/
11/18/2024 05:35:45 - INFO - __main__ - Running validation... 
 Generating 4 images with prompt:floating on top of water.
11/18/2024 05:35:59 - INFO - root - Image have been saved in /shenzihe/WD-Disk/output/exp3/teapot/checkpoint-100/images/floating_on_top_of_water/
11/18/2024 05:36:13 - INFO - root - Image have been saved in /shenzihe/WD-Disk/output/exp3/teapot/checkpoint-100/images/floating_on_top_of_water/
11/18/2024 05:36:27 - INFO - root - Image have been saved in /shenzihe/WD-Disk/output/exp3/teapot/checkpoint-100/images/floating_on_top_of_water/
11/18/2024 05:36:41 - INFO - root - Image have been saved in /shenzihe/WD-Disk/output/exp3/teapot/checkpoint-100/images/floating_on_top_of_water/
11/18/2024 05:36:41 - INFO - __main__ - Running validation... 
 Generating 4 images with prompt:floating in an ocean of milk.
11/18/2024 05:36:55 - INFO - root - Image have been saved in /shenzihe/WD-Disk/output/exp3/teapot/checkpoint-100/images/floating_in_an_ocean_of_milk/
11/18/2024 05:37:09 - INFO - root - Image have been saved in /shenzihe/WD-Disk/output/exp3/teapot/checkpoint-100/images/floating_in_an_ocean_of_milk/
11/18/2024 05:37:23 - INFO - root - Image have been saved in /shenzihe/WD-Disk/output/exp3/teapot/checkpoint-100/images/floating_in_an_ocean_of_milk/
11/18/2024 05:37:37 - INFO - root - Image have been saved in /shenzihe/WD-Disk/output/exp3/teapot/checkpoint-100/images/floating_in_an_ocean_of_milk/
11/18/2024 05:37:37 - INFO - __main__ - Running validation... 
 Generating 4 images with prompt:on top of green grass with sunflowers around it.
11/18/2024 05:37:51 - INFO - root - Image have been saved in /shenzihe/WD-Disk/output/exp3/teapot/checkpoint-100/images/on_top_of_green_grass_with_sunflowers_around_it/
11/18/2024 05:38:05 - INFO - root - Image have been saved in /shenzihe/WD-Disk/output/exp3/teapot/checkpoint-100/images/on_top_of_green_grass_with_sunflowers_around_it/
11/18/2024 05:38:19 - INFO - root - Image have been saved in /shenzihe/WD-Disk/output/exp3/teapot/checkpoint-100/images/on_top_of_green_grass_with_sunflowers_around_it/
11/18/2024 05:38:33 - INFO - root - Image have been saved in /shenzihe/WD-Disk/output/exp3/teapot/checkpoint-100/images/on_top_of_green_grass_with_sunflowers_around_it/
11/18/2024 05:38:33 - INFO - __main__ - Running validation... 
 Generating 4 images with prompt:on top of a mirror.
11/18/2024 05:38:47 - INFO - root - Image have been saved in /shenzihe/WD-Disk/output/exp3/teapot/checkpoint-100/images/on_top_of_a_mirror/
11/18/2024 05:39:01 - INFO - root - Image have been saved in /shenzihe/WD-Disk/output/exp3/teapot/checkpoint-100/images/on_top_of_a_mirror/
11/18/2024 05:39:15 - INFO - root - Image have been saved in /shenzihe/WD-Disk/output/exp3/teapot/checkpoint-100/images/on_top_of_a_mirror/
11/18/2024 05:39:29 - INFO - root - Image have been saved in /shenzihe/WD-Disk/output/exp3/teapot/checkpoint-100/images/on_top_of_a_mirror/
11/18/2024 05:39:29 - INFO - __main__ - Running validation... 
 Generating 4 images with prompt:on top of the sidewalk in a crowded street.
11/18/2024 05:39:43 - INFO - root - Image have been saved in /shenzihe/WD-Disk/output/exp3/teapot/checkpoint-100/images/on_top_of_the_sidewalk_in_a_crowded_street/
11/18/2024 05:39:57 - INFO - root - Image have been saved in /shenzihe/WD-Disk/output/exp3/teapot/checkpoint-100/images/on_top_of_the_sidewalk_in_a_crowded_street/
11/18/2024 05:40:11 - INFO - root - Image have been saved in /shenzihe/WD-Disk/output/exp3/teapot/checkpoint-100/images/on_top_of_the_sidewalk_in_a_crowded_street/
11/18/2024 05:40:25 - INFO - root - Image have been saved in /shenzihe/WD-Disk/output/exp3/teapot/checkpoint-100/images/on_top_of_the_sidewalk_in_a_crowded_street/
11/18/2024 05:40:25 - INFO - __main__ - Running validation... 
 Generating 4 images with prompt:on top of a dirt road.
11/18/2024 05:40:39 - INFO - root - Image have been saved in /shenzihe/WD-Disk/output/exp3/teapot/checkpoint-100/images/on_top_of_a_dirt_road/
11/18/2024 05:40:53 - INFO - root - Image have been saved in /shenzihe/WD-Disk/output/exp3/teapot/checkpoint-100/images/on_top_of_a_dirt_road/
11/18/2024 05:41:07 - INFO - root - Image have been saved in /shenzihe/WD-Disk/output/exp3/teapot/checkpoint-100/images/on_top_of_a_dirt_road/
11/18/2024 05:41:21 - INFO - root - Image have been saved in /shenzihe/WD-Disk/output/exp3/teapot/checkpoint-100/images/on_top_of_a_dirt_road/
11/18/2024 05:41:21 - INFO - __main__ - Running validation... 
 Generating 4 images with prompt:on top of a white rug.
11/18/2024 05:41:35 - INFO - root - Image have been saved in /shenzihe/WD-Disk/output/exp3/teapot/checkpoint-100/images/on_top_of_a_white_rug/
11/18/2024 05:41:49 - INFO - root - Image have been saved in /shenzihe/WD-Disk/output/exp3/teapot/checkpoint-100/images/on_top_of_a_white_rug/
11/18/2024 05:42:03 - INFO - root - Image have been saved in /shenzihe/WD-Disk/output/exp3/teapot/checkpoint-100/images/on_top_of_a_white_rug/
11/18/2024 05:42:17 - INFO - root - Image have been saved in /shenzihe/WD-Disk/output/exp3/teapot/checkpoint-100/images/on_top_of_a_white_rug/
11/18/2024 05:42:17 - INFO - __main__ - Running validation... 
 Generating 4 images with prompt:red.
11/18/2024 05:42:31 - INFO - root - Image have been saved in /shenzihe/WD-Disk/output/exp3/teapot/checkpoint-100/images/red/
11/18/2024 05:42:45 - INFO - root - Image have been saved in /shenzihe/WD-Disk/output/exp3/teapot/checkpoint-100/images/red/
11/18/2024 05:42:59 - INFO - root - Image have been saved in /shenzihe/WD-Disk/output/exp3/teapot/checkpoint-100/images/red/
11/18/2024 05:43:13 - INFO - root - Image have been saved in /shenzihe/WD-Disk/output/exp3/teapot/checkpoint-100/images/red/
11/18/2024 05:43:13 - INFO - __main__ - Running validation... 
 Generating 4 images with prompt:purple.
11/18/2024 05:43:27 - INFO - root - Image have been saved in /shenzihe/WD-Disk/output/exp3/teapot/checkpoint-100/images/purple/
11/18/2024 05:43:41 - INFO - root - Image have been saved in /shenzihe/WD-Disk/output/exp3/teapot/checkpoint-100/images/purple/
11/18/2024 05:43:55 - INFO - root - Image have been saved in /shenzihe/WD-Disk/output/exp3/teapot/checkpoint-100/images/purple/
11/18/2024 05:44:09 - INFO - root - Image have been saved in /shenzihe/WD-Disk/output/exp3/teapot/checkpoint-100/images/purple/
11/18/2024 05:44:09 - INFO - __main__ - Running validation... 
 Generating 4 images with prompt:shiny.
11/18/2024 05:44:24 - INFO - root - Image have been saved in /shenzihe/WD-Disk/output/exp3/teapot/checkpoint-100/images/shiny/
11/18/2024 05:44:38 - INFO - root - Image have been saved in /shenzihe/WD-Disk/output/exp3/teapot/checkpoint-100/images/shiny/
11/18/2024 05:44:52 - INFO - root - Image have been saved in /shenzihe/WD-Disk/output/exp3/teapot/checkpoint-100/images/shiny/
11/18/2024 05:45:06 - INFO - root - Image have been saved in /shenzihe/WD-Disk/output/exp3/teapot/checkpoint-100/images/shiny/
11/18/2024 05:45:06 - INFO - __main__ - Running validation... 
 Generating 4 images with prompt:wet.
11/18/2024 05:45:20 - INFO - root - Image have been saved in /shenzihe/WD-Disk/output/exp3/teapot/checkpoint-100/images/wet/
11/18/2024 05:45:34 - INFO - root - Image have been saved in /shenzihe/WD-Disk/output/exp3/teapot/checkpoint-100/images/wet/
11/18/2024 05:45:48 - INFO - root - Image have been saved in /shenzihe/WD-Disk/output/exp3/teapot/checkpoint-100/images/wet/
11/18/2024 05:46:02 - INFO - root - Image have been saved in /shenzihe/WD-Disk/output/exp3/teapot/checkpoint-100/images/wet/
11/18/2024 05:46:02 - INFO - __main__ - Running validation... 
 Generating 4 images with prompt:cube shaped.
11/18/2024 05:46:16 - INFO - root - Image have been saved in /shenzihe/WD-Disk/output/exp3/teapot/checkpoint-100/images/cube_shaped/
11/18/2024 05:46:30 - INFO - root - Image have been saved in /shenzihe/WD-Disk/output/exp3/teapot/checkpoint-100/images/cube_shaped/
11/18/2024 05:46:44 - INFO - root - Image have been saved in /shenzihe/WD-Disk/output/exp3/teapot/checkpoint-100/images/cube_shaped/
11/18/2024 05:46:58 - INFO - root - Image have been saved in /shenzihe/WD-Disk/output/exp3/teapot/checkpoint-100/images/cube_shaped/
