11/17/2024 23:19:30 - INFO - __main__ - Distributed environment: NO
Num processes: 1
Process index: 0
Local process index: 0
Device: cuda

Mixed precision type: no

11/17/2024 23:19:35 - INFO - root - freeze vision encoder
11/17/2024 23:19:46 - INFO - root - Loading pretrained model from /root/.cache/torch/hub/checkpoints/blip-diffusion
11/17/2024 23:19:46 - INFO - root - Loading pretrained BLIP2 Qformer weights.
11/17/2024 23:19:48 - INFO - root - Loading pretrained projection lyer weights.
11/17/2024 23:19:48 - INFO - root - Loading pretrained text encoder weights.
11/17/2024 23:19:49 - INFO - root - Loading pretrained vae weights.
11/17/2024 23:19:49 - INFO - root - Loading pretrained unet weights.
11/17/2024 23:19:57 - INFO - root - Using xformers.
11/17/2024 23:19:57 - INFO - root - Building datasets...
11/17/2024 23:20:08 - INFO - root - freeze vision encoder
11/17/2024 23:20:38 - INFO - root - load checkpoint from https://storage.googleapis.com/sfr-vision-language-research/LAVIS/models/BLIP2/blip2_pretrained_flant5xl.pth
11/17/2024 23:20:39 - INFO - __main__ - 
***** Running training *****
11/17/2024 23:20:39 - INFO - __main__ -   Num examples = 5
11/17/2024 23:20:39 - INFO - __main__ -   Num batches each epoch = 2
11/17/2024 23:20:39 - INFO - __main__ -   Num Epochs = 50
11/17/2024 23:20:39 - INFO - __main__ -   Instantaneous batch size per device = 3
11/17/2024 23:20:39 - INFO - __main__ -   Total train batch size (w. parallel, distributed & accumulation) = 3
11/17/2024 23:20:39 - INFO - __main__ -   Gradient Accumulation steps = 1
11/17/2024 23:20:39 - INFO - __main__ -   Total optimization steps = 100
11/17/2024 23:25:47 - INFO - __main__ - Running validation... 
 Generating 4 images with prompt:in the jungle.
11/17/2024 23:26:02 - INFO - root - Image have been saved in /shenzihe/WD-Disk/output/exp3/dog7/checkpoint-100/images/in_the_jungle/
11/17/2024 23:26:16 - INFO - root - Image have been saved in /shenzihe/WD-Disk/output/exp3/dog7/checkpoint-100/images/in_the_jungle/
11/17/2024 23:26:30 - INFO - root - Image have been saved in /shenzihe/WD-Disk/output/exp3/dog7/checkpoint-100/images/in_the_jungle/
11/17/2024 23:26:44 - INFO - root - Image have been saved in /shenzihe/WD-Disk/output/exp3/dog7/checkpoint-100/images/in_the_jungle/
11/17/2024 23:26:44 - INFO - __main__ - Running validation... 
 Generating 4 images with prompt:in the snow.
11/17/2024 23:26:57 - INFO - root - Image have been saved in /shenzihe/WD-Disk/output/exp3/dog7/checkpoint-100/images/in_the_snow/
11/17/2024 23:27:11 - INFO - root - Image have been saved in /shenzihe/WD-Disk/output/exp3/dog7/checkpoint-100/images/in_the_snow/
11/17/2024 23:27:24 - INFO - root - Image have been saved in /shenzihe/WD-Disk/output/exp3/dog7/checkpoint-100/images/in_the_snow/
11/17/2024 23:27:38 - INFO - root - Image have been saved in /shenzihe/WD-Disk/output/exp3/dog7/checkpoint-100/images/in_the_snow/
11/17/2024 23:27:38 - INFO - __main__ - Running validation... 
 Generating 4 images with prompt:on the beach.
11/17/2024 23:27:51 - INFO - root - Image have been saved in /shenzihe/WD-Disk/output/exp3/dog7/checkpoint-100/images/on_the_beach/
11/17/2024 23:28:05 - INFO - root - Image have been saved in /shenzihe/WD-Disk/output/exp3/dog7/checkpoint-100/images/on_the_beach/
11/17/2024 23:28:19 - INFO - root - Image have been saved in /shenzihe/WD-Disk/output/exp3/dog7/checkpoint-100/images/on_the_beach/
11/17/2024 23:28:32 - INFO - root - Image have been saved in /shenzihe/WD-Disk/output/exp3/dog7/checkpoint-100/images/on_the_beach/
11/17/2024 23:28:32 - INFO - __main__ - Running validation... 
 Generating 4 images with prompt:on a cobblestone street.
11/17/2024 23:28:46 - INFO - root - Image have been saved in /shenzihe/WD-Disk/output/exp3/dog7/checkpoint-100/images/on_a_cobblestone_street/
11/17/2024 23:29:00 - INFO - root - Image have been saved in /shenzihe/WD-Disk/output/exp3/dog7/checkpoint-100/images/on_a_cobblestone_street/
11/17/2024 23:29:13 - INFO - root - Image have been saved in /shenzihe/WD-Disk/output/exp3/dog7/checkpoint-100/images/on_a_cobblestone_street/
11/17/2024 23:29:27 - INFO - root - Image have been saved in /shenzihe/WD-Disk/output/exp3/dog7/checkpoint-100/images/on_a_cobblestone_street/
11/17/2024 23:29:27 - INFO - __main__ - Running validation... 
 Generating 4 images with prompt:on top of pink fabric.
11/17/2024 23:29:40 - INFO - root - Image have been saved in /shenzihe/WD-Disk/output/exp3/dog7/checkpoint-100/images/on_top_of_pink_fabric/
11/17/2024 23:29:54 - INFO - root - Image have been saved in /shenzihe/WD-Disk/output/exp3/dog7/checkpoint-100/images/on_top_of_pink_fabric/
11/17/2024 23:30:07 - INFO - root - Image have been saved in /shenzihe/WD-Disk/output/exp3/dog7/checkpoint-100/images/on_top_of_pink_fabric/
11/17/2024 23:30:21 - INFO - root - Image have been saved in /shenzihe/WD-Disk/output/exp3/dog7/checkpoint-100/images/on_top_of_pink_fabric/
11/17/2024 23:30:21 - INFO - __main__ - Running validation... 
 Generating 4 images with prompt:on top of a wooden floor.
11/17/2024 23:30:35 - INFO - root - Image have been saved in /shenzihe/WD-Disk/output/exp3/dog7/checkpoint-100/images/on_top_of_a_wooden_floor/
11/17/2024 23:30:48 - INFO - root - Image have been saved in /shenzihe/WD-Disk/output/exp3/dog7/checkpoint-100/images/on_top_of_a_wooden_floor/
11/17/2024 23:31:02 - INFO - root - Image have been saved in /shenzihe/WD-Disk/output/exp3/dog7/checkpoint-100/images/on_top_of_a_wooden_floor/
11/17/2024 23:31:16 - INFO - root - Image have been saved in /shenzihe/WD-Disk/output/exp3/dog7/checkpoint-100/images/on_top_of_a_wooden_floor/
11/17/2024 23:31:16 - INFO - __main__ - Running validation... 
 Generating 4 images with prompt:with a city in the background.
11/17/2024 23:31:29 - INFO - root - Image have been saved in /shenzihe/WD-Disk/output/exp3/dog7/checkpoint-100/images/with_a_city_in_the_background/
11/17/2024 23:31:43 - INFO - root - Image have been saved in /shenzihe/WD-Disk/output/exp3/dog7/checkpoint-100/images/with_a_city_in_the_background/
11/17/2024 23:31:56 - INFO - root - Image have been saved in /shenzihe/WD-Disk/output/exp3/dog7/checkpoint-100/images/with_a_city_in_the_background/
11/17/2024 23:32:10 - INFO - root - Image have been saved in /shenzihe/WD-Disk/output/exp3/dog7/checkpoint-100/images/with_a_city_in_the_background/
11/17/2024 23:32:10 - INFO - __main__ - Running validation... 
 Generating 4 images with prompt:with a mountain in the background.
11/17/2024 23:32:24 - INFO - root - Image have been saved in /shenzihe/WD-Disk/output/exp3/dog7/checkpoint-100/images/with_a_mountain_in_the_background/
11/17/2024 23:32:37 - INFO - root - Image have been saved in /shenzihe/WD-Disk/output/exp3/dog7/checkpoint-100/images/with_a_mountain_in_the_background/
11/17/2024 23:32:51 - INFO - root - Image have been saved in /shenzihe/WD-Disk/output/exp3/dog7/checkpoint-100/images/with_a_mountain_in_the_background/
11/17/2024 23:33:04 - INFO - root - Image have been saved in /shenzihe/WD-Disk/output/exp3/dog7/checkpoint-100/images/with_a_mountain_in_the_background/
11/17/2024 23:33:04 - INFO - __main__ - Running validation... 
 Generating 4 images with prompt:with a blue house in the background.
11/17/2024 23:33:18 - INFO - root - Image have been saved in /shenzihe/WD-Disk/output/exp3/dog7/checkpoint-100/images/with_a_blue_house_in_the_background/
11/17/2024 23:33:32 - INFO - root - Image have been saved in /shenzihe/WD-Disk/output/exp3/dog7/checkpoint-100/images/with_a_blue_house_in_the_background/
11/17/2024 23:33:45 - INFO - root - Image have been saved in /shenzihe/WD-Disk/output/exp3/dog7/checkpoint-100/images/with_a_blue_house_in_the_background/
11/17/2024 23:33:59 - INFO - root - Image have been saved in /shenzihe/WD-Disk/output/exp3/dog7/checkpoint-100/images/with_a_blue_house_in_the_background/
11/17/2024 23:33:59 - INFO - __main__ - Running validation... 
 Generating 4 images with prompt:on top of a purple rug in a forest.
11/17/2024 23:34:12 - INFO - root - Image have been saved in /shenzihe/WD-Disk/output/exp3/dog7/checkpoint-100/images/on_top_of_a_purple_rug_in_a_forest/
11/17/2024 23:34:26 - INFO - root - Image have been saved in /shenzihe/WD-Disk/output/exp3/dog7/checkpoint-100/images/on_top_of_a_purple_rug_in_a_forest/
11/17/2024 23:34:40 - INFO - root - Image have been saved in /shenzihe/WD-Disk/output/exp3/dog7/checkpoint-100/images/on_top_of_a_purple_rug_in_a_forest/
11/17/2024 23:34:53 - INFO - root - Image have been saved in /shenzihe/WD-Disk/output/exp3/dog7/checkpoint-100/images/on_top_of_a_purple_rug_in_a_forest/
11/17/2024 23:34:53 - INFO - __main__ - Running validation... 
 Generating 4 images with prompt:with a wheat field in the background.
11/17/2024 23:35:07 - INFO - root - Image have been saved in /shenzihe/WD-Disk/output/exp3/dog7/checkpoint-100/images/with_a_wheat_field_in_the_background/
11/17/2024 23:35:20 - INFO - root - Image have been saved in /shenzihe/WD-Disk/output/exp3/dog7/checkpoint-100/images/with_a_wheat_field_in_the_background/
11/17/2024 23:35:34 - INFO - root - Image have been saved in /shenzihe/WD-Disk/output/exp3/dog7/checkpoint-100/images/with_a_wheat_field_in_the_background/
11/17/2024 23:35:47 - INFO - root - Image have been saved in /shenzihe/WD-Disk/output/exp3/dog7/checkpoint-100/images/with_a_wheat_field_in_the_background/
11/17/2024 23:35:47 - INFO - __main__ - Running validation... 
 Generating 4 images with prompt:with a tree and autumn leaves in the background.
11/17/2024 23:36:01 - INFO - root - Image have been saved in /shenzihe/WD-Disk/output/exp3/dog7/checkpoint-100/images/with_a_tree_and_autumn_leaves_in_the_background/
11/17/2024 23:36:15 - INFO - root - Image have been saved in /shenzihe/WD-Disk/output/exp3/dog7/checkpoint-100/images/with_a_tree_and_autumn_leaves_in_the_background/
11/17/2024 23:36:28 - INFO - root - Image have been saved in /shenzihe/WD-Disk/output/exp3/dog7/checkpoint-100/images/with_a_tree_and_autumn_leaves_in_the_background/
11/17/2024 23:36:42 - INFO - root - Image have been saved in /shenzihe/WD-Disk/output/exp3/dog7/checkpoint-100/images/with_a_tree_and_autumn_leaves_in_the_background/
11/17/2024 23:36:42 - INFO - __main__ - Running validation... 
 Generating 4 images with prompt:with the Eiffel Tower in the background.
11/17/2024 23:36:55 - INFO - root - Image have been saved in /shenzihe/WD-Disk/output/exp3/dog7/checkpoint-100/images/with_the_Eiffel_Tower_in_the_background/
11/17/2024 23:37:09 - INFO - root - Image have been saved in /shenzihe/WD-Disk/output/exp3/dog7/checkpoint-100/images/with_the_Eiffel_Tower_in_the_background/
11/17/2024 23:37:23 - INFO - root - Image have been saved in /shenzihe/WD-Disk/output/exp3/dog7/checkpoint-100/images/with_the_Eiffel_Tower_in_the_background/
11/17/2024 23:37:36 - INFO - root - Image have been saved in /shenzihe/WD-Disk/output/exp3/dog7/checkpoint-100/images/with_the_Eiffel_Tower_in_the_background/
11/17/2024 23:37:36 - INFO - __main__ - Running validation... 
 Generating 4 images with prompt:floating on top of water.
11/17/2024 23:37:50 - INFO - root - Image have been saved in /shenzihe/WD-Disk/output/exp3/dog7/checkpoint-100/images/floating_on_top_of_water/
11/17/2024 23:38:03 - INFO - root - Image have been saved in /shenzihe/WD-Disk/output/exp3/dog7/checkpoint-100/images/floating_on_top_of_water/
11/17/2024 23:38:17 - INFO - root - Image have been saved in /shenzihe/WD-Disk/output/exp3/dog7/checkpoint-100/images/floating_on_top_of_water/
11/17/2024 23:38:30 - INFO - root - Image have been saved in /shenzihe/WD-Disk/output/exp3/dog7/checkpoint-100/images/floating_on_top_of_water/
11/17/2024 23:38:30 - INFO - __main__ - Running validation... 
 Generating 4 images with prompt:floating in an ocean of milk.
11/17/2024 23:38:44 - INFO - root - Image have been saved in /shenzihe/WD-Disk/output/exp3/dog7/checkpoint-100/images/floating_in_an_ocean_of_milk/
11/17/2024 23:38:58 - INFO - root - Image have been saved in /shenzihe/WD-Disk/output/exp3/dog7/checkpoint-100/images/floating_in_an_ocean_of_milk/
11/17/2024 23:39:11 - INFO - root - Image have been saved in /shenzihe/WD-Disk/output/exp3/dog7/checkpoint-100/images/floating_in_an_ocean_of_milk/
11/17/2024 23:39:25 - INFO - root - Image have been saved in /shenzihe/WD-Disk/output/exp3/dog7/checkpoint-100/images/floating_in_an_ocean_of_milk/
11/17/2024 23:39:25 - INFO - __main__ - Running validation... 
 Generating 4 images with prompt:on top of green grass with sunflowers around it.
11/17/2024 23:39:38 - INFO - root - Image have been saved in /shenzihe/WD-Disk/output/exp3/dog7/checkpoint-100/images/on_top_of_green_grass_with_sunflowers_around_it/
11/17/2024 23:39:52 - INFO - root - Image have been saved in /shenzihe/WD-Disk/output/exp3/dog7/checkpoint-100/images/on_top_of_green_grass_with_sunflowers_around_it/
11/17/2024 23:40:05 - INFO - root - Image have been saved in /shenzihe/WD-Disk/output/exp3/dog7/checkpoint-100/images/on_top_of_green_grass_with_sunflowers_around_it/
11/17/2024 23:40:19 - INFO - root - Image have been saved in /shenzihe/WD-Disk/output/exp3/dog7/checkpoint-100/images/on_top_of_green_grass_with_sunflowers_around_it/
11/17/2024 23:40:19 - INFO - __main__ - Running validation... 
 Generating 4 images with prompt:on top of a mirror.
11/17/2024 23:40:33 - INFO - root - Image have been saved in /shenzihe/WD-Disk/output/exp3/dog7/checkpoint-100/images/on_top_of_a_mirror/
11/17/2024 23:40:46 - INFO - root - Image have been saved in /shenzihe/WD-Disk/output/exp3/dog7/checkpoint-100/images/on_top_of_a_mirror/
11/17/2024 23:41:00 - INFO - root - Image have been saved in /shenzihe/WD-Disk/output/exp3/dog7/checkpoint-100/images/on_top_of_a_mirror/
11/17/2024 23:41:14 - INFO - root - Image have been saved in /shenzihe/WD-Disk/output/exp3/dog7/checkpoint-100/images/on_top_of_a_mirror/
11/17/2024 23:41:14 - INFO - __main__ - Running validation... 
 Generating 4 images with prompt:on top of the sidewalk in a crowded street.
11/17/2024 23:41:27 - INFO - root - Image have been saved in /shenzihe/WD-Disk/output/exp3/dog7/checkpoint-100/images/on_top_of_the_sidewalk_in_a_crowded_street/
11/17/2024 23:41:41 - INFO - root - Image have been saved in /shenzihe/WD-Disk/output/exp3/dog7/checkpoint-100/images/on_top_of_the_sidewalk_in_a_crowded_street/
11/17/2024 23:41:54 - INFO - root - Image have been saved in /shenzihe/WD-Disk/output/exp3/dog7/checkpoint-100/images/on_top_of_the_sidewalk_in_a_crowded_street/
11/17/2024 23:42:08 - INFO - root - Image have been saved in /shenzihe/WD-Disk/output/exp3/dog7/checkpoint-100/images/on_top_of_the_sidewalk_in_a_crowded_street/
11/17/2024 23:42:08 - INFO - __main__ - Running validation... 
 Generating 4 images with prompt:on top of a dirt road.
11/17/2024 23:42:22 - INFO - root - Image have been saved in /shenzihe/WD-Disk/output/exp3/dog7/checkpoint-100/images/on_top_of_a_dirt_road/
11/17/2024 23:42:36 - INFO - root - Image have been saved in /shenzihe/WD-Disk/output/exp3/dog7/checkpoint-100/images/on_top_of_a_dirt_road/
11/17/2024 23:42:49 - INFO - root - Image have been saved in /shenzihe/WD-Disk/output/exp3/dog7/checkpoint-100/images/on_top_of_a_dirt_road/
11/17/2024 23:43:03 - INFO - root - Image have been saved in /shenzihe/WD-Disk/output/exp3/dog7/checkpoint-100/images/on_top_of_a_dirt_road/
11/17/2024 23:43:03 - INFO - __main__ - Running validation... 
 Generating 4 images with prompt:on top of a white rug.
11/17/2024 23:43:16 - INFO - root - Image have been saved in /shenzihe/WD-Disk/output/exp3/dog7/checkpoint-100/images/on_top_of_a_white_rug/
11/17/2024 23:43:30 - INFO - root - Image have been saved in /shenzihe/WD-Disk/output/exp3/dog7/checkpoint-100/images/on_top_of_a_white_rug/
11/17/2024 23:43:44 - INFO - root - Image have been saved in /shenzihe/WD-Disk/output/exp3/dog7/checkpoint-100/images/on_top_of_a_white_rug/
11/17/2024 23:43:57 - INFO - root - Image have been saved in /shenzihe/WD-Disk/output/exp3/dog7/checkpoint-100/images/on_top_of_a_white_rug/
11/17/2024 23:43:57 - INFO - __main__ - Running validation... 
 Generating 4 images with prompt:red.
11/17/2024 23:44:11 - INFO - root - Image have been saved in /shenzihe/WD-Disk/output/exp3/dog7/checkpoint-100/images/red/
11/17/2024 23:44:24 - INFO - root - Image have been saved in /shenzihe/WD-Disk/output/exp3/dog7/checkpoint-100/images/red/
11/17/2024 23:44:38 - INFO - root - Image have been saved in /shenzihe/WD-Disk/output/exp3/dog7/checkpoint-100/images/red/
11/17/2024 23:44:52 - INFO - root - Image have been saved in /shenzihe/WD-Disk/output/exp3/dog7/checkpoint-100/images/red/
11/17/2024 23:44:52 - INFO - __main__ - Running validation... 
 Generating 4 images with prompt:purple.
11/17/2024 23:45:05 - INFO - root - Image have been saved in /shenzihe/WD-Disk/output/exp3/dog7/checkpoint-100/images/purple/
11/17/2024 23:45:19 - INFO - root - Image have been saved in /shenzihe/WD-Disk/output/exp3/dog7/checkpoint-100/images/purple/
11/17/2024 23:45:33 - INFO - root - Image have been saved in /shenzihe/WD-Disk/output/exp3/dog7/checkpoint-100/images/purple/
11/17/2024 23:45:46 - INFO - root - Image have been saved in /shenzihe/WD-Disk/output/exp3/dog7/checkpoint-100/images/purple/
11/17/2024 23:45:46 - INFO - __main__ - Running validation... 
 Generating 4 images with prompt:shiny.
11/17/2024 23:46:00 - INFO - root - Image have been saved in /shenzihe/WD-Disk/output/exp3/dog7/checkpoint-100/images/shiny/
11/17/2024 23:46:13 - INFO - root - Image have been saved in /shenzihe/WD-Disk/output/exp3/dog7/checkpoint-100/images/shiny/
11/17/2024 23:46:27 - INFO - root - Image have been saved in /shenzihe/WD-Disk/output/exp3/dog7/checkpoint-100/images/shiny/
11/17/2024 23:46:41 - INFO - root - Image have been saved in /shenzihe/WD-Disk/output/exp3/dog7/checkpoint-100/images/shiny/
11/17/2024 23:46:41 - INFO - __main__ - Running validation... 
 Generating 4 images with prompt:wet.
11/17/2024 23:46:54 - INFO - root - Image have been saved in /shenzihe/WD-Disk/output/exp3/dog7/checkpoint-100/images/wet/
11/17/2024 23:47:08 - INFO - root - Image have been saved in /shenzihe/WD-Disk/output/exp3/dog7/checkpoint-100/images/wet/
11/17/2024 23:47:21 - INFO - root - Image have been saved in /shenzihe/WD-Disk/output/exp3/dog7/checkpoint-100/images/wet/
11/17/2024 23:47:35 - INFO - root - Image have been saved in /shenzihe/WD-Disk/output/exp3/dog7/checkpoint-100/images/wet/
11/17/2024 23:47:35 - INFO - __main__ - Running validation... 
 Generating 4 images with prompt:cube shaped.
11/17/2024 23:47:49 - INFO - root - Image have been saved in /shenzihe/WD-Disk/output/exp3/dog7/checkpoint-100/images/cube_shaped/
11/17/2024 23:48:02 - INFO - root - Image have been saved in /shenzihe/WD-Disk/output/exp3/dog7/checkpoint-100/images/cube_shaped/
11/17/2024 23:48:16 - INFO - root - Image have been saved in /shenzihe/WD-Disk/output/exp3/dog7/checkpoint-100/images/cube_shaped/
11/17/2024 23:48:29 - INFO - root - Image have been saved in /shenzihe/WD-Disk/output/exp3/dog7/checkpoint-100/images/cube_shaped/
