11/15/2024 13:23:23 - INFO - __main__ - Distributed environment: NO
Num processes: 1
Process index: 0
Local process index: 0
Device: cuda

Mixed precision type: no

11/15/2024 13:23:26 - INFO - root - freeze vision encoder
11/15/2024 13:23:37 - INFO - root - Loading pretrained model from /root/.cache/torch/hub/checkpoints/blip-diffusion
11/15/2024 13:23:37 - INFO - root - Loading pretrained BLIP2 Qformer weights.
11/15/2024 13:23:39 - INFO - root - Loading pretrained projection lyer weights.
11/15/2024 13:23:39 - INFO - root - Loading pretrained text encoder weights.
11/15/2024 13:23:40 - INFO - root - Loading pretrained vae weights.
11/15/2024 13:23:40 - INFO - root - Loading pretrained unet weights.
11/15/2024 13:23:48 - INFO - root - Using xformers.
11/15/2024 13:23:48 - INFO - root - Building datasets...
11/15/2024 13:23:58 - INFO - root - freeze vision encoder
11/15/2024 13:24:31 - INFO - root - load checkpoint from https://storage.googleapis.com/sfr-vision-language-research/LAVIS/models/BLIP2/blip2_pretrained_flant5xl.pth
11/15/2024 13:24:32 - INFO - __main__ - 
***** Running training *****
11/15/2024 13:24:32 - INFO - __main__ -   Num examples = 5
11/15/2024 13:24:32 - INFO - __main__ -   Num batches each epoch = 2
11/15/2024 13:24:32 - INFO - __main__ -   Num Epochs = 50
11/15/2024 13:24:32 - INFO - __main__ -   Instantaneous batch size per device = 3
11/15/2024 13:24:32 - INFO - __main__ -   Total train batch size (w. parallel, distributed & accumulation) = 3
11/15/2024 13:24:32 - INFO - __main__ -   Gradient Accumulation steps = 1
11/15/2024 13:24:32 - INFO - __main__ -   Total optimization steps = 100
11/15/2024 13:31:33 - INFO - __main__ - Running validation... 
 Generating 4 images with prompt:in the jungle.
11/15/2024 13:31:48 - INFO - root - Image have been saved in /shenzihe/WD-Disk/output/exp2/poop_emoji/checkpoint-100/images/in_the_jungle/
11/15/2024 13:32:02 - INFO - root - Image have been saved in /shenzihe/WD-Disk/output/exp2/poop_emoji/checkpoint-100/images/in_the_jungle/
11/15/2024 13:32:16 - INFO - root - Image have been saved in /shenzihe/WD-Disk/output/exp2/poop_emoji/checkpoint-100/images/in_the_jungle/
11/15/2024 13:32:30 - INFO - root - Image have been saved in /shenzihe/WD-Disk/output/exp2/poop_emoji/checkpoint-100/images/in_the_jungle/
11/15/2024 13:32:30 - INFO - __main__ - Running validation... 
 Generating 4 images with prompt:in the snow.
11/15/2024 13:32:43 - INFO - root - Image have been saved in /shenzihe/WD-Disk/output/exp2/poop_emoji/checkpoint-100/images/in_the_snow/
11/15/2024 13:32:57 - INFO - root - Image have been saved in /shenzihe/WD-Disk/output/exp2/poop_emoji/checkpoint-100/images/in_the_snow/
11/15/2024 13:33:11 - INFO - root - Image have been saved in /shenzihe/WD-Disk/output/exp2/poop_emoji/checkpoint-100/images/in_the_snow/
11/15/2024 13:33:25 - INFO - root - Image have been saved in /shenzihe/WD-Disk/output/exp2/poop_emoji/checkpoint-100/images/in_the_snow/
11/15/2024 13:33:25 - INFO - __main__ - Running validation... 
 Generating 4 images with prompt:on the beach.
11/15/2024 13:33:39 - INFO - root - Image have been saved in /shenzihe/WD-Disk/output/exp2/poop_emoji/checkpoint-100/images/on_the_beach/
11/15/2024 13:33:52 - INFO - root - Image have been saved in /shenzihe/WD-Disk/output/exp2/poop_emoji/checkpoint-100/images/on_the_beach/
11/15/2024 13:34:06 - INFO - root - Image have been saved in /shenzihe/WD-Disk/output/exp2/poop_emoji/checkpoint-100/images/on_the_beach/
11/15/2024 13:34:20 - INFO - root - Image have been saved in /shenzihe/WD-Disk/output/exp2/poop_emoji/checkpoint-100/images/on_the_beach/
11/15/2024 13:34:20 - INFO - __main__ - Running validation... 
 Generating 4 images with prompt:on a cobblestone street.
11/15/2024 13:34:34 - INFO - root - Image have been saved in /shenzihe/WD-Disk/output/exp2/poop_emoji/checkpoint-100/images/on_a_cobblestone_street/
11/15/2024 13:34:48 - INFO - root - Image have been saved in /shenzihe/WD-Disk/output/exp2/poop_emoji/checkpoint-100/images/on_a_cobblestone_street/
11/15/2024 13:35:02 - INFO - root - Image have been saved in /shenzihe/WD-Disk/output/exp2/poop_emoji/checkpoint-100/images/on_a_cobblestone_street/
11/15/2024 13:35:15 - INFO - root - Image have been saved in /shenzihe/WD-Disk/output/exp2/poop_emoji/checkpoint-100/images/on_a_cobblestone_street/
11/15/2024 13:35:15 - INFO - __main__ - Running validation... 
 Generating 4 images with prompt:on top of pink fabric.
11/15/2024 13:35:29 - INFO - root - Image have been saved in /shenzihe/WD-Disk/output/exp2/poop_emoji/checkpoint-100/images/on_top_of_pink_fabric/
11/15/2024 13:35:43 - INFO - root - Image have been saved in /shenzihe/WD-Disk/output/exp2/poop_emoji/checkpoint-100/images/on_top_of_pink_fabric/
11/15/2024 13:35:57 - INFO - root - Image have been saved in /shenzihe/WD-Disk/output/exp2/poop_emoji/checkpoint-100/images/on_top_of_pink_fabric/
11/15/2024 13:36:11 - INFO - root - Image have been saved in /shenzihe/WD-Disk/output/exp2/poop_emoji/checkpoint-100/images/on_top_of_pink_fabric/
11/15/2024 13:36:11 - INFO - __main__ - Running validation... 
 Generating 4 images with prompt:on top of a wooden floor.
11/15/2024 13:36:25 - INFO - root - Image have been saved in /shenzihe/WD-Disk/output/exp2/poop_emoji/checkpoint-100/images/on_top_of_a_wooden_floor/
11/15/2024 13:36:39 - INFO - root - Image have been saved in /shenzihe/WD-Disk/output/exp2/poop_emoji/checkpoint-100/images/on_top_of_a_wooden_floor/
11/15/2024 13:36:53 - INFO - root - Image have been saved in /shenzihe/WD-Disk/output/exp2/poop_emoji/checkpoint-100/images/on_top_of_a_wooden_floor/
11/15/2024 13:37:07 - INFO - root - Image have been saved in /shenzihe/WD-Disk/output/exp2/poop_emoji/checkpoint-100/images/on_top_of_a_wooden_floor/
11/15/2024 13:37:07 - INFO - __main__ - Running validation... 
 Generating 4 images with prompt:with a city in the background.
11/15/2024 13:37:21 - INFO - root - Image have been saved in /shenzihe/WD-Disk/output/exp2/poop_emoji/checkpoint-100/images/with_a_city_in_the_background/
11/15/2024 13:37:35 - INFO - root - Image have been saved in /shenzihe/WD-Disk/output/exp2/poop_emoji/checkpoint-100/images/with_a_city_in_the_background/
11/15/2024 13:37:48 - INFO - root - Image have been saved in /shenzihe/WD-Disk/output/exp2/poop_emoji/checkpoint-100/images/with_a_city_in_the_background/
11/15/2024 13:38:02 - INFO - root - Image have been saved in /shenzihe/WD-Disk/output/exp2/poop_emoji/checkpoint-100/images/with_a_city_in_the_background/
11/15/2024 13:38:02 - INFO - __main__ - Running validation... 
 Generating 4 images with prompt:with a mountain in the background.
11/15/2024 13:38:16 - INFO - root - Image have been saved in /shenzihe/WD-Disk/output/exp2/poop_emoji/checkpoint-100/images/with_a_mountain_in_the_background/
11/15/2024 13:38:30 - INFO - root - Image have been saved in /shenzihe/WD-Disk/output/exp2/poop_emoji/checkpoint-100/images/with_a_mountain_in_the_background/
11/15/2024 13:38:44 - INFO - root - Image have been saved in /shenzihe/WD-Disk/output/exp2/poop_emoji/checkpoint-100/images/with_a_mountain_in_the_background/
11/15/2024 13:38:57 - INFO - root - Image have been saved in /shenzihe/WD-Disk/output/exp2/poop_emoji/checkpoint-100/images/with_a_mountain_in_the_background/
11/15/2024 13:38:57 - INFO - __main__ - Running validation... 
 Generating 4 images with prompt:with a blue house in the background.
11/15/2024 13:39:12 - INFO - root - Image have been saved in /shenzihe/WD-Disk/output/exp2/poop_emoji/checkpoint-100/images/with_a_blue_house_in_the_background/
11/15/2024 13:39:26 - INFO - root - Image have been saved in /shenzihe/WD-Disk/output/exp2/poop_emoji/checkpoint-100/images/with_a_blue_house_in_the_background/
11/15/2024 13:39:39 - INFO - root - Image have been saved in /shenzihe/WD-Disk/output/exp2/poop_emoji/checkpoint-100/images/with_a_blue_house_in_the_background/
11/15/2024 13:39:53 - INFO - root - Image have been saved in /shenzihe/WD-Disk/output/exp2/poop_emoji/checkpoint-100/images/with_a_blue_house_in_the_background/
11/15/2024 13:39:53 - INFO - __main__ - Running validation... 
 Generating 4 images with prompt:on top of a purple rug in a forest.
11/15/2024 13:40:07 - INFO - root - Image have been saved in /shenzihe/WD-Disk/output/exp2/poop_emoji/checkpoint-100/images/on_top_of_a_purple_rug_in_a_forest/
11/15/2024 13:40:21 - INFO - root - Image have been saved in /shenzihe/WD-Disk/output/exp2/poop_emoji/checkpoint-100/images/on_top_of_a_purple_rug_in_a_forest/
11/15/2024 13:40:34 - INFO - root - Image have been saved in /shenzihe/WD-Disk/output/exp2/poop_emoji/checkpoint-100/images/on_top_of_a_purple_rug_in_a_forest/
11/15/2024 13:40:48 - INFO - root - Image have been saved in /shenzihe/WD-Disk/output/exp2/poop_emoji/checkpoint-100/images/on_top_of_a_purple_rug_in_a_forest/
11/15/2024 13:40:48 - INFO - __main__ - Running validation... 
 Generating 4 images with prompt:with a wheat field in the background.
11/15/2024 13:41:02 - INFO - root - Image have been saved in /shenzihe/WD-Disk/output/exp2/poop_emoji/checkpoint-100/images/with_a_wheat_field_in_the_background/
11/15/2024 13:41:16 - INFO - root - Image have been saved in /shenzihe/WD-Disk/output/exp2/poop_emoji/checkpoint-100/images/with_a_wheat_field_in_the_background/
11/15/2024 13:41:30 - INFO - root - Image have been saved in /shenzihe/WD-Disk/output/exp2/poop_emoji/checkpoint-100/images/with_a_wheat_field_in_the_background/
11/15/2024 13:41:43 - INFO - root - Image have been saved in /shenzihe/WD-Disk/output/exp2/poop_emoji/checkpoint-100/images/with_a_wheat_field_in_the_background/
11/15/2024 13:41:43 - INFO - __main__ - Running validation... 
 Generating 4 images with prompt:with a tree and autumn leaves in the background.
11/15/2024 13:41:57 - INFO - root - Image have been saved in /shenzihe/WD-Disk/output/exp2/poop_emoji/checkpoint-100/images/with_a_tree_and_autumn_leaves_in_the_background/
11/15/2024 13:42:11 - INFO - root - Image have been saved in /shenzihe/WD-Disk/output/exp2/poop_emoji/checkpoint-100/images/with_a_tree_and_autumn_leaves_in_the_background/
11/15/2024 13:42:25 - INFO - root - Image have been saved in /shenzihe/WD-Disk/output/exp2/poop_emoji/checkpoint-100/images/with_a_tree_and_autumn_leaves_in_the_background/
11/15/2024 13:42:39 - INFO - root - Image have been saved in /shenzihe/WD-Disk/output/exp2/poop_emoji/checkpoint-100/images/with_a_tree_and_autumn_leaves_in_the_background/
11/15/2024 13:42:39 - INFO - __main__ - Running validation... 
 Generating 4 images with prompt:with the Eiffel Tower in the background.
11/15/2024 13:42:53 - INFO - root - Image have been saved in /shenzihe/WD-Disk/output/exp2/poop_emoji/checkpoint-100/images/with_the_Eiffel_Tower_in_the_background/
11/15/2024 13:43:07 - INFO - root - Image have been saved in /shenzihe/WD-Disk/output/exp2/poop_emoji/checkpoint-100/images/with_the_Eiffel_Tower_in_the_background/
11/15/2024 13:43:21 - INFO - root - Image have been saved in /shenzihe/WD-Disk/output/exp2/poop_emoji/checkpoint-100/images/with_the_Eiffel_Tower_in_the_background/
11/15/2024 13:43:35 - INFO - root - Image have been saved in /shenzihe/WD-Disk/output/exp2/poop_emoji/checkpoint-100/images/with_the_Eiffel_Tower_in_the_background/
11/15/2024 13:43:35 - INFO - __main__ - Running validation... 
 Generating 4 images with prompt:floating on top of water.
11/15/2024 13:43:49 - INFO - root - Image have been saved in /shenzihe/WD-Disk/output/exp2/poop_emoji/checkpoint-100/images/floating_on_top_of_water/
11/15/2024 13:44:03 - INFO - root - Image have been saved in /shenzihe/WD-Disk/output/exp2/poop_emoji/checkpoint-100/images/floating_on_top_of_water/
11/15/2024 13:44:17 - INFO - root - Image have been saved in /shenzihe/WD-Disk/output/exp2/poop_emoji/checkpoint-100/images/floating_on_top_of_water/
11/15/2024 13:44:30 - INFO - root - Image have been saved in /shenzihe/WD-Disk/output/exp2/poop_emoji/checkpoint-100/images/floating_on_top_of_water/
11/15/2024 13:44:30 - INFO - __main__ - Running validation... 
 Generating 4 images with prompt:floating in an ocean of milk.
11/15/2024 13:44:44 - INFO - root - Image have been saved in /shenzihe/WD-Disk/output/exp2/poop_emoji/checkpoint-100/images/floating_in_an_ocean_of_milk/
11/15/2024 13:44:58 - INFO - root - Image have been saved in /shenzihe/WD-Disk/output/exp2/poop_emoji/checkpoint-100/images/floating_in_an_ocean_of_milk/
11/15/2024 13:45:12 - INFO - root - Image have been saved in /shenzihe/WD-Disk/output/exp2/poop_emoji/checkpoint-100/images/floating_in_an_ocean_of_milk/
11/15/2024 13:45:26 - INFO - root - Image have been saved in /shenzihe/WD-Disk/output/exp2/poop_emoji/checkpoint-100/images/floating_in_an_ocean_of_milk/
11/15/2024 13:45:26 - INFO - __main__ - Running validation... 
 Generating 4 images with prompt:on top of green grass with sunflowers around it.
11/15/2024 13:45:40 - INFO - root - Image have been saved in /shenzihe/WD-Disk/output/exp2/poop_emoji/checkpoint-100/images/on_top_of_green_grass_with_sunflowers_around_it/
11/15/2024 13:45:54 - INFO - root - Image have been saved in /shenzihe/WD-Disk/output/exp2/poop_emoji/checkpoint-100/images/on_top_of_green_grass_with_sunflowers_around_it/
11/15/2024 13:46:08 - INFO - root - Image have been saved in /shenzihe/WD-Disk/output/exp2/poop_emoji/checkpoint-100/images/on_top_of_green_grass_with_sunflowers_around_it/
11/15/2024 13:46:21 - INFO - root - Image have been saved in /shenzihe/WD-Disk/output/exp2/poop_emoji/checkpoint-100/images/on_top_of_green_grass_with_sunflowers_around_it/
11/15/2024 13:46:21 - INFO - __main__ - Running validation... 
 Generating 4 images with prompt:on top of a mirror.
11/15/2024 13:46:35 - INFO - root - Image have been saved in /shenzihe/WD-Disk/output/exp2/poop_emoji/checkpoint-100/images/on_top_of_a_mirror/
11/15/2024 13:46:49 - INFO - root - Image have been saved in /shenzihe/WD-Disk/output/exp2/poop_emoji/checkpoint-100/images/on_top_of_a_mirror/
11/15/2024 13:47:03 - INFO - root - Image have been saved in /shenzihe/WD-Disk/output/exp2/poop_emoji/checkpoint-100/images/on_top_of_a_mirror/
11/15/2024 13:47:16 - INFO - root - Image have been saved in /shenzihe/WD-Disk/output/exp2/poop_emoji/checkpoint-100/images/on_top_of_a_mirror/
11/15/2024 13:47:16 - INFO - __main__ - Running validation... 
 Generating 4 images with prompt:on top of the sidewalk in a crowded street.
11/15/2024 13:47:30 - INFO - root - Image have been saved in /shenzihe/WD-Disk/output/exp2/poop_emoji/checkpoint-100/images/on_top_of_the_sidewalk_in_a_crowded_street/
11/15/2024 13:47:44 - INFO - root - Image have been saved in /shenzihe/WD-Disk/output/exp2/poop_emoji/checkpoint-100/images/on_top_of_the_sidewalk_in_a_crowded_street/
11/15/2024 13:47:58 - INFO - root - Image have been saved in /shenzihe/WD-Disk/output/exp2/poop_emoji/checkpoint-100/images/on_top_of_the_sidewalk_in_a_crowded_street/
11/15/2024 13:48:12 - INFO - root - Image have been saved in /shenzihe/WD-Disk/output/exp2/poop_emoji/checkpoint-100/images/on_top_of_the_sidewalk_in_a_crowded_street/
11/15/2024 13:48:12 - INFO - __main__ - Running validation... 
 Generating 4 images with prompt:on top of a dirt road.
11/15/2024 13:48:25 - INFO - root - Image have been saved in /shenzihe/WD-Disk/output/exp2/poop_emoji/checkpoint-100/images/on_top_of_a_dirt_road/
11/15/2024 13:48:39 - INFO - root - Image have been saved in /shenzihe/WD-Disk/output/exp2/poop_emoji/checkpoint-100/images/on_top_of_a_dirt_road/
11/15/2024 13:48:53 - INFO - root - Image have been saved in /shenzihe/WD-Disk/output/exp2/poop_emoji/checkpoint-100/images/on_top_of_a_dirt_road/
11/15/2024 13:49:07 - INFO - root - Image have been saved in /shenzihe/WD-Disk/output/exp2/poop_emoji/checkpoint-100/images/on_top_of_a_dirt_road/
11/15/2024 13:49:07 - INFO - __main__ - Running validation... 
 Generating 4 images with prompt:on top of a white rug.
11/15/2024 13:49:21 - INFO - root - Image have been saved in /shenzihe/WD-Disk/output/exp2/poop_emoji/checkpoint-100/images/on_top_of_a_white_rug/
11/15/2024 13:49:34 - INFO - root - Image have been saved in /shenzihe/WD-Disk/output/exp2/poop_emoji/checkpoint-100/images/on_top_of_a_white_rug/
11/15/2024 13:49:49 - INFO - root - Image have been saved in /shenzihe/WD-Disk/output/exp2/poop_emoji/checkpoint-100/images/on_top_of_a_white_rug/
11/15/2024 13:50:02 - INFO - root - Image have been saved in /shenzihe/WD-Disk/output/exp2/poop_emoji/checkpoint-100/images/on_top_of_a_white_rug/
11/15/2024 13:50:02 - INFO - __main__ - Running validation... 
 Generating 4 images with prompt:red.
11/15/2024 13:50:16 - INFO - root - Image have been saved in /shenzihe/WD-Disk/output/exp2/poop_emoji/checkpoint-100/images/red/
11/15/2024 13:50:30 - INFO - root - Image have been saved in /shenzihe/WD-Disk/output/exp2/poop_emoji/checkpoint-100/images/red/
11/15/2024 13:50:44 - INFO - root - Image have been saved in /shenzihe/WD-Disk/output/exp2/poop_emoji/checkpoint-100/images/red/
11/15/2024 13:50:58 - INFO - root - Image have been saved in /shenzihe/WD-Disk/output/exp2/poop_emoji/checkpoint-100/images/red/
11/15/2024 13:50:58 - INFO - __main__ - Running validation... 
 Generating 4 images with prompt:purple.
11/15/2024 13:51:12 - INFO - root - Image have been saved in /shenzihe/WD-Disk/output/exp2/poop_emoji/checkpoint-100/images/purple/
11/15/2024 13:51:26 - INFO - root - Image have been saved in /shenzihe/WD-Disk/output/exp2/poop_emoji/checkpoint-100/images/purple/
11/15/2024 13:51:40 - INFO - root - Image have been saved in /shenzihe/WD-Disk/output/exp2/poop_emoji/checkpoint-100/images/purple/
11/15/2024 13:51:53 - INFO - root - Image have been saved in /shenzihe/WD-Disk/output/exp2/poop_emoji/checkpoint-100/images/purple/
11/15/2024 13:51:53 - INFO - __main__ - Running validation... 
 Generating 4 images with prompt:shiny.
11/15/2024 13:52:07 - INFO - root - Image have been saved in /shenzihe/WD-Disk/output/exp2/poop_emoji/checkpoint-100/images/shiny/
11/15/2024 13:52:21 - INFO - root - Image have been saved in /shenzihe/WD-Disk/output/exp2/poop_emoji/checkpoint-100/images/shiny/
11/15/2024 13:52:35 - INFO - root - Image have been saved in /shenzihe/WD-Disk/output/exp2/poop_emoji/checkpoint-100/images/shiny/
11/15/2024 13:52:49 - INFO - root - Image have been saved in /shenzihe/WD-Disk/output/exp2/poop_emoji/checkpoint-100/images/shiny/
11/15/2024 13:52:49 - INFO - __main__ - Running validation... 
 Generating 4 images with prompt:wet.
11/15/2024 13:53:03 - INFO - root - Image have been saved in /shenzihe/WD-Disk/output/exp2/poop_emoji/checkpoint-100/images/wet/
11/15/2024 13:53:17 - INFO - root - Image have been saved in /shenzihe/WD-Disk/output/exp2/poop_emoji/checkpoint-100/images/wet/
11/15/2024 13:53:31 - INFO - root - Image have been saved in /shenzihe/WD-Disk/output/exp2/poop_emoji/checkpoint-100/images/wet/
11/15/2024 13:53:45 - INFO - root - Image have been saved in /shenzihe/WD-Disk/output/exp2/poop_emoji/checkpoint-100/images/wet/
11/15/2024 13:53:45 - INFO - __main__ - Running validation... 
 Generating 4 images with prompt:cube shaped.
11/15/2024 13:53:59 - INFO - root - Image have been saved in /shenzihe/WD-Disk/output/exp2/poop_emoji/checkpoint-100/images/cube_shaped/
11/15/2024 13:54:12 - INFO - root - Image have been saved in /shenzihe/WD-Disk/output/exp2/poop_emoji/checkpoint-100/images/cube_shaped/
11/15/2024 13:54:26 - INFO - root - Image have been saved in /shenzihe/WD-Disk/output/exp2/poop_emoji/checkpoint-100/images/cube_shaped/
11/15/2024 13:54:40 - INFO - root - Image have been saved in /shenzihe/WD-Disk/output/exp2/poop_emoji/checkpoint-100/images/cube_shaped/
