11/18/2024 03:46:17 - INFO - __main__ - Distributed environment: NO
Num processes: 1
Process index: 0
Local process index: 0
Device: cuda

Mixed precision type: no

11/18/2024 03:46:20 - INFO - root - freeze vision encoder
11/18/2024 03:46:31 - INFO - root - Loading pretrained model from /root/.cache/torch/hub/checkpoints/blip-diffusion
11/18/2024 03:46:31 - INFO - root - Loading pretrained BLIP2 Qformer weights.
11/18/2024 03:46:33 - INFO - root - Loading pretrained projection lyer weights.
11/18/2024 03:46:33 - INFO - root - Loading pretrained text encoder weights.
11/18/2024 03:46:33 - INFO - root - Loading pretrained vae weights.
11/18/2024 03:46:34 - INFO - root - Loading pretrained unet weights.
11/18/2024 03:46:45 - INFO - root - Using xformers.
11/18/2024 03:46:45 - INFO - root - Building datasets...
11/18/2024 03:46:56 - INFO - root - freeze vision encoder
11/18/2024 03:47:33 - INFO - root - load checkpoint from https://storage.googleapis.com/sfr-vision-language-research/LAVIS/models/BLIP2/blip2_pretrained_flant5xl.pth
11/18/2024 03:47:34 - INFO - __main__ - 
***** Running training *****
11/18/2024 03:47:34 - INFO - __main__ -   Num examples = 4
11/18/2024 03:47:34 - INFO - __main__ -   Num batches each epoch = 2
11/18/2024 03:47:34 - INFO - __main__ -   Num Epochs = 50
11/18/2024 03:47:34 - INFO - __main__ -   Instantaneous batch size per device = 3
11/18/2024 03:47:34 - INFO - __main__ -   Total train batch size (w. parallel, distributed & accumulation) = 3
11/18/2024 03:47:34 - INFO - __main__ -   Gradient Accumulation steps = 1
11/18/2024 03:47:34 - INFO - __main__ -   Total optimization steps = 100
11/18/2024 03:52:33 - INFO - __main__ - Running validation... 
 Generating 4 images with prompt:in the jungle.
11/18/2024 03:52:50 - INFO - root - Image have been saved in /shenzihe/WD-Disk/output/exp3/red_cartoon/checkpoint-100/images/in_the_jungle/
11/18/2024 03:53:04 - INFO - root - Image have been saved in /shenzihe/WD-Disk/output/exp3/red_cartoon/checkpoint-100/images/in_the_jungle/
11/18/2024 03:53:18 - INFO - root - Image have been saved in /shenzihe/WD-Disk/output/exp3/red_cartoon/checkpoint-100/images/in_the_jungle/
11/18/2024 03:53:32 - INFO - root - Image have been saved in /shenzihe/WD-Disk/output/exp3/red_cartoon/checkpoint-100/images/in_the_jungle/
11/18/2024 03:53:32 - INFO - __main__ - Running validation... 
 Generating 4 images with prompt:in the snow.
11/18/2024 03:53:46 - INFO - root - Image have been saved in /shenzihe/WD-Disk/output/exp3/red_cartoon/checkpoint-100/images/in_the_snow/
11/18/2024 03:54:00 - INFO - root - Image have been saved in /shenzihe/WD-Disk/output/exp3/red_cartoon/checkpoint-100/images/in_the_snow/
11/18/2024 03:54:15 - INFO - root - Image have been saved in /shenzihe/WD-Disk/output/exp3/red_cartoon/checkpoint-100/images/in_the_snow/
11/18/2024 03:54:29 - INFO - root - Image have been saved in /shenzihe/WD-Disk/output/exp3/red_cartoon/checkpoint-100/images/in_the_snow/
11/18/2024 03:54:29 - INFO - __main__ - Running validation... 
 Generating 4 images with prompt:on the beach.
11/18/2024 03:54:43 - INFO - root - Image have been saved in /shenzihe/WD-Disk/output/exp3/red_cartoon/checkpoint-100/images/on_the_beach/
11/18/2024 03:54:58 - INFO - root - Image have been saved in /shenzihe/WD-Disk/output/exp3/red_cartoon/checkpoint-100/images/on_the_beach/
11/18/2024 03:55:12 - INFO - root - Image have been saved in /shenzihe/WD-Disk/output/exp3/red_cartoon/checkpoint-100/images/on_the_beach/
11/18/2024 03:55:26 - INFO - root - Image have been saved in /shenzihe/WD-Disk/output/exp3/red_cartoon/checkpoint-100/images/on_the_beach/
11/18/2024 03:55:26 - INFO - __main__ - Running validation... 
 Generating 4 images with prompt:on a cobblestone street.
11/18/2024 03:55:40 - INFO - root - Image have been saved in /shenzihe/WD-Disk/output/exp3/red_cartoon/checkpoint-100/images/on_a_cobblestone_street/
11/18/2024 03:55:55 - INFO - root - Image have been saved in /shenzihe/WD-Disk/output/exp3/red_cartoon/checkpoint-100/images/on_a_cobblestone_street/
11/18/2024 03:56:09 - INFO - root - Image have been saved in /shenzihe/WD-Disk/output/exp3/red_cartoon/checkpoint-100/images/on_a_cobblestone_street/
11/18/2024 03:56:23 - INFO - root - Image have been saved in /shenzihe/WD-Disk/output/exp3/red_cartoon/checkpoint-100/images/on_a_cobblestone_street/
11/18/2024 03:56:23 - INFO - __main__ - Running validation... 
 Generating 4 images with prompt:on top of pink fabric.
11/18/2024 03:56:37 - INFO - root - Image have been saved in /shenzihe/WD-Disk/output/exp3/red_cartoon/checkpoint-100/images/on_top_of_pink_fabric/
11/18/2024 03:56:51 - INFO - root - Image have been saved in /shenzihe/WD-Disk/output/exp3/red_cartoon/checkpoint-100/images/on_top_of_pink_fabric/
11/18/2024 03:57:05 - INFO - root - Image have been saved in /shenzihe/WD-Disk/output/exp3/red_cartoon/checkpoint-100/images/on_top_of_pink_fabric/
11/18/2024 03:57:19 - INFO - root - Image have been saved in /shenzihe/WD-Disk/output/exp3/red_cartoon/checkpoint-100/images/on_top_of_pink_fabric/
11/18/2024 03:57:19 - INFO - __main__ - Running validation... 
 Generating 4 images with prompt:on top of a wooden floor.
11/18/2024 03:57:34 - INFO - root - Image have been saved in /shenzihe/WD-Disk/output/exp3/red_cartoon/checkpoint-100/images/on_top_of_a_wooden_floor/
11/18/2024 03:57:48 - INFO - root - Image have been saved in /shenzihe/WD-Disk/output/exp3/red_cartoon/checkpoint-100/images/on_top_of_a_wooden_floor/
11/18/2024 03:58:03 - INFO - root - Image have been saved in /shenzihe/WD-Disk/output/exp3/red_cartoon/checkpoint-100/images/on_top_of_a_wooden_floor/
11/18/2024 03:58:17 - INFO - root - Image have been saved in /shenzihe/WD-Disk/output/exp3/red_cartoon/checkpoint-100/images/on_top_of_a_wooden_floor/
11/18/2024 03:58:17 - INFO - __main__ - Running validation... 
 Generating 4 images with prompt:with a city in the background.
11/18/2024 03:58:31 - INFO - root - Image have been saved in /shenzihe/WD-Disk/output/exp3/red_cartoon/checkpoint-100/images/with_a_city_in_the_background/
11/18/2024 03:58:46 - INFO - root - Image have been saved in /shenzihe/WD-Disk/output/exp3/red_cartoon/checkpoint-100/images/with_a_city_in_the_background/
11/18/2024 03:59:00 - INFO - root - Image have been saved in /shenzihe/WD-Disk/output/exp3/red_cartoon/checkpoint-100/images/with_a_city_in_the_background/
11/18/2024 03:59:15 - INFO - root - Image have been saved in /shenzihe/WD-Disk/output/exp3/red_cartoon/checkpoint-100/images/with_a_city_in_the_background/
11/18/2024 03:59:15 - INFO - __main__ - Running validation... 
 Generating 4 images with prompt:with a mountain in the background.
11/18/2024 03:59:29 - INFO - root - Image have been saved in /shenzihe/WD-Disk/output/exp3/red_cartoon/checkpoint-100/images/with_a_mountain_in_the_background/
11/18/2024 03:59:44 - INFO - root - Image have been saved in /shenzihe/WD-Disk/output/exp3/red_cartoon/checkpoint-100/images/with_a_mountain_in_the_background/
11/18/2024 03:59:58 - INFO - root - Image have been saved in /shenzihe/WD-Disk/output/exp3/red_cartoon/checkpoint-100/images/with_a_mountain_in_the_background/
11/18/2024 04:00:12 - INFO - root - Image have been saved in /shenzihe/WD-Disk/output/exp3/red_cartoon/checkpoint-100/images/with_a_mountain_in_the_background/
11/18/2024 04:00:12 - INFO - __main__ - Running validation... 
 Generating 4 images with prompt:with a blue house in the background.
11/18/2024 04:00:26 - INFO - root - Image have been saved in /shenzihe/WD-Disk/output/exp3/red_cartoon/checkpoint-100/images/with_a_blue_house_in_the_background/
11/18/2024 04:00:40 - INFO - root - Image have been saved in /shenzihe/WD-Disk/output/exp3/red_cartoon/checkpoint-100/images/with_a_blue_house_in_the_background/
11/18/2024 04:00:54 - INFO - root - Image have been saved in /shenzihe/WD-Disk/output/exp3/red_cartoon/checkpoint-100/images/with_a_blue_house_in_the_background/
11/18/2024 04:01:08 - INFO - root - Image have been saved in /shenzihe/WD-Disk/output/exp3/red_cartoon/checkpoint-100/images/with_a_blue_house_in_the_background/
11/18/2024 04:01:08 - INFO - __main__ - Running validation... 
 Generating 4 images with prompt:on top of a purple rug in a forest.
11/18/2024 04:01:23 - INFO - root - Image have been saved in /shenzihe/WD-Disk/output/exp3/red_cartoon/checkpoint-100/images/on_top_of_a_purple_rug_in_a_forest/
11/18/2024 04:01:37 - INFO - root - Image have been saved in /shenzihe/WD-Disk/output/exp3/red_cartoon/checkpoint-100/images/on_top_of_a_purple_rug_in_a_forest/
11/18/2024 04:01:51 - INFO - root - Image have been saved in /shenzihe/WD-Disk/output/exp3/red_cartoon/checkpoint-100/images/on_top_of_a_purple_rug_in_a_forest/
11/18/2024 04:02:05 - INFO - root - Image have been saved in /shenzihe/WD-Disk/output/exp3/red_cartoon/checkpoint-100/images/on_top_of_a_purple_rug_in_a_forest/
11/18/2024 04:02:05 - INFO - __main__ - Running validation... 
 Generating 4 images with prompt:with a wheat field in the background.
11/18/2024 04:02:19 - INFO - root - Image have been saved in /shenzihe/WD-Disk/output/exp3/red_cartoon/checkpoint-100/images/with_a_wheat_field_in_the_background/
11/18/2024 04:02:34 - INFO - root - Image have been saved in /shenzihe/WD-Disk/output/exp3/red_cartoon/checkpoint-100/images/with_a_wheat_field_in_the_background/
11/18/2024 04:02:48 - INFO - root - Image have been saved in /shenzihe/WD-Disk/output/exp3/red_cartoon/checkpoint-100/images/with_a_wheat_field_in_the_background/
11/18/2024 04:03:02 - INFO - root - Image have been saved in /shenzihe/WD-Disk/output/exp3/red_cartoon/checkpoint-100/images/with_a_wheat_field_in_the_background/
11/18/2024 04:03:02 - INFO - __main__ - Running validation... 
 Generating 4 images with prompt:with a tree and autumn leaves in the background.
11/18/2024 04:03:16 - INFO - root - Image have been saved in /shenzihe/WD-Disk/output/exp3/red_cartoon/checkpoint-100/images/with_a_tree_and_autumn_leaves_in_the_background/
11/18/2024 04:03:30 - INFO - root - Image have been saved in /shenzihe/WD-Disk/output/exp3/red_cartoon/checkpoint-100/images/with_a_tree_and_autumn_leaves_in_the_background/
11/18/2024 04:03:44 - INFO - root - Image have been saved in /shenzihe/WD-Disk/output/exp3/red_cartoon/checkpoint-100/images/with_a_tree_and_autumn_leaves_in_the_background/
11/18/2024 04:03:58 - INFO - root - Image have been saved in /shenzihe/WD-Disk/output/exp3/red_cartoon/checkpoint-100/images/with_a_tree_and_autumn_leaves_in_the_background/
11/18/2024 04:03:58 - INFO - __main__ - Running validation... 
 Generating 4 images with prompt:with the Eiffel Tower in the background.
11/18/2024 04:04:13 - INFO - root - Image have been saved in /shenzihe/WD-Disk/output/exp3/red_cartoon/checkpoint-100/images/with_the_Eiffel_Tower_in_the_background/
11/18/2024 04:04:27 - INFO - root - Image have been saved in /shenzihe/WD-Disk/output/exp3/red_cartoon/checkpoint-100/images/with_the_Eiffel_Tower_in_the_background/
11/18/2024 04:04:41 - INFO - root - Image have been saved in /shenzihe/WD-Disk/output/exp3/red_cartoon/checkpoint-100/images/with_the_Eiffel_Tower_in_the_background/
11/18/2024 04:04:55 - INFO - root - Image have been saved in /shenzihe/WD-Disk/output/exp3/red_cartoon/checkpoint-100/images/with_the_Eiffel_Tower_in_the_background/
11/18/2024 04:04:55 - INFO - __main__ - Running validation... 
 Generating 4 images with prompt:floating on top of water.
11/18/2024 04:05:09 - INFO - root - Image have been saved in /shenzihe/WD-Disk/output/exp3/red_cartoon/checkpoint-100/images/floating_on_top_of_water/
11/18/2024 04:05:23 - INFO - root - Image have been saved in /shenzihe/WD-Disk/output/exp3/red_cartoon/checkpoint-100/images/floating_on_top_of_water/
11/18/2024 04:05:37 - INFO - root - Image have been saved in /shenzihe/WD-Disk/output/exp3/red_cartoon/checkpoint-100/images/floating_on_top_of_water/
11/18/2024 04:05:51 - INFO - root - Image have been saved in /shenzihe/WD-Disk/output/exp3/red_cartoon/checkpoint-100/images/floating_on_top_of_water/
11/18/2024 04:05:51 - INFO - __main__ - Running validation... 
 Generating 4 images with prompt:floating in an ocean of milk.
11/18/2024 04:06:05 - INFO - root - Image have been saved in /shenzihe/WD-Disk/output/exp3/red_cartoon/checkpoint-100/images/floating_in_an_ocean_of_milk/
11/18/2024 04:06:20 - INFO - root - Image have been saved in /shenzihe/WD-Disk/output/exp3/red_cartoon/checkpoint-100/images/floating_in_an_ocean_of_milk/
11/18/2024 04:06:34 - INFO - root - Image have been saved in /shenzihe/WD-Disk/output/exp3/red_cartoon/checkpoint-100/images/floating_in_an_ocean_of_milk/
11/18/2024 04:06:48 - INFO - root - Image have been saved in /shenzihe/WD-Disk/output/exp3/red_cartoon/checkpoint-100/images/floating_in_an_ocean_of_milk/
11/18/2024 04:06:48 - INFO - __main__ - Running validation... 
 Generating 4 images with prompt:on top of green grass with sunflowers around it.
11/18/2024 04:07:02 - INFO - root - Image have been saved in /shenzihe/WD-Disk/output/exp3/red_cartoon/checkpoint-100/images/on_top_of_green_grass_with_sunflowers_around_it/
11/18/2024 04:07:16 - INFO - root - Image have been saved in /shenzihe/WD-Disk/output/exp3/red_cartoon/checkpoint-100/images/on_top_of_green_grass_with_sunflowers_around_it/
11/18/2024 04:07:30 - INFO - root - Image have been saved in /shenzihe/WD-Disk/output/exp3/red_cartoon/checkpoint-100/images/on_top_of_green_grass_with_sunflowers_around_it/
11/18/2024 04:07:44 - INFO - root - Image have been saved in /shenzihe/WD-Disk/output/exp3/red_cartoon/checkpoint-100/images/on_top_of_green_grass_with_sunflowers_around_it/
11/18/2024 04:07:44 - INFO - __main__ - Running validation... 
 Generating 4 images with prompt:on top of a mirror.
11/18/2024 04:07:58 - INFO - root - Image have been saved in /shenzihe/WD-Disk/output/exp3/red_cartoon/checkpoint-100/images/on_top_of_a_mirror/
11/18/2024 04:08:12 - INFO - root - Image have been saved in /shenzihe/WD-Disk/output/exp3/red_cartoon/checkpoint-100/images/on_top_of_a_mirror/
11/18/2024 04:08:26 - INFO - root - Image have been saved in /shenzihe/WD-Disk/output/exp3/red_cartoon/checkpoint-100/images/on_top_of_a_mirror/
11/18/2024 04:08:40 - INFO - root - Image have been saved in /shenzihe/WD-Disk/output/exp3/red_cartoon/checkpoint-100/images/on_top_of_a_mirror/
11/18/2024 04:08:40 - INFO - __main__ - Running validation... 
 Generating 4 images with prompt:on top of the sidewalk in a crowded street.
11/18/2024 04:08:54 - INFO - root - Image have been saved in /shenzihe/WD-Disk/output/exp3/red_cartoon/checkpoint-100/images/on_top_of_the_sidewalk_in_a_crowded_street/
11/18/2024 04:09:08 - INFO - root - Image have been saved in /shenzihe/WD-Disk/output/exp3/red_cartoon/checkpoint-100/images/on_top_of_the_sidewalk_in_a_crowded_street/
11/18/2024 04:09:22 - INFO - root - Image have been saved in /shenzihe/WD-Disk/output/exp3/red_cartoon/checkpoint-100/images/on_top_of_the_sidewalk_in_a_crowded_street/
11/18/2024 04:09:36 - INFO - root - Image have been saved in /shenzihe/WD-Disk/output/exp3/red_cartoon/checkpoint-100/images/on_top_of_the_sidewalk_in_a_crowded_street/
11/18/2024 04:09:36 - INFO - __main__ - Running validation... 
 Generating 4 images with prompt:on top of a dirt road.
11/18/2024 04:09:50 - INFO - root - Image have been saved in /shenzihe/WD-Disk/output/exp3/red_cartoon/checkpoint-100/images/on_top_of_a_dirt_road/
11/18/2024 04:10:04 - INFO - root - Image have been saved in /shenzihe/WD-Disk/output/exp3/red_cartoon/checkpoint-100/images/on_top_of_a_dirt_road/
11/18/2024 04:10:18 - INFO - root - Image have been saved in /shenzihe/WD-Disk/output/exp3/red_cartoon/checkpoint-100/images/on_top_of_a_dirt_road/
11/18/2024 04:10:32 - INFO - root - Image have been saved in /shenzihe/WD-Disk/output/exp3/red_cartoon/checkpoint-100/images/on_top_of_a_dirt_road/
11/18/2024 04:10:32 - INFO - __main__ - Running validation... 
 Generating 4 images with prompt:on top of a white rug.
11/18/2024 04:10:46 - INFO - root - Image have been saved in /shenzihe/WD-Disk/output/exp3/red_cartoon/checkpoint-100/images/on_top_of_a_white_rug/
11/18/2024 04:11:00 - INFO - root - Image have been saved in /shenzihe/WD-Disk/output/exp3/red_cartoon/checkpoint-100/images/on_top_of_a_white_rug/
11/18/2024 04:11:14 - INFO - root - Image have been saved in /shenzihe/WD-Disk/output/exp3/red_cartoon/checkpoint-100/images/on_top_of_a_white_rug/
11/18/2024 04:11:28 - INFO - root - Image have been saved in /shenzihe/WD-Disk/output/exp3/red_cartoon/checkpoint-100/images/on_top_of_a_white_rug/
11/18/2024 04:11:28 - INFO - __main__ - Running validation... 
 Generating 4 images with prompt:red.
11/18/2024 04:11:42 - INFO - root - Image have been saved in /shenzihe/WD-Disk/output/exp3/red_cartoon/checkpoint-100/images/red/
11/18/2024 04:11:56 - INFO - root - Image have been saved in /shenzihe/WD-Disk/output/exp3/red_cartoon/checkpoint-100/images/red/
11/18/2024 04:12:10 - INFO - root - Image have been saved in /shenzihe/WD-Disk/output/exp3/red_cartoon/checkpoint-100/images/red/
11/18/2024 04:12:24 - INFO - root - Image have been saved in /shenzihe/WD-Disk/output/exp3/red_cartoon/checkpoint-100/images/red/
11/18/2024 04:12:24 - INFO - __main__ - Running validation... 
 Generating 4 images with prompt:purple.
11/18/2024 04:12:38 - INFO - root - Image have been saved in /shenzihe/WD-Disk/output/exp3/red_cartoon/checkpoint-100/images/purple/
11/18/2024 04:12:52 - INFO - root - Image have been saved in /shenzihe/WD-Disk/output/exp3/red_cartoon/checkpoint-100/images/purple/
11/18/2024 04:13:06 - INFO - root - Image have been saved in /shenzihe/WD-Disk/output/exp3/red_cartoon/checkpoint-100/images/purple/
11/18/2024 04:13:20 - INFO - root - Image have been saved in /shenzihe/WD-Disk/output/exp3/red_cartoon/checkpoint-100/images/purple/
11/18/2024 04:13:20 - INFO - __main__ - Running validation... 
 Generating 4 images with prompt:shiny.
11/18/2024 04:13:34 - INFO - root - Image have been saved in /shenzihe/WD-Disk/output/exp3/red_cartoon/checkpoint-100/images/shiny/
11/18/2024 04:13:48 - INFO - root - Image have been saved in /shenzihe/WD-Disk/output/exp3/red_cartoon/checkpoint-100/images/shiny/
11/18/2024 04:14:02 - INFO - root - Image have been saved in /shenzihe/WD-Disk/output/exp3/red_cartoon/checkpoint-100/images/shiny/
11/18/2024 04:14:16 - INFO - root - Image have been saved in /shenzihe/WD-Disk/output/exp3/red_cartoon/checkpoint-100/images/shiny/
11/18/2024 04:14:16 - INFO - __main__ - Running validation... 
 Generating 4 images with prompt:wet.
11/18/2024 04:14:30 - INFO - root - Image have been saved in /shenzihe/WD-Disk/output/exp3/red_cartoon/checkpoint-100/images/wet/
11/18/2024 04:14:44 - INFO - root - Image have been saved in /shenzihe/WD-Disk/output/exp3/red_cartoon/checkpoint-100/images/wet/
11/18/2024 04:14:58 - INFO - root - Image have been saved in /shenzihe/WD-Disk/output/exp3/red_cartoon/checkpoint-100/images/wet/
11/18/2024 04:15:12 - INFO - root - Image have been saved in /shenzihe/WD-Disk/output/exp3/red_cartoon/checkpoint-100/images/wet/
11/18/2024 04:15:12 - INFO - __main__ - Running validation... 
 Generating 4 images with prompt:cube shaped.
11/18/2024 04:15:26 - INFO - root - Image have been saved in /shenzihe/WD-Disk/output/exp3/red_cartoon/checkpoint-100/images/cube_shaped/
11/18/2024 04:15:40 - INFO - root - Image have been saved in /shenzihe/WD-Disk/output/exp3/red_cartoon/checkpoint-100/images/cube_shaped/
11/18/2024 04:15:54 - INFO - root - Image have been saved in /shenzihe/WD-Disk/output/exp3/red_cartoon/checkpoint-100/images/cube_shaped/
11/18/2024 04:16:08 - INFO - root - Image have been saved in /shenzihe/WD-Disk/output/exp3/red_cartoon/checkpoint-100/images/cube_shaped/
