11/18/2024 01:16:43 - INFO - __main__ - Distributed environment: NO
Num processes: 1
Process index: 0
Local process index: 0
Device: cuda

Mixed precision type: no

11/18/2024 01:16:46 - INFO - root - freeze vision encoder
11/18/2024 01:16:55 - INFO - root - Loading pretrained model from /root/.cache/torch/hub/checkpoints/blip-diffusion
11/18/2024 01:16:55 - INFO - root - Loading pretrained BLIP2 Qformer weights.
11/18/2024 01:16:57 - INFO - root - Loading pretrained projection lyer weights.
11/18/2024 01:16:57 - INFO - root - Loading pretrained text encoder weights.
11/18/2024 01:16:58 - INFO - root - Loading pretrained vae weights.
11/18/2024 01:16:58 - INFO - root - Loading pretrained unet weights.
11/18/2024 01:17:06 - INFO - root - Using xformers.
11/18/2024 01:17:06 - INFO - root - Building datasets...
11/18/2024 01:17:17 - INFO - root - freeze vision encoder
11/18/2024 01:17:47 - INFO - root - load checkpoint from https://storage.googleapis.com/sfr-vision-language-research/LAVIS/models/BLIP2/blip2_pretrained_flant5xl.pth
11/18/2024 01:17:48 - INFO - __main__ - 
***** Running training *****
11/18/2024 01:17:48 - INFO - __main__ -   Num examples = 5
11/18/2024 01:17:48 - INFO - __main__ -   Num batches each epoch = 2
11/18/2024 01:17:48 - INFO - __main__ -   Num Epochs = 50
11/18/2024 01:17:48 - INFO - __main__ -   Instantaneous batch size per device = 3
11/18/2024 01:17:48 - INFO - __main__ -   Total train batch size (w. parallel, distributed & accumulation) = 3
11/18/2024 01:17:48 - INFO - __main__ -   Gradient Accumulation steps = 1
11/18/2024 01:17:48 - INFO - __main__ -   Total optimization steps = 100
11/18/2024 01:22:35 - INFO - __main__ - Running validation... 
 Generating 4 images with prompt:in the jungle.
11/18/2024 01:22:50 - INFO - root - Image have been saved in /shenzihe/WD-Disk/output/exp3/grey_sloth_plushie/checkpoint-100/images/in_the_jungle/
11/18/2024 01:23:03 - INFO - root - Image have been saved in /shenzihe/WD-Disk/output/exp3/grey_sloth_plushie/checkpoint-100/images/in_the_jungle/
11/18/2024 01:23:17 - INFO - root - Image have been saved in /shenzihe/WD-Disk/output/exp3/grey_sloth_plushie/checkpoint-100/images/in_the_jungle/
11/18/2024 01:23:31 - INFO - root - Image have been saved in /shenzihe/WD-Disk/output/exp3/grey_sloth_plushie/checkpoint-100/images/in_the_jungle/
11/18/2024 01:23:31 - INFO - __main__ - Running validation... 
 Generating 4 images with prompt:in the snow.
11/18/2024 01:23:44 - INFO - root - Image have been saved in /shenzihe/WD-Disk/output/exp3/grey_sloth_plushie/checkpoint-100/images/in_the_snow/
11/18/2024 01:23:58 - INFO - root - Image have been saved in /shenzihe/WD-Disk/output/exp3/grey_sloth_plushie/checkpoint-100/images/in_the_snow/
11/18/2024 01:24:12 - INFO - root - Image have been saved in /shenzihe/WD-Disk/output/exp3/grey_sloth_plushie/checkpoint-100/images/in_the_snow/
11/18/2024 01:24:25 - INFO - root - Image have been saved in /shenzihe/WD-Disk/output/exp3/grey_sloth_plushie/checkpoint-100/images/in_the_snow/
11/18/2024 01:24:25 - INFO - __main__ - Running validation... 
 Generating 4 images with prompt:on the beach.
11/18/2024 01:24:39 - INFO - root - Image have been saved in /shenzihe/WD-Disk/output/exp3/grey_sloth_plushie/checkpoint-100/images/on_the_beach/
11/18/2024 01:24:53 - INFO - root - Image have been saved in /shenzihe/WD-Disk/output/exp3/grey_sloth_plushie/checkpoint-100/images/on_the_beach/
11/18/2024 01:25:07 - INFO - root - Image have been saved in /shenzihe/WD-Disk/output/exp3/grey_sloth_plushie/checkpoint-100/images/on_the_beach/
11/18/2024 01:25:21 - INFO - root - Image have been saved in /shenzihe/WD-Disk/output/exp3/grey_sloth_plushie/checkpoint-100/images/on_the_beach/
11/18/2024 01:25:21 - INFO - __main__ - Running validation... 
 Generating 4 images with prompt:on a cobblestone street.
11/18/2024 01:25:34 - INFO - root - Image have been saved in /shenzihe/WD-Disk/output/exp3/grey_sloth_plushie/checkpoint-100/images/on_a_cobblestone_street/
11/18/2024 01:25:48 - INFO - root - Image have been saved in /shenzihe/WD-Disk/output/exp3/grey_sloth_plushie/checkpoint-100/images/on_a_cobblestone_street/
11/18/2024 01:26:01 - INFO - root - Image have been saved in /shenzihe/WD-Disk/output/exp3/grey_sloth_plushie/checkpoint-100/images/on_a_cobblestone_street/
11/18/2024 01:26:15 - INFO - root - Image have been saved in /shenzihe/WD-Disk/output/exp3/grey_sloth_plushie/checkpoint-100/images/on_a_cobblestone_street/
11/18/2024 01:26:15 - INFO - __main__ - Running validation... 
 Generating 4 images with prompt:on top of pink fabric.
11/18/2024 01:26:29 - INFO - root - Image have been saved in /shenzihe/WD-Disk/output/exp3/grey_sloth_plushie/checkpoint-100/images/on_top_of_pink_fabric/
11/18/2024 01:26:42 - INFO - root - Image have been saved in /shenzihe/WD-Disk/output/exp3/grey_sloth_plushie/checkpoint-100/images/on_top_of_pink_fabric/
11/18/2024 01:26:56 - INFO - root - Image have been saved in /shenzihe/WD-Disk/output/exp3/grey_sloth_plushie/checkpoint-100/images/on_top_of_pink_fabric/
11/18/2024 01:27:10 - INFO - root - Image have been saved in /shenzihe/WD-Disk/output/exp3/grey_sloth_plushie/checkpoint-100/images/on_top_of_pink_fabric/
11/18/2024 01:27:10 - INFO - __main__ - Running validation... 
 Generating 4 images with prompt:on top of a wooden floor.
11/18/2024 01:27:24 - INFO - root - Image have been saved in /shenzihe/WD-Disk/output/exp3/grey_sloth_plushie/checkpoint-100/images/on_top_of_a_wooden_floor/
11/18/2024 01:27:37 - INFO - root - Image have been saved in /shenzihe/WD-Disk/output/exp3/grey_sloth_plushie/checkpoint-100/images/on_top_of_a_wooden_floor/
11/18/2024 01:27:51 - INFO - root - Image have been saved in /shenzihe/WD-Disk/output/exp3/grey_sloth_plushie/checkpoint-100/images/on_top_of_a_wooden_floor/
11/18/2024 01:28:05 - INFO - root - Image have been saved in /shenzihe/WD-Disk/output/exp3/grey_sloth_plushie/checkpoint-100/images/on_top_of_a_wooden_floor/
11/18/2024 01:28:05 - INFO - __main__ - Running validation... 
 Generating 4 images with prompt:with a city in the background.
11/18/2024 01:28:18 - INFO - root - Image have been saved in /shenzihe/WD-Disk/output/exp3/grey_sloth_plushie/checkpoint-100/images/with_a_city_in_the_background/
11/18/2024 01:28:32 - INFO - root - Image have been saved in /shenzihe/WD-Disk/output/exp3/grey_sloth_plushie/checkpoint-100/images/with_a_city_in_the_background/
11/18/2024 01:28:46 - INFO - root - Image have been saved in /shenzihe/WD-Disk/output/exp3/grey_sloth_plushie/checkpoint-100/images/with_a_city_in_the_background/
11/18/2024 01:28:59 - INFO - root - Image have been saved in /shenzihe/WD-Disk/output/exp3/grey_sloth_plushie/checkpoint-100/images/with_a_city_in_the_background/
11/18/2024 01:28:59 - INFO - __main__ - Running validation... 
 Generating 4 images with prompt:with a mountain in the background.
11/18/2024 01:29:13 - INFO - root - Image have been saved in /shenzihe/WD-Disk/output/exp3/grey_sloth_plushie/checkpoint-100/images/with_a_mountain_in_the_background/
11/18/2024 01:29:26 - INFO - root - Image have been saved in /shenzihe/WD-Disk/output/exp3/grey_sloth_plushie/checkpoint-100/images/with_a_mountain_in_the_background/
11/18/2024 01:29:40 - INFO - root - Image have been saved in /shenzihe/WD-Disk/output/exp3/grey_sloth_plushie/checkpoint-100/images/with_a_mountain_in_the_background/
11/18/2024 01:29:54 - INFO - root - Image have been saved in /shenzihe/WD-Disk/output/exp3/grey_sloth_plushie/checkpoint-100/images/with_a_mountain_in_the_background/
11/18/2024 01:29:54 - INFO - __main__ - Running validation... 
 Generating 4 images with prompt:with a blue house in the background.
11/18/2024 01:30:07 - INFO - root - Image have been saved in /shenzihe/WD-Disk/output/exp3/grey_sloth_plushie/checkpoint-100/images/with_a_blue_house_in_the_background/
11/18/2024 01:30:21 - INFO - root - Image have been saved in /shenzihe/WD-Disk/output/exp3/grey_sloth_plushie/checkpoint-100/images/with_a_blue_house_in_the_background/
11/18/2024 01:30:35 - INFO - root - Image have been saved in /shenzihe/WD-Disk/output/exp3/grey_sloth_plushie/checkpoint-100/images/with_a_blue_house_in_the_background/
11/18/2024 01:30:48 - INFO - root - Image have been saved in /shenzihe/WD-Disk/output/exp3/grey_sloth_plushie/checkpoint-100/images/with_a_blue_house_in_the_background/
11/18/2024 01:30:48 - INFO - __main__ - Running validation... 
 Generating 4 images with prompt:on top of a purple rug in a forest.
11/18/2024 01:31:02 - INFO - root - Image have been saved in /shenzihe/WD-Disk/output/exp3/grey_sloth_plushie/checkpoint-100/images/on_top_of_a_purple_rug_in_a_forest/
11/18/2024 01:31:16 - INFO - root - Image have been saved in /shenzihe/WD-Disk/output/exp3/grey_sloth_plushie/checkpoint-100/images/on_top_of_a_purple_rug_in_a_forest/
11/18/2024 01:31:29 - INFO - root - Image have been saved in /shenzihe/WD-Disk/output/exp3/grey_sloth_plushie/checkpoint-100/images/on_top_of_a_purple_rug_in_a_forest/
11/18/2024 01:31:43 - INFO - root - Image have been saved in /shenzihe/WD-Disk/output/exp3/grey_sloth_plushie/checkpoint-100/images/on_top_of_a_purple_rug_in_a_forest/
11/18/2024 01:31:43 - INFO - __main__ - Running validation... 
 Generating 4 images with prompt:with a wheat field in the background.
11/18/2024 01:31:57 - INFO - root - Image have been saved in /shenzihe/WD-Disk/output/exp3/grey_sloth_plushie/checkpoint-100/images/with_a_wheat_field_in_the_background/
11/18/2024 01:32:10 - INFO - root - Image have been saved in /shenzihe/WD-Disk/output/exp3/grey_sloth_plushie/checkpoint-100/images/with_a_wheat_field_in_the_background/
11/18/2024 01:32:24 - INFO - root - Image have been saved in /shenzihe/WD-Disk/output/exp3/grey_sloth_plushie/checkpoint-100/images/with_a_wheat_field_in_the_background/
11/18/2024 01:32:38 - INFO - root - Image have been saved in /shenzihe/WD-Disk/output/exp3/grey_sloth_plushie/checkpoint-100/images/with_a_wheat_field_in_the_background/
11/18/2024 01:32:38 - INFO - __main__ - Running validation... 
 Generating 4 images with prompt:with a tree and autumn leaves in the background.
11/18/2024 01:32:51 - INFO - root - Image have been saved in /shenzihe/WD-Disk/output/exp3/grey_sloth_plushie/checkpoint-100/images/with_a_tree_and_autumn_leaves_in_the_background/
11/18/2024 01:33:05 - INFO - root - Image have been saved in /shenzihe/WD-Disk/output/exp3/grey_sloth_plushie/checkpoint-100/images/with_a_tree_and_autumn_leaves_in_the_background/
11/18/2024 01:33:19 - INFO - root - Image have been saved in /shenzihe/WD-Disk/output/exp3/grey_sloth_plushie/checkpoint-100/images/with_a_tree_and_autumn_leaves_in_the_background/
11/18/2024 01:33:32 - INFO - root - Image have been saved in /shenzihe/WD-Disk/output/exp3/grey_sloth_plushie/checkpoint-100/images/with_a_tree_and_autumn_leaves_in_the_background/
11/18/2024 01:33:32 - INFO - __main__ - Running validation... 
 Generating 4 images with prompt:with the Eiffel Tower in the background.
11/18/2024 01:33:46 - INFO - root - Image have been saved in /shenzihe/WD-Disk/output/exp3/grey_sloth_plushie/checkpoint-100/images/with_the_Eiffel_Tower_in_the_background/
11/18/2024 01:34:00 - INFO - root - Image have been saved in /shenzihe/WD-Disk/output/exp3/grey_sloth_plushie/checkpoint-100/images/with_the_Eiffel_Tower_in_the_background/
11/18/2024 01:34:13 - INFO - root - Image have been saved in /shenzihe/WD-Disk/output/exp3/grey_sloth_plushie/checkpoint-100/images/with_the_Eiffel_Tower_in_the_background/
11/18/2024 01:34:27 - INFO - root - Image have been saved in /shenzihe/WD-Disk/output/exp3/grey_sloth_plushie/checkpoint-100/images/with_the_Eiffel_Tower_in_the_background/
11/18/2024 01:34:27 - INFO - __main__ - Running validation... 
 Generating 4 images with prompt:floating on top of water.
11/18/2024 01:34:41 - INFO - root - Image have been saved in /shenzihe/WD-Disk/output/exp3/grey_sloth_plushie/checkpoint-100/images/floating_on_top_of_water/
11/18/2024 01:34:54 - INFO - root - Image have been saved in /shenzihe/WD-Disk/output/exp3/grey_sloth_plushie/checkpoint-100/images/floating_on_top_of_water/
11/18/2024 01:35:08 - INFO - root - Image have been saved in /shenzihe/WD-Disk/output/exp3/grey_sloth_plushie/checkpoint-100/images/floating_on_top_of_water/
11/18/2024 01:35:22 - INFO - root - Image have been saved in /shenzihe/WD-Disk/output/exp3/grey_sloth_plushie/checkpoint-100/images/floating_on_top_of_water/
11/18/2024 01:35:22 - INFO - __main__ - Running validation... 
 Generating 4 images with prompt:floating in an ocean of milk.
11/18/2024 01:35:35 - INFO - root - Image have been saved in /shenzihe/WD-Disk/output/exp3/grey_sloth_plushie/checkpoint-100/images/floating_in_an_ocean_of_milk/
11/18/2024 01:35:49 - INFO - root - Image have been saved in /shenzihe/WD-Disk/output/exp3/grey_sloth_plushie/checkpoint-100/images/floating_in_an_ocean_of_milk/
11/18/2024 01:36:03 - INFO - root - Image have been saved in /shenzihe/WD-Disk/output/exp3/grey_sloth_plushie/checkpoint-100/images/floating_in_an_ocean_of_milk/
11/18/2024 01:36:16 - INFO - root - Image have been saved in /shenzihe/WD-Disk/output/exp3/grey_sloth_plushie/checkpoint-100/images/floating_in_an_ocean_of_milk/
11/18/2024 01:36:16 - INFO - __main__ - Running validation... 
 Generating 4 images with prompt:on top of green grass with sunflowers around it.
11/18/2024 01:36:30 - INFO - root - Image have been saved in /shenzihe/WD-Disk/output/exp3/grey_sloth_plushie/checkpoint-100/images/on_top_of_green_grass_with_sunflowers_around_it/
11/18/2024 01:36:43 - INFO - root - Image have been saved in /shenzihe/WD-Disk/output/exp3/grey_sloth_plushie/checkpoint-100/images/on_top_of_green_grass_with_sunflowers_around_it/
11/18/2024 01:36:57 - INFO - root - Image have been saved in /shenzihe/WD-Disk/output/exp3/grey_sloth_plushie/checkpoint-100/images/on_top_of_green_grass_with_sunflowers_around_it/
11/18/2024 01:37:11 - INFO - root - Image have been saved in /shenzihe/WD-Disk/output/exp3/grey_sloth_plushie/checkpoint-100/images/on_top_of_green_grass_with_sunflowers_around_it/
11/18/2024 01:37:11 - INFO - __main__ - Running validation... 
 Generating 4 images with prompt:on top of a mirror.
11/18/2024 01:37:24 - INFO - root - Image have been saved in /shenzihe/WD-Disk/output/exp3/grey_sloth_plushie/checkpoint-100/images/on_top_of_a_mirror/
11/18/2024 01:37:38 - INFO - root - Image have been saved in /shenzihe/WD-Disk/output/exp3/grey_sloth_plushie/checkpoint-100/images/on_top_of_a_mirror/
11/18/2024 01:37:52 - INFO - root - Image have been saved in /shenzihe/WD-Disk/output/exp3/grey_sloth_plushie/checkpoint-100/images/on_top_of_a_mirror/
11/18/2024 01:38:05 - INFO - root - Image have been saved in /shenzihe/WD-Disk/output/exp3/grey_sloth_plushie/checkpoint-100/images/on_top_of_a_mirror/
11/18/2024 01:38:05 - INFO - __main__ - Running validation... 
 Generating 4 images with prompt:on top of the sidewalk in a crowded street.
11/18/2024 01:38:19 - INFO - root - Image have been saved in /shenzihe/WD-Disk/output/exp3/grey_sloth_plushie/checkpoint-100/images/on_top_of_the_sidewalk_in_a_crowded_street/
11/18/2024 01:38:33 - INFO - root - Image have been saved in /shenzihe/WD-Disk/output/exp3/grey_sloth_plushie/checkpoint-100/images/on_top_of_the_sidewalk_in_a_crowded_street/
11/18/2024 01:38:46 - INFO - root - Image have been saved in /shenzihe/WD-Disk/output/exp3/grey_sloth_plushie/checkpoint-100/images/on_top_of_the_sidewalk_in_a_crowded_street/
11/18/2024 01:39:00 - INFO - root - Image have been saved in /shenzihe/WD-Disk/output/exp3/grey_sloth_plushie/checkpoint-100/images/on_top_of_the_sidewalk_in_a_crowded_street/
11/18/2024 01:39:00 - INFO - __main__ - Running validation... 
 Generating 4 images with prompt:on top of a dirt road.
11/18/2024 01:39:14 - INFO - root - Image have been saved in /shenzihe/WD-Disk/output/exp3/grey_sloth_plushie/checkpoint-100/images/on_top_of_a_dirt_road/
11/18/2024 01:39:27 - INFO - root - Image have been saved in /shenzihe/WD-Disk/output/exp3/grey_sloth_plushie/checkpoint-100/images/on_top_of_a_dirt_road/
11/18/2024 01:39:41 - INFO - root - Image have been saved in /shenzihe/WD-Disk/output/exp3/grey_sloth_plushie/checkpoint-100/images/on_top_of_a_dirt_road/
11/18/2024 01:39:55 - INFO - root - Image have been saved in /shenzihe/WD-Disk/output/exp3/grey_sloth_plushie/checkpoint-100/images/on_top_of_a_dirt_road/
11/18/2024 01:39:55 - INFO - __main__ - Running validation... 
 Generating 4 images with prompt:on top of a white rug.
11/18/2024 01:40:08 - INFO - root - Image have been saved in /shenzihe/WD-Disk/output/exp3/grey_sloth_plushie/checkpoint-100/images/on_top_of_a_white_rug/
11/18/2024 01:40:22 - INFO - root - Image have been saved in /shenzihe/WD-Disk/output/exp3/grey_sloth_plushie/checkpoint-100/images/on_top_of_a_white_rug/
11/18/2024 01:40:36 - INFO - root - Image have been saved in /shenzihe/WD-Disk/output/exp3/grey_sloth_plushie/checkpoint-100/images/on_top_of_a_white_rug/
11/18/2024 01:40:49 - INFO - root - Image have been saved in /shenzihe/WD-Disk/output/exp3/grey_sloth_plushie/checkpoint-100/images/on_top_of_a_white_rug/
11/18/2024 01:40:49 - INFO - __main__ - Running validation... 
 Generating 4 images with prompt:red.
11/18/2024 01:41:03 - INFO - root - Image have been saved in /shenzihe/WD-Disk/output/exp3/grey_sloth_plushie/checkpoint-100/images/red/
11/18/2024 01:41:16 - INFO - root - Image have been saved in /shenzihe/WD-Disk/output/exp3/grey_sloth_plushie/checkpoint-100/images/red/
11/18/2024 01:41:30 - INFO - root - Image have been saved in /shenzihe/WD-Disk/output/exp3/grey_sloth_plushie/checkpoint-100/images/red/
11/18/2024 01:41:44 - INFO - root - Image have been saved in /shenzihe/WD-Disk/output/exp3/grey_sloth_plushie/checkpoint-100/images/red/
11/18/2024 01:41:44 - INFO - __main__ - Running validation... 
 Generating 4 images with prompt:purple.
11/18/2024 01:41:57 - INFO - root - Image have been saved in /shenzihe/WD-Disk/output/exp3/grey_sloth_plushie/checkpoint-100/images/purple/
11/18/2024 01:42:11 - INFO - root - Image have been saved in /shenzihe/WD-Disk/output/exp3/grey_sloth_plushie/checkpoint-100/images/purple/
11/18/2024 01:42:25 - INFO - root - Image have been saved in /shenzihe/WD-Disk/output/exp3/grey_sloth_plushie/checkpoint-100/images/purple/
11/18/2024 01:42:38 - INFO - root - Image have been saved in /shenzihe/WD-Disk/output/exp3/grey_sloth_plushie/checkpoint-100/images/purple/
11/18/2024 01:42:38 - INFO - __main__ - Running validation... 
 Generating 4 images with prompt:shiny.
11/18/2024 01:42:52 - INFO - root - Image have been saved in /shenzihe/WD-Disk/output/exp3/grey_sloth_plushie/checkpoint-100/images/shiny/
11/18/2024 01:43:06 - INFO - root - Image have been saved in /shenzihe/WD-Disk/output/exp3/grey_sloth_plushie/checkpoint-100/images/shiny/
11/18/2024 01:43:19 - INFO - root - Image have been saved in /shenzihe/WD-Disk/output/exp3/grey_sloth_plushie/checkpoint-100/images/shiny/
11/18/2024 01:43:33 - INFO - root - Image have been saved in /shenzihe/WD-Disk/output/exp3/grey_sloth_plushie/checkpoint-100/images/shiny/
11/18/2024 01:43:33 - INFO - __main__ - Running validation... 
 Generating 4 images with prompt:wet.
11/18/2024 01:43:47 - INFO - root - Image have been saved in /shenzihe/WD-Disk/output/exp3/grey_sloth_plushie/checkpoint-100/images/wet/
11/18/2024 01:44:00 - INFO - root - Image have been saved in /shenzihe/WD-Disk/output/exp3/grey_sloth_plushie/checkpoint-100/images/wet/
11/18/2024 01:44:14 - INFO - root - Image have been saved in /shenzihe/WD-Disk/output/exp3/grey_sloth_plushie/checkpoint-100/images/wet/
11/18/2024 01:44:28 - INFO - root - Image have been saved in /shenzihe/WD-Disk/output/exp3/grey_sloth_plushie/checkpoint-100/images/wet/
11/18/2024 01:44:28 - INFO - __main__ - Running validation... 
 Generating 4 images with prompt:cube shaped.
11/18/2024 01:44:41 - INFO - root - Image have been saved in /shenzihe/WD-Disk/output/exp3/grey_sloth_plushie/checkpoint-100/images/cube_shaped/
11/18/2024 01:44:55 - INFO - root - Image have been saved in /shenzihe/WD-Disk/output/exp3/grey_sloth_plushie/checkpoint-100/images/cube_shaped/
11/18/2024 01:45:08 - INFO - root - Image have been saved in /shenzihe/WD-Disk/output/exp3/grey_sloth_plushie/checkpoint-100/images/cube_shaped/
11/18/2024 01:45:22 - INFO - root - Image have been saved in /shenzihe/WD-Disk/output/exp3/grey_sloth_plushie/checkpoint-100/images/cube_shaped/
