11/15/2024 08:56:54 - INFO - __main__ - Distributed environment: NO
Num processes: 1
Process index: 0
Local process index: 0
Device: cuda

Mixed precision type: no

11/15/2024 08:56:57 - INFO - root - freeze vision encoder
11/15/2024 08:57:08 - INFO - root - Loading pretrained model from /root/.cache/torch/hub/checkpoints/blip-diffusion
11/15/2024 08:57:08 - INFO - root - Loading pretrained BLIP2 Qformer weights.
11/15/2024 08:57:10 - INFO - root - Loading pretrained projection lyer weights.
11/15/2024 08:57:10 - INFO - root - Loading pretrained text encoder weights.
11/15/2024 08:57:11 - INFO - root - Loading pretrained vae weights.
11/15/2024 08:57:11 - INFO - root - Loading pretrained unet weights.
11/15/2024 08:57:19 - INFO - root - Using xformers.
11/15/2024 08:57:19 - INFO - root - Building datasets...
11/15/2024 08:57:29 - INFO - root - freeze vision encoder
11/15/2024 08:57:58 - INFO - root - load checkpoint from https://storage.googleapis.com/sfr-vision-language-research/LAVIS/models/BLIP2/blip2_pretrained_flant5xl.pth
11/15/2024 08:57:59 - INFO - __main__ - 
***** Running training *****
11/15/2024 08:57:59 - INFO - __main__ -   Num examples = 5
11/15/2024 08:57:59 - INFO - __main__ -   Num batches each epoch = 2
11/15/2024 08:57:59 - INFO - __main__ -   Num Epochs = 50
11/15/2024 08:57:59 - INFO - __main__ -   Instantaneous batch size per device = 3
11/15/2024 08:57:59 - INFO - __main__ -   Total train batch size (w. parallel, distributed & accumulation) = 3
11/15/2024 08:57:59 - INFO - __main__ -   Gradient Accumulation steps = 1
11/15/2024 08:57:59 - INFO - __main__ -   Total optimization steps = 100
11/15/2024 09:02:52 - INFO - __main__ - Running validation... 
 Generating 4 images with prompt:in the jungle.
11/15/2024 09:03:07 - INFO - root - Image have been saved in /shenzihe/WD-Disk/output/exp2/dog5/checkpoint-100/images/in_the_jungle/
11/15/2024 09:03:21 - INFO - root - Image have been saved in /shenzihe/WD-Disk/output/exp2/dog5/checkpoint-100/images/in_the_jungle/
11/15/2024 09:03:35 - INFO - root - Image have been saved in /shenzihe/WD-Disk/output/exp2/dog5/checkpoint-100/images/in_the_jungle/
11/15/2024 09:03:49 - INFO - root - Image have been saved in /shenzihe/WD-Disk/output/exp2/dog5/checkpoint-100/images/in_the_jungle/
11/15/2024 09:03:49 - INFO - __main__ - Running validation... 
 Generating 4 images with prompt:in the snow.
11/15/2024 09:04:03 - INFO - root - Image have been saved in /shenzihe/WD-Disk/output/exp2/dog5/checkpoint-100/images/in_the_snow/
11/15/2024 09:04:16 - INFO - root - Image have been saved in /shenzihe/WD-Disk/output/exp2/dog5/checkpoint-100/images/in_the_snow/
11/15/2024 09:04:30 - INFO - root - Image have been saved in /shenzihe/WD-Disk/output/exp2/dog5/checkpoint-100/images/in_the_snow/
11/15/2024 09:04:44 - INFO - root - Image have been saved in /shenzihe/WD-Disk/output/exp2/dog5/checkpoint-100/images/in_the_snow/
11/15/2024 09:04:44 - INFO - __main__ - Running validation... 
 Generating 4 images with prompt:on the beach.
11/15/2024 09:04:58 - INFO - root - Image have been saved in /shenzihe/WD-Disk/output/exp2/dog5/checkpoint-100/images/on_the_beach/
11/15/2024 09:05:12 - INFO - root - Image have been saved in /shenzihe/WD-Disk/output/exp2/dog5/checkpoint-100/images/on_the_beach/
11/15/2024 09:05:26 - INFO - root - Image have been saved in /shenzihe/WD-Disk/output/exp2/dog5/checkpoint-100/images/on_the_beach/
11/15/2024 09:05:39 - INFO - root - Image have been saved in /shenzihe/WD-Disk/output/exp2/dog5/checkpoint-100/images/on_the_beach/
11/15/2024 09:05:39 - INFO - __main__ - Running validation... 
 Generating 4 images with prompt:on a cobblestone street.
11/15/2024 09:05:53 - INFO - root - Image have been saved in /shenzihe/WD-Disk/output/exp2/dog5/checkpoint-100/images/on_a_cobblestone_street/
11/15/2024 09:06:07 - INFO - root - Image have been saved in /shenzihe/WD-Disk/output/exp2/dog5/checkpoint-100/images/on_a_cobblestone_street/
11/15/2024 09:06:21 - INFO - root - Image have been saved in /shenzihe/WD-Disk/output/exp2/dog5/checkpoint-100/images/on_a_cobblestone_street/
11/15/2024 09:06:35 - INFO - root - Image have been saved in /shenzihe/WD-Disk/output/exp2/dog5/checkpoint-100/images/on_a_cobblestone_street/
11/15/2024 09:06:35 - INFO - __main__ - Running validation... 
 Generating 4 images with prompt:on top of pink fabric.
11/15/2024 09:06:49 - INFO - root - Image have been saved in /shenzihe/WD-Disk/output/exp2/dog5/checkpoint-100/images/on_top_of_pink_fabric/
11/15/2024 09:07:03 - INFO - root - Image have been saved in /shenzihe/WD-Disk/output/exp2/dog5/checkpoint-100/images/on_top_of_pink_fabric/
11/15/2024 09:07:17 - INFO - root - Image have been saved in /shenzihe/WD-Disk/output/exp2/dog5/checkpoint-100/images/on_top_of_pink_fabric/
11/15/2024 09:07:30 - INFO - root - Image have been saved in /shenzihe/WD-Disk/output/exp2/dog5/checkpoint-100/images/on_top_of_pink_fabric/
11/15/2024 09:07:30 - INFO - __main__ - Running validation... 
 Generating 4 images with prompt:on top of a wooden floor.
11/15/2024 09:07:44 - INFO - root - Image have been saved in /shenzihe/WD-Disk/output/exp2/dog5/checkpoint-100/images/on_top_of_a_wooden_floor/
11/15/2024 09:07:58 - INFO - root - Image have been saved in /shenzihe/WD-Disk/output/exp2/dog5/checkpoint-100/images/on_top_of_a_wooden_floor/
11/15/2024 09:08:12 - INFO - root - Image have been saved in /shenzihe/WD-Disk/output/exp2/dog5/checkpoint-100/images/on_top_of_a_wooden_floor/
11/15/2024 09:08:26 - INFO - root - Image have been saved in /shenzihe/WD-Disk/output/exp2/dog5/checkpoint-100/images/on_top_of_a_wooden_floor/
11/15/2024 09:08:26 - INFO - __main__ - Running validation... 
 Generating 4 images with prompt:with a city in the background.
11/15/2024 09:08:40 - INFO - root - Image have been saved in /shenzihe/WD-Disk/output/exp2/dog5/checkpoint-100/images/with_a_city_in_the_background/
11/15/2024 09:08:53 - INFO - root - Image have been saved in /shenzihe/WD-Disk/output/exp2/dog5/checkpoint-100/images/with_a_city_in_the_background/
11/15/2024 09:09:07 - INFO - root - Image have been saved in /shenzihe/WD-Disk/output/exp2/dog5/checkpoint-100/images/with_a_city_in_the_background/
11/15/2024 09:09:21 - INFO - root - Image have been saved in /shenzihe/WD-Disk/output/exp2/dog5/checkpoint-100/images/with_a_city_in_the_background/
11/15/2024 09:09:21 - INFO - __main__ - Running validation... 
 Generating 4 images with prompt:with a mountain in the background.
11/15/2024 09:09:35 - INFO - root - Image have been saved in /shenzihe/WD-Disk/output/exp2/dog5/checkpoint-100/images/with_a_mountain_in_the_background/
11/15/2024 09:09:48 - INFO - root - Image have been saved in /shenzihe/WD-Disk/output/exp2/dog5/checkpoint-100/images/with_a_mountain_in_the_background/
11/15/2024 09:10:02 - INFO - root - Image have been saved in /shenzihe/WD-Disk/output/exp2/dog5/checkpoint-100/images/with_a_mountain_in_the_background/
11/15/2024 09:10:16 - INFO - root - Image have been saved in /shenzihe/WD-Disk/output/exp2/dog5/checkpoint-100/images/with_a_mountain_in_the_background/
11/15/2024 09:10:16 - INFO - __main__ - Running validation... 
 Generating 4 images with prompt:with a blue house in the background.
11/15/2024 09:10:30 - INFO - root - Image have been saved in /shenzihe/WD-Disk/output/exp2/dog5/checkpoint-100/images/with_a_blue_house_in_the_background/
11/15/2024 09:10:44 - INFO - root - Image have been saved in /shenzihe/WD-Disk/output/exp2/dog5/checkpoint-100/images/with_a_blue_house_in_the_background/
11/15/2024 09:10:58 - INFO - root - Image have been saved in /shenzihe/WD-Disk/output/exp2/dog5/checkpoint-100/images/with_a_blue_house_in_the_background/
11/15/2024 09:11:11 - INFO - root - Image have been saved in /shenzihe/WD-Disk/output/exp2/dog5/checkpoint-100/images/with_a_blue_house_in_the_background/
11/15/2024 09:11:11 - INFO - __main__ - Running validation... 
 Generating 4 images with prompt:on top of a purple rug in a forest.
11/15/2024 09:11:25 - INFO - root - Image have been saved in /shenzihe/WD-Disk/output/exp2/dog5/checkpoint-100/images/on_top_of_a_purple_rug_in_a_forest/
11/15/2024 09:11:39 - INFO - root - Image have been saved in /shenzihe/WD-Disk/output/exp2/dog5/checkpoint-100/images/on_top_of_a_purple_rug_in_a_forest/
11/15/2024 09:11:53 - INFO - root - Image have been saved in /shenzihe/WD-Disk/output/exp2/dog5/checkpoint-100/images/on_top_of_a_purple_rug_in_a_forest/
11/15/2024 09:12:06 - INFO - root - Image have been saved in /shenzihe/WD-Disk/output/exp2/dog5/checkpoint-100/images/on_top_of_a_purple_rug_in_a_forest/
11/15/2024 09:12:06 - INFO - __main__ - Running validation... 
 Generating 4 images with prompt:with a wheat field in the background.
11/15/2024 09:12:20 - INFO - root - Image have been saved in /shenzihe/WD-Disk/output/exp2/dog5/checkpoint-100/images/with_a_wheat_field_in_the_background/
11/15/2024 09:12:34 - INFO - root - Image have been saved in /shenzihe/WD-Disk/output/exp2/dog5/checkpoint-100/images/with_a_wheat_field_in_the_background/
11/15/2024 09:12:48 - INFO - root - Image have been saved in /shenzihe/WD-Disk/output/exp2/dog5/checkpoint-100/images/with_a_wheat_field_in_the_background/
11/15/2024 09:13:02 - INFO - root - Image have been saved in /shenzihe/WD-Disk/output/exp2/dog5/checkpoint-100/images/with_a_wheat_field_in_the_background/
11/15/2024 09:13:02 - INFO - __main__ - Running validation... 
 Generating 4 images with prompt:with a tree and autumn leaves in the background.
11/15/2024 09:13:16 - INFO - root - Image have been saved in /shenzihe/WD-Disk/output/exp2/dog5/checkpoint-100/images/with_a_tree_and_autumn_leaves_in_the_background/
11/15/2024 09:13:29 - INFO - root - Image have been saved in /shenzihe/WD-Disk/output/exp2/dog5/checkpoint-100/images/with_a_tree_and_autumn_leaves_in_the_background/
11/15/2024 09:13:43 - INFO - root - Image have been saved in /shenzihe/WD-Disk/output/exp2/dog5/checkpoint-100/images/with_a_tree_and_autumn_leaves_in_the_background/
11/15/2024 09:13:57 - INFO - root - Image have been saved in /shenzihe/WD-Disk/output/exp2/dog5/checkpoint-100/images/with_a_tree_and_autumn_leaves_in_the_background/
11/15/2024 09:13:57 - INFO - __main__ - Running validation... 
 Generating 4 images with prompt:with the Eiffel Tower in the background.
11/15/2024 09:14:11 - INFO - root - Image have been saved in /shenzihe/WD-Disk/output/exp2/dog5/checkpoint-100/images/with_the_Eiffel_Tower_in_the_background/
11/15/2024 09:14:25 - INFO - root - Image have been saved in /shenzihe/WD-Disk/output/exp2/dog5/checkpoint-100/images/with_the_Eiffel_Tower_in_the_background/
11/15/2024 09:14:38 - INFO - root - Image have been saved in /shenzihe/WD-Disk/output/exp2/dog5/checkpoint-100/images/with_the_Eiffel_Tower_in_the_background/
11/15/2024 09:14:52 - INFO - root - Image have been saved in /shenzihe/WD-Disk/output/exp2/dog5/checkpoint-100/images/with_the_Eiffel_Tower_in_the_background/
11/15/2024 09:14:52 - INFO - __main__ - Running validation... 
 Generating 4 images with prompt:floating on top of water.
11/15/2024 09:15:06 - INFO - root - Image have been saved in /shenzihe/WD-Disk/output/exp2/dog5/checkpoint-100/images/floating_on_top_of_water/
11/15/2024 09:15:20 - INFO - root - Image have been saved in /shenzihe/WD-Disk/output/exp2/dog5/checkpoint-100/images/floating_on_top_of_water/
11/15/2024 09:15:34 - INFO - root - Image have been saved in /shenzihe/WD-Disk/output/exp2/dog5/checkpoint-100/images/floating_on_top_of_water/
11/15/2024 09:15:47 - INFO - root - Image have been saved in /shenzihe/WD-Disk/output/exp2/dog5/checkpoint-100/images/floating_on_top_of_water/
11/15/2024 09:15:47 - INFO - __main__ - Running validation... 
 Generating 4 images with prompt:floating in an ocean of milk.
11/15/2024 09:16:01 - INFO - root - Image have been saved in /shenzihe/WD-Disk/output/exp2/dog5/checkpoint-100/images/floating_in_an_ocean_of_milk/
11/15/2024 09:16:15 - INFO - root - Image have been saved in /shenzihe/WD-Disk/output/exp2/dog5/checkpoint-100/images/floating_in_an_ocean_of_milk/
11/15/2024 09:16:29 - INFO - root - Image have been saved in /shenzihe/WD-Disk/output/exp2/dog5/checkpoint-100/images/floating_in_an_ocean_of_milk/
11/15/2024 09:16:43 - INFO - root - Image have been saved in /shenzihe/WD-Disk/output/exp2/dog5/checkpoint-100/images/floating_in_an_ocean_of_milk/
11/15/2024 09:16:43 - INFO - __main__ - Running validation... 
 Generating 4 images with prompt:on top of green grass with sunflowers around it.
11/15/2024 09:16:57 - INFO - root - Image have been saved in /shenzihe/WD-Disk/output/exp2/dog5/checkpoint-100/images/on_top_of_green_grass_with_sunflowers_around_it/
11/15/2024 09:17:10 - INFO - root - Image have been saved in /shenzihe/WD-Disk/output/exp2/dog5/checkpoint-100/images/on_top_of_green_grass_with_sunflowers_around_it/
11/15/2024 09:17:24 - INFO - root - Image have been saved in /shenzihe/WD-Disk/output/exp2/dog5/checkpoint-100/images/on_top_of_green_grass_with_sunflowers_around_it/
11/15/2024 09:17:38 - INFO - root - Image have been saved in /shenzihe/WD-Disk/output/exp2/dog5/checkpoint-100/images/on_top_of_green_grass_with_sunflowers_around_it/
11/15/2024 09:17:38 - INFO - __main__ - Running validation... 
 Generating 4 images with prompt:on top of a mirror.
11/15/2024 09:17:52 - INFO - root - Image have been saved in /shenzihe/WD-Disk/output/exp2/dog5/checkpoint-100/images/on_top_of_a_mirror/
11/15/2024 09:18:06 - INFO - root - Image have been saved in /shenzihe/WD-Disk/output/exp2/dog5/checkpoint-100/images/on_top_of_a_mirror/
11/15/2024 09:18:20 - INFO - root - Image have been saved in /shenzihe/WD-Disk/output/exp2/dog5/checkpoint-100/images/on_top_of_a_mirror/
11/15/2024 09:18:33 - INFO - root - Image have been saved in /shenzihe/WD-Disk/output/exp2/dog5/checkpoint-100/images/on_top_of_a_mirror/
11/15/2024 09:18:33 - INFO - __main__ - Running validation... 
 Generating 4 images with prompt:on top of the sidewalk in a crowded street.
11/15/2024 09:18:47 - INFO - root - Image have been saved in /shenzihe/WD-Disk/output/exp2/dog5/checkpoint-100/images/on_top_of_the_sidewalk_in_a_crowded_street/
11/15/2024 09:19:01 - INFO - root - Image have been saved in /shenzihe/WD-Disk/output/exp2/dog5/checkpoint-100/images/on_top_of_the_sidewalk_in_a_crowded_street/
11/15/2024 09:19:15 - INFO - root - Image have been saved in /shenzihe/WD-Disk/output/exp2/dog5/checkpoint-100/images/on_top_of_the_sidewalk_in_a_crowded_street/
11/15/2024 09:19:29 - INFO - root - Image have been saved in /shenzihe/WD-Disk/output/exp2/dog5/checkpoint-100/images/on_top_of_the_sidewalk_in_a_crowded_street/
11/15/2024 09:19:29 - INFO - __main__ - Running validation... 
 Generating 4 images with prompt:on top of a dirt road.
11/15/2024 09:19:43 - INFO - root - Image have been saved in /shenzihe/WD-Disk/output/exp2/dog5/checkpoint-100/images/on_top_of_a_dirt_road/
11/15/2024 09:19:56 - INFO - root - Image have been saved in /shenzihe/WD-Disk/output/exp2/dog5/checkpoint-100/images/on_top_of_a_dirt_road/
11/15/2024 09:20:10 - INFO - root - Image have been saved in /shenzihe/WD-Disk/output/exp2/dog5/checkpoint-100/images/on_top_of_a_dirt_road/
11/15/2024 09:20:24 - INFO - root - Image have been saved in /shenzihe/WD-Disk/output/exp2/dog5/checkpoint-100/images/on_top_of_a_dirt_road/
11/15/2024 09:20:24 - INFO - __main__ - Running validation... 
 Generating 4 images with prompt:on top of a white rug.
11/15/2024 09:20:38 - INFO - root - Image have been saved in /shenzihe/WD-Disk/output/exp2/dog5/checkpoint-100/images/on_top_of_a_white_rug/
11/15/2024 09:20:52 - INFO - root - Image have been saved in /shenzihe/WD-Disk/output/exp2/dog5/checkpoint-100/images/on_top_of_a_white_rug/
11/15/2024 09:21:05 - INFO - root - Image have been saved in /shenzihe/WD-Disk/output/exp2/dog5/checkpoint-100/images/on_top_of_a_white_rug/
11/15/2024 09:21:19 - INFO - root - Image have been saved in /shenzihe/WD-Disk/output/exp2/dog5/checkpoint-100/images/on_top_of_a_white_rug/
11/15/2024 09:21:19 - INFO - __main__ - Running validation... 
 Generating 4 images with prompt:red.
11/15/2024 09:21:33 - INFO - root - Image have been saved in /shenzihe/WD-Disk/output/exp2/dog5/checkpoint-100/images/red/
11/15/2024 09:21:47 - INFO - root - Image have been saved in /shenzihe/WD-Disk/output/exp2/dog5/checkpoint-100/images/red/
11/15/2024 09:22:00 - INFO - root - Image have been saved in /shenzihe/WD-Disk/output/exp2/dog5/checkpoint-100/images/red/
11/15/2024 09:22:14 - INFO - root - Image have been saved in /shenzihe/WD-Disk/output/exp2/dog5/checkpoint-100/images/red/
11/15/2024 09:22:14 - INFO - __main__ - Running validation... 
 Generating 4 images with prompt:purple.
11/15/2024 09:22:28 - INFO - root - Image have been saved in /shenzihe/WD-Disk/output/exp2/dog5/checkpoint-100/images/purple/
11/15/2024 09:22:42 - INFO - root - Image have been saved in /shenzihe/WD-Disk/output/exp2/dog5/checkpoint-100/images/purple/
11/15/2024 09:22:56 - INFO - root - Image have been saved in /shenzihe/WD-Disk/output/exp2/dog5/checkpoint-100/images/purple/
11/15/2024 09:23:10 - INFO - root - Image have been saved in /shenzihe/WD-Disk/output/exp2/dog5/checkpoint-100/images/purple/
11/15/2024 09:23:10 - INFO - __main__ - Running validation... 
 Generating 4 images with prompt:shiny.
11/15/2024 09:23:23 - INFO - root - Image have been saved in /shenzihe/WD-Disk/output/exp2/dog5/checkpoint-100/images/shiny/
11/15/2024 09:23:37 - INFO - root - Image have been saved in /shenzihe/WD-Disk/output/exp2/dog5/checkpoint-100/images/shiny/
11/15/2024 09:23:51 - INFO - root - Image have been saved in /shenzihe/WD-Disk/output/exp2/dog5/checkpoint-100/images/shiny/
11/15/2024 09:24:05 - INFO - root - Image have been saved in /shenzihe/WD-Disk/output/exp2/dog5/checkpoint-100/images/shiny/
11/15/2024 09:24:05 - INFO - __main__ - Running validation... 
 Generating 4 images with prompt:wet.
11/15/2024 09:24:19 - INFO - root - Image have been saved in /shenzihe/WD-Disk/output/exp2/dog5/checkpoint-100/images/wet/
11/15/2024 09:24:32 - INFO - root - Image have been saved in /shenzihe/WD-Disk/output/exp2/dog5/checkpoint-100/images/wet/
11/15/2024 09:24:46 - INFO - root - Image have been saved in /shenzihe/WD-Disk/output/exp2/dog5/checkpoint-100/images/wet/
11/15/2024 09:25:00 - INFO - root - Image have been saved in /shenzihe/WD-Disk/output/exp2/dog5/checkpoint-100/images/wet/
11/15/2024 09:25:00 - INFO - __main__ - Running validation... 
 Generating 4 images with prompt:cube shaped.
11/15/2024 09:25:14 - INFO - root - Image have been saved in /shenzihe/WD-Disk/output/exp2/dog5/checkpoint-100/images/cube_shaped/
11/15/2024 09:25:28 - INFO - root - Image have been saved in /shenzihe/WD-Disk/output/exp2/dog5/checkpoint-100/images/cube_shaped/
11/15/2024 09:25:41 - INFO - root - Image have been saved in /shenzihe/WD-Disk/output/exp2/dog5/checkpoint-100/images/cube_shaped/
11/15/2024 09:25:55 - INFO - root - Image have been saved in /shenzihe/WD-Disk/output/exp2/dog5/checkpoint-100/images/cube_shaped/
