11/14/2024 16:04:03 - INFO - __main__ - Distributed environment: NO
Num processes: 1
Process index: 0
Local process index: 0
Device: cuda

Mixed precision type: no

11/14/2024 16:04:07 - INFO - root - freeze vision encoder
11/14/2024 16:04:17 - INFO - root - Loading pretrained model from /root/.cache/torch/hub/checkpoints/blip-diffusion
11/14/2024 16:04:17 - INFO - root - Loading pretrained BLIP2 Qformer weights.
11/14/2024 16:04:19 - INFO - root - Loading pretrained projection lyer weights.
11/14/2024 16:04:19 - INFO - root - Loading pretrained text encoder weights.
11/14/2024 16:04:20 - INFO - root - Loading pretrained vae weights.
11/14/2024 16:04:20 - INFO - root - Loading pretrained unet weights.
11/14/2024 16:04:28 - INFO - root - Using xformers.
11/14/2024 16:04:28 - INFO - root - Building datasets...
11/14/2024 16:04:38 - INFO - root - freeze vision encoder
11/14/2024 16:05:03 - INFO - root - load checkpoint from https://storage.googleapis.com/sfr-vision-language-research/LAVIS/models/BLIP2/blip2_pretrained_flant5xl.pth
11/14/2024 16:05:04 - INFO - __main__ - 
***** Running training *****
11/14/2024 16:05:04 - INFO - __main__ -   Num examples = 4
11/14/2024 16:05:04 - INFO - __main__ -   Num batches each epoch = 2
11/14/2024 16:05:04 - INFO - __main__ -   Num Epochs = 50
11/14/2024 16:05:04 - INFO - __main__ -   Instantaneous batch size per device = 3
11/14/2024 16:05:04 - INFO - __main__ -   Total train batch size (w. parallel, distributed & accumulation) = 3
11/14/2024 16:05:04 - INFO - __main__ -   Gradient Accumulation steps = 1
11/14/2024 16:05:04 - INFO - __main__ -   Total optimization steps = 100
11/14/2024 16:09:07 - INFO - __main__ - Running validation... 
 Generating 4 images with prompt:in the jungle.
11/14/2024 16:09:21 - INFO - root - Image have been saved in /shenzihe/WD-Disk/output/exp/duck_toy/checkpoint-100/images/in_the_jungle/
11/14/2024 16:09:35 - INFO - root - Image have been saved in /shenzihe/WD-Disk/output/exp/duck_toy/checkpoint-100/images/in_the_jungle/
11/14/2024 16:09:48 - INFO - root - Image have been saved in /shenzihe/WD-Disk/output/exp/duck_toy/checkpoint-100/images/in_the_jungle/
11/14/2024 16:10:02 - INFO - root - Image have been saved in /shenzihe/WD-Disk/output/exp/duck_toy/checkpoint-100/images/in_the_jungle/
11/14/2024 16:10:02 - INFO - __main__ - Running validation... 
 Generating 4 images with prompt:in the snow.
11/14/2024 16:10:16 - INFO - root - Image have been saved in /shenzihe/WD-Disk/output/exp/duck_toy/checkpoint-100/images/in_the_snow/
11/14/2024 16:10:29 - INFO - root - Image have been saved in /shenzihe/WD-Disk/output/exp/duck_toy/checkpoint-100/images/in_the_snow/
11/14/2024 16:10:43 - INFO - root - Image have been saved in /shenzihe/WD-Disk/output/exp/duck_toy/checkpoint-100/images/in_the_snow/
11/14/2024 16:10:56 - INFO - root - Image have been saved in /shenzihe/WD-Disk/output/exp/duck_toy/checkpoint-100/images/in_the_snow/
11/14/2024 16:10:56 - INFO - __main__ - Running validation... 
 Generating 4 images with prompt:on the beach.
11/14/2024 16:11:10 - INFO - root - Image have been saved in /shenzihe/WD-Disk/output/exp/duck_toy/checkpoint-100/images/on_the_beach/
11/14/2024 16:11:23 - INFO - root - Image have been saved in /shenzihe/WD-Disk/output/exp/duck_toy/checkpoint-100/images/on_the_beach/
11/14/2024 16:11:37 - INFO - root - Image have been saved in /shenzihe/WD-Disk/output/exp/duck_toy/checkpoint-100/images/on_the_beach/
11/14/2024 16:11:50 - INFO - root - Image have been saved in /shenzihe/WD-Disk/output/exp/duck_toy/checkpoint-100/images/on_the_beach/
11/14/2024 16:11:50 - INFO - __main__ - Running validation... 
 Generating 4 images with prompt:on a cobblestone street.
11/14/2024 16:12:03 - INFO - root - Image have been saved in /shenzihe/WD-Disk/output/exp/duck_toy/checkpoint-100/images/on_a_cobblestone_street/
11/14/2024 16:12:17 - INFO - root - Image have been saved in /shenzihe/WD-Disk/output/exp/duck_toy/checkpoint-100/images/on_a_cobblestone_street/
11/14/2024 16:12:30 - INFO - root - Image have been saved in /shenzihe/WD-Disk/output/exp/duck_toy/checkpoint-100/images/on_a_cobblestone_street/
11/14/2024 16:12:44 - INFO - root - Image have been saved in /shenzihe/WD-Disk/output/exp/duck_toy/checkpoint-100/images/on_a_cobblestone_street/
11/14/2024 16:12:44 - INFO - __main__ - Running validation... 
 Generating 4 images with prompt:on top of pink fabric.
11/14/2024 16:12:57 - INFO - root - Image have been saved in /shenzihe/WD-Disk/output/exp/duck_toy/checkpoint-100/images/on_top_of_pink_fabric/
11/14/2024 16:13:10 - INFO - root - Image have been saved in /shenzihe/WD-Disk/output/exp/duck_toy/checkpoint-100/images/on_top_of_pink_fabric/
11/14/2024 16:13:24 - INFO - root - Image have been saved in /shenzihe/WD-Disk/output/exp/duck_toy/checkpoint-100/images/on_top_of_pink_fabric/
11/14/2024 16:13:37 - INFO - root - Image have been saved in /shenzihe/WD-Disk/output/exp/duck_toy/checkpoint-100/images/on_top_of_pink_fabric/
11/14/2024 16:13:37 - INFO - __main__ - Running validation... 
 Generating 4 images with prompt:on top of a wooden floor.
11/14/2024 16:13:51 - INFO - root - Image have been saved in /shenzihe/WD-Disk/output/exp/duck_toy/checkpoint-100/images/on_top_of_a_wooden_floor/
11/14/2024 16:14:04 - INFO - root - Image have been saved in /shenzihe/WD-Disk/output/exp/duck_toy/checkpoint-100/images/on_top_of_a_wooden_floor/
11/14/2024 16:14:18 - INFO - root - Image have been saved in /shenzihe/WD-Disk/output/exp/duck_toy/checkpoint-100/images/on_top_of_a_wooden_floor/
11/14/2024 16:14:31 - INFO - root - Image have been saved in /shenzihe/WD-Disk/output/exp/duck_toy/checkpoint-100/images/on_top_of_a_wooden_floor/
11/14/2024 16:14:31 - INFO - __main__ - Running validation... 
 Generating 4 images with prompt:with a city in the background.
11/14/2024 16:14:44 - INFO - root - Image have been saved in /shenzihe/WD-Disk/output/exp/duck_toy/checkpoint-100/images/with_a_city_in_the_background/
11/14/2024 16:14:58 - INFO - root - Image have been saved in /shenzihe/WD-Disk/output/exp/duck_toy/checkpoint-100/images/with_a_city_in_the_background/
11/14/2024 16:15:11 - INFO - root - Image have been saved in /shenzihe/WD-Disk/output/exp/duck_toy/checkpoint-100/images/with_a_city_in_the_background/
11/14/2024 16:15:25 - INFO - root - Image have been saved in /shenzihe/WD-Disk/output/exp/duck_toy/checkpoint-100/images/with_a_city_in_the_background/
11/14/2024 16:15:25 - INFO - __main__ - Running validation... 
 Generating 4 images with prompt:with a mountain in the background.
11/14/2024 16:15:38 - INFO - root - Image have been saved in /shenzihe/WD-Disk/output/exp/duck_toy/checkpoint-100/images/with_a_mountain_in_the_background/
11/14/2024 16:15:51 - INFO - root - Image have been saved in /shenzihe/WD-Disk/output/exp/duck_toy/checkpoint-100/images/with_a_mountain_in_the_background/
11/14/2024 16:16:05 - INFO - root - Image have been saved in /shenzihe/WD-Disk/output/exp/duck_toy/checkpoint-100/images/with_a_mountain_in_the_background/
11/14/2024 16:16:18 - INFO - root - Image have been saved in /shenzihe/WD-Disk/output/exp/duck_toy/checkpoint-100/images/with_a_mountain_in_the_background/
11/14/2024 16:16:18 - INFO - __main__ - Running validation... 
 Generating 4 images with prompt:with a blue house in the background.
11/14/2024 16:16:32 - INFO - root - Image have been saved in /shenzihe/WD-Disk/output/exp/duck_toy/checkpoint-100/images/with_a_blue_house_in_the_background/
11/14/2024 16:16:45 - INFO - root - Image have been saved in /shenzihe/WD-Disk/output/exp/duck_toy/checkpoint-100/images/with_a_blue_house_in_the_background/
11/14/2024 16:16:58 - INFO - root - Image have been saved in /shenzihe/WD-Disk/output/exp/duck_toy/checkpoint-100/images/with_a_blue_house_in_the_background/
11/14/2024 16:17:12 - INFO - root - Image have been saved in /shenzihe/WD-Disk/output/exp/duck_toy/checkpoint-100/images/with_a_blue_house_in_the_background/
11/14/2024 16:17:12 - INFO - __main__ - Running validation... 
 Generating 4 images with prompt:on top of a purple rug in a forest.
11/14/2024 16:17:25 - INFO - root - Image have been saved in /shenzihe/WD-Disk/output/exp/duck_toy/checkpoint-100/images/on_top_of_a_purple_rug_in_a_forest/
11/14/2024 16:17:39 - INFO - root - Image have been saved in /shenzihe/WD-Disk/output/exp/duck_toy/checkpoint-100/images/on_top_of_a_purple_rug_in_a_forest/
11/14/2024 16:17:52 - INFO - root - Image have been saved in /shenzihe/WD-Disk/output/exp/duck_toy/checkpoint-100/images/on_top_of_a_purple_rug_in_a_forest/
11/14/2024 16:18:05 - INFO - root - Image have been saved in /shenzihe/WD-Disk/output/exp/duck_toy/checkpoint-100/images/on_top_of_a_purple_rug_in_a_forest/
11/14/2024 16:18:05 - INFO - __main__ - Running validation... 
 Generating 4 images with prompt:with a wheat field in the background.
11/14/2024 16:18:19 - INFO - root - Image have been saved in /shenzihe/WD-Disk/output/exp/duck_toy/checkpoint-100/images/with_a_wheat_field_in_the_background/
11/14/2024 16:18:32 - INFO - root - Image have been saved in /shenzihe/WD-Disk/output/exp/duck_toy/checkpoint-100/images/with_a_wheat_field_in_the_background/
11/14/2024 16:18:46 - INFO - root - Image have been saved in /shenzihe/WD-Disk/output/exp/duck_toy/checkpoint-100/images/with_a_wheat_field_in_the_background/
11/14/2024 16:18:59 - INFO - root - Image have been saved in /shenzihe/WD-Disk/output/exp/duck_toy/checkpoint-100/images/with_a_wheat_field_in_the_background/
11/14/2024 16:18:59 - INFO - __main__ - Running validation... 
 Generating 4 images with prompt:with a tree and autumn leaves in the background.
11/14/2024 16:19:13 - INFO - root - Image have been saved in /shenzihe/WD-Disk/output/exp/duck_toy/checkpoint-100/images/with_a_tree_and_autumn_leaves_in_the_background/
11/14/2024 16:19:26 - INFO - root - Image have been saved in /shenzihe/WD-Disk/output/exp/duck_toy/checkpoint-100/images/with_a_tree_and_autumn_leaves_in_the_background/
11/14/2024 16:19:40 - INFO - root - Image have been saved in /shenzihe/WD-Disk/output/exp/duck_toy/checkpoint-100/images/with_a_tree_and_autumn_leaves_in_the_background/
11/14/2024 16:19:53 - INFO - root - Image have been saved in /shenzihe/WD-Disk/output/exp/duck_toy/checkpoint-100/images/with_a_tree_and_autumn_leaves_in_the_background/
11/14/2024 16:19:53 - INFO - __main__ - Running validation... 
 Generating 4 images with prompt:with the Eiffel Tower in the background.
11/14/2024 16:20:06 - INFO - root - Image have been saved in /shenzihe/WD-Disk/output/exp/duck_toy/checkpoint-100/images/with_the_Eiffel_Tower_in_the_background/
11/14/2024 16:20:20 - INFO - root - Image have been saved in /shenzihe/WD-Disk/output/exp/duck_toy/checkpoint-100/images/with_the_Eiffel_Tower_in_the_background/
11/14/2024 16:20:33 - INFO - root - Image have been saved in /shenzihe/WD-Disk/output/exp/duck_toy/checkpoint-100/images/with_the_Eiffel_Tower_in_the_background/
11/14/2024 16:20:47 - INFO - root - Image have been saved in /shenzihe/WD-Disk/output/exp/duck_toy/checkpoint-100/images/with_the_Eiffel_Tower_in_the_background/
11/14/2024 16:20:47 - INFO - __main__ - Running validation... 
 Generating 4 images with prompt:floating on top of water.
11/14/2024 16:21:00 - INFO - root - Image have been saved in /shenzihe/WD-Disk/output/exp/duck_toy/checkpoint-100/images/floating_on_top_of_water/
11/14/2024 16:21:13 - INFO - root - Image have been saved in /shenzihe/WD-Disk/output/exp/duck_toy/checkpoint-100/images/floating_on_top_of_water/
11/14/2024 16:21:27 - INFO - root - Image have been saved in /shenzihe/WD-Disk/output/exp/duck_toy/checkpoint-100/images/floating_on_top_of_water/
11/14/2024 16:21:40 - INFO - root - Image have been saved in /shenzihe/WD-Disk/output/exp/duck_toy/checkpoint-100/images/floating_on_top_of_water/
11/14/2024 16:21:40 - INFO - __main__ - Running validation... 
 Generating 4 images with prompt:floating in an ocean of milk.
11/14/2024 16:21:54 - INFO - root - Image have been saved in /shenzihe/WD-Disk/output/exp/duck_toy/checkpoint-100/images/floating_in_an_ocean_of_milk/
11/14/2024 16:22:07 - INFO - root - Image have been saved in /shenzihe/WD-Disk/output/exp/duck_toy/checkpoint-100/images/floating_in_an_ocean_of_milk/
11/14/2024 16:22:20 - INFO - root - Image have been saved in /shenzihe/WD-Disk/output/exp/duck_toy/checkpoint-100/images/floating_in_an_ocean_of_milk/
11/14/2024 16:22:34 - INFO - root - Image have been saved in /shenzihe/WD-Disk/output/exp/duck_toy/checkpoint-100/images/floating_in_an_ocean_of_milk/
11/14/2024 16:22:34 - INFO - __main__ - Running validation... 
 Generating 4 images with prompt:on top of green grass with sunflowers around it.
11/14/2024 16:22:47 - INFO - root - Image have been saved in /shenzihe/WD-Disk/output/exp/duck_toy/checkpoint-100/images/on_top_of_green_grass_with_sunflowers_around_it/
11/14/2024 16:23:01 - INFO - root - Image have been saved in /shenzihe/WD-Disk/output/exp/duck_toy/checkpoint-100/images/on_top_of_green_grass_with_sunflowers_around_it/
11/14/2024 16:23:14 - INFO - root - Image have been saved in /shenzihe/WD-Disk/output/exp/duck_toy/checkpoint-100/images/on_top_of_green_grass_with_sunflowers_around_it/
11/14/2024 16:23:27 - INFO - root - Image have been saved in /shenzihe/WD-Disk/output/exp/duck_toy/checkpoint-100/images/on_top_of_green_grass_with_sunflowers_around_it/
11/14/2024 16:23:27 - INFO - __main__ - Running validation... 
 Generating 4 images with prompt:on top of a mirror.
11/14/2024 16:23:41 - INFO - root - Image have been saved in /shenzihe/WD-Disk/output/exp/duck_toy/checkpoint-100/images/on_top_of_a_mirror/
11/14/2024 16:23:54 - INFO - root - Image have been saved in /shenzihe/WD-Disk/output/exp/duck_toy/checkpoint-100/images/on_top_of_a_mirror/
11/14/2024 16:24:08 - INFO - root - Image have been saved in /shenzihe/WD-Disk/output/exp/duck_toy/checkpoint-100/images/on_top_of_a_mirror/
11/14/2024 16:24:21 - INFO - root - Image have been saved in /shenzihe/WD-Disk/output/exp/duck_toy/checkpoint-100/images/on_top_of_a_mirror/
11/14/2024 16:24:21 - INFO - __main__ - Running validation... 
 Generating 4 images with prompt:on top of the sidewalk in a crowded street.
11/14/2024 16:24:34 - INFO - root - Image have been saved in /shenzihe/WD-Disk/output/exp/duck_toy/checkpoint-100/images/on_top_of_the_sidewalk_in_a_crowded_street/
11/14/2024 16:24:48 - INFO - root - Image have been saved in /shenzihe/WD-Disk/output/exp/duck_toy/checkpoint-100/images/on_top_of_the_sidewalk_in_a_crowded_street/
11/14/2024 16:25:01 - INFO - root - Image have been saved in /shenzihe/WD-Disk/output/exp/duck_toy/checkpoint-100/images/on_top_of_the_sidewalk_in_a_crowded_street/
11/14/2024 16:25:15 - INFO - root - Image have been saved in /shenzihe/WD-Disk/output/exp/duck_toy/checkpoint-100/images/on_top_of_the_sidewalk_in_a_crowded_street/
11/14/2024 16:25:15 - INFO - __main__ - Running validation... 
 Generating 4 images with prompt:on top of a dirt road.
11/14/2024 16:25:28 - INFO - root - Image have been saved in /shenzihe/WD-Disk/output/exp/duck_toy/checkpoint-100/images/on_top_of_a_dirt_road/
11/14/2024 16:25:41 - INFO - root - Image have been saved in /shenzihe/WD-Disk/output/exp/duck_toy/checkpoint-100/images/on_top_of_a_dirt_road/
11/14/2024 16:25:55 - INFO - root - Image have been saved in /shenzihe/WD-Disk/output/exp/duck_toy/checkpoint-100/images/on_top_of_a_dirt_road/
11/14/2024 16:26:08 - INFO - root - Image have been saved in /shenzihe/WD-Disk/output/exp/duck_toy/checkpoint-100/images/on_top_of_a_dirt_road/
11/14/2024 16:26:08 - INFO - __main__ - Running validation... 
 Generating 4 images with prompt:on top of a white rug.
11/14/2024 16:26:22 - INFO - root - Image have been saved in /shenzihe/WD-Disk/output/exp/duck_toy/checkpoint-100/images/on_top_of_a_white_rug/
11/14/2024 16:26:35 - INFO - root - Image have been saved in /shenzihe/WD-Disk/output/exp/duck_toy/checkpoint-100/images/on_top_of_a_white_rug/
11/14/2024 16:26:48 - INFO - root - Image have been saved in /shenzihe/WD-Disk/output/exp/duck_toy/checkpoint-100/images/on_top_of_a_white_rug/
11/14/2024 16:27:02 - INFO - root - Image have been saved in /shenzihe/WD-Disk/output/exp/duck_toy/checkpoint-100/images/on_top_of_a_white_rug/
11/14/2024 16:27:02 - INFO - __main__ - Running validation... 
 Generating 4 images with prompt:red.
11/14/2024 16:27:15 - INFO - root - Image have been saved in /shenzihe/WD-Disk/output/exp/duck_toy/checkpoint-100/images/red/
11/14/2024 16:27:29 - INFO - root - Image have been saved in /shenzihe/WD-Disk/output/exp/duck_toy/checkpoint-100/images/red/
11/14/2024 16:27:42 - INFO - root - Image have been saved in /shenzihe/WD-Disk/output/exp/duck_toy/checkpoint-100/images/red/
11/14/2024 16:27:55 - INFO - root - Image have been saved in /shenzihe/WD-Disk/output/exp/duck_toy/checkpoint-100/images/red/
11/14/2024 16:27:55 - INFO - __main__ - Running validation... 
 Generating 4 images with prompt:purple.
11/14/2024 16:28:09 - INFO - root - Image have been saved in /shenzihe/WD-Disk/output/exp/duck_toy/checkpoint-100/images/purple/
11/14/2024 16:28:22 - INFO - root - Image have been saved in /shenzihe/WD-Disk/output/exp/duck_toy/checkpoint-100/images/purple/
11/14/2024 16:28:36 - INFO - root - Image have been saved in /shenzihe/WD-Disk/output/exp/duck_toy/checkpoint-100/images/purple/
11/14/2024 16:28:49 - INFO - root - Image have been saved in /shenzihe/WD-Disk/output/exp/duck_toy/checkpoint-100/images/purple/
11/14/2024 16:28:49 - INFO - __main__ - Running validation... 
 Generating 4 images with prompt:shiny.
11/14/2024 16:29:02 - INFO - root - Image have been saved in /shenzihe/WD-Disk/output/exp/duck_toy/checkpoint-100/images/shiny/
11/14/2024 16:29:16 - INFO - root - Image have been saved in /shenzihe/WD-Disk/output/exp/duck_toy/checkpoint-100/images/shiny/
11/14/2024 16:29:29 - INFO - root - Image have been saved in /shenzihe/WD-Disk/output/exp/duck_toy/checkpoint-100/images/shiny/
11/14/2024 16:29:42 - INFO - root - Image have been saved in /shenzihe/WD-Disk/output/exp/duck_toy/checkpoint-100/images/shiny/
11/14/2024 16:29:42 - INFO - __main__ - Running validation... 
 Generating 4 images with prompt:wet.
11/14/2024 16:29:56 - INFO - root - Image have been saved in /shenzihe/WD-Disk/output/exp/duck_toy/checkpoint-100/images/wet/
11/14/2024 16:30:09 - INFO - root - Image have been saved in /shenzihe/WD-Disk/output/exp/duck_toy/checkpoint-100/images/wet/
11/14/2024 16:30:23 - INFO - root - Image have been saved in /shenzihe/WD-Disk/output/exp/duck_toy/checkpoint-100/images/wet/
11/14/2024 16:30:36 - INFO - root - Image have been saved in /shenzihe/WD-Disk/output/exp/duck_toy/checkpoint-100/images/wet/
11/14/2024 16:30:36 - INFO - __main__ - Running validation... 
 Generating 4 images with prompt:cube shaped.
11/14/2024 16:30:49 - INFO - root - Image have been saved in /shenzihe/WD-Disk/output/exp/duck_toy/checkpoint-100/images/cube_shaped/
11/14/2024 16:31:03 - INFO - root - Image have been saved in /shenzihe/WD-Disk/output/exp/duck_toy/checkpoint-100/images/cube_shaped/
11/14/2024 16:31:16 - INFO - root - Image have been saved in /shenzihe/WD-Disk/output/exp/duck_toy/checkpoint-100/images/cube_shaped/
11/14/2024 16:31:30 - INFO - root - Image have been saved in /shenzihe/WD-Disk/output/exp/duck_toy/checkpoint-100/images/cube_shaped/
