11/14/2024 11:17:11 - INFO - __main__ - Distributed environment: NO
Num processes: 1
Process index: 0
Local process index: 0
Device: cuda

Mixed precision type: no

11/14/2024 11:17:14 - INFO - root - freeze vision encoder
11/14/2024 11:17:24 - INFO - root - Loading pretrained model from /root/.cache/torch/hub/checkpoints/blip-diffusion
11/14/2024 11:17:24 - INFO - root - Loading pretrained BLIP2 Qformer weights.
11/14/2024 11:17:26 - INFO - root - Loading pretrained projection lyer weights.
11/14/2024 11:17:26 - INFO - root - Loading pretrained text encoder weights.
11/14/2024 11:17:27 - INFO - root - Loading pretrained vae weights.
11/14/2024 11:17:27 - INFO - root - Loading pretrained unet weights.
11/14/2024 11:17:35 - INFO - root - Using xformers.
11/14/2024 11:17:35 - INFO - root - Building datasets...
11/14/2024 11:17:45 - INFO - root - freeze vision encoder
11/14/2024 11:18:14 - INFO - root - load checkpoint from https://storage.googleapis.com/sfr-vision-language-research/LAVIS/models/BLIP2/blip2_pretrained_flant5xl.pth
11/14/2024 11:18:15 - INFO - __main__ - 
***** Running training *****
11/14/2024 11:18:15 - INFO - __main__ -   Num examples = 5
11/14/2024 11:18:15 - INFO - __main__ -   Num batches each epoch = 2
11/14/2024 11:18:15 - INFO - __main__ -   Num Epochs = 50
11/14/2024 11:18:15 - INFO - __main__ -   Instantaneous batch size per device = 3
11/14/2024 11:18:15 - INFO - __main__ -   Total train batch size (w. parallel, distributed & accumulation) = 3
11/14/2024 11:18:15 - INFO - __main__ -   Gradient Accumulation steps = 1
11/14/2024 11:18:15 - INFO - __main__ -   Total optimization steps = 100
11/14/2024 11:24:08 - INFO - __main__ - Running validation... 
 Generating 4 images with prompt:in the jungle.
11/14/2024 11:24:22 - INFO - root - Image have been saved in /shenzihe/WD-Disk/output/exp/cat2/checkpoint-100/images/in_the_jungle/
11/14/2024 11:24:36 - INFO - root - Image have been saved in /shenzihe/WD-Disk/output/exp/cat2/checkpoint-100/images/in_the_jungle/
11/14/2024 11:24:50 - INFO - root - Image have been saved in /shenzihe/WD-Disk/output/exp/cat2/checkpoint-100/images/in_the_jungle/
11/14/2024 11:25:03 - INFO - root - Image have been saved in /shenzihe/WD-Disk/output/exp/cat2/checkpoint-100/images/in_the_jungle/
11/14/2024 11:25:03 - INFO - __main__ - Running validation... 
 Generating 4 images with prompt:in the snow.
11/14/2024 11:25:17 - INFO - root - Image have been saved in /shenzihe/WD-Disk/output/exp/cat2/checkpoint-100/images/in_the_snow/
11/14/2024 11:25:30 - INFO - root - Image have been saved in /shenzihe/WD-Disk/output/exp/cat2/checkpoint-100/images/in_the_snow/
11/14/2024 11:25:43 - INFO - root - Image have been saved in /shenzihe/WD-Disk/output/exp/cat2/checkpoint-100/images/in_the_snow/
11/14/2024 11:25:57 - INFO - root - Image have been saved in /shenzihe/WD-Disk/output/exp/cat2/checkpoint-100/images/in_the_snow/
11/14/2024 11:25:57 - INFO - __main__ - Running validation... 
 Generating 4 images with prompt:on the beach.
11/14/2024 11:26:10 - INFO - root - Image have been saved in /shenzihe/WD-Disk/output/exp/cat2/checkpoint-100/images/on_the_beach/
11/14/2024 11:26:23 - INFO - root - Image have been saved in /shenzihe/WD-Disk/output/exp/cat2/checkpoint-100/images/on_the_beach/
11/14/2024 11:26:37 - INFO - root - Image have been saved in /shenzihe/WD-Disk/output/exp/cat2/checkpoint-100/images/on_the_beach/
11/14/2024 11:26:50 - INFO - root - Image have been saved in /shenzihe/WD-Disk/output/exp/cat2/checkpoint-100/images/on_the_beach/
11/14/2024 11:26:50 - INFO - __main__ - Running validation... 
 Generating 4 images with prompt:on a cobblestone street.
11/14/2024 11:27:04 - INFO - root - Image have been saved in /shenzihe/WD-Disk/output/exp/cat2/checkpoint-100/images/on_a_cobblestone_street/
11/14/2024 11:27:17 - INFO - root - Image have been saved in /shenzihe/WD-Disk/output/exp/cat2/checkpoint-100/images/on_a_cobblestone_street/
11/14/2024 11:27:30 - INFO - root - Image have been saved in /shenzihe/WD-Disk/output/exp/cat2/checkpoint-100/images/on_a_cobblestone_street/
11/14/2024 11:27:44 - INFO - root - Image have been saved in /shenzihe/WD-Disk/output/exp/cat2/checkpoint-100/images/on_a_cobblestone_street/
11/14/2024 11:27:44 - INFO - __main__ - Running validation... 
 Generating 4 images with prompt:on top of pink fabric.
11/14/2024 11:27:57 - INFO - root - Image have been saved in /shenzihe/WD-Disk/output/exp/cat2/checkpoint-100/images/on_top_of_pink_fabric/
11/14/2024 11:28:11 - INFO - root - Image have been saved in /shenzihe/WD-Disk/output/exp/cat2/checkpoint-100/images/on_top_of_pink_fabric/
11/14/2024 11:28:24 - INFO - root - Image have been saved in /shenzihe/WD-Disk/output/exp/cat2/checkpoint-100/images/on_top_of_pink_fabric/
11/14/2024 11:28:37 - INFO - root - Image have been saved in /shenzihe/WD-Disk/output/exp/cat2/checkpoint-100/images/on_top_of_pink_fabric/
11/14/2024 11:28:37 - INFO - __main__ - Running validation... 
 Generating 4 images with prompt:on top of a wooden floor.
11/14/2024 11:28:51 - INFO - root - Image have been saved in /shenzihe/WD-Disk/output/exp/cat2/checkpoint-100/images/on_top_of_a_wooden_floor/
11/14/2024 11:29:04 - INFO - root - Image have been saved in /shenzihe/WD-Disk/output/exp/cat2/checkpoint-100/images/on_top_of_a_wooden_floor/
11/14/2024 11:29:18 - INFO - root - Image have been saved in /shenzihe/WD-Disk/output/exp/cat2/checkpoint-100/images/on_top_of_a_wooden_floor/
11/14/2024 11:29:31 - INFO - root - Image have been saved in /shenzihe/WD-Disk/output/exp/cat2/checkpoint-100/images/on_top_of_a_wooden_floor/
11/14/2024 11:29:31 - INFO - __main__ - Running validation... 
 Generating 4 images with prompt:with a city in the background.
11/14/2024 11:29:44 - INFO - root - Image have been saved in /shenzihe/WD-Disk/output/exp/cat2/checkpoint-100/images/with_a_city_in_the_background/
11/14/2024 11:29:58 - INFO - root - Image have been saved in /shenzihe/WD-Disk/output/exp/cat2/checkpoint-100/images/with_a_city_in_the_background/
11/14/2024 11:30:11 - INFO - root - Image have been saved in /shenzihe/WD-Disk/output/exp/cat2/checkpoint-100/images/with_a_city_in_the_background/
11/14/2024 11:30:24 - INFO - root - Image have been saved in /shenzihe/WD-Disk/output/exp/cat2/checkpoint-100/images/with_a_city_in_the_background/
11/14/2024 11:30:24 - INFO - __main__ - Running validation... 
 Generating 4 images with prompt:with a mountain in the background.
11/14/2024 11:30:38 - INFO - root - Image have been saved in /shenzihe/WD-Disk/output/exp/cat2/checkpoint-100/images/with_a_mountain_in_the_background/
11/14/2024 11:30:51 - INFO - root - Image have been saved in /shenzihe/WD-Disk/output/exp/cat2/checkpoint-100/images/with_a_mountain_in_the_background/
11/14/2024 11:31:05 - INFO - root - Image have been saved in /shenzihe/WD-Disk/output/exp/cat2/checkpoint-100/images/with_a_mountain_in_the_background/
11/14/2024 11:31:18 - INFO - root - Image have been saved in /shenzihe/WD-Disk/output/exp/cat2/checkpoint-100/images/with_a_mountain_in_the_background/
11/14/2024 11:31:18 - INFO - __main__ - Running validation... 
 Generating 4 images with prompt:with a blue house in the background.
11/14/2024 11:31:31 - INFO - root - Image have been saved in /shenzihe/WD-Disk/output/exp/cat2/checkpoint-100/images/with_a_blue_house_in_the_background/
11/14/2024 11:31:45 - INFO - root - Image have been saved in /shenzihe/WD-Disk/output/exp/cat2/checkpoint-100/images/with_a_blue_house_in_the_background/
11/14/2024 11:31:58 - INFO - root - Image have been saved in /shenzihe/WD-Disk/output/exp/cat2/checkpoint-100/images/with_a_blue_house_in_the_background/
11/14/2024 11:32:12 - INFO - root - Image have been saved in /shenzihe/WD-Disk/output/exp/cat2/checkpoint-100/images/with_a_blue_house_in_the_background/
11/14/2024 11:32:12 - INFO - __main__ - Running validation... 
 Generating 4 images with prompt:on top of a purple rug in a forest.
11/14/2024 11:32:25 - INFO - root - Image have been saved in /shenzihe/WD-Disk/output/exp/cat2/checkpoint-100/images/on_top_of_a_purple_rug_in_a_forest/
11/14/2024 11:32:38 - INFO - root - Image have been saved in /shenzihe/WD-Disk/output/exp/cat2/checkpoint-100/images/on_top_of_a_purple_rug_in_a_forest/
11/14/2024 11:32:52 - INFO - root - Image have been saved in /shenzihe/WD-Disk/output/exp/cat2/checkpoint-100/images/on_top_of_a_purple_rug_in_a_forest/
11/14/2024 11:33:05 - INFO - root - Image have been saved in /shenzihe/WD-Disk/output/exp/cat2/checkpoint-100/images/on_top_of_a_purple_rug_in_a_forest/
11/14/2024 11:33:05 - INFO - __main__ - Running validation... 
 Generating 4 images with prompt:with a wheat field in the background.
11/14/2024 11:33:18 - INFO - root - Image have been saved in /shenzihe/WD-Disk/output/exp/cat2/checkpoint-100/images/with_a_wheat_field_in_the_background/
11/14/2024 11:33:32 - INFO - root - Image have been saved in /shenzihe/WD-Disk/output/exp/cat2/checkpoint-100/images/with_a_wheat_field_in_the_background/
11/14/2024 11:33:45 - INFO - root - Image have been saved in /shenzihe/WD-Disk/output/exp/cat2/checkpoint-100/images/with_a_wheat_field_in_the_background/
11/14/2024 11:33:59 - INFO - root - Image have been saved in /shenzihe/WD-Disk/output/exp/cat2/checkpoint-100/images/with_a_wheat_field_in_the_background/
11/14/2024 11:33:59 - INFO - __main__ - Running validation... 
 Generating 4 images with prompt:with a tree and autumn leaves in the background.
11/14/2024 11:34:12 - INFO - root - Image have been saved in /shenzihe/WD-Disk/output/exp/cat2/checkpoint-100/images/with_a_tree_and_autumn_leaves_in_the_background/
11/14/2024 11:34:25 - INFO - root - Image have been saved in /shenzihe/WD-Disk/output/exp/cat2/checkpoint-100/images/with_a_tree_and_autumn_leaves_in_the_background/
11/14/2024 11:34:39 - INFO - root - Image have been saved in /shenzihe/WD-Disk/output/exp/cat2/checkpoint-100/images/with_a_tree_and_autumn_leaves_in_the_background/
11/14/2024 11:34:52 - INFO - root - Image have been saved in /shenzihe/WD-Disk/output/exp/cat2/checkpoint-100/images/with_a_tree_and_autumn_leaves_in_the_background/
11/14/2024 11:34:52 - INFO - __main__ - Running validation... 
 Generating 4 images with prompt:with the Eiffel Tower in the background.
11/14/2024 11:35:05 - INFO - root - Image have been saved in /shenzihe/WD-Disk/output/exp/cat2/checkpoint-100/images/with_the_Eiffel_Tower_in_the_background/
11/14/2024 11:35:19 - INFO - root - Image have been saved in /shenzihe/WD-Disk/output/exp/cat2/checkpoint-100/images/with_the_Eiffel_Tower_in_the_background/
11/14/2024 11:35:32 - INFO - root - Image have been saved in /shenzihe/WD-Disk/output/exp/cat2/checkpoint-100/images/with_the_Eiffel_Tower_in_the_background/
11/14/2024 11:35:46 - INFO - root - Image have been saved in /shenzihe/WD-Disk/output/exp/cat2/checkpoint-100/images/with_the_Eiffel_Tower_in_the_background/
11/14/2024 11:35:46 - INFO - __main__ - Running validation... 
 Generating 4 images with prompt:floating on top of water.
11/14/2024 11:35:59 - INFO - root - Image have been saved in /shenzihe/WD-Disk/output/exp/cat2/checkpoint-100/images/floating_on_top_of_water/
11/14/2024 11:36:12 - INFO - root - Image have been saved in /shenzihe/WD-Disk/output/exp/cat2/checkpoint-100/images/floating_on_top_of_water/
11/14/2024 11:36:26 - INFO - root - Image have been saved in /shenzihe/WD-Disk/output/exp/cat2/checkpoint-100/images/floating_on_top_of_water/
11/14/2024 11:36:39 - INFO - root - Image have been saved in /shenzihe/WD-Disk/output/exp/cat2/checkpoint-100/images/floating_on_top_of_water/
11/14/2024 11:36:39 - INFO - __main__ - Running validation... 
 Generating 4 images with prompt:floating in an ocean of milk.
11/14/2024 11:36:53 - INFO - root - Image have been saved in /shenzihe/WD-Disk/output/exp/cat2/checkpoint-100/images/floating_in_an_ocean_of_milk/
11/14/2024 11:37:06 - INFO - root - Image have been saved in /shenzihe/WD-Disk/output/exp/cat2/checkpoint-100/images/floating_in_an_ocean_of_milk/
11/14/2024 11:37:19 - INFO - root - Image have been saved in /shenzihe/WD-Disk/output/exp/cat2/checkpoint-100/images/floating_in_an_ocean_of_milk/
11/14/2024 11:37:33 - INFO - root - Image have been saved in /shenzihe/WD-Disk/output/exp/cat2/checkpoint-100/images/floating_in_an_ocean_of_milk/
11/14/2024 11:37:33 - INFO - __main__ - Running validation... 
 Generating 4 images with prompt:on top of green grass with sunflowers around it.
11/14/2024 11:37:46 - INFO - root - Image have been saved in /shenzihe/WD-Disk/output/exp/cat2/checkpoint-100/images/on_top_of_green_grass_with_sunflowers_around_it/
11/14/2024 11:37:59 - INFO - root - Image have been saved in /shenzihe/WD-Disk/output/exp/cat2/checkpoint-100/images/on_top_of_green_grass_with_sunflowers_around_it/
11/14/2024 11:38:13 - INFO - root - Image have been saved in /shenzihe/WD-Disk/output/exp/cat2/checkpoint-100/images/on_top_of_green_grass_with_sunflowers_around_it/
11/14/2024 11:38:26 - INFO - root - Image have been saved in /shenzihe/WD-Disk/output/exp/cat2/checkpoint-100/images/on_top_of_green_grass_with_sunflowers_around_it/
11/14/2024 11:38:26 - INFO - __main__ - Running validation... 
 Generating 4 images with prompt:on top of a mirror.
11/14/2024 11:38:40 - INFO - root - Image have been saved in /shenzihe/WD-Disk/output/exp/cat2/checkpoint-100/images/on_top_of_a_mirror/
11/14/2024 11:38:53 - INFO - root - Image have been saved in /shenzihe/WD-Disk/output/exp/cat2/checkpoint-100/images/on_top_of_a_mirror/
11/14/2024 11:39:06 - INFO - root - Image have been saved in /shenzihe/WD-Disk/output/exp/cat2/checkpoint-100/images/on_top_of_a_mirror/
11/14/2024 11:39:20 - INFO - root - Image have been saved in /shenzihe/WD-Disk/output/exp/cat2/checkpoint-100/images/on_top_of_a_mirror/
11/14/2024 11:39:20 - INFO - __main__ - Running validation... 
 Generating 4 images with prompt:on top of the sidewalk in a crowded street.
11/14/2024 11:39:33 - INFO - root - Image have been saved in /shenzihe/WD-Disk/output/exp/cat2/checkpoint-100/images/on_top_of_the_sidewalk_in_a_crowded_street/
11/14/2024 11:39:47 - INFO - root - Image have been saved in /shenzihe/WD-Disk/output/exp/cat2/checkpoint-100/images/on_top_of_the_sidewalk_in_a_crowded_street/
11/14/2024 11:40:00 - INFO - root - Image have been saved in /shenzihe/WD-Disk/output/exp/cat2/checkpoint-100/images/on_top_of_the_sidewalk_in_a_crowded_street/
11/14/2024 11:40:13 - INFO - root - Image have been saved in /shenzihe/WD-Disk/output/exp/cat2/checkpoint-100/images/on_top_of_the_sidewalk_in_a_crowded_street/
11/14/2024 11:40:13 - INFO - __main__ - Running validation... 
 Generating 4 images with prompt:on top of a dirt road.
11/14/2024 11:40:27 - INFO - root - Image have been saved in /shenzihe/WD-Disk/output/exp/cat2/checkpoint-100/images/on_top_of_a_dirt_road/
11/14/2024 11:40:40 - INFO - root - Image have been saved in /shenzihe/WD-Disk/output/exp/cat2/checkpoint-100/images/on_top_of_a_dirt_road/
11/14/2024 11:40:53 - INFO - root - Image have been saved in /shenzihe/WD-Disk/output/exp/cat2/checkpoint-100/images/on_top_of_a_dirt_road/
11/14/2024 11:41:07 - INFO - root - Image have been saved in /shenzihe/WD-Disk/output/exp/cat2/checkpoint-100/images/on_top_of_a_dirt_road/
11/14/2024 11:41:07 - INFO - __main__ - Running validation... 
 Generating 4 images with prompt:on top of a white rug.
11/14/2024 11:41:20 - INFO - root - Image have been saved in /shenzihe/WD-Disk/output/exp/cat2/checkpoint-100/images/on_top_of_a_white_rug/
11/14/2024 11:41:34 - INFO - root - Image have been saved in /shenzihe/WD-Disk/output/exp/cat2/checkpoint-100/images/on_top_of_a_white_rug/
11/14/2024 11:41:47 - INFO - root - Image have been saved in /shenzihe/WD-Disk/output/exp/cat2/checkpoint-100/images/on_top_of_a_white_rug/
11/14/2024 11:42:00 - INFO - root - Image have been saved in /shenzihe/WD-Disk/output/exp/cat2/checkpoint-100/images/on_top_of_a_white_rug/
11/14/2024 11:42:00 - INFO - __main__ - Running validation... 
 Generating 4 images with prompt:red.
11/14/2024 11:42:14 - INFO - root - Image have been saved in /shenzihe/WD-Disk/output/exp/cat2/checkpoint-100/images/red/
11/14/2024 11:42:27 - INFO - root - Image have been saved in /shenzihe/WD-Disk/output/exp/cat2/checkpoint-100/images/red/
11/14/2024 11:42:41 - INFO - root - Image have been saved in /shenzihe/WD-Disk/output/exp/cat2/checkpoint-100/images/red/
11/14/2024 11:42:54 - INFO - root - Image have been saved in /shenzihe/WD-Disk/output/exp/cat2/checkpoint-100/images/red/
11/14/2024 11:42:54 - INFO - __main__ - Running validation... 
 Generating 4 images with prompt:purple.
11/14/2024 11:43:07 - INFO - root - Image have been saved in /shenzihe/WD-Disk/output/exp/cat2/checkpoint-100/images/purple/
11/14/2024 11:43:21 - INFO - root - Image have been saved in /shenzihe/WD-Disk/output/exp/cat2/checkpoint-100/images/purple/
11/14/2024 11:43:34 - INFO - root - Image have been saved in /shenzihe/WD-Disk/output/exp/cat2/checkpoint-100/images/purple/
11/14/2024 11:43:48 - INFO - root - Image have been saved in /shenzihe/WD-Disk/output/exp/cat2/checkpoint-100/images/purple/
11/14/2024 11:43:48 - INFO - __main__ - Running validation... 
 Generating 4 images with prompt:shiny.
11/14/2024 11:44:01 - INFO - root - Image have been saved in /shenzihe/WD-Disk/output/exp/cat2/checkpoint-100/images/shiny/
11/14/2024 11:44:14 - INFO - root - Image have been saved in /shenzihe/WD-Disk/output/exp/cat2/checkpoint-100/images/shiny/
11/14/2024 11:44:28 - INFO - root - Image have been saved in /shenzihe/WD-Disk/output/exp/cat2/checkpoint-100/images/shiny/
11/14/2024 11:44:41 - INFO - root - Image have been saved in /shenzihe/WD-Disk/output/exp/cat2/checkpoint-100/images/shiny/
11/14/2024 11:44:41 - INFO - __main__ - Running validation... 
 Generating 4 images with prompt:wet.
11/14/2024 11:44:54 - INFO - root - Image have been saved in /shenzihe/WD-Disk/output/exp/cat2/checkpoint-100/images/wet/
11/14/2024 11:45:08 - INFO - root - Image have been saved in /shenzihe/WD-Disk/output/exp/cat2/checkpoint-100/images/wet/
11/14/2024 11:45:21 - INFO - root - Image have been saved in /shenzihe/WD-Disk/output/exp/cat2/checkpoint-100/images/wet/
11/14/2024 11:45:35 - INFO - root - Image have been saved in /shenzihe/WD-Disk/output/exp/cat2/checkpoint-100/images/wet/
11/14/2024 11:45:35 - INFO - __main__ - Running validation... 
 Generating 4 images with prompt:cube shaped.
11/14/2024 11:45:48 - INFO - root - Image have been saved in /shenzihe/WD-Disk/output/exp/cat2/checkpoint-100/images/cube_shaped/
11/14/2024 11:46:01 - INFO - root - Image have been saved in /shenzihe/WD-Disk/output/exp/cat2/checkpoint-100/images/cube_shaped/
11/14/2024 11:46:15 - INFO - root - Image have been saved in /shenzihe/WD-Disk/output/exp/cat2/checkpoint-100/images/cube_shaped/
11/14/2024 11:46:28 - INFO - root - Image have been saved in /shenzihe/WD-Disk/output/exp/cat2/checkpoint-100/images/cube_shaped/
