11/14/2024 08:24:56 - INFO - __main__ - Distributed environment: NO
Num processes: 1
Process index: 0
Local process index: 0
Device: cuda

Mixed precision type: no

11/14/2024 08:24:59 - INFO - root - freeze vision encoder
11/14/2024 08:25:09 - INFO - root - Loading pretrained model from /root/.cache/torch/hub/checkpoints/blip-diffusion
11/14/2024 08:25:09 - INFO - root - Loading pretrained BLIP2 Qformer weights.
11/14/2024 08:25:10 - INFO - root - Loading pretrained projection lyer weights.
11/14/2024 08:25:10 - INFO - root - Loading pretrained text encoder weights.
11/14/2024 08:25:11 - INFO - root - Loading pretrained vae weights.
11/14/2024 08:25:12 - INFO - root - Loading pretrained unet weights.
11/14/2024 08:25:22 - INFO - root - Using xformers.
11/14/2024 08:25:22 - INFO - root - Building datasets...
11/14/2024 08:25:32 - INFO - root - freeze vision encoder
11/14/2024 08:26:04 - INFO - root - load checkpoint from https://storage.googleapis.com/sfr-vision-language-research/LAVIS/models/BLIP2/blip2_pretrained_flant5xl.pth
11/14/2024 08:26:05 - INFO - __main__ - 
***** Running training *****
11/14/2024 08:26:05 - INFO - __main__ -   Num examples = 5
11/14/2024 08:26:05 - INFO - __main__ -   Num batches each epoch = 2
11/14/2024 08:26:05 - INFO - __main__ -   Num Epochs = 50
11/14/2024 08:26:05 - INFO - __main__ -   Instantaneous batch size per device = 3
11/14/2024 08:26:05 - INFO - __main__ -   Total train batch size (w. parallel, distributed & accumulation) = 3
11/14/2024 08:26:05 - INFO - __main__ -   Gradient Accumulation steps = 1
11/14/2024 08:26:05 - INFO - __main__ -   Total optimization steps = 100
11/14/2024 08:30:57 - INFO - __main__ - Running validation... 
 Generating 4 images with prompt:in the jungle.
11/14/2024 08:31:12 - INFO - root - Image have been saved in /shenzihe/WD-Disk/output/exp/backpack_dog/checkpoint-100/images/in_the_jungle/
11/14/2024 08:31:25 - INFO - root - Image have been saved in /shenzihe/WD-Disk/output/exp/backpack_dog/checkpoint-100/images/in_the_jungle/
11/14/2024 08:31:38 - INFO - root - Image have been saved in /shenzihe/WD-Disk/output/exp/backpack_dog/checkpoint-100/images/in_the_jungle/
11/14/2024 08:31:52 - INFO - root - Image have been saved in /shenzihe/WD-Disk/output/exp/backpack_dog/checkpoint-100/images/in_the_jungle/
11/14/2024 08:31:52 - INFO - __main__ - Running validation... 
 Generating 4 images with prompt:in the snow.
11/14/2024 08:32:05 - INFO - root - Image have been saved in /shenzihe/WD-Disk/output/exp/backpack_dog/checkpoint-100/images/in_the_snow/
11/14/2024 08:32:19 - INFO - root - Image have been saved in /shenzihe/WD-Disk/output/exp/backpack_dog/checkpoint-100/images/in_the_snow/
11/14/2024 08:32:32 - INFO - root - Image have been saved in /shenzihe/WD-Disk/output/exp/backpack_dog/checkpoint-100/images/in_the_snow/
11/14/2024 08:32:46 - INFO - root - Image have been saved in /shenzihe/WD-Disk/output/exp/backpack_dog/checkpoint-100/images/in_the_snow/
11/14/2024 08:32:46 - INFO - __main__ - Running validation... 
 Generating 4 images with prompt:on the beach.
11/14/2024 08:32:59 - INFO - root - Image have been saved in /shenzihe/WD-Disk/output/exp/backpack_dog/checkpoint-100/images/on_the_beach/
11/14/2024 08:33:12 - INFO - root - Image have been saved in /shenzihe/WD-Disk/output/exp/backpack_dog/checkpoint-100/images/on_the_beach/
11/14/2024 08:33:26 - INFO - root - Image have been saved in /shenzihe/WD-Disk/output/exp/backpack_dog/checkpoint-100/images/on_the_beach/
11/14/2024 08:33:39 - INFO - root - Image have been saved in /shenzihe/WD-Disk/output/exp/backpack_dog/checkpoint-100/images/on_the_beach/
11/14/2024 08:33:39 - INFO - __main__ - Running validation... 
 Generating 4 images with prompt:on a cobblestone street.
11/14/2024 08:33:53 - INFO - root - Image have been saved in /shenzihe/WD-Disk/output/exp/backpack_dog/checkpoint-100/images/on_a_cobblestone_street/
11/14/2024 08:34:06 - INFO - root - Image have been saved in /shenzihe/WD-Disk/output/exp/backpack_dog/checkpoint-100/images/on_a_cobblestone_street/
11/14/2024 08:34:20 - INFO - root - Image have been saved in /shenzihe/WD-Disk/output/exp/backpack_dog/checkpoint-100/images/on_a_cobblestone_street/
11/14/2024 08:34:33 - INFO - root - Image have been saved in /shenzihe/WD-Disk/output/exp/backpack_dog/checkpoint-100/images/on_a_cobblestone_street/
11/14/2024 08:34:33 - INFO - __main__ - Running validation... 
 Generating 4 images with prompt:on top of pink fabric.
11/14/2024 08:34:47 - INFO - root - Image have been saved in /shenzihe/WD-Disk/output/exp/backpack_dog/checkpoint-100/images/on_top_of_pink_fabric/
11/14/2024 08:35:00 - INFO - root - Image have been saved in /shenzihe/WD-Disk/output/exp/backpack_dog/checkpoint-100/images/on_top_of_pink_fabric/
11/14/2024 08:35:13 - INFO - root - Image have been saved in /shenzihe/WD-Disk/output/exp/backpack_dog/checkpoint-100/images/on_top_of_pink_fabric/
11/14/2024 08:35:27 - INFO - root - Image have been saved in /shenzihe/WD-Disk/output/exp/backpack_dog/checkpoint-100/images/on_top_of_pink_fabric/
11/14/2024 08:35:27 - INFO - __main__ - Running validation... 
 Generating 4 images with prompt:on top of a wooden floor.
11/14/2024 08:35:40 - INFO - root - Image have been saved in /shenzihe/WD-Disk/output/exp/backpack_dog/checkpoint-100/images/on_top_of_a_wooden_floor/
11/14/2024 08:35:54 - INFO - root - Image have been saved in /shenzihe/WD-Disk/output/exp/backpack_dog/checkpoint-100/images/on_top_of_a_wooden_floor/
11/14/2024 08:36:07 - INFO - root - Image have been saved in /shenzihe/WD-Disk/output/exp/backpack_dog/checkpoint-100/images/on_top_of_a_wooden_floor/
11/14/2024 08:36:21 - INFO - root - Image have been saved in /shenzihe/WD-Disk/output/exp/backpack_dog/checkpoint-100/images/on_top_of_a_wooden_floor/
11/14/2024 08:36:21 - INFO - __main__ - Running validation... 
 Generating 4 images with prompt:with a city in the background.
11/14/2024 08:36:34 - INFO - root - Image have been saved in /shenzihe/WD-Disk/output/exp/backpack_dog/checkpoint-100/images/with_a_city_in_the_background/
11/14/2024 08:36:47 - INFO - root - Image have been saved in /shenzihe/WD-Disk/output/exp/backpack_dog/checkpoint-100/images/with_a_city_in_the_background/
11/14/2024 08:37:01 - INFO - root - Image have been saved in /shenzihe/WD-Disk/output/exp/backpack_dog/checkpoint-100/images/with_a_city_in_the_background/
11/14/2024 08:37:14 - INFO - root - Image have been saved in /shenzihe/WD-Disk/output/exp/backpack_dog/checkpoint-100/images/with_a_city_in_the_background/
11/14/2024 08:37:14 - INFO - __main__ - Running validation... 
 Generating 4 images with prompt:with a mountain in the background.
11/14/2024 08:37:28 - INFO - root - Image have been saved in /shenzihe/WD-Disk/output/exp/backpack_dog/checkpoint-100/images/with_a_mountain_in_the_background/
11/14/2024 08:37:41 - INFO - root - Image have been saved in /shenzihe/WD-Disk/output/exp/backpack_dog/checkpoint-100/images/with_a_mountain_in_the_background/
11/14/2024 08:37:55 - INFO - root - Image have been saved in /shenzihe/WD-Disk/output/exp/backpack_dog/checkpoint-100/images/with_a_mountain_in_the_background/
11/14/2024 08:38:08 - INFO - root - Image have been saved in /shenzihe/WD-Disk/output/exp/backpack_dog/checkpoint-100/images/with_a_mountain_in_the_background/
11/14/2024 08:38:08 - INFO - __main__ - Running validation... 
 Generating 4 images with prompt:with a blue house in the background.
11/14/2024 08:38:22 - INFO - root - Image have been saved in /shenzihe/WD-Disk/output/exp/backpack_dog/checkpoint-100/images/with_a_blue_house_in_the_background/
11/14/2024 08:38:35 - INFO - root - Image have been saved in /shenzihe/WD-Disk/output/exp/backpack_dog/checkpoint-100/images/with_a_blue_house_in_the_background/
11/14/2024 08:38:48 - INFO - root - Image have been saved in /shenzihe/WD-Disk/output/exp/backpack_dog/checkpoint-100/images/with_a_blue_house_in_the_background/
11/14/2024 08:39:02 - INFO - root - Image have been saved in /shenzihe/WD-Disk/output/exp/backpack_dog/checkpoint-100/images/with_a_blue_house_in_the_background/
11/14/2024 08:39:02 - INFO - __main__ - Running validation... 
 Generating 4 images with prompt:on top of a purple rug in a forest.
11/14/2024 08:39:15 - INFO - root - Image have been saved in /shenzihe/WD-Disk/output/exp/backpack_dog/checkpoint-100/images/on_top_of_a_purple_rug_in_a_forest/
11/14/2024 08:39:29 - INFO - root - Image have been saved in /shenzihe/WD-Disk/output/exp/backpack_dog/checkpoint-100/images/on_top_of_a_purple_rug_in_a_forest/
11/14/2024 08:39:42 - INFO - root - Image have been saved in /shenzihe/WD-Disk/output/exp/backpack_dog/checkpoint-100/images/on_top_of_a_purple_rug_in_a_forest/
11/14/2024 08:39:56 - INFO - root - Image have been saved in /shenzihe/WD-Disk/output/exp/backpack_dog/checkpoint-100/images/on_top_of_a_purple_rug_in_a_forest/
11/14/2024 08:39:56 - INFO - __main__ - Running validation... 
 Generating 4 images with prompt:with a wheat field in the background.
11/14/2024 08:40:09 - INFO - root - Image have been saved in /shenzihe/WD-Disk/output/exp/backpack_dog/checkpoint-100/images/with_a_wheat_field_in_the_background/
11/14/2024 08:40:22 - INFO - root - Image have been saved in /shenzihe/WD-Disk/output/exp/backpack_dog/checkpoint-100/images/with_a_wheat_field_in_the_background/
11/14/2024 08:40:36 - INFO - root - Image have been saved in /shenzihe/WD-Disk/output/exp/backpack_dog/checkpoint-100/images/with_a_wheat_field_in_the_background/
11/14/2024 08:40:49 - INFO - root - Image have been saved in /shenzihe/WD-Disk/output/exp/backpack_dog/checkpoint-100/images/with_a_wheat_field_in_the_background/
11/14/2024 08:40:49 - INFO - __main__ - Running validation... 
 Generating 4 images with prompt:with a tree and autumn leaves in the background.
11/14/2024 08:41:03 - INFO - root - Image have been saved in /shenzihe/WD-Disk/output/exp/backpack_dog/checkpoint-100/images/with_a_tree_and_autumn_leaves_in_the_background/
11/14/2024 08:41:16 - INFO - root - Image have been saved in /shenzihe/WD-Disk/output/exp/backpack_dog/checkpoint-100/images/with_a_tree_and_autumn_leaves_in_the_background/
11/14/2024 08:41:30 - INFO - root - Image have been saved in /shenzihe/WD-Disk/output/exp/backpack_dog/checkpoint-100/images/with_a_tree_and_autumn_leaves_in_the_background/
11/14/2024 08:41:43 - INFO - root - Image have been saved in /shenzihe/WD-Disk/output/exp/backpack_dog/checkpoint-100/images/with_a_tree_and_autumn_leaves_in_the_background/
11/14/2024 08:41:43 - INFO - __main__ - Running validation... 
 Generating 4 images with prompt:with the Eiffel Tower in the background.
11/14/2024 08:41:56 - INFO - root - Image have been saved in /shenzihe/WD-Disk/output/exp/backpack_dog/checkpoint-100/images/with_the_Eiffel_Tower_in_the_background/
11/14/2024 08:42:10 - INFO - root - Image have been saved in /shenzihe/WD-Disk/output/exp/backpack_dog/checkpoint-100/images/with_the_Eiffel_Tower_in_the_background/
11/14/2024 08:42:23 - INFO - root - Image have been saved in /shenzihe/WD-Disk/output/exp/backpack_dog/checkpoint-100/images/with_the_Eiffel_Tower_in_the_background/
11/14/2024 08:42:37 - INFO - root - Image have been saved in /shenzihe/WD-Disk/output/exp/backpack_dog/checkpoint-100/images/with_the_Eiffel_Tower_in_the_background/
11/14/2024 08:42:37 - INFO - __main__ - Running validation... 
 Generating 4 images with prompt:floating on top of water.
11/14/2024 08:42:50 - INFO - root - Image have been saved in /shenzihe/WD-Disk/output/exp/backpack_dog/checkpoint-100/images/floating_on_top_of_water/
11/14/2024 08:43:04 - INFO - root - Image have been saved in /shenzihe/WD-Disk/output/exp/backpack_dog/checkpoint-100/images/floating_on_top_of_water/
11/14/2024 08:43:17 - INFO - root - Image have been saved in /shenzihe/WD-Disk/output/exp/backpack_dog/checkpoint-100/images/floating_on_top_of_water/
11/14/2024 08:43:31 - INFO - root - Image have been saved in /shenzihe/WD-Disk/output/exp/backpack_dog/checkpoint-100/images/floating_on_top_of_water/
11/14/2024 08:43:31 - INFO - __main__ - Running validation... 
 Generating 4 images with prompt:floating in an ocean of milk.
11/14/2024 08:43:44 - INFO - root - Image have been saved in /shenzihe/WD-Disk/output/exp/backpack_dog/checkpoint-100/images/floating_in_an_ocean_of_milk/
11/14/2024 08:43:57 - INFO - root - Image have been saved in /shenzihe/WD-Disk/output/exp/backpack_dog/checkpoint-100/images/floating_in_an_ocean_of_milk/
11/14/2024 08:44:11 - INFO - root - Image have been saved in /shenzihe/WD-Disk/output/exp/backpack_dog/checkpoint-100/images/floating_in_an_ocean_of_milk/
11/14/2024 08:44:24 - INFO - root - Image have been saved in /shenzihe/WD-Disk/output/exp/backpack_dog/checkpoint-100/images/floating_in_an_ocean_of_milk/
11/14/2024 08:44:24 - INFO - __main__ - Running validation... 
 Generating 4 images with prompt:on top of green grass with sunflowers around it.
11/14/2024 08:44:38 - INFO - root - Image have been saved in /shenzihe/WD-Disk/output/exp/backpack_dog/checkpoint-100/images/on_top_of_green_grass_with_sunflowers_around_it/
11/14/2024 08:44:51 - INFO - root - Image have been saved in /shenzihe/WD-Disk/output/exp/backpack_dog/checkpoint-100/images/on_top_of_green_grass_with_sunflowers_around_it/
11/14/2024 08:45:04 - INFO - root - Image have been saved in /shenzihe/WD-Disk/output/exp/backpack_dog/checkpoint-100/images/on_top_of_green_grass_with_sunflowers_around_it/
11/14/2024 08:45:18 - INFO - root - Image have been saved in /shenzihe/WD-Disk/output/exp/backpack_dog/checkpoint-100/images/on_top_of_green_grass_with_sunflowers_around_it/
11/14/2024 08:45:18 - INFO - __main__ - Running validation... 
 Generating 4 images with prompt:on top of a mirror.
11/14/2024 08:45:31 - INFO - root - Image have been saved in /shenzihe/WD-Disk/output/exp/backpack_dog/checkpoint-100/images/on_top_of_a_mirror/
11/14/2024 08:45:45 - INFO - root - Image have been saved in /shenzihe/WD-Disk/output/exp/backpack_dog/checkpoint-100/images/on_top_of_a_mirror/
11/14/2024 08:45:58 - INFO - root - Image have been saved in /shenzihe/WD-Disk/output/exp/backpack_dog/checkpoint-100/images/on_top_of_a_mirror/
11/14/2024 08:46:12 - INFO - root - Image have been saved in /shenzihe/WD-Disk/output/exp/backpack_dog/checkpoint-100/images/on_top_of_a_mirror/
11/14/2024 08:46:12 - INFO - __main__ - Running validation... 
 Generating 4 images with prompt:on top of the sidewalk in a crowded street.
11/14/2024 08:46:25 - INFO - root - Image have been saved in /shenzihe/WD-Disk/output/exp/backpack_dog/checkpoint-100/images/on_top_of_the_sidewalk_in_a_crowded_street/
11/14/2024 08:46:38 - INFO - root - Image have been saved in /shenzihe/WD-Disk/output/exp/backpack_dog/checkpoint-100/images/on_top_of_the_sidewalk_in_a_crowded_street/
11/14/2024 08:46:52 - INFO - root - Image have been saved in /shenzihe/WD-Disk/output/exp/backpack_dog/checkpoint-100/images/on_top_of_the_sidewalk_in_a_crowded_street/
11/14/2024 08:47:05 - INFO - root - Image have been saved in /shenzihe/WD-Disk/output/exp/backpack_dog/checkpoint-100/images/on_top_of_the_sidewalk_in_a_crowded_street/
11/14/2024 08:47:05 - INFO - __main__ - Running validation... 
 Generating 4 images with prompt:on top of a dirt road.
11/14/2024 08:47:19 - INFO - root - Image have been saved in /shenzihe/WD-Disk/output/exp/backpack_dog/checkpoint-100/images/on_top_of_a_dirt_road/
11/14/2024 08:47:32 - INFO - root - Image have been saved in /shenzihe/WD-Disk/output/exp/backpack_dog/checkpoint-100/images/on_top_of_a_dirt_road/
11/14/2024 08:47:46 - INFO - root - Image have been saved in /shenzihe/WD-Disk/output/exp/backpack_dog/checkpoint-100/images/on_top_of_a_dirt_road/
11/14/2024 08:47:59 - INFO - root - Image have been saved in /shenzihe/WD-Disk/output/exp/backpack_dog/checkpoint-100/images/on_top_of_a_dirt_road/
11/14/2024 08:47:59 - INFO - __main__ - Running validation... 
 Generating 4 images with prompt:on top of a white rug.
11/14/2024 08:48:13 - INFO - root - Image have been saved in /shenzihe/WD-Disk/output/exp/backpack_dog/checkpoint-100/images/on_top_of_a_white_rug/
11/14/2024 08:48:26 - INFO - root - Image have been saved in /shenzihe/WD-Disk/output/exp/backpack_dog/checkpoint-100/images/on_top_of_a_white_rug/
11/14/2024 08:48:39 - INFO - root - Image have been saved in /shenzihe/WD-Disk/output/exp/backpack_dog/checkpoint-100/images/on_top_of_a_white_rug/
11/14/2024 08:48:53 - INFO - root - Image have been saved in /shenzihe/WD-Disk/output/exp/backpack_dog/checkpoint-100/images/on_top_of_a_white_rug/
11/14/2024 08:48:53 - INFO - __main__ - Running validation... 
 Generating 4 images with prompt:red.
11/14/2024 08:49:06 - INFO - root - Image have been saved in /shenzihe/WD-Disk/output/exp/backpack_dog/checkpoint-100/images/red/
11/14/2024 08:49:20 - INFO - root - Image have been saved in /shenzihe/WD-Disk/output/exp/backpack_dog/checkpoint-100/images/red/
11/14/2024 08:49:33 - INFO - root - Image have been saved in /shenzihe/WD-Disk/output/exp/backpack_dog/checkpoint-100/images/red/
11/14/2024 08:49:47 - INFO - root - Image have been saved in /shenzihe/WD-Disk/output/exp/backpack_dog/checkpoint-100/images/red/
11/14/2024 08:49:47 - INFO - __main__ - Running validation... 
 Generating 4 images with prompt:purple.
11/14/2024 08:50:00 - INFO - root - Image have been saved in /shenzihe/WD-Disk/output/exp/backpack_dog/checkpoint-100/images/purple/
11/14/2024 08:50:13 - INFO - root - Image have been saved in /shenzihe/WD-Disk/output/exp/backpack_dog/checkpoint-100/images/purple/
11/14/2024 08:50:27 - INFO - root - Image have been saved in /shenzihe/WD-Disk/output/exp/backpack_dog/checkpoint-100/images/purple/
11/14/2024 08:50:40 - INFO - root - Image have been saved in /shenzihe/WD-Disk/output/exp/backpack_dog/checkpoint-100/images/purple/
11/14/2024 08:50:40 - INFO - __main__ - Running validation... 
 Generating 4 images with prompt:shiny.
11/14/2024 08:50:54 - INFO - root - Image have been saved in /shenzihe/WD-Disk/output/exp/backpack_dog/checkpoint-100/images/shiny/
11/14/2024 08:51:07 - INFO - root - Image have been saved in /shenzihe/WD-Disk/output/exp/backpack_dog/checkpoint-100/images/shiny/
11/14/2024 08:51:21 - INFO - root - Image have been saved in /shenzihe/WD-Disk/output/exp/backpack_dog/checkpoint-100/images/shiny/
11/14/2024 08:51:34 - INFO - root - Image have been saved in /shenzihe/WD-Disk/output/exp/backpack_dog/checkpoint-100/images/shiny/
11/14/2024 08:51:34 - INFO - __main__ - Running validation... 
 Generating 4 images with prompt:wet.
11/14/2024 08:51:48 - INFO - root - Image have been saved in /shenzihe/WD-Disk/output/exp/backpack_dog/checkpoint-100/images/wet/
11/14/2024 08:52:01 - INFO - root - Image have been saved in /shenzihe/WD-Disk/output/exp/backpack_dog/checkpoint-100/images/wet/
11/14/2024 08:52:14 - INFO - root - Image have been saved in /shenzihe/WD-Disk/output/exp/backpack_dog/checkpoint-100/images/wet/
11/14/2024 08:52:28 - INFO - root - Image have been saved in /shenzihe/WD-Disk/output/exp/backpack_dog/checkpoint-100/images/wet/
11/14/2024 08:52:28 - INFO - __main__ - Running validation... 
 Generating 4 images with prompt:cube shaped.
11/14/2024 08:52:41 - INFO - root - Image have been saved in /shenzihe/WD-Disk/output/exp/backpack_dog/checkpoint-100/images/cube_shaped/
11/14/2024 08:52:55 - INFO - root - Image have been saved in /shenzihe/WD-Disk/output/exp/backpack_dog/checkpoint-100/images/cube_shaped/
11/14/2024 08:53:08 - INFO - root - Image have been saved in /shenzihe/WD-Disk/output/exp/backpack_dog/checkpoint-100/images/cube_shaped/
11/14/2024 08:53:21 - INFO - root - Image have been saved in /shenzihe/WD-Disk/output/exp/backpack_dog/checkpoint-100/images/cube_shaped/
