11/15/2024 15:23:12 - INFO - __main__ - Distributed environment: NO
Num processes: 1
Process index: 0
Local process index: 0
Device: cuda

Mixed precision type: no

11/15/2024 15:23:15 - INFO - root - freeze vision encoder
11/15/2024 15:23:27 - INFO - root - Loading pretrained model from /root/.cache/torch/hub/checkpoints/blip-diffusion
11/15/2024 15:23:27 - INFO - root - Loading pretrained BLIP2 Qformer weights.
11/15/2024 15:23:29 - INFO - root - Loading pretrained projection lyer weights.
11/15/2024 15:23:29 - INFO - root - Loading pretrained text encoder weights.
11/15/2024 15:23:29 - INFO - root - Loading pretrained vae weights.
11/15/2024 15:23:30 - INFO - root - Loading pretrained unet weights.
11/15/2024 15:23:37 - INFO - root - Using xformers.
11/15/2024 15:23:37 - INFO - root - Building datasets...
11/15/2024 15:23:48 - INFO - root - freeze vision encoder
11/15/2024 15:24:14 - INFO - root - load checkpoint from https://storage.googleapis.com/sfr-vision-language-research/LAVIS/models/BLIP2/blip2_pretrained_flant5xl.pth
11/15/2024 15:24:15 - INFO - __main__ - 
***** Running training *****
11/15/2024 15:24:15 - INFO - __main__ -   Num examples = 6
11/15/2024 15:24:15 - INFO - __main__ -   Num batches each epoch = 2
11/15/2024 15:24:15 - INFO - __main__ -   Num Epochs = 50
11/15/2024 15:24:15 - INFO - __main__ -   Instantaneous batch size per device = 3
11/15/2024 15:24:15 - INFO - __main__ -   Total train batch size (w. parallel, distributed & accumulation) = 3
11/15/2024 15:24:15 - INFO - __main__ -   Gradient Accumulation steps = 1
11/15/2024 15:24:15 - INFO - __main__ -   Total optimization steps = 100
11/15/2024 15:30:05 - INFO - __main__ - Running validation... 
 Generating 4 images with prompt:in the jungle.
11/15/2024 15:30:22 - INFO - root - Image have been saved in /shenzihe/WD-Disk/output/exp2/shiny_sneaker/checkpoint-100/images/in_the_jungle/
11/15/2024 15:30:36 - INFO - root - Image have been saved in /shenzihe/WD-Disk/output/exp2/shiny_sneaker/checkpoint-100/images/in_the_jungle/
11/15/2024 15:30:50 - INFO - root - Image have been saved in /shenzihe/WD-Disk/output/exp2/shiny_sneaker/checkpoint-100/images/in_the_jungle/
11/15/2024 15:31:04 - INFO - root - Image have been saved in /shenzihe/WD-Disk/output/exp2/shiny_sneaker/checkpoint-100/images/in_the_jungle/
11/15/2024 15:31:04 - INFO - __main__ - Running validation... 
 Generating 4 images with prompt:in the snow.
11/15/2024 15:31:18 - INFO - root - Image have been saved in /shenzihe/WD-Disk/output/exp2/shiny_sneaker/checkpoint-100/images/in_the_snow/
11/15/2024 15:31:32 - INFO - root - Image have been saved in /shenzihe/WD-Disk/output/exp2/shiny_sneaker/checkpoint-100/images/in_the_snow/
11/15/2024 15:31:45 - INFO - root - Image have been saved in /shenzihe/WD-Disk/output/exp2/shiny_sneaker/checkpoint-100/images/in_the_snow/
11/15/2024 15:31:59 - INFO - root - Image have been saved in /shenzihe/WD-Disk/output/exp2/shiny_sneaker/checkpoint-100/images/in_the_snow/
11/15/2024 15:31:59 - INFO - __main__ - Running validation... 
 Generating 4 images with prompt:on the beach.
11/15/2024 15:32:13 - INFO - root - Image have been saved in /shenzihe/WD-Disk/output/exp2/shiny_sneaker/checkpoint-100/images/on_the_beach/
11/15/2024 15:32:27 - INFO - root - Image have been saved in /shenzihe/WD-Disk/output/exp2/shiny_sneaker/checkpoint-100/images/on_the_beach/
11/15/2024 15:32:42 - INFO - root - Image have been saved in /shenzihe/WD-Disk/output/exp2/shiny_sneaker/checkpoint-100/images/on_the_beach/
11/15/2024 15:32:56 - INFO - root - Image have been saved in /shenzihe/WD-Disk/output/exp2/shiny_sneaker/checkpoint-100/images/on_the_beach/
11/15/2024 15:32:56 - INFO - __main__ - Running validation... 
 Generating 4 images with prompt:on a cobblestone street.
11/15/2024 15:33:10 - INFO - root - Image have been saved in /shenzihe/WD-Disk/output/exp2/shiny_sneaker/checkpoint-100/images/on_a_cobblestone_street/
11/15/2024 15:33:23 - INFO - root - Image have been saved in /shenzihe/WD-Disk/output/exp2/shiny_sneaker/checkpoint-100/images/on_a_cobblestone_street/
11/15/2024 15:33:37 - INFO - root - Image have been saved in /shenzihe/WD-Disk/output/exp2/shiny_sneaker/checkpoint-100/images/on_a_cobblestone_street/
11/15/2024 15:33:51 - INFO - root - Image have been saved in /shenzihe/WD-Disk/output/exp2/shiny_sneaker/checkpoint-100/images/on_a_cobblestone_street/
11/15/2024 15:33:51 - INFO - __main__ - Running validation... 
 Generating 4 images with prompt:on top of pink fabric.
11/15/2024 15:34:05 - INFO - root - Image have been saved in /shenzihe/WD-Disk/output/exp2/shiny_sneaker/checkpoint-100/images/on_top_of_pink_fabric/
11/15/2024 15:34:18 - INFO - root - Image have been saved in /shenzihe/WD-Disk/output/exp2/shiny_sneaker/checkpoint-100/images/on_top_of_pink_fabric/
11/15/2024 15:34:33 - INFO - root - Image have been saved in /shenzihe/WD-Disk/output/exp2/shiny_sneaker/checkpoint-100/images/on_top_of_pink_fabric/
11/15/2024 15:34:47 - INFO - root - Image have been saved in /shenzihe/WD-Disk/output/exp2/shiny_sneaker/checkpoint-100/images/on_top_of_pink_fabric/
11/15/2024 15:34:47 - INFO - __main__ - Running validation... 
 Generating 4 images with prompt:on top of a wooden floor.
11/15/2024 15:35:01 - INFO - root - Image have been saved in /shenzihe/WD-Disk/output/exp2/shiny_sneaker/checkpoint-100/images/on_top_of_a_wooden_floor/
11/15/2024 15:35:15 - INFO - root - Image have been saved in /shenzihe/WD-Disk/output/exp2/shiny_sneaker/checkpoint-100/images/on_top_of_a_wooden_floor/
11/15/2024 15:35:28 - INFO - root - Image have been saved in /shenzihe/WD-Disk/output/exp2/shiny_sneaker/checkpoint-100/images/on_top_of_a_wooden_floor/
11/15/2024 15:35:42 - INFO - root - Image have been saved in /shenzihe/WD-Disk/output/exp2/shiny_sneaker/checkpoint-100/images/on_top_of_a_wooden_floor/
11/15/2024 15:35:42 - INFO - __main__ - Running validation... 
 Generating 4 images with prompt:with a city in the background.
11/15/2024 15:35:56 - INFO - root - Image have been saved in /shenzihe/WD-Disk/output/exp2/shiny_sneaker/checkpoint-100/images/with_a_city_in_the_background/
11/15/2024 15:36:10 - INFO - root - Image have been saved in /shenzihe/WD-Disk/output/exp2/shiny_sneaker/checkpoint-100/images/with_a_city_in_the_background/
11/15/2024 15:36:24 - INFO - root - Image have been saved in /shenzihe/WD-Disk/output/exp2/shiny_sneaker/checkpoint-100/images/with_a_city_in_the_background/
11/15/2024 15:36:38 - INFO - root - Image have been saved in /shenzihe/WD-Disk/output/exp2/shiny_sneaker/checkpoint-100/images/with_a_city_in_the_background/
11/15/2024 15:36:38 - INFO - __main__ - Running validation... 
 Generating 4 images with prompt:with a mountain in the background.
11/15/2024 15:36:52 - INFO - root - Image have been saved in /shenzihe/WD-Disk/output/exp2/shiny_sneaker/checkpoint-100/images/with_a_mountain_in_the_background/
11/15/2024 15:37:05 - INFO - root - Image have been saved in /shenzihe/WD-Disk/output/exp2/shiny_sneaker/checkpoint-100/images/with_a_mountain_in_the_background/
11/15/2024 15:37:19 - INFO - root - Image have been saved in /shenzihe/WD-Disk/output/exp2/shiny_sneaker/checkpoint-100/images/with_a_mountain_in_the_background/
11/15/2024 15:37:33 - INFO - root - Image have been saved in /shenzihe/WD-Disk/output/exp2/shiny_sneaker/checkpoint-100/images/with_a_mountain_in_the_background/
11/15/2024 15:37:33 - INFO - __main__ - Running validation... 
 Generating 4 images with prompt:with a blue house in the background.
11/15/2024 15:37:47 - INFO - root - Image have been saved in /shenzihe/WD-Disk/output/exp2/shiny_sneaker/checkpoint-100/images/with_a_blue_house_in_the_background/
11/15/2024 15:38:01 - INFO - root - Image have been saved in /shenzihe/WD-Disk/output/exp2/shiny_sneaker/checkpoint-100/images/with_a_blue_house_in_the_background/
11/15/2024 15:38:15 - INFO - root - Image have been saved in /shenzihe/WD-Disk/output/exp2/shiny_sneaker/checkpoint-100/images/with_a_blue_house_in_the_background/
11/15/2024 15:38:28 - INFO - root - Image have been saved in /shenzihe/WD-Disk/output/exp2/shiny_sneaker/checkpoint-100/images/with_a_blue_house_in_the_background/
11/15/2024 15:38:28 - INFO - __main__ - Running validation... 
 Generating 4 images with prompt:on top of a purple rug in a forest.
11/15/2024 15:38:42 - INFO - root - Image have been saved in /shenzihe/WD-Disk/output/exp2/shiny_sneaker/checkpoint-100/images/on_top_of_a_purple_rug_in_a_forest/
11/15/2024 15:38:56 - INFO - root - Image have been saved in /shenzihe/WD-Disk/output/exp2/shiny_sneaker/checkpoint-100/images/on_top_of_a_purple_rug_in_a_forest/
11/15/2024 15:39:10 - INFO - root - Image have been saved in /shenzihe/WD-Disk/output/exp2/shiny_sneaker/checkpoint-100/images/on_top_of_a_purple_rug_in_a_forest/
11/15/2024 15:39:24 - INFO - root - Image have been saved in /shenzihe/WD-Disk/output/exp2/shiny_sneaker/checkpoint-100/images/on_top_of_a_purple_rug_in_a_forest/
11/15/2024 15:39:24 - INFO - __main__ - Running validation... 
 Generating 4 images with prompt:with a wheat field in the background.
11/15/2024 15:39:38 - INFO - root - Image have been saved in /shenzihe/WD-Disk/output/exp2/shiny_sneaker/checkpoint-100/images/with_a_wheat_field_in_the_background/
11/15/2024 15:39:51 - INFO - root - Image have been saved in /shenzihe/WD-Disk/output/exp2/shiny_sneaker/checkpoint-100/images/with_a_wheat_field_in_the_background/
11/15/2024 15:40:05 - INFO - root - Image have been saved in /shenzihe/WD-Disk/output/exp2/shiny_sneaker/checkpoint-100/images/with_a_wheat_field_in_the_background/
11/15/2024 15:40:19 - INFO - root - Image have been saved in /shenzihe/WD-Disk/output/exp2/shiny_sneaker/checkpoint-100/images/with_a_wheat_field_in_the_background/
11/15/2024 15:40:19 - INFO - __main__ - Running validation... 
 Generating 4 images with prompt:with a tree and autumn leaves in the background.
11/15/2024 15:40:33 - INFO - root - Image have been saved in /shenzihe/WD-Disk/output/exp2/shiny_sneaker/checkpoint-100/images/with_a_tree_and_autumn_leaves_in_the_background/
11/15/2024 15:40:47 - INFO - root - Image have been saved in /shenzihe/WD-Disk/output/exp2/shiny_sneaker/checkpoint-100/images/with_a_tree_and_autumn_leaves_in_the_background/
11/15/2024 15:41:01 - INFO - root - Image have been saved in /shenzihe/WD-Disk/output/exp2/shiny_sneaker/checkpoint-100/images/with_a_tree_and_autumn_leaves_in_the_background/
11/15/2024 15:41:14 - INFO - root - Image have been saved in /shenzihe/WD-Disk/output/exp2/shiny_sneaker/checkpoint-100/images/with_a_tree_and_autumn_leaves_in_the_background/
11/15/2024 15:41:14 - INFO - __main__ - Running validation... 
 Generating 4 images with prompt:with the Eiffel Tower in the background.
11/15/2024 15:41:29 - INFO - root - Image have been saved in /shenzihe/WD-Disk/output/exp2/shiny_sneaker/checkpoint-100/images/with_the_Eiffel_Tower_in_the_background/
11/15/2024 15:41:42 - INFO - root - Image have been saved in /shenzihe/WD-Disk/output/exp2/shiny_sneaker/checkpoint-100/images/with_the_Eiffel_Tower_in_the_background/
11/15/2024 15:41:56 - INFO - root - Image have been saved in /shenzihe/WD-Disk/output/exp2/shiny_sneaker/checkpoint-100/images/with_the_Eiffel_Tower_in_the_background/
11/15/2024 15:42:10 - INFO - root - Image have been saved in /shenzihe/WD-Disk/output/exp2/shiny_sneaker/checkpoint-100/images/with_the_Eiffel_Tower_in_the_background/
11/15/2024 15:42:10 - INFO - __main__ - Running validation... 
 Generating 4 images with prompt:floating on top of water.
11/15/2024 15:42:24 - INFO - root - Image have been saved in /shenzihe/WD-Disk/output/exp2/shiny_sneaker/checkpoint-100/images/floating_on_top_of_water/
11/15/2024 15:42:38 - INFO - root - Image have been saved in /shenzihe/WD-Disk/output/exp2/shiny_sneaker/checkpoint-100/images/floating_on_top_of_water/
11/15/2024 15:42:51 - INFO - root - Image have been saved in /shenzihe/WD-Disk/output/exp2/shiny_sneaker/checkpoint-100/images/floating_on_top_of_water/
11/15/2024 15:43:05 - INFO - root - Image have been saved in /shenzihe/WD-Disk/output/exp2/shiny_sneaker/checkpoint-100/images/floating_on_top_of_water/
11/15/2024 15:43:05 - INFO - __main__ - Running validation... 
 Generating 4 images with prompt:floating in an ocean of milk.
11/15/2024 15:43:19 - INFO - root - Image have been saved in /shenzihe/WD-Disk/output/exp2/shiny_sneaker/checkpoint-100/images/floating_in_an_ocean_of_milk/
11/15/2024 15:43:33 - INFO - root - Image have been saved in /shenzihe/WD-Disk/output/exp2/shiny_sneaker/checkpoint-100/images/floating_in_an_ocean_of_milk/
11/15/2024 15:43:47 - INFO - root - Image have been saved in /shenzihe/WD-Disk/output/exp2/shiny_sneaker/checkpoint-100/images/floating_in_an_ocean_of_milk/
11/15/2024 15:44:00 - INFO - root - Image have been saved in /shenzihe/WD-Disk/output/exp2/shiny_sneaker/checkpoint-100/images/floating_in_an_ocean_of_milk/
11/15/2024 15:44:00 - INFO - __main__ - Running validation... 
 Generating 4 images with prompt:on top of green grass with sunflowers around it.
11/15/2024 15:44:14 - INFO - root - Image have been saved in /shenzihe/WD-Disk/output/exp2/shiny_sneaker/checkpoint-100/images/on_top_of_green_grass_with_sunflowers_around_it/
11/15/2024 15:44:28 - INFO - root - Image have been saved in /shenzihe/WD-Disk/output/exp2/shiny_sneaker/checkpoint-100/images/on_top_of_green_grass_with_sunflowers_around_it/
11/15/2024 15:44:42 - INFO - root - Image have been saved in /shenzihe/WD-Disk/output/exp2/shiny_sneaker/checkpoint-100/images/on_top_of_green_grass_with_sunflowers_around_it/
11/15/2024 15:44:56 - INFO - root - Image have been saved in /shenzihe/WD-Disk/output/exp2/shiny_sneaker/checkpoint-100/images/on_top_of_green_grass_with_sunflowers_around_it/
11/15/2024 15:44:56 - INFO - __main__ - Running validation... 
 Generating 4 images with prompt:on top of a mirror.
11/15/2024 15:45:09 - INFO - root - Image have been saved in /shenzihe/WD-Disk/output/exp2/shiny_sneaker/checkpoint-100/images/on_top_of_a_mirror/
11/15/2024 15:45:23 - INFO - root - Image have been saved in /shenzihe/WD-Disk/output/exp2/shiny_sneaker/checkpoint-100/images/on_top_of_a_mirror/
11/15/2024 15:45:37 - INFO - root - Image have been saved in /shenzihe/WD-Disk/output/exp2/shiny_sneaker/checkpoint-100/images/on_top_of_a_mirror/
11/15/2024 15:45:51 - INFO - root - Image have been saved in /shenzihe/WD-Disk/output/exp2/shiny_sneaker/checkpoint-100/images/on_top_of_a_mirror/
11/15/2024 15:45:51 - INFO - __main__ - Running validation... 
 Generating 4 images with prompt:on top of the sidewalk in a crowded street.
11/15/2024 15:46:05 - INFO - root - Image have been saved in /shenzihe/WD-Disk/output/exp2/shiny_sneaker/checkpoint-100/images/on_top_of_the_sidewalk_in_a_crowded_street/
11/15/2024 15:46:19 - INFO - root - Image have been saved in /shenzihe/WD-Disk/output/exp2/shiny_sneaker/checkpoint-100/images/on_top_of_the_sidewalk_in_a_crowded_street/
11/15/2024 15:46:32 - INFO - root - Image have been saved in /shenzihe/WD-Disk/output/exp2/shiny_sneaker/checkpoint-100/images/on_top_of_the_sidewalk_in_a_crowded_street/
11/15/2024 15:46:46 - INFO - root - Image have been saved in /shenzihe/WD-Disk/output/exp2/shiny_sneaker/checkpoint-100/images/on_top_of_the_sidewalk_in_a_crowded_street/
11/15/2024 15:46:46 - INFO - __main__ - Running validation... 
 Generating 4 images with prompt:on top of a dirt road.
11/15/2024 15:47:00 - INFO - root - Image have been saved in /shenzihe/WD-Disk/output/exp2/shiny_sneaker/checkpoint-100/images/on_top_of_a_dirt_road/
11/15/2024 15:47:15 - INFO - root - Image have been saved in /shenzihe/WD-Disk/output/exp2/shiny_sneaker/checkpoint-100/images/on_top_of_a_dirt_road/
11/15/2024 15:47:29 - INFO - root - Image have been saved in /shenzihe/WD-Disk/output/exp2/shiny_sneaker/checkpoint-100/images/on_top_of_a_dirt_road/
11/15/2024 15:47:43 - INFO - root - Image have been saved in /shenzihe/WD-Disk/output/exp2/shiny_sneaker/checkpoint-100/images/on_top_of_a_dirt_road/
11/15/2024 15:47:43 - INFO - __main__ - Running validation... 
 Generating 4 images with prompt:on top of a white rug.
11/15/2024 15:47:57 - INFO - root - Image have been saved in /shenzihe/WD-Disk/output/exp2/shiny_sneaker/checkpoint-100/images/on_top_of_a_white_rug/
11/15/2024 15:48:11 - INFO - root - Image have been saved in /shenzihe/WD-Disk/output/exp2/shiny_sneaker/checkpoint-100/images/on_top_of_a_white_rug/
11/15/2024 15:48:24 - INFO - root - Image have been saved in /shenzihe/WD-Disk/output/exp2/shiny_sneaker/checkpoint-100/images/on_top_of_a_white_rug/
11/15/2024 15:48:38 - INFO - root - Image have been saved in /shenzihe/WD-Disk/output/exp2/shiny_sneaker/checkpoint-100/images/on_top_of_a_white_rug/
11/15/2024 15:48:38 - INFO - __main__ - Running validation... 
 Generating 4 images with prompt:red.
11/15/2024 15:48:52 - INFO - root - Image have been saved in /shenzihe/WD-Disk/output/exp2/shiny_sneaker/checkpoint-100/images/red/
11/15/2024 15:49:06 - INFO - root - Image have been saved in /shenzihe/WD-Disk/output/exp2/shiny_sneaker/checkpoint-100/images/red/
11/15/2024 15:49:20 - INFO - root - Image have been saved in /shenzihe/WD-Disk/output/exp2/shiny_sneaker/checkpoint-100/images/red/
11/15/2024 15:49:33 - INFO - root - Image have been saved in /shenzihe/WD-Disk/output/exp2/shiny_sneaker/checkpoint-100/images/red/
11/15/2024 15:49:33 - INFO - __main__ - Running validation... 
 Generating 4 images with prompt:purple.
11/15/2024 15:49:47 - INFO - root - Image have been saved in /shenzihe/WD-Disk/output/exp2/shiny_sneaker/checkpoint-100/images/purple/
11/15/2024 15:50:01 - INFO - root - Image have been saved in /shenzihe/WD-Disk/output/exp2/shiny_sneaker/checkpoint-100/images/purple/
11/15/2024 15:50:15 - INFO - root - Image have been saved in /shenzihe/WD-Disk/output/exp2/shiny_sneaker/checkpoint-100/images/purple/
11/15/2024 15:50:29 - INFO - root - Image have been saved in /shenzihe/WD-Disk/output/exp2/shiny_sneaker/checkpoint-100/images/purple/
11/15/2024 15:50:29 - INFO - __main__ - Running validation... 
 Generating 4 images with prompt:shiny.
11/15/2024 15:50:42 - INFO - root - Image have been saved in /shenzihe/WD-Disk/output/exp2/shiny_sneaker/checkpoint-100/images/shiny/
11/15/2024 15:50:56 - INFO - root - Image have been saved in /shenzihe/WD-Disk/output/exp2/shiny_sneaker/checkpoint-100/images/shiny/
11/15/2024 15:51:10 - INFO - root - Image have been saved in /shenzihe/WD-Disk/output/exp2/shiny_sneaker/checkpoint-100/images/shiny/
11/15/2024 15:51:24 - INFO - root - Image have been saved in /shenzihe/WD-Disk/output/exp2/shiny_sneaker/checkpoint-100/images/shiny/
11/15/2024 15:51:24 - INFO - __main__ - Running validation... 
 Generating 4 images with prompt:wet.
11/15/2024 15:51:38 - INFO - root - Image have been saved in /shenzihe/WD-Disk/output/exp2/shiny_sneaker/checkpoint-100/images/wet/
11/15/2024 15:51:52 - INFO - root - Image have been saved in /shenzihe/WD-Disk/output/exp2/shiny_sneaker/checkpoint-100/images/wet/
11/15/2024 15:52:05 - INFO - root - Image have been saved in /shenzihe/WD-Disk/output/exp2/shiny_sneaker/checkpoint-100/images/wet/
11/15/2024 15:52:19 - INFO - root - Image have been saved in /shenzihe/WD-Disk/output/exp2/shiny_sneaker/checkpoint-100/images/wet/
11/15/2024 15:52:19 - INFO - __main__ - Running validation... 
 Generating 4 images with prompt:cube shaped.
11/15/2024 15:52:33 - INFO - root - Image have been saved in /shenzihe/WD-Disk/output/exp2/shiny_sneaker/checkpoint-100/images/cube_shaped/
11/15/2024 15:52:47 - INFO - root - Image have been saved in /shenzihe/WD-Disk/output/exp2/shiny_sneaker/checkpoint-100/images/cube_shaped/
11/15/2024 15:53:01 - INFO - root - Image have been saved in /shenzihe/WD-Disk/output/exp2/shiny_sneaker/checkpoint-100/images/cube_shaped/
11/15/2024 15:53:15 - INFO - root - Image have been saved in /shenzihe/WD-Disk/output/exp2/shiny_sneaker/checkpoint-100/images/cube_shaped/
