11/14/2024 13:40:21 - INFO - __main__ - Distributed environment: NO
Num processes: 1
Process index: 0
Local process index: 0
Device: cuda

Mixed precision type: no

11/14/2024 13:40:23 - INFO - root - freeze vision encoder
11/14/2024 13:40:33 - INFO - root - Loading pretrained model from /root/.cache/torch/hub/checkpoints/blip-diffusion
11/14/2024 13:40:33 - INFO - root - Loading pretrained BLIP2 Qformer weights.
11/14/2024 13:40:35 - INFO - root - Loading pretrained projection lyer weights.
11/14/2024 13:40:35 - INFO - root - Loading pretrained text encoder weights.
11/14/2024 13:40:36 - INFO - root - Loading pretrained vae weights.
11/14/2024 13:40:36 - INFO - root - Loading pretrained unet weights.
11/14/2024 13:40:44 - INFO - root - Using xformers.
11/14/2024 13:40:44 - INFO - root - Building datasets...
11/14/2024 13:40:54 - INFO - root - freeze vision encoder
11/14/2024 13:41:17 - INFO - root - load checkpoint from https://storage.googleapis.com/sfr-vision-language-research/LAVIS/models/BLIP2/blip2_pretrained_flant5xl.pth
11/14/2024 13:41:18 - INFO - __main__ - 
***** Running training *****
11/14/2024 13:41:18 - INFO - __main__ -   Num examples = 6
11/14/2024 13:41:18 - INFO - __main__ -   Num batches each epoch = 2
11/14/2024 13:41:18 - INFO - __main__ -   Num Epochs = 50
11/14/2024 13:41:18 - INFO - __main__ -   Instantaneous batch size per device = 3
11/14/2024 13:41:18 - INFO - __main__ -   Total train batch size (w. parallel, distributed & accumulation) = 3
11/14/2024 13:41:18 - INFO - __main__ -   Gradient Accumulation steps = 1
11/14/2024 13:41:18 - INFO - __main__ -   Total optimization steps = 100
11/14/2024 13:47:15 - INFO - __main__ - Running validation... 
 Generating 4 images with prompt:in the jungle.
11/14/2024 13:47:29 - INFO - root - Image have been saved in /shenzihe/WD-Disk/output/exp/dog3/checkpoint-100/images/in_the_jungle/
11/14/2024 13:47:42 - INFO - root - Image have been saved in /shenzihe/WD-Disk/output/exp/dog3/checkpoint-100/images/in_the_jungle/
11/14/2024 13:47:56 - INFO - root - Image have been saved in /shenzihe/WD-Disk/output/exp/dog3/checkpoint-100/images/in_the_jungle/
11/14/2024 13:48:09 - INFO - root - Image have been saved in /shenzihe/WD-Disk/output/exp/dog3/checkpoint-100/images/in_the_jungle/
11/14/2024 13:48:09 - INFO - __main__ - Running validation... 
 Generating 4 images with prompt:in the snow.
11/14/2024 13:48:23 - INFO - root - Image have been saved in /shenzihe/WD-Disk/output/exp/dog3/checkpoint-100/images/in_the_snow/
11/14/2024 13:48:36 - INFO - root - Image have been saved in /shenzihe/WD-Disk/output/exp/dog3/checkpoint-100/images/in_the_snow/
11/14/2024 13:48:49 - INFO - root - Image have been saved in /shenzihe/WD-Disk/output/exp/dog3/checkpoint-100/images/in_the_snow/
11/14/2024 13:49:03 - INFO - root - Image have been saved in /shenzihe/WD-Disk/output/exp/dog3/checkpoint-100/images/in_the_snow/
11/14/2024 13:49:03 - INFO - __main__ - Running validation... 
 Generating 4 images with prompt:on the beach.
11/14/2024 13:49:16 - INFO - root - Image have been saved in /shenzihe/WD-Disk/output/exp/dog3/checkpoint-100/images/on_the_beach/
11/14/2024 13:49:30 - INFO - root - Image have been saved in /shenzihe/WD-Disk/output/exp/dog3/checkpoint-100/images/on_the_beach/
11/14/2024 13:49:43 - INFO - root - Image have been saved in /shenzihe/WD-Disk/output/exp/dog3/checkpoint-100/images/on_the_beach/
11/14/2024 13:49:57 - INFO - root - Image have been saved in /shenzihe/WD-Disk/output/exp/dog3/checkpoint-100/images/on_the_beach/
11/14/2024 13:49:57 - INFO - __main__ - Running validation... 
 Generating 4 images with prompt:on a cobblestone street.
11/14/2024 13:50:10 - INFO - root - Image have been saved in /shenzihe/WD-Disk/output/exp/dog3/checkpoint-100/images/on_a_cobblestone_street/
11/14/2024 13:50:23 - INFO - root - Image have been saved in /shenzihe/WD-Disk/output/exp/dog3/checkpoint-100/images/on_a_cobblestone_street/
11/14/2024 13:50:37 - INFO - root - Image have been saved in /shenzihe/WD-Disk/output/exp/dog3/checkpoint-100/images/on_a_cobblestone_street/
11/14/2024 13:50:50 - INFO - root - Image have been saved in /shenzihe/WD-Disk/output/exp/dog3/checkpoint-100/images/on_a_cobblestone_street/
11/14/2024 13:50:50 - INFO - __main__ - Running validation... 
 Generating 4 images with prompt:on top of pink fabric.
11/14/2024 13:51:04 - INFO - root - Image have been saved in /shenzihe/WD-Disk/output/exp/dog3/checkpoint-100/images/on_top_of_pink_fabric/
11/14/2024 13:51:17 - INFO - root - Image have been saved in /shenzihe/WD-Disk/output/exp/dog3/checkpoint-100/images/on_top_of_pink_fabric/
11/14/2024 13:51:32 - INFO - root - Image have been saved in /shenzihe/WD-Disk/output/exp/dog3/checkpoint-100/images/on_top_of_pink_fabric/
11/14/2024 13:51:45 - INFO - root - Image have been saved in /shenzihe/WD-Disk/output/exp/dog3/checkpoint-100/images/on_top_of_pink_fabric/
11/14/2024 13:51:45 - INFO - __main__ - Running validation... 
 Generating 4 images with prompt:on top of a wooden floor.
11/14/2024 13:51:58 - INFO - root - Image have been saved in /shenzihe/WD-Disk/output/exp/dog3/checkpoint-100/images/on_top_of_a_wooden_floor/
11/14/2024 13:52:12 - INFO - root - Image have been saved in /shenzihe/WD-Disk/output/exp/dog3/checkpoint-100/images/on_top_of_a_wooden_floor/
11/14/2024 13:52:25 - INFO - root - Image have been saved in /shenzihe/WD-Disk/output/exp/dog3/checkpoint-100/images/on_top_of_a_wooden_floor/
11/14/2024 13:52:39 - INFO - root - Image have been saved in /shenzihe/WD-Disk/output/exp/dog3/checkpoint-100/images/on_top_of_a_wooden_floor/
11/14/2024 13:52:39 - INFO - __main__ - Running validation... 
 Generating 4 images with prompt:with a city in the background.
11/14/2024 13:52:52 - INFO - root - Image have been saved in /shenzihe/WD-Disk/output/exp/dog3/checkpoint-100/images/with_a_city_in_the_background/
11/14/2024 13:53:05 - INFO - root - Image have been saved in /shenzihe/WD-Disk/output/exp/dog3/checkpoint-100/images/with_a_city_in_the_background/
11/14/2024 13:53:19 - INFO - root - Image have been saved in /shenzihe/WD-Disk/output/exp/dog3/checkpoint-100/images/with_a_city_in_the_background/
11/14/2024 13:53:32 - INFO - root - Image have been saved in /shenzihe/WD-Disk/output/exp/dog3/checkpoint-100/images/with_a_city_in_the_background/
11/14/2024 13:53:32 - INFO - __main__ - Running validation... 
 Generating 4 images with prompt:with a mountain in the background.
11/14/2024 13:53:45 - INFO - root - Image have been saved in /shenzihe/WD-Disk/output/exp/dog3/checkpoint-100/images/with_a_mountain_in_the_background/
11/14/2024 13:53:59 - INFO - root - Image have been saved in /shenzihe/WD-Disk/output/exp/dog3/checkpoint-100/images/with_a_mountain_in_the_background/
11/14/2024 13:54:12 - INFO - root - Image have been saved in /shenzihe/WD-Disk/output/exp/dog3/checkpoint-100/images/with_a_mountain_in_the_background/
11/14/2024 13:54:26 - INFO - root - Image have been saved in /shenzihe/WD-Disk/output/exp/dog3/checkpoint-100/images/with_a_mountain_in_the_background/
11/14/2024 13:54:26 - INFO - __main__ - Running validation... 
 Generating 4 images with prompt:with a blue house in the background.
11/14/2024 13:54:39 - INFO - root - Image have been saved in /shenzihe/WD-Disk/output/exp/dog3/checkpoint-100/images/with_a_blue_house_in_the_background/
11/14/2024 13:54:52 - INFO - root - Image have been saved in /shenzihe/WD-Disk/output/exp/dog3/checkpoint-100/images/with_a_blue_house_in_the_background/
11/14/2024 13:55:06 - INFO - root - Image have been saved in /shenzihe/WD-Disk/output/exp/dog3/checkpoint-100/images/with_a_blue_house_in_the_background/
11/14/2024 13:55:19 - INFO - root - Image have been saved in /shenzihe/WD-Disk/output/exp/dog3/checkpoint-100/images/with_a_blue_house_in_the_background/
11/14/2024 13:55:19 - INFO - __main__ - Running validation... 
 Generating 4 images with prompt:on top of a purple rug in a forest.
11/14/2024 13:55:33 - INFO - root - Image have been saved in /shenzihe/WD-Disk/output/exp/dog3/checkpoint-100/images/on_top_of_a_purple_rug_in_a_forest/
11/14/2024 13:55:46 - INFO - root - Image have been saved in /shenzihe/WD-Disk/output/exp/dog3/checkpoint-100/images/on_top_of_a_purple_rug_in_a_forest/
11/14/2024 13:55:59 - INFO - root - Image have been saved in /shenzihe/WD-Disk/output/exp/dog3/checkpoint-100/images/on_top_of_a_purple_rug_in_a_forest/
11/14/2024 13:56:13 - INFO - root - Image have been saved in /shenzihe/WD-Disk/output/exp/dog3/checkpoint-100/images/on_top_of_a_purple_rug_in_a_forest/
11/14/2024 13:56:13 - INFO - __main__ - Running validation... 
 Generating 4 images with prompt:with a wheat field in the background.
11/14/2024 13:56:26 - INFO - root - Image have been saved in /shenzihe/WD-Disk/output/exp/dog3/checkpoint-100/images/with_a_wheat_field_in_the_background/
11/14/2024 13:56:40 - INFO - root - Image have been saved in /shenzihe/WD-Disk/output/exp/dog3/checkpoint-100/images/with_a_wheat_field_in_the_background/
11/14/2024 13:56:53 - INFO - root - Image have been saved in /shenzihe/WD-Disk/output/exp/dog3/checkpoint-100/images/with_a_wheat_field_in_the_background/
11/14/2024 13:57:06 - INFO - root - Image have been saved in /shenzihe/WD-Disk/output/exp/dog3/checkpoint-100/images/with_a_wheat_field_in_the_background/
11/14/2024 13:57:06 - INFO - __main__ - Running validation... 
 Generating 4 images with prompt:with a tree and autumn leaves in the background.
11/14/2024 13:57:20 - INFO - root - Image have been saved in /shenzihe/WD-Disk/output/exp/dog3/checkpoint-100/images/with_a_tree_and_autumn_leaves_in_the_background/
11/14/2024 13:57:33 - INFO - root - Image have been saved in /shenzihe/WD-Disk/output/exp/dog3/checkpoint-100/images/with_a_tree_and_autumn_leaves_in_the_background/
11/14/2024 13:57:46 - INFO - root - Image have been saved in /shenzihe/WD-Disk/output/exp/dog3/checkpoint-100/images/with_a_tree_and_autumn_leaves_in_the_background/
11/14/2024 13:58:00 - INFO - root - Image have been saved in /shenzihe/WD-Disk/output/exp/dog3/checkpoint-100/images/with_a_tree_and_autumn_leaves_in_the_background/
11/14/2024 13:58:00 - INFO - __main__ - Running validation... 
 Generating 4 images with prompt:with the Eiffel Tower in the background.
11/14/2024 13:58:13 - INFO - root - Image have been saved in /shenzihe/WD-Disk/output/exp/dog3/checkpoint-100/images/with_the_Eiffel_Tower_in_the_background/
11/14/2024 13:58:27 - INFO - root - Image have been saved in /shenzihe/WD-Disk/output/exp/dog3/checkpoint-100/images/with_the_Eiffel_Tower_in_the_background/
11/14/2024 13:58:40 - INFO - root - Image have been saved in /shenzihe/WD-Disk/output/exp/dog3/checkpoint-100/images/with_the_Eiffel_Tower_in_the_background/
11/14/2024 13:58:53 - INFO - root - Image have been saved in /shenzihe/WD-Disk/output/exp/dog3/checkpoint-100/images/with_the_Eiffel_Tower_in_the_background/
11/14/2024 13:58:53 - INFO - __main__ - Running validation... 
 Generating 4 images with prompt:floating on top of water.
11/14/2024 13:59:07 - INFO - root - Image have been saved in /shenzihe/WD-Disk/output/exp/dog3/checkpoint-100/images/floating_on_top_of_water/
11/14/2024 13:59:20 - INFO - root - Image have been saved in /shenzihe/WD-Disk/output/exp/dog3/checkpoint-100/images/floating_on_top_of_water/
11/14/2024 13:59:34 - INFO - root - Image have been saved in /shenzihe/WD-Disk/output/exp/dog3/checkpoint-100/images/floating_on_top_of_water/
11/14/2024 13:59:47 - INFO - root - Image have been saved in /shenzihe/WD-Disk/output/exp/dog3/checkpoint-100/images/floating_on_top_of_water/
11/14/2024 13:59:47 - INFO - __main__ - Running validation... 
 Generating 4 images with prompt:floating in an ocean of milk.
11/14/2024 14:00:01 - INFO - root - Image have been saved in /shenzihe/WD-Disk/output/exp/dog3/checkpoint-100/images/floating_in_an_ocean_of_milk/
11/14/2024 14:00:14 - INFO - root - Image have been saved in /shenzihe/WD-Disk/output/exp/dog3/checkpoint-100/images/floating_in_an_ocean_of_milk/
11/14/2024 14:00:27 - INFO - root - Image have been saved in /shenzihe/WD-Disk/output/exp/dog3/checkpoint-100/images/floating_in_an_ocean_of_milk/
11/14/2024 14:00:41 - INFO - root - Image have been saved in /shenzihe/WD-Disk/output/exp/dog3/checkpoint-100/images/floating_in_an_ocean_of_milk/
11/14/2024 14:00:41 - INFO - __main__ - Running validation... 
 Generating 4 images with prompt:on top of green grass with sunflowers around it.
11/14/2024 14:00:54 - INFO - root - Image have been saved in /shenzihe/WD-Disk/output/exp/dog3/checkpoint-100/images/on_top_of_green_grass_with_sunflowers_around_it/
11/14/2024 14:01:07 - INFO - root - Image have been saved in /shenzihe/WD-Disk/output/exp/dog3/checkpoint-100/images/on_top_of_green_grass_with_sunflowers_around_it/
11/14/2024 14:01:21 - INFO - root - Image have been saved in /shenzihe/WD-Disk/output/exp/dog3/checkpoint-100/images/on_top_of_green_grass_with_sunflowers_around_it/
11/14/2024 14:01:34 - INFO - root - Image have been saved in /shenzihe/WD-Disk/output/exp/dog3/checkpoint-100/images/on_top_of_green_grass_with_sunflowers_around_it/
11/14/2024 14:01:34 - INFO - __main__ - Running validation... 
 Generating 4 images with prompt:on top of a mirror.
11/14/2024 14:01:48 - INFO - root - Image have been saved in /shenzihe/WD-Disk/output/exp/dog3/checkpoint-100/images/on_top_of_a_mirror/
11/14/2024 14:02:01 - INFO - root - Image have been saved in /shenzihe/WD-Disk/output/exp/dog3/checkpoint-100/images/on_top_of_a_mirror/
11/14/2024 14:02:14 - INFO - root - Image have been saved in /shenzihe/WD-Disk/output/exp/dog3/checkpoint-100/images/on_top_of_a_mirror/
11/14/2024 14:02:28 - INFO - root - Image have been saved in /shenzihe/WD-Disk/output/exp/dog3/checkpoint-100/images/on_top_of_a_mirror/
11/14/2024 14:02:28 - INFO - __main__ - Running validation... 
 Generating 4 images with prompt:on top of the sidewalk in a crowded street.
11/14/2024 14:02:41 - INFO - root - Image have been saved in /shenzihe/WD-Disk/output/exp/dog3/checkpoint-100/images/on_top_of_the_sidewalk_in_a_crowded_street/
11/14/2024 14:02:54 - INFO - root - Image have been saved in /shenzihe/WD-Disk/output/exp/dog3/checkpoint-100/images/on_top_of_the_sidewalk_in_a_crowded_street/
11/14/2024 14:03:08 - INFO - root - Image have been saved in /shenzihe/WD-Disk/output/exp/dog3/checkpoint-100/images/on_top_of_the_sidewalk_in_a_crowded_street/
11/14/2024 14:03:21 - INFO - root - Image have been saved in /shenzihe/WD-Disk/output/exp/dog3/checkpoint-100/images/on_top_of_the_sidewalk_in_a_crowded_street/
11/14/2024 14:03:21 - INFO - __main__ - Running validation... 
 Generating 4 images with prompt:on top of a dirt road.
11/14/2024 14:03:35 - INFO - root - Image have been saved in /shenzihe/WD-Disk/output/exp/dog3/checkpoint-100/images/on_top_of_a_dirt_road/
11/14/2024 14:03:48 - INFO - root - Image have been saved in /shenzihe/WD-Disk/output/exp/dog3/checkpoint-100/images/on_top_of_a_dirt_road/
11/14/2024 14:04:01 - INFO - root - Image have been saved in /shenzihe/WD-Disk/output/exp/dog3/checkpoint-100/images/on_top_of_a_dirt_road/
11/14/2024 14:04:15 - INFO - root - Image have been saved in /shenzihe/WD-Disk/output/exp/dog3/checkpoint-100/images/on_top_of_a_dirt_road/
11/14/2024 14:04:15 - INFO - __main__ - Running validation... 
 Generating 4 images with prompt:on top of a white rug.
11/14/2024 14:04:28 - INFO - root - Image have been saved in /shenzihe/WD-Disk/output/exp/dog3/checkpoint-100/images/on_top_of_a_white_rug/
11/14/2024 14:04:42 - INFO - root - Image have been saved in /shenzihe/WD-Disk/output/exp/dog3/checkpoint-100/images/on_top_of_a_white_rug/
11/14/2024 14:04:55 - INFO - root - Image have been saved in /shenzihe/WD-Disk/output/exp/dog3/checkpoint-100/images/on_top_of_a_white_rug/
11/14/2024 14:05:08 - INFO - root - Image have been saved in /shenzihe/WD-Disk/output/exp/dog3/checkpoint-100/images/on_top_of_a_white_rug/
11/14/2024 14:05:08 - INFO - __main__ - Running validation... 
 Generating 4 images with prompt:red.
11/14/2024 14:05:22 - INFO - root - Image have been saved in /shenzihe/WD-Disk/output/exp/dog3/checkpoint-100/images/red/
11/14/2024 14:05:35 - INFO - root - Image have been saved in /shenzihe/WD-Disk/output/exp/dog3/checkpoint-100/images/red/
11/14/2024 14:05:49 - INFO - root - Image have been saved in /shenzihe/WD-Disk/output/exp/dog3/checkpoint-100/images/red/
11/14/2024 14:06:02 - INFO - root - Image have been saved in /shenzihe/WD-Disk/output/exp/dog3/checkpoint-100/images/red/
11/14/2024 14:06:02 - INFO - __main__ - Running validation... 
 Generating 4 images with prompt:purple.
11/14/2024 14:06:15 - INFO - root - Image have been saved in /shenzihe/WD-Disk/output/exp/dog3/checkpoint-100/images/purple/
11/14/2024 14:06:29 - INFO - root - Image have been saved in /shenzihe/WD-Disk/output/exp/dog3/checkpoint-100/images/purple/
11/14/2024 14:06:42 - INFO - root - Image have been saved in /shenzihe/WD-Disk/output/exp/dog3/checkpoint-100/images/purple/
11/14/2024 14:06:56 - INFO - root - Image have been saved in /shenzihe/WD-Disk/output/exp/dog3/checkpoint-100/images/purple/
11/14/2024 14:06:56 - INFO - __main__ - Running validation... 
 Generating 4 images with prompt:shiny.
11/14/2024 14:07:09 - INFO - root - Image have been saved in /shenzihe/WD-Disk/output/exp/dog3/checkpoint-100/images/shiny/
11/14/2024 14:07:22 - INFO - root - Image have been saved in /shenzihe/WD-Disk/output/exp/dog3/checkpoint-100/images/shiny/
11/14/2024 14:07:36 - INFO - root - Image have been saved in /shenzihe/WD-Disk/output/exp/dog3/checkpoint-100/images/shiny/
11/14/2024 14:07:49 - INFO - root - Image have been saved in /shenzihe/WD-Disk/output/exp/dog3/checkpoint-100/images/shiny/
11/14/2024 14:07:49 - INFO - __main__ - Running validation... 
 Generating 4 images with prompt:wet.
11/14/2024 14:08:03 - INFO - root - Image have been saved in /shenzihe/WD-Disk/output/exp/dog3/checkpoint-100/images/wet/
11/14/2024 14:08:16 - INFO - root - Image have been saved in /shenzihe/WD-Disk/output/exp/dog3/checkpoint-100/images/wet/
11/14/2024 14:08:30 - INFO - root - Image have been saved in /shenzihe/WD-Disk/output/exp/dog3/checkpoint-100/images/wet/
11/14/2024 14:08:43 - INFO - root - Image have been saved in /shenzihe/WD-Disk/output/exp/dog3/checkpoint-100/images/wet/
11/14/2024 14:08:43 - INFO - __main__ - Running validation... 
 Generating 4 images with prompt:cube shaped.
11/14/2024 14:08:57 - INFO - root - Image have been saved in /shenzihe/WD-Disk/output/exp/dog3/checkpoint-100/images/cube_shaped/
11/14/2024 14:09:10 - INFO - root - Image have been saved in /shenzihe/WD-Disk/output/exp/dog3/checkpoint-100/images/cube_shaped/
11/14/2024 14:09:23 - INFO - root - Image have been saved in /shenzihe/WD-Disk/output/exp/dog3/checkpoint-100/images/cube_shaped/
11/14/2024 14:09:37 - INFO - root - Image have been saved in /shenzihe/WD-Disk/output/exp/dog3/checkpoint-100/images/cube_shaped/
