11/15/2024 14:24:28 - INFO - __main__ - Distributed environment: NO
Num processes: 1
Process index: 0
Local process index: 0
Device: cuda

Mixed precision type: no

11/15/2024 14:24:31 - INFO - root - freeze vision encoder
11/15/2024 14:24:42 - INFO - root - Loading pretrained model from /root/.cache/torch/hub/checkpoints/blip-diffusion
11/15/2024 14:24:42 - INFO - root - Loading pretrained BLIP2 Qformer weights.
11/15/2024 14:24:44 - INFO - root - Loading pretrained projection lyer weights.
11/15/2024 14:24:44 - INFO - root - Loading pretrained text encoder weights.
11/15/2024 14:24:45 - INFO - root - Loading pretrained vae weights.
11/15/2024 14:24:45 - INFO - root - Loading pretrained unet weights.
11/15/2024 14:24:53 - INFO - root - Using xformers.
11/15/2024 14:24:53 - INFO - root - Building datasets...
11/15/2024 14:25:04 - INFO - root - freeze vision encoder
11/15/2024 14:25:40 - INFO - root - load checkpoint from https://storage.googleapis.com/sfr-vision-language-research/LAVIS/models/BLIP2/blip2_pretrained_flant5xl.pth
11/15/2024 14:25:42 - INFO - __main__ - 
***** Running training *****
11/15/2024 14:25:42 - INFO - __main__ -   Num examples = 4
11/15/2024 14:25:42 - INFO - __main__ -   Num batches each epoch = 2
11/15/2024 14:25:42 - INFO - __main__ -   Num Epochs = 50
11/15/2024 14:25:42 - INFO - __main__ -   Instantaneous batch size per device = 3
11/15/2024 14:25:42 - INFO - __main__ -   Total train batch size (w. parallel, distributed & accumulation) = 3
11/15/2024 14:25:42 - INFO - __main__ -   Gradient Accumulation steps = 1
11/15/2024 14:25:42 - INFO - __main__ -   Total optimization steps = 100
11/15/2024 14:30:33 - INFO - __main__ - Running validation... 
 Generating 4 images with prompt:in the jungle.
11/15/2024 14:30:47 - INFO - root - Image have been saved in /shenzihe/WD-Disk/output/exp2/red_cartoon/checkpoint-100/images/in_the_jungle/
11/15/2024 14:31:01 - INFO - root - Image have been saved in /shenzihe/WD-Disk/output/exp2/red_cartoon/checkpoint-100/images/in_the_jungle/
11/15/2024 14:31:14 - INFO - root - Image have been saved in /shenzihe/WD-Disk/output/exp2/red_cartoon/checkpoint-100/images/in_the_jungle/
11/15/2024 14:31:28 - INFO - root - Image have been saved in /shenzihe/WD-Disk/output/exp2/red_cartoon/checkpoint-100/images/in_the_jungle/
11/15/2024 14:31:28 - INFO - __main__ - Running validation... 
 Generating 4 images with prompt:in the snow.
11/15/2024 14:31:42 - INFO - root - Image have been saved in /shenzihe/WD-Disk/output/exp2/red_cartoon/checkpoint-100/images/in_the_snow/
11/15/2024 14:31:56 - INFO - root - Image have been saved in /shenzihe/WD-Disk/output/exp2/red_cartoon/checkpoint-100/images/in_the_snow/
11/15/2024 14:32:10 - INFO - root - Image have been saved in /shenzihe/WD-Disk/output/exp2/red_cartoon/checkpoint-100/images/in_the_snow/
11/15/2024 14:32:24 - INFO - root - Image have been saved in /shenzihe/WD-Disk/output/exp2/red_cartoon/checkpoint-100/images/in_the_snow/
11/15/2024 14:32:24 - INFO - __main__ - Running validation... 
 Generating 4 images with prompt:on the beach.
11/15/2024 14:32:37 - INFO - root - Image have been saved in /shenzihe/WD-Disk/output/exp2/red_cartoon/checkpoint-100/images/on_the_beach/
11/15/2024 14:32:51 - INFO - root - Image have been saved in /shenzihe/WD-Disk/output/exp2/red_cartoon/checkpoint-100/images/on_the_beach/
11/15/2024 14:33:05 - INFO - root - Image have been saved in /shenzihe/WD-Disk/output/exp2/red_cartoon/checkpoint-100/images/on_the_beach/
11/15/2024 14:33:19 - INFO - root - Image have been saved in /shenzihe/WD-Disk/output/exp2/red_cartoon/checkpoint-100/images/on_the_beach/
11/15/2024 14:33:19 - INFO - __main__ - Running validation... 
 Generating 4 images with prompt:on a cobblestone street.
11/15/2024 14:33:32 - INFO - root - Image have been saved in /shenzihe/WD-Disk/output/exp2/red_cartoon/checkpoint-100/images/on_a_cobblestone_street/
11/15/2024 14:33:46 - INFO - root - Image have been saved in /shenzihe/WD-Disk/output/exp2/red_cartoon/checkpoint-100/images/on_a_cobblestone_street/
11/15/2024 14:34:00 - INFO - root - Image have been saved in /shenzihe/WD-Disk/output/exp2/red_cartoon/checkpoint-100/images/on_a_cobblestone_street/
11/15/2024 14:34:14 - INFO - root - Image have been saved in /shenzihe/WD-Disk/output/exp2/red_cartoon/checkpoint-100/images/on_a_cobblestone_street/
11/15/2024 14:34:14 - INFO - __main__ - Running validation... 
 Generating 4 images with prompt:on top of pink fabric.
11/15/2024 14:34:28 - INFO - root - Image have been saved in /shenzihe/WD-Disk/output/exp2/red_cartoon/checkpoint-100/images/on_top_of_pink_fabric/
11/15/2024 14:34:41 - INFO - root - Image have been saved in /shenzihe/WD-Disk/output/exp2/red_cartoon/checkpoint-100/images/on_top_of_pink_fabric/
11/15/2024 14:34:55 - INFO - root - Image have been saved in /shenzihe/WD-Disk/output/exp2/red_cartoon/checkpoint-100/images/on_top_of_pink_fabric/
11/15/2024 14:35:09 - INFO - root - Image have been saved in /shenzihe/WD-Disk/output/exp2/red_cartoon/checkpoint-100/images/on_top_of_pink_fabric/
11/15/2024 14:35:09 - INFO - __main__ - Running validation... 
 Generating 4 images with prompt:on top of a wooden floor.
11/15/2024 14:35:23 - INFO - root - Image have been saved in /shenzihe/WD-Disk/output/exp2/red_cartoon/checkpoint-100/images/on_top_of_a_wooden_floor/
11/15/2024 14:35:37 - INFO - root - Image have been saved in /shenzihe/WD-Disk/output/exp2/red_cartoon/checkpoint-100/images/on_top_of_a_wooden_floor/
11/15/2024 14:35:50 - INFO - root - Image have been saved in /shenzihe/WD-Disk/output/exp2/red_cartoon/checkpoint-100/images/on_top_of_a_wooden_floor/
11/15/2024 14:36:04 - INFO - root - Image have been saved in /shenzihe/WD-Disk/output/exp2/red_cartoon/checkpoint-100/images/on_top_of_a_wooden_floor/
11/15/2024 14:36:04 - INFO - __main__ - Running validation... 
 Generating 4 images with prompt:with a city in the background.
11/15/2024 14:36:18 - INFO - root - Image have been saved in /shenzihe/WD-Disk/output/exp2/red_cartoon/checkpoint-100/images/with_a_city_in_the_background/
11/15/2024 14:36:32 - INFO - root - Image have been saved in /shenzihe/WD-Disk/output/exp2/red_cartoon/checkpoint-100/images/with_a_city_in_the_background/
11/15/2024 14:36:46 - INFO - root - Image have been saved in /shenzihe/WD-Disk/output/exp2/red_cartoon/checkpoint-100/images/with_a_city_in_the_background/
11/15/2024 14:36:59 - INFO - root - Image have been saved in /shenzihe/WD-Disk/output/exp2/red_cartoon/checkpoint-100/images/with_a_city_in_the_background/
11/15/2024 14:36:59 - INFO - __main__ - Running validation... 
 Generating 4 images with prompt:with a mountain in the background.
11/15/2024 14:37:13 - INFO - root - Image have been saved in /shenzihe/WD-Disk/output/exp2/red_cartoon/checkpoint-100/images/with_a_mountain_in_the_background/
11/15/2024 14:37:27 - INFO - root - Image have been saved in /shenzihe/WD-Disk/output/exp2/red_cartoon/checkpoint-100/images/with_a_mountain_in_the_background/
11/15/2024 14:37:41 - INFO - root - Image have been saved in /shenzihe/WD-Disk/output/exp2/red_cartoon/checkpoint-100/images/with_a_mountain_in_the_background/
11/15/2024 14:37:55 - INFO - root - Image have been saved in /shenzihe/WD-Disk/output/exp2/red_cartoon/checkpoint-100/images/with_a_mountain_in_the_background/
11/15/2024 14:37:55 - INFO - __main__ - Running validation... 
 Generating 4 images with prompt:with a blue house in the background.
11/15/2024 14:38:09 - INFO - root - Image have been saved in /shenzihe/WD-Disk/output/exp2/red_cartoon/checkpoint-100/images/with_a_blue_house_in_the_background/
11/15/2024 14:38:22 - INFO - root - Image have been saved in /shenzihe/WD-Disk/output/exp2/red_cartoon/checkpoint-100/images/with_a_blue_house_in_the_background/
11/15/2024 14:38:36 - INFO - root - Image have been saved in /shenzihe/WD-Disk/output/exp2/red_cartoon/checkpoint-100/images/with_a_blue_house_in_the_background/
11/15/2024 14:38:50 - INFO - root - Image have been saved in /shenzihe/WD-Disk/output/exp2/red_cartoon/checkpoint-100/images/with_a_blue_house_in_the_background/
11/15/2024 14:38:50 - INFO - __main__ - Running validation... 
 Generating 4 images with prompt:on top of a purple rug in a forest.
11/15/2024 14:39:04 - INFO - root - Image have been saved in /shenzihe/WD-Disk/output/exp2/red_cartoon/checkpoint-100/images/on_top_of_a_purple_rug_in_a_forest/
11/15/2024 14:39:18 - INFO - root - Image have been saved in /shenzihe/WD-Disk/output/exp2/red_cartoon/checkpoint-100/images/on_top_of_a_purple_rug_in_a_forest/
11/15/2024 14:39:32 - INFO - root - Image have been saved in /shenzihe/WD-Disk/output/exp2/red_cartoon/checkpoint-100/images/on_top_of_a_purple_rug_in_a_forest/
11/15/2024 14:39:45 - INFO - root - Image have been saved in /shenzihe/WD-Disk/output/exp2/red_cartoon/checkpoint-100/images/on_top_of_a_purple_rug_in_a_forest/
11/15/2024 14:39:45 - INFO - __main__ - Running validation... 
 Generating 4 images with prompt:with a wheat field in the background.
11/15/2024 14:39:59 - INFO - root - Image have been saved in /shenzihe/WD-Disk/output/exp2/red_cartoon/checkpoint-100/images/with_a_wheat_field_in_the_background/
11/15/2024 14:40:13 - INFO - root - Image have been saved in /shenzihe/WD-Disk/output/exp2/red_cartoon/checkpoint-100/images/with_a_wheat_field_in_the_background/
11/15/2024 14:40:27 - INFO - root - Image have been saved in /shenzihe/WD-Disk/output/exp2/red_cartoon/checkpoint-100/images/with_a_wheat_field_in_the_background/
11/15/2024 14:40:41 - INFO - root - Image have been saved in /shenzihe/WD-Disk/output/exp2/red_cartoon/checkpoint-100/images/with_a_wheat_field_in_the_background/
11/15/2024 14:40:41 - INFO - __main__ - Running validation... 
 Generating 4 images with prompt:with a tree and autumn leaves in the background.
11/15/2024 14:40:55 - INFO - root - Image have been saved in /shenzihe/WD-Disk/output/exp2/red_cartoon/checkpoint-100/images/with_a_tree_and_autumn_leaves_in_the_background/
11/15/2024 14:41:09 - INFO - root - Image have been saved in /shenzihe/WD-Disk/output/exp2/red_cartoon/checkpoint-100/images/with_a_tree_and_autumn_leaves_in_the_background/
11/15/2024 14:41:22 - INFO - root - Image have been saved in /shenzihe/WD-Disk/output/exp2/red_cartoon/checkpoint-100/images/with_a_tree_and_autumn_leaves_in_the_background/
11/15/2024 14:41:36 - INFO - root - Image have been saved in /shenzihe/WD-Disk/output/exp2/red_cartoon/checkpoint-100/images/with_a_tree_and_autumn_leaves_in_the_background/
11/15/2024 14:41:36 - INFO - __main__ - Running validation... 
 Generating 4 images with prompt:with the Eiffel Tower in the background.
11/15/2024 14:41:50 - INFO - root - Image have been saved in /shenzihe/WD-Disk/output/exp2/red_cartoon/checkpoint-100/images/with_the_Eiffel_Tower_in_the_background/
11/15/2024 14:42:04 - INFO - root - Image have been saved in /shenzihe/WD-Disk/output/exp2/red_cartoon/checkpoint-100/images/with_the_Eiffel_Tower_in_the_background/
11/15/2024 14:42:18 - INFO - root - Image have been saved in /shenzihe/WD-Disk/output/exp2/red_cartoon/checkpoint-100/images/with_the_Eiffel_Tower_in_the_background/
11/15/2024 14:42:31 - INFO - root - Image have been saved in /shenzihe/WD-Disk/output/exp2/red_cartoon/checkpoint-100/images/with_the_Eiffel_Tower_in_the_background/
11/15/2024 14:42:31 - INFO - __main__ - Running validation... 
 Generating 4 images with prompt:floating on top of water.
11/15/2024 14:42:45 - INFO - root - Image have been saved in /shenzihe/WD-Disk/output/exp2/red_cartoon/checkpoint-100/images/floating_on_top_of_water/
11/15/2024 14:42:59 - INFO - root - Image have been saved in /shenzihe/WD-Disk/output/exp2/red_cartoon/checkpoint-100/images/floating_on_top_of_water/
11/15/2024 14:43:13 - INFO - root - Image have been saved in /shenzihe/WD-Disk/output/exp2/red_cartoon/checkpoint-100/images/floating_on_top_of_water/
11/15/2024 14:43:26 - INFO - root - Image have been saved in /shenzihe/WD-Disk/output/exp2/red_cartoon/checkpoint-100/images/floating_on_top_of_water/
11/15/2024 14:43:26 - INFO - __main__ - Running validation... 
 Generating 4 images with prompt:floating in an ocean of milk.
11/15/2024 14:43:40 - INFO - root - Image have been saved in /shenzihe/WD-Disk/output/exp2/red_cartoon/checkpoint-100/images/floating_in_an_ocean_of_milk/
11/15/2024 14:43:54 - INFO - root - Image have been saved in /shenzihe/WD-Disk/output/exp2/red_cartoon/checkpoint-100/images/floating_in_an_ocean_of_milk/
11/15/2024 14:44:08 - INFO - root - Image have been saved in /shenzihe/WD-Disk/output/exp2/red_cartoon/checkpoint-100/images/floating_in_an_ocean_of_milk/
11/15/2024 14:44:22 - INFO - root - Image have been saved in /shenzihe/WD-Disk/output/exp2/red_cartoon/checkpoint-100/images/floating_in_an_ocean_of_milk/
11/15/2024 14:44:22 - INFO - __main__ - Running validation... 
 Generating 4 images with prompt:on top of green grass with sunflowers around it.
11/15/2024 14:44:35 - INFO - root - Image have been saved in /shenzihe/WD-Disk/output/exp2/red_cartoon/checkpoint-100/images/on_top_of_green_grass_with_sunflowers_around_it/
11/15/2024 14:44:49 - INFO - root - Image have been saved in /shenzihe/WD-Disk/output/exp2/red_cartoon/checkpoint-100/images/on_top_of_green_grass_with_sunflowers_around_it/
11/15/2024 14:45:03 - INFO - root - Image have been saved in /shenzihe/WD-Disk/output/exp2/red_cartoon/checkpoint-100/images/on_top_of_green_grass_with_sunflowers_around_it/
11/15/2024 14:45:17 - INFO - root - Image have been saved in /shenzihe/WD-Disk/output/exp2/red_cartoon/checkpoint-100/images/on_top_of_green_grass_with_sunflowers_around_it/
11/15/2024 14:45:17 - INFO - __main__ - Running validation... 
 Generating 4 images with prompt:on top of a mirror.
11/15/2024 14:45:32 - INFO - root - Image have been saved in /shenzihe/WD-Disk/output/exp2/red_cartoon/checkpoint-100/images/on_top_of_a_mirror/
11/15/2024 14:45:45 - INFO - root - Image have been saved in /shenzihe/WD-Disk/output/exp2/red_cartoon/checkpoint-100/images/on_top_of_a_mirror/
11/15/2024 14:45:59 - INFO - root - Image have been saved in /shenzihe/WD-Disk/output/exp2/red_cartoon/checkpoint-100/images/on_top_of_a_mirror/
11/15/2024 14:46:13 - INFO - root - Image have been saved in /shenzihe/WD-Disk/output/exp2/red_cartoon/checkpoint-100/images/on_top_of_a_mirror/
11/15/2024 14:46:13 - INFO - __main__ - Running validation... 
 Generating 4 images with prompt:on top of the sidewalk in a crowded street.
11/15/2024 14:46:27 - INFO - root - Image have been saved in /shenzihe/WD-Disk/output/exp2/red_cartoon/checkpoint-100/images/on_top_of_the_sidewalk_in_a_crowded_street/
11/15/2024 14:46:40 - INFO - root - Image have been saved in /shenzihe/WD-Disk/output/exp2/red_cartoon/checkpoint-100/images/on_top_of_the_sidewalk_in_a_crowded_street/
11/15/2024 14:46:54 - INFO - root - Image have been saved in /shenzihe/WD-Disk/output/exp2/red_cartoon/checkpoint-100/images/on_top_of_the_sidewalk_in_a_crowded_street/
11/15/2024 14:47:08 - INFO - root - Image have been saved in /shenzihe/WD-Disk/output/exp2/red_cartoon/checkpoint-100/images/on_top_of_the_sidewalk_in_a_crowded_street/
11/15/2024 14:47:08 - INFO - __main__ - Running validation... 
 Generating 4 images with prompt:on top of a dirt road.
11/15/2024 14:47:22 - INFO - root - Image have been saved in /shenzihe/WD-Disk/output/exp2/red_cartoon/checkpoint-100/images/on_top_of_a_dirt_road/
11/15/2024 14:47:35 - INFO - root - Image have been saved in /shenzihe/WD-Disk/output/exp2/red_cartoon/checkpoint-100/images/on_top_of_a_dirt_road/
11/15/2024 14:47:49 - INFO - root - Image have been saved in /shenzihe/WD-Disk/output/exp2/red_cartoon/checkpoint-100/images/on_top_of_a_dirt_road/
11/15/2024 14:48:03 - INFO - root - Image have been saved in /shenzihe/WD-Disk/output/exp2/red_cartoon/checkpoint-100/images/on_top_of_a_dirt_road/
11/15/2024 14:48:03 - INFO - __main__ - Running validation... 
 Generating 4 images with prompt:on top of a white rug.
11/15/2024 14:48:17 - INFO - root - Image have been saved in /shenzihe/WD-Disk/output/exp2/red_cartoon/checkpoint-100/images/on_top_of_a_white_rug/
11/15/2024 14:48:31 - INFO - root - Image have been saved in /shenzihe/WD-Disk/output/exp2/red_cartoon/checkpoint-100/images/on_top_of_a_white_rug/
11/15/2024 14:48:45 - INFO - root - Image have been saved in /shenzihe/WD-Disk/output/exp2/red_cartoon/checkpoint-100/images/on_top_of_a_white_rug/
11/15/2024 14:48:58 - INFO - root - Image have been saved in /shenzihe/WD-Disk/output/exp2/red_cartoon/checkpoint-100/images/on_top_of_a_white_rug/
11/15/2024 14:48:58 - INFO - __main__ - Running validation... 
 Generating 4 images with prompt:red.
11/15/2024 14:49:12 - INFO - root - Image have been saved in /shenzihe/WD-Disk/output/exp2/red_cartoon/checkpoint-100/images/red/
11/15/2024 14:49:26 - INFO - root - Image have been saved in /shenzihe/WD-Disk/output/exp2/red_cartoon/checkpoint-100/images/red/
11/15/2024 14:49:40 - INFO - root - Image have been saved in /shenzihe/WD-Disk/output/exp2/red_cartoon/checkpoint-100/images/red/
11/15/2024 14:49:54 - INFO - root - Image have been saved in /shenzihe/WD-Disk/output/exp2/red_cartoon/checkpoint-100/images/red/
11/15/2024 14:49:54 - INFO - __main__ - Running validation... 
 Generating 4 images with prompt:purple.
11/15/2024 14:50:08 - INFO - root - Image have been saved in /shenzihe/WD-Disk/output/exp2/red_cartoon/checkpoint-100/images/purple/
11/15/2024 14:50:21 - INFO - root - Image have been saved in /shenzihe/WD-Disk/output/exp2/red_cartoon/checkpoint-100/images/purple/
11/15/2024 14:50:35 - INFO - root - Image have been saved in /shenzihe/WD-Disk/output/exp2/red_cartoon/checkpoint-100/images/purple/
11/15/2024 14:50:49 - INFO - root - Image have been saved in /shenzihe/WD-Disk/output/exp2/red_cartoon/checkpoint-100/images/purple/
11/15/2024 14:50:49 - INFO - __main__ - Running validation... 
 Generating 4 images with prompt:shiny.
11/15/2024 14:51:03 - INFO - root - Image have been saved in /shenzihe/WD-Disk/output/exp2/red_cartoon/checkpoint-100/images/shiny/
11/15/2024 14:51:17 - INFO - root - Image have been saved in /shenzihe/WD-Disk/output/exp2/red_cartoon/checkpoint-100/images/shiny/
11/15/2024 14:51:31 - INFO - root - Image have been saved in /shenzihe/WD-Disk/output/exp2/red_cartoon/checkpoint-100/images/shiny/
11/15/2024 14:51:45 - INFO - root - Image have been saved in /shenzihe/WD-Disk/output/exp2/red_cartoon/checkpoint-100/images/shiny/
11/15/2024 14:51:45 - INFO - __main__ - Running validation... 
 Generating 4 images with prompt:wet.
11/15/2024 14:51:58 - INFO - root - Image have been saved in /shenzihe/WD-Disk/output/exp2/red_cartoon/checkpoint-100/images/wet/
11/15/2024 14:52:12 - INFO - root - Image have been saved in /shenzihe/WD-Disk/output/exp2/red_cartoon/checkpoint-100/images/wet/
11/15/2024 14:52:26 - INFO - root - Image have been saved in /shenzihe/WD-Disk/output/exp2/red_cartoon/checkpoint-100/images/wet/
11/15/2024 14:52:40 - INFO - root - Image have been saved in /shenzihe/WD-Disk/output/exp2/red_cartoon/checkpoint-100/images/wet/
11/15/2024 14:52:40 - INFO - __main__ - Running validation... 
 Generating 4 images with prompt:cube shaped.
11/15/2024 14:52:53 - INFO - root - Image have been saved in /shenzihe/WD-Disk/output/exp2/red_cartoon/checkpoint-100/images/cube_shaped/
11/15/2024 14:53:07 - INFO - root - Image have been saved in /shenzihe/WD-Disk/output/exp2/red_cartoon/checkpoint-100/images/cube_shaped/
11/15/2024 14:53:21 - INFO - root - Image have been saved in /shenzihe/WD-Disk/output/exp2/red_cartoon/checkpoint-100/images/cube_shaped/
11/15/2024 14:53:35 - INFO - root - Image have been saved in /shenzihe/WD-Disk/output/exp2/red_cartoon/checkpoint-100/images/cube_shaped/
