11/18/2024 01:45:34 - INFO - __main__ - Distributed environment: NO
Num processes: 1
Process index: 0
Local process index: 0
Device: cuda

Mixed precision type: no

11/18/2024 01:45:37 - INFO - root - freeze vision encoder
11/18/2024 01:45:47 - INFO - root - Loading pretrained model from /root/.cache/torch/hub/checkpoints/blip-diffusion
11/18/2024 01:45:47 - INFO - root - Loading pretrained BLIP2 Qformer weights.
11/18/2024 01:45:49 - INFO - root - Loading pretrained projection lyer weights.
11/18/2024 01:45:49 - INFO - root - Loading pretrained text encoder weights.
11/18/2024 01:45:50 - INFO - root - Loading pretrained vae weights.
11/18/2024 01:45:50 - INFO - root - Loading pretrained unet weights.
11/18/2024 01:45:58 - INFO - root - Using xformers.
11/18/2024 01:45:58 - INFO - root - Building datasets...
11/18/2024 01:46:09 - INFO - root - freeze vision encoder
11/18/2024 01:46:37 - INFO - root - load checkpoint from https://storage.googleapis.com/sfr-vision-language-research/LAVIS/models/BLIP2/blip2_pretrained_flant5xl.pth
11/18/2024 01:46:38 - INFO - __main__ - 
***** Running training *****
11/18/2024 01:46:38 - INFO - __main__ -   Num examples = 5
11/18/2024 01:46:38 - INFO - __main__ -   Num batches each epoch = 2
11/18/2024 01:46:38 - INFO - __main__ -   Num Epochs = 50
11/18/2024 01:46:38 - INFO - __main__ -   Instantaneous batch size per device = 3
11/18/2024 01:46:38 - INFO - __main__ -   Total train batch size (w. parallel, distributed & accumulation) = 3
11/18/2024 01:46:38 - INFO - __main__ -   Gradient Accumulation steps = 1
11/18/2024 01:46:38 - INFO - __main__ -   Total optimization steps = 100
11/18/2024 01:52:10 - INFO - __main__ - Running validation... 
 Generating 4 images with prompt:in the jungle.
11/18/2024 01:52:24 - INFO - root - Image have been saved in /shenzihe/WD-Disk/output/exp3/monster_toy/checkpoint-100/images/in_the_jungle/
11/18/2024 01:52:37 - INFO - root - Image have been saved in /shenzihe/WD-Disk/output/exp3/monster_toy/checkpoint-100/images/in_the_jungle/
11/18/2024 01:52:51 - INFO - root - Image have been saved in /shenzihe/WD-Disk/output/exp3/monster_toy/checkpoint-100/images/in_the_jungle/
11/18/2024 01:53:04 - INFO - root - Image have been saved in /shenzihe/WD-Disk/output/exp3/monster_toy/checkpoint-100/images/in_the_jungle/
11/18/2024 01:53:04 - INFO - __main__ - Running validation... 
 Generating 4 images with prompt:in the snow.
11/18/2024 01:53:18 - INFO - root - Image have been saved in /shenzihe/WD-Disk/output/exp3/monster_toy/checkpoint-100/images/in_the_snow/
11/18/2024 01:53:32 - INFO - root - Image have been saved in /shenzihe/WD-Disk/output/exp3/monster_toy/checkpoint-100/images/in_the_snow/
11/18/2024 01:53:45 - INFO - root - Image have been saved in /shenzihe/WD-Disk/output/exp3/monster_toy/checkpoint-100/images/in_the_snow/
11/18/2024 01:53:59 - INFO - root - Image have been saved in /shenzihe/WD-Disk/output/exp3/monster_toy/checkpoint-100/images/in_the_snow/
11/18/2024 01:53:59 - INFO - __main__ - Running validation... 
 Generating 4 images with prompt:on the beach.
11/18/2024 01:54:13 - INFO - root - Image have been saved in /shenzihe/WD-Disk/output/exp3/monster_toy/checkpoint-100/images/on_the_beach/
11/18/2024 01:54:26 - INFO - root - Image have been saved in /shenzihe/WD-Disk/output/exp3/monster_toy/checkpoint-100/images/on_the_beach/
11/18/2024 01:54:40 - INFO - root - Image have been saved in /shenzihe/WD-Disk/output/exp3/monster_toy/checkpoint-100/images/on_the_beach/
11/18/2024 01:54:54 - INFO - root - Image have been saved in /shenzihe/WD-Disk/output/exp3/monster_toy/checkpoint-100/images/on_the_beach/
11/18/2024 01:54:54 - INFO - __main__ - Running validation... 
 Generating 4 images with prompt:on a cobblestone street.
11/18/2024 01:55:07 - INFO - root - Image have been saved in /shenzihe/WD-Disk/output/exp3/monster_toy/checkpoint-100/images/on_a_cobblestone_street/
11/18/2024 01:55:21 - INFO - root - Image have been saved in /shenzihe/WD-Disk/output/exp3/monster_toy/checkpoint-100/images/on_a_cobblestone_street/
11/18/2024 01:55:35 - INFO - root - Image have been saved in /shenzihe/WD-Disk/output/exp3/monster_toy/checkpoint-100/images/on_a_cobblestone_street/
11/18/2024 01:55:48 - INFO - root - Image have been saved in /shenzihe/WD-Disk/output/exp3/monster_toy/checkpoint-100/images/on_a_cobblestone_street/
11/18/2024 01:55:48 - INFO - __main__ - Running validation... 
 Generating 4 images with prompt:on top of pink fabric.
11/18/2024 01:56:02 - INFO - root - Image have been saved in /shenzihe/WD-Disk/output/exp3/monster_toy/checkpoint-100/images/on_top_of_pink_fabric/
11/18/2024 01:56:16 - INFO - root - Image have been saved in /shenzihe/WD-Disk/output/exp3/monster_toy/checkpoint-100/images/on_top_of_pink_fabric/
11/18/2024 01:56:29 - INFO - root - Image have been saved in /shenzihe/WD-Disk/output/exp3/monster_toy/checkpoint-100/images/on_top_of_pink_fabric/
11/18/2024 01:56:43 - INFO - root - Image have been saved in /shenzihe/WD-Disk/output/exp3/monster_toy/checkpoint-100/images/on_top_of_pink_fabric/
11/18/2024 01:56:43 - INFO - __main__ - Running validation... 
 Generating 4 images with prompt:on top of a wooden floor.
11/18/2024 01:56:57 - INFO - root - Image have been saved in /shenzihe/WD-Disk/output/exp3/monster_toy/checkpoint-100/images/on_top_of_a_wooden_floor/
11/18/2024 01:57:10 - INFO - root - Image have been saved in /shenzihe/WD-Disk/output/exp3/monster_toy/checkpoint-100/images/on_top_of_a_wooden_floor/
11/18/2024 01:57:24 - INFO - root - Image have been saved in /shenzihe/WD-Disk/output/exp3/monster_toy/checkpoint-100/images/on_top_of_a_wooden_floor/
11/18/2024 01:57:38 - INFO - root - Image have been saved in /shenzihe/WD-Disk/output/exp3/monster_toy/checkpoint-100/images/on_top_of_a_wooden_floor/
11/18/2024 01:57:38 - INFO - __main__ - Running validation... 
 Generating 4 images with prompt:with a city in the background.
11/18/2024 01:57:51 - INFO - root - Image have been saved in /shenzihe/WD-Disk/output/exp3/monster_toy/checkpoint-100/images/with_a_city_in_the_background/
11/18/2024 01:58:05 - INFO - root - Image have been saved in /shenzihe/WD-Disk/output/exp3/monster_toy/checkpoint-100/images/with_a_city_in_the_background/
11/18/2024 01:58:19 - INFO - root - Image have been saved in /shenzihe/WD-Disk/output/exp3/monster_toy/checkpoint-100/images/with_a_city_in_the_background/
11/18/2024 01:58:32 - INFO - root - Image have been saved in /shenzihe/WD-Disk/output/exp3/monster_toy/checkpoint-100/images/with_a_city_in_the_background/
11/18/2024 01:58:32 - INFO - __main__ - Running validation... 
 Generating 4 images with prompt:with a mountain in the background.
11/18/2024 01:58:46 - INFO - root - Image have been saved in /shenzihe/WD-Disk/output/exp3/monster_toy/checkpoint-100/images/with_a_mountain_in_the_background/
11/18/2024 01:59:00 - INFO - root - Image have been saved in /shenzihe/WD-Disk/output/exp3/monster_toy/checkpoint-100/images/with_a_mountain_in_the_background/
11/18/2024 01:59:13 - INFO - root - Image have been saved in /shenzihe/WD-Disk/output/exp3/monster_toy/checkpoint-100/images/with_a_mountain_in_the_background/
11/18/2024 01:59:27 - INFO - root - Image have been saved in /shenzihe/WD-Disk/output/exp3/monster_toy/checkpoint-100/images/with_a_mountain_in_the_background/
11/18/2024 01:59:27 - INFO - __main__ - Running validation... 
 Generating 4 images with prompt:with a blue house in the background.
11/18/2024 01:59:41 - INFO - root - Image have been saved in /shenzihe/WD-Disk/output/exp3/monster_toy/checkpoint-100/images/with_a_blue_house_in_the_background/
11/18/2024 01:59:54 - INFO - root - Image have been saved in /shenzihe/WD-Disk/output/exp3/monster_toy/checkpoint-100/images/with_a_blue_house_in_the_background/
11/18/2024 02:00:08 - INFO - root - Image have been saved in /shenzihe/WD-Disk/output/exp3/monster_toy/checkpoint-100/images/with_a_blue_house_in_the_background/
11/18/2024 02:00:22 - INFO - root - Image have been saved in /shenzihe/WD-Disk/output/exp3/monster_toy/checkpoint-100/images/with_a_blue_house_in_the_background/
11/18/2024 02:00:22 - INFO - __main__ - Running validation... 
 Generating 4 images with prompt:on top of a purple rug in a forest.
11/18/2024 02:00:35 - INFO - root - Image have been saved in /shenzihe/WD-Disk/output/exp3/monster_toy/checkpoint-100/images/on_top_of_a_purple_rug_in_a_forest/
11/18/2024 02:00:49 - INFO - root - Image have been saved in /shenzihe/WD-Disk/output/exp3/monster_toy/checkpoint-100/images/on_top_of_a_purple_rug_in_a_forest/
11/18/2024 02:01:02 - INFO - root - Image have been saved in /shenzihe/WD-Disk/output/exp3/monster_toy/checkpoint-100/images/on_top_of_a_purple_rug_in_a_forest/
11/18/2024 02:01:16 - INFO - root - Image have been saved in /shenzihe/WD-Disk/output/exp3/monster_toy/checkpoint-100/images/on_top_of_a_purple_rug_in_a_forest/
11/18/2024 02:01:16 - INFO - __main__ - Running validation... 
 Generating 4 images with prompt:with a wheat field in the background.
11/18/2024 02:01:30 - INFO - root - Image have been saved in /shenzihe/WD-Disk/output/exp3/monster_toy/checkpoint-100/images/with_a_wheat_field_in_the_background/
11/18/2024 02:01:43 - INFO - root - Image have been saved in /shenzihe/WD-Disk/output/exp3/monster_toy/checkpoint-100/images/with_a_wheat_field_in_the_background/
11/18/2024 02:01:57 - INFO - root - Image have been saved in /shenzihe/WD-Disk/output/exp3/monster_toy/checkpoint-100/images/with_a_wheat_field_in_the_background/
11/18/2024 02:02:11 - INFO - root - Image have been saved in /shenzihe/WD-Disk/output/exp3/monster_toy/checkpoint-100/images/with_a_wheat_field_in_the_background/
11/18/2024 02:02:11 - INFO - __main__ - Running validation... 
 Generating 4 images with prompt:with a tree and autumn leaves in the background.
11/18/2024 02:02:24 - INFO - root - Image have been saved in /shenzihe/WD-Disk/output/exp3/monster_toy/checkpoint-100/images/with_a_tree_and_autumn_leaves_in_the_background/
11/18/2024 02:02:38 - INFO - root - Image have been saved in /shenzihe/WD-Disk/output/exp3/monster_toy/checkpoint-100/images/with_a_tree_and_autumn_leaves_in_the_background/
11/18/2024 02:02:51 - INFO - root - Image have been saved in /shenzihe/WD-Disk/output/exp3/monster_toy/checkpoint-100/images/with_a_tree_and_autumn_leaves_in_the_background/
11/18/2024 02:03:05 - INFO - root - Image have been saved in /shenzihe/WD-Disk/output/exp3/monster_toy/checkpoint-100/images/with_a_tree_and_autumn_leaves_in_the_background/
11/18/2024 02:03:05 - INFO - __main__ - Running validation... 
 Generating 4 images with prompt:with the Eiffel Tower in the background.
11/18/2024 02:03:19 - INFO - root - Image have been saved in /shenzihe/WD-Disk/output/exp3/monster_toy/checkpoint-100/images/with_the_Eiffel_Tower_in_the_background/
11/18/2024 02:03:32 - INFO - root - Image have been saved in /shenzihe/WD-Disk/output/exp3/monster_toy/checkpoint-100/images/with_the_Eiffel_Tower_in_the_background/
11/18/2024 02:03:46 - INFO - root - Image have been saved in /shenzihe/WD-Disk/output/exp3/monster_toy/checkpoint-100/images/with_the_Eiffel_Tower_in_the_background/
11/18/2024 02:04:00 - INFO - root - Image have been saved in /shenzihe/WD-Disk/output/exp3/monster_toy/checkpoint-100/images/with_the_Eiffel_Tower_in_the_background/
11/18/2024 02:04:00 - INFO - __main__ - Running validation... 
 Generating 4 images with prompt:floating on top of water.
11/18/2024 02:04:13 - INFO - root - Image have been saved in /shenzihe/WD-Disk/output/exp3/monster_toy/checkpoint-100/images/floating_on_top_of_water/
11/18/2024 02:04:27 - INFO - root - Image have been saved in /shenzihe/WD-Disk/output/exp3/monster_toy/checkpoint-100/images/floating_on_top_of_water/
11/18/2024 02:04:41 - INFO - root - Image have been saved in /shenzihe/WD-Disk/output/exp3/monster_toy/checkpoint-100/images/floating_on_top_of_water/
11/18/2024 02:04:54 - INFO - root - Image have been saved in /shenzihe/WD-Disk/output/exp3/monster_toy/checkpoint-100/images/floating_on_top_of_water/
11/18/2024 02:04:54 - INFO - __main__ - Running validation... 
 Generating 4 images with prompt:floating in an ocean of milk.
11/18/2024 02:05:08 - INFO - root - Image have been saved in /shenzihe/WD-Disk/output/exp3/monster_toy/checkpoint-100/images/floating_in_an_ocean_of_milk/
11/18/2024 02:05:22 - INFO - root - Image have been saved in /shenzihe/WD-Disk/output/exp3/monster_toy/checkpoint-100/images/floating_in_an_ocean_of_milk/
11/18/2024 02:05:35 - INFO - root - Image have been saved in /shenzihe/WD-Disk/output/exp3/monster_toy/checkpoint-100/images/floating_in_an_ocean_of_milk/
11/18/2024 02:05:49 - INFO - root - Image have been saved in /shenzihe/WD-Disk/output/exp3/monster_toy/checkpoint-100/images/floating_in_an_ocean_of_milk/
11/18/2024 02:05:49 - INFO - __main__ - Running validation... 
 Generating 4 images with prompt:on top of green grass with sunflowers around it.
11/18/2024 02:06:03 - INFO - root - Image have been saved in /shenzihe/WD-Disk/output/exp3/monster_toy/checkpoint-100/images/on_top_of_green_grass_with_sunflowers_around_it/
11/18/2024 02:06:17 - INFO - root - Image have been saved in /shenzihe/WD-Disk/output/exp3/monster_toy/checkpoint-100/images/on_top_of_green_grass_with_sunflowers_around_it/
11/18/2024 02:06:30 - INFO - root - Image have been saved in /shenzihe/WD-Disk/output/exp3/monster_toy/checkpoint-100/images/on_top_of_green_grass_with_sunflowers_around_it/
11/18/2024 02:06:44 - INFO - root - Image have been saved in /shenzihe/WD-Disk/output/exp3/monster_toy/checkpoint-100/images/on_top_of_green_grass_with_sunflowers_around_it/
11/18/2024 02:06:44 - INFO - __main__ - Running validation... 
 Generating 4 images with prompt:on top of a mirror.
11/18/2024 02:06:57 - INFO - root - Image have been saved in /shenzihe/WD-Disk/output/exp3/monster_toy/checkpoint-100/images/on_top_of_a_mirror/
11/18/2024 02:07:11 - INFO - root - Image have been saved in /shenzihe/WD-Disk/output/exp3/monster_toy/checkpoint-100/images/on_top_of_a_mirror/
11/18/2024 02:07:24 - INFO - root - Image have been saved in /shenzihe/WD-Disk/output/exp3/monster_toy/checkpoint-100/images/on_top_of_a_mirror/
11/18/2024 02:07:38 - INFO - root - Image have been saved in /shenzihe/WD-Disk/output/exp3/monster_toy/checkpoint-100/images/on_top_of_a_mirror/
11/18/2024 02:07:38 - INFO - __main__ - Running validation... 
 Generating 4 images with prompt:on top of the sidewalk in a crowded street.
11/18/2024 02:07:52 - INFO - root - Image have been saved in /shenzihe/WD-Disk/output/exp3/monster_toy/checkpoint-100/images/on_top_of_the_sidewalk_in_a_crowded_street/
11/18/2024 02:08:05 - INFO - root - Image have been saved in /shenzihe/WD-Disk/output/exp3/monster_toy/checkpoint-100/images/on_top_of_the_sidewalk_in_a_crowded_street/
11/18/2024 02:08:19 - INFO - root - Image have been saved in /shenzihe/WD-Disk/output/exp3/monster_toy/checkpoint-100/images/on_top_of_the_sidewalk_in_a_crowded_street/
11/18/2024 02:08:33 - INFO - root - Image have been saved in /shenzihe/WD-Disk/output/exp3/monster_toy/checkpoint-100/images/on_top_of_the_sidewalk_in_a_crowded_street/
11/18/2024 02:08:33 - INFO - __main__ - Running validation... 
 Generating 4 images with prompt:on top of a dirt road.
11/18/2024 02:08:46 - INFO - root - Image have been saved in /shenzihe/WD-Disk/output/exp3/monster_toy/checkpoint-100/images/on_top_of_a_dirt_road/
11/18/2024 02:09:00 - INFO - root - Image have been saved in /shenzihe/WD-Disk/output/exp3/monster_toy/checkpoint-100/images/on_top_of_a_dirt_road/
11/18/2024 02:09:13 - INFO - root - Image have been saved in /shenzihe/WD-Disk/output/exp3/monster_toy/checkpoint-100/images/on_top_of_a_dirt_road/
11/18/2024 02:09:27 - INFO - root - Image have been saved in /shenzihe/WD-Disk/output/exp3/monster_toy/checkpoint-100/images/on_top_of_a_dirt_road/
11/18/2024 02:09:27 - INFO - __main__ - Running validation... 
 Generating 4 images with prompt:on top of a white rug.
11/18/2024 02:09:41 - INFO - root - Image have been saved in /shenzihe/WD-Disk/output/exp3/monster_toy/checkpoint-100/images/on_top_of_a_white_rug/
11/18/2024 02:09:55 - INFO - root - Image have been saved in /shenzihe/WD-Disk/output/exp3/monster_toy/checkpoint-100/images/on_top_of_a_white_rug/
11/18/2024 02:10:08 - INFO - root - Image have been saved in /shenzihe/WD-Disk/output/exp3/monster_toy/checkpoint-100/images/on_top_of_a_white_rug/
11/18/2024 02:10:22 - INFO - root - Image have been saved in /shenzihe/WD-Disk/output/exp3/monster_toy/checkpoint-100/images/on_top_of_a_white_rug/
11/18/2024 02:10:22 - INFO - __main__ - Running validation... 
 Generating 4 images with prompt:red.
11/18/2024 02:10:36 - INFO - root - Image have been saved in /shenzihe/WD-Disk/output/exp3/monster_toy/checkpoint-100/images/red/
11/18/2024 02:10:50 - INFO - root - Image have been saved in /shenzihe/WD-Disk/output/exp3/monster_toy/checkpoint-100/images/red/
11/18/2024 02:11:03 - INFO - root - Image have been saved in /shenzihe/WD-Disk/output/exp3/monster_toy/checkpoint-100/images/red/
11/18/2024 02:11:17 - INFO - root - Image have been saved in /shenzihe/WD-Disk/output/exp3/monster_toy/checkpoint-100/images/red/
11/18/2024 02:11:17 - INFO - __main__ - Running validation... 
 Generating 4 images with prompt:purple.
11/18/2024 02:11:31 - INFO - root - Image have been saved in /shenzihe/WD-Disk/output/exp3/monster_toy/checkpoint-100/images/purple/
11/18/2024 02:11:44 - INFO - root - Image have been saved in /shenzihe/WD-Disk/output/exp3/monster_toy/checkpoint-100/images/purple/
11/18/2024 02:11:58 - INFO - root - Image have been saved in /shenzihe/WD-Disk/output/exp3/monster_toy/checkpoint-100/images/purple/
11/18/2024 02:12:11 - INFO - root - Image have been saved in /shenzihe/WD-Disk/output/exp3/monster_toy/checkpoint-100/images/purple/
11/18/2024 02:12:11 - INFO - __main__ - Running validation... 
 Generating 4 images with prompt:shiny.
11/18/2024 02:12:25 - INFO - root - Image have been saved in /shenzihe/WD-Disk/output/exp3/monster_toy/checkpoint-100/images/shiny/
11/18/2024 02:12:39 - INFO - root - Image have been saved in /shenzihe/WD-Disk/output/exp3/monster_toy/checkpoint-100/images/shiny/
11/18/2024 02:12:52 - INFO - root - Image have been saved in /shenzihe/WD-Disk/output/exp3/monster_toy/checkpoint-100/images/shiny/
11/18/2024 02:13:06 - INFO - root - Image have been saved in /shenzihe/WD-Disk/output/exp3/monster_toy/checkpoint-100/images/shiny/
11/18/2024 02:13:06 - INFO - __main__ - Running validation... 
 Generating 4 images with prompt:wet.
11/18/2024 02:13:19 - INFO - root - Image have been saved in /shenzihe/WD-Disk/output/exp3/monster_toy/checkpoint-100/images/wet/
11/18/2024 02:13:33 - INFO - root - Image have been saved in /shenzihe/WD-Disk/output/exp3/monster_toy/checkpoint-100/images/wet/
11/18/2024 02:13:47 - INFO - root - Image have been saved in /shenzihe/WD-Disk/output/exp3/monster_toy/checkpoint-100/images/wet/
11/18/2024 02:14:00 - INFO - root - Image have been saved in /shenzihe/WD-Disk/output/exp3/monster_toy/checkpoint-100/images/wet/
11/18/2024 02:14:00 - INFO - __main__ - Running validation... 
 Generating 4 images with prompt:cube shaped.
11/18/2024 02:14:14 - INFO - root - Image have been saved in /shenzihe/WD-Disk/output/exp3/monster_toy/checkpoint-100/images/cube_shaped/
11/18/2024 02:14:28 - INFO - root - Image have been saved in /shenzihe/WD-Disk/output/exp3/monster_toy/checkpoint-100/images/cube_shaped/
11/18/2024 02:14:41 - INFO - root - Image have been saved in /shenzihe/WD-Disk/output/exp3/monster_toy/checkpoint-100/images/cube_shaped/
11/18/2024 02:14:55 - INFO - root - Image have been saved in /shenzihe/WD-Disk/output/exp3/monster_toy/checkpoint-100/images/cube_shaped/
