11/14/2024 16:31:41 - INFO - __main__ - Distributed environment: NO
Num processes: 1
Process index: 0
Local process index: 0
Device: cuda

Mixed precision type: no

11/14/2024 16:31:43 - INFO - root - freeze vision encoder
11/14/2024 16:31:54 - INFO - root - Loading pretrained model from /root/.cache/torch/hub/checkpoints/blip-diffusion
11/14/2024 16:31:54 - INFO - root - Loading pretrained BLIP2 Qformer weights.
11/14/2024 16:31:55 - INFO - root - Loading pretrained projection lyer weights.
11/14/2024 16:31:55 - INFO - root - Loading pretrained text encoder weights.
11/14/2024 16:31:56 - INFO - root - Loading pretrained vae weights.
11/14/2024 16:31:56 - INFO - root - Loading pretrained unet weights.
11/14/2024 16:32:05 - INFO - root - Using xformers.
11/14/2024 16:32:05 - INFO - root - Building datasets...
11/14/2024 16:32:15 - INFO - root - freeze vision encoder
11/14/2024 16:32:47 - INFO - root - load checkpoint from https://storage.googleapis.com/sfr-vision-language-research/LAVIS/models/BLIP2/blip2_pretrained_flant5xl.pth
11/14/2024 16:32:48 - INFO - __main__ - 
***** Running training *****
11/14/2024 16:32:48 - INFO - __main__ -   Num examples = 6
11/14/2024 16:32:48 - INFO - __main__ -   Num batches each epoch = 2
11/14/2024 16:32:48 - INFO - __main__ -   Num Epochs = 50
11/14/2024 16:32:48 - INFO - __main__ -   Instantaneous batch size per device = 3
11/14/2024 16:32:48 - INFO - __main__ -   Total train batch size (w. parallel, distributed & accumulation) = 3
11/14/2024 16:32:48 - INFO - __main__ -   Gradient Accumulation steps = 1
11/14/2024 16:32:48 - INFO - __main__ -   Total optimization steps = 100
11/14/2024 16:39:13 - INFO - __main__ - Running validation... 
 Generating 4 images with prompt:in the jungle.
11/14/2024 16:39:27 - INFO - root - Image have been saved in /shenzihe/WD-Disk/output/exp/fancy_boot/checkpoint-100/images/in_the_jungle/
11/14/2024 16:39:40 - INFO - root - Image have been saved in /shenzihe/WD-Disk/output/exp/fancy_boot/checkpoint-100/images/in_the_jungle/
11/14/2024 16:39:54 - INFO - root - Image have been saved in /shenzihe/WD-Disk/output/exp/fancy_boot/checkpoint-100/images/in_the_jungle/
11/14/2024 16:40:07 - INFO - root - Image have been saved in /shenzihe/WD-Disk/output/exp/fancy_boot/checkpoint-100/images/in_the_jungle/
11/14/2024 16:40:07 - INFO - __main__ - Running validation... 
 Generating 4 images with prompt:in the snow.
11/14/2024 16:40:20 - INFO - root - Image have been saved in /shenzihe/WD-Disk/output/exp/fancy_boot/checkpoint-100/images/in_the_snow/
11/14/2024 16:40:34 - INFO - root - Image have been saved in /shenzihe/WD-Disk/output/exp/fancy_boot/checkpoint-100/images/in_the_snow/
11/14/2024 16:40:47 - INFO - root - Image have been saved in /shenzihe/WD-Disk/output/exp/fancy_boot/checkpoint-100/images/in_the_snow/
11/14/2024 16:41:01 - INFO - root - Image have been saved in /shenzihe/WD-Disk/output/exp/fancy_boot/checkpoint-100/images/in_the_snow/
11/14/2024 16:41:01 - INFO - __main__ - Running validation... 
 Generating 4 images with prompt:on the beach.
11/14/2024 16:41:15 - INFO - root - Image have been saved in /shenzihe/WD-Disk/output/exp/fancy_boot/checkpoint-100/images/on_the_beach/
11/14/2024 16:41:29 - INFO - root - Image have been saved in /shenzihe/WD-Disk/output/exp/fancy_boot/checkpoint-100/images/on_the_beach/
11/14/2024 16:41:42 - INFO - root - Image have been saved in /shenzihe/WD-Disk/output/exp/fancy_boot/checkpoint-100/images/on_the_beach/
11/14/2024 16:41:56 - INFO - root - Image have been saved in /shenzihe/WD-Disk/output/exp/fancy_boot/checkpoint-100/images/on_the_beach/
11/14/2024 16:41:56 - INFO - __main__ - Running validation... 
 Generating 4 images with prompt:on a cobblestone street.
11/14/2024 16:42:09 - INFO - root - Image have been saved in /shenzihe/WD-Disk/output/exp/fancy_boot/checkpoint-100/images/on_a_cobblestone_street/
11/14/2024 16:42:22 - INFO - root - Image have been saved in /shenzihe/WD-Disk/output/exp/fancy_boot/checkpoint-100/images/on_a_cobblestone_street/
11/14/2024 16:42:36 - INFO - root - Image have been saved in /shenzihe/WD-Disk/output/exp/fancy_boot/checkpoint-100/images/on_a_cobblestone_street/
11/14/2024 16:42:50 - INFO - root - Image have been saved in /shenzihe/WD-Disk/output/exp/fancy_boot/checkpoint-100/images/on_a_cobblestone_street/
11/14/2024 16:42:50 - INFO - __main__ - Running validation... 
 Generating 4 images with prompt:on top of pink fabric.
11/14/2024 16:43:03 - INFO - root - Image have been saved in /shenzihe/WD-Disk/output/exp/fancy_boot/checkpoint-100/images/on_top_of_pink_fabric/
11/14/2024 16:43:16 - INFO - root - Image have been saved in /shenzihe/WD-Disk/output/exp/fancy_boot/checkpoint-100/images/on_top_of_pink_fabric/
11/14/2024 16:43:30 - INFO - root - Image have been saved in /shenzihe/WD-Disk/output/exp/fancy_boot/checkpoint-100/images/on_top_of_pink_fabric/
11/14/2024 16:43:43 - INFO - root - Image have been saved in /shenzihe/WD-Disk/output/exp/fancy_boot/checkpoint-100/images/on_top_of_pink_fabric/
11/14/2024 16:43:43 - INFO - __main__ - Running validation... 
 Generating 4 images with prompt:on top of a wooden floor.
11/14/2024 16:43:57 - INFO - root - Image have been saved in /shenzihe/WD-Disk/output/exp/fancy_boot/checkpoint-100/images/on_top_of_a_wooden_floor/
11/14/2024 16:44:10 - INFO - root - Image have been saved in /shenzihe/WD-Disk/output/exp/fancy_boot/checkpoint-100/images/on_top_of_a_wooden_floor/
11/14/2024 16:44:24 - INFO - root - Image have been saved in /shenzihe/WD-Disk/output/exp/fancy_boot/checkpoint-100/images/on_top_of_a_wooden_floor/
11/14/2024 16:44:37 - INFO - root - Image have been saved in /shenzihe/WD-Disk/output/exp/fancy_boot/checkpoint-100/images/on_top_of_a_wooden_floor/
11/14/2024 16:44:37 - INFO - __main__ - Running validation... 
 Generating 4 images with prompt:with a city in the background.
11/14/2024 16:44:51 - INFO - root - Image have been saved in /shenzihe/WD-Disk/output/exp/fancy_boot/checkpoint-100/images/with_a_city_in_the_background/
11/14/2024 16:45:04 - INFO - root - Image have been saved in /shenzihe/WD-Disk/output/exp/fancy_boot/checkpoint-100/images/with_a_city_in_the_background/
11/14/2024 16:45:17 - INFO - root - Image have been saved in /shenzihe/WD-Disk/output/exp/fancy_boot/checkpoint-100/images/with_a_city_in_the_background/
11/14/2024 16:45:31 - INFO - root - Image have been saved in /shenzihe/WD-Disk/output/exp/fancy_boot/checkpoint-100/images/with_a_city_in_the_background/
11/14/2024 16:45:31 - INFO - __main__ - Running validation... 
 Generating 4 images with prompt:with a mountain in the background.
11/14/2024 16:45:44 - INFO - root - Image have been saved in /shenzihe/WD-Disk/output/exp/fancy_boot/checkpoint-100/images/with_a_mountain_in_the_background/
11/14/2024 16:45:58 - INFO - root - Image have been saved in /shenzihe/WD-Disk/output/exp/fancy_boot/checkpoint-100/images/with_a_mountain_in_the_background/
11/14/2024 16:46:11 - INFO - root - Image have been saved in /shenzihe/WD-Disk/output/exp/fancy_boot/checkpoint-100/images/with_a_mountain_in_the_background/
11/14/2024 16:46:25 - INFO - root - Image have been saved in /shenzihe/WD-Disk/output/exp/fancy_boot/checkpoint-100/images/with_a_mountain_in_the_background/
11/14/2024 16:46:25 - INFO - __main__ - Running validation... 
 Generating 4 images with prompt:with a blue house in the background.
11/14/2024 16:46:38 - INFO - root - Image have been saved in /shenzihe/WD-Disk/output/exp/fancy_boot/checkpoint-100/images/with_a_blue_house_in_the_background/
11/14/2024 16:46:51 - INFO - root - Image have been saved in /shenzihe/WD-Disk/output/exp/fancy_boot/checkpoint-100/images/with_a_blue_house_in_the_background/
11/14/2024 16:47:05 - INFO - root - Image have been saved in /shenzihe/WD-Disk/output/exp/fancy_boot/checkpoint-100/images/with_a_blue_house_in_the_background/
11/14/2024 16:47:18 - INFO - root - Image have been saved in /shenzihe/WD-Disk/output/exp/fancy_boot/checkpoint-100/images/with_a_blue_house_in_the_background/
11/14/2024 16:47:18 - INFO - __main__ - Running validation... 
 Generating 4 images with prompt:on top of a purple rug in a forest.
11/14/2024 16:47:32 - INFO - root - Image have been saved in /shenzihe/WD-Disk/output/exp/fancy_boot/checkpoint-100/images/on_top_of_a_purple_rug_in_a_forest/
11/14/2024 16:47:45 - INFO - root - Image have been saved in /shenzihe/WD-Disk/output/exp/fancy_boot/checkpoint-100/images/on_top_of_a_purple_rug_in_a_forest/
11/14/2024 16:47:59 - INFO - root - Image have been saved in /shenzihe/WD-Disk/output/exp/fancy_boot/checkpoint-100/images/on_top_of_a_purple_rug_in_a_forest/
11/14/2024 16:48:12 - INFO - root - Image have been saved in /shenzihe/WD-Disk/output/exp/fancy_boot/checkpoint-100/images/on_top_of_a_purple_rug_in_a_forest/
11/14/2024 16:48:12 - INFO - __main__ - Running validation... 
 Generating 4 images with prompt:with a wheat field in the background.
11/14/2024 16:48:25 - INFO - root - Image have been saved in /shenzihe/WD-Disk/output/exp/fancy_boot/checkpoint-100/images/with_a_wheat_field_in_the_background/
11/14/2024 16:48:39 - INFO - root - Image have been saved in /shenzihe/WD-Disk/output/exp/fancy_boot/checkpoint-100/images/with_a_wheat_field_in_the_background/
11/14/2024 16:48:52 - INFO - root - Image have been saved in /shenzihe/WD-Disk/output/exp/fancy_boot/checkpoint-100/images/with_a_wheat_field_in_the_background/
11/14/2024 16:49:06 - INFO - root - Image have been saved in /shenzihe/WD-Disk/output/exp/fancy_boot/checkpoint-100/images/with_a_wheat_field_in_the_background/
11/14/2024 16:49:06 - INFO - __main__ - Running validation... 
 Generating 4 images with prompt:with a tree and autumn leaves in the background.
11/14/2024 16:49:19 - INFO - root - Image have been saved in /shenzihe/WD-Disk/output/exp/fancy_boot/checkpoint-100/images/with_a_tree_and_autumn_leaves_in_the_background/
11/14/2024 16:49:33 - INFO - root - Image have been saved in /shenzihe/WD-Disk/output/exp/fancy_boot/checkpoint-100/images/with_a_tree_and_autumn_leaves_in_the_background/
11/14/2024 16:49:46 - INFO - root - Image have been saved in /shenzihe/WD-Disk/output/exp/fancy_boot/checkpoint-100/images/with_a_tree_and_autumn_leaves_in_the_background/
11/14/2024 16:49:59 - INFO - root - Image have been saved in /shenzihe/WD-Disk/output/exp/fancy_boot/checkpoint-100/images/with_a_tree_and_autumn_leaves_in_the_background/
11/14/2024 16:49:59 - INFO - __main__ - Running validation... 
 Generating 4 images with prompt:with the Eiffel Tower in the background.
11/14/2024 16:50:13 - INFO - root - Image have been saved in /shenzihe/WD-Disk/output/exp/fancy_boot/checkpoint-100/images/with_the_Eiffel_Tower_in_the_background/
11/14/2024 16:50:26 - INFO - root - Image have been saved in /shenzihe/WD-Disk/output/exp/fancy_boot/checkpoint-100/images/with_the_Eiffel_Tower_in_the_background/
11/14/2024 16:50:40 - INFO - root - Image have been saved in /shenzihe/WD-Disk/output/exp/fancy_boot/checkpoint-100/images/with_the_Eiffel_Tower_in_the_background/
11/14/2024 16:50:53 - INFO - root - Image have been saved in /shenzihe/WD-Disk/output/exp/fancy_boot/checkpoint-100/images/with_the_Eiffel_Tower_in_the_background/
11/14/2024 16:50:53 - INFO - __main__ - Running validation... 
 Generating 4 images with prompt:floating on top of water.
11/14/2024 16:51:07 - INFO - root - Image have been saved in /shenzihe/WD-Disk/output/exp/fancy_boot/checkpoint-100/images/floating_on_top_of_water/
11/14/2024 16:51:20 - INFO - root - Image have been saved in /shenzihe/WD-Disk/output/exp/fancy_boot/checkpoint-100/images/floating_on_top_of_water/
11/14/2024 16:51:33 - INFO - root - Image have been saved in /shenzihe/WD-Disk/output/exp/fancy_boot/checkpoint-100/images/floating_on_top_of_water/
11/14/2024 16:51:47 - INFO - root - Image have been saved in /shenzihe/WD-Disk/output/exp/fancy_boot/checkpoint-100/images/floating_on_top_of_water/
11/14/2024 16:51:47 - INFO - __main__ - Running validation... 
 Generating 4 images with prompt:floating in an ocean of milk.
11/14/2024 16:52:00 - INFO - root - Image have been saved in /shenzihe/WD-Disk/output/exp/fancy_boot/checkpoint-100/images/floating_in_an_ocean_of_milk/
11/14/2024 16:52:14 - INFO - root - Image have been saved in /shenzihe/WD-Disk/output/exp/fancy_boot/checkpoint-100/images/floating_in_an_ocean_of_milk/
11/14/2024 16:52:27 - INFO - root - Image have been saved in /shenzihe/WD-Disk/output/exp/fancy_boot/checkpoint-100/images/floating_in_an_ocean_of_milk/
11/14/2024 16:52:41 - INFO - root - Image have been saved in /shenzihe/WD-Disk/output/exp/fancy_boot/checkpoint-100/images/floating_in_an_ocean_of_milk/
11/14/2024 16:52:41 - INFO - __main__ - Running validation... 
 Generating 4 images with prompt:on top of green grass with sunflowers around it.
11/14/2024 16:52:54 - INFO - root - Image have been saved in /shenzihe/WD-Disk/output/exp/fancy_boot/checkpoint-100/images/on_top_of_green_grass_with_sunflowers_around_it/
11/14/2024 16:53:08 - INFO - root - Image have been saved in /shenzihe/WD-Disk/output/exp/fancy_boot/checkpoint-100/images/on_top_of_green_grass_with_sunflowers_around_it/
11/14/2024 16:53:21 - INFO - root - Image have been saved in /shenzihe/WD-Disk/output/exp/fancy_boot/checkpoint-100/images/on_top_of_green_grass_with_sunflowers_around_it/
11/14/2024 16:53:34 - INFO - root - Image have been saved in /shenzihe/WD-Disk/output/exp/fancy_boot/checkpoint-100/images/on_top_of_green_grass_with_sunflowers_around_it/
11/14/2024 16:53:34 - INFO - __main__ - Running validation... 
 Generating 4 images with prompt:on top of a mirror.
11/14/2024 16:53:48 - INFO - root - Image have been saved in /shenzihe/WD-Disk/output/exp/fancy_boot/checkpoint-100/images/on_top_of_a_mirror/
11/14/2024 16:54:01 - INFO - root - Image have been saved in /shenzihe/WD-Disk/output/exp/fancy_boot/checkpoint-100/images/on_top_of_a_mirror/
11/14/2024 16:54:15 - INFO - root - Image have been saved in /shenzihe/WD-Disk/output/exp/fancy_boot/checkpoint-100/images/on_top_of_a_mirror/
11/14/2024 16:54:28 - INFO - root - Image have been saved in /shenzihe/WD-Disk/output/exp/fancy_boot/checkpoint-100/images/on_top_of_a_mirror/
11/14/2024 16:54:28 - INFO - __main__ - Running validation... 
 Generating 4 images with prompt:on top of the sidewalk in a crowded street.
11/14/2024 16:54:41 - INFO - root - Image have been saved in /shenzihe/WD-Disk/output/exp/fancy_boot/checkpoint-100/images/on_top_of_the_sidewalk_in_a_crowded_street/
11/14/2024 16:54:55 - INFO - root - Image have been saved in /shenzihe/WD-Disk/output/exp/fancy_boot/checkpoint-100/images/on_top_of_the_sidewalk_in_a_crowded_street/
11/14/2024 16:55:08 - INFO - root - Image have been saved in /shenzihe/WD-Disk/output/exp/fancy_boot/checkpoint-100/images/on_top_of_the_sidewalk_in_a_crowded_street/
11/14/2024 16:55:22 - INFO - root - Image have been saved in /shenzihe/WD-Disk/output/exp/fancy_boot/checkpoint-100/images/on_top_of_the_sidewalk_in_a_crowded_street/
11/14/2024 16:55:22 - INFO - __main__ - Running validation... 
 Generating 4 images with prompt:on top of a dirt road.
11/14/2024 16:55:35 - INFO - root - Image have been saved in /shenzihe/WD-Disk/output/exp/fancy_boot/checkpoint-100/images/on_top_of_a_dirt_road/
11/14/2024 16:55:49 - INFO - root - Image have been saved in /shenzihe/WD-Disk/output/exp/fancy_boot/checkpoint-100/images/on_top_of_a_dirt_road/
11/14/2024 16:56:02 - INFO - root - Image have been saved in /shenzihe/WD-Disk/output/exp/fancy_boot/checkpoint-100/images/on_top_of_a_dirt_road/
11/14/2024 16:56:15 - INFO - root - Image have been saved in /shenzihe/WD-Disk/output/exp/fancy_boot/checkpoint-100/images/on_top_of_a_dirt_road/
11/14/2024 16:56:15 - INFO - __main__ - Running validation... 
 Generating 4 images with prompt:on top of a white rug.
11/14/2024 16:56:29 - INFO - root - Image have been saved in /shenzihe/WD-Disk/output/exp/fancy_boot/checkpoint-100/images/on_top_of_a_white_rug/
11/14/2024 16:56:42 - INFO - root - Image have been saved in /shenzihe/WD-Disk/output/exp/fancy_boot/checkpoint-100/images/on_top_of_a_white_rug/
11/14/2024 16:56:56 - INFO - root - Image have been saved in /shenzihe/WD-Disk/output/exp/fancy_boot/checkpoint-100/images/on_top_of_a_white_rug/
11/14/2024 16:57:09 - INFO - root - Image have been saved in /shenzihe/WD-Disk/output/exp/fancy_boot/checkpoint-100/images/on_top_of_a_white_rug/
11/14/2024 16:57:09 - INFO - __main__ - Running validation... 
 Generating 4 images with prompt:red.
11/14/2024 16:57:23 - INFO - root - Image have been saved in /shenzihe/WD-Disk/output/exp/fancy_boot/checkpoint-100/images/red/
11/14/2024 16:57:36 - INFO - root - Image have been saved in /shenzihe/WD-Disk/output/exp/fancy_boot/checkpoint-100/images/red/
11/14/2024 16:57:49 - INFO - root - Image have been saved in /shenzihe/WD-Disk/output/exp/fancy_boot/checkpoint-100/images/red/
11/14/2024 16:58:03 - INFO - root - Image have been saved in /shenzihe/WD-Disk/output/exp/fancy_boot/checkpoint-100/images/red/
11/14/2024 16:58:03 - INFO - __main__ - Running validation... 
 Generating 4 images with prompt:purple.
11/14/2024 16:58:16 - INFO - root - Image have been saved in /shenzihe/WD-Disk/output/exp/fancy_boot/checkpoint-100/images/purple/
11/14/2024 16:58:30 - INFO - root - Image have been saved in /shenzihe/WD-Disk/output/exp/fancy_boot/checkpoint-100/images/purple/
11/14/2024 16:58:43 - INFO - root - Image have been saved in /shenzihe/WD-Disk/output/exp/fancy_boot/checkpoint-100/images/purple/
11/14/2024 16:58:57 - INFO - root - Image have been saved in /shenzihe/WD-Disk/output/exp/fancy_boot/checkpoint-100/images/purple/
11/14/2024 16:58:57 - INFO - __main__ - Running validation... 
 Generating 4 images with prompt:shiny.
11/14/2024 16:59:10 - INFO - root - Image have been saved in /shenzihe/WD-Disk/output/exp/fancy_boot/checkpoint-100/images/shiny/
11/14/2024 16:59:23 - INFO - root - Image have been saved in /shenzihe/WD-Disk/output/exp/fancy_boot/checkpoint-100/images/shiny/
11/14/2024 16:59:37 - INFO - root - Image have been saved in /shenzihe/WD-Disk/output/exp/fancy_boot/checkpoint-100/images/shiny/
11/14/2024 16:59:50 - INFO - root - Image have been saved in /shenzihe/WD-Disk/output/exp/fancy_boot/checkpoint-100/images/shiny/
11/14/2024 16:59:50 - INFO - __main__ - Running validation... 
 Generating 4 images with prompt:wet.
11/14/2024 17:00:04 - INFO - root - Image have been saved in /shenzihe/WD-Disk/output/exp/fancy_boot/checkpoint-100/images/wet/
11/14/2024 17:00:17 - INFO - root - Image have been saved in /shenzihe/WD-Disk/output/exp/fancy_boot/checkpoint-100/images/wet/
11/14/2024 17:00:31 - INFO - root - Image have been saved in /shenzihe/WD-Disk/output/exp/fancy_boot/checkpoint-100/images/wet/
11/14/2024 17:00:44 - INFO - root - Image have been saved in /shenzihe/WD-Disk/output/exp/fancy_boot/checkpoint-100/images/wet/
11/14/2024 17:00:44 - INFO - __main__ - Running validation... 
 Generating 4 images with prompt:cube shaped.
11/14/2024 17:00:57 - INFO - root - Image have been saved in /shenzihe/WD-Disk/output/exp/fancy_boot/checkpoint-100/images/cube_shaped/
11/14/2024 17:01:11 - INFO - root - Image have been saved in /shenzihe/WD-Disk/output/exp/fancy_boot/checkpoint-100/images/cube_shaped/
11/14/2024 17:01:24 - INFO - root - Image have been saved in /shenzihe/WD-Disk/output/exp/fancy_boot/checkpoint-100/images/cube_shaped/
11/14/2024 17:01:38 - INFO - root - Image have been saved in /shenzihe/WD-Disk/output/exp/fancy_boot/checkpoint-100/images/cube_shaped/
