11/14/2024 14:09:48 - INFO - __main__ - Distributed environment: NO
Num processes: 1
Process index: 0
Local process index: 0
Device: cuda

Mixed precision type: no

11/14/2024 14:09:50 - INFO - root - freeze vision encoder
11/14/2024 14:10:00 - INFO - root - Loading pretrained model from /root/.cache/torch/hub/checkpoints/blip-diffusion
11/14/2024 14:10:00 - INFO - root - Loading pretrained BLIP2 Qformer weights.
11/14/2024 14:10:02 - INFO - root - Loading pretrained projection lyer weights.
11/14/2024 14:10:02 - INFO - root - Loading pretrained text encoder weights.
11/14/2024 14:10:03 - INFO - root - Loading pretrained vae weights.
11/14/2024 14:10:03 - INFO - root - Loading pretrained unet weights.
11/14/2024 14:10:11 - INFO - root - Using xformers.
11/14/2024 14:10:11 - INFO - root - Building datasets...
11/14/2024 14:10:21 - INFO - root - freeze vision encoder
11/14/2024 14:10:52 - INFO - root - load checkpoint from https://storage.googleapis.com/sfr-vision-language-research/LAVIS/models/BLIP2/blip2_pretrained_flant5xl.pth
11/14/2024 14:10:53 - INFO - __main__ - 
***** Running training *****
11/14/2024 14:10:53 - INFO - __main__ -   Num examples = 5
11/14/2024 14:10:53 - INFO - __main__ -   Num batches each epoch = 2
11/14/2024 14:10:53 - INFO - __main__ -   Num Epochs = 50
11/14/2024 14:10:53 - INFO - __main__ -   Instantaneous batch size per device = 3
11/14/2024 14:10:53 - INFO - __main__ -   Total train batch size (w. parallel, distributed & accumulation) = 3
11/14/2024 14:10:53 - INFO - __main__ -   Gradient Accumulation steps = 1
11/14/2024 14:10:53 - INFO - __main__ -   Total optimization steps = 100
11/14/2024 14:15:39 - INFO - __main__ - Running validation... 
 Generating 4 images with prompt:in the jungle.
11/14/2024 14:15:53 - INFO - root - Image have been saved in /shenzihe/WD-Disk/output/exp/dog5/checkpoint-100/images/in_the_jungle/
11/14/2024 14:16:06 - INFO - root - Image have been saved in /shenzihe/WD-Disk/output/exp/dog5/checkpoint-100/images/in_the_jungle/
11/14/2024 14:16:19 - INFO - root - Image have been saved in /shenzihe/WD-Disk/output/exp/dog5/checkpoint-100/images/in_the_jungle/
11/14/2024 14:16:33 - INFO - root - Image have been saved in /shenzihe/WD-Disk/output/exp/dog5/checkpoint-100/images/in_the_jungle/
11/14/2024 14:16:33 - INFO - __main__ - Running validation... 
 Generating 4 images with prompt:in the snow.
11/14/2024 14:16:47 - INFO - root - Image have been saved in /shenzihe/WD-Disk/output/exp/dog5/checkpoint-100/images/in_the_snow/
11/14/2024 14:17:00 - INFO - root - Image have been saved in /shenzihe/WD-Disk/output/exp/dog5/checkpoint-100/images/in_the_snow/
11/14/2024 14:17:14 - INFO - root - Image have been saved in /shenzihe/WD-Disk/output/exp/dog5/checkpoint-100/images/in_the_snow/
11/14/2024 14:17:27 - INFO - root - Image have been saved in /shenzihe/WD-Disk/output/exp/dog5/checkpoint-100/images/in_the_snow/
11/14/2024 14:17:27 - INFO - __main__ - Running validation... 
 Generating 4 images with prompt:on the beach.
11/14/2024 14:17:40 - INFO - root - Image have been saved in /shenzihe/WD-Disk/output/exp/dog5/checkpoint-100/images/on_the_beach/
11/14/2024 14:17:54 - INFO - root - Image have been saved in /shenzihe/WD-Disk/output/exp/dog5/checkpoint-100/images/on_the_beach/
11/14/2024 14:18:07 - INFO - root - Image have been saved in /shenzihe/WD-Disk/output/exp/dog5/checkpoint-100/images/on_the_beach/
11/14/2024 14:18:20 - INFO - root - Image have been saved in /shenzihe/WD-Disk/output/exp/dog5/checkpoint-100/images/on_the_beach/
11/14/2024 14:18:20 - INFO - __main__ - Running validation... 
 Generating 4 images with prompt:on a cobblestone street.
11/14/2024 14:18:34 - INFO - root - Image have been saved in /shenzihe/WD-Disk/output/exp/dog5/checkpoint-100/images/on_a_cobblestone_street/
11/14/2024 14:18:47 - INFO - root - Image have been saved in /shenzihe/WD-Disk/output/exp/dog5/checkpoint-100/images/on_a_cobblestone_street/
11/14/2024 14:19:00 - INFO - root - Image have been saved in /shenzihe/WD-Disk/output/exp/dog5/checkpoint-100/images/on_a_cobblestone_street/
11/14/2024 14:19:14 - INFO - root - Image have been saved in /shenzihe/WD-Disk/output/exp/dog5/checkpoint-100/images/on_a_cobblestone_street/
11/14/2024 14:19:14 - INFO - __main__ - Running validation... 
 Generating 4 images with prompt:on top of pink fabric.
11/14/2024 14:19:27 - INFO - root - Image have been saved in /shenzihe/WD-Disk/output/exp/dog5/checkpoint-100/images/on_top_of_pink_fabric/
11/14/2024 14:19:41 - INFO - root - Image have been saved in /shenzihe/WD-Disk/output/exp/dog5/checkpoint-100/images/on_top_of_pink_fabric/
11/14/2024 14:19:54 - INFO - root - Image have been saved in /shenzihe/WD-Disk/output/exp/dog5/checkpoint-100/images/on_top_of_pink_fabric/
11/14/2024 14:20:07 - INFO - root - Image have been saved in /shenzihe/WD-Disk/output/exp/dog5/checkpoint-100/images/on_top_of_pink_fabric/
11/14/2024 14:20:07 - INFO - __main__ - Running validation... 
 Generating 4 images with prompt:on top of a wooden floor.
11/14/2024 14:20:21 - INFO - root - Image have been saved in /shenzihe/WD-Disk/output/exp/dog5/checkpoint-100/images/on_top_of_a_wooden_floor/
11/14/2024 14:20:34 - INFO - root - Image have been saved in /shenzihe/WD-Disk/output/exp/dog5/checkpoint-100/images/on_top_of_a_wooden_floor/
11/14/2024 14:20:47 - INFO - root - Image have been saved in /shenzihe/WD-Disk/output/exp/dog5/checkpoint-100/images/on_top_of_a_wooden_floor/
11/14/2024 14:21:01 - INFO - root - Image have been saved in /shenzihe/WD-Disk/output/exp/dog5/checkpoint-100/images/on_top_of_a_wooden_floor/
11/14/2024 14:21:01 - INFO - __main__ - Running validation... 
 Generating 4 images with prompt:with a city in the background.
11/14/2024 14:21:14 - INFO - root - Image have been saved in /shenzihe/WD-Disk/output/exp/dog5/checkpoint-100/images/with_a_city_in_the_background/
11/14/2024 14:21:27 - INFO - root - Image have been saved in /shenzihe/WD-Disk/output/exp/dog5/checkpoint-100/images/with_a_city_in_the_background/
11/14/2024 14:21:41 - INFO - root - Image have been saved in /shenzihe/WD-Disk/output/exp/dog5/checkpoint-100/images/with_a_city_in_the_background/
11/14/2024 14:21:54 - INFO - root - Image have been saved in /shenzihe/WD-Disk/output/exp/dog5/checkpoint-100/images/with_a_city_in_the_background/
11/14/2024 14:21:54 - INFO - __main__ - Running validation... 
 Generating 4 images with prompt:with a mountain in the background.
11/14/2024 14:22:07 - INFO - root - Image have been saved in /shenzihe/WD-Disk/output/exp/dog5/checkpoint-100/images/with_a_mountain_in_the_background/
11/14/2024 14:22:21 - INFO - root - Image have been saved in /shenzihe/WD-Disk/output/exp/dog5/checkpoint-100/images/with_a_mountain_in_the_background/
11/14/2024 14:22:34 - INFO - root - Image have been saved in /shenzihe/WD-Disk/output/exp/dog5/checkpoint-100/images/with_a_mountain_in_the_background/
11/14/2024 14:22:48 - INFO - root - Image have been saved in /shenzihe/WD-Disk/output/exp/dog5/checkpoint-100/images/with_a_mountain_in_the_background/
11/14/2024 14:22:48 - INFO - __main__ - Running validation... 
 Generating 4 images with prompt:with a blue house in the background.
11/14/2024 14:23:01 - INFO - root - Image have been saved in /shenzihe/WD-Disk/output/exp/dog5/checkpoint-100/images/with_a_blue_house_in_the_background/
11/14/2024 14:23:14 - INFO - root - Image have been saved in /shenzihe/WD-Disk/output/exp/dog5/checkpoint-100/images/with_a_blue_house_in_the_background/
11/14/2024 14:23:28 - INFO - root - Image have been saved in /shenzihe/WD-Disk/output/exp/dog5/checkpoint-100/images/with_a_blue_house_in_the_background/
11/14/2024 14:23:41 - INFO - root - Image have been saved in /shenzihe/WD-Disk/output/exp/dog5/checkpoint-100/images/with_a_blue_house_in_the_background/
11/14/2024 14:23:41 - INFO - __main__ - Running validation... 
 Generating 4 images with prompt:on top of a purple rug in a forest.
11/14/2024 14:23:54 - INFO - root - Image have been saved in /shenzihe/WD-Disk/output/exp/dog5/checkpoint-100/images/on_top_of_a_purple_rug_in_a_forest/
11/14/2024 14:24:08 - INFO - root - Image have been saved in /shenzihe/WD-Disk/output/exp/dog5/checkpoint-100/images/on_top_of_a_purple_rug_in_a_forest/
11/14/2024 14:24:21 - INFO - root - Image have been saved in /shenzihe/WD-Disk/output/exp/dog5/checkpoint-100/images/on_top_of_a_purple_rug_in_a_forest/
11/14/2024 14:24:34 - INFO - root - Image have been saved in /shenzihe/WD-Disk/output/exp/dog5/checkpoint-100/images/on_top_of_a_purple_rug_in_a_forest/
11/14/2024 14:24:34 - INFO - __main__ - Running validation... 
 Generating 4 images with prompt:with a wheat field in the background.
11/14/2024 14:24:48 - INFO - root - Image have been saved in /shenzihe/WD-Disk/output/exp/dog5/checkpoint-100/images/with_a_wheat_field_in_the_background/
11/14/2024 14:25:01 - INFO - root - Image have been saved in /shenzihe/WD-Disk/output/exp/dog5/checkpoint-100/images/with_a_wheat_field_in_the_background/
11/14/2024 14:25:14 - INFO - root - Image have been saved in /shenzihe/WD-Disk/output/exp/dog5/checkpoint-100/images/with_a_wheat_field_in_the_background/
11/14/2024 14:25:28 - INFO - root - Image have been saved in /shenzihe/WD-Disk/output/exp/dog5/checkpoint-100/images/with_a_wheat_field_in_the_background/
11/14/2024 14:25:28 - INFO - __main__ - Running validation... 
 Generating 4 images with prompt:with a tree and autumn leaves in the background.
11/14/2024 14:25:41 - INFO - root - Image have been saved in /shenzihe/WD-Disk/output/exp/dog5/checkpoint-100/images/with_a_tree_and_autumn_leaves_in_the_background/
11/14/2024 14:25:54 - INFO - root - Image have been saved in /shenzihe/WD-Disk/output/exp/dog5/checkpoint-100/images/with_a_tree_and_autumn_leaves_in_the_background/
11/14/2024 14:26:08 - INFO - root - Image have been saved in /shenzihe/WD-Disk/output/exp/dog5/checkpoint-100/images/with_a_tree_and_autumn_leaves_in_the_background/
11/14/2024 14:26:21 - INFO - root - Image have been saved in /shenzihe/WD-Disk/output/exp/dog5/checkpoint-100/images/with_a_tree_and_autumn_leaves_in_the_background/
11/14/2024 14:26:21 - INFO - __main__ - Running validation... 
 Generating 4 images with prompt:with the Eiffel Tower in the background.
11/14/2024 14:26:35 - INFO - root - Image have been saved in /shenzihe/WD-Disk/output/exp/dog5/checkpoint-100/images/with_the_Eiffel_Tower_in_the_background/
11/14/2024 14:26:48 - INFO - root - Image have been saved in /shenzihe/WD-Disk/output/exp/dog5/checkpoint-100/images/with_the_Eiffel_Tower_in_the_background/
11/14/2024 14:27:01 - INFO - root - Image have been saved in /shenzihe/WD-Disk/output/exp/dog5/checkpoint-100/images/with_the_Eiffel_Tower_in_the_background/
11/14/2024 14:27:15 - INFO - root - Image have been saved in /shenzihe/WD-Disk/output/exp/dog5/checkpoint-100/images/with_the_Eiffel_Tower_in_the_background/
11/14/2024 14:27:15 - INFO - __main__ - Running validation... 
 Generating 4 images with prompt:floating on top of water.
11/14/2024 14:27:28 - INFO - root - Image have been saved in /shenzihe/WD-Disk/output/exp/dog5/checkpoint-100/images/floating_on_top_of_water/
11/14/2024 14:27:41 - INFO - root - Image have been saved in /shenzihe/WD-Disk/output/exp/dog5/checkpoint-100/images/floating_on_top_of_water/
11/14/2024 14:27:55 - INFO - root - Image have been saved in /shenzihe/WD-Disk/output/exp/dog5/checkpoint-100/images/floating_on_top_of_water/
11/14/2024 14:28:08 - INFO - root - Image have been saved in /shenzihe/WD-Disk/output/exp/dog5/checkpoint-100/images/floating_on_top_of_water/
11/14/2024 14:28:08 - INFO - __main__ - Running validation... 
 Generating 4 images with prompt:floating in an ocean of milk.
11/14/2024 14:28:21 - INFO - root - Image have been saved in /shenzihe/WD-Disk/output/exp/dog5/checkpoint-100/images/floating_in_an_ocean_of_milk/
11/14/2024 14:28:35 - INFO - root - Image have been saved in /shenzihe/WD-Disk/output/exp/dog5/checkpoint-100/images/floating_in_an_ocean_of_milk/
11/14/2024 14:28:48 - INFO - root - Image have been saved in /shenzihe/WD-Disk/output/exp/dog5/checkpoint-100/images/floating_in_an_ocean_of_milk/
11/14/2024 14:29:02 - INFO - root - Image have been saved in /shenzihe/WD-Disk/output/exp/dog5/checkpoint-100/images/floating_in_an_ocean_of_milk/
11/14/2024 14:29:02 - INFO - __main__ - Running validation... 
 Generating 4 images with prompt:on top of green grass with sunflowers around it.
11/14/2024 14:29:15 - INFO - root - Image have been saved in /shenzihe/WD-Disk/output/exp/dog5/checkpoint-100/images/on_top_of_green_grass_with_sunflowers_around_it/
11/14/2024 14:29:28 - INFO - root - Image have been saved in /shenzihe/WD-Disk/output/exp/dog5/checkpoint-100/images/on_top_of_green_grass_with_sunflowers_around_it/
11/14/2024 14:29:42 - INFO - root - Image have been saved in /shenzihe/WD-Disk/output/exp/dog5/checkpoint-100/images/on_top_of_green_grass_with_sunflowers_around_it/
11/14/2024 14:29:55 - INFO - root - Image have been saved in /shenzihe/WD-Disk/output/exp/dog5/checkpoint-100/images/on_top_of_green_grass_with_sunflowers_around_it/
11/14/2024 14:29:55 - INFO - __main__ - Running validation... 
 Generating 4 images with prompt:on top of a mirror.
11/14/2024 14:30:08 - INFO - root - Image have been saved in /shenzihe/WD-Disk/output/exp/dog5/checkpoint-100/images/on_top_of_a_mirror/
11/14/2024 14:30:22 - INFO - root - Image have been saved in /shenzihe/WD-Disk/output/exp/dog5/checkpoint-100/images/on_top_of_a_mirror/
11/14/2024 14:30:35 - INFO - root - Image have been saved in /shenzihe/WD-Disk/output/exp/dog5/checkpoint-100/images/on_top_of_a_mirror/
11/14/2024 14:30:48 - INFO - root - Image have been saved in /shenzihe/WD-Disk/output/exp/dog5/checkpoint-100/images/on_top_of_a_mirror/
11/14/2024 14:30:48 - INFO - __main__ - Running validation... 
 Generating 4 images with prompt:on top of the sidewalk in a crowded street.
11/14/2024 14:31:02 - INFO - root - Image have been saved in /shenzihe/WD-Disk/output/exp/dog5/checkpoint-100/images/on_top_of_the_sidewalk_in_a_crowded_street/
11/14/2024 14:31:15 - INFO - root - Image have been saved in /shenzihe/WD-Disk/output/exp/dog5/checkpoint-100/images/on_top_of_the_sidewalk_in_a_crowded_street/
11/14/2024 14:31:28 - INFO - root - Image have been saved in /shenzihe/WD-Disk/output/exp/dog5/checkpoint-100/images/on_top_of_the_sidewalk_in_a_crowded_street/
11/14/2024 14:31:42 - INFO - root - Image have been saved in /shenzihe/WD-Disk/output/exp/dog5/checkpoint-100/images/on_top_of_the_sidewalk_in_a_crowded_street/
11/14/2024 14:31:42 - INFO - __main__ - Running validation... 
 Generating 4 images with prompt:on top of a dirt road.
11/14/2024 14:31:55 - INFO - root - Image have been saved in /shenzihe/WD-Disk/output/exp/dog5/checkpoint-100/images/on_top_of_a_dirt_road/
11/14/2024 14:32:08 - INFO - root - Image have been saved in /shenzihe/WD-Disk/output/exp/dog5/checkpoint-100/images/on_top_of_a_dirt_road/
11/14/2024 14:32:22 - INFO - root - Image have been saved in /shenzihe/WD-Disk/output/exp/dog5/checkpoint-100/images/on_top_of_a_dirt_road/
11/14/2024 14:32:35 - INFO - root - Image have been saved in /shenzihe/WD-Disk/output/exp/dog5/checkpoint-100/images/on_top_of_a_dirt_road/
11/14/2024 14:32:35 - INFO - __main__ - Running validation... 
 Generating 4 images with prompt:on top of a white rug.
11/14/2024 14:32:48 - INFO - root - Image have been saved in /shenzihe/WD-Disk/output/exp/dog5/checkpoint-100/images/on_top_of_a_white_rug/
11/14/2024 14:33:02 - INFO - root - Image have been saved in /shenzihe/WD-Disk/output/exp/dog5/checkpoint-100/images/on_top_of_a_white_rug/
11/14/2024 14:33:15 - INFO - root - Image have been saved in /shenzihe/WD-Disk/output/exp/dog5/checkpoint-100/images/on_top_of_a_white_rug/
11/14/2024 14:33:28 - INFO - root - Image have been saved in /shenzihe/WD-Disk/output/exp/dog5/checkpoint-100/images/on_top_of_a_white_rug/
11/14/2024 14:33:28 - INFO - __main__ - Running validation... 
 Generating 4 images with prompt:red.
11/14/2024 14:33:42 - INFO - root - Image have been saved in /shenzihe/WD-Disk/output/exp/dog5/checkpoint-100/images/red/
11/14/2024 14:33:55 - INFO - root - Image have been saved in /shenzihe/WD-Disk/output/exp/dog5/checkpoint-100/images/red/
11/14/2024 14:34:09 - INFO - root - Image have been saved in /shenzihe/WD-Disk/output/exp/dog5/checkpoint-100/images/red/
11/14/2024 14:34:22 - INFO - root - Image have been saved in /shenzihe/WD-Disk/output/exp/dog5/checkpoint-100/images/red/
11/14/2024 14:34:22 - INFO - __main__ - Running validation... 
 Generating 4 images with prompt:purple.
11/14/2024 14:34:35 - INFO - root - Image have been saved in /shenzihe/WD-Disk/output/exp/dog5/checkpoint-100/images/purple/
11/14/2024 14:34:49 - INFO - root - Image have been saved in /shenzihe/WD-Disk/output/exp/dog5/checkpoint-100/images/purple/
11/14/2024 14:35:02 - INFO - root - Image have been saved in /shenzihe/WD-Disk/output/exp/dog5/checkpoint-100/images/purple/
11/14/2024 14:35:15 - INFO - root - Image have been saved in /shenzihe/WD-Disk/output/exp/dog5/checkpoint-100/images/purple/
11/14/2024 14:35:15 - INFO - __main__ - Running validation... 
 Generating 4 images with prompt:shiny.
11/14/2024 14:35:29 - INFO - root - Image have been saved in /shenzihe/WD-Disk/output/exp/dog5/checkpoint-100/images/shiny/
11/14/2024 14:35:42 - INFO - root - Image have been saved in /shenzihe/WD-Disk/output/exp/dog5/checkpoint-100/images/shiny/
11/14/2024 14:35:55 - INFO - root - Image have been saved in /shenzihe/WD-Disk/output/exp/dog5/checkpoint-100/images/shiny/
11/14/2024 14:36:09 - INFO - root - Image have been saved in /shenzihe/WD-Disk/output/exp/dog5/checkpoint-100/images/shiny/
11/14/2024 14:36:09 - INFO - __main__ - Running validation... 
 Generating 4 images with prompt:wet.
11/14/2024 14:36:22 - INFO - root - Image have been saved in /shenzihe/WD-Disk/output/exp/dog5/checkpoint-100/images/wet/
11/14/2024 14:36:35 - INFO - root - Image have been saved in /shenzihe/WD-Disk/output/exp/dog5/checkpoint-100/images/wet/
11/14/2024 14:36:49 - INFO - root - Image have been saved in /shenzihe/WD-Disk/output/exp/dog5/checkpoint-100/images/wet/
11/14/2024 14:37:02 - INFO - root - Image have been saved in /shenzihe/WD-Disk/output/exp/dog5/checkpoint-100/images/wet/
11/14/2024 14:37:02 - INFO - __main__ - Running validation... 
 Generating 4 images with prompt:cube shaped.
11/14/2024 14:37:16 - INFO - root - Image have been saved in /shenzihe/WD-Disk/output/exp/dog5/checkpoint-100/images/cube_shaped/
11/14/2024 14:37:29 - INFO - root - Image have been saved in /shenzihe/WD-Disk/output/exp/dog5/checkpoint-100/images/cube_shaped/
11/14/2024 14:37:42 - INFO - root - Image have been saved in /shenzihe/WD-Disk/output/exp/dog5/checkpoint-100/images/cube_shaped/
11/14/2024 14:37:56 - INFO - root - Image have been saved in /shenzihe/WD-Disk/output/exp/dog5/checkpoint-100/images/cube_shaped/
