11/18/2024 02:15:06 - INFO - __main__ - Distributed environment: NO
Num processes: 1
Process index: 0
Local process index: 0
Device: cuda

Mixed precision type: no

11/18/2024 02:15:09 - INFO - root - freeze vision encoder
11/18/2024 02:15:20 - INFO - root - Loading pretrained model from /root/.cache/torch/hub/checkpoints/blip-diffusion
11/18/2024 02:15:20 - INFO - root - Loading pretrained BLIP2 Qformer weights.
11/18/2024 02:15:22 - INFO - root - Loading pretrained projection lyer weights.
11/18/2024 02:15:22 - INFO - root - Loading pretrained text encoder weights.
11/18/2024 02:15:22 - INFO - root - Loading pretrained vae weights.
11/18/2024 02:15:23 - INFO - root - Loading pretrained unet weights.
11/18/2024 02:15:30 - INFO - root - Using xformers.
11/18/2024 02:15:30 - INFO - root - Building datasets...
11/18/2024 02:15:41 - INFO - root - freeze vision encoder
11/18/2024 02:16:07 - INFO - root - load checkpoint from https://storage.googleapis.com/sfr-vision-language-research/LAVIS/models/BLIP2/blip2_pretrained_flant5xl.pth
11/18/2024 02:16:08 - INFO - __main__ - 
***** Running training *****
11/18/2024 02:16:08 - INFO - __main__ -   Num examples = 6
11/18/2024 02:16:08 - INFO - __main__ -   Num batches each epoch = 2
11/18/2024 02:16:08 - INFO - __main__ -   Num Epochs = 50
11/18/2024 02:16:08 - INFO - __main__ -   Instantaneous batch size per device = 3
11/18/2024 02:16:08 - INFO - __main__ -   Total train batch size (w. parallel, distributed & accumulation) = 3
11/18/2024 02:16:08 - INFO - __main__ -   Gradient Accumulation steps = 1
11/18/2024 02:16:08 - INFO - __main__ -   Total optimization steps = 100
11/18/2024 02:21:44 - INFO - __main__ - Running validation... 
 Generating 4 images with prompt:in the jungle.
11/18/2024 02:21:57 - INFO - root - Image have been saved in /shenzihe/WD-Disk/output/exp3/pink_sunglasses/checkpoint-100/images/in_the_jungle/
11/18/2024 02:22:11 - INFO - root - Image have been saved in /shenzihe/WD-Disk/output/exp3/pink_sunglasses/checkpoint-100/images/in_the_jungle/
11/18/2024 02:22:25 - INFO - root - Image have been saved in /shenzihe/WD-Disk/output/exp3/pink_sunglasses/checkpoint-100/images/in_the_jungle/
11/18/2024 02:22:39 - INFO - root - Image have been saved in /shenzihe/WD-Disk/output/exp3/pink_sunglasses/checkpoint-100/images/in_the_jungle/
11/18/2024 02:22:39 - INFO - __main__ - Running validation... 
 Generating 4 images with prompt:in the snow.
11/18/2024 02:22:52 - INFO - root - Image have been saved in /shenzihe/WD-Disk/output/exp3/pink_sunglasses/checkpoint-100/images/in_the_snow/
11/18/2024 02:23:06 - INFO - root - Image have been saved in /shenzihe/WD-Disk/output/exp3/pink_sunglasses/checkpoint-100/images/in_the_snow/
11/18/2024 02:23:20 - INFO - root - Image have been saved in /shenzihe/WD-Disk/output/exp3/pink_sunglasses/checkpoint-100/images/in_the_snow/
11/18/2024 02:23:33 - INFO - root - Image have been saved in /shenzihe/WD-Disk/output/exp3/pink_sunglasses/checkpoint-100/images/in_the_snow/
11/18/2024 02:23:33 - INFO - __main__ - Running validation... 
 Generating 4 images with prompt:on the beach.
11/18/2024 02:23:47 - INFO - root - Image have been saved in /shenzihe/WD-Disk/output/exp3/pink_sunglasses/checkpoint-100/images/on_the_beach/
11/18/2024 02:24:01 - INFO - root - Image have been saved in /shenzihe/WD-Disk/output/exp3/pink_sunglasses/checkpoint-100/images/on_the_beach/
11/18/2024 02:24:14 - INFO - root - Image have been saved in /shenzihe/WD-Disk/output/exp3/pink_sunglasses/checkpoint-100/images/on_the_beach/
11/18/2024 02:24:28 - INFO - root - Image have been saved in /shenzihe/WD-Disk/output/exp3/pink_sunglasses/checkpoint-100/images/on_the_beach/
11/18/2024 02:24:28 - INFO - __main__ - Running validation... 
 Generating 4 images with prompt:on a cobblestone street.
11/18/2024 02:24:41 - INFO - root - Image have been saved in /shenzihe/WD-Disk/output/exp3/pink_sunglasses/checkpoint-100/images/on_a_cobblestone_street/
11/18/2024 02:24:55 - INFO - root - Image have been saved in /shenzihe/WD-Disk/output/exp3/pink_sunglasses/checkpoint-100/images/on_a_cobblestone_street/
11/18/2024 02:25:09 - INFO - root - Image have been saved in /shenzihe/WD-Disk/output/exp3/pink_sunglasses/checkpoint-100/images/on_a_cobblestone_street/
11/18/2024 02:25:22 - INFO - root - Image have been saved in /shenzihe/WD-Disk/output/exp3/pink_sunglasses/checkpoint-100/images/on_a_cobblestone_street/
11/18/2024 02:25:22 - INFO - __main__ - Running validation... 
 Generating 4 images with prompt:on top of pink fabric.
11/18/2024 02:25:36 - INFO - root - Image have been saved in /shenzihe/WD-Disk/output/exp3/pink_sunglasses/checkpoint-100/images/on_top_of_pink_fabric/
11/18/2024 02:25:50 - INFO - root - Image have been saved in /shenzihe/WD-Disk/output/exp3/pink_sunglasses/checkpoint-100/images/on_top_of_pink_fabric/
11/18/2024 02:26:03 - INFO - root - Image have been saved in /shenzihe/WD-Disk/output/exp3/pink_sunglasses/checkpoint-100/images/on_top_of_pink_fabric/
11/18/2024 02:26:17 - INFO - root - Image have been saved in /shenzihe/WD-Disk/output/exp3/pink_sunglasses/checkpoint-100/images/on_top_of_pink_fabric/
11/18/2024 02:26:17 - INFO - __main__ - Running validation... 
 Generating 4 images with prompt:on top of a wooden floor.
11/18/2024 02:26:31 - INFO - root - Image have been saved in /shenzihe/WD-Disk/output/exp3/pink_sunglasses/checkpoint-100/images/on_top_of_a_wooden_floor/
11/18/2024 02:26:44 - INFO - root - Image have been saved in /shenzihe/WD-Disk/output/exp3/pink_sunglasses/checkpoint-100/images/on_top_of_a_wooden_floor/
11/18/2024 02:26:58 - INFO - root - Image have been saved in /shenzihe/WD-Disk/output/exp3/pink_sunglasses/checkpoint-100/images/on_top_of_a_wooden_floor/
11/18/2024 02:27:12 - INFO - root - Image have been saved in /shenzihe/WD-Disk/output/exp3/pink_sunglasses/checkpoint-100/images/on_top_of_a_wooden_floor/
11/18/2024 02:27:12 - INFO - __main__ - Running validation... 
 Generating 4 images with prompt:with a city in the background.
11/18/2024 02:27:25 - INFO - root - Image have been saved in /shenzihe/WD-Disk/output/exp3/pink_sunglasses/checkpoint-100/images/with_a_city_in_the_background/
11/18/2024 02:27:39 - INFO - root - Image have been saved in /shenzihe/WD-Disk/output/exp3/pink_sunglasses/checkpoint-100/images/with_a_city_in_the_background/
11/18/2024 02:27:53 - INFO - root - Image have been saved in /shenzihe/WD-Disk/output/exp3/pink_sunglasses/checkpoint-100/images/with_a_city_in_the_background/
11/18/2024 02:28:06 - INFO - root - Image have been saved in /shenzihe/WD-Disk/output/exp3/pink_sunglasses/checkpoint-100/images/with_a_city_in_the_background/
11/18/2024 02:28:06 - INFO - __main__ - Running validation... 
 Generating 4 images with prompt:with a mountain in the background.
11/18/2024 02:28:20 - INFO - root - Image have been saved in /shenzihe/WD-Disk/output/exp3/pink_sunglasses/checkpoint-100/images/with_a_mountain_in_the_background/
11/18/2024 02:28:34 - INFO - root - Image have been saved in /shenzihe/WD-Disk/output/exp3/pink_sunglasses/checkpoint-100/images/with_a_mountain_in_the_background/
11/18/2024 02:28:47 - INFO - root - Image have been saved in /shenzihe/WD-Disk/output/exp3/pink_sunglasses/checkpoint-100/images/with_a_mountain_in_the_background/
11/18/2024 02:29:01 - INFO - root - Image have been saved in /shenzihe/WD-Disk/output/exp3/pink_sunglasses/checkpoint-100/images/with_a_mountain_in_the_background/
11/18/2024 02:29:01 - INFO - __main__ - Running validation... 
 Generating 4 images with prompt:with a blue house in the background.
11/18/2024 02:29:15 - INFO - root - Image have been saved in /shenzihe/WD-Disk/output/exp3/pink_sunglasses/checkpoint-100/images/with_a_blue_house_in_the_background/
11/18/2024 02:29:28 - INFO - root - Image have been saved in /shenzihe/WD-Disk/output/exp3/pink_sunglasses/checkpoint-100/images/with_a_blue_house_in_the_background/
11/18/2024 02:29:42 - INFO - root - Image have been saved in /shenzihe/WD-Disk/output/exp3/pink_sunglasses/checkpoint-100/images/with_a_blue_house_in_the_background/
11/18/2024 02:29:56 - INFO - root - Image have been saved in /shenzihe/WD-Disk/output/exp3/pink_sunglasses/checkpoint-100/images/with_a_blue_house_in_the_background/
11/18/2024 02:29:56 - INFO - __main__ - Running validation... 
 Generating 4 images with prompt:on top of a purple rug in a forest.
11/18/2024 02:30:09 - INFO - root - Image have been saved in /shenzihe/WD-Disk/output/exp3/pink_sunglasses/checkpoint-100/images/on_top_of_a_purple_rug_in_a_forest/
11/18/2024 02:30:23 - INFO - root - Image have been saved in /shenzihe/WD-Disk/output/exp3/pink_sunglasses/checkpoint-100/images/on_top_of_a_purple_rug_in_a_forest/
11/18/2024 02:30:37 - INFO - root - Image have been saved in /shenzihe/WD-Disk/output/exp3/pink_sunglasses/checkpoint-100/images/on_top_of_a_purple_rug_in_a_forest/
11/18/2024 02:30:50 - INFO - root - Image have been saved in /shenzihe/WD-Disk/output/exp3/pink_sunglasses/checkpoint-100/images/on_top_of_a_purple_rug_in_a_forest/
11/18/2024 02:30:50 - INFO - __main__ - Running validation... 
 Generating 4 images with prompt:with a wheat field in the background.
11/18/2024 02:31:04 - INFO - root - Image have been saved in /shenzihe/WD-Disk/output/exp3/pink_sunglasses/checkpoint-100/images/with_a_wheat_field_in_the_background/
11/18/2024 02:31:18 - INFO - root - Image have been saved in /shenzihe/WD-Disk/output/exp3/pink_sunglasses/checkpoint-100/images/with_a_wheat_field_in_the_background/
11/18/2024 02:31:31 - INFO - root - Image have been saved in /shenzihe/WD-Disk/output/exp3/pink_sunglasses/checkpoint-100/images/with_a_wheat_field_in_the_background/
11/18/2024 02:31:45 - INFO - root - Image have been saved in /shenzihe/WD-Disk/output/exp3/pink_sunglasses/checkpoint-100/images/with_a_wheat_field_in_the_background/
11/18/2024 02:31:45 - INFO - __main__ - Running validation... 
 Generating 4 images with prompt:with a tree and autumn leaves in the background.
11/18/2024 02:31:59 - INFO - root - Image have been saved in /shenzihe/WD-Disk/output/exp3/pink_sunglasses/checkpoint-100/images/with_a_tree_and_autumn_leaves_in_the_background/
11/18/2024 02:32:12 - INFO - root - Image have been saved in /shenzihe/WD-Disk/output/exp3/pink_sunglasses/checkpoint-100/images/with_a_tree_and_autumn_leaves_in_the_background/
11/18/2024 02:32:26 - INFO - root - Image have been saved in /shenzihe/WD-Disk/output/exp3/pink_sunglasses/checkpoint-100/images/with_a_tree_and_autumn_leaves_in_the_background/
11/18/2024 02:32:39 - INFO - root - Image have been saved in /shenzihe/WD-Disk/output/exp3/pink_sunglasses/checkpoint-100/images/with_a_tree_and_autumn_leaves_in_the_background/
11/18/2024 02:32:39 - INFO - __main__ - Running validation... 
 Generating 4 images with prompt:with the Eiffel Tower in the background.
11/18/2024 02:32:53 - INFO - root - Image have been saved in /shenzihe/WD-Disk/output/exp3/pink_sunglasses/checkpoint-100/images/with_the_Eiffel_Tower_in_the_background/
11/18/2024 02:33:07 - INFO - root - Image have been saved in /shenzihe/WD-Disk/output/exp3/pink_sunglasses/checkpoint-100/images/with_the_Eiffel_Tower_in_the_background/
11/18/2024 02:33:21 - INFO - root - Image have been saved in /shenzihe/WD-Disk/output/exp3/pink_sunglasses/checkpoint-100/images/with_the_Eiffel_Tower_in_the_background/
11/18/2024 02:33:34 - INFO - root - Image have been saved in /shenzihe/WD-Disk/output/exp3/pink_sunglasses/checkpoint-100/images/with_the_Eiffel_Tower_in_the_background/
11/18/2024 02:33:34 - INFO - __main__ - Running validation... 
 Generating 4 images with prompt:floating on top of water.
11/18/2024 02:33:48 - INFO - root - Image have been saved in /shenzihe/WD-Disk/output/exp3/pink_sunglasses/checkpoint-100/images/floating_on_top_of_water/
11/18/2024 02:34:02 - INFO - root - Image have been saved in /shenzihe/WD-Disk/output/exp3/pink_sunglasses/checkpoint-100/images/floating_on_top_of_water/
11/18/2024 02:34:15 - INFO - root - Image have been saved in /shenzihe/WD-Disk/output/exp3/pink_sunglasses/checkpoint-100/images/floating_on_top_of_water/
11/18/2024 02:34:29 - INFO - root - Image have been saved in /shenzihe/WD-Disk/output/exp3/pink_sunglasses/checkpoint-100/images/floating_on_top_of_water/
11/18/2024 02:34:29 - INFO - __main__ - Running validation... 
 Generating 4 images with prompt:floating in an ocean of milk.
11/18/2024 02:34:42 - INFO - root - Image have been saved in /shenzihe/WD-Disk/output/exp3/pink_sunglasses/checkpoint-100/images/floating_in_an_ocean_of_milk/
11/18/2024 02:34:56 - INFO - root - Image have been saved in /shenzihe/WD-Disk/output/exp3/pink_sunglasses/checkpoint-100/images/floating_in_an_ocean_of_milk/
11/18/2024 02:35:10 - INFO - root - Image have been saved in /shenzihe/WD-Disk/output/exp3/pink_sunglasses/checkpoint-100/images/floating_in_an_ocean_of_milk/
11/18/2024 02:35:23 - INFO - root - Image have been saved in /shenzihe/WD-Disk/output/exp3/pink_sunglasses/checkpoint-100/images/floating_in_an_ocean_of_milk/
11/18/2024 02:35:23 - INFO - __main__ - Running validation... 
 Generating 4 images with prompt:on top of green grass with sunflowers around it.
11/18/2024 02:35:37 - INFO - root - Image have been saved in /shenzihe/WD-Disk/output/exp3/pink_sunglasses/checkpoint-100/images/on_top_of_green_grass_with_sunflowers_around_it/
11/18/2024 02:35:51 - INFO - root - Image have been saved in /shenzihe/WD-Disk/output/exp3/pink_sunglasses/checkpoint-100/images/on_top_of_green_grass_with_sunflowers_around_it/
11/18/2024 02:36:04 - INFO - root - Image have been saved in /shenzihe/WD-Disk/output/exp3/pink_sunglasses/checkpoint-100/images/on_top_of_green_grass_with_sunflowers_around_it/
11/18/2024 02:36:18 - INFO - root - Image have been saved in /shenzihe/WD-Disk/output/exp3/pink_sunglasses/checkpoint-100/images/on_top_of_green_grass_with_sunflowers_around_it/
11/18/2024 02:36:18 - INFO - __main__ - Running validation... 
 Generating 4 images with prompt:on top of a mirror.
11/18/2024 02:36:32 - INFO - root - Image have been saved in /shenzihe/WD-Disk/output/exp3/pink_sunglasses/checkpoint-100/images/on_top_of_a_mirror/
11/18/2024 02:36:45 - INFO - root - Image have been saved in /shenzihe/WD-Disk/output/exp3/pink_sunglasses/checkpoint-100/images/on_top_of_a_mirror/
11/18/2024 02:36:59 - INFO - root - Image have been saved in /shenzihe/WD-Disk/output/exp3/pink_sunglasses/checkpoint-100/images/on_top_of_a_mirror/
11/18/2024 02:37:13 - INFO - root - Image have been saved in /shenzihe/WD-Disk/output/exp3/pink_sunglasses/checkpoint-100/images/on_top_of_a_mirror/
11/18/2024 02:37:13 - INFO - __main__ - Running validation... 
 Generating 4 images with prompt:on top of the sidewalk in a crowded street.
11/18/2024 02:37:26 - INFO - root - Image have been saved in /shenzihe/WD-Disk/output/exp3/pink_sunglasses/checkpoint-100/images/on_top_of_the_sidewalk_in_a_crowded_street/
11/18/2024 02:37:40 - INFO - root - Image have been saved in /shenzihe/WD-Disk/output/exp3/pink_sunglasses/checkpoint-100/images/on_top_of_the_sidewalk_in_a_crowded_street/
11/18/2024 02:37:54 - INFO - root - Image have been saved in /shenzihe/WD-Disk/output/exp3/pink_sunglasses/checkpoint-100/images/on_top_of_the_sidewalk_in_a_crowded_street/
11/18/2024 02:38:07 - INFO - root - Image have been saved in /shenzihe/WD-Disk/output/exp3/pink_sunglasses/checkpoint-100/images/on_top_of_the_sidewalk_in_a_crowded_street/
11/18/2024 02:38:07 - INFO - __main__ - Running validation... 
 Generating 4 images with prompt:on top of a dirt road.
11/18/2024 02:38:21 - INFO - root - Image have been saved in /shenzihe/WD-Disk/output/exp3/pink_sunglasses/checkpoint-100/images/on_top_of_a_dirt_road/
11/18/2024 02:38:35 - INFO - root - Image have been saved in /shenzihe/WD-Disk/output/exp3/pink_sunglasses/checkpoint-100/images/on_top_of_a_dirt_road/
11/18/2024 02:38:48 - INFO - root - Image have been saved in /shenzihe/WD-Disk/output/exp3/pink_sunglasses/checkpoint-100/images/on_top_of_a_dirt_road/
11/18/2024 02:39:02 - INFO - root - Image have been saved in /shenzihe/WD-Disk/output/exp3/pink_sunglasses/checkpoint-100/images/on_top_of_a_dirt_road/
11/18/2024 02:39:02 - INFO - __main__ - Running validation... 
 Generating 4 images with prompt:on top of a white rug.
11/18/2024 02:39:16 - INFO - root - Image have been saved in /shenzihe/WD-Disk/output/exp3/pink_sunglasses/checkpoint-100/images/on_top_of_a_white_rug/
11/18/2024 02:39:30 - INFO - root - Image have been saved in /shenzihe/WD-Disk/output/exp3/pink_sunglasses/checkpoint-100/images/on_top_of_a_white_rug/
11/18/2024 02:39:43 - INFO - root - Image have been saved in /shenzihe/WD-Disk/output/exp3/pink_sunglasses/checkpoint-100/images/on_top_of_a_white_rug/
11/18/2024 02:39:57 - INFO - root - Image have been saved in /shenzihe/WD-Disk/output/exp3/pink_sunglasses/checkpoint-100/images/on_top_of_a_white_rug/
11/18/2024 02:39:57 - INFO - __main__ - Running validation... 
 Generating 4 images with prompt:red.
11/18/2024 02:40:10 - INFO - root - Image have been saved in /shenzihe/WD-Disk/output/exp3/pink_sunglasses/checkpoint-100/images/red/
11/18/2024 02:40:24 - INFO - root - Image have been saved in /shenzihe/WD-Disk/output/exp3/pink_sunglasses/checkpoint-100/images/red/
11/18/2024 02:40:38 - INFO - root - Image have been saved in /shenzihe/WD-Disk/output/exp3/pink_sunglasses/checkpoint-100/images/red/
11/18/2024 02:40:52 - INFO - root - Image have been saved in /shenzihe/WD-Disk/output/exp3/pink_sunglasses/checkpoint-100/images/red/
11/18/2024 02:40:52 - INFO - __main__ - Running validation... 
 Generating 4 images with prompt:purple.
11/18/2024 02:41:05 - INFO - root - Image have been saved in /shenzihe/WD-Disk/output/exp3/pink_sunglasses/checkpoint-100/images/purple/
11/18/2024 02:41:19 - INFO - root - Image have been saved in /shenzihe/WD-Disk/output/exp3/pink_sunglasses/checkpoint-100/images/purple/
11/18/2024 02:41:32 - INFO - root - Image have been saved in /shenzihe/WD-Disk/output/exp3/pink_sunglasses/checkpoint-100/images/purple/
11/18/2024 02:41:46 - INFO - root - Image have been saved in /shenzihe/WD-Disk/output/exp3/pink_sunglasses/checkpoint-100/images/purple/
11/18/2024 02:41:46 - INFO - __main__ - Running validation... 
 Generating 4 images with prompt:shiny.
11/18/2024 02:42:00 - INFO - root - Image have been saved in /shenzihe/WD-Disk/output/exp3/pink_sunglasses/checkpoint-100/images/shiny/
11/18/2024 02:42:13 - INFO - root - Image have been saved in /shenzihe/WD-Disk/output/exp3/pink_sunglasses/checkpoint-100/images/shiny/
11/18/2024 02:42:27 - INFO - root - Image have been saved in /shenzihe/WD-Disk/output/exp3/pink_sunglasses/checkpoint-100/images/shiny/
11/18/2024 02:42:41 - INFO - root - Image have been saved in /shenzihe/WD-Disk/output/exp3/pink_sunglasses/checkpoint-100/images/shiny/
11/18/2024 02:42:41 - INFO - __main__ - Running validation... 
 Generating 4 images with prompt:wet.
11/18/2024 02:42:54 - INFO - root - Image have been saved in /shenzihe/WD-Disk/output/exp3/pink_sunglasses/checkpoint-100/images/wet/
11/18/2024 02:43:08 - INFO - root - Image have been saved in /shenzihe/WD-Disk/output/exp3/pink_sunglasses/checkpoint-100/images/wet/
11/18/2024 02:43:22 - INFO - root - Image have been saved in /shenzihe/WD-Disk/output/exp3/pink_sunglasses/checkpoint-100/images/wet/
11/18/2024 02:43:35 - INFO - root - Image have been saved in /shenzihe/WD-Disk/output/exp3/pink_sunglasses/checkpoint-100/images/wet/
11/18/2024 02:43:35 - INFO - __main__ - Running validation... 
 Generating 4 images with prompt:cube shaped.
11/18/2024 02:43:49 - INFO - root - Image have been saved in /shenzihe/WD-Disk/output/exp3/pink_sunglasses/checkpoint-100/images/cube_shaped/
11/18/2024 02:44:03 - INFO - root - Image have been saved in /shenzihe/WD-Disk/output/exp3/pink_sunglasses/checkpoint-100/images/cube_shaped/
11/18/2024 02:44:16 - INFO - root - Image have been saved in /shenzihe/WD-Disk/output/exp3/pink_sunglasses/checkpoint-100/images/cube_shaped/
11/18/2024 02:44:30 - INFO - root - Image have been saved in /shenzihe/WD-Disk/output/exp3/pink_sunglasses/checkpoint-100/images/cube_shaped/
