11/14/2024 14:38:07 - INFO - __main__ - Distributed environment: NO
Num processes: 1
Process index: 0
Local process index: 0
Device: cuda

Mixed precision type: no

11/14/2024 14:38:11 - INFO - root - freeze vision encoder
11/14/2024 14:38:21 - INFO - root - Loading pretrained model from /root/.cache/torch/hub/checkpoints/blip-diffusion
11/14/2024 14:38:21 - INFO - root - Loading pretrained BLIP2 Qformer weights.
11/14/2024 14:38:23 - INFO - root - Loading pretrained projection lyer weights.
11/14/2024 14:38:23 - INFO - root - Loading pretrained text encoder weights.
11/14/2024 14:38:23 - INFO - root - Loading pretrained vae weights.
11/14/2024 14:38:24 - INFO - root - Loading pretrained unet weights.
11/14/2024 14:38:32 - INFO - root - Using xformers.
11/14/2024 14:38:32 - INFO - root - Building datasets...
11/14/2024 14:38:42 - INFO - root - freeze vision encoder
11/14/2024 14:39:14 - INFO - root - load checkpoint from https://storage.googleapis.com/sfr-vision-language-research/LAVIS/models/BLIP2/blip2_pretrained_flant5xl.pth
11/14/2024 14:39:15 - INFO - __main__ - 
***** Running training *****
11/14/2024 14:39:15 - INFO - __main__ -   Num examples = 5
11/14/2024 14:39:15 - INFO - __main__ -   Num batches each epoch = 2
11/14/2024 14:39:15 - INFO - __main__ -   Num Epochs = 50
11/14/2024 14:39:15 - INFO - __main__ -   Instantaneous batch size per device = 3
11/14/2024 14:39:15 - INFO - __main__ -   Total train batch size (w. parallel, distributed & accumulation) = 3
11/14/2024 14:39:15 - INFO - __main__ -   Gradient Accumulation steps = 1
11/14/2024 14:39:15 - INFO - __main__ -   Total optimization steps = 100
11/14/2024 14:44:22 - INFO - __main__ - Running validation... 
 Generating 4 images with prompt:in the jungle.
11/14/2024 14:44:36 - INFO - root - Image have been saved in /shenzihe/WD-Disk/output/exp/dog6/checkpoint-100/images/in_the_jungle/
11/14/2024 14:44:49 - INFO - root - Image have been saved in /shenzihe/WD-Disk/output/exp/dog6/checkpoint-100/images/in_the_jungle/
11/14/2024 14:45:02 - INFO - root - Image have been saved in /shenzihe/WD-Disk/output/exp/dog6/checkpoint-100/images/in_the_jungle/
11/14/2024 14:45:16 - INFO - root - Image have been saved in /shenzihe/WD-Disk/output/exp/dog6/checkpoint-100/images/in_the_jungle/
11/14/2024 14:45:16 - INFO - __main__ - Running validation... 
 Generating 4 images with prompt:in the snow.
11/14/2024 14:45:29 - INFO - root - Image have been saved in /shenzihe/WD-Disk/output/exp/dog6/checkpoint-100/images/in_the_snow/
11/14/2024 14:45:43 - INFO - root - Image have been saved in /shenzihe/WD-Disk/output/exp/dog6/checkpoint-100/images/in_the_snow/
11/14/2024 14:45:56 - INFO - root - Image have been saved in /shenzihe/WD-Disk/output/exp/dog6/checkpoint-100/images/in_the_snow/
11/14/2024 14:46:09 - INFO - root - Image have been saved in /shenzihe/WD-Disk/output/exp/dog6/checkpoint-100/images/in_the_snow/
11/14/2024 14:46:09 - INFO - __main__ - Running validation... 
 Generating 4 images with prompt:on the beach.
11/14/2024 14:46:23 - INFO - root - Image have been saved in /shenzihe/WD-Disk/output/exp/dog6/checkpoint-100/images/on_the_beach/
11/14/2024 14:46:36 - INFO - root - Image have been saved in /shenzihe/WD-Disk/output/exp/dog6/checkpoint-100/images/on_the_beach/
11/14/2024 14:46:50 - INFO - root - Image have been saved in /shenzihe/WD-Disk/output/exp/dog6/checkpoint-100/images/on_the_beach/
11/14/2024 14:47:03 - INFO - root - Image have been saved in /shenzihe/WD-Disk/output/exp/dog6/checkpoint-100/images/on_the_beach/
11/14/2024 14:47:03 - INFO - __main__ - Running validation... 
 Generating 4 images with prompt:on a cobblestone street.
11/14/2024 14:47:17 - INFO - root - Image have been saved in /shenzihe/WD-Disk/output/exp/dog6/checkpoint-100/images/on_a_cobblestone_street/
11/14/2024 14:47:30 - INFO - root - Image have been saved in /shenzihe/WD-Disk/output/exp/dog6/checkpoint-100/images/on_a_cobblestone_street/
11/14/2024 14:47:43 - INFO - root - Image have been saved in /shenzihe/WD-Disk/output/exp/dog6/checkpoint-100/images/on_a_cobblestone_street/
11/14/2024 14:47:57 - INFO - root - Image have been saved in /shenzihe/WD-Disk/output/exp/dog6/checkpoint-100/images/on_a_cobblestone_street/
11/14/2024 14:47:57 - INFO - __main__ - Running validation... 
 Generating 4 images with prompt:on top of pink fabric.
11/14/2024 14:48:10 - INFO - root - Image have been saved in /shenzihe/WD-Disk/output/exp/dog6/checkpoint-100/images/on_top_of_pink_fabric/
11/14/2024 14:48:24 - INFO - root - Image have been saved in /shenzihe/WD-Disk/output/exp/dog6/checkpoint-100/images/on_top_of_pink_fabric/
11/14/2024 14:48:37 - INFO - root - Image have been saved in /shenzihe/WD-Disk/output/exp/dog6/checkpoint-100/images/on_top_of_pink_fabric/
11/14/2024 14:48:50 - INFO - root - Image have been saved in /shenzihe/WD-Disk/output/exp/dog6/checkpoint-100/images/on_top_of_pink_fabric/
11/14/2024 14:48:50 - INFO - __main__ - Running validation... 
 Generating 4 images with prompt:on top of a wooden floor.
11/14/2024 14:49:04 - INFO - root - Image have been saved in /shenzihe/WD-Disk/output/exp/dog6/checkpoint-100/images/on_top_of_a_wooden_floor/
11/14/2024 14:49:17 - INFO - root - Image have been saved in /shenzihe/WD-Disk/output/exp/dog6/checkpoint-100/images/on_top_of_a_wooden_floor/
11/14/2024 14:49:30 - INFO - root - Image have been saved in /shenzihe/WD-Disk/output/exp/dog6/checkpoint-100/images/on_top_of_a_wooden_floor/
11/14/2024 14:49:44 - INFO - root - Image have been saved in /shenzihe/WD-Disk/output/exp/dog6/checkpoint-100/images/on_top_of_a_wooden_floor/
11/14/2024 14:49:44 - INFO - __main__ - Running validation... 
 Generating 4 images with prompt:with a city in the background.
11/14/2024 14:49:57 - INFO - root - Image have been saved in /shenzihe/WD-Disk/output/exp/dog6/checkpoint-100/images/with_a_city_in_the_background/
11/14/2024 14:50:11 - INFO - root - Image have been saved in /shenzihe/WD-Disk/output/exp/dog6/checkpoint-100/images/with_a_city_in_the_background/
11/14/2024 14:50:24 - INFO - root - Image have been saved in /shenzihe/WD-Disk/output/exp/dog6/checkpoint-100/images/with_a_city_in_the_background/
11/14/2024 14:50:37 - INFO - root - Image have been saved in /shenzihe/WD-Disk/output/exp/dog6/checkpoint-100/images/with_a_city_in_the_background/
11/14/2024 14:50:37 - INFO - __main__ - Running validation... 
 Generating 4 images with prompt:with a mountain in the background.
11/14/2024 14:50:51 - INFO - root - Image have been saved in /shenzihe/WD-Disk/output/exp/dog6/checkpoint-100/images/with_a_mountain_in_the_background/
11/14/2024 14:51:04 - INFO - root - Image have been saved in /shenzihe/WD-Disk/output/exp/dog6/checkpoint-100/images/with_a_mountain_in_the_background/
11/14/2024 14:51:17 - INFO - root - Image have been saved in /shenzihe/WD-Disk/output/exp/dog6/checkpoint-100/images/with_a_mountain_in_the_background/
11/14/2024 14:51:31 - INFO - root - Image have been saved in /shenzihe/WD-Disk/output/exp/dog6/checkpoint-100/images/with_a_mountain_in_the_background/
11/14/2024 14:51:31 - INFO - __main__ - Running validation... 
 Generating 4 images with prompt:with a blue house in the background.
11/14/2024 14:51:44 - INFO - root - Image have been saved in /shenzihe/WD-Disk/output/exp/dog6/checkpoint-100/images/with_a_blue_house_in_the_background/
11/14/2024 14:51:58 - INFO - root - Image have been saved in /shenzihe/WD-Disk/output/exp/dog6/checkpoint-100/images/with_a_blue_house_in_the_background/
11/14/2024 14:52:11 - INFO - root - Image have been saved in /shenzihe/WD-Disk/output/exp/dog6/checkpoint-100/images/with_a_blue_house_in_the_background/
11/14/2024 14:52:24 - INFO - root - Image have been saved in /shenzihe/WD-Disk/output/exp/dog6/checkpoint-100/images/with_a_blue_house_in_the_background/
11/14/2024 14:52:24 - INFO - __main__ - Running validation... 
 Generating 4 images with prompt:on top of a purple rug in a forest.
11/14/2024 14:52:38 - INFO - root - Image have been saved in /shenzihe/WD-Disk/output/exp/dog6/checkpoint-100/images/on_top_of_a_purple_rug_in_a_forest/
11/14/2024 14:52:51 - INFO - root - Image have been saved in /shenzihe/WD-Disk/output/exp/dog6/checkpoint-100/images/on_top_of_a_purple_rug_in_a_forest/
11/14/2024 14:53:04 - INFO - root - Image have been saved in /shenzihe/WD-Disk/output/exp/dog6/checkpoint-100/images/on_top_of_a_purple_rug_in_a_forest/
11/14/2024 14:53:18 - INFO - root - Image have been saved in /shenzihe/WD-Disk/output/exp/dog6/checkpoint-100/images/on_top_of_a_purple_rug_in_a_forest/
11/14/2024 14:53:18 - INFO - __main__ - Running validation... 
 Generating 4 images with prompt:with a wheat field in the background.
11/14/2024 14:53:31 - INFO - root - Image have been saved in /shenzihe/WD-Disk/output/exp/dog6/checkpoint-100/images/with_a_wheat_field_in_the_background/
11/14/2024 14:53:45 - INFO - root - Image have been saved in /shenzihe/WD-Disk/output/exp/dog6/checkpoint-100/images/with_a_wheat_field_in_the_background/
11/14/2024 14:53:58 - INFO - root - Image have been saved in /shenzihe/WD-Disk/output/exp/dog6/checkpoint-100/images/with_a_wheat_field_in_the_background/
11/14/2024 14:54:11 - INFO - root - Image have been saved in /shenzihe/WD-Disk/output/exp/dog6/checkpoint-100/images/with_a_wheat_field_in_the_background/
11/14/2024 14:54:11 - INFO - __main__ - Running validation... 
 Generating 4 images with prompt:with a tree and autumn leaves in the background.
11/14/2024 14:54:25 - INFO - root - Image have been saved in /shenzihe/WD-Disk/output/exp/dog6/checkpoint-100/images/with_a_tree_and_autumn_leaves_in_the_background/
11/14/2024 14:54:38 - INFO - root - Image have been saved in /shenzihe/WD-Disk/output/exp/dog6/checkpoint-100/images/with_a_tree_and_autumn_leaves_in_the_background/
11/14/2024 14:54:51 - INFO - root - Image have been saved in /shenzihe/WD-Disk/output/exp/dog6/checkpoint-100/images/with_a_tree_and_autumn_leaves_in_the_background/
11/14/2024 14:55:05 - INFO - root - Image have been saved in /shenzihe/WD-Disk/output/exp/dog6/checkpoint-100/images/with_a_tree_and_autumn_leaves_in_the_background/
11/14/2024 14:55:05 - INFO - __main__ - Running validation... 
 Generating 4 images with prompt:with the Eiffel Tower in the background.
11/14/2024 14:55:18 - INFO - root - Image have been saved in /shenzihe/WD-Disk/output/exp/dog6/checkpoint-100/images/with_the_Eiffel_Tower_in_the_background/
11/14/2024 14:55:31 - INFO - root - Image have been saved in /shenzihe/WD-Disk/output/exp/dog6/checkpoint-100/images/with_the_Eiffel_Tower_in_the_background/
11/14/2024 14:55:45 - INFO - root - Image have been saved in /shenzihe/WD-Disk/output/exp/dog6/checkpoint-100/images/with_the_Eiffel_Tower_in_the_background/
11/14/2024 14:55:58 - INFO - root - Image have been saved in /shenzihe/WD-Disk/output/exp/dog6/checkpoint-100/images/with_the_Eiffel_Tower_in_the_background/
11/14/2024 14:55:58 - INFO - __main__ - Running validation... 
 Generating 4 images with prompt:floating on top of water.
11/14/2024 14:56:12 - INFO - root - Image have been saved in /shenzihe/WD-Disk/output/exp/dog6/checkpoint-100/images/floating_on_top_of_water/
11/14/2024 14:56:25 - INFO - root - Image have been saved in /shenzihe/WD-Disk/output/exp/dog6/checkpoint-100/images/floating_on_top_of_water/
11/14/2024 14:56:38 - INFO - root - Image have been saved in /shenzihe/WD-Disk/output/exp/dog6/checkpoint-100/images/floating_on_top_of_water/
11/14/2024 14:56:52 - INFO - root - Image have been saved in /shenzihe/WD-Disk/output/exp/dog6/checkpoint-100/images/floating_on_top_of_water/
11/14/2024 14:56:52 - INFO - __main__ - Running validation... 
 Generating 4 images with prompt:floating in an ocean of milk.
11/14/2024 14:57:05 - INFO - root - Image have been saved in /shenzihe/WD-Disk/output/exp/dog6/checkpoint-100/images/floating_in_an_ocean_of_milk/
11/14/2024 14:57:18 - INFO - root - Image have been saved in /shenzihe/WD-Disk/output/exp/dog6/checkpoint-100/images/floating_in_an_ocean_of_milk/
11/14/2024 14:57:32 - INFO - root - Image have been saved in /shenzihe/WD-Disk/output/exp/dog6/checkpoint-100/images/floating_in_an_ocean_of_milk/
11/14/2024 14:57:45 - INFO - root - Image have been saved in /shenzihe/WD-Disk/output/exp/dog6/checkpoint-100/images/floating_in_an_ocean_of_milk/
11/14/2024 14:57:45 - INFO - __main__ - Running validation... 
 Generating 4 images with prompt:on top of green grass with sunflowers around it.
11/14/2024 14:57:59 - INFO - root - Image have been saved in /shenzihe/WD-Disk/output/exp/dog6/checkpoint-100/images/on_top_of_green_grass_with_sunflowers_around_it/
11/14/2024 14:58:12 - INFO - root - Image have been saved in /shenzihe/WD-Disk/output/exp/dog6/checkpoint-100/images/on_top_of_green_grass_with_sunflowers_around_it/
11/14/2024 14:58:25 - INFO - root - Image have been saved in /shenzihe/WD-Disk/output/exp/dog6/checkpoint-100/images/on_top_of_green_grass_with_sunflowers_around_it/
11/14/2024 14:58:39 - INFO - root - Image have been saved in /shenzihe/WD-Disk/output/exp/dog6/checkpoint-100/images/on_top_of_green_grass_with_sunflowers_around_it/
11/14/2024 14:58:39 - INFO - __main__ - Running validation... 
 Generating 4 images with prompt:on top of a mirror.
11/14/2024 14:58:52 - INFO - root - Image have been saved in /shenzihe/WD-Disk/output/exp/dog6/checkpoint-100/images/on_top_of_a_mirror/
11/14/2024 14:59:05 - INFO - root - Image have been saved in /shenzihe/WD-Disk/output/exp/dog6/checkpoint-100/images/on_top_of_a_mirror/
11/14/2024 14:59:19 - INFO - root - Image have been saved in /shenzihe/WD-Disk/output/exp/dog6/checkpoint-100/images/on_top_of_a_mirror/
11/14/2024 14:59:32 - INFO - root - Image have been saved in /shenzihe/WD-Disk/output/exp/dog6/checkpoint-100/images/on_top_of_a_mirror/
11/14/2024 14:59:32 - INFO - __main__ - Running validation... 
 Generating 4 images with prompt:on top of the sidewalk in a crowded street.
11/14/2024 14:59:46 - INFO - root - Image have been saved in /shenzihe/WD-Disk/output/exp/dog6/checkpoint-100/images/on_top_of_the_sidewalk_in_a_crowded_street/
11/14/2024 14:59:59 - INFO - root - Image have been saved in /shenzihe/WD-Disk/output/exp/dog6/checkpoint-100/images/on_top_of_the_sidewalk_in_a_crowded_street/
11/14/2024 15:00:12 - INFO - root - Image have been saved in /shenzihe/WD-Disk/output/exp/dog6/checkpoint-100/images/on_top_of_the_sidewalk_in_a_crowded_street/
11/14/2024 15:00:26 - INFO - root - Image have been saved in /shenzihe/WD-Disk/output/exp/dog6/checkpoint-100/images/on_top_of_the_sidewalk_in_a_crowded_street/
11/14/2024 15:00:26 - INFO - __main__ - Running validation... 
 Generating 4 images with prompt:on top of a dirt road.
11/14/2024 15:00:39 - INFO - root - Image have been saved in /shenzihe/WD-Disk/output/exp/dog6/checkpoint-100/images/on_top_of_a_dirt_road/
11/14/2024 15:00:52 - INFO - root - Image have been saved in /shenzihe/WD-Disk/output/exp/dog6/checkpoint-100/images/on_top_of_a_dirt_road/
11/14/2024 15:01:06 - INFO - root - Image have been saved in /shenzihe/WD-Disk/output/exp/dog6/checkpoint-100/images/on_top_of_a_dirt_road/
11/14/2024 15:01:19 - INFO - root - Image have been saved in /shenzihe/WD-Disk/output/exp/dog6/checkpoint-100/images/on_top_of_a_dirt_road/
11/14/2024 15:01:19 - INFO - __main__ - Running validation... 
 Generating 4 images with prompt:on top of a white rug.
11/14/2024 15:01:32 - INFO - root - Image have been saved in /shenzihe/WD-Disk/output/exp/dog6/checkpoint-100/images/on_top_of_a_white_rug/
11/14/2024 15:01:46 - INFO - root - Image have been saved in /shenzihe/WD-Disk/output/exp/dog6/checkpoint-100/images/on_top_of_a_white_rug/
11/14/2024 15:01:59 - INFO - root - Image have been saved in /shenzihe/WD-Disk/output/exp/dog6/checkpoint-100/images/on_top_of_a_white_rug/
11/14/2024 15:02:13 - INFO - root - Image have been saved in /shenzihe/WD-Disk/output/exp/dog6/checkpoint-100/images/on_top_of_a_white_rug/
11/14/2024 15:02:13 - INFO - __main__ - Running validation... 
 Generating 4 images with prompt:red.
11/14/2024 15:02:26 - INFO - root - Image have been saved in /shenzihe/WD-Disk/output/exp/dog6/checkpoint-100/images/red/
11/14/2024 15:02:39 - INFO - root - Image have been saved in /shenzihe/WD-Disk/output/exp/dog6/checkpoint-100/images/red/
11/14/2024 15:02:53 - INFO - root - Image have been saved in /shenzihe/WD-Disk/output/exp/dog6/checkpoint-100/images/red/
11/14/2024 15:03:06 - INFO - root - Image have been saved in /shenzihe/WD-Disk/output/exp/dog6/checkpoint-100/images/red/
11/14/2024 15:03:06 - INFO - __main__ - Running validation... 
 Generating 4 images with prompt:purple.
11/14/2024 15:03:19 - INFO - root - Image have been saved in /shenzihe/WD-Disk/output/exp/dog6/checkpoint-100/images/purple/
11/14/2024 15:03:33 - INFO - root - Image have been saved in /shenzihe/WD-Disk/output/exp/dog6/checkpoint-100/images/purple/
11/14/2024 15:03:46 - INFO - root - Image have been saved in /shenzihe/WD-Disk/output/exp/dog6/checkpoint-100/images/purple/
11/14/2024 15:04:00 - INFO - root - Image have been saved in /shenzihe/WD-Disk/output/exp/dog6/checkpoint-100/images/purple/
11/14/2024 15:04:00 - INFO - __main__ - Running validation... 
 Generating 4 images with prompt:shiny.
11/14/2024 15:04:13 - INFO - root - Image have been saved in /shenzihe/WD-Disk/output/exp/dog6/checkpoint-100/images/shiny/
11/14/2024 15:04:26 - INFO - root - Image have been saved in /shenzihe/WD-Disk/output/exp/dog6/checkpoint-100/images/shiny/
11/14/2024 15:04:40 - INFO - root - Image have been saved in /shenzihe/WD-Disk/output/exp/dog6/checkpoint-100/images/shiny/
11/14/2024 15:04:53 - INFO - root - Image have been saved in /shenzihe/WD-Disk/output/exp/dog6/checkpoint-100/images/shiny/
11/14/2024 15:04:53 - INFO - __main__ - Running validation... 
 Generating 4 images with prompt:wet.
11/14/2024 15:05:06 - INFO - root - Image have been saved in /shenzihe/WD-Disk/output/exp/dog6/checkpoint-100/images/wet/
11/14/2024 15:05:20 - INFO - root - Image have been saved in /shenzihe/WD-Disk/output/exp/dog6/checkpoint-100/images/wet/
11/14/2024 15:05:33 - INFO - root - Image have been saved in /shenzihe/WD-Disk/output/exp/dog6/checkpoint-100/images/wet/
11/14/2024 15:05:46 - INFO - root - Image have been saved in /shenzihe/WD-Disk/output/exp/dog6/checkpoint-100/images/wet/
11/14/2024 15:05:46 - INFO - __main__ - Running validation... 
 Generating 4 images with prompt:cube shaped.
11/14/2024 15:06:00 - INFO - root - Image have been saved in /shenzihe/WD-Disk/output/exp/dog6/checkpoint-100/images/cube_shaped/
11/14/2024 15:06:13 - INFO - root - Image have been saved in /shenzihe/WD-Disk/output/exp/dog6/checkpoint-100/images/cube_shaped/
11/14/2024 15:06:27 - INFO - root - Image have been saved in /shenzihe/WD-Disk/output/exp/dog6/checkpoint-100/images/cube_shaped/
11/14/2024 15:06:40 - INFO - root - Image have been saved in /shenzihe/WD-Disk/output/exp/dog6/checkpoint-100/images/cube_shaped/
