11/14/2024 17:01:49 - INFO - __main__ - Distributed environment: NO
Num processes: 1
Process index: 0
Local process index: 0
Device: cuda

Mixed precision type: no

11/14/2024 17:01:51 - INFO - root - freeze vision encoder
11/14/2024 17:02:01 - INFO - root - Loading pretrained model from /root/.cache/torch/hub/checkpoints/blip-diffusion
11/14/2024 17:02:01 - INFO - root - Loading pretrained BLIP2 Qformer weights.
11/14/2024 17:02:03 - INFO - root - Loading pretrained projection lyer weights.
11/14/2024 17:02:03 - INFO - root - Loading pretrained text encoder weights.
11/14/2024 17:02:04 - INFO - root - Loading pretrained vae weights.
11/14/2024 17:02:04 - INFO - root - Loading pretrained unet weights.
11/14/2024 17:02:12 - INFO - root - Using xformers.
11/14/2024 17:02:12 - INFO - root - Building datasets...
11/14/2024 17:02:22 - INFO - root - freeze vision encoder
11/14/2024 17:02:56 - INFO - root - load checkpoint from https://storage.googleapis.com/sfr-vision-language-research/LAVIS/models/BLIP2/blip2_pretrained_flant5xl.pth
11/14/2024 17:02:57 - INFO - __main__ - 
***** Running training *****
11/14/2024 17:02:57 - INFO - __main__ -   Num examples = 5
11/14/2024 17:02:57 - INFO - __main__ -   Num batches each epoch = 2
11/14/2024 17:02:57 - INFO - __main__ -   Num Epochs = 50
11/14/2024 17:02:57 - INFO - __main__ -   Instantaneous batch size per device = 3
11/14/2024 17:02:57 - INFO - __main__ -   Total train batch size (w. parallel, distributed & accumulation) = 3
11/14/2024 17:02:57 - INFO - __main__ -   Gradient Accumulation steps = 1
11/14/2024 17:02:57 - INFO - __main__ -   Total optimization steps = 100
11/14/2024 17:07:39 - INFO - __main__ - Running validation... 
 Generating 4 images with prompt:in the jungle.
11/14/2024 17:07:52 - INFO - root - Image have been saved in /shenzihe/WD-Disk/output/exp/grey_sloth_plushie/checkpoint-100/images/in_the_jungle/
11/14/2024 17:08:06 - INFO - root - Image have been saved in /shenzihe/WD-Disk/output/exp/grey_sloth_plushie/checkpoint-100/images/in_the_jungle/
11/14/2024 17:08:19 - INFO - root - Image have been saved in /shenzihe/WD-Disk/output/exp/grey_sloth_plushie/checkpoint-100/images/in_the_jungle/
11/14/2024 17:08:32 - INFO - root - Image have been saved in /shenzihe/WD-Disk/output/exp/grey_sloth_plushie/checkpoint-100/images/in_the_jungle/
11/14/2024 17:08:32 - INFO - __main__ - Running validation... 
 Generating 4 images with prompt:in the snow.
11/14/2024 17:08:46 - INFO - root - Image have been saved in /shenzihe/WD-Disk/output/exp/grey_sloth_plushie/checkpoint-100/images/in_the_snow/
11/14/2024 17:08:59 - INFO - root - Image have been saved in /shenzihe/WD-Disk/output/exp/grey_sloth_plushie/checkpoint-100/images/in_the_snow/
11/14/2024 17:09:13 - INFO - root - Image have been saved in /shenzihe/WD-Disk/output/exp/grey_sloth_plushie/checkpoint-100/images/in_the_snow/
11/14/2024 17:09:26 - INFO - root - Image have been saved in /shenzihe/WD-Disk/output/exp/grey_sloth_plushie/checkpoint-100/images/in_the_snow/
11/14/2024 17:09:26 - INFO - __main__ - Running validation... 
 Generating 4 images with prompt:on the beach.
11/14/2024 17:09:40 - INFO - root - Image have been saved in /shenzihe/WD-Disk/output/exp/grey_sloth_plushie/checkpoint-100/images/on_the_beach/
11/14/2024 17:09:53 - INFO - root - Image have been saved in /shenzihe/WD-Disk/output/exp/grey_sloth_plushie/checkpoint-100/images/on_the_beach/
11/14/2024 17:10:06 - INFO - root - Image have been saved in /shenzihe/WD-Disk/output/exp/grey_sloth_plushie/checkpoint-100/images/on_the_beach/
11/14/2024 17:10:20 - INFO - root - Image have been saved in /shenzihe/WD-Disk/output/exp/grey_sloth_plushie/checkpoint-100/images/on_the_beach/
11/14/2024 17:10:20 - INFO - __main__ - Running validation... 
 Generating 4 images with prompt:on a cobblestone street.
11/14/2024 17:10:33 - INFO - root - Image have been saved in /shenzihe/WD-Disk/output/exp/grey_sloth_plushie/checkpoint-100/images/on_a_cobblestone_street/
11/14/2024 17:10:47 - INFO - root - Image have been saved in /shenzihe/WD-Disk/output/exp/grey_sloth_plushie/checkpoint-100/images/on_a_cobblestone_street/
11/14/2024 17:11:00 - INFO - root - Image have been saved in /shenzihe/WD-Disk/output/exp/grey_sloth_plushie/checkpoint-100/images/on_a_cobblestone_street/
11/14/2024 17:11:14 - INFO - root - Image have been saved in /shenzihe/WD-Disk/output/exp/grey_sloth_plushie/checkpoint-100/images/on_a_cobblestone_street/
11/14/2024 17:11:14 - INFO - __main__ - Running validation... 
 Generating 4 images with prompt:on top of pink fabric.
11/14/2024 17:11:27 - INFO - root - Image have been saved in /shenzihe/WD-Disk/output/exp/grey_sloth_plushie/checkpoint-100/images/on_top_of_pink_fabric/
11/14/2024 17:11:40 - INFO - root - Image have been saved in /shenzihe/WD-Disk/output/exp/grey_sloth_plushie/checkpoint-100/images/on_top_of_pink_fabric/
11/14/2024 17:11:54 - INFO - root - Image have been saved in /shenzihe/WD-Disk/output/exp/grey_sloth_plushie/checkpoint-100/images/on_top_of_pink_fabric/
11/14/2024 17:12:07 - INFO - root - Image have been saved in /shenzihe/WD-Disk/output/exp/grey_sloth_plushie/checkpoint-100/images/on_top_of_pink_fabric/
11/14/2024 17:12:07 - INFO - __main__ - Running validation... 
 Generating 4 images with prompt:on top of a wooden floor.
11/14/2024 17:12:21 - INFO - root - Image have been saved in /shenzihe/WD-Disk/output/exp/grey_sloth_plushie/checkpoint-100/images/on_top_of_a_wooden_floor/
11/14/2024 17:12:34 - INFO - root - Image have been saved in /shenzihe/WD-Disk/output/exp/grey_sloth_plushie/checkpoint-100/images/on_top_of_a_wooden_floor/
11/14/2024 17:12:48 - INFO - root - Image have been saved in /shenzihe/WD-Disk/output/exp/grey_sloth_plushie/checkpoint-100/images/on_top_of_a_wooden_floor/
11/14/2024 17:13:01 - INFO - root - Image have been saved in /shenzihe/WD-Disk/output/exp/grey_sloth_plushie/checkpoint-100/images/on_top_of_a_wooden_floor/
11/14/2024 17:13:01 - INFO - __main__ - Running validation... 
 Generating 4 images with prompt:with a city in the background.
11/14/2024 17:13:14 - INFO - root - Image have been saved in /shenzihe/WD-Disk/output/exp/grey_sloth_plushie/checkpoint-100/images/with_a_city_in_the_background/
11/14/2024 17:13:28 - INFO - root - Image have been saved in /shenzihe/WD-Disk/output/exp/grey_sloth_plushie/checkpoint-100/images/with_a_city_in_the_background/
11/14/2024 17:13:41 - INFO - root - Image have been saved in /shenzihe/WD-Disk/output/exp/grey_sloth_plushie/checkpoint-100/images/with_a_city_in_the_background/
11/14/2024 17:13:55 - INFO - root - Image have been saved in /shenzihe/WD-Disk/output/exp/grey_sloth_plushie/checkpoint-100/images/with_a_city_in_the_background/
11/14/2024 17:13:55 - INFO - __main__ - Running validation... 
 Generating 4 images with prompt:with a mountain in the background.
11/14/2024 17:14:08 - INFO - root - Image have been saved in /shenzihe/WD-Disk/output/exp/grey_sloth_plushie/checkpoint-100/images/with_a_mountain_in_the_background/
11/14/2024 17:14:22 - INFO - root - Image have been saved in /shenzihe/WD-Disk/output/exp/grey_sloth_plushie/checkpoint-100/images/with_a_mountain_in_the_background/
11/14/2024 17:14:35 - INFO - root - Image have been saved in /shenzihe/WD-Disk/output/exp/grey_sloth_plushie/checkpoint-100/images/with_a_mountain_in_the_background/
11/14/2024 17:14:48 - INFO - root - Image have been saved in /shenzihe/WD-Disk/output/exp/grey_sloth_plushie/checkpoint-100/images/with_a_mountain_in_the_background/
11/14/2024 17:14:48 - INFO - __main__ - Running validation... 
 Generating 4 images with prompt:with a blue house in the background.
11/14/2024 17:15:02 - INFO - root - Image have been saved in /shenzihe/WD-Disk/output/exp/grey_sloth_plushie/checkpoint-100/images/with_a_blue_house_in_the_background/
11/14/2024 17:15:15 - INFO - root - Image have been saved in /shenzihe/WD-Disk/output/exp/grey_sloth_plushie/checkpoint-100/images/with_a_blue_house_in_the_background/
11/14/2024 17:15:29 - INFO - root - Image have been saved in /shenzihe/WD-Disk/output/exp/grey_sloth_plushie/checkpoint-100/images/with_a_blue_house_in_the_background/
11/14/2024 17:15:42 - INFO - root - Image have been saved in /shenzihe/WD-Disk/output/exp/grey_sloth_plushie/checkpoint-100/images/with_a_blue_house_in_the_background/
11/14/2024 17:15:42 - INFO - __main__ - Running validation... 
 Generating 4 images with prompt:on top of a purple rug in a forest.
11/14/2024 17:15:56 - INFO - root - Image have been saved in /shenzihe/WD-Disk/output/exp/grey_sloth_plushie/checkpoint-100/images/on_top_of_a_purple_rug_in_a_forest/
11/14/2024 17:16:09 - INFO - root - Image have been saved in /shenzihe/WD-Disk/output/exp/grey_sloth_plushie/checkpoint-100/images/on_top_of_a_purple_rug_in_a_forest/
11/14/2024 17:16:22 - INFO - root - Image have been saved in /shenzihe/WD-Disk/output/exp/grey_sloth_plushie/checkpoint-100/images/on_top_of_a_purple_rug_in_a_forest/
11/14/2024 17:16:36 - INFO - root - Image have been saved in /shenzihe/WD-Disk/output/exp/grey_sloth_plushie/checkpoint-100/images/on_top_of_a_purple_rug_in_a_forest/
11/14/2024 17:16:36 - INFO - __main__ - Running validation... 
 Generating 4 images with prompt:with a wheat field in the background.
11/14/2024 17:16:49 - INFO - root - Image have been saved in /shenzihe/WD-Disk/output/exp/grey_sloth_plushie/checkpoint-100/images/with_a_wheat_field_in_the_background/
11/14/2024 17:17:03 - INFO - root - Image have been saved in /shenzihe/WD-Disk/output/exp/grey_sloth_plushie/checkpoint-100/images/with_a_wheat_field_in_the_background/
11/14/2024 17:17:16 - INFO - root - Image have been saved in /shenzihe/WD-Disk/output/exp/grey_sloth_plushie/checkpoint-100/images/with_a_wheat_field_in_the_background/
11/14/2024 17:17:30 - INFO - root - Image have been saved in /shenzihe/WD-Disk/output/exp/grey_sloth_plushie/checkpoint-100/images/with_a_wheat_field_in_the_background/
11/14/2024 17:17:30 - INFO - __main__ - Running validation... 
 Generating 4 images with prompt:with a tree and autumn leaves in the background.
11/14/2024 17:17:43 - INFO - root - Image have been saved in /shenzihe/WD-Disk/output/exp/grey_sloth_plushie/checkpoint-100/images/with_a_tree_and_autumn_leaves_in_the_background/
11/14/2024 17:17:56 - INFO - root - Image have been saved in /shenzihe/WD-Disk/output/exp/grey_sloth_plushie/checkpoint-100/images/with_a_tree_and_autumn_leaves_in_the_background/
11/14/2024 17:18:10 - INFO - root - Image have been saved in /shenzihe/WD-Disk/output/exp/grey_sloth_plushie/checkpoint-100/images/with_a_tree_and_autumn_leaves_in_the_background/
11/14/2024 17:18:23 - INFO - root - Image have been saved in /shenzihe/WD-Disk/output/exp/grey_sloth_plushie/checkpoint-100/images/with_a_tree_and_autumn_leaves_in_the_background/
11/14/2024 17:18:23 - INFO - __main__ - Running validation... 
 Generating 4 images with prompt:with the Eiffel Tower in the background.
11/14/2024 17:18:37 - INFO - root - Image have been saved in /shenzihe/WD-Disk/output/exp/grey_sloth_plushie/checkpoint-100/images/with_the_Eiffel_Tower_in_the_background/
11/14/2024 17:18:50 - INFO - root - Image have been saved in /shenzihe/WD-Disk/output/exp/grey_sloth_plushie/checkpoint-100/images/with_the_Eiffel_Tower_in_the_background/
11/14/2024 17:19:04 - INFO - root - Image have been saved in /shenzihe/WD-Disk/output/exp/grey_sloth_plushie/checkpoint-100/images/with_the_Eiffel_Tower_in_the_background/
11/14/2024 17:19:17 - INFO - root - Image have been saved in /shenzihe/WD-Disk/output/exp/grey_sloth_plushie/checkpoint-100/images/with_the_Eiffel_Tower_in_the_background/
11/14/2024 17:19:17 - INFO - __main__ - Running validation... 
 Generating 4 images with prompt:floating on top of water.
11/14/2024 17:19:31 - INFO - root - Image have been saved in /shenzihe/WD-Disk/output/exp/grey_sloth_plushie/checkpoint-100/images/floating_on_top_of_water/
11/14/2024 17:19:44 - INFO - root - Image have been saved in /shenzihe/WD-Disk/output/exp/grey_sloth_plushie/checkpoint-100/images/floating_on_top_of_water/
11/14/2024 17:19:58 - INFO - root - Image have been saved in /shenzihe/WD-Disk/output/exp/grey_sloth_plushie/checkpoint-100/images/floating_on_top_of_water/
11/14/2024 17:20:11 - INFO - root - Image have been saved in /shenzihe/WD-Disk/output/exp/grey_sloth_plushie/checkpoint-100/images/floating_on_top_of_water/
11/14/2024 17:20:11 - INFO - __main__ - Running validation... 
 Generating 4 images with prompt:floating in an ocean of milk.
11/14/2024 17:20:25 - INFO - root - Image have been saved in /shenzihe/WD-Disk/output/exp/grey_sloth_plushie/checkpoint-100/images/floating_in_an_ocean_of_milk/
11/14/2024 17:20:38 - INFO - root - Image have been saved in /shenzihe/WD-Disk/output/exp/grey_sloth_plushie/checkpoint-100/images/floating_in_an_ocean_of_milk/
11/14/2024 17:20:52 - INFO - root - Image have been saved in /shenzihe/WD-Disk/output/exp/grey_sloth_plushie/checkpoint-100/images/floating_in_an_ocean_of_milk/
11/14/2024 17:21:05 - INFO - root - Image have been saved in /shenzihe/WD-Disk/output/exp/grey_sloth_plushie/checkpoint-100/images/floating_in_an_ocean_of_milk/
11/14/2024 17:21:05 - INFO - __main__ - Running validation... 
 Generating 4 images with prompt:on top of green grass with sunflowers around it.
11/14/2024 17:21:18 - INFO - root - Image have been saved in /shenzihe/WD-Disk/output/exp/grey_sloth_plushie/checkpoint-100/images/on_top_of_green_grass_with_sunflowers_around_it/
11/14/2024 17:21:32 - INFO - root - Image have been saved in /shenzihe/WD-Disk/output/exp/grey_sloth_plushie/checkpoint-100/images/on_top_of_green_grass_with_sunflowers_around_it/
11/14/2024 17:21:45 - INFO - root - Image have been saved in /shenzihe/WD-Disk/output/exp/grey_sloth_plushie/checkpoint-100/images/on_top_of_green_grass_with_sunflowers_around_it/
11/14/2024 17:21:59 - INFO - root - Image have been saved in /shenzihe/WD-Disk/output/exp/grey_sloth_plushie/checkpoint-100/images/on_top_of_green_grass_with_sunflowers_around_it/
11/14/2024 17:21:59 - INFO - __main__ - Running validation... 
 Generating 4 images with prompt:on top of a mirror.
11/14/2024 17:22:12 - INFO - root - Image have been saved in /shenzihe/WD-Disk/output/exp/grey_sloth_plushie/checkpoint-100/images/on_top_of_a_mirror/
11/14/2024 17:22:26 - INFO - root - Image have been saved in /shenzihe/WD-Disk/output/exp/grey_sloth_plushie/checkpoint-100/images/on_top_of_a_mirror/
11/14/2024 17:22:39 - INFO - root - Image have been saved in /shenzihe/WD-Disk/output/exp/grey_sloth_plushie/checkpoint-100/images/on_top_of_a_mirror/
11/14/2024 17:22:52 - INFO - root - Image have been saved in /shenzihe/WD-Disk/output/exp/grey_sloth_plushie/checkpoint-100/images/on_top_of_a_mirror/
11/14/2024 17:22:52 - INFO - __main__ - Running validation... 
 Generating 4 images with prompt:on top of the sidewalk in a crowded street.
11/14/2024 17:23:06 - INFO - root - Image have been saved in /shenzihe/WD-Disk/output/exp/grey_sloth_plushie/checkpoint-100/images/on_top_of_the_sidewalk_in_a_crowded_street/
11/14/2024 17:23:19 - INFO - root - Image have been saved in /shenzihe/WD-Disk/output/exp/grey_sloth_plushie/checkpoint-100/images/on_top_of_the_sidewalk_in_a_crowded_street/
11/14/2024 17:23:33 - INFO - root - Image have been saved in /shenzihe/WD-Disk/output/exp/grey_sloth_plushie/checkpoint-100/images/on_top_of_the_sidewalk_in_a_crowded_street/
11/14/2024 17:23:46 - INFO - root - Image have been saved in /shenzihe/WD-Disk/output/exp/grey_sloth_plushie/checkpoint-100/images/on_top_of_the_sidewalk_in_a_crowded_street/
11/14/2024 17:23:46 - INFO - __main__ - Running validation... 
 Generating 4 images with prompt:on top of a dirt road.
11/14/2024 17:23:59 - INFO - root - Image have been saved in /shenzihe/WD-Disk/output/exp/grey_sloth_plushie/checkpoint-100/images/on_top_of_a_dirt_road/
11/14/2024 17:24:13 - INFO - root - Image have been saved in /shenzihe/WD-Disk/output/exp/grey_sloth_plushie/checkpoint-100/images/on_top_of_a_dirt_road/
11/14/2024 17:24:26 - INFO - root - Image have been saved in /shenzihe/WD-Disk/output/exp/grey_sloth_plushie/checkpoint-100/images/on_top_of_a_dirt_road/
11/14/2024 17:24:40 - INFO - root - Image have been saved in /shenzihe/WD-Disk/output/exp/grey_sloth_plushie/checkpoint-100/images/on_top_of_a_dirt_road/
11/14/2024 17:24:40 - INFO - __main__ - Running validation... 
 Generating 4 images with prompt:on top of a white rug.
11/14/2024 17:24:53 - INFO - root - Image have been saved in /shenzihe/WD-Disk/output/exp/grey_sloth_plushie/checkpoint-100/images/on_top_of_a_white_rug/
11/14/2024 17:25:07 - INFO - root - Image have been saved in /shenzihe/WD-Disk/output/exp/grey_sloth_plushie/checkpoint-100/images/on_top_of_a_white_rug/
11/14/2024 17:25:20 - INFO - root - Image have been saved in /shenzihe/WD-Disk/output/exp/grey_sloth_plushie/checkpoint-100/images/on_top_of_a_white_rug/
11/14/2024 17:25:34 - INFO - root - Image have been saved in /shenzihe/WD-Disk/output/exp/grey_sloth_plushie/checkpoint-100/images/on_top_of_a_white_rug/
11/14/2024 17:25:34 - INFO - __main__ - Running validation... 
 Generating 4 images with prompt:red.
11/14/2024 17:25:47 - INFO - root - Image have been saved in /shenzihe/WD-Disk/output/exp/grey_sloth_plushie/checkpoint-100/images/red/
11/14/2024 17:26:00 - INFO - root - Image have been saved in /shenzihe/WD-Disk/output/exp/grey_sloth_plushie/checkpoint-100/images/red/
11/14/2024 17:26:14 - INFO - root - Image have been saved in /shenzihe/WD-Disk/output/exp/grey_sloth_plushie/checkpoint-100/images/red/
11/14/2024 17:26:27 - INFO - root - Image have been saved in /shenzihe/WD-Disk/output/exp/grey_sloth_plushie/checkpoint-100/images/red/
11/14/2024 17:26:27 - INFO - __main__ - Running validation... 
 Generating 4 images with prompt:purple.
11/14/2024 17:26:41 - INFO - root - Image have been saved in /shenzihe/WD-Disk/output/exp/grey_sloth_plushie/checkpoint-100/images/purple/
11/14/2024 17:26:54 - INFO - root - Image have been saved in /shenzihe/WD-Disk/output/exp/grey_sloth_plushie/checkpoint-100/images/purple/
11/14/2024 17:27:08 - INFO - root - Image have been saved in /shenzihe/WD-Disk/output/exp/grey_sloth_plushie/checkpoint-100/images/purple/
11/14/2024 17:27:21 - INFO - root - Image have been saved in /shenzihe/WD-Disk/output/exp/grey_sloth_plushie/checkpoint-100/images/purple/
11/14/2024 17:27:21 - INFO - __main__ - Running validation... 
 Generating 4 images with prompt:shiny.
11/14/2024 17:27:35 - INFO - root - Image have been saved in /shenzihe/WD-Disk/output/exp/grey_sloth_plushie/checkpoint-100/images/shiny/
11/14/2024 17:27:48 - INFO - root - Image have been saved in /shenzihe/WD-Disk/output/exp/grey_sloth_plushie/checkpoint-100/images/shiny/
11/14/2024 17:28:01 - INFO - root - Image have been saved in /shenzihe/WD-Disk/output/exp/grey_sloth_plushie/checkpoint-100/images/shiny/
11/14/2024 17:28:15 - INFO - root - Image have been saved in /shenzihe/WD-Disk/output/exp/grey_sloth_plushie/checkpoint-100/images/shiny/
11/14/2024 17:28:15 - INFO - __main__ - Running validation... 
 Generating 4 images with prompt:wet.
11/14/2024 17:28:28 - INFO - root - Image have been saved in /shenzihe/WD-Disk/output/exp/grey_sloth_plushie/checkpoint-100/images/wet/
11/14/2024 17:28:42 - INFO - root - Image have been saved in /shenzihe/WD-Disk/output/exp/grey_sloth_plushie/checkpoint-100/images/wet/
11/14/2024 17:28:55 - INFO - root - Image have been saved in /shenzihe/WD-Disk/output/exp/grey_sloth_plushie/checkpoint-100/images/wet/
11/14/2024 17:29:09 - INFO - root - Image have been saved in /shenzihe/WD-Disk/output/exp/grey_sloth_plushie/checkpoint-100/images/wet/
11/14/2024 17:29:09 - INFO - __main__ - Running validation... 
 Generating 4 images with prompt:cube shaped.
11/14/2024 17:29:22 - INFO - root - Image have been saved in /shenzihe/WD-Disk/output/exp/grey_sloth_plushie/checkpoint-100/images/cube_shaped/
11/14/2024 17:29:35 - INFO - root - Image have been saved in /shenzihe/WD-Disk/output/exp/grey_sloth_plushie/checkpoint-100/images/cube_shaped/
11/14/2024 17:29:49 - INFO - root - Image have been saved in /shenzihe/WD-Disk/output/exp/grey_sloth_plushie/checkpoint-100/images/cube_shaped/
11/14/2024 17:30:03 - INFO - root - Image have been saved in /shenzihe/WD-Disk/output/exp/grey_sloth_plushie/checkpoint-100/images/cube_shaped/
