11/14/2024 12:14:35 - INFO - __main__ - Distributed environment: NO
Num processes: 1
Process index: 0
Local process index: 0
Device: cuda

Mixed precision type: no

11/14/2024 12:14:37 - INFO - root - freeze vision encoder
11/14/2024 12:14:46 - INFO - root - Loading pretrained model from /root/.cache/torch/hub/checkpoints/blip-diffusion
11/14/2024 12:14:46 - INFO - root - Loading pretrained BLIP2 Qformer weights.
11/14/2024 12:14:48 - INFO - root - Loading pretrained projection lyer weights.
11/14/2024 12:14:48 - INFO - root - Loading pretrained text encoder weights.
11/14/2024 12:14:49 - INFO - root - Loading pretrained vae weights.
11/14/2024 12:14:49 - INFO - root - Loading pretrained unet weights.
11/14/2024 12:14:57 - INFO - root - Using xformers.
11/14/2024 12:14:57 - INFO - root - Building datasets...
11/14/2024 12:15:07 - INFO - root - freeze vision encoder
11/14/2024 12:15:37 - INFO - root - load checkpoint from https://storage.googleapis.com/sfr-vision-language-research/LAVIS/models/BLIP2/blip2_pretrained_flant5xl.pth
11/14/2024 12:15:38 - INFO - __main__ - 
***** Running training *****
11/14/2024 12:15:38 - INFO - __main__ -   Num examples = 5
11/14/2024 12:15:38 - INFO - __main__ -   Num batches each epoch = 2
11/14/2024 12:15:38 - INFO - __main__ -   Num Epochs = 50
11/14/2024 12:15:38 - INFO - __main__ -   Instantaneous batch size per device = 3
11/14/2024 12:15:38 - INFO - __main__ -   Total train batch size (w. parallel, distributed & accumulation) = 3
11/14/2024 12:15:38 - INFO - __main__ -   Gradient Accumulation steps = 1
11/14/2024 12:15:38 - INFO - __main__ -   Total optimization steps = 100
11/14/2024 12:20:19 - INFO - __main__ - Running validation... 
 Generating 4 images with prompt:in the jungle.
11/14/2024 12:20:33 - INFO - root - Image have been saved in /shenzihe/WD-Disk/output/exp/colorful_sneaker/checkpoint-100/images/in_the_jungle/
11/14/2024 12:20:47 - INFO - root - Image have been saved in /shenzihe/WD-Disk/output/exp/colorful_sneaker/checkpoint-100/images/in_the_jungle/
11/14/2024 12:21:00 - INFO - root - Image have been saved in /shenzihe/WD-Disk/output/exp/colorful_sneaker/checkpoint-100/images/in_the_jungle/
11/14/2024 12:21:14 - INFO - root - Image have been saved in /shenzihe/WD-Disk/output/exp/colorful_sneaker/checkpoint-100/images/in_the_jungle/
11/14/2024 12:21:14 - INFO - __main__ - Running validation... 
 Generating 4 images with prompt:in the snow.
11/14/2024 12:21:27 - INFO - root - Image have been saved in /shenzihe/WD-Disk/output/exp/colorful_sneaker/checkpoint-100/images/in_the_snow/
11/14/2024 12:21:41 - INFO - root - Image have been saved in /shenzihe/WD-Disk/output/exp/colorful_sneaker/checkpoint-100/images/in_the_snow/
11/14/2024 12:21:54 - INFO - root - Image have been saved in /shenzihe/WD-Disk/output/exp/colorful_sneaker/checkpoint-100/images/in_the_snow/
11/14/2024 12:22:08 - INFO - root - Image have been saved in /shenzihe/WD-Disk/output/exp/colorful_sneaker/checkpoint-100/images/in_the_snow/
11/14/2024 12:22:08 - INFO - __main__ - Running validation... 
 Generating 4 images with prompt:on the beach.
11/14/2024 12:22:21 - INFO - root - Image have been saved in /shenzihe/WD-Disk/output/exp/colorful_sneaker/checkpoint-100/images/on_the_beach/
11/14/2024 12:22:34 - INFO - root - Image have been saved in /shenzihe/WD-Disk/output/exp/colorful_sneaker/checkpoint-100/images/on_the_beach/
11/14/2024 12:22:48 - INFO - root - Image have been saved in /shenzihe/WD-Disk/output/exp/colorful_sneaker/checkpoint-100/images/on_the_beach/
11/14/2024 12:23:01 - INFO - root - Image have been saved in /shenzihe/WD-Disk/output/exp/colorful_sneaker/checkpoint-100/images/on_the_beach/
11/14/2024 12:23:01 - INFO - __main__ - Running validation... 
 Generating 4 images with prompt:on a cobblestone street.
11/14/2024 12:23:15 - INFO - root - Image have been saved in /shenzihe/WD-Disk/output/exp/colorful_sneaker/checkpoint-100/images/on_a_cobblestone_street/
11/14/2024 12:23:30 - INFO - root - Image have been saved in /shenzihe/WD-Disk/output/exp/colorful_sneaker/checkpoint-100/images/on_a_cobblestone_street/
11/14/2024 12:23:43 - INFO - root - Image have been saved in /shenzihe/WD-Disk/output/exp/colorful_sneaker/checkpoint-100/images/on_a_cobblestone_street/
11/14/2024 12:23:56 - INFO - root - Image have been saved in /shenzihe/WD-Disk/output/exp/colorful_sneaker/checkpoint-100/images/on_a_cobblestone_street/
11/14/2024 12:23:56 - INFO - __main__ - Running validation... 
 Generating 4 images with prompt:on top of pink fabric.
11/14/2024 12:24:10 - INFO - root - Image have been saved in /shenzihe/WD-Disk/output/exp/colorful_sneaker/checkpoint-100/images/on_top_of_pink_fabric/
11/14/2024 12:24:23 - INFO - root - Image have been saved in /shenzihe/WD-Disk/output/exp/colorful_sneaker/checkpoint-100/images/on_top_of_pink_fabric/
11/14/2024 12:24:37 - INFO - root - Image have been saved in /shenzihe/WD-Disk/output/exp/colorful_sneaker/checkpoint-100/images/on_top_of_pink_fabric/
11/14/2024 12:24:50 - INFO - root - Image have been saved in /shenzihe/WD-Disk/output/exp/colorful_sneaker/checkpoint-100/images/on_top_of_pink_fabric/
11/14/2024 12:24:50 - INFO - __main__ - Running validation... 
 Generating 4 images with prompt:on top of a wooden floor.
11/14/2024 12:25:03 - INFO - root - Image have been saved in /shenzihe/WD-Disk/output/exp/colorful_sneaker/checkpoint-100/images/on_top_of_a_wooden_floor/
11/14/2024 12:25:17 - INFO - root - Image have been saved in /shenzihe/WD-Disk/output/exp/colorful_sneaker/checkpoint-100/images/on_top_of_a_wooden_floor/
11/14/2024 12:25:30 - INFO - root - Image have been saved in /shenzihe/WD-Disk/output/exp/colorful_sneaker/checkpoint-100/images/on_top_of_a_wooden_floor/
11/14/2024 12:25:44 - INFO - root - Image have been saved in /shenzihe/WD-Disk/output/exp/colorful_sneaker/checkpoint-100/images/on_top_of_a_wooden_floor/
11/14/2024 12:25:44 - INFO - __main__ - Running validation... 
 Generating 4 images with prompt:with a city in the background.
11/14/2024 12:25:57 - INFO - root - Image have been saved in /shenzihe/WD-Disk/output/exp/colorful_sneaker/checkpoint-100/images/with_a_city_in_the_background/
11/14/2024 12:26:10 - INFO - root - Image have been saved in /shenzihe/WD-Disk/output/exp/colorful_sneaker/checkpoint-100/images/with_a_city_in_the_background/
11/14/2024 12:26:24 - INFO - root - Image have been saved in /shenzihe/WD-Disk/output/exp/colorful_sneaker/checkpoint-100/images/with_a_city_in_the_background/
11/14/2024 12:26:37 - INFO - root - Image have been saved in /shenzihe/WD-Disk/output/exp/colorful_sneaker/checkpoint-100/images/with_a_city_in_the_background/
11/14/2024 12:26:37 - INFO - __main__ - Running validation... 
 Generating 4 images with prompt:with a mountain in the background.
11/14/2024 12:26:51 - INFO - root - Image have been saved in /shenzihe/WD-Disk/output/exp/colorful_sneaker/checkpoint-100/images/with_a_mountain_in_the_background/
11/14/2024 12:27:04 - INFO - root - Image have been saved in /shenzihe/WD-Disk/output/exp/colorful_sneaker/checkpoint-100/images/with_a_mountain_in_the_background/
11/14/2024 12:27:17 - INFO - root - Image have been saved in /shenzihe/WD-Disk/output/exp/colorful_sneaker/checkpoint-100/images/with_a_mountain_in_the_background/
11/14/2024 12:27:31 - INFO - root - Image have been saved in /shenzihe/WD-Disk/output/exp/colorful_sneaker/checkpoint-100/images/with_a_mountain_in_the_background/
11/14/2024 12:27:31 - INFO - __main__ - Running validation... 
 Generating 4 images with prompt:with a blue house in the background.
11/14/2024 12:27:44 - INFO - root - Image have been saved in /shenzihe/WD-Disk/output/exp/colorful_sneaker/checkpoint-100/images/with_a_blue_house_in_the_background/
11/14/2024 12:27:58 - INFO - root - Image have been saved in /shenzihe/WD-Disk/output/exp/colorful_sneaker/checkpoint-100/images/with_a_blue_house_in_the_background/
11/14/2024 12:28:11 - INFO - root - Image have been saved in /shenzihe/WD-Disk/output/exp/colorful_sneaker/checkpoint-100/images/with_a_blue_house_in_the_background/
11/14/2024 12:28:24 - INFO - root - Image have been saved in /shenzihe/WD-Disk/output/exp/colorful_sneaker/checkpoint-100/images/with_a_blue_house_in_the_background/
11/14/2024 12:28:24 - INFO - __main__ - Running validation... 
 Generating 4 images with prompt:on top of a purple rug in a forest.
11/14/2024 12:28:38 - INFO - root - Image have been saved in /shenzihe/WD-Disk/output/exp/colorful_sneaker/checkpoint-100/images/on_top_of_a_purple_rug_in_a_forest/
11/14/2024 12:28:51 - INFO - root - Image have been saved in /shenzihe/WD-Disk/output/exp/colorful_sneaker/checkpoint-100/images/on_top_of_a_purple_rug_in_a_forest/
11/14/2024 12:29:05 - INFO - root - Image have been saved in /shenzihe/WD-Disk/output/exp/colorful_sneaker/checkpoint-100/images/on_top_of_a_purple_rug_in_a_forest/
11/14/2024 12:29:18 - INFO - root - Image have been saved in /shenzihe/WD-Disk/output/exp/colorful_sneaker/checkpoint-100/images/on_top_of_a_purple_rug_in_a_forest/
11/14/2024 12:29:18 - INFO - __main__ - Running validation... 
 Generating 4 images with prompt:with a wheat field in the background.
11/14/2024 12:29:31 - INFO - root - Image have been saved in /shenzihe/WD-Disk/output/exp/colorful_sneaker/checkpoint-100/images/with_a_wheat_field_in_the_background/
11/14/2024 12:29:45 - INFO - root - Image have been saved in /shenzihe/WD-Disk/output/exp/colorful_sneaker/checkpoint-100/images/with_a_wheat_field_in_the_background/
11/14/2024 12:29:58 - INFO - root - Image have been saved in /shenzihe/WD-Disk/output/exp/colorful_sneaker/checkpoint-100/images/with_a_wheat_field_in_the_background/
11/14/2024 12:30:11 - INFO - root - Image have been saved in /shenzihe/WD-Disk/output/exp/colorful_sneaker/checkpoint-100/images/with_a_wheat_field_in_the_background/
11/14/2024 12:30:11 - INFO - __main__ - Running validation... 
 Generating 4 images with prompt:with a tree and autumn leaves in the background.
11/14/2024 12:30:25 - INFO - root - Image have been saved in /shenzihe/WD-Disk/output/exp/colorful_sneaker/checkpoint-100/images/with_a_tree_and_autumn_leaves_in_the_background/
11/14/2024 12:30:38 - INFO - root - Image have been saved in /shenzihe/WD-Disk/output/exp/colorful_sneaker/checkpoint-100/images/with_a_tree_and_autumn_leaves_in_the_background/
11/14/2024 12:30:52 - INFO - root - Image have been saved in /shenzihe/WD-Disk/output/exp/colorful_sneaker/checkpoint-100/images/with_a_tree_and_autumn_leaves_in_the_background/
11/14/2024 12:31:05 - INFO - root - Image have been saved in /shenzihe/WD-Disk/output/exp/colorful_sneaker/checkpoint-100/images/with_a_tree_and_autumn_leaves_in_the_background/
11/14/2024 12:31:05 - INFO - __main__ - Running validation... 
 Generating 4 images with prompt:with the Eiffel Tower in the background.
11/14/2024 12:31:18 - INFO - root - Image have been saved in /shenzihe/WD-Disk/output/exp/colorful_sneaker/checkpoint-100/images/with_the_Eiffel_Tower_in_the_background/
11/14/2024 12:31:32 - INFO - root - Image have been saved in /shenzihe/WD-Disk/output/exp/colorful_sneaker/checkpoint-100/images/with_the_Eiffel_Tower_in_the_background/
11/14/2024 12:31:45 - INFO - root - Image have been saved in /shenzihe/WD-Disk/output/exp/colorful_sneaker/checkpoint-100/images/with_the_Eiffel_Tower_in_the_background/
11/14/2024 12:31:59 - INFO - root - Image have been saved in /shenzihe/WD-Disk/output/exp/colorful_sneaker/checkpoint-100/images/with_the_Eiffel_Tower_in_the_background/
11/14/2024 12:31:59 - INFO - __main__ - Running validation... 
 Generating 4 images with prompt:floating on top of water.
11/14/2024 12:32:12 - INFO - root - Image have been saved in /shenzihe/WD-Disk/output/exp/colorful_sneaker/checkpoint-100/images/floating_on_top_of_water/
11/14/2024 12:32:25 - INFO - root - Image have been saved in /shenzihe/WD-Disk/output/exp/colorful_sneaker/checkpoint-100/images/floating_on_top_of_water/
11/14/2024 12:32:39 - INFO - root - Image have been saved in /shenzihe/WD-Disk/output/exp/colorful_sneaker/checkpoint-100/images/floating_on_top_of_water/
11/14/2024 12:32:52 - INFO - root - Image have been saved in /shenzihe/WD-Disk/output/exp/colorful_sneaker/checkpoint-100/images/floating_on_top_of_water/
11/14/2024 12:32:52 - INFO - __main__ - Running validation... 
 Generating 4 images with prompt:floating in an ocean of milk.
11/14/2024 12:33:06 - INFO - root - Image have been saved in /shenzihe/WD-Disk/output/exp/colorful_sneaker/checkpoint-100/images/floating_in_an_ocean_of_milk/
11/14/2024 12:33:19 - INFO - root - Image have been saved in /shenzihe/WD-Disk/output/exp/colorful_sneaker/checkpoint-100/images/floating_in_an_ocean_of_milk/
11/14/2024 12:33:32 - INFO - root - Image have been saved in /shenzihe/WD-Disk/output/exp/colorful_sneaker/checkpoint-100/images/floating_in_an_ocean_of_milk/
11/14/2024 12:33:46 - INFO - root - Image have been saved in /shenzihe/WD-Disk/output/exp/colorful_sneaker/checkpoint-100/images/floating_in_an_ocean_of_milk/
11/14/2024 12:33:46 - INFO - __main__ - Running validation... 
 Generating 4 images with prompt:on top of green grass with sunflowers around it.
11/14/2024 12:33:59 - INFO - root - Image have been saved in /shenzihe/WD-Disk/output/exp/colorful_sneaker/checkpoint-100/images/on_top_of_green_grass_with_sunflowers_around_it/
11/14/2024 12:34:13 - INFO - root - Image have been saved in /shenzihe/WD-Disk/output/exp/colorful_sneaker/checkpoint-100/images/on_top_of_green_grass_with_sunflowers_around_it/
11/14/2024 12:34:26 - INFO - root - Image have been saved in /shenzihe/WD-Disk/output/exp/colorful_sneaker/checkpoint-100/images/on_top_of_green_grass_with_sunflowers_around_it/
11/14/2024 12:34:39 - INFO - root - Image have been saved in /shenzihe/WD-Disk/output/exp/colorful_sneaker/checkpoint-100/images/on_top_of_green_grass_with_sunflowers_around_it/
11/14/2024 12:34:39 - INFO - __main__ - Running validation... 
 Generating 4 images with prompt:on top of a mirror.
11/14/2024 12:34:53 - INFO - root - Image have been saved in /shenzihe/WD-Disk/output/exp/colorful_sneaker/checkpoint-100/images/on_top_of_a_mirror/
11/14/2024 12:35:06 - INFO - root - Image have been saved in /shenzihe/WD-Disk/output/exp/colorful_sneaker/checkpoint-100/images/on_top_of_a_mirror/
11/14/2024 12:35:19 - INFO - root - Image have been saved in /shenzihe/WD-Disk/output/exp/colorful_sneaker/checkpoint-100/images/on_top_of_a_mirror/
11/14/2024 12:35:33 - INFO - root - Image have been saved in /shenzihe/WD-Disk/output/exp/colorful_sneaker/checkpoint-100/images/on_top_of_a_mirror/
11/14/2024 12:35:33 - INFO - __main__ - Running validation... 
 Generating 4 images with prompt:on top of the sidewalk in a crowded street.
11/14/2024 12:35:46 - INFO - root - Image have been saved in /shenzihe/WD-Disk/output/exp/colorful_sneaker/checkpoint-100/images/on_top_of_the_sidewalk_in_a_crowded_street/
11/14/2024 12:36:00 - INFO - root - Image have been saved in /shenzihe/WD-Disk/output/exp/colorful_sneaker/checkpoint-100/images/on_top_of_the_sidewalk_in_a_crowded_street/
11/14/2024 12:36:13 - INFO - root - Image have been saved in /shenzihe/WD-Disk/output/exp/colorful_sneaker/checkpoint-100/images/on_top_of_the_sidewalk_in_a_crowded_street/
11/14/2024 12:36:27 - INFO - root - Image have been saved in /shenzihe/WD-Disk/output/exp/colorful_sneaker/checkpoint-100/images/on_top_of_the_sidewalk_in_a_crowded_street/
11/14/2024 12:36:27 - INFO - __main__ - Running validation... 
 Generating 4 images with prompt:on top of a dirt road.
11/14/2024 12:36:40 - INFO - root - Image have been saved in /shenzihe/WD-Disk/output/exp/colorful_sneaker/checkpoint-100/images/on_top_of_a_dirt_road/
11/14/2024 12:36:53 - INFO - root - Image have been saved in /shenzihe/WD-Disk/output/exp/colorful_sneaker/checkpoint-100/images/on_top_of_a_dirt_road/
11/14/2024 12:37:07 - INFO - root - Image have been saved in /shenzihe/WD-Disk/output/exp/colorful_sneaker/checkpoint-100/images/on_top_of_a_dirt_road/
11/14/2024 12:37:20 - INFO - root - Image have been saved in /shenzihe/WD-Disk/output/exp/colorful_sneaker/checkpoint-100/images/on_top_of_a_dirt_road/
11/14/2024 12:37:20 - INFO - __main__ - Running validation... 
 Generating 4 images with prompt:on top of a white rug.
11/14/2024 12:37:34 - INFO - root - Image have been saved in /shenzihe/WD-Disk/output/exp/colorful_sneaker/checkpoint-100/images/on_top_of_a_white_rug/
11/14/2024 12:37:47 - INFO - root - Image have been saved in /shenzihe/WD-Disk/output/exp/colorful_sneaker/checkpoint-100/images/on_top_of_a_white_rug/
11/14/2024 12:38:00 - INFO - root - Image have been saved in /shenzihe/WD-Disk/output/exp/colorful_sneaker/checkpoint-100/images/on_top_of_a_white_rug/
11/14/2024 12:38:14 - INFO - root - Image have been saved in /shenzihe/WD-Disk/output/exp/colorful_sneaker/checkpoint-100/images/on_top_of_a_white_rug/
11/14/2024 12:38:14 - INFO - __main__ - Running validation... 
 Generating 4 images with prompt:red.
11/14/2024 12:38:27 - INFO - root - Image have been saved in /shenzihe/WD-Disk/output/exp/colorful_sneaker/checkpoint-100/images/red/
11/14/2024 12:38:41 - INFO - root - Image have been saved in /shenzihe/WD-Disk/output/exp/colorful_sneaker/checkpoint-100/images/red/
11/14/2024 12:38:54 - INFO - root - Image have been saved in /shenzihe/WD-Disk/output/exp/colorful_sneaker/checkpoint-100/images/red/
11/14/2024 12:39:07 - INFO - root - Image have been saved in /shenzihe/WD-Disk/output/exp/colorful_sneaker/checkpoint-100/images/red/
11/14/2024 12:39:07 - INFO - __main__ - Running validation... 
 Generating 4 images with prompt:purple.
11/14/2024 12:39:21 - INFO - root - Image have been saved in /shenzihe/WD-Disk/output/exp/colorful_sneaker/checkpoint-100/images/purple/
11/14/2024 12:39:34 - INFO - root - Image have been saved in /shenzihe/WD-Disk/output/exp/colorful_sneaker/checkpoint-100/images/purple/
11/14/2024 12:39:48 - INFO - root - Image have been saved in /shenzihe/WD-Disk/output/exp/colorful_sneaker/checkpoint-100/images/purple/
11/14/2024 12:40:01 - INFO - root - Image have been saved in /shenzihe/WD-Disk/output/exp/colorful_sneaker/checkpoint-100/images/purple/
11/14/2024 12:40:01 - INFO - __main__ - Running validation... 
 Generating 4 images with prompt:shiny.
11/14/2024 12:40:14 - INFO - root - Image have been saved in /shenzihe/WD-Disk/output/exp/colorful_sneaker/checkpoint-100/images/shiny/
11/14/2024 12:40:28 - INFO - root - Image have been saved in /shenzihe/WD-Disk/output/exp/colorful_sneaker/checkpoint-100/images/shiny/
11/14/2024 12:40:41 - INFO - root - Image have been saved in /shenzihe/WD-Disk/output/exp/colorful_sneaker/checkpoint-100/images/shiny/
11/14/2024 12:40:54 - INFO - root - Image have been saved in /shenzihe/WD-Disk/output/exp/colorful_sneaker/checkpoint-100/images/shiny/
11/14/2024 12:40:54 - INFO - __main__ - Running validation... 
 Generating 4 images with prompt:wet.
11/14/2024 12:41:08 - INFO - root - Image have been saved in /shenzihe/WD-Disk/output/exp/colorful_sneaker/checkpoint-100/images/wet/
11/14/2024 12:41:21 - INFO - root - Image have been saved in /shenzihe/WD-Disk/output/exp/colorful_sneaker/checkpoint-100/images/wet/
11/14/2024 12:41:35 - INFO - root - Image have been saved in /shenzihe/WD-Disk/output/exp/colorful_sneaker/checkpoint-100/images/wet/
11/14/2024 12:41:48 - INFO - root - Image have been saved in /shenzihe/WD-Disk/output/exp/colorful_sneaker/checkpoint-100/images/wet/
11/14/2024 12:41:48 - INFO - __main__ - Running validation... 
 Generating 4 images with prompt:cube shaped.
11/14/2024 12:42:01 - INFO - root - Image have been saved in /shenzihe/WD-Disk/output/exp/colorful_sneaker/checkpoint-100/images/cube_shaped/
11/14/2024 12:42:15 - INFO - root - Image have been saved in /shenzihe/WD-Disk/output/exp/colorful_sneaker/checkpoint-100/images/cube_shaped/
11/14/2024 12:42:29 - INFO - root - Image have been saved in /shenzihe/WD-Disk/output/exp/colorful_sneaker/checkpoint-100/images/cube_shaped/
11/14/2024 12:42:42 - INFO - root - Image have been saved in /shenzihe/WD-Disk/output/exp/colorful_sneaker/checkpoint-100/images/cube_shaped/
