11/18/2024 06:17:41 - INFO - __main__ - Distributed environment: NO
Num processes: 1
Process index: 0
Local process index: 0
Device: cuda

Mixed precision type: no

11/18/2024 06:17:43 - INFO - root - freeze vision encoder
11/18/2024 06:17:54 - INFO - root - Loading pretrained model from /root/.cache/torch/hub/checkpoints/blip-diffusion
11/18/2024 06:17:54 - INFO - root - Loading pretrained BLIP2 Qformer weights.
11/18/2024 06:17:56 - INFO - root - Loading pretrained projection lyer weights.
11/18/2024 06:17:56 - INFO - root - Loading pretrained text encoder weights.
11/18/2024 06:17:57 - INFO - root - Loading pretrained vae weights.
11/18/2024 06:17:57 - INFO - root - Loading pretrained unet weights.
11/18/2024 06:18:05 - INFO - root - Using xformers.
11/18/2024 06:18:05 - INFO - root - Building datasets...
11/18/2024 06:18:16 - INFO - root - freeze vision encoder
11/18/2024 06:18:49 - INFO - root - load checkpoint from https://storage.googleapis.com/sfr-vision-language-research/LAVIS/models/BLIP2/blip2_pretrained_flant5xl.pth
11/18/2024 06:18:51 - INFO - __main__ - 
***** Running training *****
11/18/2024 06:18:51 - INFO - __main__ -   Num examples = 5
11/18/2024 06:18:51 - INFO - __main__ -   Num batches each epoch = 2
11/18/2024 06:18:51 - INFO - __main__ -   Num Epochs = 50
11/18/2024 06:18:51 - INFO - __main__ -   Instantaneous batch size per device = 3
11/18/2024 06:18:51 - INFO - __main__ -   Total train batch size (w. parallel, distributed & accumulation) = 3
11/18/2024 06:18:51 - INFO - __main__ -   Gradient Accumulation steps = 1
11/18/2024 06:18:51 - INFO - __main__ -   Total optimization steps = 100
11/18/2024 06:24:39 - INFO - __main__ - Running validation... 
 Generating 4 images with prompt:in the jungle.
11/18/2024 06:24:54 - INFO - root - Image have been saved in /shenzihe/WD-Disk/output/exp3/wolf_plushie/checkpoint-100/images/in_the_jungle/
11/18/2024 06:25:08 - INFO - root - Image have been saved in /shenzihe/WD-Disk/output/exp3/wolf_plushie/checkpoint-100/images/in_the_jungle/
11/18/2024 06:25:22 - INFO - root - Image have been saved in /shenzihe/WD-Disk/output/exp3/wolf_plushie/checkpoint-100/images/in_the_jungle/
11/18/2024 06:25:36 - INFO - root - Image have been saved in /shenzihe/WD-Disk/output/exp3/wolf_plushie/checkpoint-100/images/in_the_jungle/
11/18/2024 06:25:36 - INFO - __main__ - Running validation... 
 Generating 4 images with prompt:in the snow.
11/18/2024 06:25:50 - INFO - root - Image have been saved in /shenzihe/WD-Disk/output/exp3/wolf_plushie/checkpoint-100/images/in_the_snow/
11/18/2024 06:26:04 - INFO - root - Image have been saved in /shenzihe/WD-Disk/output/exp3/wolf_plushie/checkpoint-100/images/in_the_snow/
11/18/2024 06:26:18 - INFO - root - Image have been saved in /shenzihe/WD-Disk/output/exp3/wolf_plushie/checkpoint-100/images/in_the_snow/
11/18/2024 06:26:32 - INFO - root - Image have been saved in /shenzihe/WD-Disk/output/exp3/wolf_plushie/checkpoint-100/images/in_the_snow/
11/18/2024 06:26:32 - INFO - __main__ - Running validation... 
 Generating 4 images with prompt:on the beach.
11/18/2024 06:26:46 - INFO - root - Image have been saved in /shenzihe/WD-Disk/output/exp3/wolf_plushie/checkpoint-100/images/on_the_beach/
11/18/2024 06:27:00 - INFO - root - Image have been saved in /shenzihe/WD-Disk/output/exp3/wolf_plushie/checkpoint-100/images/on_the_beach/
11/18/2024 06:27:14 - INFO - root - Image have been saved in /shenzihe/WD-Disk/output/exp3/wolf_plushie/checkpoint-100/images/on_the_beach/
11/18/2024 06:27:28 - INFO - root - Image have been saved in /shenzihe/WD-Disk/output/exp3/wolf_plushie/checkpoint-100/images/on_the_beach/
11/18/2024 06:27:28 - INFO - __main__ - Running validation... 
 Generating 4 images with prompt:on a cobblestone street.
11/18/2024 06:27:42 - INFO - root - Image have been saved in /shenzihe/WD-Disk/output/exp3/wolf_plushie/checkpoint-100/images/on_a_cobblestone_street/
11/18/2024 06:27:56 - INFO - root - Image have been saved in /shenzihe/WD-Disk/output/exp3/wolf_plushie/checkpoint-100/images/on_a_cobblestone_street/
11/18/2024 06:28:10 - INFO - root - Image have been saved in /shenzihe/WD-Disk/output/exp3/wolf_plushie/checkpoint-100/images/on_a_cobblestone_street/
11/18/2024 06:28:24 - INFO - root - Image have been saved in /shenzihe/WD-Disk/output/exp3/wolf_plushie/checkpoint-100/images/on_a_cobblestone_street/
11/18/2024 06:28:24 - INFO - __main__ - Running validation... 
 Generating 4 images with prompt:on top of pink fabric.
11/18/2024 06:28:38 - INFO - root - Image have been saved in /shenzihe/WD-Disk/output/exp3/wolf_plushie/checkpoint-100/images/on_top_of_pink_fabric/
11/18/2024 06:28:52 - INFO - root - Image have been saved in /shenzihe/WD-Disk/output/exp3/wolf_plushie/checkpoint-100/images/on_top_of_pink_fabric/
11/18/2024 06:29:06 - INFO - root - Image have been saved in /shenzihe/WD-Disk/output/exp3/wolf_plushie/checkpoint-100/images/on_top_of_pink_fabric/
11/18/2024 06:29:20 - INFO - root - Image have been saved in /shenzihe/WD-Disk/output/exp3/wolf_plushie/checkpoint-100/images/on_top_of_pink_fabric/
11/18/2024 06:29:20 - INFO - __main__ - Running validation... 
 Generating 4 images with prompt:on top of a wooden floor.
11/18/2024 06:29:34 - INFO - root - Image have been saved in /shenzihe/WD-Disk/output/exp3/wolf_plushie/checkpoint-100/images/on_top_of_a_wooden_floor/
11/18/2024 06:29:48 - INFO - root - Image have been saved in /shenzihe/WD-Disk/output/exp3/wolf_plushie/checkpoint-100/images/on_top_of_a_wooden_floor/
11/18/2024 06:30:02 - INFO - root - Image have been saved in /shenzihe/WD-Disk/output/exp3/wolf_plushie/checkpoint-100/images/on_top_of_a_wooden_floor/
11/18/2024 06:30:16 - INFO - root - Image have been saved in /shenzihe/WD-Disk/output/exp3/wolf_plushie/checkpoint-100/images/on_top_of_a_wooden_floor/
11/18/2024 06:30:16 - INFO - __main__ - Running validation... 
 Generating 4 images with prompt:with a city in the background.
11/18/2024 06:30:31 - INFO - root - Image have been saved in /shenzihe/WD-Disk/output/exp3/wolf_plushie/checkpoint-100/images/with_a_city_in_the_background/
11/18/2024 06:30:45 - INFO - root - Image have been saved in /shenzihe/WD-Disk/output/exp3/wolf_plushie/checkpoint-100/images/with_a_city_in_the_background/
11/18/2024 06:30:59 - INFO - root - Image have been saved in /shenzihe/WD-Disk/output/exp3/wolf_plushie/checkpoint-100/images/with_a_city_in_the_background/
11/18/2024 06:31:13 - INFO - root - Image have been saved in /shenzihe/WD-Disk/output/exp3/wolf_plushie/checkpoint-100/images/with_a_city_in_the_background/
11/18/2024 06:31:13 - INFO - __main__ - Running validation... 
 Generating 4 images with prompt:with a mountain in the background.
11/18/2024 06:31:27 - INFO - root - Image have been saved in /shenzihe/WD-Disk/output/exp3/wolf_plushie/checkpoint-100/images/with_a_mountain_in_the_background/
11/18/2024 06:31:41 - INFO - root - Image have been saved in /shenzihe/WD-Disk/output/exp3/wolf_plushie/checkpoint-100/images/with_a_mountain_in_the_background/
11/18/2024 06:31:55 - INFO - root - Image have been saved in /shenzihe/WD-Disk/output/exp3/wolf_plushie/checkpoint-100/images/with_a_mountain_in_the_background/
11/18/2024 06:32:09 - INFO - root - Image have been saved in /shenzihe/WD-Disk/output/exp3/wolf_plushie/checkpoint-100/images/with_a_mountain_in_the_background/
11/18/2024 06:32:09 - INFO - __main__ - Running validation... 
 Generating 4 images with prompt:with a blue house in the background.
11/18/2024 06:32:23 - INFO - root - Image have been saved in /shenzihe/WD-Disk/output/exp3/wolf_plushie/checkpoint-100/images/with_a_blue_house_in_the_background/
11/18/2024 06:32:37 - INFO - root - Image have been saved in /shenzihe/WD-Disk/output/exp3/wolf_plushie/checkpoint-100/images/with_a_blue_house_in_the_background/
11/18/2024 06:32:52 - INFO - root - Image have been saved in /shenzihe/WD-Disk/output/exp3/wolf_plushie/checkpoint-100/images/with_a_blue_house_in_the_background/
11/18/2024 06:33:06 - INFO - root - Image have been saved in /shenzihe/WD-Disk/output/exp3/wolf_plushie/checkpoint-100/images/with_a_blue_house_in_the_background/
11/18/2024 06:33:06 - INFO - __main__ - Running validation... 
 Generating 4 images with prompt:on top of a purple rug in a forest.
11/18/2024 06:33:20 - INFO - root - Image have been saved in /shenzihe/WD-Disk/output/exp3/wolf_plushie/checkpoint-100/images/on_top_of_a_purple_rug_in_a_forest/
11/18/2024 06:33:34 - INFO - root - Image have been saved in /shenzihe/WD-Disk/output/exp3/wolf_plushie/checkpoint-100/images/on_top_of_a_purple_rug_in_a_forest/
11/18/2024 06:33:48 - INFO - root - Image have been saved in /shenzihe/WD-Disk/output/exp3/wolf_plushie/checkpoint-100/images/on_top_of_a_purple_rug_in_a_forest/
11/18/2024 06:34:02 - INFO - root - Image have been saved in /shenzihe/WD-Disk/output/exp3/wolf_plushie/checkpoint-100/images/on_top_of_a_purple_rug_in_a_forest/
11/18/2024 06:34:02 - INFO - __main__ - Running validation... 
 Generating 4 images with prompt:with a wheat field in the background.
11/18/2024 06:34:16 - INFO - root - Image have been saved in /shenzihe/WD-Disk/output/exp3/wolf_plushie/checkpoint-100/images/with_a_wheat_field_in_the_background/
11/18/2024 06:34:30 - INFO - root - Image have been saved in /shenzihe/WD-Disk/output/exp3/wolf_plushie/checkpoint-100/images/with_a_wheat_field_in_the_background/
11/18/2024 06:34:44 - INFO - root - Image have been saved in /shenzihe/WD-Disk/output/exp3/wolf_plushie/checkpoint-100/images/with_a_wheat_field_in_the_background/
11/18/2024 06:34:58 - INFO - root - Image have been saved in /shenzihe/WD-Disk/output/exp3/wolf_plushie/checkpoint-100/images/with_a_wheat_field_in_the_background/
11/18/2024 06:34:58 - INFO - __main__ - Running validation... 
 Generating 4 images with prompt:with a tree and autumn leaves in the background.
11/18/2024 06:35:12 - INFO - root - Image have been saved in /shenzihe/WD-Disk/output/exp3/wolf_plushie/checkpoint-100/images/with_a_tree_and_autumn_leaves_in_the_background/
11/18/2024 06:35:26 - INFO - root - Image have been saved in /shenzihe/WD-Disk/output/exp3/wolf_plushie/checkpoint-100/images/with_a_tree_and_autumn_leaves_in_the_background/
11/18/2024 06:35:40 - INFO - root - Image have been saved in /shenzihe/WD-Disk/output/exp3/wolf_plushie/checkpoint-100/images/with_a_tree_and_autumn_leaves_in_the_background/
11/18/2024 06:35:54 - INFO - root - Image have been saved in /shenzihe/WD-Disk/output/exp3/wolf_plushie/checkpoint-100/images/with_a_tree_and_autumn_leaves_in_the_background/
11/18/2024 06:35:54 - INFO - __main__ - Running validation... 
 Generating 4 images with prompt:with the Eiffel Tower in the background.
11/18/2024 06:36:08 - INFO - root - Image have been saved in /shenzihe/WD-Disk/output/exp3/wolf_plushie/checkpoint-100/images/with_the_Eiffel_Tower_in_the_background/
11/18/2024 06:36:22 - INFO - root - Image have been saved in /shenzihe/WD-Disk/output/exp3/wolf_plushie/checkpoint-100/images/with_the_Eiffel_Tower_in_the_background/
11/18/2024 06:36:36 - INFO - root - Image have been saved in /shenzihe/WD-Disk/output/exp3/wolf_plushie/checkpoint-100/images/with_the_Eiffel_Tower_in_the_background/
11/18/2024 06:36:50 - INFO - root - Image have been saved in /shenzihe/WD-Disk/output/exp3/wolf_plushie/checkpoint-100/images/with_the_Eiffel_Tower_in_the_background/
11/18/2024 06:36:50 - INFO - __main__ - Running validation... 
 Generating 4 images with prompt:floating on top of water.
11/18/2024 06:37:04 - INFO - root - Image have been saved in /shenzihe/WD-Disk/output/exp3/wolf_plushie/checkpoint-100/images/floating_on_top_of_water/
11/18/2024 06:37:18 - INFO - root - Image have been saved in /shenzihe/WD-Disk/output/exp3/wolf_plushie/checkpoint-100/images/floating_on_top_of_water/
11/18/2024 06:37:32 - INFO - root - Image have been saved in /shenzihe/WD-Disk/output/exp3/wolf_plushie/checkpoint-100/images/floating_on_top_of_water/
11/18/2024 06:37:46 - INFO - root - Image have been saved in /shenzihe/WD-Disk/output/exp3/wolf_plushie/checkpoint-100/images/floating_on_top_of_water/
11/18/2024 06:37:46 - INFO - __main__ - Running validation... 
 Generating 4 images with prompt:floating in an ocean of milk.
11/18/2024 06:38:01 - INFO - root - Image have been saved in /shenzihe/WD-Disk/output/exp3/wolf_plushie/checkpoint-100/images/floating_in_an_ocean_of_milk/
11/18/2024 06:38:15 - INFO - root - Image have been saved in /shenzihe/WD-Disk/output/exp3/wolf_plushie/checkpoint-100/images/floating_in_an_ocean_of_milk/
11/18/2024 06:38:29 - INFO - root - Image have been saved in /shenzihe/WD-Disk/output/exp3/wolf_plushie/checkpoint-100/images/floating_in_an_ocean_of_milk/
11/18/2024 06:38:43 - INFO - root - Image have been saved in /shenzihe/WD-Disk/output/exp3/wolf_plushie/checkpoint-100/images/floating_in_an_ocean_of_milk/
11/18/2024 06:38:43 - INFO - __main__ - Running validation... 
 Generating 4 images with prompt:on top of green grass with sunflowers around it.
11/18/2024 06:38:58 - INFO - root - Image have been saved in /shenzihe/WD-Disk/output/exp3/wolf_plushie/checkpoint-100/images/on_top_of_green_grass_with_sunflowers_around_it/
11/18/2024 06:39:12 - INFO - root - Image have been saved in /shenzihe/WD-Disk/output/exp3/wolf_plushie/checkpoint-100/images/on_top_of_green_grass_with_sunflowers_around_it/
11/18/2024 06:39:26 - INFO - root - Image have been saved in /shenzihe/WD-Disk/output/exp3/wolf_plushie/checkpoint-100/images/on_top_of_green_grass_with_sunflowers_around_it/
11/18/2024 06:39:40 - INFO - root - Image have been saved in /shenzihe/WD-Disk/output/exp3/wolf_plushie/checkpoint-100/images/on_top_of_green_grass_with_sunflowers_around_it/
11/18/2024 06:39:40 - INFO - __main__ - Running validation... 
 Generating 4 images with prompt:on top of a mirror.
11/18/2024 06:39:54 - INFO - root - Image have been saved in /shenzihe/WD-Disk/output/exp3/wolf_plushie/checkpoint-100/images/on_top_of_a_mirror/
11/18/2024 06:40:09 - INFO - root - Image have been saved in /shenzihe/WD-Disk/output/exp3/wolf_plushie/checkpoint-100/images/on_top_of_a_mirror/
11/18/2024 06:40:23 - INFO - root - Image have been saved in /shenzihe/WD-Disk/output/exp3/wolf_plushie/checkpoint-100/images/on_top_of_a_mirror/
11/18/2024 06:40:36 - INFO - root - Image have been saved in /shenzihe/WD-Disk/output/exp3/wolf_plushie/checkpoint-100/images/on_top_of_a_mirror/
11/18/2024 06:40:36 - INFO - __main__ - Running validation... 
 Generating 4 images with prompt:on top of the sidewalk in a crowded street.
11/18/2024 06:40:50 - INFO - root - Image have been saved in /shenzihe/WD-Disk/output/exp3/wolf_plushie/checkpoint-100/images/on_top_of_the_sidewalk_in_a_crowded_street/
11/18/2024 06:41:04 - INFO - root - Image have been saved in /shenzihe/WD-Disk/output/exp3/wolf_plushie/checkpoint-100/images/on_top_of_the_sidewalk_in_a_crowded_street/
11/18/2024 06:41:17 - INFO - root - Image have been saved in /shenzihe/WD-Disk/output/exp3/wolf_plushie/checkpoint-100/images/on_top_of_the_sidewalk_in_a_crowded_street/
11/18/2024 06:41:31 - INFO - root - Image have been saved in /shenzihe/WD-Disk/output/exp3/wolf_plushie/checkpoint-100/images/on_top_of_the_sidewalk_in_a_crowded_street/
11/18/2024 06:41:31 - INFO - __main__ - Running validation... 
 Generating 4 images with prompt:on top of a dirt road.
11/18/2024 06:41:45 - INFO - root - Image have been saved in /shenzihe/WD-Disk/output/exp3/wolf_plushie/checkpoint-100/images/on_top_of_a_dirt_road/
11/18/2024 06:41:58 - INFO - root - Image have been saved in /shenzihe/WD-Disk/output/exp3/wolf_plushie/checkpoint-100/images/on_top_of_a_dirt_road/
11/18/2024 06:42:12 - INFO - root - Image have been saved in /shenzihe/WD-Disk/output/exp3/wolf_plushie/checkpoint-100/images/on_top_of_a_dirt_road/
11/18/2024 06:42:26 - INFO - root - Image have been saved in /shenzihe/WD-Disk/output/exp3/wolf_plushie/checkpoint-100/images/on_top_of_a_dirt_road/
11/18/2024 06:42:26 - INFO - __main__ - Running validation... 
 Generating 4 images with prompt:on top of a white rug.
11/18/2024 06:42:40 - INFO - root - Image have been saved in /shenzihe/WD-Disk/output/exp3/wolf_plushie/checkpoint-100/images/on_top_of_a_white_rug/
11/18/2024 06:42:54 - INFO - root - Image have been saved in /shenzihe/WD-Disk/output/exp3/wolf_plushie/checkpoint-100/images/on_top_of_a_white_rug/
11/18/2024 06:43:07 - INFO - root - Image have been saved in /shenzihe/WD-Disk/output/exp3/wolf_plushie/checkpoint-100/images/on_top_of_a_white_rug/
11/18/2024 06:43:21 - INFO - root - Image have been saved in /shenzihe/WD-Disk/output/exp3/wolf_plushie/checkpoint-100/images/on_top_of_a_white_rug/
11/18/2024 06:43:21 - INFO - __main__ - Running validation... 
 Generating 4 images with prompt:red.
11/18/2024 06:43:35 - INFO - root - Image have been saved in /shenzihe/WD-Disk/output/exp3/wolf_plushie/checkpoint-100/images/red/
11/18/2024 06:43:48 - INFO - root - Image have been saved in /shenzihe/WD-Disk/output/exp3/wolf_plushie/checkpoint-100/images/red/
11/18/2024 06:44:02 - INFO - root - Image have been saved in /shenzihe/WD-Disk/output/exp3/wolf_plushie/checkpoint-100/images/red/
11/18/2024 06:44:15 - INFO - root - Image have been saved in /shenzihe/WD-Disk/output/exp3/wolf_plushie/checkpoint-100/images/red/
11/18/2024 06:44:15 - INFO - __main__ - Running validation... 
 Generating 4 images with prompt:purple.
11/18/2024 06:44:29 - INFO - root - Image have been saved in /shenzihe/WD-Disk/output/exp3/wolf_plushie/checkpoint-100/images/purple/
11/18/2024 06:44:43 - INFO - root - Image have been saved in /shenzihe/WD-Disk/output/exp3/wolf_plushie/checkpoint-100/images/purple/
11/18/2024 06:44:56 - INFO - root - Image have been saved in /shenzihe/WD-Disk/output/exp3/wolf_plushie/checkpoint-100/images/purple/
11/18/2024 06:45:10 - INFO - root - Image have been saved in /shenzihe/WD-Disk/output/exp3/wolf_plushie/checkpoint-100/images/purple/
11/18/2024 06:45:10 - INFO - __main__ - Running validation... 
 Generating 4 images with prompt:shiny.
11/18/2024 06:45:23 - INFO - root - Image have been saved in /shenzihe/WD-Disk/output/exp3/wolf_plushie/checkpoint-100/images/shiny/
11/18/2024 06:45:37 - INFO - root - Image have been saved in /shenzihe/WD-Disk/output/exp3/wolf_plushie/checkpoint-100/images/shiny/
11/18/2024 06:45:50 - INFO - root - Image have been saved in /shenzihe/WD-Disk/output/exp3/wolf_plushie/checkpoint-100/images/shiny/
11/18/2024 06:46:04 - INFO - root - Image have been saved in /shenzihe/WD-Disk/output/exp3/wolf_plushie/checkpoint-100/images/shiny/
11/18/2024 06:46:04 - INFO - __main__ - Running validation... 
 Generating 4 images with prompt:wet.
11/18/2024 06:46:18 - INFO - root - Image have been saved in /shenzihe/WD-Disk/output/exp3/wolf_plushie/checkpoint-100/images/wet/
11/18/2024 06:46:31 - INFO - root - Image have been saved in /shenzihe/WD-Disk/output/exp3/wolf_plushie/checkpoint-100/images/wet/
11/18/2024 06:46:45 - INFO - root - Image have been saved in /shenzihe/WD-Disk/output/exp3/wolf_plushie/checkpoint-100/images/wet/
11/18/2024 06:46:58 - INFO - root - Image have been saved in /shenzihe/WD-Disk/output/exp3/wolf_plushie/checkpoint-100/images/wet/
11/18/2024 06:46:58 - INFO - __main__ - Running validation... 
 Generating 4 images with prompt:cube shaped.
11/18/2024 06:47:12 - INFO - root - Image have been saved in /shenzihe/WD-Disk/output/exp3/wolf_plushie/checkpoint-100/images/cube_shaped/
11/18/2024 06:47:26 - INFO - root - Image have been saved in /shenzihe/WD-Disk/output/exp3/wolf_plushie/checkpoint-100/images/cube_shaped/
11/18/2024 06:47:39 - INFO - root - Image have been saved in /shenzihe/WD-Disk/output/exp3/wolf_plushie/checkpoint-100/images/cube_shaped/
11/18/2024 06:47:53 - INFO - root - Image have been saved in /shenzihe/WD-Disk/output/exp3/wolf_plushie/checkpoint-100/images/cube_shaped/
