11/14/2024 09:22:54 - INFO - __main__ - Distributed environment: NO
Num processes: 1
Process index: 0
Local process index: 0
Device: cuda

Mixed precision type: no

11/14/2024 09:22:56 - INFO - root - freeze vision encoder
11/14/2024 09:23:06 - INFO - root - Loading pretrained model from /root/.cache/torch/hub/checkpoints/blip-diffusion
11/14/2024 09:23:06 - INFO - root - Loading pretrained BLIP2 Qformer weights.
11/14/2024 09:23:08 - INFO - root - Loading pretrained projection lyer weights.
11/14/2024 09:23:08 - INFO - root - Loading pretrained text encoder weights.
11/14/2024 09:23:09 - INFO - root - Loading pretrained vae weights.
11/14/2024 09:23:09 - INFO - root - Loading pretrained unet weights.
11/14/2024 09:23:19 - INFO - root - Using xformers.
11/14/2024 09:23:19 - INFO - root - Building datasets...
11/14/2024 09:23:29 - INFO - root - freeze vision encoder
11/14/2024 09:23:56 - INFO - root - load checkpoint from https://storage.googleapis.com/sfr-vision-language-research/LAVIS/models/BLIP2/blip2_pretrained_flant5xl.pth
11/14/2024 09:23:57 - INFO - __main__ - 
***** Running training *****
11/14/2024 09:23:57 - INFO - __main__ -   Num examples = 6
11/14/2024 09:23:57 - INFO - __main__ -   Num batches each epoch = 2
11/14/2024 09:23:57 - INFO - __main__ -   Num Epochs = 50
11/14/2024 09:23:57 - INFO - __main__ -   Instantaneous batch size per device = 3
11/14/2024 09:23:57 - INFO - __main__ -   Total train batch size (w. parallel, distributed & accumulation) = 3
11/14/2024 09:23:57 - INFO - __main__ -   Gradient Accumulation steps = 1
11/14/2024 09:23:57 - INFO - __main__ -   Total optimization steps = 100
11/14/2024 09:29:25 - INFO - __main__ - Running validation... 
 Generating 4 images with prompt:in the jungle.
11/14/2024 09:29:38 - INFO - root - Image have been saved in /shenzihe/WD-Disk/output/exp/berry_bowl/checkpoint-100/images/in_the_jungle/
11/14/2024 09:29:51 - INFO - root - Image have been saved in /shenzihe/WD-Disk/output/exp/berry_bowl/checkpoint-100/images/in_the_jungle/
11/14/2024 09:30:05 - INFO - root - Image have been saved in /shenzihe/WD-Disk/output/exp/berry_bowl/checkpoint-100/images/in_the_jungle/
11/14/2024 09:30:19 - INFO - root - Image have been saved in /shenzihe/WD-Disk/output/exp/berry_bowl/checkpoint-100/images/in_the_jungle/
11/14/2024 09:30:19 - INFO - __main__ - Running validation... 
 Generating 4 images with prompt:in the snow.
11/14/2024 09:30:32 - INFO - root - Image have been saved in /shenzihe/WD-Disk/output/exp/berry_bowl/checkpoint-100/images/in_the_snow/
11/14/2024 09:30:46 - INFO - root - Image have been saved in /shenzihe/WD-Disk/output/exp/berry_bowl/checkpoint-100/images/in_the_snow/
11/14/2024 09:30:59 - INFO - root - Image have been saved in /shenzihe/WD-Disk/output/exp/berry_bowl/checkpoint-100/images/in_the_snow/
11/14/2024 09:31:12 - INFO - root - Image have been saved in /shenzihe/WD-Disk/output/exp/berry_bowl/checkpoint-100/images/in_the_snow/
11/14/2024 09:31:12 - INFO - __main__ - Running validation... 
 Generating 4 images with prompt:on the beach.
11/14/2024 09:31:26 - INFO - root - Image have been saved in /shenzihe/WD-Disk/output/exp/berry_bowl/checkpoint-100/images/on_the_beach/
11/14/2024 09:31:39 - INFO - root - Image have been saved in /shenzihe/WD-Disk/output/exp/berry_bowl/checkpoint-100/images/on_the_beach/
11/14/2024 09:31:53 - INFO - root - Image have been saved in /shenzihe/WD-Disk/output/exp/berry_bowl/checkpoint-100/images/on_the_beach/
11/14/2024 09:32:06 - INFO - root - Image have been saved in /shenzihe/WD-Disk/output/exp/berry_bowl/checkpoint-100/images/on_the_beach/
11/14/2024 09:32:06 - INFO - __main__ - Running validation... 
 Generating 4 images with prompt:on a cobblestone street.
11/14/2024 09:32:20 - INFO - root - Image have been saved in /shenzihe/WD-Disk/output/exp/berry_bowl/checkpoint-100/images/on_a_cobblestone_street/
11/14/2024 09:32:33 - INFO - root - Image have been saved in /shenzihe/WD-Disk/output/exp/berry_bowl/checkpoint-100/images/on_a_cobblestone_street/
11/14/2024 09:32:46 - INFO - root - Image have been saved in /shenzihe/WD-Disk/output/exp/berry_bowl/checkpoint-100/images/on_a_cobblestone_street/
11/14/2024 09:33:00 - INFO - root - Image have been saved in /shenzihe/WD-Disk/output/exp/berry_bowl/checkpoint-100/images/on_a_cobblestone_street/
11/14/2024 09:33:00 - INFO - __main__ - Running validation... 
 Generating 4 images with prompt:on top of pink fabric.
11/14/2024 09:33:13 - INFO - root - Image have been saved in /shenzihe/WD-Disk/output/exp/berry_bowl/checkpoint-100/images/on_top_of_pink_fabric/
11/14/2024 09:33:27 - INFO - root - Image have been saved in /shenzihe/WD-Disk/output/exp/berry_bowl/checkpoint-100/images/on_top_of_pink_fabric/
11/14/2024 09:33:40 - INFO - root - Image have been saved in /shenzihe/WD-Disk/output/exp/berry_bowl/checkpoint-100/images/on_top_of_pink_fabric/
11/14/2024 09:33:53 - INFO - root - Image have been saved in /shenzihe/WD-Disk/output/exp/berry_bowl/checkpoint-100/images/on_top_of_pink_fabric/
11/14/2024 09:33:53 - INFO - __main__ - Running validation... 
 Generating 4 images with prompt:on top of a wooden floor.
11/14/2024 09:34:07 - INFO - root - Image have been saved in /shenzihe/WD-Disk/output/exp/berry_bowl/checkpoint-100/images/on_top_of_a_wooden_floor/
11/14/2024 09:34:20 - INFO - root - Image have been saved in /shenzihe/WD-Disk/output/exp/berry_bowl/checkpoint-100/images/on_top_of_a_wooden_floor/
11/14/2024 09:34:34 - INFO - root - Image have been saved in /shenzihe/WD-Disk/output/exp/berry_bowl/checkpoint-100/images/on_top_of_a_wooden_floor/
11/14/2024 09:34:47 - INFO - root - Image have been saved in /shenzihe/WD-Disk/output/exp/berry_bowl/checkpoint-100/images/on_top_of_a_wooden_floor/
11/14/2024 09:34:47 - INFO - __main__ - Running validation... 
 Generating 4 images with prompt:with a city in the background.
11/14/2024 09:35:00 - INFO - root - Image have been saved in /shenzihe/WD-Disk/output/exp/berry_bowl/checkpoint-100/images/with_a_city_in_the_background/
11/14/2024 09:35:14 - INFO - root - Image have been saved in /shenzihe/WD-Disk/output/exp/berry_bowl/checkpoint-100/images/with_a_city_in_the_background/
11/14/2024 09:35:27 - INFO - root - Image have been saved in /shenzihe/WD-Disk/output/exp/berry_bowl/checkpoint-100/images/with_a_city_in_the_background/
11/14/2024 09:35:41 - INFO - root - Image have been saved in /shenzihe/WD-Disk/output/exp/berry_bowl/checkpoint-100/images/with_a_city_in_the_background/
11/14/2024 09:35:41 - INFO - __main__ - Running validation... 
 Generating 4 images with prompt:with a mountain in the background.
11/14/2024 09:35:54 - INFO - root - Image have been saved in /shenzihe/WD-Disk/output/exp/berry_bowl/checkpoint-100/images/with_a_mountain_in_the_background/
11/14/2024 09:36:07 - INFO - root - Image have been saved in /shenzihe/WD-Disk/output/exp/berry_bowl/checkpoint-100/images/with_a_mountain_in_the_background/
11/14/2024 09:36:21 - INFO - root - Image have been saved in /shenzihe/WD-Disk/output/exp/berry_bowl/checkpoint-100/images/with_a_mountain_in_the_background/
11/14/2024 09:36:34 - INFO - root - Image have been saved in /shenzihe/WD-Disk/output/exp/berry_bowl/checkpoint-100/images/with_a_mountain_in_the_background/
11/14/2024 09:36:34 - INFO - __main__ - Running validation... 
 Generating 4 images with prompt:with a blue house in the background.
11/14/2024 09:36:48 - INFO - root - Image have been saved in /shenzihe/WD-Disk/output/exp/berry_bowl/checkpoint-100/images/with_a_blue_house_in_the_background/
11/14/2024 09:37:01 - INFO - root - Image have been saved in /shenzihe/WD-Disk/output/exp/berry_bowl/checkpoint-100/images/with_a_blue_house_in_the_background/
11/14/2024 09:37:14 - INFO - root - Image have been saved in /shenzihe/WD-Disk/output/exp/berry_bowl/checkpoint-100/images/with_a_blue_house_in_the_background/
11/14/2024 09:37:28 - INFO - root - Image have been saved in /shenzihe/WD-Disk/output/exp/berry_bowl/checkpoint-100/images/with_a_blue_house_in_the_background/
11/14/2024 09:37:28 - INFO - __main__ - Running validation... 
 Generating 4 images with prompt:on top of a purple rug in a forest.
11/14/2024 09:37:41 - INFO - root - Image have been saved in /shenzihe/WD-Disk/output/exp/berry_bowl/checkpoint-100/images/on_top_of_a_purple_rug_in_a_forest/
11/14/2024 09:37:55 - INFO - root - Image have been saved in /shenzihe/WD-Disk/output/exp/berry_bowl/checkpoint-100/images/on_top_of_a_purple_rug_in_a_forest/
11/14/2024 09:38:08 - INFO - root - Image have been saved in /shenzihe/WD-Disk/output/exp/berry_bowl/checkpoint-100/images/on_top_of_a_purple_rug_in_a_forest/
11/14/2024 09:38:21 - INFO - root - Image have been saved in /shenzihe/WD-Disk/output/exp/berry_bowl/checkpoint-100/images/on_top_of_a_purple_rug_in_a_forest/
11/14/2024 09:38:21 - INFO - __main__ - Running validation... 
 Generating 4 images with prompt:with a wheat field in the background.
11/14/2024 09:38:35 - INFO - root - Image have been saved in /shenzihe/WD-Disk/output/exp/berry_bowl/checkpoint-100/images/with_a_wheat_field_in_the_background/
11/14/2024 09:38:48 - INFO - root - Image have been saved in /shenzihe/WD-Disk/output/exp/berry_bowl/checkpoint-100/images/with_a_wheat_field_in_the_background/
11/14/2024 09:39:01 - INFO - root - Image have been saved in /shenzihe/WD-Disk/output/exp/berry_bowl/checkpoint-100/images/with_a_wheat_field_in_the_background/
11/14/2024 09:39:15 - INFO - root - Image have been saved in /shenzihe/WD-Disk/output/exp/berry_bowl/checkpoint-100/images/with_a_wheat_field_in_the_background/
11/14/2024 09:39:15 - INFO - __main__ - Running validation... 
 Generating 4 images with prompt:with a tree and autumn leaves in the background.
11/14/2024 09:39:28 - INFO - root - Image have been saved in /shenzihe/WD-Disk/output/exp/berry_bowl/checkpoint-100/images/with_a_tree_and_autumn_leaves_in_the_background/
11/14/2024 09:39:42 - INFO - root - Image have been saved in /shenzihe/WD-Disk/output/exp/berry_bowl/checkpoint-100/images/with_a_tree_and_autumn_leaves_in_the_background/
11/14/2024 09:39:55 - INFO - root - Image have been saved in /shenzihe/WD-Disk/output/exp/berry_bowl/checkpoint-100/images/with_a_tree_and_autumn_leaves_in_the_background/
11/14/2024 09:40:09 - INFO - root - Image have been saved in /shenzihe/WD-Disk/output/exp/berry_bowl/checkpoint-100/images/with_a_tree_and_autumn_leaves_in_the_background/
11/14/2024 09:40:09 - INFO - __main__ - Running validation... 
 Generating 4 images with prompt:with the Eiffel Tower in the background.
11/14/2024 09:40:22 - INFO - root - Image have been saved in /shenzihe/WD-Disk/output/exp/berry_bowl/checkpoint-100/images/with_the_Eiffel_Tower_in_the_background/
11/14/2024 09:40:35 - INFO - root - Image have been saved in /shenzihe/WD-Disk/output/exp/berry_bowl/checkpoint-100/images/with_the_Eiffel_Tower_in_the_background/
11/14/2024 09:40:49 - INFO - root - Image have been saved in /shenzihe/WD-Disk/output/exp/berry_bowl/checkpoint-100/images/with_the_Eiffel_Tower_in_the_background/
11/14/2024 09:41:02 - INFO - root - Image have been saved in /shenzihe/WD-Disk/output/exp/berry_bowl/checkpoint-100/images/with_the_Eiffel_Tower_in_the_background/
11/14/2024 09:41:02 - INFO - __main__ - Running validation... 
 Generating 4 images with prompt:floating on top of water.
11/14/2024 09:41:16 - INFO - root - Image have been saved in /shenzihe/WD-Disk/output/exp/berry_bowl/checkpoint-100/images/floating_on_top_of_water/
11/14/2024 09:41:29 - INFO - root - Image have been saved in /shenzihe/WD-Disk/output/exp/berry_bowl/checkpoint-100/images/floating_on_top_of_water/
11/14/2024 09:41:43 - INFO - root - Image have been saved in /shenzihe/WD-Disk/output/exp/berry_bowl/checkpoint-100/images/floating_on_top_of_water/
11/14/2024 09:41:56 - INFO - root - Image have been saved in /shenzihe/WD-Disk/output/exp/berry_bowl/checkpoint-100/images/floating_on_top_of_water/
11/14/2024 09:41:56 - INFO - __main__ - Running validation... 
 Generating 4 images with prompt:floating in an ocean of milk.
11/14/2024 09:42:09 - INFO - root - Image have been saved in /shenzihe/WD-Disk/output/exp/berry_bowl/checkpoint-100/images/floating_in_an_ocean_of_milk/
11/14/2024 09:42:23 - INFO - root - Image have been saved in /shenzihe/WD-Disk/output/exp/berry_bowl/checkpoint-100/images/floating_in_an_ocean_of_milk/
11/14/2024 09:42:36 - INFO - root - Image have been saved in /shenzihe/WD-Disk/output/exp/berry_bowl/checkpoint-100/images/floating_in_an_ocean_of_milk/
11/14/2024 09:42:49 - INFO - root - Image have been saved in /shenzihe/WD-Disk/output/exp/berry_bowl/checkpoint-100/images/floating_in_an_ocean_of_milk/
11/14/2024 09:42:49 - INFO - __main__ - Running validation... 
 Generating 4 images with prompt:on top of green grass with sunflowers around it.
11/14/2024 09:43:03 - INFO - root - Image have been saved in /shenzihe/WD-Disk/output/exp/berry_bowl/checkpoint-100/images/on_top_of_green_grass_with_sunflowers_around_it/
11/14/2024 09:43:16 - INFO - root - Image have been saved in /shenzihe/WD-Disk/output/exp/berry_bowl/checkpoint-100/images/on_top_of_green_grass_with_sunflowers_around_it/
11/14/2024 09:43:30 - INFO - root - Image have been saved in /shenzihe/WD-Disk/output/exp/berry_bowl/checkpoint-100/images/on_top_of_green_grass_with_sunflowers_around_it/
11/14/2024 09:43:43 - INFO - root - Image have been saved in /shenzihe/WD-Disk/output/exp/berry_bowl/checkpoint-100/images/on_top_of_green_grass_with_sunflowers_around_it/
11/14/2024 09:43:43 - INFO - __main__ - Running validation... 
 Generating 4 images with prompt:on top of a mirror.
11/14/2024 09:43:57 - INFO - root - Image have been saved in /shenzihe/WD-Disk/output/exp/berry_bowl/checkpoint-100/images/on_top_of_a_mirror/
11/14/2024 09:44:10 - INFO - root - Image have been saved in /shenzihe/WD-Disk/output/exp/berry_bowl/checkpoint-100/images/on_top_of_a_mirror/
11/14/2024 09:44:23 - INFO - root - Image have been saved in /shenzihe/WD-Disk/output/exp/berry_bowl/checkpoint-100/images/on_top_of_a_mirror/
11/14/2024 09:44:37 - INFO - root - Image have been saved in /shenzihe/WD-Disk/output/exp/berry_bowl/checkpoint-100/images/on_top_of_a_mirror/
11/14/2024 09:44:37 - INFO - __main__ - Running validation... 
 Generating 4 images with prompt:on top of the sidewalk in a crowded street.
11/14/2024 09:44:50 - INFO - root - Image have been saved in /shenzihe/WD-Disk/output/exp/berry_bowl/checkpoint-100/images/on_top_of_the_sidewalk_in_a_crowded_street/
11/14/2024 09:45:03 - INFO - root - Image have been saved in /shenzihe/WD-Disk/output/exp/berry_bowl/checkpoint-100/images/on_top_of_the_sidewalk_in_a_crowded_street/
11/14/2024 09:45:17 - INFO - root - Image have been saved in /shenzihe/WD-Disk/output/exp/berry_bowl/checkpoint-100/images/on_top_of_the_sidewalk_in_a_crowded_street/
11/14/2024 09:45:30 - INFO - root - Image have been saved in /shenzihe/WD-Disk/output/exp/berry_bowl/checkpoint-100/images/on_top_of_the_sidewalk_in_a_crowded_street/
11/14/2024 09:45:30 - INFO - __main__ - Running validation... 
 Generating 4 images with prompt:on top of a dirt road.
11/14/2024 09:45:44 - INFO - root - Image have been saved in /shenzihe/WD-Disk/output/exp/berry_bowl/checkpoint-100/images/on_top_of_a_dirt_road/
11/14/2024 09:45:57 - INFO - root - Image have been saved in /shenzihe/WD-Disk/output/exp/berry_bowl/checkpoint-100/images/on_top_of_a_dirt_road/
11/14/2024 09:46:10 - INFO - root - Image have been saved in /shenzihe/WD-Disk/output/exp/berry_bowl/checkpoint-100/images/on_top_of_a_dirt_road/
11/14/2024 09:46:24 - INFO - root - Image have been saved in /shenzihe/WD-Disk/output/exp/berry_bowl/checkpoint-100/images/on_top_of_a_dirt_road/
11/14/2024 09:46:24 - INFO - __main__ - Running validation... 
 Generating 4 images with prompt:on top of a white rug.
11/14/2024 09:46:37 - INFO - root - Image have been saved in /shenzihe/WD-Disk/output/exp/berry_bowl/checkpoint-100/images/on_top_of_a_white_rug/
11/14/2024 09:46:51 - INFO - root - Image have been saved in /shenzihe/WD-Disk/output/exp/berry_bowl/checkpoint-100/images/on_top_of_a_white_rug/
11/14/2024 09:47:04 - INFO - root - Image have been saved in /shenzihe/WD-Disk/output/exp/berry_bowl/checkpoint-100/images/on_top_of_a_white_rug/
11/14/2024 09:47:17 - INFO - root - Image have been saved in /shenzihe/WD-Disk/output/exp/berry_bowl/checkpoint-100/images/on_top_of_a_white_rug/
11/14/2024 09:47:17 - INFO - __main__ - Running validation... 
 Generating 4 images with prompt:red.
11/14/2024 09:47:31 - INFO - root - Image have been saved in /shenzihe/WD-Disk/output/exp/berry_bowl/checkpoint-100/images/red/
11/14/2024 09:47:44 - INFO - root - Image have been saved in /shenzihe/WD-Disk/output/exp/berry_bowl/checkpoint-100/images/red/
11/14/2024 09:47:57 - INFO - root - Image have been saved in /shenzihe/WD-Disk/output/exp/berry_bowl/checkpoint-100/images/red/
11/14/2024 09:48:11 - INFO - root - Image have been saved in /shenzihe/WD-Disk/output/exp/berry_bowl/checkpoint-100/images/red/
11/14/2024 09:48:11 - INFO - __main__ - Running validation... 
 Generating 4 images with prompt:purple.
11/14/2024 09:48:24 - INFO - root - Image have been saved in /shenzihe/WD-Disk/output/exp/berry_bowl/checkpoint-100/images/purple/
11/14/2024 09:48:38 - INFO - root - Image have been saved in /shenzihe/WD-Disk/output/exp/berry_bowl/checkpoint-100/images/purple/
11/14/2024 09:48:51 - INFO - root - Image have been saved in /shenzihe/WD-Disk/output/exp/berry_bowl/checkpoint-100/images/purple/
11/14/2024 09:49:04 - INFO - root - Image have been saved in /shenzihe/WD-Disk/output/exp/berry_bowl/checkpoint-100/images/purple/
11/14/2024 09:49:04 - INFO - __main__ - Running validation... 
 Generating 4 images with prompt:shiny.
11/14/2024 09:49:18 - INFO - root - Image have been saved in /shenzihe/WD-Disk/output/exp/berry_bowl/checkpoint-100/images/shiny/
11/14/2024 09:49:31 - INFO - root - Image have been saved in /shenzihe/WD-Disk/output/exp/berry_bowl/checkpoint-100/images/shiny/
11/14/2024 09:49:44 - INFO - root - Image have been saved in /shenzihe/WD-Disk/output/exp/berry_bowl/checkpoint-100/images/shiny/
11/14/2024 09:49:58 - INFO - root - Image have been saved in /shenzihe/WD-Disk/output/exp/berry_bowl/checkpoint-100/images/shiny/
11/14/2024 09:49:58 - INFO - __main__ - Running validation... 
 Generating 4 images with prompt:wet.
11/14/2024 09:50:11 - INFO - root - Image have been saved in /shenzihe/WD-Disk/output/exp/berry_bowl/checkpoint-100/images/wet/
11/14/2024 09:50:25 - INFO - root - Image have been saved in /shenzihe/WD-Disk/output/exp/berry_bowl/checkpoint-100/images/wet/
11/14/2024 09:50:38 - INFO - root - Image have been saved in /shenzihe/WD-Disk/output/exp/berry_bowl/checkpoint-100/images/wet/
11/14/2024 09:50:51 - INFO - root - Image have been saved in /shenzihe/WD-Disk/output/exp/berry_bowl/checkpoint-100/images/wet/
11/14/2024 09:50:51 - INFO - __main__ - Running validation... 
 Generating 4 images with prompt:cube shaped.
11/14/2024 09:51:05 - INFO - root - Image have been saved in /shenzihe/WD-Disk/output/exp/berry_bowl/checkpoint-100/images/cube_shaped/
11/14/2024 09:51:18 - INFO - root - Image have been saved in /shenzihe/WD-Disk/output/exp/berry_bowl/checkpoint-100/images/cube_shaped/
11/14/2024 09:51:32 - INFO - root - Image have been saved in /shenzihe/WD-Disk/output/exp/berry_bowl/checkpoint-100/images/cube_shaped/
11/14/2024 09:51:45 - INFO - root - Image have been saved in /shenzihe/WD-Disk/output/exp/berry_bowl/checkpoint-100/images/cube_shaped/
