11/14/2024 10:49:31 - INFO - __main__ - Distributed environment: NO
Num processes: 1
Process index: 0
Local process index: 0
Device: cuda

Mixed precision type: no

11/14/2024 10:49:34 - INFO - root - freeze vision encoder
11/14/2024 10:49:44 - INFO - root - Loading pretrained model from /root/.cache/torch/hub/checkpoints/blip-diffusion
11/14/2024 10:49:44 - INFO - root - Loading pretrained BLIP2 Qformer weights.
11/14/2024 10:49:46 - INFO - root - Loading pretrained projection lyer weights.
11/14/2024 10:49:46 - INFO - root - Loading pretrained text encoder weights.
11/14/2024 10:49:46 - INFO - root - Loading pretrained vae weights.
11/14/2024 10:49:47 - INFO - root - Loading pretrained unet weights.
11/14/2024 10:49:54 - INFO - root - Using xformers.
11/14/2024 10:49:54 - INFO - root - Building datasets...
11/14/2024 10:50:05 - INFO - root - freeze vision encoder
11/14/2024 10:50:33 - INFO - root - load checkpoint from https://storage.googleapis.com/sfr-vision-language-research/LAVIS/models/BLIP2/blip2_pretrained_flant5xl.pth
11/14/2024 10:50:34 - INFO - __main__ - 
***** Running training *****
11/14/2024 10:50:34 - INFO - __main__ -   Num examples = 5
11/14/2024 10:50:34 - INFO - __main__ -   Num batches each epoch = 2
11/14/2024 10:50:34 - INFO - __main__ -   Num Epochs = 50
11/14/2024 10:50:34 - INFO - __main__ -   Instantaneous batch size per device = 3
11/14/2024 10:50:34 - INFO - __main__ -   Total train batch size (w. parallel, distributed & accumulation) = 3
11/14/2024 10:50:34 - INFO - __main__ -   Gradient Accumulation steps = 1
11/14/2024 10:50:34 - INFO - __main__ -   Total optimization steps = 100
11/14/2024 10:54:39 - INFO - __main__ - Running validation... 
 Generating 4 images with prompt:in the jungle.
11/14/2024 10:54:54 - INFO - root - Image have been saved in /shenzihe/WD-Disk/output/exp/cat/checkpoint-100/images/in_the_jungle/
11/14/2024 10:55:07 - INFO - root - Image have been saved in /shenzihe/WD-Disk/output/exp/cat/checkpoint-100/images/in_the_jungle/
11/14/2024 10:55:21 - INFO - root - Image have been saved in /shenzihe/WD-Disk/output/exp/cat/checkpoint-100/images/in_the_jungle/
11/14/2024 10:55:35 - INFO - root - Image have been saved in /shenzihe/WD-Disk/output/exp/cat/checkpoint-100/images/in_the_jungle/
11/14/2024 10:55:35 - INFO - __main__ - Running validation... 
 Generating 4 images with prompt:in the snow.
11/14/2024 10:55:48 - INFO - root - Image have been saved in /shenzihe/WD-Disk/output/exp/cat/checkpoint-100/images/in_the_snow/
11/14/2024 10:56:01 - INFO - root - Image have been saved in /shenzihe/WD-Disk/output/exp/cat/checkpoint-100/images/in_the_snow/
11/14/2024 10:56:15 - INFO - root - Image have been saved in /shenzihe/WD-Disk/output/exp/cat/checkpoint-100/images/in_the_snow/
11/14/2024 10:56:28 - INFO - root - Image have been saved in /shenzihe/WD-Disk/output/exp/cat/checkpoint-100/images/in_the_snow/
11/14/2024 10:56:28 - INFO - __main__ - Running validation... 
 Generating 4 images with prompt:on the beach.
11/14/2024 10:56:41 - INFO - root - Image have been saved in /shenzihe/WD-Disk/output/exp/cat/checkpoint-100/images/on_the_beach/
11/14/2024 10:56:55 - INFO - root - Image have been saved in /shenzihe/WD-Disk/output/exp/cat/checkpoint-100/images/on_the_beach/
11/14/2024 10:57:08 - INFO - root - Image have been saved in /shenzihe/WD-Disk/output/exp/cat/checkpoint-100/images/on_the_beach/
11/14/2024 10:57:22 - INFO - root - Image have been saved in /shenzihe/WD-Disk/output/exp/cat/checkpoint-100/images/on_the_beach/
11/14/2024 10:57:22 - INFO - __main__ - Running validation... 
 Generating 4 images with prompt:on a cobblestone street.
11/14/2024 10:57:35 - INFO - root - Image have been saved in /shenzihe/WD-Disk/output/exp/cat/checkpoint-100/images/on_a_cobblestone_street/
11/14/2024 10:57:48 - INFO - root - Image have been saved in /shenzihe/WD-Disk/output/exp/cat/checkpoint-100/images/on_a_cobblestone_street/
11/14/2024 10:58:02 - INFO - root - Image have been saved in /shenzihe/WD-Disk/output/exp/cat/checkpoint-100/images/on_a_cobblestone_street/
11/14/2024 10:58:15 - INFO - root - Image have been saved in /shenzihe/WD-Disk/output/exp/cat/checkpoint-100/images/on_a_cobblestone_street/
11/14/2024 10:58:15 - INFO - __main__ - Running validation... 
 Generating 4 images with prompt:on top of pink fabric.
11/14/2024 10:58:29 - INFO - root - Image have been saved in /shenzihe/WD-Disk/output/exp/cat/checkpoint-100/images/on_top_of_pink_fabric/
11/14/2024 10:58:42 - INFO - root - Image have been saved in /shenzihe/WD-Disk/output/exp/cat/checkpoint-100/images/on_top_of_pink_fabric/
11/14/2024 10:58:55 - INFO - root - Image have been saved in /shenzihe/WD-Disk/output/exp/cat/checkpoint-100/images/on_top_of_pink_fabric/
11/14/2024 10:59:09 - INFO - root - Image have been saved in /shenzihe/WD-Disk/output/exp/cat/checkpoint-100/images/on_top_of_pink_fabric/
11/14/2024 10:59:09 - INFO - __main__ - Running validation... 
 Generating 4 images with prompt:on top of a wooden floor.
11/14/2024 10:59:22 - INFO - root - Image have been saved in /shenzihe/WD-Disk/output/exp/cat/checkpoint-100/images/on_top_of_a_wooden_floor/
11/14/2024 10:59:35 - INFO - root - Image have been saved in /shenzihe/WD-Disk/output/exp/cat/checkpoint-100/images/on_top_of_a_wooden_floor/
11/14/2024 10:59:49 - INFO - root - Image have been saved in /shenzihe/WD-Disk/output/exp/cat/checkpoint-100/images/on_top_of_a_wooden_floor/
11/14/2024 11:00:02 - INFO - root - Image have been saved in /shenzihe/WD-Disk/output/exp/cat/checkpoint-100/images/on_top_of_a_wooden_floor/
11/14/2024 11:00:02 - INFO - __main__ - Running validation... 
 Generating 4 images with prompt:with a city in the background.
11/14/2024 11:00:16 - INFO - root - Image have been saved in /shenzihe/WD-Disk/output/exp/cat/checkpoint-100/images/with_a_city_in_the_background/
11/14/2024 11:00:29 - INFO - root - Image have been saved in /shenzihe/WD-Disk/output/exp/cat/checkpoint-100/images/with_a_city_in_the_background/
11/14/2024 11:00:42 - INFO - root - Image have been saved in /shenzihe/WD-Disk/output/exp/cat/checkpoint-100/images/with_a_city_in_the_background/
11/14/2024 11:00:56 - INFO - root - Image have been saved in /shenzihe/WD-Disk/output/exp/cat/checkpoint-100/images/with_a_city_in_the_background/
11/14/2024 11:00:56 - INFO - __main__ - Running validation... 
 Generating 4 images with prompt:with a mountain in the background.
11/14/2024 11:01:09 - INFO - root - Image have been saved in /shenzihe/WD-Disk/output/exp/cat/checkpoint-100/images/with_a_mountain_in_the_background/
11/14/2024 11:01:23 - INFO - root - Image have been saved in /shenzihe/WD-Disk/output/exp/cat/checkpoint-100/images/with_a_mountain_in_the_background/
11/14/2024 11:01:36 - INFO - root - Image have been saved in /shenzihe/WD-Disk/output/exp/cat/checkpoint-100/images/with_a_mountain_in_the_background/
11/14/2024 11:01:49 - INFO - root - Image have been saved in /shenzihe/WD-Disk/output/exp/cat/checkpoint-100/images/with_a_mountain_in_the_background/
11/14/2024 11:01:49 - INFO - __main__ - Running validation... 
 Generating 4 images with prompt:with a blue house in the background.
11/14/2024 11:02:03 - INFO - root - Image have been saved in /shenzihe/WD-Disk/output/exp/cat/checkpoint-100/images/with_a_blue_house_in_the_background/
11/14/2024 11:02:16 - INFO - root - Image have been saved in /shenzihe/WD-Disk/output/exp/cat/checkpoint-100/images/with_a_blue_house_in_the_background/
11/14/2024 11:02:30 - INFO - root - Image have been saved in /shenzihe/WD-Disk/output/exp/cat/checkpoint-100/images/with_a_blue_house_in_the_background/
11/14/2024 11:02:43 - INFO - root - Image have been saved in /shenzihe/WD-Disk/output/exp/cat/checkpoint-100/images/with_a_blue_house_in_the_background/
11/14/2024 11:02:43 - INFO - __main__ - Running validation... 
 Generating 4 images with prompt:on top of a purple rug in a forest.
11/14/2024 11:02:56 - INFO - root - Image have been saved in /shenzihe/WD-Disk/output/exp/cat/checkpoint-100/images/on_top_of_a_purple_rug_in_a_forest/
11/14/2024 11:03:10 - INFO - root - Image have been saved in /shenzihe/WD-Disk/output/exp/cat/checkpoint-100/images/on_top_of_a_purple_rug_in_a_forest/
11/14/2024 11:03:23 - INFO - root - Image have been saved in /shenzihe/WD-Disk/output/exp/cat/checkpoint-100/images/on_top_of_a_purple_rug_in_a_forest/
11/14/2024 11:03:36 - INFO - root - Image have been saved in /shenzihe/WD-Disk/output/exp/cat/checkpoint-100/images/on_top_of_a_purple_rug_in_a_forest/
11/14/2024 11:03:36 - INFO - __main__ - Running validation... 
 Generating 4 images with prompt:with a wheat field in the background.
11/14/2024 11:03:50 - INFO - root - Image have been saved in /shenzihe/WD-Disk/output/exp/cat/checkpoint-100/images/with_a_wheat_field_in_the_background/
11/14/2024 11:04:03 - INFO - root - Image have been saved in /shenzihe/WD-Disk/output/exp/cat/checkpoint-100/images/with_a_wheat_field_in_the_background/
11/14/2024 11:04:17 - INFO - root - Image have been saved in /shenzihe/WD-Disk/output/exp/cat/checkpoint-100/images/with_a_wheat_field_in_the_background/
11/14/2024 11:04:30 - INFO - root - Image have been saved in /shenzihe/WD-Disk/output/exp/cat/checkpoint-100/images/with_a_wheat_field_in_the_background/
11/14/2024 11:04:30 - INFO - __main__ - Running validation... 
 Generating 4 images with prompt:with a tree and autumn leaves in the background.
11/14/2024 11:04:43 - INFO - root - Image have been saved in /shenzihe/WD-Disk/output/exp/cat/checkpoint-100/images/with_a_tree_and_autumn_leaves_in_the_background/
11/14/2024 11:04:57 - INFO - root - Image have been saved in /shenzihe/WD-Disk/output/exp/cat/checkpoint-100/images/with_a_tree_and_autumn_leaves_in_the_background/
11/14/2024 11:05:10 - INFO - root - Image have been saved in /shenzihe/WD-Disk/output/exp/cat/checkpoint-100/images/with_a_tree_and_autumn_leaves_in_the_background/
11/14/2024 11:05:24 - INFO - root - Image have been saved in /shenzihe/WD-Disk/output/exp/cat/checkpoint-100/images/with_a_tree_and_autumn_leaves_in_the_background/
11/14/2024 11:05:24 - INFO - __main__ - Running validation... 
 Generating 4 images with prompt:with the Eiffel Tower in the background.
11/14/2024 11:05:37 - INFO - root - Image have been saved in /shenzihe/WD-Disk/output/exp/cat/checkpoint-100/images/with_the_Eiffel_Tower_in_the_background/
11/14/2024 11:05:51 - INFO - root - Image have been saved in /shenzihe/WD-Disk/output/exp/cat/checkpoint-100/images/with_the_Eiffel_Tower_in_the_background/
11/14/2024 11:06:04 - INFO - root - Image have been saved in /shenzihe/WD-Disk/output/exp/cat/checkpoint-100/images/with_the_Eiffel_Tower_in_the_background/
11/14/2024 11:06:18 - INFO - root - Image have been saved in /shenzihe/WD-Disk/output/exp/cat/checkpoint-100/images/with_the_Eiffel_Tower_in_the_background/
11/14/2024 11:06:18 - INFO - __main__ - Running validation... 
 Generating 4 images with prompt:floating on top of water.
11/14/2024 11:06:31 - INFO - root - Image have been saved in /shenzihe/WD-Disk/output/exp/cat/checkpoint-100/images/floating_on_top_of_water/
11/14/2024 11:06:44 - INFO - root - Image have been saved in /shenzihe/WD-Disk/output/exp/cat/checkpoint-100/images/floating_on_top_of_water/
11/14/2024 11:06:58 - INFO - root - Image have been saved in /shenzihe/WD-Disk/output/exp/cat/checkpoint-100/images/floating_on_top_of_water/
11/14/2024 11:07:11 - INFO - root - Image have been saved in /shenzihe/WD-Disk/output/exp/cat/checkpoint-100/images/floating_on_top_of_water/
11/14/2024 11:07:11 - INFO - __main__ - Running validation... 
 Generating 4 images with prompt:floating in an ocean of milk.
11/14/2024 11:07:24 - INFO - root - Image have been saved in /shenzihe/WD-Disk/output/exp/cat/checkpoint-100/images/floating_in_an_ocean_of_milk/
11/14/2024 11:07:38 - INFO - root - Image have been saved in /shenzihe/WD-Disk/output/exp/cat/checkpoint-100/images/floating_in_an_ocean_of_milk/
11/14/2024 11:07:51 - INFO - root - Image have been saved in /shenzihe/WD-Disk/output/exp/cat/checkpoint-100/images/floating_in_an_ocean_of_milk/
11/14/2024 11:08:05 - INFO - root - Image have been saved in /shenzihe/WD-Disk/output/exp/cat/checkpoint-100/images/floating_in_an_ocean_of_milk/
11/14/2024 11:08:05 - INFO - __main__ - Running validation... 
 Generating 4 images with prompt:on top of green grass with sunflowers around it.
11/14/2024 11:08:18 - INFO - root - Image have been saved in /shenzihe/WD-Disk/output/exp/cat/checkpoint-100/images/on_top_of_green_grass_with_sunflowers_around_it/
11/14/2024 11:08:31 - INFO - root - Image have been saved in /shenzihe/WD-Disk/output/exp/cat/checkpoint-100/images/on_top_of_green_grass_with_sunflowers_around_it/
11/14/2024 11:08:45 - INFO - root - Image have been saved in /shenzihe/WD-Disk/output/exp/cat/checkpoint-100/images/on_top_of_green_grass_with_sunflowers_around_it/
11/14/2024 11:08:58 - INFO - root - Image have been saved in /shenzihe/WD-Disk/output/exp/cat/checkpoint-100/images/on_top_of_green_grass_with_sunflowers_around_it/
11/14/2024 11:08:58 - INFO - __main__ - Running validation... 
 Generating 4 images with prompt:on top of a mirror.
11/14/2024 11:09:11 - INFO - root - Image have been saved in /shenzihe/WD-Disk/output/exp/cat/checkpoint-100/images/on_top_of_a_mirror/
11/14/2024 11:09:25 - INFO - root - Image have been saved in /shenzihe/WD-Disk/output/exp/cat/checkpoint-100/images/on_top_of_a_mirror/
11/14/2024 11:09:38 - INFO - root - Image have been saved in /shenzihe/WD-Disk/output/exp/cat/checkpoint-100/images/on_top_of_a_mirror/
11/14/2024 11:09:52 - INFO - root - Image have been saved in /shenzihe/WD-Disk/output/exp/cat/checkpoint-100/images/on_top_of_a_mirror/
11/14/2024 11:09:52 - INFO - __main__ - Running validation... 
 Generating 4 images with prompt:on top of the sidewalk in a crowded street.
11/14/2024 11:10:05 - INFO - root - Image have been saved in /shenzihe/WD-Disk/output/exp/cat/checkpoint-100/images/on_top_of_the_sidewalk_in_a_crowded_street/
11/14/2024 11:10:18 - INFO - root - Image have been saved in /shenzihe/WD-Disk/output/exp/cat/checkpoint-100/images/on_top_of_the_sidewalk_in_a_crowded_street/
11/14/2024 11:10:32 - INFO - root - Image have been saved in /shenzihe/WD-Disk/output/exp/cat/checkpoint-100/images/on_top_of_the_sidewalk_in_a_crowded_street/
11/14/2024 11:10:45 - INFO - root - Image have been saved in /shenzihe/WD-Disk/output/exp/cat/checkpoint-100/images/on_top_of_the_sidewalk_in_a_crowded_street/
11/14/2024 11:10:45 - INFO - __main__ - Running validation... 
 Generating 4 images with prompt:on top of a dirt road.
11/14/2024 11:10:59 - INFO - root - Image have been saved in /shenzihe/WD-Disk/output/exp/cat/checkpoint-100/images/on_top_of_a_dirt_road/
11/14/2024 11:11:12 - INFO - root - Image have been saved in /shenzihe/WD-Disk/output/exp/cat/checkpoint-100/images/on_top_of_a_dirt_road/
11/14/2024 11:11:25 - INFO - root - Image have been saved in /shenzihe/WD-Disk/output/exp/cat/checkpoint-100/images/on_top_of_a_dirt_road/
11/14/2024 11:11:39 - INFO - root - Image have been saved in /shenzihe/WD-Disk/output/exp/cat/checkpoint-100/images/on_top_of_a_dirt_road/
11/14/2024 11:11:39 - INFO - __main__ - Running validation... 
 Generating 4 images with prompt:on top of a white rug.
11/14/2024 11:11:52 - INFO - root - Image have been saved in /shenzihe/WD-Disk/output/exp/cat/checkpoint-100/images/on_top_of_a_white_rug/
11/14/2024 11:12:05 - INFO - root - Image have been saved in /shenzihe/WD-Disk/output/exp/cat/checkpoint-100/images/on_top_of_a_white_rug/
11/14/2024 11:12:19 - INFO - root - Image have been saved in /shenzihe/WD-Disk/output/exp/cat/checkpoint-100/images/on_top_of_a_white_rug/
11/14/2024 11:12:32 - INFO - root - Image have been saved in /shenzihe/WD-Disk/output/exp/cat/checkpoint-100/images/on_top_of_a_white_rug/
11/14/2024 11:12:32 - INFO - __main__ - Running validation... 
 Generating 4 images with prompt:red.
11/14/2024 11:12:46 - INFO - root - Image have been saved in /shenzihe/WD-Disk/output/exp/cat/checkpoint-100/images/red/
11/14/2024 11:12:59 - INFO - root - Image have been saved in /shenzihe/WD-Disk/output/exp/cat/checkpoint-100/images/red/
11/14/2024 11:13:12 - INFO - root - Image have been saved in /shenzihe/WD-Disk/output/exp/cat/checkpoint-100/images/red/
11/14/2024 11:13:26 - INFO - root - Image have been saved in /shenzihe/WD-Disk/output/exp/cat/checkpoint-100/images/red/
11/14/2024 11:13:26 - INFO - __main__ - Running validation... 
 Generating 4 images with prompt:purple.
11/14/2024 11:13:39 - INFO - root - Image have been saved in /shenzihe/WD-Disk/output/exp/cat/checkpoint-100/images/purple/
11/14/2024 11:13:53 - INFO - root - Image have been saved in /shenzihe/WD-Disk/output/exp/cat/checkpoint-100/images/purple/
11/14/2024 11:14:06 - INFO - root - Image have been saved in /shenzihe/WD-Disk/output/exp/cat/checkpoint-100/images/purple/
11/14/2024 11:14:19 - INFO - root - Image have been saved in /shenzihe/WD-Disk/output/exp/cat/checkpoint-100/images/purple/
11/14/2024 11:14:19 - INFO - __main__ - Running validation... 
 Generating 4 images with prompt:shiny.
11/14/2024 11:14:33 - INFO - root - Image have been saved in /shenzihe/WD-Disk/output/exp/cat/checkpoint-100/images/shiny/
11/14/2024 11:14:46 - INFO - root - Image have been saved in /shenzihe/WD-Disk/output/exp/cat/checkpoint-100/images/shiny/
11/14/2024 11:14:59 - INFO - root - Image have been saved in /shenzihe/WD-Disk/output/exp/cat/checkpoint-100/images/shiny/
11/14/2024 11:15:13 - INFO - root - Image have been saved in /shenzihe/WD-Disk/output/exp/cat/checkpoint-100/images/shiny/
11/14/2024 11:15:13 - INFO - __main__ - Running validation... 
 Generating 4 images with prompt:wet.
11/14/2024 11:15:26 - INFO - root - Image have been saved in /shenzihe/WD-Disk/output/exp/cat/checkpoint-100/images/wet/
11/14/2024 11:15:40 - INFO - root - Image have been saved in /shenzihe/WD-Disk/output/exp/cat/checkpoint-100/images/wet/
11/14/2024 11:15:53 - INFO - root - Image have been saved in /shenzihe/WD-Disk/output/exp/cat/checkpoint-100/images/wet/
11/14/2024 11:16:07 - INFO - root - Image have been saved in /shenzihe/WD-Disk/output/exp/cat/checkpoint-100/images/wet/
11/14/2024 11:16:07 - INFO - __main__ - Running validation... 
 Generating 4 images with prompt:cube shaped.
11/14/2024 11:16:20 - INFO - root - Image have been saved in /shenzihe/WD-Disk/output/exp/cat/checkpoint-100/images/cube_shaped/
11/14/2024 11:16:33 - INFO - root - Image have been saved in /shenzihe/WD-Disk/output/exp/cat/checkpoint-100/images/cube_shaped/
11/14/2024 11:16:47 - INFO - root - Image have been saved in /shenzihe/WD-Disk/output/exp/cat/checkpoint-100/images/cube_shaped/
11/14/2024 11:17:00 - INFO - root - Image have been saved in /shenzihe/WD-Disk/output/exp/cat/checkpoint-100/images/cube_shaped/
