11/15/2024 14:53:46 - INFO - __main__ - Distributed environment: NO
Num processes: 1
Process index: 0
Local process index: 0
Device: cuda

Mixed precision type: no

11/15/2024 14:53:48 - INFO - root - freeze vision encoder
11/15/2024 14:54:00 - INFO - root - Loading pretrained model from /root/.cache/torch/hub/checkpoints/blip-diffusion
11/15/2024 14:54:00 - INFO - root - Loading pretrained BLIP2 Qformer weights.
11/15/2024 14:54:02 - INFO - root - Loading pretrained projection lyer weights.
11/15/2024 14:54:02 - INFO - root - Loading pretrained text encoder weights.
11/15/2024 14:54:02 - INFO - root - Loading pretrained vae weights.
11/15/2024 14:54:03 - INFO - root - Loading pretrained unet weights.
11/15/2024 14:54:10 - INFO - root - Using xformers.
11/15/2024 14:54:11 - INFO - root - Building datasets...
11/15/2024 14:54:21 - INFO - root - freeze vision encoder
11/15/2024 14:54:49 - INFO - root - load checkpoint from https://storage.googleapis.com/sfr-vision-language-research/LAVIS/models/BLIP2/blip2_pretrained_flant5xl.pth
11/15/2024 14:54:50 - INFO - __main__ - 
***** Running training *****
11/15/2024 14:54:50 - INFO - __main__ -   Num examples = 5
11/15/2024 14:54:50 - INFO - __main__ -   Num batches each epoch = 2
11/15/2024 14:54:50 - INFO - __main__ -   Num Epochs = 50
11/15/2024 14:54:50 - INFO - __main__ -   Instantaneous batch size per device = 3
11/15/2024 14:54:50 - INFO - __main__ -   Total train batch size (w. parallel, distributed & accumulation) = 3
11/15/2024 14:54:50 - INFO - __main__ -   Gradient Accumulation steps = 1
11/15/2024 14:54:50 - INFO - __main__ -   Total optimization steps = 100
11/15/2024 14:59:56 - INFO - __main__ - Running validation... 
 Generating 4 images with prompt:in the jungle.
11/15/2024 15:00:12 - INFO - root - Image have been saved in /shenzihe/WD-Disk/output/exp2/robot_toy/checkpoint-100/images/in_the_jungle/
11/15/2024 15:00:26 - INFO - root - Image have been saved in /shenzihe/WD-Disk/output/exp2/robot_toy/checkpoint-100/images/in_the_jungle/
11/15/2024 15:00:39 - INFO - root - Image have been saved in /shenzihe/WD-Disk/output/exp2/robot_toy/checkpoint-100/images/in_the_jungle/
11/15/2024 15:00:53 - INFO - root - Image have been saved in /shenzihe/WD-Disk/output/exp2/robot_toy/checkpoint-100/images/in_the_jungle/
11/15/2024 15:00:53 - INFO - __main__ - Running validation... 
 Generating 4 images with prompt:in the snow.
11/15/2024 15:01:07 - INFO - root - Image have been saved in /shenzihe/WD-Disk/output/exp2/robot_toy/checkpoint-100/images/in_the_snow/
11/15/2024 15:01:21 - INFO - root - Image have been saved in /shenzihe/WD-Disk/output/exp2/robot_toy/checkpoint-100/images/in_the_snow/
11/15/2024 15:01:35 - INFO - root - Image have been saved in /shenzihe/WD-Disk/output/exp2/robot_toy/checkpoint-100/images/in_the_snow/
11/15/2024 15:01:49 - INFO - root - Image have been saved in /shenzihe/WD-Disk/output/exp2/robot_toy/checkpoint-100/images/in_the_snow/
11/15/2024 15:01:49 - INFO - __main__ - Running validation... 
 Generating 4 images with prompt:on the beach.
11/15/2024 15:02:02 - INFO - root - Image have been saved in /shenzihe/WD-Disk/output/exp2/robot_toy/checkpoint-100/images/on_the_beach/
11/15/2024 15:02:16 - INFO - root - Image have been saved in /shenzihe/WD-Disk/output/exp2/robot_toy/checkpoint-100/images/on_the_beach/
11/15/2024 15:02:30 - INFO - root - Image have been saved in /shenzihe/WD-Disk/output/exp2/robot_toy/checkpoint-100/images/on_the_beach/
11/15/2024 15:02:44 - INFO - root - Image have been saved in /shenzihe/WD-Disk/output/exp2/robot_toy/checkpoint-100/images/on_the_beach/
11/15/2024 15:02:44 - INFO - __main__ - Running validation... 
 Generating 4 images with prompt:on a cobblestone street.
11/15/2024 15:02:58 - INFO - root - Image have been saved in /shenzihe/WD-Disk/output/exp2/robot_toy/checkpoint-100/images/on_a_cobblestone_street/
11/15/2024 15:03:11 - INFO - root - Image have been saved in /shenzihe/WD-Disk/output/exp2/robot_toy/checkpoint-100/images/on_a_cobblestone_street/
11/15/2024 15:03:25 - INFO - root - Image have been saved in /shenzihe/WD-Disk/output/exp2/robot_toy/checkpoint-100/images/on_a_cobblestone_street/
11/15/2024 15:03:39 - INFO - root - Image have been saved in /shenzihe/WD-Disk/output/exp2/robot_toy/checkpoint-100/images/on_a_cobblestone_street/
11/15/2024 15:03:39 - INFO - __main__ - Running validation... 
 Generating 4 images with prompt:on top of pink fabric.
11/15/2024 15:03:53 - INFO - root - Image have been saved in /shenzihe/WD-Disk/output/exp2/robot_toy/checkpoint-100/images/on_top_of_pink_fabric/
11/15/2024 15:04:07 - INFO - root - Image have been saved in /shenzihe/WD-Disk/output/exp2/robot_toy/checkpoint-100/images/on_top_of_pink_fabric/
11/15/2024 15:04:20 - INFO - root - Image have been saved in /shenzihe/WD-Disk/output/exp2/robot_toy/checkpoint-100/images/on_top_of_pink_fabric/
11/15/2024 15:04:34 - INFO - root - Image have been saved in /shenzihe/WD-Disk/output/exp2/robot_toy/checkpoint-100/images/on_top_of_pink_fabric/
11/15/2024 15:04:34 - INFO - __main__ - Running validation... 
 Generating 4 images with prompt:on top of a wooden floor.
11/15/2024 15:04:48 - INFO - root - Image have been saved in /shenzihe/WD-Disk/output/exp2/robot_toy/checkpoint-100/images/on_top_of_a_wooden_floor/
11/15/2024 15:05:02 - INFO - root - Image have been saved in /shenzihe/WD-Disk/output/exp2/robot_toy/checkpoint-100/images/on_top_of_a_wooden_floor/
11/15/2024 15:05:16 - INFO - root - Image have been saved in /shenzihe/WD-Disk/output/exp2/robot_toy/checkpoint-100/images/on_top_of_a_wooden_floor/
11/15/2024 15:05:30 - INFO - root - Image have been saved in /shenzihe/WD-Disk/output/exp2/robot_toy/checkpoint-100/images/on_top_of_a_wooden_floor/
11/15/2024 15:05:30 - INFO - __main__ - Running validation... 
 Generating 4 images with prompt:with a city in the background.
11/15/2024 15:05:43 - INFO - root - Image have been saved in /shenzihe/WD-Disk/output/exp2/robot_toy/checkpoint-100/images/with_a_city_in_the_background/
11/15/2024 15:05:57 - INFO - root - Image have been saved in /shenzihe/WD-Disk/output/exp2/robot_toy/checkpoint-100/images/with_a_city_in_the_background/
11/15/2024 15:06:11 - INFO - root - Image have been saved in /shenzihe/WD-Disk/output/exp2/robot_toy/checkpoint-100/images/with_a_city_in_the_background/
11/15/2024 15:06:25 - INFO - root - Image have been saved in /shenzihe/WD-Disk/output/exp2/robot_toy/checkpoint-100/images/with_a_city_in_the_background/
11/15/2024 15:06:25 - INFO - __main__ - Running validation... 
 Generating 4 images with prompt:with a mountain in the background.
11/15/2024 15:06:39 - INFO - root - Image have been saved in /shenzihe/WD-Disk/output/exp2/robot_toy/checkpoint-100/images/with_a_mountain_in_the_background/
11/15/2024 15:06:53 - INFO - root - Image have been saved in /shenzihe/WD-Disk/output/exp2/robot_toy/checkpoint-100/images/with_a_mountain_in_the_background/
11/15/2024 15:07:07 - INFO - root - Image have been saved in /shenzihe/WD-Disk/output/exp2/robot_toy/checkpoint-100/images/with_a_mountain_in_the_background/
11/15/2024 15:07:20 - INFO - root - Image have been saved in /shenzihe/WD-Disk/output/exp2/robot_toy/checkpoint-100/images/with_a_mountain_in_the_background/
11/15/2024 15:07:20 - INFO - __main__ - Running validation... 
 Generating 4 images with prompt:with a blue house in the background.
11/15/2024 15:07:34 - INFO - root - Image have been saved in /shenzihe/WD-Disk/output/exp2/robot_toy/checkpoint-100/images/with_a_blue_house_in_the_background/
11/15/2024 15:07:48 - INFO - root - Image have been saved in /shenzihe/WD-Disk/output/exp2/robot_toy/checkpoint-100/images/with_a_blue_house_in_the_background/
11/15/2024 15:08:02 - INFO - root - Image have been saved in /shenzihe/WD-Disk/output/exp2/robot_toy/checkpoint-100/images/with_a_blue_house_in_the_background/
11/15/2024 15:08:16 - INFO - root - Image have been saved in /shenzihe/WD-Disk/output/exp2/robot_toy/checkpoint-100/images/with_a_blue_house_in_the_background/
11/15/2024 15:08:16 - INFO - __main__ - Running validation... 
 Generating 4 images with prompt:on top of a purple rug in a forest.
11/15/2024 15:08:30 - INFO - root - Image have been saved in /shenzihe/WD-Disk/output/exp2/robot_toy/checkpoint-100/images/on_top_of_a_purple_rug_in_a_forest/
11/15/2024 15:08:44 - INFO - root - Image have been saved in /shenzihe/WD-Disk/output/exp2/robot_toy/checkpoint-100/images/on_top_of_a_purple_rug_in_a_forest/
11/15/2024 15:08:58 - INFO - root - Image have been saved in /shenzihe/WD-Disk/output/exp2/robot_toy/checkpoint-100/images/on_top_of_a_purple_rug_in_a_forest/
11/15/2024 15:09:12 - INFO - root - Image have been saved in /shenzihe/WD-Disk/output/exp2/robot_toy/checkpoint-100/images/on_top_of_a_purple_rug_in_a_forest/
11/15/2024 15:09:12 - INFO - __main__ - Running validation... 
 Generating 4 images with prompt:with a wheat field in the background.
11/15/2024 15:09:25 - INFO - root - Image have been saved in /shenzihe/WD-Disk/output/exp2/robot_toy/checkpoint-100/images/with_a_wheat_field_in_the_background/
11/15/2024 15:09:39 - INFO - root - Image have been saved in /shenzihe/WD-Disk/output/exp2/robot_toy/checkpoint-100/images/with_a_wheat_field_in_the_background/
11/15/2024 15:09:53 - INFO - root - Image have been saved in /shenzihe/WD-Disk/output/exp2/robot_toy/checkpoint-100/images/with_a_wheat_field_in_the_background/
11/15/2024 15:10:07 - INFO - root - Image have been saved in /shenzihe/WD-Disk/output/exp2/robot_toy/checkpoint-100/images/with_a_wheat_field_in_the_background/
11/15/2024 15:10:07 - INFO - __main__ - Running validation... 
 Generating 4 images with prompt:with a tree and autumn leaves in the background.
11/15/2024 15:10:21 - INFO - root - Image have been saved in /shenzihe/WD-Disk/output/exp2/robot_toy/checkpoint-100/images/with_a_tree_and_autumn_leaves_in_the_background/
11/15/2024 15:10:34 - INFO - root - Image have been saved in /shenzihe/WD-Disk/output/exp2/robot_toy/checkpoint-100/images/with_a_tree_and_autumn_leaves_in_the_background/
11/15/2024 15:10:48 - INFO - root - Image have been saved in /shenzihe/WD-Disk/output/exp2/robot_toy/checkpoint-100/images/with_a_tree_and_autumn_leaves_in_the_background/
11/15/2024 15:11:02 - INFO - root - Image have been saved in /shenzihe/WD-Disk/output/exp2/robot_toy/checkpoint-100/images/with_a_tree_and_autumn_leaves_in_the_background/
11/15/2024 15:11:02 - INFO - __main__ - Running validation... 
 Generating 4 images with prompt:with the Eiffel Tower in the background.
11/15/2024 15:11:16 - INFO - root - Image have been saved in /shenzihe/WD-Disk/output/exp2/robot_toy/checkpoint-100/images/with_the_Eiffel_Tower_in_the_background/
11/15/2024 15:11:30 - INFO - root - Image have been saved in /shenzihe/WD-Disk/output/exp2/robot_toy/checkpoint-100/images/with_the_Eiffel_Tower_in_the_background/
11/15/2024 15:11:44 - INFO - root - Image have been saved in /shenzihe/WD-Disk/output/exp2/robot_toy/checkpoint-100/images/with_the_Eiffel_Tower_in_the_background/
11/15/2024 15:11:58 - INFO - root - Image have been saved in /shenzihe/WD-Disk/output/exp2/robot_toy/checkpoint-100/images/with_the_Eiffel_Tower_in_the_background/
11/15/2024 15:11:58 - INFO - __main__ - Running validation... 
 Generating 4 images with prompt:floating on top of water.
11/15/2024 15:12:11 - INFO - root - Image have been saved in /shenzihe/WD-Disk/output/exp2/robot_toy/checkpoint-100/images/floating_on_top_of_water/
11/15/2024 15:12:25 - INFO - root - Image have been saved in /shenzihe/WD-Disk/output/exp2/robot_toy/checkpoint-100/images/floating_on_top_of_water/
11/15/2024 15:12:39 - INFO - root - Image have been saved in /shenzihe/WD-Disk/output/exp2/robot_toy/checkpoint-100/images/floating_on_top_of_water/
11/15/2024 15:12:53 - INFO - root - Image have been saved in /shenzihe/WD-Disk/output/exp2/robot_toy/checkpoint-100/images/floating_on_top_of_water/
11/15/2024 15:12:53 - INFO - __main__ - Running validation... 
 Generating 4 images with prompt:floating in an ocean of milk.
11/15/2024 15:13:07 - INFO - root - Image have been saved in /shenzihe/WD-Disk/output/exp2/robot_toy/checkpoint-100/images/floating_in_an_ocean_of_milk/
11/15/2024 15:13:21 - INFO - root - Image have been saved in /shenzihe/WD-Disk/output/exp2/robot_toy/checkpoint-100/images/floating_in_an_ocean_of_milk/
11/15/2024 15:13:34 - INFO - root - Image have been saved in /shenzihe/WD-Disk/output/exp2/robot_toy/checkpoint-100/images/floating_in_an_ocean_of_milk/
11/15/2024 15:13:48 - INFO - root - Image have been saved in /shenzihe/WD-Disk/output/exp2/robot_toy/checkpoint-100/images/floating_in_an_ocean_of_milk/
11/15/2024 15:13:48 - INFO - __main__ - Running validation... 
 Generating 4 images with prompt:on top of green grass with sunflowers around it.
11/15/2024 15:14:02 - INFO - root - Image have been saved in /shenzihe/WD-Disk/output/exp2/robot_toy/checkpoint-100/images/on_top_of_green_grass_with_sunflowers_around_it/
11/15/2024 15:14:16 - INFO - root - Image have been saved in /shenzihe/WD-Disk/output/exp2/robot_toy/checkpoint-100/images/on_top_of_green_grass_with_sunflowers_around_it/
11/15/2024 15:14:30 - INFO - root - Image have been saved in /shenzihe/WD-Disk/output/exp2/robot_toy/checkpoint-100/images/on_top_of_green_grass_with_sunflowers_around_it/
11/15/2024 15:14:43 - INFO - root - Image have been saved in /shenzihe/WD-Disk/output/exp2/robot_toy/checkpoint-100/images/on_top_of_green_grass_with_sunflowers_around_it/
11/15/2024 15:14:43 - INFO - __main__ - Running validation... 
 Generating 4 images with prompt:on top of a mirror.
11/15/2024 15:14:57 - INFO - root - Image have been saved in /shenzihe/WD-Disk/output/exp2/robot_toy/checkpoint-100/images/on_top_of_a_mirror/
11/15/2024 15:15:11 - INFO - root - Image have been saved in /shenzihe/WD-Disk/output/exp2/robot_toy/checkpoint-100/images/on_top_of_a_mirror/
11/15/2024 15:15:25 - INFO - root - Image have been saved in /shenzihe/WD-Disk/output/exp2/robot_toy/checkpoint-100/images/on_top_of_a_mirror/
11/15/2024 15:15:39 - INFO - root - Image have been saved in /shenzihe/WD-Disk/output/exp2/robot_toy/checkpoint-100/images/on_top_of_a_mirror/
11/15/2024 15:15:39 - INFO - __main__ - Running validation... 
 Generating 4 images with prompt:on top of the sidewalk in a crowded street.
11/15/2024 15:15:53 - INFO - root - Image have been saved in /shenzihe/WD-Disk/output/exp2/robot_toy/checkpoint-100/images/on_top_of_the_sidewalk_in_a_crowded_street/
11/15/2024 15:16:06 - INFO - root - Image have been saved in /shenzihe/WD-Disk/output/exp2/robot_toy/checkpoint-100/images/on_top_of_the_sidewalk_in_a_crowded_street/
11/15/2024 15:16:20 - INFO - root - Image have been saved in /shenzihe/WD-Disk/output/exp2/robot_toy/checkpoint-100/images/on_top_of_the_sidewalk_in_a_crowded_street/
11/15/2024 15:16:34 - INFO - root - Image have been saved in /shenzihe/WD-Disk/output/exp2/robot_toy/checkpoint-100/images/on_top_of_the_sidewalk_in_a_crowded_street/
11/15/2024 15:16:34 - INFO - __main__ - Running validation... 
 Generating 4 images with prompt:on top of a dirt road.
11/15/2024 15:16:48 - INFO - root - Image have been saved in /shenzihe/WD-Disk/output/exp2/robot_toy/checkpoint-100/images/on_top_of_a_dirt_road/
11/15/2024 15:17:02 - INFO - root - Image have been saved in /shenzihe/WD-Disk/output/exp2/robot_toy/checkpoint-100/images/on_top_of_a_dirt_road/
11/15/2024 15:17:15 - INFO - root - Image have been saved in /shenzihe/WD-Disk/output/exp2/robot_toy/checkpoint-100/images/on_top_of_a_dirt_road/
11/15/2024 15:17:29 - INFO - root - Image have been saved in /shenzihe/WD-Disk/output/exp2/robot_toy/checkpoint-100/images/on_top_of_a_dirt_road/
11/15/2024 15:17:29 - INFO - __main__ - Running validation... 
 Generating 4 images with prompt:on top of a white rug.
11/15/2024 15:17:43 - INFO - root - Image have been saved in /shenzihe/WD-Disk/output/exp2/robot_toy/checkpoint-100/images/on_top_of_a_white_rug/
11/15/2024 15:17:57 - INFO - root - Image have been saved in /shenzihe/WD-Disk/output/exp2/robot_toy/checkpoint-100/images/on_top_of_a_white_rug/
11/15/2024 15:18:11 - INFO - root - Image have been saved in /shenzihe/WD-Disk/output/exp2/robot_toy/checkpoint-100/images/on_top_of_a_white_rug/
11/15/2024 15:18:25 - INFO - root - Image have been saved in /shenzihe/WD-Disk/output/exp2/robot_toy/checkpoint-100/images/on_top_of_a_white_rug/
11/15/2024 15:18:25 - INFO - __main__ - Running validation... 
 Generating 4 images with prompt:red.
11/15/2024 15:18:38 - INFO - root - Image have been saved in /shenzihe/WD-Disk/output/exp2/robot_toy/checkpoint-100/images/red/
11/15/2024 15:18:52 - INFO - root - Image have been saved in /shenzihe/WD-Disk/output/exp2/robot_toy/checkpoint-100/images/red/
11/15/2024 15:19:06 - INFO - root - Image have been saved in /shenzihe/WD-Disk/output/exp2/robot_toy/checkpoint-100/images/red/
11/15/2024 15:19:20 - INFO - root - Image have been saved in /shenzihe/WD-Disk/output/exp2/robot_toy/checkpoint-100/images/red/
11/15/2024 15:19:20 - INFO - __main__ - Running validation... 
 Generating 4 images with prompt:purple.
11/15/2024 15:19:34 - INFO - root - Image have been saved in /shenzihe/WD-Disk/output/exp2/robot_toy/checkpoint-100/images/purple/
11/15/2024 15:19:48 - INFO - root - Image have been saved in /shenzihe/WD-Disk/output/exp2/robot_toy/checkpoint-100/images/purple/
11/15/2024 15:20:01 - INFO - root - Image have been saved in /shenzihe/WD-Disk/output/exp2/robot_toy/checkpoint-100/images/purple/
11/15/2024 15:20:15 - INFO - root - Image have been saved in /shenzihe/WD-Disk/output/exp2/robot_toy/checkpoint-100/images/purple/
11/15/2024 15:20:15 - INFO - __main__ - Running validation... 
 Generating 4 images with prompt:shiny.
11/15/2024 15:20:29 - INFO - root - Image have been saved in /shenzihe/WD-Disk/output/exp2/robot_toy/checkpoint-100/images/shiny/
11/15/2024 15:20:43 - INFO - root - Image have been saved in /shenzihe/WD-Disk/output/exp2/robot_toy/checkpoint-100/images/shiny/
11/15/2024 15:20:57 - INFO - root - Image have been saved in /shenzihe/WD-Disk/output/exp2/robot_toy/checkpoint-100/images/shiny/
11/15/2024 15:21:10 - INFO - root - Image have been saved in /shenzihe/WD-Disk/output/exp2/robot_toy/checkpoint-100/images/shiny/
11/15/2024 15:21:10 - INFO - __main__ - Running validation... 
 Generating 4 images with prompt:wet.
11/15/2024 15:21:24 - INFO - root - Image have been saved in /shenzihe/WD-Disk/output/exp2/robot_toy/checkpoint-100/images/wet/
11/15/2024 15:21:38 - INFO - root - Image have been saved in /shenzihe/WD-Disk/output/exp2/robot_toy/checkpoint-100/images/wet/
11/15/2024 15:21:52 - INFO - root - Image have been saved in /shenzihe/WD-Disk/output/exp2/robot_toy/checkpoint-100/images/wet/
11/15/2024 15:22:06 - INFO - root - Image have been saved in /shenzihe/WD-Disk/output/exp2/robot_toy/checkpoint-100/images/wet/
11/15/2024 15:22:06 - INFO - __main__ - Running validation... 
 Generating 4 images with prompt:cube shaped.
11/15/2024 15:22:20 - INFO - root - Image have been saved in /shenzihe/WD-Disk/output/exp2/robot_toy/checkpoint-100/images/cube_shaped/
11/15/2024 15:22:33 - INFO - root - Image have been saved in /shenzihe/WD-Disk/output/exp2/robot_toy/checkpoint-100/images/cube_shaped/
11/15/2024 15:22:47 - INFO - root - Image have been saved in /shenzihe/WD-Disk/output/exp2/robot_toy/checkpoint-100/images/cube_shaped/
11/15/2024 15:23:01 - INFO - root - Image have been saved in /shenzihe/WD-Disk/output/exp2/robot_toy/checkpoint-100/images/cube_shaped/
