11/15/2024 11:23:30 - INFO - __main__ - Distributed environment: NO
Num processes: 1
Process index: 0
Local process index: 0
Device: cuda

Mixed precision type: no

11/15/2024 11:23:32 - INFO - root - freeze vision encoder
11/15/2024 11:23:42 - INFO - root - Loading pretrained model from /root/.cache/torch/hub/checkpoints/blip-diffusion
11/15/2024 11:23:42 - INFO - root - Loading pretrained BLIP2 Qformer weights.
11/15/2024 11:23:44 - INFO - root - Loading pretrained projection lyer weights.
11/15/2024 11:23:44 - INFO - root - Loading pretrained text encoder weights.
11/15/2024 11:23:45 - INFO - root - Loading pretrained vae weights.
11/15/2024 11:23:45 - INFO - root - Loading pretrained unet weights.
11/15/2024 11:23:53 - INFO - root - Using xformers.
11/15/2024 11:23:53 - INFO - root - Building datasets...
11/15/2024 11:24:03 - INFO - root - freeze vision encoder
11/15/2024 11:24:31 - INFO - root - load checkpoint from https://storage.googleapis.com/sfr-vision-language-research/LAVIS/models/BLIP2/blip2_pretrained_flant5xl.pth
11/15/2024 11:24:32 - INFO - __main__ - 
***** Running training *****
11/15/2024 11:24:32 - INFO - __main__ -   Num examples = 6
11/15/2024 11:24:32 - INFO - __main__ -   Num batches each epoch = 2
11/15/2024 11:24:32 - INFO - __main__ -   Num Epochs = 50
11/15/2024 11:24:32 - INFO - __main__ -   Instantaneous batch size per device = 3
11/15/2024 11:24:32 - INFO - __main__ -   Total train batch size (w. parallel, distributed & accumulation) = 3
11/15/2024 11:24:32 - INFO - __main__ -   Gradient Accumulation steps = 1
11/15/2024 11:24:32 - INFO - __main__ -   Total optimization steps = 100
11/15/2024 11:31:06 - INFO - __main__ - Running validation... 
 Generating 4 images with prompt:in the jungle.
11/15/2024 11:31:20 - INFO - root - Image have been saved in /shenzihe/WD-Disk/output/exp2/fancy_boot/checkpoint-100/images/in_the_jungle/
11/15/2024 11:31:34 - INFO - root - Image have been saved in /shenzihe/WD-Disk/output/exp2/fancy_boot/checkpoint-100/images/in_the_jungle/
11/15/2024 11:31:48 - INFO - root - Image have been saved in /shenzihe/WD-Disk/output/exp2/fancy_boot/checkpoint-100/images/in_the_jungle/
11/15/2024 11:32:02 - INFO - root - Image have been saved in /shenzihe/WD-Disk/output/exp2/fancy_boot/checkpoint-100/images/in_the_jungle/
11/15/2024 11:32:02 - INFO - __main__ - Running validation... 
 Generating 4 images with prompt:in the snow.
11/15/2024 11:32:15 - INFO - root - Image have been saved in /shenzihe/WD-Disk/output/exp2/fancy_boot/checkpoint-100/images/in_the_snow/
11/15/2024 11:32:29 - INFO - root - Image have been saved in /shenzihe/WD-Disk/output/exp2/fancy_boot/checkpoint-100/images/in_the_snow/
11/15/2024 11:32:43 - INFO - root - Image have been saved in /shenzihe/WD-Disk/output/exp2/fancy_boot/checkpoint-100/images/in_the_snow/
11/15/2024 11:32:57 - INFO - root - Image have been saved in /shenzihe/WD-Disk/output/exp2/fancy_boot/checkpoint-100/images/in_the_snow/
11/15/2024 11:32:57 - INFO - __main__ - Running validation... 
 Generating 4 images with prompt:on the beach.
11/15/2024 11:33:11 - INFO - root - Image have been saved in /shenzihe/WD-Disk/output/exp2/fancy_boot/checkpoint-100/images/on_the_beach/
11/15/2024 11:33:24 - INFO - root - Image have been saved in /shenzihe/WD-Disk/output/exp2/fancy_boot/checkpoint-100/images/on_the_beach/
11/15/2024 11:33:38 - INFO - root - Image have been saved in /shenzihe/WD-Disk/output/exp2/fancy_boot/checkpoint-100/images/on_the_beach/
11/15/2024 11:33:52 - INFO - root - Image have been saved in /shenzihe/WD-Disk/output/exp2/fancy_boot/checkpoint-100/images/on_the_beach/
11/15/2024 11:33:52 - INFO - __main__ - Running validation... 
 Generating 4 images with prompt:on a cobblestone street.
11/15/2024 11:34:06 - INFO - root - Image have been saved in /shenzihe/WD-Disk/output/exp2/fancy_boot/checkpoint-100/images/on_a_cobblestone_street/
11/15/2024 11:34:20 - INFO - root - Image have been saved in /shenzihe/WD-Disk/output/exp2/fancy_boot/checkpoint-100/images/on_a_cobblestone_street/
11/15/2024 11:34:33 - INFO - root - Image have been saved in /shenzihe/WD-Disk/output/exp2/fancy_boot/checkpoint-100/images/on_a_cobblestone_street/
11/15/2024 11:34:47 - INFO - root - Image have been saved in /shenzihe/WD-Disk/output/exp2/fancy_boot/checkpoint-100/images/on_a_cobblestone_street/
11/15/2024 11:34:47 - INFO - __main__ - Running validation... 
 Generating 4 images with prompt:on top of pink fabric.
11/15/2024 11:35:01 - INFO - root - Image have been saved in /shenzihe/WD-Disk/output/exp2/fancy_boot/checkpoint-100/images/on_top_of_pink_fabric/
11/15/2024 11:35:15 - INFO - root - Image have been saved in /shenzihe/WD-Disk/output/exp2/fancy_boot/checkpoint-100/images/on_top_of_pink_fabric/
11/15/2024 11:35:29 - INFO - root - Image have been saved in /shenzihe/WD-Disk/output/exp2/fancy_boot/checkpoint-100/images/on_top_of_pink_fabric/
11/15/2024 11:35:42 - INFO - root - Image have been saved in /shenzihe/WD-Disk/output/exp2/fancy_boot/checkpoint-100/images/on_top_of_pink_fabric/
11/15/2024 11:35:42 - INFO - __main__ - Running validation... 
 Generating 4 images with prompt:on top of a wooden floor.
11/15/2024 11:35:56 - INFO - root - Image have been saved in /shenzihe/WD-Disk/output/exp2/fancy_boot/checkpoint-100/images/on_top_of_a_wooden_floor/
11/15/2024 11:36:10 - INFO - root - Image have been saved in /shenzihe/WD-Disk/output/exp2/fancy_boot/checkpoint-100/images/on_top_of_a_wooden_floor/
11/15/2024 11:36:24 - INFO - root - Image have been saved in /shenzihe/WD-Disk/output/exp2/fancy_boot/checkpoint-100/images/on_top_of_a_wooden_floor/
11/15/2024 11:36:38 - INFO - root - Image have been saved in /shenzihe/WD-Disk/output/exp2/fancy_boot/checkpoint-100/images/on_top_of_a_wooden_floor/
11/15/2024 11:36:38 - INFO - __main__ - Running validation... 
 Generating 4 images with prompt:with a city in the background.
11/15/2024 11:36:52 - INFO - root - Image have been saved in /shenzihe/WD-Disk/output/exp2/fancy_boot/checkpoint-100/images/with_a_city_in_the_background/
11/15/2024 11:37:06 - INFO - root - Image have been saved in /shenzihe/WD-Disk/output/exp2/fancy_boot/checkpoint-100/images/with_a_city_in_the_background/
11/15/2024 11:37:19 - INFO - root - Image have been saved in /shenzihe/WD-Disk/output/exp2/fancy_boot/checkpoint-100/images/with_a_city_in_the_background/
11/15/2024 11:37:33 - INFO - root - Image have been saved in /shenzihe/WD-Disk/output/exp2/fancy_boot/checkpoint-100/images/with_a_city_in_the_background/
11/15/2024 11:37:33 - INFO - __main__ - Running validation... 
 Generating 4 images with prompt:with a mountain in the background.
11/15/2024 11:37:47 - INFO - root - Image have been saved in /shenzihe/WD-Disk/output/exp2/fancy_boot/checkpoint-100/images/with_a_mountain_in_the_background/
11/15/2024 11:38:01 - INFO - root - Image have been saved in /shenzihe/WD-Disk/output/exp2/fancy_boot/checkpoint-100/images/with_a_mountain_in_the_background/
11/15/2024 11:38:15 - INFO - root - Image have been saved in /shenzihe/WD-Disk/output/exp2/fancy_boot/checkpoint-100/images/with_a_mountain_in_the_background/
11/15/2024 11:38:29 - INFO - root - Image have been saved in /shenzihe/WD-Disk/output/exp2/fancy_boot/checkpoint-100/images/with_a_mountain_in_the_background/
11/15/2024 11:38:29 - INFO - __main__ - Running validation... 
 Generating 4 images with prompt:with a blue house in the background.
11/15/2024 11:38:42 - INFO - root - Image have been saved in /shenzihe/WD-Disk/output/exp2/fancy_boot/checkpoint-100/images/with_a_blue_house_in_the_background/
11/15/2024 11:38:56 - INFO - root - Image have been saved in /shenzihe/WD-Disk/output/exp2/fancy_boot/checkpoint-100/images/with_a_blue_house_in_the_background/
11/15/2024 11:39:10 - INFO - root - Image have been saved in /shenzihe/WD-Disk/output/exp2/fancy_boot/checkpoint-100/images/with_a_blue_house_in_the_background/
11/15/2024 11:39:24 - INFO - root - Image have been saved in /shenzihe/WD-Disk/output/exp2/fancy_boot/checkpoint-100/images/with_a_blue_house_in_the_background/
11/15/2024 11:39:24 - INFO - __main__ - Running validation... 
 Generating 4 images with prompt:on top of a purple rug in a forest.
11/15/2024 11:39:37 - INFO - root - Image have been saved in /shenzihe/WD-Disk/output/exp2/fancy_boot/checkpoint-100/images/on_top_of_a_purple_rug_in_a_forest/
11/15/2024 11:39:51 - INFO - root - Image have been saved in /shenzihe/WD-Disk/output/exp2/fancy_boot/checkpoint-100/images/on_top_of_a_purple_rug_in_a_forest/
11/15/2024 11:40:05 - INFO - root - Image have been saved in /shenzihe/WD-Disk/output/exp2/fancy_boot/checkpoint-100/images/on_top_of_a_purple_rug_in_a_forest/
11/15/2024 11:40:19 - INFO - root - Image have been saved in /shenzihe/WD-Disk/output/exp2/fancy_boot/checkpoint-100/images/on_top_of_a_purple_rug_in_a_forest/
11/15/2024 11:40:19 - INFO - __main__ - Running validation... 
 Generating 4 images with prompt:with a wheat field in the background.
11/15/2024 11:40:33 - INFO - root - Image have been saved in /shenzihe/WD-Disk/output/exp2/fancy_boot/checkpoint-100/images/with_a_wheat_field_in_the_background/
11/15/2024 11:40:47 - INFO - root - Image have been saved in /shenzihe/WD-Disk/output/exp2/fancy_boot/checkpoint-100/images/with_a_wheat_field_in_the_background/
11/15/2024 11:41:01 - INFO - root - Image have been saved in /shenzihe/WD-Disk/output/exp2/fancy_boot/checkpoint-100/images/with_a_wheat_field_in_the_background/
11/15/2024 11:41:14 - INFO - root - Image have been saved in /shenzihe/WD-Disk/output/exp2/fancy_boot/checkpoint-100/images/with_a_wheat_field_in_the_background/
11/15/2024 11:41:14 - INFO - __main__ - Running validation... 
 Generating 4 images with prompt:with a tree and autumn leaves in the background.
11/15/2024 11:41:28 - INFO - root - Image have been saved in /shenzihe/WD-Disk/output/exp2/fancy_boot/checkpoint-100/images/with_a_tree_and_autumn_leaves_in_the_background/
11/15/2024 11:41:42 - INFO - root - Image have been saved in /shenzihe/WD-Disk/output/exp2/fancy_boot/checkpoint-100/images/with_a_tree_and_autumn_leaves_in_the_background/
11/15/2024 11:41:56 - INFO - root - Image have been saved in /shenzihe/WD-Disk/output/exp2/fancy_boot/checkpoint-100/images/with_a_tree_and_autumn_leaves_in_the_background/
11/15/2024 11:42:10 - INFO - root - Image have been saved in /shenzihe/WD-Disk/output/exp2/fancy_boot/checkpoint-100/images/with_a_tree_and_autumn_leaves_in_the_background/
11/15/2024 11:42:10 - INFO - __main__ - Running validation... 
 Generating 4 images with prompt:with the Eiffel Tower in the background.
11/15/2024 11:42:23 - INFO - root - Image have been saved in /shenzihe/WD-Disk/output/exp2/fancy_boot/checkpoint-100/images/with_the_Eiffel_Tower_in_the_background/
11/15/2024 11:42:37 - INFO - root - Image have been saved in /shenzihe/WD-Disk/output/exp2/fancy_boot/checkpoint-100/images/with_the_Eiffel_Tower_in_the_background/
11/15/2024 11:42:51 - INFO - root - Image have been saved in /shenzihe/WD-Disk/output/exp2/fancy_boot/checkpoint-100/images/with_the_Eiffel_Tower_in_the_background/
11/15/2024 11:43:05 - INFO - root - Image have been saved in /shenzihe/WD-Disk/output/exp2/fancy_boot/checkpoint-100/images/with_the_Eiffel_Tower_in_the_background/
11/15/2024 11:43:05 - INFO - __main__ - Running validation... 
 Generating 4 images with prompt:floating on top of water.
11/15/2024 11:43:19 - INFO - root - Image have been saved in /shenzihe/WD-Disk/output/exp2/fancy_boot/checkpoint-100/images/floating_on_top_of_water/
11/15/2024 11:43:33 - INFO - root - Image have been saved in /shenzihe/WD-Disk/output/exp2/fancy_boot/checkpoint-100/images/floating_on_top_of_water/
11/15/2024 11:43:46 - INFO - root - Image have been saved in /shenzihe/WD-Disk/output/exp2/fancy_boot/checkpoint-100/images/floating_on_top_of_water/
11/15/2024 11:44:00 - INFO - root - Image have been saved in /shenzihe/WD-Disk/output/exp2/fancy_boot/checkpoint-100/images/floating_on_top_of_water/
11/15/2024 11:44:00 - INFO - __main__ - Running validation... 
 Generating 4 images with prompt:floating in an ocean of milk.
11/15/2024 11:44:14 - INFO - root - Image have been saved in /shenzihe/WD-Disk/output/exp2/fancy_boot/checkpoint-100/images/floating_in_an_ocean_of_milk/
11/15/2024 11:44:28 - INFO - root - Image have been saved in /shenzihe/WD-Disk/output/exp2/fancy_boot/checkpoint-100/images/floating_in_an_ocean_of_milk/
11/15/2024 11:44:41 - INFO - root - Image have been saved in /shenzihe/WD-Disk/output/exp2/fancy_boot/checkpoint-100/images/floating_in_an_ocean_of_milk/
11/15/2024 11:44:55 - INFO - root - Image have been saved in /shenzihe/WD-Disk/output/exp2/fancy_boot/checkpoint-100/images/floating_in_an_ocean_of_milk/
11/15/2024 11:44:55 - INFO - __main__ - Running validation... 
 Generating 4 images with prompt:on top of green grass with sunflowers around it.
11/15/2024 11:45:09 - INFO - root - Image have been saved in /shenzihe/WD-Disk/output/exp2/fancy_boot/checkpoint-100/images/on_top_of_green_grass_with_sunflowers_around_it/
11/15/2024 11:45:23 - INFO - root - Image have been saved in /shenzihe/WD-Disk/output/exp2/fancy_boot/checkpoint-100/images/on_top_of_green_grass_with_sunflowers_around_it/
11/15/2024 11:45:37 - INFO - root - Image have been saved in /shenzihe/WD-Disk/output/exp2/fancy_boot/checkpoint-100/images/on_top_of_green_grass_with_sunflowers_around_it/
11/15/2024 11:45:51 - INFO - root - Image have been saved in /shenzihe/WD-Disk/output/exp2/fancy_boot/checkpoint-100/images/on_top_of_green_grass_with_sunflowers_around_it/
11/15/2024 11:45:51 - INFO - __main__ - Running validation... 
 Generating 4 images with prompt:on top of a mirror.
11/15/2024 11:46:05 - INFO - root - Image have been saved in /shenzihe/WD-Disk/output/exp2/fancy_boot/checkpoint-100/images/on_top_of_a_mirror/
11/15/2024 11:46:18 - INFO - root - Image have been saved in /shenzihe/WD-Disk/output/exp2/fancy_boot/checkpoint-100/images/on_top_of_a_mirror/
11/15/2024 11:46:32 - INFO - root - Image have been saved in /shenzihe/WD-Disk/output/exp2/fancy_boot/checkpoint-100/images/on_top_of_a_mirror/
11/15/2024 11:46:46 - INFO - root - Image have been saved in /shenzihe/WD-Disk/output/exp2/fancy_boot/checkpoint-100/images/on_top_of_a_mirror/
11/15/2024 11:46:46 - INFO - __main__ - Running validation... 
 Generating 4 images with prompt:on top of the sidewalk in a crowded street.
11/15/2024 11:47:00 - INFO - root - Image have been saved in /shenzihe/WD-Disk/output/exp2/fancy_boot/checkpoint-100/images/on_top_of_the_sidewalk_in_a_crowded_street/
11/15/2024 11:47:13 - INFO - root - Image have been saved in /shenzihe/WD-Disk/output/exp2/fancy_boot/checkpoint-100/images/on_top_of_the_sidewalk_in_a_crowded_street/
11/15/2024 11:47:27 - INFO - root - Image have been saved in /shenzihe/WD-Disk/output/exp2/fancy_boot/checkpoint-100/images/on_top_of_the_sidewalk_in_a_crowded_street/
11/15/2024 11:47:41 - INFO - root - Image have been saved in /shenzihe/WD-Disk/output/exp2/fancy_boot/checkpoint-100/images/on_top_of_the_sidewalk_in_a_crowded_street/
11/15/2024 11:47:41 - INFO - __main__ - Running validation... 
 Generating 4 images with prompt:on top of a dirt road.
11/15/2024 11:47:55 - INFO - root - Image have been saved in /shenzihe/WD-Disk/output/exp2/fancy_boot/checkpoint-100/images/on_top_of_a_dirt_road/
11/15/2024 11:48:09 - INFO - root - Image have been saved in /shenzihe/WD-Disk/output/exp2/fancy_boot/checkpoint-100/images/on_top_of_a_dirt_road/
11/15/2024 11:48:23 - INFO - root - Image have been saved in /shenzihe/WD-Disk/output/exp2/fancy_boot/checkpoint-100/images/on_top_of_a_dirt_road/
11/15/2024 11:48:36 - INFO - root - Image have been saved in /shenzihe/WD-Disk/output/exp2/fancy_boot/checkpoint-100/images/on_top_of_a_dirt_road/
11/15/2024 11:48:36 - INFO - __main__ - Running validation... 
 Generating 4 images with prompt:on top of a white rug.
11/15/2024 11:48:50 - INFO - root - Image have been saved in /shenzihe/WD-Disk/output/exp2/fancy_boot/checkpoint-100/images/on_top_of_a_white_rug/
11/15/2024 11:49:04 - INFO - root - Image have been saved in /shenzihe/WD-Disk/output/exp2/fancy_boot/checkpoint-100/images/on_top_of_a_white_rug/
11/15/2024 11:49:18 - INFO - root - Image have been saved in /shenzihe/WD-Disk/output/exp2/fancy_boot/checkpoint-100/images/on_top_of_a_white_rug/
11/15/2024 11:49:32 - INFO - root - Image have been saved in /shenzihe/WD-Disk/output/exp2/fancy_boot/checkpoint-100/images/on_top_of_a_white_rug/
11/15/2024 11:49:32 - INFO - __main__ - Running validation... 
 Generating 4 images with prompt:red.
11/15/2024 11:49:45 - INFO - root - Image have been saved in /shenzihe/WD-Disk/output/exp2/fancy_boot/checkpoint-100/images/red/
11/15/2024 11:49:59 - INFO - root - Image have been saved in /shenzihe/WD-Disk/output/exp2/fancy_boot/checkpoint-100/images/red/
11/15/2024 11:50:13 - INFO - root - Image have been saved in /shenzihe/WD-Disk/output/exp2/fancy_boot/checkpoint-100/images/red/
11/15/2024 11:50:27 - INFO - root - Image have been saved in /shenzihe/WD-Disk/output/exp2/fancy_boot/checkpoint-100/images/red/
11/15/2024 11:50:27 - INFO - __main__ - Running validation... 
 Generating 4 images with prompt:purple.
11/15/2024 11:50:41 - INFO - root - Image have been saved in /shenzihe/WD-Disk/output/exp2/fancy_boot/checkpoint-100/images/purple/
11/15/2024 11:50:55 - INFO - root - Image have been saved in /shenzihe/WD-Disk/output/exp2/fancy_boot/checkpoint-100/images/purple/
11/15/2024 11:51:08 - INFO - root - Image have been saved in /shenzihe/WD-Disk/output/exp2/fancy_boot/checkpoint-100/images/purple/
11/15/2024 11:51:22 - INFO - root - Image have been saved in /shenzihe/WD-Disk/output/exp2/fancy_boot/checkpoint-100/images/purple/
11/15/2024 11:51:22 - INFO - __main__ - Running validation... 
 Generating 4 images with prompt:shiny.
11/15/2024 11:51:36 - INFO - root - Image have been saved in /shenzihe/WD-Disk/output/exp2/fancy_boot/checkpoint-100/images/shiny/
11/15/2024 11:51:50 - INFO - root - Image have been saved in /shenzihe/WD-Disk/output/exp2/fancy_boot/checkpoint-100/images/shiny/
11/15/2024 11:52:04 - INFO - root - Image have been saved in /shenzihe/WD-Disk/output/exp2/fancy_boot/checkpoint-100/images/shiny/
11/15/2024 11:52:17 - INFO - root - Image have been saved in /shenzihe/WD-Disk/output/exp2/fancy_boot/checkpoint-100/images/shiny/
11/15/2024 11:52:17 - INFO - __main__ - Running validation... 
 Generating 4 images with prompt:wet.
11/15/2024 11:52:31 - INFO - root - Image have been saved in /shenzihe/WD-Disk/output/exp2/fancy_boot/checkpoint-100/images/wet/
11/15/2024 11:52:45 - INFO - root - Image have been saved in /shenzihe/WD-Disk/output/exp2/fancy_boot/checkpoint-100/images/wet/
11/15/2024 11:52:59 - INFO - root - Image have been saved in /shenzihe/WD-Disk/output/exp2/fancy_boot/checkpoint-100/images/wet/
11/15/2024 11:53:13 - INFO - root - Image have been saved in /shenzihe/WD-Disk/output/exp2/fancy_boot/checkpoint-100/images/wet/
11/15/2024 11:53:13 - INFO - __main__ - Running validation... 
 Generating 4 images with prompt:cube shaped.
11/15/2024 11:53:26 - INFO - root - Image have been saved in /shenzihe/WD-Disk/output/exp2/fancy_boot/checkpoint-100/images/cube_shaped/
11/15/2024 11:53:40 - INFO - root - Image have been saved in /shenzihe/WD-Disk/output/exp2/fancy_boot/checkpoint-100/images/cube_shaped/
11/15/2024 11:53:54 - INFO - root - Image have been saved in /shenzihe/WD-Disk/output/exp2/fancy_boot/checkpoint-100/images/cube_shaped/
11/15/2024 11:54:08 - INFO - root - Image have been saved in /shenzihe/WD-Disk/output/exp2/fancy_boot/checkpoint-100/images/cube_shaped/
