11/14/2024 10:21:11 - INFO - __main__ - Distributed environment: NO
Num processes: 1
Process index: 0
Local process index: 0
Device: cuda

Mixed precision type: no

11/14/2024 10:21:13 - INFO - root - freeze vision encoder
11/14/2024 10:21:24 - INFO - root - Loading pretrained model from /root/.cache/torch/hub/checkpoints/blip-diffusion
11/14/2024 10:21:24 - INFO - root - Loading pretrained BLIP2 Qformer weights.
11/14/2024 10:21:26 - INFO - root - Loading pretrained projection lyer weights.
11/14/2024 10:21:26 - INFO - root - Loading pretrained text encoder weights.
11/14/2024 10:21:26 - INFO - root - Loading pretrained vae weights.
11/14/2024 10:21:27 - INFO - root - Loading pretrained unet weights.
11/14/2024 10:21:34 - INFO - root - Using xformers.
11/14/2024 10:21:34 - INFO - root - Building datasets...
11/14/2024 10:21:45 - INFO - root - freeze vision encoder
11/14/2024 10:22:09 - INFO - root - load checkpoint from https://storage.googleapis.com/sfr-vision-language-research/LAVIS/models/BLIP2/blip2_pretrained_flant5xl.pth
11/14/2024 10:22:10 - INFO - __main__ - 
***** Running training *****
11/14/2024 10:22:10 - INFO - __main__ -   Num examples = 5
11/14/2024 10:22:10 - INFO - __main__ -   Num batches each epoch = 2
11/14/2024 10:22:10 - INFO - __main__ -   Num Epochs = 50
11/14/2024 10:22:10 - INFO - __main__ -   Instantaneous batch size per device = 3
11/14/2024 10:22:10 - INFO - __main__ -   Total train batch size (w. parallel, distributed & accumulation) = 3
11/14/2024 10:22:10 - INFO - __main__ -   Gradient Accumulation steps = 1
11/14/2024 10:22:10 - INFO - __main__ -   Total optimization steps = 100
11/14/2024 10:27:00 - INFO - __main__ - Running validation... 
 Generating 4 images with prompt:in the jungle.
11/14/2024 10:27:14 - INFO - root - Image have been saved in /shenzihe/WD-Disk/output/exp/candle/checkpoint-100/images/in_the_jungle/
11/14/2024 10:27:28 - INFO - root - Image have been saved in /shenzihe/WD-Disk/output/exp/candle/checkpoint-100/images/in_the_jungle/
11/14/2024 10:27:41 - INFO - root - Image have been saved in /shenzihe/WD-Disk/output/exp/candle/checkpoint-100/images/in_the_jungle/
11/14/2024 10:27:55 - INFO - root - Image have been saved in /shenzihe/WD-Disk/output/exp/candle/checkpoint-100/images/in_the_jungle/
11/14/2024 10:27:55 - INFO - __main__ - Running validation... 
 Generating 4 images with prompt:in the snow.
11/14/2024 10:28:08 - INFO - root - Image have been saved in /shenzihe/WD-Disk/output/exp/candle/checkpoint-100/images/in_the_snow/
11/14/2024 10:28:22 - INFO - root - Image have been saved in /shenzihe/WD-Disk/output/exp/candle/checkpoint-100/images/in_the_snow/
11/14/2024 10:28:35 - INFO - root - Image have been saved in /shenzihe/WD-Disk/output/exp/candle/checkpoint-100/images/in_the_snow/
11/14/2024 10:28:49 - INFO - root - Image have been saved in /shenzihe/WD-Disk/output/exp/candle/checkpoint-100/images/in_the_snow/
11/14/2024 10:28:49 - INFO - __main__ - Running validation... 
 Generating 4 images with prompt:on the beach.
11/14/2024 10:29:02 - INFO - root - Image have been saved in /shenzihe/WD-Disk/output/exp/candle/checkpoint-100/images/on_the_beach/
11/14/2024 10:29:15 - INFO - root - Image have been saved in /shenzihe/WD-Disk/output/exp/candle/checkpoint-100/images/on_the_beach/
11/14/2024 10:29:29 - INFO - root - Image have been saved in /shenzihe/WD-Disk/output/exp/candle/checkpoint-100/images/on_the_beach/
11/14/2024 10:29:42 - INFO - root - Image have been saved in /shenzihe/WD-Disk/output/exp/candle/checkpoint-100/images/on_the_beach/
11/14/2024 10:29:42 - INFO - __main__ - Running validation... 
 Generating 4 images with prompt:on a cobblestone street.
11/14/2024 10:29:55 - INFO - root - Image have been saved in /shenzihe/WD-Disk/output/exp/candle/checkpoint-100/images/on_a_cobblestone_street/
11/14/2024 10:30:09 - INFO - root - Image have been saved in /shenzihe/WD-Disk/output/exp/candle/checkpoint-100/images/on_a_cobblestone_street/
11/14/2024 10:30:22 - INFO - root - Image have been saved in /shenzihe/WD-Disk/output/exp/candle/checkpoint-100/images/on_a_cobblestone_street/
11/14/2024 10:30:36 - INFO - root - Image have been saved in /shenzihe/WD-Disk/output/exp/candle/checkpoint-100/images/on_a_cobblestone_street/
11/14/2024 10:30:36 - INFO - __main__ - Running validation... 
 Generating 4 images with prompt:on top of pink fabric.
11/14/2024 10:30:49 - INFO - root - Image have been saved in /shenzihe/WD-Disk/output/exp/candle/checkpoint-100/images/on_top_of_pink_fabric/
11/14/2024 10:31:02 - INFO - root - Image have been saved in /shenzihe/WD-Disk/output/exp/candle/checkpoint-100/images/on_top_of_pink_fabric/
11/14/2024 10:31:16 - INFO - root - Image have been saved in /shenzihe/WD-Disk/output/exp/candle/checkpoint-100/images/on_top_of_pink_fabric/
11/14/2024 10:31:29 - INFO - root - Image have been saved in /shenzihe/WD-Disk/output/exp/candle/checkpoint-100/images/on_top_of_pink_fabric/
11/14/2024 10:31:29 - INFO - __main__ - Running validation... 
 Generating 4 images with prompt:on top of a wooden floor.
11/14/2024 10:31:43 - INFO - root - Image have been saved in /shenzihe/WD-Disk/output/exp/candle/checkpoint-100/images/on_top_of_a_wooden_floor/
11/14/2024 10:31:56 - INFO - root - Image have been saved in /shenzihe/WD-Disk/output/exp/candle/checkpoint-100/images/on_top_of_a_wooden_floor/
11/14/2024 10:32:09 - INFO - root - Image have been saved in /shenzihe/WD-Disk/output/exp/candle/checkpoint-100/images/on_top_of_a_wooden_floor/
11/14/2024 10:32:23 - INFO - root - Image have been saved in /shenzihe/WD-Disk/output/exp/candle/checkpoint-100/images/on_top_of_a_wooden_floor/
11/14/2024 10:32:23 - INFO - __main__ - Running validation... 
 Generating 4 images with prompt:with a city in the background.
11/14/2024 10:32:36 - INFO - root - Image have been saved in /shenzihe/WD-Disk/output/exp/candle/checkpoint-100/images/with_a_city_in_the_background/
11/14/2024 10:32:49 - INFO - root - Image have been saved in /shenzihe/WD-Disk/output/exp/candle/checkpoint-100/images/with_a_city_in_the_background/
11/14/2024 10:33:03 - INFO - root - Image have been saved in /shenzihe/WD-Disk/output/exp/candle/checkpoint-100/images/with_a_city_in_the_background/
11/14/2024 10:33:16 - INFO - root - Image have been saved in /shenzihe/WD-Disk/output/exp/candle/checkpoint-100/images/with_a_city_in_the_background/
11/14/2024 10:33:16 - INFO - __main__ - Running validation... 
 Generating 4 images with prompt:with a mountain in the background.
11/14/2024 10:33:30 - INFO - root - Image have been saved in /shenzihe/WD-Disk/output/exp/candle/checkpoint-100/images/with_a_mountain_in_the_background/
11/14/2024 10:33:43 - INFO - root - Image have been saved in /shenzihe/WD-Disk/output/exp/candle/checkpoint-100/images/with_a_mountain_in_the_background/
11/14/2024 10:33:56 - INFO - root - Image have been saved in /shenzihe/WD-Disk/output/exp/candle/checkpoint-100/images/with_a_mountain_in_the_background/
11/14/2024 10:34:10 - INFO - root - Image have been saved in /shenzihe/WD-Disk/output/exp/candle/checkpoint-100/images/with_a_mountain_in_the_background/
11/14/2024 10:34:10 - INFO - __main__ - Running validation... 
 Generating 4 images with prompt:with a blue house in the background.
11/14/2024 10:34:23 - INFO - root - Image have been saved in /shenzihe/WD-Disk/output/exp/candle/checkpoint-100/images/with_a_blue_house_in_the_background/
11/14/2024 10:34:37 - INFO - root - Image have been saved in /shenzihe/WD-Disk/output/exp/candle/checkpoint-100/images/with_a_blue_house_in_the_background/
11/14/2024 10:34:51 - INFO - root - Image have been saved in /shenzihe/WD-Disk/output/exp/candle/checkpoint-100/images/with_a_blue_house_in_the_background/
11/14/2024 10:35:04 - INFO - root - Image have been saved in /shenzihe/WD-Disk/output/exp/candle/checkpoint-100/images/with_a_blue_house_in_the_background/
11/14/2024 10:35:04 - INFO - __main__ - Running validation... 
 Generating 4 images with prompt:on top of a purple rug in a forest.
11/14/2024 10:35:17 - INFO - root - Image have been saved in /shenzihe/WD-Disk/output/exp/candle/checkpoint-100/images/on_top_of_a_purple_rug_in_a_forest/
11/14/2024 10:35:31 - INFO - root - Image have been saved in /shenzihe/WD-Disk/output/exp/candle/checkpoint-100/images/on_top_of_a_purple_rug_in_a_forest/
11/14/2024 10:35:44 - INFO - root - Image have been saved in /shenzihe/WD-Disk/output/exp/candle/checkpoint-100/images/on_top_of_a_purple_rug_in_a_forest/
11/14/2024 10:35:57 - INFO - root - Image have been saved in /shenzihe/WD-Disk/output/exp/candle/checkpoint-100/images/on_top_of_a_purple_rug_in_a_forest/
11/14/2024 10:35:57 - INFO - __main__ - Running validation... 
 Generating 4 images with prompt:with a wheat field in the background.
11/14/2024 10:36:11 - INFO - root - Image have been saved in /shenzihe/WD-Disk/output/exp/candle/checkpoint-100/images/with_a_wheat_field_in_the_background/
11/14/2024 10:36:24 - INFO - root - Image have been saved in /shenzihe/WD-Disk/output/exp/candle/checkpoint-100/images/with_a_wheat_field_in_the_background/
11/14/2024 10:36:38 - INFO - root - Image have been saved in /shenzihe/WD-Disk/output/exp/candle/checkpoint-100/images/with_a_wheat_field_in_the_background/
11/14/2024 10:36:51 - INFO - root - Image have been saved in /shenzihe/WD-Disk/output/exp/candle/checkpoint-100/images/with_a_wheat_field_in_the_background/
11/14/2024 10:36:51 - INFO - __main__ - Running validation... 
 Generating 4 images with prompt:with a tree and autumn leaves in the background.
11/14/2024 10:37:04 - INFO - root - Image have been saved in /shenzihe/WD-Disk/output/exp/candle/checkpoint-100/images/with_a_tree_and_autumn_leaves_in_the_background/
11/14/2024 10:37:18 - INFO - root - Image have been saved in /shenzihe/WD-Disk/output/exp/candle/checkpoint-100/images/with_a_tree_and_autumn_leaves_in_the_background/
11/14/2024 10:37:31 - INFO - root - Image have been saved in /shenzihe/WD-Disk/output/exp/candle/checkpoint-100/images/with_a_tree_and_autumn_leaves_in_the_background/
11/14/2024 10:37:44 - INFO - root - Image have been saved in /shenzihe/WD-Disk/output/exp/candle/checkpoint-100/images/with_a_tree_and_autumn_leaves_in_the_background/
11/14/2024 10:37:44 - INFO - __main__ - Running validation... 
 Generating 4 images with prompt:with the Eiffel Tower in the background.
11/14/2024 10:37:58 - INFO - root - Image have been saved in /shenzihe/WD-Disk/output/exp/candle/checkpoint-100/images/with_the_Eiffel_Tower_in_the_background/
11/14/2024 10:38:11 - INFO - root - Image have been saved in /shenzihe/WD-Disk/output/exp/candle/checkpoint-100/images/with_the_Eiffel_Tower_in_the_background/
11/14/2024 10:38:25 - INFO - root - Image have been saved in /shenzihe/WD-Disk/output/exp/candle/checkpoint-100/images/with_the_Eiffel_Tower_in_the_background/
11/14/2024 10:38:38 - INFO - root - Image have been saved in /shenzihe/WD-Disk/output/exp/candle/checkpoint-100/images/with_the_Eiffel_Tower_in_the_background/
11/14/2024 10:38:38 - INFO - __main__ - Running validation... 
 Generating 4 images with prompt:floating on top of water.
11/14/2024 10:38:51 - INFO - root - Image have been saved in /shenzihe/WD-Disk/output/exp/candle/checkpoint-100/images/floating_on_top_of_water/
11/14/2024 10:39:05 - INFO - root - Image have been saved in /shenzihe/WD-Disk/output/exp/candle/checkpoint-100/images/floating_on_top_of_water/
11/14/2024 10:39:18 - INFO - root - Image have been saved in /shenzihe/WD-Disk/output/exp/candle/checkpoint-100/images/floating_on_top_of_water/
11/14/2024 10:39:31 - INFO - root - Image have been saved in /shenzihe/WD-Disk/output/exp/candle/checkpoint-100/images/floating_on_top_of_water/
11/14/2024 10:39:31 - INFO - __main__ - Running validation... 
 Generating 4 images with prompt:floating in an ocean of milk.
11/14/2024 10:39:45 - INFO - root - Image have been saved in /shenzihe/WD-Disk/output/exp/candle/checkpoint-100/images/floating_in_an_ocean_of_milk/
11/14/2024 10:39:58 - INFO - root - Image have been saved in /shenzihe/WD-Disk/output/exp/candle/checkpoint-100/images/floating_in_an_ocean_of_milk/
11/14/2024 10:40:12 - INFO - root - Image have been saved in /shenzihe/WD-Disk/output/exp/candle/checkpoint-100/images/floating_in_an_ocean_of_milk/
11/14/2024 10:40:25 - INFO - root - Image have been saved in /shenzihe/WD-Disk/output/exp/candle/checkpoint-100/images/floating_in_an_ocean_of_milk/
11/14/2024 10:40:25 - INFO - __main__ - Running validation... 
 Generating 4 images with prompt:on top of green grass with sunflowers around it.
11/14/2024 10:40:38 - INFO - root - Image have been saved in /shenzihe/WD-Disk/output/exp/candle/checkpoint-100/images/on_top_of_green_grass_with_sunflowers_around_it/
11/14/2024 10:40:52 - INFO - root - Image have been saved in /shenzihe/WD-Disk/output/exp/candle/checkpoint-100/images/on_top_of_green_grass_with_sunflowers_around_it/
11/14/2024 10:41:05 - INFO - root - Image have been saved in /shenzihe/WD-Disk/output/exp/candle/checkpoint-100/images/on_top_of_green_grass_with_sunflowers_around_it/
11/14/2024 10:41:18 - INFO - root - Image have been saved in /shenzihe/WD-Disk/output/exp/candle/checkpoint-100/images/on_top_of_green_grass_with_sunflowers_around_it/
11/14/2024 10:41:18 - INFO - __main__ - Running validation... 
 Generating 4 images with prompt:on top of a mirror.
11/14/2024 10:41:32 - INFO - root - Image have been saved in /shenzihe/WD-Disk/output/exp/candle/checkpoint-100/images/on_top_of_a_mirror/
11/14/2024 10:41:45 - INFO - root - Image have been saved in /shenzihe/WD-Disk/output/exp/candle/checkpoint-100/images/on_top_of_a_mirror/
11/14/2024 10:41:58 - INFO - root - Image have been saved in /shenzihe/WD-Disk/output/exp/candle/checkpoint-100/images/on_top_of_a_mirror/
11/14/2024 10:42:12 - INFO - root - Image have been saved in /shenzihe/WD-Disk/output/exp/candle/checkpoint-100/images/on_top_of_a_mirror/
11/14/2024 10:42:12 - INFO - __main__ - Running validation... 
 Generating 4 images with prompt:on top of the sidewalk in a crowded street.
11/14/2024 10:42:25 - INFO - root - Image have been saved in /shenzihe/WD-Disk/output/exp/candle/checkpoint-100/images/on_top_of_the_sidewalk_in_a_crowded_street/
11/14/2024 10:42:39 - INFO - root - Image have been saved in /shenzihe/WD-Disk/output/exp/candle/checkpoint-100/images/on_top_of_the_sidewalk_in_a_crowded_street/
11/14/2024 10:42:52 - INFO - root - Image have been saved in /shenzihe/WD-Disk/output/exp/candle/checkpoint-100/images/on_top_of_the_sidewalk_in_a_crowded_street/
11/14/2024 10:43:05 - INFO - root - Image have been saved in /shenzihe/WD-Disk/output/exp/candle/checkpoint-100/images/on_top_of_the_sidewalk_in_a_crowded_street/
11/14/2024 10:43:05 - INFO - __main__ - Running validation... 
 Generating 4 images with prompt:on top of a dirt road.
11/14/2024 10:43:19 - INFO - root - Image have been saved in /shenzihe/WD-Disk/output/exp/candle/checkpoint-100/images/on_top_of_a_dirt_road/
11/14/2024 10:43:32 - INFO - root - Image have been saved in /shenzihe/WD-Disk/output/exp/candle/checkpoint-100/images/on_top_of_a_dirt_road/
11/14/2024 10:43:45 - INFO - root - Image have been saved in /shenzihe/WD-Disk/output/exp/candle/checkpoint-100/images/on_top_of_a_dirt_road/
11/14/2024 10:43:59 - INFO - root - Image have been saved in /shenzihe/WD-Disk/output/exp/candle/checkpoint-100/images/on_top_of_a_dirt_road/
11/14/2024 10:43:59 - INFO - __main__ - Running validation... 
 Generating 4 images with prompt:on top of a white rug.
11/14/2024 10:44:12 - INFO - root - Image have been saved in /shenzihe/WD-Disk/output/exp/candle/checkpoint-100/images/on_top_of_a_white_rug/
11/14/2024 10:44:26 - INFO - root - Image have been saved in /shenzihe/WD-Disk/output/exp/candle/checkpoint-100/images/on_top_of_a_white_rug/
11/14/2024 10:44:39 - INFO - root - Image have been saved in /shenzihe/WD-Disk/output/exp/candle/checkpoint-100/images/on_top_of_a_white_rug/
11/14/2024 10:44:52 - INFO - root - Image have been saved in /shenzihe/WD-Disk/output/exp/candle/checkpoint-100/images/on_top_of_a_white_rug/
11/14/2024 10:44:52 - INFO - __main__ - Running validation... 
 Generating 4 images with prompt:red.
11/14/2024 10:45:06 - INFO - root - Image have been saved in /shenzihe/WD-Disk/output/exp/candle/checkpoint-100/images/red/
11/14/2024 10:45:19 - INFO - root - Image have been saved in /shenzihe/WD-Disk/output/exp/candle/checkpoint-100/images/red/
11/14/2024 10:45:32 - INFO - root - Image have been saved in /shenzihe/WD-Disk/output/exp/candle/checkpoint-100/images/red/
11/14/2024 10:45:46 - INFO - root - Image have been saved in /shenzihe/WD-Disk/output/exp/candle/checkpoint-100/images/red/
11/14/2024 10:45:46 - INFO - __main__ - Running validation... 
 Generating 4 images with prompt:purple.
11/14/2024 10:45:59 - INFO - root - Image have been saved in /shenzihe/WD-Disk/output/exp/candle/checkpoint-100/images/purple/
11/14/2024 10:46:13 - INFO - root - Image have been saved in /shenzihe/WD-Disk/output/exp/candle/checkpoint-100/images/purple/
11/14/2024 10:46:26 - INFO - root - Image have been saved in /shenzihe/WD-Disk/output/exp/candle/checkpoint-100/images/purple/
11/14/2024 10:46:39 - INFO - root - Image have been saved in /shenzihe/WD-Disk/output/exp/candle/checkpoint-100/images/purple/
11/14/2024 10:46:39 - INFO - __main__ - Running validation... 
 Generating 4 images with prompt:shiny.
11/14/2024 10:46:53 - INFO - root - Image have been saved in /shenzihe/WD-Disk/output/exp/candle/checkpoint-100/images/shiny/
11/14/2024 10:47:06 - INFO - root - Image have been saved in /shenzihe/WD-Disk/output/exp/candle/checkpoint-100/images/shiny/
11/14/2024 10:47:19 - INFO - root - Image have been saved in /shenzihe/WD-Disk/output/exp/candle/checkpoint-100/images/shiny/
11/14/2024 10:47:33 - INFO - root - Image have been saved in /shenzihe/WD-Disk/output/exp/candle/checkpoint-100/images/shiny/
11/14/2024 10:47:33 - INFO - __main__ - Running validation... 
 Generating 4 images with prompt:wet.
11/14/2024 10:47:46 - INFO - root - Image have been saved in /shenzihe/WD-Disk/output/exp/candle/checkpoint-100/images/wet/
11/14/2024 10:48:00 - INFO - root - Image have been saved in /shenzihe/WD-Disk/output/exp/candle/checkpoint-100/images/wet/
11/14/2024 10:48:13 - INFO - root - Image have been saved in /shenzihe/WD-Disk/output/exp/candle/checkpoint-100/images/wet/
11/14/2024 10:48:27 - INFO - root - Image have been saved in /shenzihe/WD-Disk/output/exp/candle/checkpoint-100/images/wet/
11/14/2024 10:48:27 - INFO - __main__ - Running validation... 
 Generating 4 images with prompt:cube shaped.
11/14/2024 10:48:40 - INFO - root - Image have been saved in /shenzihe/WD-Disk/output/exp/candle/checkpoint-100/images/cube_shaped/
11/14/2024 10:48:53 - INFO - root - Image have been saved in /shenzihe/WD-Disk/output/exp/candle/checkpoint-100/images/cube_shaped/
11/14/2024 10:49:07 - INFO - root - Image have been saved in /shenzihe/WD-Disk/output/exp/candle/checkpoint-100/images/cube_shaped/
11/14/2024 10:49:20 - INFO - root - Image have been saved in /shenzihe/WD-Disk/output/exp/candle/checkpoint-100/images/cube_shaped/
