11/15/2024 15:53:25 - INFO - __main__ - Distributed environment: NO
Num processes: 1
Process index: 0
Local process index: 0
Device: cuda

Mixed precision type: no

11/15/2024 15:53:28 - INFO - root - freeze vision encoder
11/15/2024 15:53:38 - INFO - root - Loading pretrained model from /root/.cache/torch/hub/checkpoints/blip-diffusion
11/15/2024 15:53:38 - INFO - root - Loading pretrained BLIP2 Qformer weights.
11/15/2024 15:53:40 - INFO - root - Loading pretrained projection lyer weights.
11/15/2024 15:53:40 - INFO - root - Loading pretrained text encoder weights.
11/15/2024 15:53:40 - INFO - root - Loading pretrained vae weights.
11/15/2024 15:53:41 - INFO - root - Loading pretrained unet weights.
11/15/2024 15:53:49 - INFO - root - Using xformers.
11/15/2024 15:53:49 - INFO - root - Building datasets...
11/15/2024 15:53:59 - INFO - root - freeze vision encoder
11/15/2024 15:54:35 - INFO - root - load checkpoint from https://storage.googleapis.com/sfr-vision-language-research/LAVIS/models/BLIP2/blip2_pretrained_flant5xl.pth
11/15/2024 15:54:37 - INFO - __main__ - 
***** Running training *****
11/15/2024 15:54:37 - INFO - __main__ -   Num examples = 5
11/15/2024 15:54:37 - INFO - __main__ -   Num batches each epoch = 2
11/15/2024 15:54:37 - INFO - __main__ -   Num Epochs = 50
11/15/2024 15:54:37 - INFO - __main__ -   Instantaneous batch size per device = 3
11/15/2024 15:54:37 - INFO - __main__ -   Total train batch size (w. parallel, distributed & accumulation) = 3
11/15/2024 15:54:37 - INFO - __main__ -   Gradient Accumulation steps = 1
11/15/2024 15:54:37 - INFO - __main__ -   Total optimization steps = 100
11/15/2024 15:59:58 - INFO - __main__ - Running validation... 
 Generating 4 images with prompt:in the jungle.
11/15/2024 16:00:13 - INFO - root - Image have been saved in /shenzihe/WD-Disk/output/exp2/teapot/checkpoint-100/images/in_the_jungle/
11/15/2024 16:00:27 - INFO - root - Image have been saved in /shenzihe/WD-Disk/output/exp2/teapot/checkpoint-100/images/in_the_jungle/
11/15/2024 16:00:42 - INFO - root - Image have been saved in /shenzihe/WD-Disk/output/exp2/teapot/checkpoint-100/images/in_the_jungle/
11/15/2024 16:00:55 - INFO - root - Image have been saved in /shenzihe/WD-Disk/output/exp2/teapot/checkpoint-100/images/in_the_jungle/
11/15/2024 16:00:55 - INFO - __main__ - Running validation... 
 Generating 4 images with prompt:in the snow.
11/15/2024 16:01:09 - INFO - root - Image have been saved in /shenzihe/WD-Disk/output/exp2/teapot/checkpoint-100/images/in_the_snow/
11/15/2024 16:01:23 - INFO - root - Image have been saved in /shenzihe/WD-Disk/output/exp2/teapot/checkpoint-100/images/in_the_snow/
11/15/2024 16:01:37 - INFO - root - Image have been saved in /shenzihe/WD-Disk/output/exp2/teapot/checkpoint-100/images/in_the_snow/
11/15/2024 16:01:51 - INFO - root - Image have been saved in /shenzihe/WD-Disk/output/exp2/teapot/checkpoint-100/images/in_the_snow/
11/15/2024 16:01:51 - INFO - __main__ - Running validation... 
 Generating 4 images with prompt:on the beach.
11/15/2024 16:02:04 - INFO - root - Image have been saved in /shenzihe/WD-Disk/output/exp2/teapot/checkpoint-100/images/on_the_beach/
11/15/2024 16:02:18 - INFO - root - Image have been saved in /shenzihe/WD-Disk/output/exp2/teapot/checkpoint-100/images/on_the_beach/
11/15/2024 16:02:32 - INFO - root - Image have been saved in /shenzihe/WD-Disk/output/exp2/teapot/checkpoint-100/images/on_the_beach/
11/15/2024 16:02:46 - INFO - root - Image have been saved in /shenzihe/WD-Disk/output/exp2/teapot/checkpoint-100/images/on_the_beach/
11/15/2024 16:02:46 - INFO - __main__ - Running validation... 
 Generating 4 images with prompt:on a cobblestone street.
11/15/2024 16:03:00 - INFO - root - Image have been saved in /shenzihe/WD-Disk/output/exp2/teapot/checkpoint-100/images/on_a_cobblestone_street/
11/15/2024 16:03:14 - INFO - root - Image have been saved in /shenzihe/WD-Disk/output/exp2/teapot/checkpoint-100/images/on_a_cobblestone_street/
11/15/2024 16:03:27 - INFO - root - Image have been saved in /shenzihe/WD-Disk/output/exp2/teapot/checkpoint-100/images/on_a_cobblestone_street/
11/15/2024 16:03:41 - INFO - root - Image have been saved in /shenzihe/WD-Disk/output/exp2/teapot/checkpoint-100/images/on_a_cobblestone_street/
11/15/2024 16:03:41 - INFO - __main__ - Running validation... 
 Generating 4 images with prompt:on top of pink fabric.
11/15/2024 16:03:55 - INFO - root - Image have been saved in /shenzihe/WD-Disk/output/exp2/teapot/checkpoint-100/images/on_top_of_pink_fabric/
11/15/2024 16:04:09 - INFO - root - Image have been saved in /shenzihe/WD-Disk/output/exp2/teapot/checkpoint-100/images/on_top_of_pink_fabric/
11/15/2024 16:04:23 - INFO - root - Image have been saved in /shenzihe/WD-Disk/output/exp2/teapot/checkpoint-100/images/on_top_of_pink_fabric/
11/15/2024 16:04:36 - INFO - root - Image have been saved in /shenzihe/WD-Disk/output/exp2/teapot/checkpoint-100/images/on_top_of_pink_fabric/
11/15/2024 16:04:36 - INFO - __main__ - Running validation... 
 Generating 4 images with prompt:on top of a wooden floor.
11/15/2024 16:04:50 - INFO - root - Image have been saved in /shenzihe/WD-Disk/output/exp2/teapot/checkpoint-100/images/on_top_of_a_wooden_floor/
11/15/2024 16:05:04 - INFO - root - Image have been saved in /shenzihe/WD-Disk/output/exp2/teapot/checkpoint-100/images/on_top_of_a_wooden_floor/
11/15/2024 16:05:18 - INFO - root - Image have been saved in /shenzihe/WD-Disk/output/exp2/teapot/checkpoint-100/images/on_top_of_a_wooden_floor/
11/15/2024 16:05:32 - INFO - root - Image have been saved in /shenzihe/WD-Disk/output/exp2/teapot/checkpoint-100/images/on_top_of_a_wooden_floor/
11/15/2024 16:05:32 - INFO - __main__ - Running validation... 
 Generating 4 images with prompt:with a city in the background.
11/15/2024 16:05:45 - INFO - root - Image have been saved in /shenzihe/WD-Disk/output/exp2/teapot/checkpoint-100/images/with_a_city_in_the_background/
11/15/2024 16:05:59 - INFO - root - Image have been saved in /shenzihe/WD-Disk/output/exp2/teapot/checkpoint-100/images/with_a_city_in_the_background/
11/15/2024 16:06:13 - INFO - root - Image have been saved in /shenzihe/WD-Disk/output/exp2/teapot/checkpoint-100/images/with_a_city_in_the_background/
11/15/2024 16:06:27 - INFO - root - Image have been saved in /shenzihe/WD-Disk/output/exp2/teapot/checkpoint-100/images/with_a_city_in_the_background/
11/15/2024 16:06:27 - INFO - __main__ - Running validation... 
 Generating 4 images with prompt:with a mountain in the background.
11/15/2024 16:06:40 - INFO - root - Image have been saved in /shenzihe/WD-Disk/output/exp2/teapot/checkpoint-100/images/with_a_mountain_in_the_background/
11/15/2024 16:06:54 - INFO - root - Image have been saved in /shenzihe/WD-Disk/output/exp2/teapot/checkpoint-100/images/with_a_mountain_in_the_background/
11/15/2024 16:07:08 - INFO - root - Image have been saved in /shenzihe/WD-Disk/output/exp2/teapot/checkpoint-100/images/with_a_mountain_in_the_background/
11/15/2024 16:07:22 - INFO - root - Image have been saved in /shenzihe/WD-Disk/output/exp2/teapot/checkpoint-100/images/with_a_mountain_in_the_background/
11/15/2024 16:07:22 - INFO - __main__ - Running validation... 
 Generating 4 images with prompt:with a blue house in the background.
11/15/2024 16:07:36 - INFO - root - Image have been saved in /shenzihe/WD-Disk/output/exp2/teapot/checkpoint-100/images/with_a_blue_house_in_the_background/
11/15/2024 16:07:49 - INFO - root - Image have been saved in /shenzihe/WD-Disk/output/exp2/teapot/checkpoint-100/images/with_a_blue_house_in_the_background/
11/15/2024 16:08:03 - INFO - root - Image have been saved in /shenzihe/WD-Disk/output/exp2/teapot/checkpoint-100/images/with_a_blue_house_in_the_background/
11/15/2024 16:08:17 - INFO - root - Image have been saved in /shenzihe/WD-Disk/output/exp2/teapot/checkpoint-100/images/with_a_blue_house_in_the_background/
11/15/2024 16:08:17 - INFO - __main__ - Running validation... 
 Generating 4 images with prompt:on top of a purple rug in a forest.
11/15/2024 16:08:31 - INFO - root - Image have been saved in /shenzihe/WD-Disk/output/exp2/teapot/checkpoint-100/images/on_top_of_a_purple_rug_in_a_forest/
11/15/2024 16:08:45 - INFO - root - Image have been saved in /shenzihe/WD-Disk/output/exp2/teapot/checkpoint-100/images/on_top_of_a_purple_rug_in_a_forest/
11/15/2024 16:08:59 - INFO - root - Image have been saved in /shenzihe/WD-Disk/output/exp2/teapot/checkpoint-100/images/on_top_of_a_purple_rug_in_a_forest/
11/15/2024 16:09:13 - INFO - root - Image have been saved in /shenzihe/WD-Disk/output/exp2/teapot/checkpoint-100/images/on_top_of_a_purple_rug_in_a_forest/
11/15/2024 16:09:13 - INFO - __main__ - Running validation... 
 Generating 4 images with prompt:with a wheat field in the background.
11/15/2024 16:09:26 - INFO - root - Image have been saved in /shenzihe/WD-Disk/output/exp2/teapot/checkpoint-100/images/with_a_wheat_field_in_the_background/
11/15/2024 16:09:40 - INFO - root - Image have been saved in /shenzihe/WD-Disk/output/exp2/teapot/checkpoint-100/images/with_a_wheat_field_in_the_background/
11/15/2024 16:09:54 - INFO - root - Image have been saved in /shenzihe/WD-Disk/output/exp2/teapot/checkpoint-100/images/with_a_wheat_field_in_the_background/
11/15/2024 16:10:08 - INFO - root - Image have been saved in /shenzihe/WD-Disk/output/exp2/teapot/checkpoint-100/images/with_a_wheat_field_in_the_background/
11/15/2024 16:10:08 - INFO - __main__ - Running validation... 
 Generating 4 images with prompt:with a tree and autumn leaves in the background.
11/15/2024 16:10:22 - INFO - root - Image have been saved in /shenzihe/WD-Disk/output/exp2/teapot/checkpoint-100/images/with_a_tree_and_autumn_leaves_in_the_background/
11/15/2024 16:10:36 - INFO - root - Image have been saved in /shenzihe/WD-Disk/output/exp2/teapot/checkpoint-100/images/with_a_tree_and_autumn_leaves_in_the_background/
11/15/2024 16:10:50 - INFO - root - Image have been saved in /shenzihe/WD-Disk/output/exp2/teapot/checkpoint-100/images/with_a_tree_and_autumn_leaves_in_the_background/
11/15/2024 16:11:04 - INFO - root - Image have been saved in /shenzihe/WD-Disk/output/exp2/teapot/checkpoint-100/images/with_a_tree_and_autumn_leaves_in_the_background/
11/15/2024 16:11:04 - INFO - __main__ - Running validation... 
 Generating 4 images with prompt:with the Eiffel Tower in the background.
11/15/2024 16:11:17 - INFO - root - Image have been saved in /shenzihe/WD-Disk/output/exp2/teapot/checkpoint-100/images/with_the_Eiffel_Tower_in_the_background/
11/15/2024 16:11:31 - INFO - root - Image have been saved in /shenzihe/WD-Disk/output/exp2/teapot/checkpoint-100/images/with_the_Eiffel_Tower_in_the_background/
11/15/2024 16:11:46 - INFO - root - Image have been saved in /shenzihe/WD-Disk/output/exp2/teapot/checkpoint-100/images/with_the_Eiffel_Tower_in_the_background/
11/15/2024 16:12:00 - INFO - root - Image have been saved in /shenzihe/WD-Disk/output/exp2/teapot/checkpoint-100/images/with_the_Eiffel_Tower_in_the_background/
11/15/2024 16:12:00 - INFO - __main__ - Running validation... 
 Generating 4 images with prompt:floating on top of water.
11/15/2024 16:12:14 - INFO - root - Image have been saved in /shenzihe/WD-Disk/output/exp2/teapot/checkpoint-100/images/floating_on_top_of_water/
11/15/2024 16:12:28 - INFO - root - Image have been saved in /shenzihe/WD-Disk/output/exp2/teapot/checkpoint-100/images/floating_on_top_of_water/
11/15/2024 16:12:42 - INFO - root - Image have been saved in /shenzihe/WD-Disk/output/exp2/teapot/checkpoint-100/images/floating_on_top_of_water/
11/15/2024 16:12:55 - INFO - root - Image have been saved in /shenzihe/WD-Disk/output/exp2/teapot/checkpoint-100/images/floating_on_top_of_water/
11/15/2024 16:12:55 - INFO - __main__ - Running validation... 
 Generating 4 images with prompt:floating in an ocean of milk.
11/15/2024 16:13:09 - INFO - root - Image have been saved in /shenzihe/WD-Disk/output/exp2/teapot/checkpoint-100/images/floating_in_an_ocean_of_milk/
11/15/2024 16:13:23 - INFO - root - Image have been saved in /shenzihe/WD-Disk/output/exp2/teapot/checkpoint-100/images/floating_in_an_ocean_of_milk/
11/15/2024 16:13:37 - INFO - root - Image have been saved in /shenzihe/WD-Disk/output/exp2/teapot/checkpoint-100/images/floating_in_an_ocean_of_milk/
11/15/2024 16:13:51 - INFO - root - Image have been saved in /shenzihe/WD-Disk/output/exp2/teapot/checkpoint-100/images/floating_in_an_ocean_of_milk/
11/15/2024 16:13:51 - INFO - __main__ - Running validation... 
 Generating 4 images with prompt:on top of green grass with sunflowers around it.
11/15/2024 16:14:04 - INFO - root - Image have been saved in /shenzihe/WD-Disk/output/exp2/teapot/checkpoint-100/images/on_top_of_green_grass_with_sunflowers_around_it/
11/15/2024 16:14:18 - INFO - root - Image have been saved in /shenzihe/WD-Disk/output/exp2/teapot/checkpoint-100/images/on_top_of_green_grass_with_sunflowers_around_it/
11/15/2024 16:14:32 - INFO - root - Image have been saved in /shenzihe/WD-Disk/output/exp2/teapot/checkpoint-100/images/on_top_of_green_grass_with_sunflowers_around_it/
11/15/2024 16:14:46 - INFO - root - Image have been saved in /shenzihe/WD-Disk/output/exp2/teapot/checkpoint-100/images/on_top_of_green_grass_with_sunflowers_around_it/
11/15/2024 16:14:46 - INFO - __main__ - Running validation... 
 Generating 4 images with prompt:on top of a mirror.
11/15/2024 16:15:00 - INFO - root - Image have been saved in /shenzihe/WD-Disk/output/exp2/teapot/checkpoint-100/images/on_top_of_a_mirror/
11/15/2024 16:15:13 - INFO - root - Image have been saved in /shenzihe/WD-Disk/output/exp2/teapot/checkpoint-100/images/on_top_of_a_mirror/
11/15/2024 16:15:27 - INFO - root - Image have been saved in /shenzihe/WD-Disk/output/exp2/teapot/checkpoint-100/images/on_top_of_a_mirror/
11/15/2024 16:15:41 - INFO - root - Image have been saved in /shenzihe/WD-Disk/output/exp2/teapot/checkpoint-100/images/on_top_of_a_mirror/
11/15/2024 16:15:41 - INFO - __main__ - Running validation... 
 Generating 4 images with prompt:on top of the sidewalk in a crowded street.
11/15/2024 16:15:55 - INFO - root - Image have been saved in /shenzihe/WD-Disk/output/exp2/teapot/checkpoint-100/images/on_top_of_the_sidewalk_in_a_crowded_street/
11/15/2024 16:16:09 - INFO - root - Image have been saved in /shenzihe/WD-Disk/output/exp2/teapot/checkpoint-100/images/on_top_of_the_sidewalk_in_a_crowded_street/
11/15/2024 16:16:23 - INFO - root - Image have been saved in /shenzihe/WD-Disk/output/exp2/teapot/checkpoint-100/images/on_top_of_the_sidewalk_in_a_crowded_street/
11/15/2024 16:16:37 - INFO - root - Image have been saved in /shenzihe/WD-Disk/output/exp2/teapot/checkpoint-100/images/on_top_of_the_sidewalk_in_a_crowded_street/
11/15/2024 16:16:37 - INFO - __main__ - Running validation... 
 Generating 4 images with prompt:on top of a dirt road.
11/15/2024 16:16:50 - INFO - root - Image have been saved in /shenzihe/WD-Disk/output/exp2/teapot/checkpoint-100/images/on_top_of_a_dirt_road/
11/15/2024 16:17:04 - INFO - root - Image have been saved in /shenzihe/WD-Disk/output/exp2/teapot/checkpoint-100/images/on_top_of_a_dirt_road/
11/15/2024 16:17:18 - INFO - root - Image have been saved in /shenzihe/WD-Disk/output/exp2/teapot/checkpoint-100/images/on_top_of_a_dirt_road/
11/15/2024 16:17:32 - INFO - root - Image have been saved in /shenzihe/WD-Disk/output/exp2/teapot/checkpoint-100/images/on_top_of_a_dirt_road/
11/15/2024 16:17:32 - INFO - __main__ - Running validation... 
 Generating 4 images with prompt:on top of a white rug.
11/15/2024 16:17:46 - INFO - root - Image have been saved in /shenzihe/WD-Disk/output/exp2/teapot/checkpoint-100/images/on_top_of_a_white_rug/
11/15/2024 16:18:00 - INFO - root - Image have been saved in /shenzihe/WD-Disk/output/exp2/teapot/checkpoint-100/images/on_top_of_a_white_rug/
11/15/2024 16:18:14 - INFO - root - Image have been saved in /shenzihe/WD-Disk/output/exp2/teapot/checkpoint-100/images/on_top_of_a_white_rug/
11/15/2024 16:18:28 - INFO - root - Image have been saved in /shenzihe/WD-Disk/output/exp2/teapot/checkpoint-100/images/on_top_of_a_white_rug/
11/15/2024 16:18:28 - INFO - __main__ - Running validation... 
 Generating 4 images with prompt:red.
11/15/2024 16:18:41 - INFO - root - Image have been saved in /shenzihe/WD-Disk/output/exp2/teapot/checkpoint-100/images/red/
11/15/2024 16:18:55 - INFO - root - Image have been saved in /shenzihe/WD-Disk/output/exp2/teapot/checkpoint-100/images/red/
11/15/2024 16:19:09 - INFO - root - Image have been saved in /shenzihe/WD-Disk/output/exp2/teapot/checkpoint-100/images/red/
11/15/2024 16:19:23 - INFO - root - Image have been saved in /shenzihe/WD-Disk/output/exp2/teapot/checkpoint-100/images/red/
11/15/2024 16:19:23 - INFO - __main__ - Running validation... 
 Generating 4 images with prompt:purple.
11/15/2024 16:19:37 - INFO - root - Image have been saved in /shenzihe/WD-Disk/output/exp2/teapot/checkpoint-100/images/purple/
11/15/2024 16:19:50 - INFO - root - Image have been saved in /shenzihe/WD-Disk/output/exp2/teapot/checkpoint-100/images/purple/
11/15/2024 16:20:04 - INFO - root - Image have been saved in /shenzihe/WD-Disk/output/exp2/teapot/checkpoint-100/images/purple/
11/15/2024 16:20:18 - INFO - root - Image have been saved in /shenzihe/WD-Disk/output/exp2/teapot/checkpoint-100/images/purple/
11/15/2024 16:20:18 - INFO - __main__ - Running validation... 
 Generating 4 images with prompt:shiny.
11/15/2024 16:20:32 - INFO - root - Image have been saved in /shenzihe/WD-Disk/output/exp2/teapot/checkpoint-100/images/shiny/
11/15/2024 16:20:46 - INFO - root - Image have been saved in /shenzihe/WD-Disk/output/exp2/teapot/checkpoint-100/images/shiny/
11/15/2024 16:21:00 - INFO - root - Image have been saved in /shenzihe/WD-Disk/output/exp2/teapot/checkpoint-100/images/shiny/
11/15/2024 16:21:13 - INFO - root - Image have been saved in /shenzihe/WD-Disk/output/exp2/teapot/checkpoint-100/images/shiny/
11/15/2024 16:21:13 - INFO - __main__ - Running validation... 
 Generating 4 images with prompt:wet.
11/15/2024 16:21:27 - INFO - root - Image have been saved in /shenzihe/WD-Disk/output/exp2/teapot/checkpoint-100/images/wet/
11/15/2024 16:21:41 - INFO - root - Image have been saved in /shenzihe/WD-Disk/output/exp2/teapot/checkpoint-100/images/wet/
11/15/2024 16:21:55 - INFO - root - Image have been saved in /shenzihe/WD-Disk/output/exp2/teapot/checkpoint-100/images/wet/
11/15/2024 16:22:08 - INFO - root - Image have been saved in /shenzihe/WD-Disk/output/exp2/teapot/checkpoint-100/images/wet/
11/15/2024 16:22:08 - INFO - __main__ - Running validation... 
 Generating 4 images with prompt:cube shaped.
11/15/2024 16:22:22 - INFO - root - Image have been saved in /shenzihe/WD-Disk/output/exp2/teapot/checkpoint-100/images/cube_shaped/
11/15/2024 16:22:36 - INFO - root - Image have been saved in /shenzihe/WD-Disk/output/exp2/teapot/checkpoint-100/images/cube_shaped/
11/15/2024 16:22:50 - INFO - root - Image have been saved in /shenzihe/WD-Disk/output/exp2/teapot/checkpoint-100/images/cube_shaped/
11/15/2024 16:23:04 - INFO - root - Image have been saved in /shenzihe/WD-Disk/output/exp2/teapot/checkpoint-100/images/cube_shaped/
