11/18/2024 03:16:03 - INFO - __main__ - Distributed environment: NO
Num processes: 1
Process index: 0
Local process index: 0
Device: cuda

Mixed precision type: no

11/18/2024 03:16:16 - INFO - root - freeze vision encoder
11/18/2024 03:16:27 - INFO - root - Loading pretrained model from /root/.cache/torch/hub/checkpoints/blip-diffusion
11/18/2024 03:16:27 - INFO - root - Loading pretrained BLIP2 Qformer weights.
11/18/2024 03:16:29 - INFO - root - Loading pretrained projection lyer weights.
11/18/2024 03:16:29 - INFO - root - Loading pretrained text encoder weights.
11/18/2024 03:16:29 - INFO - root - Loading pretrained vae weights.
11/18/2024 03:16:30 - INFO - root - Loading pretrained unet weights.
11/18/2024 03:16:38 - INFO - root - Using xformers.
11/18/2024 03:16:38 - INFO - root - Building datasets...
11/18/2024 03:16:49 - INFO - root - freeze vision encoder
11/18/2024 03:17:25 - INFO - root - load checkpoint from https://storage.googleapis.com/sfr-vision-language-research/LAVIS/models/BLIP2/blip2_pretrained_flant5xl.pth
11/18/2024 03:17:27 - INFO - __main__ - 
***** Running training *****
11/18/2024 03:17:27 - INFO - __main__ -   Num examples = 5
11/18/2024 03:17:27 - INFO - __main__ -   Num batches each epoch = 2
11/18/2024 03:17:27 - INFO - __main__ -   Num Epochs = 50
11/18/2024 03:17:27 - INFO - __main__ -   Instantaneous batch size per device = 3
11/18/2024 03:17:27 - INFO - __main__ -   Total train batch size (w. parallel, distributed & accumulation) = 3
11/18/2024 03:17:27 - INFO - __main__ -   Gradient Accumulation steps = 1
11/18/2024 03:17:27 - INFO - __main__ -   Total optimization steps = 100
11/18/2024 03:22:54 - INFO - __main__ - Running validation... 
 Generating 4 images with prompt:in the jungle.
11/18/2024 03:23:12 - INFO - root - Image have been saved in /shenzihe/WD-Disk/output/exp3/rc_car/checkpoint-100/images/in_the_jungle/
11/18/2024 03:23:27 - INFO - root - Image have been saved in /shenzihe/WD-Disk/output/exp3/rc_car/checkpoint-100/images/in_the_jungle/
11/18/2024 03:23:41 - INFO - root - Image have been saved in /shenzihe/WD-Disk/output/exp3/rc_car/checkpoint-100/images/in_the_jungle/
11/18/2024 03:23:55 - INFO - root - Image have been saved in /shenzihe/WD-Disk/output/exp3/rc_car/checkpoint-100/images/in_the_jungle/
11/18/2024 03:23:55 - INFO - __main__ - Running validation... 
 Generating 4 images with prompt:in the snow.
11/18/2024 03:24:08 - INFO - root - Image have been saved in /shenzihe/WD-Disk/output/exp3/rc_car/checkpoint-100/images/in_the_snow/
11/18/2024 03:24:22 - INFO - root - Image have been saved in /shenzihe/WD-Disk/output/exp3/rc_car/checkpoint-100/images/in_the_snow/
11/18/2024 03:24:35 - INFO - root - Image have been saved in /shenzihe/WD-Disk/output/exp3/rc_car/checkpoint-100/images/in_the_snow/
11/18/2024 03:24:49 - INFO - root - Image have been saved in /shenzihe/WD-Disk/output/exp3/rc_car/checkpoint-100/images/in_the_snow/
11/18/2024 03:24:49 - INFO - __main__ - Running validation... 
 Generating 4 images with prompt:on the beach.
11/18/2024 03:25:03 - INFO - root - Image have been saved in /shenzihe/WD-Disk/output/exp3/rc_car/checkpoint-100/images/on_the_beach/
11/18/2024 03:25:16 - INFO - root - Image have been saved in /shenzihe/WD-Disk/output/exp3/rc_car/checkpoint-100/images/on_the_beach/
11/18/2024 03:25:30 - INFO - root - Image have been saved in /shenzihe/WD-Disk/output/exp3/rc_car/checkpoint-100/images/on_the_beach/
11/18/2024 03:25:43 - INFO - root - Image have been saved in /shenzihe/WD-Disk/output/exp3/rc_car/checkpoint-100/images/on_the_beach/
11/18/2024 03:25:43 - INFO - __main__ - Running validation... 
 Generating 4 images with prompt:on a cobblestone street.
11/18/2024 03:25:57 - INFO - root - Image have been saved in /shenzihe/WD-Disk/output/exp3/rc_car/checkpoint-100/images/on_a_cobblestone_street/
11/18/2024 03:26:11 - INFO - root - Image have been saved in /shenzihe/WD-Disk/output/exp3/rc_car/checkpoint-100/images/on_a_cobblestone_street/
11/18/2024 03:26:24 - INFO - root - Image have been saved in /shenzihe/WD-Disk/output/exp3/rc_car/checkpoint-100/images/on_a_cobblestone_street/
11/18/2024 03:26:38 - INFO - root - Image have been saved in /shenzihe/WD-Disk/output/exp3/rc_car/checkpoint-100/images/on_a_cobblestone_street/
11/18/2024 03:26:38 - INFO - __main__ - Running validation... 
 Generating 4 images with prompt:on top of pink fabric.
11/18/2024 03:26:52 - INFO - root - Image have been saved in /shenzihe/WD-Disk/output/exp3/rc_car/checkpoint-100/images/on_top_of_pink_fabric/
11/18/2024 03:27:06 - INFO - root - Image have been saved in /shenzihe/WD-Disk/output/exp3/rc_car/checkpoint-100/images/on_top_of_pink_fabric/
11/18/2024 03:27:20 - INFO - root - Image have been saved in /shenzihe/WD-Disk/output/exp3/rc_car/checkpoint-100/images/on_top_of_pink_fabric/
11/18/2024 03:27:34 - INFO - root - Image have been saved in /shenzihe/WD-Disk/output/exp3/rc_car/checkpoint-100/images/on_top_of_pink_fabric/
11/18/2024 03:27:34 - INFO - __main__ - Running validation... 
 Generating 4 images with prompt:on top of a wooden floor.
11/18/2024 03:27:47 - INFO - root - Image have been saved in /shenzihe/WD-Disk/output/exp3/rc_car/checkpoint-100/images/on_top_of_a_wooden_floor/
11/18/2024 03:28:01 - INFO - root - Image have been saved in /shenzihe/WD-Disk/output/exp3/rc_car/checkpoint-100/images/on_top_of_a_wooden_floor/
11/18/2024 03:28:15 - INFO - root - Image have been saved in /shenzihe/WD-Disk/output/exp3/rc_car/checkpoint-100/images/on_top_of_a_wooden_floor/
11/18/2024 03:28:29 - INFO - root - Image have been saved in /shenzihe/WD-Disk/output/exp3/rc_car/checkpoint-100/images/on_top_of_a_wooden_floor/
11/18/2024 03:28:29 - INFO - __main__ - Running validation... 
 Generating 4 images with prompt:with a city in the background.
11/18/2024 03:28:43 - INFO - root - Image have been saved in /shenzihe/WD-Disk/output/exp3/rc_car/checkpoint-100/images/with_a_city_in_the_background/
11/18/2024 03:28:56 - INFO - root - Image have been saved in /shenzihe/WD-Disk/output/exp3/rc_car/checkpoint-100/images/with_a_city_in_the_background/
11/18/2024 03:29:10 - INFO - root - Image have been saved in /shenzihe/WD-Disk/output/exp3/rc_car/checkpoint-100/images/with_a_city_in_the_background/
11/18/2024 03:29:23 - INFO - root - Image have been saved in /shenzihe/WD-Disk/output/exp3/rc_car/checkpoint-100/images/with_a_city_in_the_background/
11/18/2024 03:29:23 - INFO - __main__ - Running validation... 
 Generating 4 images with prompt:with a mountain in the background.
11/18/2024 03:29:37 - INFO - root - Image have been saved in /shenzihe/WD-Disk/output/exp3/rc_car/checkpoint-100/images/with_a_mountain_in_the_background/
11/18/2024 03:29:51 - INFO - root - Image have been saved in /shenzihe/WD-Disk/output/exp3/rc_car/checkpoint-100/images/with_a_mountain_in_the_background/
11/18/2024 03:30:04 - INFO - root - Image have been saved in /shenzihe/WD-Disk/output/exp3/rc_car/checkpoint-100/images/with_a_mountain_in_the_background/
11/18/2024 03:30:18 - INFO - root - Image have been saved in /shenzihe/WD-Disk/output/exp3/rc_car/checkpoint-100/images/with_a_mountain_in_the_background/
11/18/2024 03:30:18 - INFO - __main__ - Running validation... 
 Generating 4 images with prompt:with a blue house in the background.
11/18/2024 03:30:31 - INFO - root - Image have been saved in /shenzihe/WD-Disk/output/exp3/rc_car/checkpoint-100/images/with_a_blue_house_in_the_background/
11/18/2024 03:30:45 - INFO - root - Image have been saved in /shenzihe/WD-Disk/output/exp3/rc_car/checkpoint-100/images/with_a_blue_house_in_the_background/
11/18/2024 03:30:59 - INFO - root - Image have been saved in /shenzihe/WD-Disk/output/exp3/rc_car/checkpoint-100/images/with_a_blue_house_in_the_background/
11/18/2024 03:31:12 - INFO - root - Image have been saved in /shenzihe/WD-Disk/output/exp3/rc_car/checkpoint-100/images/with_a_blue_house_in_the_background/
11/18/2024 03:31:12 - INFO - __main__ - Running validation... 
 Generating 4 images with prompt:on top of a purple rug in a forest.
11/18/2024 03:31:26 - INFO - root - Image have been saved in /shenzihe/WD-Disk/output/exp3/rc_car/checkpoint-100/images/on_top_of_a_purple_rug_in_a_forest/
11/18/2024 03:31:39 - INFO - root - Image have been saved in /shenzihe/WD-Disk/output/exp3/rc_car/checkpoint-100/images/on_top_of_a_purple_rug_in_a_forest/
11/18/2024 03:31:53 - INFO - root - Image have been saved in /shenzihe/WD-Disk/output/exp3/rc_car/checkpoint-100/images/on_top_of_a_purple_rug_in_a_forest/
11/18/2024 03:32:07 - INFO - root - Image have been saved in /shenzihe/WD-Disk/output/exp3/rc_car/checkpoint-100/images/on_top_of_a_purple_rug_in_a_forest/
11/18/2024 03:32:07 - INFO - __main__ - Running validation... 
 Generating 4 images with prompt:with a wheat field in the background.
11/18/2024 03:32:20 - INFO - root - Image have been saved in /shenzihe/WD-Disk/output/exp3/rc_car/checkpoint-100/images/with_a_wheat_field_in_the_background/
11/18/2024 03:32:34 - INFO - root - Image have been saved in /shenzihe/WD-Disk/output/exp3/rc_car/checkpoint-100/images/with_a_wheat_field_in_the_background/
11/18/2024 03:32:47 - INFO - root - Image have been saved in /shenzihe/WD-Disk/output/exp3/rc_car/checkpoint-100/images/with_a_wheat_field_in_the_background/
11/18/2024 03:33:01 - INFO - root - Image have been saved in /shenzihe/WD-Disk/output/exp3/rc_car/checkpoint-100/images/with_a_wheat_field_in_the_background/
11/18/2024 03:33:01 - INFO - __main__ - Running validation... 
 Generating 4 images with prompt:with a tree and autumn leaves in the background.
11/18/2024 03:33:15 - INFO - root - Image have been saved in /shenzihe/WD-Disk/output/exp3/rc_car/checkpoint-100/images/with_a_tree_and_autumn_leaves_in_the_background/
11/18/2024 03:33:28 - INFO - root - Image have been saved in /shenzihe/WD-Disk/output/exp3/rc_car/checkpoint-100/images/with_a_tree_and_autumn_leaves_in_the_background/
11/18/2024 03:33:42 - INFO - root - Image have been saved in /shenzihe/WD-Disk/output/exp3/rc_car/checkpoint-100/images/with_a_tree_and_autumn_leaves_in_the_background/
11/18/2024 03:33:55 - INFO - root - Image have been saved in /shenzihe/WD-Disk/output/exp3/rc_car/checkpoint-100/images/with_a_tree_and_autumn_leaves_in_the_background/
11/18/2024 03:33:55 - INFO - __main__ - Running validation... 
 Generating 4 images with prompt:with the Eiffel Tower in the background.
11/18/2024 03:34:09 - INFO - root - Image have been saved in /shenzihe/WD-Disk/output/exp3/rc_car/checkpoint-100/images/with_the_Eiffel_Tower_in_the_background/
11/18/2024 03:34:22 - INFO - root - Image have been saved in /shenzihe/WD-Disk/output/exp3/rc_car/checkpoint-100/images/with_the_Eiffel_Tower_in_the_background/
11/18/2024 03:34:36 - INFO - root - Image have been saved in /shenzihe/WD-Disk/output/exp3/rc_car/checkpoint-100/images/with_the_Eiffel_Tower_in_the_background/
11/18/2024 03:34:50 - INFO - root - Image have been saved in /shenzihe/WD-Disk/output/exp3/rc_car/checkpoint-100/images/with_the_Eiffel_Tower_in_the_background/
11/18/2024 03:34:50 - INFO - __main__ - Running validation... 
 Generating 4 images with prompt:floating on top of water.
11/18/2024 03:35:03 - INFO - root - Image have been saved in /shenzihe/WD-Disk/output/exp3/rc_car/checkpoint-100/images/floating_on_top_of_water/
11/18/2024 03:35:17 - INFO - root - Image have been saved in /shenzihe/WD-Disk/output/exp3/rc_car/checkpoint-100/images/floating_on_top_of_water/
11/18/2024 03:35:30 - INFO - root - Image have been saved in /shenzihe/WD-Disk/output/exp3/rc_car/checkpoint-100/images/floating_on_top_of_water/
11/18/2024 03:35:44 - INFO - root - Image have been saved in /shenzihe/WD-Disk/output/exp3/rc_car/checkpoint-100/images/floating_on_top_of_water/
11/18/2024 03:35:44 - INFO - __main__ - Running validation... 
 Generating 4 images with prompt:floating in an ocean of milk.
11/18/2024 03:35:58 - INFO - root - Image have been saved in /shenzihe/WD-Disk/output/exp3/rc_car/checkpoint-100/images/floating_in_an_ocean_of_milk/
11/18/2024 03:36:11 - INFO - root - Image have been saved in /shenzihe/WD-Disk/output/exp3/rc_car/checkpoint-100/images/floating_in_an_ocean_of_milk/
11/18/2024 03:36:25 - INFO - root - Image have been saved in /shenzihe/WD-Disk/output/exp3/rc_car/checkpoint-100/images/floating_in_an_ocean_of_milk/
11/18/2024 03:36:39 - INFO - root - Image have been saved in /shenzihe/WD-Disk/output/exp3/rc_car/checkpoint-100/images/floating_in_an_ocean_of_milk/
11/18/2024 03:36:39 - INFO - __main__ - Running validation... 
 Generating 4 images with prompt:on top of green grass with sunflowers around it.
11/18/2024 03:36:54 - INFO - root - Image have been saved in /shenzihe/WD-Disk/output/exp3/rc_car/checkpoint-100/images/on_top_of_green_grass_with_sunflowers_around_it/
11/18/2024 03:37:08 - INFO - root - Image have been saved in /shenzihe/WD-Disk/output/exp3/rc_car/checkpoint-100/images/on_top_of_green_grass_with_sunflowers_around_it/
11/18/2024 03:37:23 - INFO - root - Image have been saved in /shenzihe/WD-Disk/output/exp3/rc_car/checkpoint-100/images/on_top_of_green_grass_with_sunflowers_around_it/
11/18/2024 03:37:37 - INFO - root - Image have been saved in /shenzihe/WD-Disk/output/exp3/rc_car/checkpoint-100/images/on_top_of_green_grass_with_sunflowers_around_it/
11/18/2024 03:37:37 - INFO - __main__ - Running validation... 
 Generating 4 images with prompt:on top of a mirror.
11/18/2024 03:37:51 - INFO - root - Image have been saved in /shenzihe/WD-Disk/output/exp3/rc_car/checkpoint-100/images/on_top_of_a_mirror/
11/18/2024 03:38:05 - INFO - root - Image have been saved in /shenzihe/WD-Disk/output/exp3/rc_car/checkpoint-100/images/on_top_of_a_mirror/
11/18/2024 03:38:19 - INFO - root - Image have been saved in /shenzihe/WD-Disk/output/exp3/rc_car/checkpoint-100/images/on_top_of_a_mirror/
11/18/2024 03:38:33 - INFO - root - Image have been saved in /shenzihe/WD-Disk/output/exp3/rc_car/checkpoint-100/images/on_top_of_a_mirror/
11/18/2024 03:38:33 - INFO - __main__ - Running validation... 
 Generating 4 images with prompt:on top of the sidewalk in a crowded street.
11/18/2024 03:38:47 - INFO - root - Image have been saved in /shenzihe/WD-Disk/output/exp3/rc_car/checkpoint-100/images/on_top_of_the_sidewalk_in_a_crowded_street/
11/18/2024 03:39:01 - INFO - root - Image have been saved in /shenzihe/WD-Disk/output/exp3/rc_car/checkpoint-100/images/on_top_of_the_sidewalk_in_a_crowded_street/
11/18/2024 03:39:15 - INFO - root - Image have been saved in /shenzihe/WD-Disk/output/exp3/rc_car/checkpoint-100/images/on_top_of_the_sidewalk_in_a_crowded_street/
11/18/2024 03:39:29 - INFO - root - Image have been saved in /shenzihe/WD-Disk/output/exp3/rc_car/checkpoint-100/images/on_top_of_the_sidewalk_in_a_crowded_street/
11/18/2024 03:39:29 - INFO - __main__ - Running validation... 
 Generating 4 images with prompt:on top of a dirt road.
11/18/2024 03:39:43 - INFO - root - Image have been saved in /shenzihe/WD-Disk/output/exp3/rc_car/checkpoint-100/images/on_top_of_a_dirt_road/
11/18/2024 03:39:57 - INFO - root - Image have been saved in /shenzihe/WD-Disk/output/exp3/rc_car/checkpoint-100/images/on_top_of_a_dirt_road/
11/18/2024 03:40:11 - INFO - root - Image have been saved in /shenzihe/WD-Disk/output/exp3/rc_car/checkpoint-100/images/on_top_of_a_dirt_road/
11/18/2024 03:40:25 - INFO - root - Image have been saved in /shenzihe/WD-Disk/output/exp3/rc_car/checkpoint-100/images/on_top_of_a_dirt_road/
11/18/2024 03:40:25 - INFO - __main__ - Running validation... 
 Generating 4 images with prompt:on top of a white rug.
11/18/2024 03:40:40 - INFO - root - Image have been saved in /shenzihe/WD-Disk/output/exp3/rc_car/checkpoint-100/images/on_top_of_a_white_rug/
11/18/2024 03:40:54 - INFO - root - Image have been saved in /shenzihe/WD-Disk/output/exp3/rc_car/checkpoint-100/images/on_top_of_a_white_rug/
11/18/2024 03:41:08 - INFO - root - Image have been saved in /shenzihe/WD-Disk/output/exp3/rc_car/checkpoint-100/images/on_top_of_a_white_rug/
11/18/2024 03:41:22 - INFO - root - Image have been saved in /shenzihe/WD-Disk/output/exp3/rc_car/checkpoint-100/images/on_top_of_a_white_rug/
11/18/2024 03:41:22 - INFO - __main__ - Running validation... 
 Generating 4 images with prompt:red.
11/18/2024 03:41:37 - INFO - root - Image have been saved in /shenzihe/WD-Disk/output/exp3/rc_car/checkpoint-100/images/red/
11/18/2024 03:41:51 - INFO - root - Image have been saved in /shenzihe/WD-Disk/output/exp3/rc_car/checkpoint-100/images/red/
11/18/2024 03:42:05 - INFO - root - Image have been saved in /shenzihe/WD-Disk/output/exp3/rc_car/checkpoint-100/images/red/
11/18/2024 03:42:19 - INFO - root - Image have been saved in /shenzihe/WD-Disk/output/exp3/rc_car/checkpoint-100/images/red/
11/18/2024 03:42:19 - INFO - __main__ - Running validation... 
 Generating 4 images with prompt:purple.
11/18/2024 03:42:33 - INFO - root - Image have been saved in /shenzihe/WD-Disk/output/exp3/rc_car/checkpoint-100/images/purple/
11/18/2024 03:42:48 - INFO - root - Image have been saved in /shenzihe/WD-Disk/output/exp3/rc_car/checkpoint-100/images/purple/
11/18/2024 03:43:02 - INFO - root - Image have been saved in /shenzihe/WD-Disk/output/exp3/rc_car/checkpoint-100/images/purple/
11/18/2024 03:43:16 - INFO - root - Image have been saved in /shenzihe/WD-Disk/output/exp3/rc_car/checkpoint-100/images/purple/
11/18/2024 03:43:16 - INFO - __main__ - Running validation... 
 Generating 4 images with prompt:shiny.
11/18/2024 03:43:30 - INFO - root - Image have been saved in /shenzihe/WD-Disk/output/exp3/rc_car/checkpoint-100/images/shiny/
11/18/2024 03:43:44 - INFO - root - Image have been saved in /shenzihe/WD-Disk/output/exp3/rc_car/checkpoint-100/images/shiny/
11/18/2024 03:43:58 - INFO - root - Image have been saved in /shenzihe/WD-Disk/output/exp3/rc_car/checkpoint-100/images/shiny/
11/18/2024 03:44:12 - INFO - root - Image have been saved in /shenzihe/WD-Disk/output/exp3/rc_car/checkpoint-100/images/shiny/
11/18/2024 03:44:12 - INFO - __main__ - Running validation... 
 Generating 4 images with prompt:wet.
11/18/2024 03:44:26 - INFO - root - Image have been saved in /shenzihe/WD-Disk/output/exp3/rc_car/checkpoint-100/images/wet/
11/18/2024 03:44:40 - INFO - root - Image have been saved in /shenzihe/WD-Disk/output/exp3/rc_car/checkpoint-100/images/wet/
11/18/2024 03:44:54 - INFO - root - Image have been saved in /shenzihe/WD-Disk/output/exp3/rc_car/checkpoint-100/images/wet/
11/18/2024 03:45:08 - INFO - root - Image have been saved in /shenzihe/WD-Disk/output/exp3/rc_car/checkpoint-100/images/wet/
11/18/2024 03:45:08 - INFO - __main__ - Running validation... 
 Generating 4 images with prompt:cube shaped.
11/18/2024 03:45:22 - INFO - root - Image have been saved in /shenzihe/WD-Disk/output/exp3/rc_car/checkpoint-100/images/cube_shaped/
11/18/2024 03:45:36 - INFO - root - Image have been saved in /shenzihe/WD-Disk/output/exp3/rc_car/checkpoint-100/images/cube_shaped/
11/18/2024 03:45:50 - INFO - root - Image have been saved in /shenzihe/WD-Disk/output/exp3/rc_car/checkpoint-100/images/cube_shaped/
11/18/2024 03:46:04 - INFO - root - Image have been saved in /shenzihe/WD-Disk/output/exp3/rc_car/checkpoint-100/images/cube_shaped/
