11/15/2024 04:23:01 - INFO - __main__ - Distributed environment: NO
Num processes: 1
Process index: 0
Local process index: 0
Device: cuda

Mixed precision type: no

11/15/2024 04:23:04 - INFO - root - freeze vision encoder
11/15/2024 04:23:15 - INFO - root - Loading pretrained model from /root/.cache/torch/hub/checkpoints/blip-diffusion
11/15/2024 04:23:15 - INFO - root - Loading pretrained BLIP2 Qformer weights.
11/15/2024 04:23:16 - INFO - root - Loading pretrained projection lyer weights.
11/15/2024 04:23:17 - INFO - root - Loading pretrained text encoder weights.
11/15/2024 04:23:17 - INFO - root - Loading pretrained vae weights.
11/15/2024 04:23:18 - INFO - root - Loading pretrained unet weights.
11/15/2024 04:23:25 - INFO - root - Using xformers.
11/15/2024 04:23:25 - INFO - root - Building datasets...
11/15/2024 04:23:36 - INFO - root - freeze vision encoder
11/15/2024 04:24:13 - INFO - root - load checkpoint from https://storage.googleapis.com/sfr-vision-language-research/LAVIS/models/BLIP2/blip2_pretrained_flant5xl.pth
11/15/2024 04:24:16 - INFO - __main__ - 
***** Running training *****
11/15/2024 04:24:16 - INFO - __main__ -   Num examples = 5
11/15/2024 04:24:16 - INFO - __main__ -   Num batches each epoch = 2
11/15/2024 04:24:16 - INFO - __main__ -   Num Epochs = 50
11/15/2024 04:24:16 - INFO - __main__ -   Instantaneous batch size per device = 3
11/15/2024 04:24:16 - INFO - __main__ -   Total train batch size (w. parallel, distributed & accumulation) = 3
11/15/2024 04:24:16 - INFO - __main__ -   Gradient Accumulation steps = 1
11/15/2024 04:24:16 - INFO - __main__ -   Total optimization steps = 100
11/15/2024 04:29:07 - INFO - __main__ - Running validation... 
 Generating 4 images with prompt:in the jungle.
11/15/2024 04:29:21 - INFO - root - Image have been saved in /shenzihe/WD-Disk/output/exp2/candle/checkpoint-100/images/in_the_jungle/
11/15/2024 04:29:34 - INFO - root - Image have been saved in /shenzihe/WD-Disk/output/exp2/candle/checkpoint-100/images/in_the_jungle/
11/15/2024 04:29:48 - INFO - root - Image have been saved in /shenzihe/WD-Disk/output/exp2/candle/checkpoint-100/images/in_the_jungle/
11/15/2024 04:30:01 - INFO - root - Image have been saved in /shenzihe/WD-Disk/output/exp2/candle/checkpoint-100/images/in_the_jungle/
11/15/2024 04:30:01 - INFO - __main__ - Running validation... 
 Generating 4 images with prompt:in the snow.
11/15/2024 04:30:15 - INFO - root - Image have been saved in /shenzihe/WD-Disk/output/exp2/candle/checkpoint-100/images/in_the_snow/
11/15/2024 04:30:29 - INFO - root - Image have been saved in /shenzihe/WD-Disk/output/exp2/candle/checkpoint-100/images/in_the_snow/
11/15/2024 04:30:42 - INFO - root - Image have been saved in /shenzihe/WD-Disk/output/exp2/candle/checkpoint-100/images/in_the_snow/
11/15/2024 04:30:56 - INFO - root - Image have been saved in /shenzihe/WD-Disk/output/exp2/candle/checkpoint-100/images/in_the_snow/
11/15/2024 04:30:56 - INFO - __main__ - Running validation... 
 Generating 4 images with prompt:on the beach.
11/15/2024 04:31:09 - INFO - root - Image have been saved in /shenzihe/WD-Disk/output/exp2/candle/checkpoint-100/images/on_the_beach/
11/15/2024 04:31:23 - INFO - root - Image have been saved in /shenzihe/WD-Disk/output/exp2/candle/checkpoint-100/images/on_the_beach/
11/15/2024 04:31:36 - INFO - root - Image have been saved in /shenzihe/WD-Disk/output/exp2/candle/checkpoint-100/images/on_the_beach/
11/15/2024 04:31:50 - INFO - root - Image have been saved in /shenzihe/WD-Disk/output/exp2/candle/checkpoint-100/images/on_the_beach/
11/15/2024 04:31:50 - INFO - __main__ - Running validation... 
 Generating 4 images with prompt:on a cobblestone street.
11/15/2024 04:32:03 - INFO - root - Image have been saved in /shenzihe/WD-Disk/output/exp2/candle/checkpoint-100/images/on_a_cobblestone_street/
11/15/2024 04:32:17 - INFO - root - Image have been saved in /shenzihe/WD-Disk/output/exp2/candle/checkpoint-100/images/on_a_cobblestone_street/
11/15/2024 04:32:30 - INFO - root - Image have been saved in /shenzihe/WD-Disk/output/exp2/candle/checkpoint-100/images/on_a_cobblestone_street/
11/15/2024 04:32:43 - INFO - root - Image have been saved in /shenzihe/WD-Disk/output/exp2/candle/checkpoint-100/images/on_a_cobblestone_street/
11/15/2024 04:32:43 - INFO - __main__ - Running validation... 
 Generating 4 images with prompt:on top of pink fabric.
11/15/2024 04:32:57 - INFO - root - Image have been saved in /shenzihe/WD-Disk/output/exp2/candle/checkpoint-100/images/on_top_of_pink_fabric/
11/15/2024 04:33:11 - INFO - root - Image have been saved in /shenzihe/WD-Disk/output/exp2/candle/checkpoint-100/images/on_top_of_pink_fabric/
11/15/2024 04:33:24 - INFO - root - Image have been saved in /shenzihe/WD-Disk/output/exp2/candle/checkpoint-100/images/on_top_of_pink_fabric/
11/15/2024 04:33:38 - INFO - root - Image have been saved in /shenzihe/WD-Disk/output/exp2/candle/checkpoint-100/images/on_top_of_pink_fabric/
11/15/2024 04:33:38 - INFO - __main__ - Running validation... 
 Generating 4 images with prompt:on top of a wooden floor.
11/15/2024 04:33:51 - INFO - root - Image have been saved in /shenzihe/WD-Disk/output/exp2/candle/checkpoint-100/images/on_top_of_a_wooden_floor/
11/15/2024 04:34:05 - INFO - root - Image have been saved in /shenzihe/WD-Disk/output/exp2/candle/checkpoint-100/images/on_top_of_a_wooden_floor/
11/15/2024 04:34:18 - INFO - root - Image have been saved in /shenzihe/WD-Disk/output/exp2/candle/checkpoint-100/images/on_top_of_a_wooden_floor/
11/15/2024 04:34:32 - INFO - root - Image have been saved in /shenzihe/WD-Disk/output/exp2/candle/checkpoint-100/images/on_top_of_a_wooden_floor/
11/15/2024 04:34:32 - INFO - __main__ - Running validation... 
 Generating 4 images with prompt:with a city in the background.
11/15/2024 04:34:45 - INFO - root - Image have been saved in /shenzihe/WD-Disk/output/exp2/candle/checkpoint-100/images/with_a_city_in_the_background/
11/15/2024 04:34:59 - INFO - root - Image have been saved in /shenzihe/WD-Disk/output/exp2/candle/checkpoint-100/images/with_a_city_in_the_background/
11/15/2024 04:35:12 - INFO - root - Image have been saved in /shenzihe/WD-Disk/output/exp2/candle/checkpoint-100/images/with_a_city_in_the_background/
11/15/2024 04:35:26 - INFO - root - Image have been saved in /shenzihe/WD-Disk/output/exp2/candle/checkpoint-100/images/with_a_city_in_the_background/
11/15/2024 04:35:26 - INFO - __main__ - Running validation... 
 Generating 4 images with prompt:with a mountain in the background.
11/15/2024 04:35:39 - INFO - root - Image have been saved in /shenzihe/WD-Disk/output/exp2/candle/checkpoint-100/images/with_a_mountain_in_the_background/
11/15/2024 04:35:53 - INFO - root - Image have been saved in /shenzihe/WD-Disk/output/exp2/candle/checkpoint-100/images/with_a_mountain_in_the_background/
11/15/2024 04:36:06 - INFO - root - Image have been saved in /shenzihe/WD-Disk/output/exp2/candle/checkpoint-100/images/with_a_mountain_in_the_background/
11/15/2024 04:36:20 - INFO - root - Image have been saved in /shenzihe/WD-Disk/output/exp2/candle/checkpoint-100/images/with_a_mountain_in_the_background/
11/15/2024 04:36:20 - INFO - __main__ - Running validation... 
 Generating 4 images with prompt:with a blue house in the background.
11/15/2024 04:36:33 - INFO - root - Image have been saved in /shenzihe/WD-Disk/output/exp2/candle/checkpoint-100/images/with_a_blue_house_in_the_background/
11/15/2024 04:36:47 - INFO - root - Image have been saved in /shenzihe/WD-Disk/output/exp2/candle/checkpoint-100/images/with_a_blue_house_in_the_background/
11/15/2024 04:37:00 - INFO - root - Image have been saved in /shenzihe/WD-Disk/output/exp2/candle/checkpoint-100/images/with_a_blue_house_in_the_background/
11/15/2024 04:37:14 - INFO - root - Image have been saved in /shenzihe/WD-Disk/output/exp2/candle/checkpoint-100/images/with_a_blue_house_in_the_background/
11/15/2024 04:37:14 - INFO - __main__ - Running validation... 
 Generating 4 images with prompt:on top of a purple rug in a forest.
11/15/2024 04:37:27 - INFO - root - Image have been saved in /shenzihe/WD-Disk/output/exp2/candle/checkpoint-100/images/on_top_of_a_purple_rug_in_a_forest/
11/15/2024 04:37:41 - INFO - root - Image have been saved in /shenzihe/WD-Disk/output/exp2/candle/checkpoint-100/images/on_top_of_a_purple_rug_in_a_forest/
11/15/2024 04:37:54 - INFO - root - Image have been saved in /shenzihe/WD-Disk/output/exp2/candle/checkpoint-100/images/on_top_of_a_purple_rug_in_a_forest/
11/15/2024 04:38:07 - INFO - root - Image have been saved in /shenzihe/WD-Disk/output/exp2/candle/checkpoint-100/images/on_top_of_a_purple_rug_in_a_forest/
11/15/2024 04:38:07 - INFO - __main__ - Running validation... 
 Generating 4 images with prompt:with a wheat field in the background.
11/15/2024 04:38:21 - INFO - root - Image have been saved in /shenzihe/WD-Disk/output/exp2/candle/checkpoint-100/images/with_a_wheat_field_in_the_background/
11/15/2024 04:38:34 - INFO - root - Image have been saved in /shenzihe/WD-Disk/output/exp2/candle/checkpoint-100/images/with_a_wheat_field_in_the_background/
11/15/2024 04:38:48 - INFO - root - Image have been saved in /shenzihe/WD-Disk/output/exp2/candle/checkpoint-100/images/with_a_wheat_field_in_the_background/
11/15/2024 04:39:01 - INFO - root - Image have been saved in /shenzihe/WD-Disk/output/exp2/candle/checkpoint-100/images/with_a_wheat_field_in_the_background/
11/15/2024 04:39:01 - INFO - __main__ - Running validation... 
 Generating 4 images with prompt:with a tree and autumn leaves in the background.
11/15/2024 04:39:15 - INFO - root - Image have been saved in /shenzihe/WD-Disk/output/exp2/candle/checkpoint-100/images/with_a_tree_and_autumn_leaves_in_the_background/
11/15/2024 04:39:28 - INFO - root - Image have been saved in /shenzihe/WD-Disk/output/exp2/candle/checkpoint-100/images/with_a_tree_and_autumn_leaves_in_the_background/
11/15/2024 04:39:42 - INFO - root - Image have been saved in /shenzihe/WD-Disk/output/exp2/candle/checkpoint-100/images/with_a_tree_and_autumn_leaves_in_the_background/
11/15/2024 04:39:55 - INFO - root - Image have been saved in /shenzihe/WD-Disk/output/exp2/candle/checkpoint-100/images/with_a_tree_and_autumn_leaves_in_the_background/
11/15/2024 04:39:55 - INFO - __main__ - Running validation... 
 Generating 4 images with prompt:with the Eiffel Tower in the background.
11/15/2024 04:40:09 - INFO - root - Image have been saved in /shenzihe/WD-Disk/output/exp2/candle/checkpoint-100/images/with_the_Eiffel_Tower_in_the_background/
11/15/2024 04:40:22 - INFO - root - Image have been saved in /shenzihe/WD-Disk/output/exp2/candle/checkpoint-100/images/with_the_Eiffel_Tower_in_the_background/
11/15/2024 04:40:36 - INFO - root - Image have been saved in /shenzihe/WD-Disk/output/exp2/candle/checkpoint-100/images/with_the_Eiffel_Tower_in_the_background/
11/15/2024 04:40:49 - INFO - root - Image have been saved in /shenzihe/WD-Disk/output/exp2/candle/checkpoint-100/images/with_the_Eiffel_Tower_in_the_background/
11/15/2024 04:40:49 - INFO - __main__ - Running validation... 
 Generating 4 images with prompt:floating on top of water.
11/15/2024 04:41:03 - INFO - root - Image have been saved in /shenzihe/WD-Disk/output/exp2/candle/checkpoint-100/images/floating_on_top_of_water/
11/15/2024 04:41:16 - INFO - root - Image have been saved in /shenzihe/WD-Disk/output/exp2/candle/checkpoint-100/images/floating_on_top_of_water/
11/15/2024 04:41:29 - INFO - root - Image have been saved in /shenzihe/WD-Disk/output/exp2/candle/checkpoint-100/images/floating_on_top_of_water/
11/15/2024 04:41:43 - INFO - root - Image have been saved in /shenzihe/WD-Disk/output/exp2/candle/checkpoint-100/images/floating_on_top_of_water/
11/15/2024 04:41:43 - INFO - __main__ - Running validation... 
 Generating 4 images with prompt:floating in an ocean of milk.
11/15/2024 04:41:56 - INFO - root - Image have been saved in /shenzihe/WD-Disk/output/exp2/candle/checkpoint-100/images/floating_in_an_ocean_of_milk/
11/15/2024 04:42:10 - INFO - root - Image have been saved in /shenzihe/WD-Disk/output/exp2/candle/checkpoint-100/images/floating_in_an_ocean_of_milk/
11/15/2024 04:42:23 - INFO - root - Image have been saved in /shenzihe/WD-Disk/output/exp2/candle/checkpoint-100/images/floating_in_an_ocean_of_milk/
11/15/2024 04:42:37 - INFO - root - Image have been saved in /shenzihe/WD-Disk/output/exp2/candle/checkpoint-100/images/floating_in_an_ocean_of_milk/
11/15/2024 04:42:37 - INFO - __main__ - Running validation... 
 Generating 4 images with prompt:on top of green grass with sunflowers around it.
11/15/2024 04:42:50 - INFO - root - Image have been saved in /shenzihe/WD-Disk/output/exp2/candle/checkpoint-100/images/on_top_of_green_grass_with_sunflowers_around_it/
11/15/2024 04:43:04 - INFO - root - Image have been saved in /shenzihe/WD-Disk/output/exp2/candle/checkpoint-100/images/on_top_of_green_grass_with_sunflowers_around_it/
11/15/2024 04:43:17 - INFO - root - Image have been saved in /shenzihe/WD-Disk/output/exp2/candle/checkpoint-100/images/on_top_of_green_grass_with_sunflowers_around_it/
11/15/2024 04:43:30 - INFO - root - Image have been saved in /shenzihe/WD-Disk/output/exp2/candle/checkpoint-100/images/on_top_of_green_grass_with_sunflowers_around_it/
11/15/2024 04:43:30 - INFO - __main__ - Running validation... 
 Generating 4 images with prompt:on top of a mirror.
11/15/2024 04:43:44 - INFO - root - Image have been saved in /shenzihe/WD-Disk/output/exp2/candle/checkpoint-100/images/on_top_of_a_mirror/
11/15/2024 04:43:57 - INFO - root - Image have been saved in /shenzihe/WD-Disk/output/exp2/candle/checkpoint-100/images/on_top_of_a_mirror/
11/15/2024 04:44:11 - INFO - root - Image have been saved in /shenzihe/WD-Disk/output/exp2/candle/checkpoint-100/images/on_top_of_a_mirror/
11/15/2024 04:44:24 - INFO - root - Image have been saved in /shenzihe/WD-Disk/output/exp2/candle/checkpoint-100/images/on_top_of_a_mirror/
11/15/2024 04:44:24 - INFO - __main__ - Running validation... 
 Generating 4 images with prompt:on top of the sidewalk in a crowded street.
11/15/2024 04:44:38 - INFO - root - Image have been saved in /shenzihe/WD-Disk/output/exp2/candle/checkpoint-100/images/on_top_of_the_sidewalk_in_a_crowded_street/
11/15/2024 04:44:51 - INFO - root - Image have been saved in /shenzihe/WD-Disk/output/exp2/candle/checkpoint-100/images/on_top_of_the_sidewalk_in_a_crowded_street/
11/15/2024 04:45:05 - INFO - root - Image have been saved in /shenzihe/WD-Disk/output/exp2/candle/checkpoint-100/images/on_top_of_the_sidewalk_in_a_crowded_street/
11/15/2024 04:45:19 - INFO - root - Image have been saved in /shenzihe/WD-Disk/output/exp2/candle/checkpoint-100/images/on_top_of_the_sidewalk_in_a_crowded_street/
11/15/2024 04:45:19 - INFO - __main__ - Running validation... 
 Generating 4 images with prompt:on top of a dirt road.
11/15/2024 04:45:32 - INFO - root - Image have been saved in /shenzihe/WD-Disk/output/exp2/candle/checkpoint-100/images/on_top_of_a_dirt_road/
11/15/2024 04:45:45 - INFO - root - Image have been saved in /shenzihe/WD-Disk/output/exp2/candle/checkpoint-100/images/on_top_of_a_dirt_road/
11/15/2024 04:45:59 - INFO - root - Image have been saved in /shenzihe/WD-Disk/output/exp2/candle/checkpoint-100/images/on_top_of_a_dirt_road/
11/15/2024 04:46:12 - INFO - root - Image have been saved in /shenzihe/WD-Disk/output/exp2/candle/checkpoint-100/images/on_top_of_a_dirt_road/
11/15/2024 04:46:12 - INFO - __main__ - Running validation... 
 Generating 4 images with prompt:on top of a white rug.
11/15/2024 04:46:26 - INFO - root - Image have been saved in /shenzihe/WD-Disk/output/exp2/candle/checkpoint-100/images/on_top_of_a_white_rug/
11/15/2024 04:46:39 - INFO - root - Image have been saved in /shenzihe/WD-Disk/output/exp2/candle/checkpoint-100/images/on_top_of_a_white_rug/
11/15/2024 04:46:53 - INFO - root - Image have been saved in /shenzihe/WD-Disk/output/exp2/candle/checkpoint-100/images/on_top_of_a_white_rug/
11/15/2024 04:47:06 - INFO - root - Image have been saved in /shenzihe/WD-Disk/output/exp2/candle/checkpoint-100/images/on_top_of_a_white_rug/
11/15/2024 04:47:06 - INFO - __main__ - Running validation... 
 Generating 4 images with prompt:red.
11/15/2024 04:47:20 - INFO - root - Image have been saved in /shenzihe/WD-Disk/output/exp2/candle/checkpoint-100/images/red/
11/15/2024 04:47:33 - INFO - root - Image have been saved in /shenzihe/WD-Disk/output/exp2/candle/checkpoint-100/images/red/
11/15/2024 04:47:47 - INFO - root - Image have been saved in /shenzihe/WD-Disk/output/exp2/candle/checkpoint-100/images/red/
11/15/2024 04:48:00 - INFO - root - Image have been saved in /shenzihe/WD-Disk/output/exp2/candle/checkpoint-100/images/red/
11/15/2024 04:48:00 - INFO - __main__ - Running validation... 
 Generating 4 images with prompt:purple.
11/15/2024 04:48:14 - INFO - root - Image have been saved in /shenzihe/WD-Disk/output/exp2/candle/checkpoint-100/images/purple/
11/15/2024 04:48:27 - INFO - root - Image have been saved in /shenzihe/WD-Disk/output/exp2/candle/checkpoint-100/images/purple/
11/15/2024 04:48:41 - INFO - root - Image have been saved in /shenzihe/WD-Disk/output/exp2/candle/checkpoint-100/images/purple/
11/15/2024 04:48:54 - INFO - root - Image have been saved in /shenzihe/WD-Disk/output/exp2/candle/checkpoint-100/images/purple/
11/15/2024 04:48:54 - INFO - __main__ - Running validation... 
 Generating 4 images with prompt:shiny.
11/15/2024 04:49:08 - INFO - root - Image have been saved in /shenzihe/WD-Disk/output/exp2/candle/checkpoint-100/images/shiny/
11/15/2024 04:49:21 - INFO - root - Image have been saved in /shenzihe/WD-Disk/output/exp2/candle/checkpoint-100/images/shiny/
11/15/2024 04:49:35 - INFO - root - Image have been saved in /shenzihe/WD-Disk/output/exp2/candle/checkpoint-100/images/shiny/
11/15/2024 04:49:48 - INFO - root - Image have been saved in /shenzihe/WD-Disk/output/exp2/candle/checkpoint-100/images/shiny/
11/15/2024 04:49:48 - INFO - __main__ - Running validation... 
 Generating 4 images with prompt:wet.
11/15/2024 04:50:02 - INFO - root - Image have been saved in /shenzihe/WD-Disk/output/exp2/candle/checkpoint-100/images/wet/
11/15/2024 04:50:15 - INFO - root - Image have been saved in /shenzihe/WD-Disk/output/exp2/candle/checkpoint-100/images/wet/
11/15/2024 04:50:29 - INFO - root - Image have been saved in /shenzihe/WD-Disk/output/exp2/candle/checkpoint-100/images/wet/
11/15/2024 04:50:42 - INFO - root - Image have been saved in /shenzihe/WD-Disk/output/exp2/candle/checkpoint-100/images/wet/
11/15/2024 04:50:42 - INFO - __main__ - Running validation... 
 Generating 4 images with prompt:cube shaped.
11/15/2024 04:50:56 - INFO - root - Image have been saved in /shenzihe/WD-Disk/output/exp2/candle/checkpoint-100/images/cube_shaped/
11/15/2024 04:51:09 - INFO - root - Image have been saved in /shenzihe/WD-Disk/output/exp2/candle/checkpoint-100/images/cube_shaped/
11/15/2024 04:51:23 - INFO - root - Image have been saved in /shenzihe/WD-Disk/output/exp2/candle/checkpoint-100/images/cube_shaped/
11/15/2024 04:51:36 - INFO - root - Image have been saved in /shenzihe/WD-Disk/output/exp2/candle/checkpoint-100/images/cube_shaped/
