11/14/2024 07:56:00 - INFO - __main__ - Distributed environment: NO
Num processes: 1
Process index: 0
Local process index: 0
Device: cuda

Mixed precision type: no

11/14/2024 07:56:05 - INFO - root - freeze vision encoder
11/14/2024 07:56:16 - INFO - root - Loading pretrained model from /root/.cache/torch/hub/checkpoints/blip-diffusion
11/14/2024 07:56:16 - INFO - root - Loading pretrained BLIP2 Qformer weights.
11/14/2024 07:56:18 - INFO - root - Loading pretrained projection lyer weights.
11/14/2024 07:56:18 - INFO - root - Loading pretrained text encoder weights.
11/14/2024 07:56:19 - INFO - root - Loading pretrained vae weights.
11/14/2024 07:56:19 - INFO - root - Loading pretrained unet weights.
11/14/2024 07:56:27 - INFO - root - Using xformers.
11/14/2024 07:56:27 - INFO - root - Building datasets...
11/14/2024 07:56:37 - INFO - root - freeze vision encoder
11/14/2024 07:57:12 - INFO - root - load checkpoint from https://storage.googleapis.com/sfr-vision-language-research/LAVIS/models/BLIP2/blip2_pretrained_flant5xl.pth
11/14/2024 07:57:14 - INFO - __main__ - 
***** Running training *****
11/14/2024 07:57:14 - INFO - __main__ -   Num examples = 6
11/14/2024 07:57:14 - INFO - __main__ -   Num batches each epoch = 2
11/14/2024 07:57:14 - INFO - __main__ -   Num Epochs = 50
11/14/2024 07:57:14 - INFO - __main__ -   Instantaneous batch size per device = 3
11/14/2024 07:57:14 - INFO - __main__ -   Total train batch size (w. parallel, distributed & accumulation) = 3
11/14/2024 07:57:14 - INFO - __main__ -   Gradient Accumulation steps = 1
11/14/2024 07:57:14 - INFO - __main__ -   Total optimization steps = 100
11/14/2024 08:02:19 - INFO - __main__ - Running validation... 
 Generating 4 images with prompt:in the jungle.
11/14/2024 08:02:32 - INFO - root - Image have been saved in /shenzihe/WD-Disk/output/exp/backpack/checkpoint-100/images/in_the_jungle/
11/14/2024 08:02:46 - INFO - root - Image have been saved in /shenzihe/WD-Disk/output/exp/backpack/checkpoint-100/images/in_the_jungle/
11/14/2024 08:03:00 - INFO - root - Image have been saved in /shenzihe/WD-Disk/output/exp/backpack/checkpoint-100/images/in_the_jungle/
11/14/2024 08:03:13 - INFO - root - Image have been saved in /shenzihe/WD-Disk/output/exp/backpack/checkpoint-100/images/in_the_jungle/
11/14/2024 08:03:13 - INFO - __main__ - Running validation... 
 Generating 4 images with prompt:in the snow.
11/14/2024 08:03:26 - INFO - root - Image have been saved in /shenzihe/WD-Disk/output/exp/backpack/checkpoint-100/images/in_the_snow/
11/14/2024 08:03:39 - INFO - root - Image have been saved in /shenzihe/WD-Disk/output/exp/backpack/checkpoint-100/images/in_the_snow/
11/14/2024 08:03:53 - INFO - root - Image have been saved in /shenzihe/WD-Disk/output/exp/backpack/checkpoint-100/images/in_the_snow/
11/14/2024 08:04:06 - INFO - root - Image have been saved in /shenzihe/WD-Disk/output/exp/backpack/checkpoint-100/images/in_the_snow/
11/14/2024 08:04:06 - INFO - __main__ - Running validation... 
 Generating 4 images with prompt:on the beach.
11/14/2024 08:04:20 - INFO - root - Image have been saved in /shenzihe/WD-Disk/output/exp/backpack/checkpoint-100/images/on_the_beach/
11/14/2024 08:04:33 - INFO - root - Image have been saved in /shenzihe/WD-Disk/output/exp/backpack/checkpoint-100/images/on_the_beach/
11/14/2024 08:04:46 - INFO - root - Image have been saved in /shenzihe/WD-Disk/output/exp/backpack/checkpoint-100/images/on_the_beach/
11/14/2024 08:04:59 - INFO - root - Image have been saved in /shenzihe/WD-Disk/output/exp/backpack/checkpoint-100/images/on_the_beach/
11/14/2024 08:04:59 - INFO - __main__ - Running validation... 
 Generating 4 images with prompt:on a cobblestone street.
11/14/2024 08:05:13 - INFO - root - Image have been saved in /shenzihe/WD-Disk/output/exp/backpack/checkpoint-100/images/on_a_cobblestone_street/
11/14/2024 08:05:26 - INFO - root - Image have been saved in /shenzihe/WD-Disk/output/exp/backpack/checkpoint-100/images/on_a_cobblestone_street/
11/14/2024 08:05:39 - INFO - root - Image have been saved in /shenzihe/WD-Disk/output/exp/backpack/checkpoint-100/images/on_a_cobblestone_street/
11/14/2024 08:05:52 - INFO - root - Image have been saved in /shenzihe/WD-Disk/output/exp/backpack/checkpoint-100/images/on_a_cobblestone_street/
11/14/2024 08:05:52 - INFO - __main__ - Running validation... 
 Generating 4 images with prompt:on top of pink fabric.
11/14/2024 08:06:06 - INFO - root - Image have been saved in /shenzihe/WD-Disk/output/exp/backpack/checkpoint-100/images/on_top_of_pink_fabric/
11/14/2024 08:06:19 - INFO - root - Image have been saved in /shenzihe/WD-Disk/output/exp/backpack/checkpoint-100/images/on_top_of_pink_fabric/
11/14/2024 08:06:32 - INFO - root - Image have been saved in /shenzihe/WD-Disk/output/exp/backpack/checkpoint-100/images/on_top_of_pink_fabric/
11/14/2024 08:06:45 - INFO - root - Image have been saved in /shenzihe/WD-Disk/output/exp/backpack/checkpoint-100/images/on_top_of_pink_fabric/
11/14/2024 08:06:45 - INFO - __main__ - Running validation... 
 Generating 4 images with prompt:on top of a wooden floor.
11/14/2024 08:06:59 - INFO - root - Image have been saved in /shenzihe/WD-Disk/output/exp/backpack/checkpoint-100/images/on_top_of_a_wooden_floor/
11/14/2024 08:07:12 - INFO - root - Image have been saved in /shenzihe/WD-Disk/output/exp/backpack/checkpoint-100/images/on_top_of_a_wooden_floor/
11/14/2024 08:07:26 - INFO - root - Image have been saved in /shenzihe/WD-Disk/output/exp/backpack/checkpoint-100/images/on_top_of_a_wooden_floor/
11/14/2024 08:07:40 - INFO - root - Image have been saved in /shenzihe/WD-Disk/output/exp/backpack/checkpoint-100/images/on_top_of_a_wooden_floor/
11/14/2024 08:07:40 - INFO - __main__ - Running validation... 
 Generating 4 images with prompt:with a city in the background.
11/14/2024 08:07:53 - INFO - root - Image have been saved in /shenzihe/WD-Disk/output/exp/backpack/checkpoint-100/images/with_a_city_in_the_background/
11/14/2024 08:08:07 - INFO - root - Image have been saved in /shenzihe/WD-Disk/output/exp/backpack/checkpoint-100/images/with_a_city_in_the_background/
11/14/2024 08:08:20 - INFO - root - Image have been saved in /shenzihe/WD-Disk/output/exp/backpack/checkpoint-100/images/with_a_city_in_the_background/
11/14/2024 08:08:34 - INFO - root - Image have been saved in /shenzihe/WD-Disk/output/exp/backpack/checkpoint-100/images/with_a_city_in_the_background/
11/14/2024 08:08:34 - INFO - __main__ - Running validation... 
 Generating 4 images with prompt:with a mountain in the background.
11/14/2024 08:08:47 - INFO - root - Image have been saved in /shenzihe/WD-Disk/output/exp/backpack/checkpoint-100/images/with_a_mountain_in_the_background/
11/14/2024 08:09:01 - INFO - root - Image have been saved in /shenzihe/WD-Disk/output/exp/backpack/checkpoint-100/images/with_a_mountain_in_the_background/
11/14/2024 08:09:14 - INFO - root - Image have been saved in /shenzihe/WD-Disk/output/exp/backpack/checkpoint-100/images/with_a_mountain_in_the_background/
11/14/2024 08:09:28 - INFO - root - Image have been saved in /shenzihe/WD-Disk/output/exp/backpack/checkpoint-100/images/with_a_mountain_in_the_background/
11/14/2024 08:09:28 - INFO - __main__ - Running validation... 
 Generating 4 images with prompt:with a blue house in the background.
11/14/2024 08:09:41 - INFO - root - Image have been saved in /shenzihe/WD-Disk/output/exp/backpack/checkpoint-100/images/with_a_blue_house_in_the_background/
11/14/2024 08:09:55 - INFO - root - Image have been saved in /shenzihe/WD-Disk/output/exp/backpack/checkpoint-100/images/with_a_blue_house_in_the_background/
11/14/2024 08:10:08 - INFO - root - Image have been saved in /shenzihe/WD-Disk/output/exp/backpack/checkpoint-100/images/with_a_blue_house_in_the_background/
11/14/2024 08:10:22 - INFO - root - Image have been saved in /shenzihe/WD-Disk/output/exp/backpack/checkpoint-100/images/with_a_blue_house_in_the_background/
11/14/2024 08:10:22 - INFO - __main__ - Running validation... 
 Generating 4 images with prompt:on top of a purple rug in a forest.
11/14/2024 08:10:35 - INFO - root - Image have been saved in /shenzihe/WD-Disk/output/exp/backpack/checkpoint-100/images/on_top_of_a_purple_rug_in_a_forest/
11/14/2024 08:10:49 - INFO - root - Image have been saved in /shenzihe/WD-Disk/output/exp/backpack/checkpoint-100/images/on_top_of_a_purple_rug_in_a_forest/
11/14/2024 08:11:02 - INFO - root - Image have been saved in /shenzihe/WD-Disk/output/exp/backpack/checkpoint-100/images/on_top_of_a_purple_rug_in_a_forest/
11/14/2024 08:11:16 - INFO - root - Image have been saved in /shenzihe/WD-Disk/output/exp/backpack/checkpoint-100/images/on_top_of_a_purple_rug_in_a_forest/
11/14/2024 08:11:16 - INFO - __main__ - Running validation... 
 Generating 4 images with prompt:with a wheat field in the background.
11/14/2024 08:11:29 - INFO - root - Image have been saved in /shenzihe/WD-Disk/output/exp/backpack/checkpoint-100/images/with_a_wheat_field_in_the_background/
11/14/2024 08:11:43 - INFO - root - Image have been saved in /shenzihe/WD-Disk/output/exp/backpack/checkpoint-100/images/with_a_wheat_field_in_the_background/
11/14/2024 08:11:56 - INFO - root - Image have been saved in /shenzihe/WD-Disk/output/exp/backpack/checkpoint-100/images/with_a_wheat_field_in_the_background/
11/14/2024 08:12:10 - INFO - root - Image have been saved in /shenzihe/WD-Disk/output/exp/backpack/checkpoint-100/images/with_a_wheat_field_in_the_background/
11/14/2024 08:12:10 - INFO - __main__ - Running validation... 
 Generating 4 images with prompt:with a tree and autumn leaves in the background.
11/14/2024 08:12:23 - INFO - root - Image have been saved in /shenzihe/WD-Disk/output/exp/backpack/checkpoint-100/images/with_a_tree_and_autumn_leaves_in_the_background/
11/14/2024 08:12:37 - INFO - root - Image have been saved in /shenzihe/WD-Disk/output/exp/backpack/checkpoint-100/images/with_a_tree_and_autumn_leaves_in_the_background/
11/14/2024 08:12:50 - INFO - root - Image have been saved in /shenzihe/WD-Disk/output/exp/backpack/checkpoint-100/images/with_a_tree_and_autumn_leaves_in_the_background/
11/14/2024 08:13:03 - INFO - root - Image have been saved in /shenzihe/WD-Disk/output/exp/backpack/checkpoint-100/images/with_a_tree_and_autumn_leaves_in_the_background/
11/14/2024 08:13:03 - INFO - __main__ - Running validation... 
 Generating 4 images with prompt:with the Eiffel Tower in the background.
11/14/2024 08:13:17 - INFO - root - Image have been saved in /shenzihe/WD-Disk/output/exp/backpack/checkpoint-100/images/with_the_Eiffel_Tower_in_the_background/
11/14/2024 08:13:30 - INFO - root - Image have been saved in /shenzihe/WD-Disk/output/exp/backpack/checkpoint-100/images/with_the_Eiffel_Tower_in_the_background/
11/14/2024 08:13:44 - INFO - root - Image have been saved in /shenzihe/WD-Disk/output/exp/backpack/checkpoint-100/images/with_the_Eiffel_Tower_in_the_background/
11/14/2024 08:13:57 - INFO - root - Image have been saved in /shenzihe/WD-Disk/output/exp/backpack/checkpoint-100/images/with_the_Eiffel_Tower_in_the_background/
11/14/2024 08:13:57 - INFO - __main__ - Running validation... 
 Generating 4 images with prompt:floating on top of water.
11/14/2024 08:14:11 - INFO - root - Image have been saved in /shenzihe/WD-Disk/output/exp/backpack/checkpoint-100/images/floating_on_top_of_water/
11/14/2024 08:14:24 - INFO - root - Image have been saved in /shenzihe/WD-Disk/output/exp/backpack/checkpoint-100/images/floating_on_top_of_water/
11/14/2024 08:14:38 - INFO - root - Image have been saved in /shenzihe/WD-Disk/output/exp/backpack/checkpoint-100/images/floating_on_top_of_water/
11/14/2024 08:14:52 - INFO - root - Image have been saved in /shenzihe/WD-Disk/output/exp/backpack/checkpoint-100/images/floating_on_top_of_water/
11/14/2024 08:14:52 - INFO - __main__ - Running validation... 
 Generating 4 images with prompt:floating in an ocean of milk.
11/14/2024 08:15:05 - INFO - root - Image have been saved in /shenzihe/WD-Disk/output/exp/backpack/checkpoint-100/images/floating_in_an_ocean_of_milk/
11/14/2024 08:15:19 - INFO - root - Image have been saved in /shenzihe/WD-Disk/output/exp/backpack/checkpoint-100/images/floating_in_an_ocean_of_milk/
11/14/2024 08:15:33 - INFO - root - Image have been saved in /shenzihe/WD-Disk/output/exp/backpack/checkpoint-100/images/floating_in_an_ocean_of_milk/
11/14/2024 08:15:46 - INFO - root - Image have been saved in /shenzihe/WD-Disk/output/exp/backpack/checkpoint-100/images/floating_in_an_ocean_of_milk/
11/14/2024 08:15:46 - INFO - __main__ - Running validation... 
 Generating 4 images with prompt:on top of green grass with sunflowers around it.
11/14/2024 08:16:00 - INFO - root - Image have been saved in /shenzihe/WD-Disk/output/exp/backpack/checkpoint-100/images/on_top_of_green_grass_with_sunflowers_around_it/
11/14/2024 08:16:13 - INFO - root - Image have been saved in /shenzihe/WD-Disk/output/exp/backpack/checkpoint-100/images/on_top_of_green_grass_with_sunflowers_around_it/
11/14/2024 08:16:27 - INFO - root - Image have been saved in /shenzihe/WD-Disk/output/exp/backpack/checkpoint-100/images/on_top_of_green_grass_with_sunflowers_around_it/
11/14/2024 08:16:41 - INFO - root - Image have been saved in /shenzihe/WD-Disk/output/exp/backpack/checkpoint-100/images/on_top_of_green_grass_with_sunflowers_around_it/
11/14/2024 08:16:41 - INFO - __main__ - Running validation... 
 Generating 4 images with prompt:on top of a mirror.
11/14/2024 08:16:56 - INFO - root - Image have been saved in /shenzihe/WD-Disk/output/exp/backpack/checkpoint-100/images/on_top_of_a_mirror/
11/14/2024 08:17:09 - INFO - root - Image have been saved in /shenzihe/WD-Disk/output/exp/backpack/checkpoint-100/images/on_top_of_a_mirror/
11/14/2024 08:17:23 - INFO - root - Image have been saved in /shenzihe/WD-Disk/output/exp/backpack/checkpoint-100/images/on_top_of_a_mirror/
11/14/2024 08:17:36 - INFO - root - Image have been saved in /shenzihe/WD-Disk/output/exp/backpack/checkpoint-100/images/on_top_of_a_mirror/
11/14/2024 08:17:36 - INFO - __main__ - Running validation... 
 Generating 4 images with prompt:on top of the sidewalk in a crowded street.
11/14/2024 08:17:50 - INFO - root - Image have been saved in /shenzihe/WD-Disk/output/exp/backpack/checkpoint-100/images/on_top_of_the_sidewalk_in_a_crowded_street/
11/14/2024 08:18:03 - INFO - root - Image have been saved in /shenzihe/WD-Disk/output/exp/backpack/checkpoint-100/images/on_top_of_the_sidewalk_in_a_crowded_street/
11/14/2024 08:18:17 - INFO - root - Image have been saved in /shenzihe/WD-Disk/output/exp/backpack/checkpoint-100/images/on_top_of_the_sidewalk_in_a_crowded_street/
11/14/2024 08:18:30 - INFO - root - Image have been saved in /shenzihe/WD-Disk/output/exp/backpack/checkpoint-100/images/on_top_of_the_sidewalk_in_a_crowded_street/
11/14/2024 08:18:30 - INFO - __main__ - Running validation... 
 Generating 4 images with prompt:on top of a dirt road.
11/14/2024 08:18:44 - INFO - root - Image have been saved in /shenzihe/WD-Disk/output/exp/backpack/checkpoint-100/images/on_top_of_a_dirt_road/
11/14/2024 08:18:57 - INFO - root - Image have been saved in /shenzihe/WD-Disk/output/exp/backpack/checkpoint-100/images/on_top_of_a_dirt_road/
11/14/2024 08:19:10 - INFO - root - Image have been saved in /shenzihe/WD-Disk/output/exp/backpack/checkpoint-100/images/on_top_of_a_dirt_road/
11/14/2024 08:19:24 - INFO - root - Image have been saved in /shenzihe/WD-Disk/output/exp/backpack/checkpoint-100/images/on_top_of_a_dirt_road/
11/14/2024 08:19:24 - INFO - __main__ - Running validation... 
 Generating 4 images with prompt:on top of a white rug.
11/14/2024 08:19:37 - INFO - root - Image have been saved in /shenzihe/WD-Disk/output/exp/backpack/checkpoint-100/images/on_top_of_a_white_rug/
11/14/2024 08:19:51 - INFO - root - Image have been saved in /shenzihe/WD-Disk/output/exp/backpack/checkpoint-100/images/on_top_of_a_white_rug/
11/14/2024 08:20:04 - INFO - root - Image have been saved in /shenzihe/WD-Disk/output/exp/backpack/checkpoint-100/images/on_top_of_a_white_rug/
11/14/2024 08:20:18 - INFO - root - Image have been saved in /shenzihe/WD-Disk/output/exp/backpack/checkpoint-100/images/on_top_of_a_white_rug/
11/14/2024 08:20:18 - INFO - __main__ - Running validation... 
 Generating 4 images with prompt:red.
11/14/2024 08:20:31 - INFO - root - Image have been saved in /shenzihe/WD-Disk/output/exp/backpack/checkpoint-100/images/red/
11/14/2024 08:20:44 - INFO - root - Image have been saved in /shenzihe/WD-Disk/output/exp/backpack/checkpoint-100/images/red/
11/14/2024 08:20:58 - INFO - root - Image have been saved in /shenzihe/WD-Disk/output/exp/backpack/checkpoint-100/images/red/
11/14/2024 08:21:11 - INFO - root - Image have been saved in /shenzihe/WD-Disk/output/exp/backpack/checkpoint-100/images/red/
11/14/2024 08:21:11 - INFO - __main__ - Running validation... 
 Generating 4 images with prompt:purple.
11/14/2024 08:21:25 - INFO - root - Image have been saved in /shenzihe/WD-Disk/output/exp/backpack/checkpoint-100/images/purple/
11/14/2024 08:21:38 - INFO - root - Image have been saved in /shenzihe/WD-Disk/output/exp/backpack/checkpoint-100/images/purple/
11/14/2024 08:21:51 - INFO - root - Image have been saved in /shenzihe/WD-Disk/output/exp/backpack/checkpoint-100/images/purple/
11/14/2024 08:22:05 - INFO - root - Image have been saved in /shenzihe/WD-Disk/output/exp/backpack/checkpoint-100/images/purple/
11/14/2024 08:22:05 - INFO - __main__ - Running validation... 
 Generating 4 images with prompt:shiny.
11/14/2024 08:22:18 - INFO - root - Image have been saved in /shenzihe/WD-Disk/output/exp/backpack/checkpoint-100/images/shiny/
11/14/2024 08:22:31 - INFO - root - Image have been saved in /shenzihe/WD-Disk/output/exp/backpack/checkpoint-100/images/shiny/
11/14/2024 08:22:45 - INFO - root - Image have been saved in /shenzihe/WD-Disk/output/exp/backpack/checkpoint-100/images/shiny/
11/14/2024 08:22:58 - INFO - root - Image have been saved in /shenzihe/WD-Disk/output/exp/backpack/checkpoint-100/images/shiny/
11/14/2024 08:22:58 - INFO - __main__ - Running validation... 
 Generating 4 images with prompt:wet.
11/14/2024 08:23:12 - INFO - root - Image have been saved in /shenzihe/WD-Disk/output/exp/backpack/checkpoint-100/images/wet/
11/14/2024 08:23:25 - INFO - root - Image have been saved in /shenzihe/WD-Disk/output/exp/backpack/checkpoint-100/images/wet/
11/14/2024 08:23:38 - INFO - root - Image have been saved in /shenzihe/WD-Disk/output/exp/backpack/checkpoint-100/images/wet/
11/14/2024 08:23:52 - INFO - root - Image have been saved in /shenzihe/WD-Disk/output/exp/backpack/checkpoint-100/images/wet/
11/14/2024 08:23:52 - INFO - __main__ - Running validation... 
 Generating 4 images with prompt:cube shaped.
11/14/2024 08:24:05 - INFO - root - Image have been saved in /shenzihe/WD-Disk/output/exp/backpack/checkpoint-100/images/cube_shaped/
11/14/2024 08:24:19 - INFO - root - Image have been saved in /shenzihe/WD-Disk/output/exp/backpack/checkpoint-100/images/cube_shaped/
11/14/2024 08:24:32 - INFO - root - Image have been saved in /shenzihe/WD-Disk/output/exp/backpack/checkpoint-100/images/cube_shaped/
11/14/2024 08:24:45 - INFO - root - Image have been saved in /shenzihe/WD-Disk/output/exp/backpack/checkpoint-100/images/cube_shaped/
