11/14/2024 13:11:17 - INFO - __main__ - Distributed environment: NO
Num processes: 1
Process index: 0
Local process index: 0
Device: cuda

Mixed precision type: no

11/14/2024 13:11:19 - INFO - root - freeze vision encoder
11/14/2024 13:11:29 - INFO - root - Loading pretrained model from /root/.cache/torch/hub/checkpoints/blip-diffusion
11/14/2024 13:11:29 - INFO - root - Loading pretrained BLIP2 Qformer weights.
11/14/2024 13:11:31 - INFO - root - Loading pretrained projection lyer weights.
11/14/2024 13:11:31 - INFO - root - Loading pretrained text encoder weights.
11/14/2024 13:11:31 - INFO - root - Loading pretrained vae weights.
11/14/2024 13:11:32 - INFO - root - Loading pretrained unet weights.
11/14/2024 13:11:39 - INFO - root - Using xformers.
11/14/2024 13:11:40 - INFO - root - Building datasets...
11/14/2024 13:11:50 - INFO - root - freeze vision encoder
11/14/2024 13:12:17 - INFO - root - load checkpoint from https://storage.googleapis.com/sfr-vision-language-research/LAVIS/models/BLIP2/blip2_pretrained_flant5xl.pth
11/14/2024 13:12:18 - INFO - __main__ - 
***** Running training *****
11/14/2024 13:12:18 - INFO - __main__ -   Num examples = 6
11/14/2024 13:12:18 - INFO - __main__ -   Num batches each epoch = 2
11/14/2024 13:12:18 - INFO - __main__ -   Num Epochs = 50
11/14/2024 13:12:18 - INFO - __main__ -   Instantaneous batch size per device = 3
11/14/2024 13:12:18 - INFO - __main__ -   Total train batch size (w. parallel, distributed & accumulation) = 3
11/14/2024 13:12:18 - INFO - __main__ -   Gradient Accumulation steps = 1
11/14/2024 13:12:18 - INFO - __main__ -   Total optimization steps = 100
11/14/2024 13:17:46 - INFO - __main__ - Running validation... 
 Generating 4 images with prompt:in the jungle.
11/14/2024 13:18:01 - INFO - root - Image have been saved in /shenzihe/WD-Disk/output/exp/dog2/checkpoint-100/images/in_the_jungle/
11/14/2024 13:18:15 - INFO - root - Image have been saved in /shenzihe/WD-Disk/output/exp/dog2/checkpoint-100/images/in_the_jungle/
11/14/2024 13:18:29 - INFO - root - Image have been saved in /shenzihe/WD-Disk/output/exp/dog2/checkpoint-100/images/in_the_jungle/
11/14/2024 13:18:43 - INFO - root - Image have been saved in /shenzihe/WD-Disk/output/exp/dog2/checkpoint-100/images/in_the_jungle/
11/14/2024 13:18:43 - INFO - __main__ - Running validation... 
 Generating 4 images with prompt:in the snow.
11/14/2024 13:18:56 - INFO - root - Image have been saved in /shenzihe/WD-Disk/output/exp/dog2/checkpoint-100/images/in_the_snow/
11/14/2024 13:19:09 - INFO - root - Image have been saved in /shenzihe/WD-Disk/output/exp/dog2/checkpoint-100/images/in_the_snow/
11/14/2024 13:19:23 - INFO - root - Image have been saved in /shenzihe/WD-Disk/output/exp/dog2/checkpoint-100/images/in_the_snow/
11/14/2024 13:19:36 - INFO - root - Image have been saved in /shenzihe/WD-Disk/output/exp/dog2/checkpoint-100/images/in_the_snow/
11/14/2024 13:19:36 - INFO - __main__ - Running validation... 
 Generating 4 images with prompt:on the beach.
11/14/2024 13:19:50 - INFO - root - Image have been saved in /shenzihe/WD-Disk/output/exp/dog2/checkpoint-100/images/on_the_beach/
11/14/2024 13:20:03 - INFO - root - Image have been saved in /shenzihe/WD-Disk/output/exp/dog2/checkpoint-100/images/on_the_beach/
11/14/2024 13:20:16 - INFO - root - Image have been saved in /shenzihe/WD-Disk/output/exp/dog2/checkpoint-100/images/on_the_beach/
11/14/2024 13:20:30 - INFO - root - Image have been saved in /shenzihe/WD-Disk/output/exp/dog2/checkpoint-100/images/on_the_beach/
11/14/2024 13:20:30 - INFO - __main__ - Running validation... 
 Generating 4 images with prompt:on a cobblestone street.
11/14/2024 13:20:43 - INFO - root - Image have been saved in /shenzihe/WD-Disk/output/exp/dog2/checkpoint-100/images/on_a_cobblestone_street/
11/14/2024 13:20:57 - INFO - root - Image have been saved in /shenzihe/WD-Disk/output/exp/dog2/checkpoint-100/images/on_a_cobblestone_street/
11/14/2024 13:21:10 - INFO - root - Image have been saved in /shenzihe/WD-Disk/output/exp/dog2/checkpoint-100/images/on_a_cobblestone_street/
11/14/2024 13:21:23 - INFO - root - Image have been saved in /shenzihe/WD-Disk/output/exp/dog2/checkpoint-100/images/on_a_cobblestone_street/
11/14/2024 13:21:23 - INFO - __main__ - Running validation... 
 Generating 4 images with prompt:on top of pink fabric.
11/14/2024 13:21:37 - INFO - root - Image have been saved in /shenzihe/WD-Disk/output/exp/dog2/checkpoint-100/images/on_top_of_pink_fabric/
11/14/2024 13:21:50 - INFO - root - Image have been saved in /shenzihe/WD-Disk/output/exp/dog2/checkpoint-100/images/on_top_of_pink_fabric/
11/14/2024 13:22:04 - INFO - root - Image have been saved in /shenzihe/WD-Disk/output/exp/dog2/checkpoint-100/images/on_top_of_pink_fabric/
11/14/2024 13:22:17 - INFO - root - Image have been saved in /shenzihe/WD-Disk/output/exp/dog2/checkpoint-100/images/on_top_of_pink_fabric/
11/14/2024 13:22:17 - INFO - __main__ - Running validation... 
 Generating 4 images with prompt:on top of a wooden floor.
11/14/2024 13:22:30 - INFO - root - Image have been saved in /shenzihe/WD-Disk/output/exp/dog2/checkpoint-100/images/on_top_of_a_wooden_floor/
11/14/2024 13:22:44 - INFO - root - Image have been saved in /shenzihe/WD-Disk/output/exp/dog2/checkpoint-100/images/on_top_of_a_wooden_floor/
11/14/2024 13:22:57 - INFO - root - Image have been saved in /shenzihe/WD-Disk/output/exp/dog2/checkpoint-100/images/on_top_of_a_wooden_floor/
11/14/2024 13:23:11 - INFO - root - Image have been saved in /shenzihe/WD-Disk/output/exp/dog2/checkpoint-100/images/on_top_of_a_wooden_floor/
11/14/2024 13:23:11 - INFO - __main__ - Running validation... 
 Generating 4 images with prompt:with a city in the background.
11/14/2024 13:23:24 - INFO - root - Image have been saved in /shenzihe/WD-Disk/output/exp/dog2/checkpoint-100/images/with_a_city_in_the_background/
11/14/2024 13:23:37 - INFO - root - Image have been saved in /shenzihe/WD-Disk/output/exp/dog2/checkpoint-100/images/with_a_city_in_the_background/
11/14/2024 13:23:51 - INFO - root - Image have been saved in /shenzihe/WD-Disk/output/exp/dog2/checkpoint-100/images/with_a_city_in_the_background/
11/14/2024 13:24:04 - INFO - root - Image have been saved in /shenzihe/WD-Disk/output/exp/dog2/checkpoint-100/images/with_a_city_in_the_background/
11/14/2024 13:24:04 - INFO - __main__ - Running validation... 
 Generating 4 images with prompt:with a mountain in the background.
11/14/2024 13:24:18 - INFO - root - Image have been saved in /shenzihe/WD-Disk/output/exp/dog2/checkpoint-100/images/with_a_mountain_in_the_background/
11/14/2024 13:24:31 - INFO - root - Image have been saved in /shenzihe/WD-Disk/output/exp/dog2/checkpoint-100/images/with_a_mountain_in_the_background/
11/14/2024 13:24:44 - INFO - root - Image have been saved in /shenzihe/WD-Disk/output/exp/dog2/checkpoint-100/images/with_a_mountain_in_the_background/
11/14/2024 13:24:58 - INFO - root - Image have been saved in /shenzihe/WD-Disk/output/exp/dog2/checkpoint-100/images/with_a_mountain_in_the_background/
11/14/2024 13:24:58 - INFO - __main__ - Running validation... 
 Generating 4 images with prompt:with a blue house in the background.
11/14/2024 13:25:11 - INFO - root - Image have been saved in /shenzihe/WD-Disk/output/exp/dog2/checkpoint-100/images/with_a_blue_house_in_the_background/
11/14/2024 13:25:25 - INFO - root - Image have been saved in /shenzihe/WD-Disk/output/exp/dog2/checkpoint-100/images/with_a_blue_house_in_the_background/
11/14/2024 13:25:38 - INFO - root - Image have been saved in /shenzihe/WD-Disk/output/exp/dog2/checkpoint-100/images/with_a_blue_house_in_the_background/
11/14/2024 13:25:51 - INFO - root - Image have been saved in /shenzihe/WD-Disk/output/exp/dog2/checkpoint-100/images/with_a_blue_house_in_the_background/
11/14/2024 13:25:51 - INFO - __main__ - Running validation... 
 Generating 4 images with prompt:on top of a purple rug in a forest.
11/14/2024 13:26:05 - INFO - root - Image have been saved in /shenzihe/WD-Disk/output/exp/dog2/checkpoint-100/images/on_top_of_a_purple_rug_in_a_forest/
11/14/2024 13:26:18 - INFO - root - Image have been saved in /shenzihe/WD-Disk/output/exp/dog2/checkpoint-100/images/on_top_of_a_purple_rug_in_a_forest/
11/14/2024 13:26:32 - INFO - root - Image have been saved in /shenzihe/WD-Disk/output/exp/dog2/checkpoint-100/images/on_top_of_a_purple_rug_in_a_forest/
11/14/2024 13:26:45 - INFO - root - Image have been saved in /shenzihe/WD-Disk/output/exp/dog2/checkpoint-100/images/on_top_of_a_purple_rug_in_a_forest/
11/14/2024 13:26:45 - INFO - __main__ - Running validation... 
 Generating 4 images with prompt:with a wheat field in the background.
11/14/2024 13:26:59 - INFO - root - Image have been saved in /shenzihe/WD-Disk/output/exp/dog2/checkpoint-100/images/with_a_wheat_field_in_the_background/
11/14/2024 13:27:12 - INFO - root - Image have been saved in /shenzihe/WD-Disk/output/exp/dog2/checkpoint-100/images/with_a_wheat_field_in_the_background/
11/14/2024 13:27:25 - INFO - root - Image have been saved in /shenzihe/WD-Disk/output/exp/dog2/checkpoint-100/images/with_a_wheat_field_in_the_background/
11/14/2024 13:27:39 - INFO - root - Image have been saved in /shenzihe/WD-Disk/output/exp/dog2/checkpoint-100/images/with_a_wheat_field_in_the_background/
11/14/2024 13:27:39 - INFO - __main__ - Running validation... 
 Generating 4 images with prompt:with a tree and autumn leaves in the background.
11/14/2024 13:27:52 - INFO - root - Image have been saved in /shenzihe/WD-Disk/output/exp/dog2/checkpoint-100/images/with_a_tree_and_autumn_leaves_in_the_background/
11/14/2024 13:28:06 - INFO - root - Image have been saved in /shenzihe/WD-Disk/output/exp/dog2/checkpoint-100/images/with_a_tree_and_autumn_leaves_in_the_background/
11/14/2024 13:28:19 - INFO - root - Image have been saved in /shenzihe/WD-Disk/output/exp/dog2/checkpoint-100/images/with_a_tree_and_autumn_leaves_in_the_background/
11/14/2024 13:28:32 - INFO - root - Image have been saved in /shenzihe/WD-Disk/output/exp/dog2/checkpoint-100/images/with_a_tree_and_autumn_leaves_in_the_background/
11/14/2024 13:28:32 - INFO - __main__ - Running validation... 
 Generating 4 images with prompt:with the Eiffel Tower in the background.
11/14/2024 13:28:46 - INFO - root - Image have been saved in /shenzihe/WD-Disk/output/exp/dog2/checkpoint-100/images/with_the_Eiffel_Tower_in_the_background/
11/14/2024 13:28:59 - INFO - root - Image have been saved in /shenzihe/WD-Disk/output/exp/dog2/checkpoint-100/images/with_the_Eiffel_Tower_in_the_background/
11/14/2024 13:29:13 - INFO - root - Image have been saved in /shenzihe/WD-Disk/output/exp/dog2/checkpoint-100/images/with_the_Eiffel_Tower_in_the_background/
11/14/2024 13:29:26 - INFO - root - Image have been saved in /shenzihe/WD-Disk/output/exp/dog2/checkpoint-100/images/with_the_Eiffel_Tower_in_the_background/
11/14/2024 13:29:26 - INFO - __main__ - Running validation... 
 Generating 4 images with prompt:floating on top of water.
11/14/2024 13:29:39 - INFO - root - Image have been saved in /shenzihe/WD-Disk/output/exp/dog2/checkpoint-100/images/floating_on_top_of_water/
11/14/2024 13:29:53 - INFO - root - Image have been saved in /shenzihe/WD-Disk/output/exp/dog2/checkpoint-100/images/floating_on_top_of_water/
11/14/2024 13:30:06 - INFO - root - Image have been saved in /shenzihe/WD-Disk/output/exp/dog2/checkpoint-100/images/floating_on_top_of_water/
11/14/2024 13:30:20 - INFO - root - Image have been saved in /shenzihe/WD-Disk/output/exp/dog2/checkpoint-100/images/floating_on_top_of_water/
11/14/2024 13:30:20 - INFO - __main__ - Running validation... 
 Generating 4 images with prompt:floating in an ocean of milk.
11/14/2024 13:30:33 - INFO - root - Image have been saved in /shenzihe/WD-Disk/output/exp/dog2/checkpoint-100/images/floating_in_an_ocean_of_milk/
11/14/2024 13:30:46 - INFO - root - Image have been saved in /shenzihe/WD-Disk/output/exp/dog2/checkpoint-100/images/floating_in_an_ocean_of_milk/
11/14/2024 13:31:00 - INFO - root - Image have been saved in /shenzihe/WD-Disk/output/exp/dog2/checkpoint-100/images/floating_in_an_ocean_of_milk/
11/14/2024 13:31:13 - INFO - root - Image have been saved in /shenzihe/WD-Disk/output/exp/dog2/checkpoint-100/images/floating_in_an_ocean_of_milk/
11/14/2024 13:31:13 - INFO - __main__ - Running validation... 
 Generating 4 images with prompt:on top of green grass with sunflowers around it.
11/14/2024 13:31:27 - INFO - root - Image have been saved in /shenzihe/WD-Disk/output/exp/dog2/checkpoint-100/images/on_top_of_green_grass_with_sunflowers_around_it/
11/14/2024 13:31:40 - INFO - root - Image have been saved in /shenzihe/WD-Disk/output/exp/dog2/checkpoint-100/images/on_top_of_green_grass_with_sunflowers_around_it/
11/14/2024 13:31:53 - INFO - root - Image have been saved in /shenzihe/WD-Disk/output/exp/dog2/checkpoint-100/images/on_top_of_green_grass_with_sunflowers_around_it/
11/14/2024 13:32:07 - INFO - root - Image have been saved in /shenzihe/WD-Disk/output/exp/dog2/checkpoint-100/images/on_top_of_green_grass_with_sunflowers_around_it/
11/14/2024 13:32:07 - INFO - __main__ - Running validation... 
 Generating 4 images with prompt:on top of a mirror.
11/14/2024 13:32:20 - INFO - root - Image have been saved in /shenzihe/WD-Disk/output/exp/dog2/checkpoint-100/images/on_top_of_a_mirror/
11/14/2024 13:32:34 - INFO - root - Image have been saved in /shenzihe/WD-Disk/output/exp/dog2/checkpoint-100/images/on_top_of_a_mirror/
11/14/2024 13:32:47 - INFO - root - Image have been saved in /shenzihe/WD-Disk/output/exp/dog2/checkpoint-100/images/on_top_of_a_mirror/
11/14/2024 13:33:00 - INFO - root - Image have been saved in /shenzihe/WD-Disk/output/exp/dog2/checkpoint-100/images/on_top_of_a_mirror/
11/14/2024 13:33:00 - INFO - __main__ - Running validation... 
 Generating 4 images with prompt:on top of the sidewalk in a crowded street.
11/14/2024 13:33:14 - INFO - root - Image have been saved in /shenzihe/WD-Disk/output/exp/dog2/checkpoint-100/images/on_top_of_the_sidewalk_in_a_crowded_street/
11/14/2024 13:33:27 - INFO - root - Image have been saved in /shenzihe/WD-Disk/output/exp/dog2/checkpoint-100/images/on_top_of_the_sidewalk_in_a_crowded_street/
11/14/2024 13:33:41 - INFO - root - Image have been saved in /shenzihe/WD-Disk/output/exp/dog2/checkpoint-100/images/on_top_of_the_sidewalk_in_a_crowded_street/
11/14/2024 13:33:54 - INFO - root - Image have been saved in /shenzihe/WD-Disk/output/exp/dog2/checkpoint-100/images/on_top_of_the_sidewalk_in_a_crowded_street/
11/14/2024 13:33:54 - INFO - __main__ - Running validation... 
 Generating 4 images with prompt:on top of a dirt road.
11/14/2024 13:34:08 - INFO - root - Image have been saved in /shenzihe/WD-Disk/output/exp/dog2/checkpoint-100/images/on_top_of_a_dirt_road/
11/14/2024 13:34:21 - INFO - root - Image have been saved in /shenzihe/WD-Disk/output/exp/dog2/checkpoint-100/images/on_top_of_a_dirt_road/
11/14/2024 13:34:34 - INFO - root - Image have been saved in /shenzihe/WD-Disk/output/exp/dog2/checkpoint-100/images/on_top_of_a_dirt_road/
11/14/2024 13:34:48 - INFO - root - Image have been saved in /shenzihe/WD-Disk/output/exp/dog2/checkpoint-100/images/on_top_of_a_dirt_road/
11/14/2024 13:34:48 - INFO - __main__ - Running validation... 
 Generating 4 images with prompt:on top of a white rug.
11/14/2024 13:35:01 - INFO - root - Image have been saved in /shenzihe/WD-Disk/output/exp/dog2/checkpoint-100/images/on_top_of_a_white_rug/
11/14/2024 13:35:14 - INFO - root - Image have been saved in /shenzihe/WD-Disk/output/exp/dog2/checkpoint-100/images/on_top_of_a_white_rug/
11/14/2024 13:35:28 - INFO - root - Image have been saved in /shenzihe/WD-Disk/output/exp/dog2/checkpoint-100/images/on_top_of_a_white_rug/
11/14/2024 13:35:41 - INFO - root - Image have been saved in /shenzihe/WD-Disk/output/exp/dog2/checkpoint-100/images/on_top_of_a_white_rug/
11/14/2024 13:35:41 - INFO - __main__ - Running validation... 
 Generating 4 images with prompt:red.
11/14/2024 13:35:55 - INFO - root - Image have been saved in /shenzihe/WD-Disk/output/exp/dog2/checkpoint-100/images/red/
11/14/2024 13:36:08 - INFO - root - Image have been saved in /shenzihe/WD-Disk/output/exp/dog2/checkpoint-100/images/red/
11/14/2024 13:36:21 - INFO - root - Image have been saved in /shenzihe/WD-Disk/output/exp/dog2/checkpoint-100/images/red/
11/14/2024 13:36:35 - INFO - root - Image have been saved in /shenzihe/WD-Disk/output/exp/dog2/checkpoint-100/images/red/
11/14/2024 13:36:35 - INFO - __main__ - Running validation... 
 Generating 4 images with prompt:purple.
11/14/2024 13:36:48 - INFO - root - Image have been saved in /shenzihe/WD-Disk/output/exp/dog2/checkpoint-100/images/purple/
11/14/2024 13:37:02 - INFO - root - Image have been saved in /shenzihe/WD-Disk/output/exp/dog2/checkpoint-100/images/purple/
11/14/2024 13:37:15 - INFO - root - Image have been saved in /shenzihe/WD-Disk/output/exp/dog2/checkpoint-100/images/purple/
11/14/2024 13:37:29 - INFO - root - Image have been saved in /shenzihe/WD-Disk/output/exp/dog2/checkpoint-100/images/purple/
11/14/2024 13:37:29 - INFO - __main__ - Running validation... 
 Generating 4 images with prompt:shiny.
11/14/2024 13:37:42 - INFO - root - Image have been saved in /shenzihe/WD-Disk/output/exp/dog2/checkpoint-100/images/shiny/
11/14/2024 13:37:55 - INFO - root - Image have been saved in /shenzihe/WD-Disk/output/exp/dog2/checkpoint-100/images/shiny/
11/14/2024 13:38:09 - INFO - root - Image have been saved in /shenzihe/WD-Disk/output/exp/dog2/checkpoint-100/images/shiny/
11/14/2024 13:38:22 - INFO - root - Image have been saved in /shenzihe/WD-Disk/output/exp/dog2/checkpoint-100/images/shiny/
11/14/2024 13:38:22 - INFO - __main__ - Running validation... 
 Generating 4 images with prompt:wet.
11/14/2024 13:38:35 - INFO - root - Image have been saved in /shenzihe/WD-Disk/output/exp/dog2/checkpoint-100/images/wet/
11/14/2024 13:38:49 - INFO - root - Image have been saved in /shenzihe/WD-Disk/output/exp/dog2/checkpoint-100/images/wet/
11/14/2024 13:39:02 - INFO - root - Image have been saved in /shenzihe/WD-Disk/output/exp/dog2/checkpoint-100/images/wet/
11/14/2024 13:39:16 - INFO - root - Image have been saved in /shenzihe/WD-Disk/output/exp/dog2/checkpoint-100/images/wet/
11/14/2024 13:39:16 - INFO - __main__ - Running validation... 
 Generating 4 images with prompt:cube shaped.
11/14/2024 13:39:29 - INFO - root - Image have been saved in /shenzihe/WD-Disk/output/exp/dog2/checkpoint-100/images/cube_shaped/
11/14/2024 13:39:42 - INFO - root - Image have been saved in /shenzihe/WD-Disk/output/exp/dog2/checkpoint-100/images/cube_shaped/
11/14/2024 13:39:56 - INFO - root - Image have been saved in /shenzihe/WD-Disk/output/exp/dog2/checkpoint-100/images/cube_shaped/
11/14/2024 13:40:09 - INFO - root - Image have been saved in /shenzihe/WD-Disk/output/exp/dog2/checkpoint-100/images/cube_shaped/
