11/22/2024 00:52:01 - INFO - __main__ - Distributed environment: NO
Num processes: 1
Process index: 0
Local process index: 0
Device: cuda

Mixed precision type: no

11/22/2024 00:52:09 - INFO - root - freeze vision encoder
11/22/2024 00:52:19 - INFO - root - Loading pretrained model from /root/.cache/torch/hub/checkpoints/blip-diffusion
11/22/2024 00:52:19 - INFO - root - Loading pretrained BLIP2 Qformer weights.
11/22/2024 00:52:21 - INFO - root - Loading pretrained projection lyer weights.
11/22/2024 00:52:21 - INFO - root - Loading pretrained text encoder weights.
11/22/2024 00:52:21 - INFO - root - Loading pretrained vae weights.
11/22/2024 00:52:22 - INFO - root - Loading pretrained unet weights.
11/22/2024 00:52:30 - INFO - root - Using xformers.
11/22/2024 00:52:30 - INFO - root - Building datasets...
11/22/2024 00:52:40 - INFO - root - freeze vision encoder
11/22/2024 00:53:09 - INFO - root - load checkpoint from https://storage.googleapis.com/sfr-vision-language-research/LAVIS/models/BLIP2/blip2_pretrained_flant5xl.pth
11/22/2024 00:53:14 - INFO - __main__ - 
***** Running training *****
11/22/2024 00:53:14 - INFO - __main__ -   Num examples = 5
11/22/2024 00:53:14 - INFO - __main__ -   Num batches each epoch = 2
11/22/2024 00:53:14 - INFO - __main__ -   Num Epochs = 50
11/22/2024 00:53:14 - INFO - __main__ -   Instantaneous batch size per device = 3
11/22/2024 00:53:14 - INFO - __main__ -   Total train batch size (w. parallel, distributed & accumulation) = 3
11/22/2024 00:53:14 - INFO - __main__ -   Gradient Accumulation steps = 1
11/22/2024 00:53:14 - INFO - __main__ -   Total optimization steps = 100
11/22/2024 00:53:14 - INFO - __main__ -   Total parameters number = 1995356906
11/22/2024 00:53:14 - INFO - __main__ -   Training parameters number = 576349697
11/22/2024 00:55:01 - INFO - __main__ - Running validation... 
 Generating 4 images with prompt:in the jungle.
11/22/2024 00:55:15 - INFO - root - Image have been saved in /shenzihe/WD-Disk/output/exp4/dog7/checkpoint-100/images/in_the_jungle/
11/22/2024 00:55:28 - INFO - root - Image have been saved in /shenzihe/WD-Disk/output/exp4/dog7/checkpoint-100/images/in_the_jungle/
11/22/2024 00:55:41 - INFO - root - Image have been saved in /shenzihe/WD-Disk/output/exp4/dog7/checkpoint-100/images/in_the_jungle/
11/22/2024 00:55:55 - INFO - root - Image have been saved in /shenzihe/WD-Disk/output/exp4/dog7/checkpoint-100/images/in_the_jungle/
11/22/2024 00:55:55 - INFO - __main__ - Running validation... 
 Generating 4 images with prompt:in the snow.
11/22/2024 00:56:08 - INFO - root - Image have been saved in /shenzihe/WD-Disk/output/exp4/dog7/checkpoint-100/images/in_the_snow/
11/22/2024 00:56:22 - INFO - root - Image have been saved in /shenzihe/WD-Disk/output/exp4/dog7/checkpoint-100/images/in_the_snow/
11/22/2024 00:56:35 - INFO - root - Image have been saved in /shenzihe/WD-Disk/output/exp4/dog7/checkpoint-100/images/in_the_snow/
11/22/2024 00:56:48 - INFO - root - Image have been saved in /shenzihe/WD-Disk/output/exp4/dog7/checkpoint-100/images/in_the_snow/
11/22/2024 00:56:48 - INFO - __main__ - Running validation... 
 Generating 4 images with prompt:on the beach.
11/22/2024 00:57:02 - INFO - root - Image have been saved in /shenzihe/WD-Disk/output/exp4/dog7/checkpoint-100/images/on_the_beach/
11/22/2024 00:57:15 - INFO - root - Image have been saved in /shenzihe/WD-Disk/output/exp4/dog7/checkpoint-100/images/on_the_beach/
11/22/2024 00:57:29 - INFO - root - Image have been saved in /shenzihe/WD-Disk/output/exp4/dog7/checkpoint-100/images/on_the_beach/
11/22/2024 00:57:42 - INFO - root - Image have been saved in /shenzihe/WD-Disk/output/exp4/dog7/checkpoint-100/images/on_the_beach/
11/22/2024 00:57:42 - INFO - __main__ - Running validation... 
 Generating 4 images with prompt:on a cobblestone street.
11/22/2024 00:57:55 - INFO - root - Image have been saved in /shenzihe/WD-Disk/output/exp4/dog7/checkpoint-100/images/on_a_cobblestone_street/
11/22/2024 00:58:09 - INFO - root - Image have been saved in /shenzihe/WD-Disk/output/exp4/dog7/checkpoint-100/images/on_a_cobblestone_street/
11/22/2024 00:58:22 - INFO - root - Image have been saved in /shenzihe/WD-Disk/output/exp4/dog7/checkpoint-100/images/on_a_cobblestone_street/
11/22/2024 00:58:36 - INFO - root - Image have been saved in /shenzihe/WD-Disk/output/exp4/dog7/checkpoint-100/images/on_a_cobblestone_street/
11/22/2024 00:58:36 - INFO - __main__ - Running validation... 
 Generating 4 images with prompt:on top of pink fabric.
11/22/2024 00:58:49 - INFO - root - Image have been saved in /shenzihe/WD-Disk/output/exp4/dog7/checkpoint-100/images/on_top_of_pink_fabric/
11/22/2024 00:59:02 - INFO - root - Image have been saved in /shenzihe/WD-Disk/output/exp4/dog7/checkpoint-100/images/on_top_of_pink_fabric/
11/22/2024 00:59:16 - INFO - root - Image have been saved in /shenzihe/WD-Disk/output/exp4/dog7/checkpoint-100/images/on_top_of_pink_fabric/
11/22/2024 00:59:29 - INFO - root - Image have been saved in /shenzihe/WD-Disk/output/exp4/dog7/checkpoint-100/images/on_top_of_pink_fabric/
11/22/2024 00:59:29 - INFO - __main__ - Running validation... 
 Generating 4 images with prompt:on top of a wooden floor.
11/22/2024 00:59:42 - INFO - root - Image have been saved in /shenzihe/WD-Disk/output/exp4/dog7/checkpoint-100/images/on_top_of_a_wooden_floor/
11/22/2024 00:59:56 - INFO - root - Image have been saved in /shenzihe/WD-Disk/output/exp4/dog7/checkpoint-100/images/on_top_of_a_wooden_floor/
11/22/2024 01:00:09 - INFO - root - Image have been saved in /shenzihe/WD-Disk/output/exp4/dog7/checkpoint-100/images/on_top_of_a_wooden_floor/
11/22/2024 01:00:23 - INFO - root - Image have been saved in /shenzihe/WD-Disk/output/exp4/dog7/checkpoint-100/images/on_top_of_a_wooden_floor/
11/22/2024 01:00:23 - INFO - __main__ - Running validation... 
 Generating 4 images with prompt:with a city in the background.
11/22/2024 01:00:36 - INFO - root - Image have been saved in /shenzihe/WD-Disk/output/exp4/dog7/checkpoint-100/images/with_a_city_in_the_background/
11/22/2024 01:00:49 - INFO - root - Image have been saved in /shenzihe/WD-Disk/output/exp4/dog7/checkpoint-100/images/with_a_city_in_the_background/
11/22/2024 01:01:03 - INFO - root - Image have been saved in /shenzihe/WD-Disk/output/exp4/dog7/checkpoint-100/images/with_a_city_in_the_background/
11/22/2024 01:01:16 - INFO - root - Image have been saved in /shenzihe/WD-Disk/output/exp4/dog7/checkpoint-100/images/with_a_city_in_the_background/
11/22/2024 01:01:16 - INFO - __main__ - Running validation... 
 Generating 4 images with prompt:with a mountain in the background.
11/22/2024 01:01:30 - INFO - root - Image have been saved in /shenzihe/WD-Disk/output/exp4/dog7/checkpoint-100/images/with_a_mountain_in_the_background/
11/22/2024 01:01:43 - INFO - root - Image have been saved in /shenzihe/WD-Disk/output/exp4/dog7/checkpoint-100/images/with_a_mountain_in_the_background/
11/22/2024 01:01:56 - INFO - root - Image have been saved in /shenzihe/WD-Disk/output/exp4/dog7/checkpoint-100/images/with_a_mountain_in_the_background/
11/22/2024 01:02:10 - INFO - root - Image have been saved in /shenzihe/WD-Disk/output/exp4/dog7/checkpoint-100/images/with_a_mountain_in_the_background/
11/22/2024 01:02:10 - INFO - __main__ - Running validation... 
 Generating 4 images with prompt:with a blue house in the background.
11/22/2024 01:02:23 - INFO - root - Image have been saved in /shenzihe/WD-Disk/output/exp4/dog7/checkpoint-100/images/with_a_blue_house_in_the_background/
11/22/2024 01:02:36 - INFO - root - Image have been saved in /shenzihe/WD-Disk/output/exp4/dog7/checkpoint-100/images/with_a_blue_house_in_the_background/
11/22/2024 01:02:50 - INFO - root - Image have been saved in /shenzihe/WD-Disk/output/exp4/dog7/checkpoint-100/images/with_a_blue_house_in_the_background/
11/22/2024 01:03:03 - INFO - root - Image have been saved in /shenzihe/WD-Disk/output/exp4/dog7/checkpoint-100/images/with_a_blue_house_in_the_background/
11/22/2024 01:03:03 - INFO - __main__ - Running validation... 
 Generating 4 images with prompt:on top of a purple rug in a forest.
11/22/2024 01:03:17 - INFO - root - Image have been saved in /shenzihe/WD-Disk/output/exp4/dog7/checkpoint-100/images/on_top_of_a_purple_rug_in_a_forest/
11/22/2024 01:03:30 - INFO - root - Image have been saved in /shenzihe/WD-Disk/output/exp4/dog7/checkpoint-100/images/on_top_of_a_purple_rug_in_a_forest/
11/22/2024 01:03:43 - INFO - root - Image have been saved in /shenzihe/WD-Disk/output/exp4/dog7/checkpoint-100/images/on_top_of_a_purple_rug_in_a_forest/
11/22/2024 01:03:57 - INFO - root - Image have been saved in /shenzihe/WD-Disk/output/exp4/dog7/checkpoint-100/images/on_top_of_a_purple_rug_in_a_forest/
11/22/2024 01:03:57 - INFO - __main__ - Running validation... 
 Generating 4 images with prompt:with a wheat field in the background.
11/22/2024 01:04:10 - INFO - root - Image have been saved in /shenzihe/WD-Disk/output/exp4/dog7/checkpoint-100/images/with_a_wheat_field_in_the_background/
11/22/2024 01:04:23 - INFO - root - Image have been saved in /shenzihe/WD-Disk/output/exp4/dog7/checkpoint-100/images/with_a_wheat_field_in_the_background/
11/22/2024 01:04:37 - INFO - root - Image have been saved in /shenzihe/WD-Disk/output/exp4/dog7/checkpoint-100/images/with_a_wheat_field_in_the_background/
11/22/2024 01:04:50 - INFO - root - Image have been saved in /shenzihe/WD-Disk/output/exp4/dog7/checkpoint-100/images/with_a_wheat_field_in_the_background/
11/22/2024 01:04:50 - INFO - __main__ - Running validation... 
 Generating 4 images with prompt:with a tree and autumn leaves in the background.
11/22/2024 01:05:04 - INFO - root - Image have been saved in /shenzihe/WD-Disk/output/exp4/dog7/checkpoint-100/images/with_a_tree_and_autumn_leaves_in_the_background/
11/22/2024 01:05:17 - INFO - root - Image have been saved in /shenzihe/WD-Disk/output/exp4/dog7/checkpoint-100/images/with_a_tree_and_autumn_leaves_in_the_background/
11/22/2024 01:05:30 - INFO - root - Image have been saved in /shenzihe/WD-Disk/output/exp4/dog7/checkpoint-100/images/with_a_tree_and_autumn_leaves_in_the_background/
11/22/2024 01:05:44 - INFO - root - Image have been saved in /shenzihe/WD-Disk/output/exp4/dog7/checkpoint-100/images/with_a_tree_and_autumn_leaves_in_the_background/
11/22/2024 01:05:44 - INFO - __main__ - Running validation... 
 Generating 4 images with prompt:with the Eiffel Tower in the background.
11/22/2024 01:05:57 - INFO - root - Image have been saved in /shenzihe/WD-Disk/output/exp4/dog7/checkpoint-100/images/with_the_Eiffel_Tower_in_the_background/
11/22/2024 01:06:11 - INFO - root - Image have been saved in /shenzihe/WD-Disk/output/exp4/dog7/checkpoint-100/images/with_the_Eiffel_Tower_in_the_background/
11/22/2024 01:06:24 - INFO - root - Image have been saved in /shenzihe/WD-Disk/output/exp4/dog7/checkpoint-100/images/with_the_Eiffel_Tower_in_the_background/
11/22/2024 01:06:37 - INFO - root - Image have been saved in /shenzihe/WD-Disk/output/exp4/dog7/checkpoint-100/images/with_the_Eiffel_Tower_in_the_background/
11/22/2024 01:06:37 - INFO - __main__ - Running validation... 
 Generating 4 images with prompt:floating on top of water.
11/22/2024 01:06:51 - INFO - root - Image have been saved in /shenzihe/WD-Disk/output/exp4/dog7/checkpoint-100/images/floating_on_top_of_water/
11/22/2024 01:07:04 - INFO - root - Image have been saved in /shenzihe/WD-Disk/output/exp4/dog7/checkpoint-100/images/floating_on_top_of_water/
11/22/2024 01:07:17 - INFO - root - Image have been saved in /shenzihe/WD-Disk/output/exp4/dog7/checkpoint-100/images/floating_on_top_of_water/
11/22/2024 01:07:31 - INFO - root - Image have been saved in /shenzihe/WD-Disk/output/exp4/dog7/checkpoint-100/images/floating_on_top_of_water/
11/22/2024 01:07:31 - INFO - __main__ - Running validation... 
 Generating 4 images with prompt:floating in an ocean of milk.
11/22/2024 01:07:44 - INFO - root - Image have been saved in /shenzihe/WD-Disk/output/exp4/dog7/checkpoint-100/images/floating_in_an_ocean_of_milk/
11/22/2024 01:07:58 - INFO - root - Image have been saved in /shenzihe/WD-Disk/output/exp4/dog7/checkpoint-100/images/floating_in_an_ocean_of_milk/
11/22/2024 01:08:11 - INFO - root - Image have been saved in /shenzihe/WD-Disk/output/exp4/dog7/checkpoint-100/images/floating_in_an_ocean_of_milk/
11/22/2024 01:08:25 - INFO - root - Image have been saved in /shenzihe/WD-Disk/output/exp4/dog7/checkpoint-100/images/floating_in_an_ocean_of_milk/
11/22/2024 01:08:25 - INFO - __main__ - Running validation... 
 Generating 4 images with prompt:on top of green grass with sunflowers around it.
11/22/2024 01:08:38 - INFO - root - Image have been saved in /shenzihe/WD-Disk/output/exp4/dog7/checkpoint-100/images/on_top_of_green_grass_with_sunflowers_around_it/
11/22/2024 01:08:51 - INFO - root - Image have been saved in /shenzihe/WD-Disk/output/exp4/dog7/checkpoint-100/images/on_top_of_green_grass_with_sunflowers_around_it/
11/22/2024 01:09:05 - INFO - root - Image have been saved in /shenzihe/WD-Disk/output/exp4/dog7/checkpoint-100/images/on_top_of_green_grass_with_sunflowers_around_it/
11/22/2024 01:09:18 - INFO - root - Image have been saved in /shenzihe/WD-Disk/output/exp4/dog7/checkpoint-100/images/on_top_of_green_grass_with_sunflowers_around_it/
11/22/2024 01:09:18 - INFO - __main__ - Running validation... 
 Generating 4 images with prompt:on top of a mirror.
11/22/2024 01:09:31 - INFO - root - Image have been saved in /shenzihe/WD-Disk/output/exp4/dog7/checkpoint-100/images/on_top_of_a_mirror/
11/22/2024 01:09:45 - INFO - root - Image have been saved in /shenzihe/WD-Disk/output/exp4/dog7/checkpoint-100/images/on_top_of_a_mirror/
11/22/2024 01:09:58 - INFO - root - Image have been saved in /shenzihe/WD-Disk/output/exp4/dog7/checkpoint-100/images/on_top_of_a_mirror/
11/22/2024 01:10:12 - INFO - root - Image have been saved in /shenzihe/WD-Disk/output/exp4/dog7/checkpoint-100/images/on_top_of_a_mirror/
11/22/2024 01:10:12 - INFO - __main__ - Running validation... 
 Generating 4 images with prompt:on top of the sidewalk in a crowded street.
11/22/2024 01:10:25 - INFO - root - Image have been saved in /shenzihe/WD-Disk/output/exp4/dog7/checkpoint-100/images/on_top_of_the_sidewalk_in_a_crowded_street/
11/22/2024 01:10:38 - INFO - root - Image have been saved in /shenzihe/WD-Disk/output/exp4/dog7/checkpoint-100/images/on_top_of_the_sidewalk_in_a_crowded_street/
11/22/2024 01:10:52 - INFO - root - Image have been saved in /shenzihe/WD-Disk/output/exp4/dog7/checkpoint-100/images/on_top_of_the_sidewalk_in_a_crowded_street/
11/22/2024 01:11:05 - INFO - root - Image have been saved in /shenzihe/WD-Disk/output/exp4/dog7/checkpoint-100/images/on_top_of_the_sidewalk_in_a_crowded_street/
11/22/2024 01:11:05 - INFO - __main__ - Running validation... 
 Generating 4 images with prompt:on top of a dirt road.
11/22/2024 01:11:19 - INFO - root - Image have been saved in /shenzihe/WD-Disk/output/exp4/dog7/checkpoint-100/images/on_top_of_a_dirt_road/
11/22/2024 01:11:32 - INFO - root - Image have been saved in /shenzihe/WD-Disk/output/exp4/dog7/checkpoint-100/images/on_top_of_a_dirt_road/
11/22/2024 01:11:45 - INFO - root - Image have been saved in /shenzihe/WD-Disk/output/exp4/dog7/checkpoint-100/images/on_top_of_a_dirt_road/
11/22/2024 01:11:59 - INFO - root - Image have been saved in /shenzihe/WD-Disk/output/exp4/dog7/checkpoint-100/images/on_top_of_a_dirt_road/
11/22/2024 01:11:59 - INFO - __main__ - Running validation... 
 Generating 4 images with prompt:on top of a white rug.
11/22/2024 01:12:12 - INFO - root - Image have been saved in /shenzihe/WD-Disk/output/exp4/dog7/checkpoint-100/images/on_top_of_a_white_rug/
11/22/2024 01:12:26 - INFO - root - Image have been saved in /shenzihe/WD-Disk/output/exp4/dog7/checkpoint-100/images/on_top_of_a_white_rug/
11/22/2024 01:12:39 - INFO - root - Image have been saved in /shenzihe/WD-Disk/output/exp4/dog7/checkpoint-100/images/on_top_of_a_white_rug/
11/22/2024 01:12:53 - INFO - root - Image have been saved in /shenzihe/WD-Disk/output/exp4/dog7/checkpoint-100/images/on_top_of_a_white_rug/
11/22/2024 01:12:53 - INFO - __main__ - Running validation... 
 Generating 4 images with prompt:red.
11/22/2024 01:13:06 - INFO - root - Image have been saved in /shenzihe/WD-Disk/output/exp4/dog7/checkpoint-100/images/red/
11/22/2024 01:13:20 - INFO - root - Image have been saved in /shenzihe/WD-Disk/output/exp4/dog7/checkpoint-100/images/red/
11/22/2024 01:13:33 - INFO - root - Image have been saved in /shenzihe/WD-Disk/output/exp4/dog7/checkpoint-100/images/red/
11/22/2024 01:13:46 - INFO - root - Image have been saved in /shenzihe/WD-Disk/output/exp4/dog7/checkpoint-100/images/red/
11/22/2024 01:13:46 - INFO - __main__ - Running validation... 
 Generating 4 images with prompt:purple.
11/22/2024 01:14:00 - INFO - root - Image have been saved in /shenzihe/WD-Disk/output/exp4/dog7/checkpoint-100/images/purple/
11/22/2024 01:14:13 - INFO - root - Image have been saved in /shenzihe/WD-Disk/output/exp4/dog7/checkpoint-100/images/purple/
11/22/2024 01:14:27 - INFO - root - Image have been saved in /shenzihe/WD-Disk/output/exp4/dog7/checkpoint-100/images/purple/
11/22/2024 01:14:40 - INFO - root - Image have been saved in /shenzihe/WD-Disk/output/exp4/dog7/checkpoint-100/images/purple/
11/22/2024 01:14:40 - INFO - __main__ - Running validation... 
 Generating 4 images with prompt:shiny.
11/22/2024 01:14:53 - INFO - root - Image have been saved in /shenzihe/WD-Disk/output/exp4/dog7/checkpoint-100/images/shiny/
11/22/2024 01:15:07 - INFO - root - Image have been saved in /shenzihe/WD-Disk/output/exp4/dog7/checkpoint-100/images/shiny/
11/22/2024 01:15:20 - INFO - root - Image have been saved in /shenzihe/WD-Disk/output/exp4/dog7/checkpoint-100/images/shiny/
11/22/2024 01:15:33 - INFO - root - Image have been saved in /shenzihe/WD-Disk/output/exp4/dog7/checkpoint-100/images/shiny/
11/22/2024 01:15:33 - INFO - __main__ - Running validation... 
 Generating 4 images with prompt:wet.
11/22/2024 01:15:47 - INFO - root - Image have been saved in /shenzihe/WD-Disk/output/exp4/dog7/checkpoint-100/images/wet/
11/22/2024 01:16:00 - INFO - root - Image have been saved in /shenzihe/WD-Disk/output/exp4/dog7/checkpoint-100/images/wet/
11/22/2024 01:16:14 - INFO - root - Image have been saved in /shenzihe/WD-Disk/output/exp4/dog7/checkpoint-100/images/wet/
11/22/2024 01:16:27 - INFO - root - Image have been saved in /shenzihe/WD-Disk/output/exp4/dog7/checkpoint-100/images/wet/
11/22/2024 01:16:27 - INFO - __main__ - Running validation... 
 Generating 4 images with prompt:cube shaped.
11/22/2024 01:16:40 - INFO - root - Image have been saved in /shenzihe/WD-Disk/output/exp4/dog7/checkpoint-100/images/cube_shaped/
11/22/2024 01:16:54 - INFO - root - Image have been saved in /shenzihe/WD-Disk/output/exp4/dog7/checkpoint-100/images/cube_shaped/
11/22/2024 01:17:07 - INFO - root - Image have been saved in /shenzihe/WD-Disk/output/exp4/dog7/checkpoint-100/images/cube_shaped/
11/22/2024 01:17:21 - INFO - root - Image have been saved in /shenzihe/WD-Disk/output/exp4/dog7/checkpoint-100/images/cube_shaped/
