11/22/2024 04:17:48 - INFO - __main__ - Distributed environment: NO
Num processes: 1
Process index: 0
Local process index: 0
Device: cuda

Mixed precision type: no

11/22/2024 04:17:51 - INFO - root - freeze vision encoder
11/22/2024 04:18:01 - INFO - root - Loading pretrained model from /root/.cache/torch/hub/checkpoints/blip-diffusion
11/22/2024 04:18:01 - INFO - root - Loading pretrained BLIP2 Qformer weights.
11/22/2024 04:18:03 - INFO - root - Loading pretrained projection lyer weights.
11/22/2024 04:18:03 - INFO - root - Loading pretrained text encoder weights.
11/22/2024 04:18:03 - INFO - root - Loading pretrained vae weights.
11/22/2024 04:18:04 - INFO - root - Loading pretrained unet weights.
11/22/2024 04:18:11 - INFO - root - Using xformers.
11/22/2024 04:18:11 - INFO - root - Building datasets...
11/22/2024 04:18:22 - INFO - root - freeze vision encoder
11/22/2024 04:18:57 - INFO - root - load checkpoint from https://storage.googleapis.com/sfr-vision-language-research/LAVIS/models/BLIP2/blip2_pretrained_flant5xl.pth
11/22/2024 04:19:04 - INFO - __main__ - 
***** Running training *****
11/22/2024 04:19:04 - INFO - __main__ -   Num examples = 5
11/22/2024 04:19:04 - INFO - __main__ -   Num batches each epoch = 2
11/22/2024 04:19:04 - INFO - __main__ -   Num Epochs = 50
11/22/2024 04:19:04 - INFO - __main__ -   Instantaneous batch size per device = 3
11/22/2024 04:19:04 - INFO - __main__ -   Total train batch size (w. parallel, distributed & accumulation) = 3
11/22/2024 04:19:04 - INFO - __main__ -   Gradient Accumulation steps = 1
11/22/2024 04:19:04 - INFO - __main__ -   Total optimization steps = 100
11/22/2024 04:19:04 - INFO - __main__ -   Total parameters number = 1995356906
11/22/2024 04:19:04 - INFO - __main__ -   Training parameters number = 576349697
11/22/2024 04:20:51 - INFO - __main__ - Running validation... 
 Generating 4 images with prompt:in the jungle.
11/22/2024 04:21:05 - INFO - root - Image have been saved in /shenzihe/WD-Disk/output/exp4/rc_car/checkpoint-100/images/in_the_jungle/
11/22/2024 04:21:19 - INFO - root - Image have been saved in /shenzihe/WD-Disk/output/exp4/rc_car/checkpoint-100/images/in_the_jungle/
11/22/2024 04:21:32 - INFO - root - Image have been saved in /shenzihe/WD-Disk/output/exp4/rc_car/checkpoint-100/images/in_the_jungle/
11/22/2024 04:21:46 - INFO - root - Image have been saved in /shenzihe/WD-Disk/output/exp4/rc_car/checkpoint-100/images/in_the_jungle/
11/22/2024 04:21:46 - INFO - __main__ - Running validation... 
 Generating 4 images with prompt:in the snow.
11/22/2024 04:21:59 - INFO - root - Image have been saved in /shenzihe/WD-Disk/output/exp4/rc_car/checkpoint-100/images/in_the_snow/
11/22/2024 04:22:13 - INFO - root - Image have been saved in /shenzihe/WD-Disk/output/exp4/rc_car/checkpoint-100/images/in_the_snow/
11/22/2024 04:22:26 - INFO - root - Image have been saved in /shenzihe/WD-Disk/output/exp4/rc_car/checkpoint-100/images/in_the_snow/
11/22/2024 04:22:40 - INFO - root - Image have been saved in /shenzihe/WD-Disk/output/exp4/rc_car/checkpoint-100/images/in_the_snow/
11/22/2024 04:22:40 - INFO - __main__ - Running validation... 
 Generating 4 images with prompt:on the beach.
11/22/2024 04:22:54 - INFO - root - Image have been saved in /shenzihe/WD-Disk/output/exp4/rc_car/checkpoint-100/images/on_the_beach/
11/22/2024 04:23:07 - INFO - root - Image have been saved in /shenzihe/WD-Disk/output/exp4/rc_car/checkpoint-100/images/on_the_beach/
11/22/2024 04:23:21 - INFO - root - Image have been saved in /shenzihe/WD-Disk/output/exp4/rc_car/checkpoint-100/images/on_the_beach/
11/22/2024 04:23:34 - INFO - root - Image have been saved in /shenzihe/WD-Disk/output/exp4/rc_car/checkpoint-100/images/on_the_beach/
11/22/2024 04:23:34 - INFO - __main__ - Running validation... 
 Generating 4 images with prompt:on a cobblestone street.
11/22/2024 04:23:48 - INFO - root - Image have been saved in /shenzihe/WD-Disk/output/exp4/rc_car/checkpoint-100/images/on_a_cobblestone_street/
11/22/2024 04:24:01 - INFO - root - Image have been saved in /shenzihe/WD-Disk/output/exp4/rc_car/checkpoint-100/images/on_a_cobblestone_street/
11/22/2024 04:24:15 - INFO - root - Image have been saved in /shenzihe/WD-Disk/output/exp4/rc_car/checkpoint-100/images/on_a_cobblestone_street/
11/22/2024 04:24:28 - INFO - root - Image have been saved in /shenzihe/WD-Disk/output/exp4/rc_car/checkpoint-100/images/on_a_cobblestone_street/
11/22/2024 04:24:28 - INFO - __main__ - Running validation... 
 Generating 4 images with prompt:on top of pink fabric.
11/22/2024 04:24:42 - INFO - root - Image have been saved in /shenzihe/WD-Disk/output/exp4/rc_car/checkpoint-100/images/on_top_of_pink_fabric/
11/22/2024 04:24:55 - INFO - root - Image have been saved in /shenzihe/WD-Disk/output/exp4/rc_car/checkpoint-100/images/on_top_of_pink_fabric/
11/22/2024 04:25:09 - INFO - root - Image have been saved in /shenzihe/WD-Disk/output/exp4/rc_car/checkpoint-100/images/on_top_of_pink_fabric/
11/22/2024 04:25:22 - INFO - root - Image have been saved in /shenzihe/WD-Disk/output/exp4/rc_car/checkpoint-100/images/on_top_of_pink_fabric/
11/22/2024 04:25:22 - INFO - __main__ - Running validation... 
 Generating 4 images with prompt:on top of a wooden floor.
11/22/2024 04:25:36 - INFO - root - Image have been saved in /shenzihe/WD-Disk/output/exp4/rc_car/checkpoint-100/images/on_top_of_a_wooden_floor/
11/22/2024 04:25:49 - INFO - root - Image have been saved in /shenzihe/WD-Disk/output/exp4/rc_car/checkpoint-100/images/on_top_of_a_wooden_floor/
11/22/2024 04:26:03 - INFO - root - Image have been saved in /shenzihe/WD-Disk/output/exp4/rc_car/checkpoint-100/images/on_top_of_a_wooden_floor/
11/22/2024 04:26:17 - INFO - root - Image have been saved in /shenzihe/WD-Disk/output/exp4/rc_car/checkpoint-100/images/on_top_of_a_wooden_floor/
11/22/2024 04:26:17 - INFO - __main__ - Running validation... 
 Generating 4 images with prompt:with a city in the background.
11/22/2024 04:26:30 - INFO - root - Image have been saved in /shenzihe/WD-Disk/output/exp4/rc_car/checkpoint-100/images/with_a_city_in_the_background/
11/22/2024 04:26:44 - INFO - root - Image have been saved in /shenzihe/WD-Disk/output/exp4/rc_car/checkpoint-100/images/with_a_city_in_the_background/
11/22/2024 04:26:57 - INFO - root - Image have been saved in /shenzihe/WD-Disk/output/exp4/rc_car/checkpoint-100/images/with_a_city_in_the_background/
11/22/2024 04:27:11 - INFO - root - Image have been saved in /shenzihe/WD-Disk/output/exp4/rc_car/checkpoint-100/images/with_a_city_in_the_background/
11/22/2024 04:27:11 - INFO - __main__ - Running validation... 
 Generating 4 images with prompt:with a mountain in the background.
11/22/2024 04:27:24 - INFO - root - Image have been saved in /shenzihe/WD-Disk/output/exp4/rc_car/checkpoint-100/images/with_a_mountain_in_the_background/
11/22/2024 04:27:38 - INFO - root - Image have been saved in /shenzihe/WD-Disk/output/exp4/rc_car/checkpoint-100/images/with_a_mountain_in_the_background/
11/22/2024 04:27:52 - INFO - root - Image have been saved in /shenzihe/WD-Disk/output/exp4/rc_car/checkpoint-100/images/with_a_mountain_in_the_background/
11/22/2024 04:28:05 - INFO - root - Image have been saved in /shenzihe/WD-Disk/output/exp4/rc_car/checkpoint-100/images/with_a_mountain_in_the_background/
11/22/2024 04:28:05 - INFO - __main__ - Running validation... 
 Generating 4 images with prompt:with a blue house in the background.
11/22/2024 04:28:19 - INFO - root - Image have been saved in /shenzihe/WD-Disk/output/exp4/rc_car/checkpoint-100/images/with_a_blue_house_in_the_background/
11/22/2024 04:28:32 - INFO - root - Image have been saved in /shenzihe/WD-Disk/output/exp4/rc_car/checkpoint-100/images/with_a_blue_house_in_the_background/
11/22/2024 04:28:46 - INFO - root - Image have been saved in /shenzihe/WD-Disk/output/exp4/rc_car/checkpoint-100/images/with_a_blue_house_in_the_background/
11/22/2024 04:28:59 - INFO - root - Image have been saved in /shenzihe/WD-Disk/output/exp4/rc_car/checkpoint-100/images/with_a_blue_house_in_the_background/
11/22/2024 04:28:59 - INFO - __main__ - Running validation... 
 Generating 4 images with prompt:on top of a purple rug in a forest.
11/22/2024 04:29:13 - INFO - root - Image have been saved in /shenzihe/WD-Disk/output/exp4/rc_car/checkpoint-100/images/on_top_of_a_purple_rug_in_a_forest/
11/22/2024 04:29:26 - INFO - root - Image have been saved in /shenzihe/WD-Disk/output/exp4/rc_car/checkpoint-100/images/on_top_of_a_purple_rug_in_a_forest/
11/22/2024 04:29:40 - INFO - root - Image have been saved in /shenzihe/WD-Disk/output/exp4/rc_car/checkpoint-100/images/on_top_of_a_purple_rug_in_a_forest/
11/22/2024 04:29:53 - INFO - root - Image have been saved in /shenzihe/WD-Disk/output/exp4/rc_car/checkpoint-100/images/on_top_of_a_purple_rug_in_a_forest/
11/22/2024 04:29:53 - INFO - __main__ - Running validation... 
 Generating 4 images with prompt:with a wheat field in the background.
11/22/2024 04:30:07 - INFO - root - Image have been saved in /shenzihe/WD-Disk/output/exp4/rc_car/checkpoint-100/images/with_a_wheat_field_in_the_background/
11/22/2024 04:30:20 - INFO - root - Image have been saved in /shenzihe/WD-Disk/output/exp4/rc_car/checkpoint-100/images/with_a_wheat_field_in_the_background/
11/22/2024 04:30:34 - INFO - root - Image have been saved in /shenzihe/WD-Disk/output/exp4/rc_car/checkpoint-100/images/with_a_wheat_field_in_the_background/
11/22/2024 04:30:47 - INFO - root - Image have been saved in /shenzihe/WD-Disk/output/exp4/rc_car/checkpoint-100/images/with_a_wheat_field_in_the_background/
11/22/2024 04:30:47 - INFO - __main__ - Running validation... 
 Generating 4 images with prompt:with a tree and autumn leaves in the background.
11/22/2024 04:31:01 - INFO - root - Image have been saved in /shenzihe/WD-Disk/output/exp4/rc_car/checkpoint-100/images/with_a_tree_and_autumn_leaves_in_the_background/
11/22/2024 04:31:14 - INFO - root - Image have been saved in /shenzihe/WD-Disk/output/exp4/rc_car/checkpoint-100/images/with_a_tree_and_autumn_leaves_in_the_background/
11/22/2024 04:31:28 - INFO - root - Image have been saved in /shenzihe/WD-Disk/output/exp4/rc_car/checkpoint-100/images/with_a_tree_and_autumn_leaves_in_the_background/
11/22/2024 04:31:42 - INFO - root - Image have been saved in /shenzihe/WD-Disk/output/exp4/rc_car/checkpoint-100/images/with_a_tree_and_autumn_leaves_in_the_background/
11/22/2024 04:31:42 - INFO - __main__ - Running validation... 
 Generating 4 images with prompt:with the Eiffel Tower in the background.
11/22/2024 04:31:56 - INFO - root - Image have been saved in /shenzihe/WD-Disk/output/exp4/rc_car/checkpoint-100/images/with_the_Eiffel_Tower_in_the_background/
11/22/2024 04:32:10 - INFO - root - Image have been saved in /shenzihe/WD-Disk/output/exp4/rc_car/checkpoint-100/images/with_the_Eiffel_Tower_in_the_background/
11/22/2024 04:32:23 - INFO - root - Image have been saved in /shenzihe/WD-Disk/output/exp4/rc_car/checkpoint-100/images/with_the_Eiffel_Tower_in_the_background/
11/22/2024 04:32:37 - INFO - root - Image have been saved in /shenzihe/WD-Disk/output/exp4/rc_car/checkpoint-100/images/with_the_Eiffel_Tower_in_the_background/
11/22/2024 04:32:37 - INFO - __main__ - Running validation... 
 Generating 4 images with prompt:floating on top of water.
11/22/2024 04:32:50 - INFO - root - Image have been saved in /shenzihe/WD-Disk/output/exp4/rc_car/checkpoint-100/images/floating_on_top_of_water/
11/22/2024 04:33:04 - INFO - root - Image have been saved in /shenzihe/WD-Disk/output/exp4/rc_car/checkpoint-100/images/floating_on_top_of_water/
11/22/2024 04:33:17 - INFO - root - Image have been saved in /shenzihe/WD-Disk/output/exp4/rc_car/checkpoint-100/images/floating_on_top_of_water/
11/22/2024 04:33:31 - INFO - root - Image have been saved in /shenzihe/WD-Disk/output/exp4/rc_car/checkpoint-100/images/floating_on_top_of_water/
11/22/2024 04:33:31 - INFO - __main__ - Running validation... 
 Generating 4 images with prompt:floating in an ocean of milk.
11/22/2024 04:33:45 - INFO - root - Image have been saved in /shenzihe/WD-Disk/output/exp4/rc_car/checkpoint-100/images/floating_in_an_ocean_of_milk/
11/22/2024 04:33:58 - INFO - root - Image have been saved in /shenzihe/WD-Disk/output/exp4/rc_car/checkpoint-100/images/floating_in_an_ocean_of_milk/
11/22/2024 04:34:12 - INFO - root - Image have been saved in /shenzihe/WD-Disk/output/exp4/rc_car/checkpoint-100/images/floating_in_an_ocean_of_milk/
11/22/2024 04:34:25 - INFO - root - Image have been saved in /shenzihe/WD-Disk/output/exp4/rc_car/checkpoint-100/images/floating_in_an_ocean_of_milk/
11/22/2024 04:34:25 - INFO - __main__ - Running validation... 
 Generating 4 images with prompt:on top of green grass with sunflowers around it.
11/22/2024 04:34:39 - INFO - root - Image have been saved in /shenzihe/WD-Disk/output/exp4/rc_car/checkpoint-100/images/on_top_of_green_grass_with_sunflowers_around_it/
11/22/2024 04:34:52 - INFO - root - Image have been saved in /shenzihe/WD-Disk/output/exp4/rc_car/checkpoint-100/images/on_top_of_green_grass_with_sunflowers_around_it/
11/22/2024 04:35:06 - INFO - root - Image have been saved in /shenzihe/WD-Disk/output/exp4/rc_car/checkpoint-100/images/on_top_of_green_grass_with_sunflowers_around_it/
11/22/2024 04:35:19 - INFO - root - Image have been saved in /shenzihe/WD-Disk/output/exp4/rc_car/checkpoint-100/images/on_top_of_green_grass_with_sunflowers_around_it/
11/22/2024 04:35:19 - INFO - __main__ - Running validation... 
 Generating 4 images with prompt:on top of a mirror.
11/22/2024 04:35:33 - INFO - root - Image have been saved in /shenzihe/WD-Disk/output/exp4/rc_car/checkpoint-100/images/on_top_of_a_mirror/
11/22/2024 04:35:46 - INFO - root - Image have been saved in /shenzihe/WD-Disk/output/exp4/rc_car/checkpoint-100/images/on_top_of_a_mirror/
11/22/2024 04:36:00 - INFO - root - Image have been saved in /shenzihe/WD-Disk/output/exp4/rc_car/checkpoint-100/images/on_top_of_a_mirror/
11/22/2024 04:36:13 - INFO - root - Image have been saved in /shenzihe/WD-Disk/output/exp4/rc_car/checkpoint-100/images/on_top_of_a_mirror/
11/22/2024 04:36:13 - INFO - __main__ - Running validation... 
 Generating 4 images with prompt:on top of the sidewalk in a crowded street.
11/22/2024 04:36:27 - INFO - root - Image have been saved in /shenzihe/WD-Disk/output/exp4/rc_car/checkpoint-100/images/on_top_of_the_sidewalk_in_a_crowded_street/
11/22/2024 04:36:40 - INFO - root - Image have been saved in /shenzihe/WD-Disk/output/exp4/rc_car/checkpoint-100/images/on_top_of_the_sidewalk_in_a_crowded_street/
11/22/2024 04:36:54 - INFO - root - Image have been saved in /shenzihe/WD-Disk/output/exp4/rc_car/checkpoint-100/images/on_top_of_the_sidewalk_in_a_crowded_street/
11/22/2024 04:37:07 - INFO - root - Image have been saved in /shenzihe/WD-Disk/output/exp4/rc_car/checkpoint-100/images/on_top_of_the_sidewalk_in_a_crowded_street/
11/22/2024 04:37:07 - INFO - __main__ - Running validation... 
 Generating 4 images with prompt:on top of a dirt road.
11/22/2024 04:37:21 - INFO - root - Image have been saved in /shenzihe/WD-Disk/output/exp4/rc_car/checkpoint-100/images/on_top_of_a_dirt_road/
11/22/2024 04:37:34 - INFO - root - Image have been saved in /shenzihe/WD-Disk/output/exp4/rc_car/checkpoint-100/images/on_top_of_a_dirt_road/
11/22/2024 04:37:48 - INFO - root - Image have been saved in /shenzihe/WD-Disk/output/exp4/rc_car/checkpoint-100/images/on_top_of_a_dirt_road/
11/22/2024 04:38:01 - INFO - root - Image have been saved in /shenzihe/WD-Disk/output/exp4/rc_car/checkpoint-100/images/on_top_of_a_dirt_road/
11/22/2024 04:38:01 - INFO - __main__ - Running validation... 
 Generating 4 images with prompt:on top of a white rug.
11/22/2024 04:38:15 - INFO - root - Image have been saved in /shenzihe/WD-Disk/output/exp4/rc_car/checkpoint-100/images/on_top_of_a_white_rug/
11/22/2024 04:38:29 - INFO - root - Image have been saved in /shenzihe/WD-Disk/output/exp4/rc_car/checkpoint-100/images/on_top_of_a_white_rug/
11/22/2024 04:38:42 - INFO - root - Image have been saved in /shenzihe/WD-Disk/output/exp4/rc_car/checkpoint-100/images/on_top_of_a_white_rug/
11/22/2024 04:38:56 - INFO - root - Image have been saved in /shenzihe/WD-Disk/output/exp4/rc_car/checkpoint-100/images/on_top_of_a_white_rug/
11/22/2024 04:38:56 - INFO - __main__ - Running validation... 
 Generating 4 images with prompt:red.
11/22/2024 04:39:09 - INFO - root - Image have been saved in /shenzihe/WD-Disk/output/exp4/rc_car/checkpoint-100/images/red/
11/22/2024 04:39:23 - INFO - root - Image have been saved in /shenzihe/WD-Disk/output/exp4/rc_car/checkpoint-100/images/red/
11/22/2024 04:39:36 - INFO - root - Image have been saved in /shenzihe/WD-Disk/output/exp4/rc_car/checkpoint-100/images/red/
11/22/2024 04:39:50 - INFO - root - Image have been saved in /shenzihe/WD-Disk/output/exp4/rc_car/checkpoint-100/images/red/
11/22/2024 04:39:50 - INFO - __main__ - Running validation... 
 Generating 4 images with prompt:purple.
11/22/2024 04:40:03 - INFO - root - Image have been saved in /shenzihe/WD-Disk/output/exp4/rc_car/checkpoint-100/images/purple/
11/22/2024 04:40:17 - INFO - root - Image have been saved in /shenzihe/WD-Disk/output/exp4/rc_car/checkpoint-100/images/purple/
11/22/2024 04:40:30 - INFO - root - Image have been saved in /shenzihe/WD-Disk/output/exp4/rc_car/checkpoint-100/images/purple/
11/22/2024 04:40:44 - INFO - root - Image have been saved in /shenzihe/WD-Disk/output/exp4/rc_car/checkpoint-100/images/purple/
11/22/2024 04:40:44 - INFO - __main__ - Running validation... 
 Generating 4 images with prompt:shiny.
11/22/2024 04:40:58 - INFO - root - Image have been saved in /shenzihe/WD-Disk/output/exp4/rc_car/checkpoint-100/images/shiny/
11/22/2024 04:41:11 - INFO - root - Image have been saved in /shenzihe/WD-Disk/output/exp4/rc_car/checkpoint-100/images/shiny/
11/22/2024 04:41:25 - INFO - root - Image have been saved in /shenzihe/WD-Disk/output/exp4/rc_car/checkpoint-100/images/shiny/
11/22/2024 04:41:38 - INFO - root - Image have been saved in /shenzihe/WD-Disk/output/exp4/rc_car/checkpoint-100/images/shiny/
11/22/2024 04:41:38 - INFO - __main__ - Running validation... 
 Generating 4 images with prompt:wet.
11/22/2024 04:41:52 - INFO - root - Image have been saved in /shenzihe/WD-Disk/output/exp4/rc_car/checkpoint-100/images/wet/
11/22/2024 04:42:06 - INFO - root - Image have been saved in /shenzihe/WD-Disk/output/exp4/rc_car/checkpoint-100/images/wet/
11/22/2024 04:42:20 - INFO - root - Image have been saved in /shenzihe/WD-Disk/output/exp4/rc_car/checkpoint-100/images/wet/
11/22/2024 04:42:35 - INFO - root - Image have been saved in /shenzihe/WD-Disk/output/exp4/rc_car/checkpoint-100/images/wet/
11/22/2024 04:42:35 - INFO - __main__ - Running validation... 
 Generating 4 images with prompt:cube shaped.
11/22/2024 04:42:48 - INFO - root - Image have been saved in /shenzihe/WD-Disk/output/exp4/rc_car/checkpoint-100/images/cube_shaped/
11/22/2024 04:43:02 - INFO - root - Image have been saved in /shenzihe/WD-Disk/output/exp4/rc_car/checkpoint-100/images/cube_shaped/
11/22/2024 04:43:16 - INFO - root - Image have been saved in /shenzihe/WD-Disk/output/exp4/rc_car/checkpoint-100/images/cube_shaped/
11/22/2024 04:43:29 - INFO - root - Image have been saved in /shenzihe/WD-Disk/output/exp4/rc_car/checkpoint-100/images/cube_shaped/
