11/21/2024 18:53:36 - INFO - __main__ - Distributed environment: NO
Num processes: 1
Process index: 0
Local process index: 0
Device: cuda

Mixed precision type: no

11/21/2024 18:53:40 - INFO - root - freeze vision encoder
11/21/2024 18:53:50 - INFO - root - Loading pretrained model from /root/.cache/torch/hub/checkpoints/blip-diffusion
11/21/2024 18:53:50 - INFO - root - Loading pretrained BLIP2 Qformer weights.
11/21/2024 18:53:52 - INFO - root - Loading pretrained projection lyer weights.
11/21/2024 18:53:52 - INFO - root - Loading pretrained text encoder weights.
11/21/2024 18:53:52 - INFO - root - Loading pretrained vae weights.
11/21/2024 18:53:53 - INFO - root - Loading pretrained unet weights.
11/21/2024 18:54:03 - INFO - root - Using xformers.
11/21/2024 18:54:03 - INFO - root - Building datasets...
11/21/2024 18:54:13 - INFO - root - freeze vision encoder
11/21/2024 18:54:45 - INFO - root - load checkpoint from https://storage.googleapis.com/sfr-vision-language-research/LAVIS/models/BLIP2/blip2_pretrained_flant5xl.pth
11/21/2024 18:54:51 - INFO - __main__ - 
***** Running training *****
11/21/2024 18:54:51 - INFO - __main__ -   Num examples = 5
11/21/2024 18:54:51 - INFO - __main__ -   Num batches each epoch = 2
11/21/2024 18:54:51 - INFO - __main__ -   Num Epochs = 50
11/21/2024 18:54:51 - INFO - __main__ -   Instantaneous batch size per device = 3
11/21/2024 18:54:51 - INFO - __main__ -   Total train batch size (w. parallel, distributed & accumulation) = 3
11/21/2024 18:54:51 - INFO - __main__ -   Gradient Accumulation steps = 1
11/21/2024 18:54:51 - INFO - __main__ -   Total optimization steps = 100
11/21/2024 18:54:51 - INFO - __main__ -   Total parameters number = 1995356906
11/21/2024 18:54:51 - INFO - __main__ -   Training parameters number = 576349697
11/21/2024 18:56:38 - INFO - __main__ - Running validation... 
 Generating 4 images with prompt:in the jungle.
11/21/2024 18:56:51 - INFO - root - Image have been saved in /shenzihe/WD-Disk/output/exp4/backpack_dog/checkpoint-100/images/in_the_jungle/
11/21/2024 18:57:05 - INFO - root - Image have been saved in /shenzihe/WD-Disk/output/exp4/backpack_dog/checkpoint-100/images/in_the_jungle/
11/21/2024 18:57:18 - INFO - root - Image have been saved in /shenzihe/WD-Disk/output/exp4/backpack_dog/checkpoint-100/images/in_the_jungle/
11/21/2024 18:57:31 - INFO - root - Image have been saved in /shenzihe/WD-Disk/output/exp4/backpack_dog/checkpoint-100/images/in_the_jungle/
11/21/2024 18:57:31 - INFO - __main__ - Running validation... 
 Generating 4 images with prompt:in the snow.
11/21/2024 18:57:45 - INFO - root - Image have been saved in /shenzihe/WD-Disk/output/exp4/backpack_dog/checkpoint-100/images/in_the_snow/
11/21/2024 18:57:58 - INFO - root - Image have been saved in /shenzihe/WD-Disk/output/exp4/backpack_dog/checkpoint-100/images/in_the_snow/
11/21/2024 18:58:12 - INFO - root - Image have been saved in /shenzihe/WD-Disk/output/exp4/backpack_dog/checkpoint-100/images/in_the_snow/
11/21/2024 18:58:25 - INFO - root - Image have been saved in /shenzihe/WD-Disk/output/exp4/backpack_dog/checkpoint-100/images/in_the_snow/
11/21/2024 18:58:25 - INFO - __main__ - Running validation... 
 Generating 4 images with prompt:on the beach.
11/21/2024 18:58:39 - INFO - root - Image have been saved in /shenzihe/WD-Disk/output/exp4/backpack_dog/checkpoint-100/images/on_the_beach/
11/21/2024 18:58:52 - INFO - root - Image have been saved in /shenzihe/WD-Disk/output/exp4/backpack_dog/checkpoint-100/images/on_the_beach/
11/21/2024 18:59:06 - INFO - root - Image have been saved in /shenzihe/WD-Disk/output/exp4/backpack_dog/checkpoint-100/images/on_the_beach/
11/21/2024 18:59:19 - INFO - root - Image have been saved in /shenzihe/WD-Disk/output/exp4/backpack_dog/checkpoint-100/images/on_the_beach/
11/21/2024 18:59:19 - INFO - __main__ - Running validation... 
 Generating 4 images with prompt:on a cobblestone street.
11/21/2024 18:59:33 - INFO - root - Image have been saved in /shenzihe/WD-Disk/output/exp4/backpack_dog/checkpoint-100/images/on_a_cobblestone_street/
11/21/2024 18:59:46 - INFO - root - Image have been saved in /shenzihe/WD-Disk/output/exp4/backpack_dog/checkpoint-100/images/on_a_cobblestone_street/
11/21/2024 19:00:00 - INFO - root - Image have been saved in /shenzihe/WD-Disk/output/exp4/backpack_dog/checkpoint-100/images/on_a_cobblestone_street/
11/21/2024 19:00:13 - INFO - root - Image have been saved in /shenzihe/WD-Disk/output/exp4/backpack_dog/checkpoint-100/images/on_a_cobblestone_street/
11/21/2024 19:00:13 - INFO - __main__ - Running validation... 
 Generating 4 images with prompt:on top of pink fabric.
11/21/2024 19:00:26 - INFO - root - Image have been saved in /shenzihe/WD-Disk/output/exp4/backpack_dog/checkpoint-100/images/on_top_of_pink_fabric/
11/21/2024 19:00:40 - INFO - root - Image have been saved in /shenzihe/WD-Disk/output/exp4/backpack_dog/checkpoint-100/images/on_top_of_pink_fabric/
11/21/2024 19:00:53 - INFO - root - Image have been saved in /shenzihe/WD-Disk/output/exp4/backpack_dog/checkpoint-100/images/on_top_of_pink_fabric/
11/21/2024 19:01:07 - INFO - root - Image have been saved in /shenzihe/WD-Disk/output/exp4/backpack_dog/checkpoint-100/images/on_top_of_pink_fabric/
11/21/2024 19:01:07 - INFO - __main__ - Running validation... 
 Generating 4 images with prompt:on top of a wooden floor.
11/21/2024 19:01:20 - INFO - root - Image have been saved in /shenzihe/WD-Disk/output/exp4/backpack_dog/checkpoint-100/images/on_top_of_a_wooden_floor/
11/21/2024 19:01:34 - INFO - root - Image have been saved in /shenzihe/WD-Disk/output/exp4/backpack_dog/checkpoint-100/images/on_top_of_a_wooden_floor/
11/21/2024 19:01:47 - INFO - root - Image have been saved in /shenzihe/WD-Disk/output/exp4/backpack_dog/checkpoint-100/images/on_top_of_a_wooden_floor/
11/21/2024 19:02:01 - INFO - root - Image have been saved in /shenzihe/WD-Disk/output/exp4/backpack_dog/checkpoint-100/images/on_top_of_a_wooden_floor/
11/21/2024 19:02:01 - INFO - __main__ - Running validation... 
 Generating 4 images with prompt:with a city in the background.
11/21/2024 19:02:14 - INFO - root - Image have been saved in /shenzihe/WD-Disk/output/exp4/backpack_dog/checkpoint-100/images/with_a_city_in_the_background/
11/21/2024 19:02:28 - INFO - root - Image have been saved in /shenzihe/WD-Disk/output/exp4/backpack_dog/checkpoint-100/images/with_a_city_in_the_background/
11/21/2024 19:02:41 - INFO - root - Image have been saved in /shenzihe/WD-Disk/output/exp4/backpack_dog/checkpoint-100/images/with_a_city_in_the_background/
11/21/2024 19:02:55 - INFO - root - Image have been saved in /shenzihe/WD-Disk/output/exp4/backpack_dog/checkpoint-100/images/with_a_city_in_the_background/
11/21/2024 19:02:55 - INFO - __main__ - Running validation... 
 Generating 4 images with prompt:with a mountain in the background.
11/21/2024 19:03:08 - INFO - root - Image have been saved in /shenzihe/WD-Disk/output/exp4/backpack_dog/checkpoint-100/images/with_a_mountain_in_the_background/
11/21/2024 19:03:21 - INFO - root - Image have been saved in /shenzihe/WD-Disk/output/exp4/backpack_dog/checkpoint-100/images/with_a_mountain_in_the_background/
11/21/2024 19:03:35 - INFO - root - Image have been saved in /shenzihe/WD-Disk/output/exp4/backpack_dog/checkpoint-100/images/with_a_mountain_in_the_background/
11/21/2024 19:03:48 - INFO - root - Image have been saved in /shenzihe/WD-Disk/output/exp4/backpack_dog/checkpoint-100/images/with_a_mountain_in_the_background/
11/21/2024 19:03:48 - INFO - __main__ - Running validation... 
 Generating 4 images with prompt:with a blue house in the background.
11/21/2024 19:04:02 - INFO - root - Image have been saved in /shenzihe/WD-Disk/output/exp4/backpack_dog/checkpoint-100/images/with_a_blue_house_in_the_background/
11/21/2024 19:04:15 - INFO - root - Image have been saved in /shenzihe/WD-Disk/output/exp4/backpack_dog/checkpoint-100/images/with_a_blue_house_in_the_background/
11/21/2024 19:04:29 - INFO - root - Image have been saved in /shenzihe/WD-Disk/output/exp4/backpack_dog/checkpoint-100/images/with_a_blue_house_in_the_background/
11/21/2024 19:04:42 - INFO - root - Image have been saved in /shenzihe/WD-Disk/output/exp4/backpack_dog/checkpoint-100/images/with_a_blue_house_in_the_background/
11/21/2024 19:04:42 - INFO - __main__ - Running validation... 
 Generating 4 images with prompt:on top of a purple rug in a forest.
11/21/2024 19:04:56 - INFO - root - Image have been saved in /shenzihe/WD-Disk/output/exp4/backpack_dog/checkpoint-100/images/on_top_of_a_purple_rug_in_a_forest/
11/21/2024 19:05:09 - INFO - root - Image have been saved in /shenzihe/WD-Disk/output/exp4/backpack_dog/checkpoint-100/images/on_top_of_a_purple_rug_in_a_forest/
11/21/2024 19:05:23 - INFO - root - Image have been saved in /shenzihe/WD-Disk/output/exp4/backpack_dog/checkpoint-100/images/on_top_of_a_purple_rug_in_a_forest/
11/21/2024 19:05:36 - INFO - root - Image have been saved in /shenzihe/WD-Disk/output/exp4/backpack_dog/checkpoint-100/images/on_top_of_a_purple_rug_in_a_forest/
11/21/2024 19:05:36 - INFO - __main__ - Running validation... 
 Generating 4 images with prompt:with a wheat field in the background.
11/21/2024 19:05:50 - INFO - root - Image have been saved in /shenzihe/WD-Disk/output/exp4/backpack_dog/checkpoint-100/images/with_a_wheat_field_in_the_background/
11/21/2024 19:06:03 - INFO - root - Image have been saved in /shenzihe/WD-Disk/output/exp4/backpack_dog/checkpoint-100/images/with_a_wheat_field_in_the_background/
11/21/2024 19:06:17 - INFO - root - Image have been saved in /shenzihe/WD-Disk/output/exp4/backpack_dog/checkpoint-100/images/with_a_wheat_field_in_the_background/
11/21/2024 19:06:30 - INFO - root - Image have been saved in /shenzihe/WD-Disk/output/exp4/backpack_dog/checkpoint-100/images/with_a_wheat_field_in_the_background/
11/21/2024 19:06:30 - INFO - __main__ - Running validation... 
 Generating 4 images with prompt:with a tree and autumn leaves in the background.
11/21/2024 19:06:43 - INFO - root - Image have been saved in /shenzihe/WD-Disk/output/exp4/backpack_dog/checkpoint-100/images/with_a_tree_and_autumn_leaves_in_the_background/
11/21/2024 19:06:57 - INFO - root - Image have been saved in /shenzihe/WD-Disk/output/exp4/backpack_dog/checkpoint-100/images/with_a_tree_and_autumn_leaves_in_the_background/
11/21/2024 19:07:10 - INFO - root - Image have been saved in /shenzihe/WD-Disk/output/exp4/backpack_dog/checkpoint-100/images/with_a_tree_and_autumn_leaves_in_the_background/
11/21/2024 19:07:24 - INFO - root - Image have been saved in /shenzihe/WD-Disk/output/exp4/backpack_dog/checkpoint-100/images/with_a_tree_and_autumn_leaves_in_the_background/
11/21/2024 19:07:24 - INFO - __main__ - Running validation... 
 Generating 4 images with prompt:with the Eiffel Tower in the background.
11/21/2024 19:07:37 - INFO - root - Image have been saved in /shenzihe/WD-Disk/output/exp4/backpack_dog/checkpoint-100/images/with_the_Eiffel_Tower_in_the_background/
11/21/2024 19:07:51 - INFO - root - Image have been saved in /shenzihe/WD-Disk/output/exp4/backpack_dog/checkpoint-100/images/with_the_Eiffel_Tower_in_the_background/
11/21/2024 19:08:04 - INFO - root - Image have been saved in /shenzihe/WD-Disk/output/exp4/backpack_dog/checkpoint-100/images/with_the_Eiffel_Tower_in_the_background/
11/21/2024 19:08:18 - INFO - root - Image have been saved in /shenzihe/WD-Disk/output/exp4/backpack_dog/checkpoint-100/images/with_the_Eiffel_Tower_in_the_background/
11/21/2024 19:08:18 - INFO - __main__ - Running validation... 
 Generating 4 images with prompt:floating on top of water.
11/21/2024 19:08:31 - INFO - root - Image have been saved in /shenzihe/WD-Disk/output/exp4/backpack_dog/checkpoint-100/images/floating_on_top_of_water/
11/21/2024 19:08:44 - INFO - root - Image have been saved in /shenzihe/WD-Disk/output/exp4/backpack_dog/checkpoint-100/images/floating_on_top_of_water/
11/21/2024 19:08:58 - INFO - root - Image have been saved in /shenzihe/WD-Disk/output/exp4/backpack_dog/checkpoint-100/images/floating_on_top_of_water/
11/21/2024 19:09:11 - INFO - root - Image have been saved in /shenzihe/WD-Disk/output/exp4/backpack_dog/checkpoint-100/images/floating_on_top_of_water/
11/21/2024 19:09:11 - INFO - __main__ - Running validation... 
 Generating 4 images with prompt:floating in an ocean of milk.
11/21/2024 19:09:25 - INFO - root - Image have been saved in /shenzihe/WD-Disk/output/exp4/backpack_dog/checkpoint-100/images/floating_in_an_ocean_of_milk/
11/21/2024 19:09:39 - INFO - root - Image have been saved in /shenzihe/WD-Disk/output/exp4/backpack_dog/checkpoint-100/images/floating_in_an_ocean_of_milk/
11/21/2024 19:09:52 - INFO - root - Image have been saved in /shenzihe/WD-Disk/output/exp4/backpack_dog/checkpoint-100/images/floating_in_an_ocean_of_milk/
11/21/2024 19:10:06 - INFO - root - Image have been saved in /shenzihe/WD-Disk/output/exp4/backpack_dog/checkpoint-100/images/floating_in_an_ocean_of_milk/
11/21/2024 19:10:06 - INFO - __main__ - Running validation... 
 Generating 4 images with prompt:on top of green grass with sunflowers around it.
11/21/2024 19:10:19 - INFO - root - Image have been saved in /shenzihe/WD-Disk/output/exp4/backpack_dog/checkpoint-100/images/on_top_of_green_grass_with_sunflowers_around_it/
11/21/2024 19:10:33 - INFO - root - Image have been saved in /shenzihe/WD-Disk/output/exp4/backpack_dog/checkpoint-100/images/on_top_of_green_grass_with_sunflowers_around_it/
11/21/2024 19:10:46 - INFO - root - Image have been saved in /shenzihe/WD-Disk/output/exp4/backpack_dog/checkpoint-100/images/on_top_of_green_grass_with_sunflowers_around_it/
11/21/2024 19:11:00 - INFO - root - Image have been saved in /shenzihe/WD-Disk/output/exp4/backpack_dog/checkpoint-100/images/on_top_of_green_grass_with_sunflowers_around_it/
11/21/2024 19:11:00 - INFO - __main__ - Running validation... 
 Generating 4 images with prompt:on top of a mirror.
11/21/2024 19:11:13 - INFO - root - Image have been saved in /shenzihe/WD-Disk/output/exp4/backpack_dog/checkpoint-100/images/on_top_of_a_mirror/
11/21/2024 19:11:27 - INFO - root - Image have been saved in /shenzihe/WD-Disk/output/exp4/backpack_dog/checkpoint-100/images/on_top_of_a_mirror/
11/21/2024 19:11:40 - INFO - root - Image have been saved in /shenzihe/WD-Disk/output/exp4/backpack_dog/checkpoint-100/images/on_top_of_a_mirror/
11/21/2024 19:11:54 - INFO - root - Image have been saved in /shenzihe/WD-Disk/output/exp4/backpack_dog/checkpoint-100/images/on_top_of_a_mirror/
11/21/2024 19:11:54 - INFO - __main__ - Running validation... 
 Generating 4 images with prompt:on top of the sidewalk in a crowded street.
11/21/2024 19:12:07 - INFO - root - Image have been saved in /shenzihe/WD-Disk/output/exp4/backpack_dog/checkpoint-100/images/on_top_of_the_sidewalk_in_a_crowded_street/
11/21/2024 19:12:21 - INFO - root - Image have been saved in /shenzihe/WD-Disk/output/exp4/backpack_dog/checkpoint-100/images/on_top_of_the_sidewalk_in_a_crowded_street/
11/21/2024 19:12:34 - INFO - root - Image have been saved in /shenzihe/WD-Disk/output/exp4/backpack_dog/checkpoint-100/images/on_top_of_the_sidewalk_in_a_crowded_street/
11/21/2024 19:12:47 - INFO - root - Image have been saved in /shenzihe/WD-Disk/output/exp4/backpack_dog/checkpoint-100/images/on_top_of_the_sidewalk_in_a_crowded_street/
11/21/2024 19:12:47 - INFO - __main__ - Running validation... 
 Generating 4 images with prompt:on top of a dirt road.
11/21/2024 19:13:01 - INFO - root - Image have been saved in /shenzihe/WD-Disk/output/exp4/backpack_dog/checkpoint-100/images/on_top_of_a_dirt_road/
11/21/2024 19:13:14 - INFO - root - Image have been saved in /shenzihe/WD-Disk/output/exp4/backpack_dog/checkpoint-100/images/on_top_of_a_dirt_road/
11/21/2024 19:13:28 - INFO - root - Image have been saved in /shenzihe/WD-Disk/output/exp4/backpack_dog/checkpoint-100/images/on_top_of_a_dirt_road/
11/21/2024 19:13:41 - INFO - root - Image have been saved in /shenzihe/WD-Disk/output/exp4/backpack_dog/checkpoint-100/images/on_top_of_a_dirt_road/
11/21/2024 19:13:41 - INFO - __main__ - Running validation... 
 Generating 4 images with prompt:on top of a white rug.
11/21/2024 19:13:55 - INFO - root - Image have been saved in /shenzihe/WD-Disk/output/exp4/backpack_dog/checkpoint-100/images/on_top_of_a_white_rug/
11/21/2024 19:14:08 - INFO - root - Image have been saved in /shenzihe/WD-Disk/output/exp4/backpack_dog/checkpoint-100/images/on_top_of_a_white_rug/
11/21/2024 19:14:22 - INFO - root - Image have been saved in /shenzihe/WD-Disk/output/exp4/backpack_dog/checkpoint-100/images/on_top_of_a_white_rug/
11/21/2024 19:14:35 - INFO - root - Image have been saved in /shenzihe/WD-Disk/output/exp4/backpack_dog/checkpoint-100/images/on_top_of_a_white_rug/
11/21/2024 19:14:35 - INFO - __main__ - Running validation... 
 Generating 4 images with prompt:red.
11/21/2024 19:14:49 - INFO - root - Image have been saved in /shenzihe/WD-Disk/output/exp4/backpack_dog/checkpoint-100/images/red/
11/21/2024 19:15:02 - INFO - root - Image have been saved in /shenzihe/WD-Disk/output/exp4/backpack_dog/checkpoint-100/images/red/
11/21/2024 19:15:15 - INFO - root - Image have been saved in /shenzihe/WD-Disk/output/exp4/backpack_dog/checkpoint-100/images/red/
11/21/2024 19:15:29 - INFO - root - Image have been saved in /shenzihe/WD-Disk/output/exp4/backpack_dog/checkpoint-100/images/red/
11/21/2024 19:15:29 - INFO - __main__ - Running validation... 
 Generating 4 images with prompt:purple.
11/21/2024 19:15:42 - INFO - root - Image have been saved in /shenzihe/WD-Disk/output/exp4/backpack_dog/checkpoint-100/images/purple/
11/21/2024 19:15:56 - INFO - root - Image have been saved in /shenzihe/WD-Disk/output/exp4/backpack_dog/checkpoint-100/images/purple/
11/21/2024 19:16:09 - INFO - root - Image have been saved in /shenzihe/WD-Disk/output/exp4/backpack_dog/checkpoint-100/images/purple/
11/21/2024 19:16:23 - INFO - root - Image have been saved in /shenzihe/WD-Disk/output/exp4/backpack_dog/checkpoint-100/images/purple/
11/21/2024 19:16:23 - INFO - __main__ - Running validation... 
 Generating 4 images with prompt:shiny.
11/21/2024 19:16:36 - INFO - root - Image have been saved in /shenzihe/WD-Disk/output/exp4/backpack_dog/checkpoint-100/images/shiny/
11/21/2024 19:16:50 - INFO - root - Image have been saved in /shenzihe/WD-Disk/output/exp4/backpack_dog/checkpoint-100/images/shiny/
11/21/2024 19:17:03 - INFO - root - Image have been saved in /shenzihe/WD-Disk/output/exp4/backpack_dog/checkpoint-100/images/shiny/
11/21/2024 19:17:16 - INFO - root - Image have been saved in /shenzihe/WD-Disk/output/exp4/backpack_dog/checkpoint-100/images/shiny/
11/21/2024 19:17:16 - INFO - __main__ - Running validation... 
 Generating 4 images with prompt:wet.
11/21/2024 19:17:30 - INFO - root - Image have been saved in /shenzihe/WD-Disk/output/exp4/backpack_dog/checkpoint-100/images/wet/
11/21/2024 19:17:43 - INFO - root - Image have been saved in /shenzihe/WD-Disk/output/exp4/backpack_dog/checkpoint-100/images/wet/
11/21/2024 19:17:57 - INFO - root - Image have been saved in /shenzihe/WD-Disk/output/exp4/backpack_dog/checkpoint-100/images/wet/
11/21/2024 19:18:10 - INFO - root - Image have been saved in /shenzihe/WD-Disk/output/exp4/backpack_dog/checkpoint-100/images/wet/
11/21/2024 19:18:10 - INFO - __main__ - Running validation... 
 Generating 4 images with prompt:cube shaped.
11/21/2024 19:18:24 - INFO - root - Image have been saved in /shenzihe/WD-Disk/output/exp4/backpack_dog/checkpoint-100/images/cube_shaped/
11/21/2024 19:18:37 - INFO - root - Image have been saved in /shenzihe/WD-Disk/output/exp4/backpack_dog/checkpoint-100/images/cube_shaped/
11/21/2024 19:18:51 - INFO - root - Image have been saved in /shenzihe/WD-Disk/output/exp4/backpack_dog/checkpoint-100/images/cube_shaped/
11/21/2024 19:19:04 - INFO - root - Image have been saved in /shenzihe/WD-Disk/output/exp4/backpack_dog/checkpoint-100/images/cube_shaped/
