11/21/2024 23:09:52 - INFO - __main__ - Distributed environment: NO
Num processes: 1
Process index: 0
Local process index: 0
Device: cuda

Mixed precision type: no

11/21/2024 23:09:57 - INFO - root - freeze vision encoder
11/21/2024 23:10:07 - INFO - root - Loading pretrained model from /root/.cache/torch/hub/checkpoints/blip-diffusion
11/21/2024 23:10:07 - INFO - root - Loading pretrained BLIP2 Qformer weights.
11/21/2024 23:10:09 - INFO - root - Loading pretrained projection lyer weights.
11/21/2024 23:10:09 - INFO - root - Loading pretrained text encoder weights.
11/21/2024 23:10:10 - INFO - root - Loading pretrained vae weights.
11/21/2024 23:10:10 - INFO - root - Loading pretrained unet weights.
11/21/2024 23:10:18 - INFO - root - Using xformers.
11/21/2024 23:10:18 - INFO - root - Building datasets...
11/21/2024 23:10:29 - INFO - root - freeze vision encoder
11/21/2024 23:11:00 - INFO - root - load checkpoint from https://storage.googleapis.com/sfr-vision-language-research/LAVIS/models/BLIP2/blip2_pretrained_flant5xl.pth
11/21/2024 23:11:06 - INFO - __main__ - 
***** Running training *****
11/21/2024 23:11:06 - INFO - __main__ -   Num examples = 6
11/21/2024 23:11:06 - INFO - __main__ -   Num batches each epoch = 2
11/21/2024 23:11:06 - INFO - __main__ -   Num Epochs = 50
11/21/2024 23:11:06 - INFO - __main__ -   Instantaneous batch size per device = 3
11/21/2024 23:11:06 - INFO - __main__ -   Total train batch size (w. parallel, distributed & accumulation) = 3
11/21/2024 23:11:06 - INFO - __main__ -   Gradient Accumulation steps = 1
11/21/2024 23:11:06 - INFO - __main__ -   Total optimization steps = 100
11/21/2024 23:11:06 - INFO - __main__ -   Total parameters number = 1995356906
11/21/2024 23:11:06 - INFO - __main__ -   Training parameters number = 576349697
11/21/2024 23:13:01 - INFO - __main__ - Running validation... 
 Generating 4 images with prompt:in the jungle.
11/21/2024 23:13:15 - INFO - root - Image have been saved in /shenzihe/WD-Disk/output/exp4/dog2/checkpoint-100/images/in_the_jungle/
11/21/2024 23:13:28 - INFO - root - Image have been saved in /shenzihe/WD-Disk/output/exp4/dog2/checkpoint-100/images/in_the_jungle/
11/21/2024 23:13:41 - INFO - root - Image have been saved in /shenzihe/WD-Disk/output/exp4/dog2/checkpoint-100/images/in_the_jungle/
11/21/2024 23:13:55 - INFO - root - Image have been saved in /shenzihe/WD-Disk/output/exp4/dog2/checkpoint-100/images/in_the_jungle/
11/21/2024 23:13:55 - INFO - __main__ - Running validation... 
 Generating 4 images with prompt:in the snow.
11/21/2024 23:14:08 - INFO - root - Image have been saved in /shenzihe/WD-Disk/output/exp4/dog2/checkpoint-100/images/in_the_snow/
11/21/2024 23:14:22 - INFO - root - Image have been saved in /shenzihe/WD-Disk/output/exp4/dog2/checkpoint-100/images/in_the_snow/
11/21/2024 23:14:35 - INFO - root - Image have been saved in /shenzihe/WD-Disk/output/exp4/dog2/checkpoint-100/images/in_the_snow/
11/21/2024 23:14:48 - INFO - root - Image have been saved in /shenzihe/WD-Disk/output/exp4/dog2/checkpoint-100/images/in_the_snow/
11/21/2024 23:14:48 - INFO - __main__ - Running validation... 
 Generating 4 images with prompt:on the beach.
11/21/2024 23:15:02 - INFO - root - Image have been saved in /shenzihe/WD-Disk/output/exp4/dog2/checkpoint-100/images/on_the_beach/
11/21/2024 23:15:15 - INFO - root - Image have been saved in /shenzihe/WD-Disk/output/exp4/dog2/checkpoint-100/images/on_the_beach/
11/21/2024 23:15:29 - INFO - root - Image have been saved in /shenzihe/WD-Disk/output/exp4/dog2/checkpoint-100/images/on_the_beach/
11/21/2024 23:15:42 - INFO - root - Image have been saved in /shenzihe/WD-Disk/output/exp4/dog2/checkpoint-100/images/on_the_beach/
11/21/2024 23:15:42 - INFO - __main__ - Running validation... 
 Generating 4 images with prompt:on a cobblestone street.
11/21/2024 23:15:55 - INFO - root - Image have been saved in /shenzihe/WD-Disk/output/exp4/dog2/checkpoint-100/images/on_a_cobblestone_street/
11/21/2024 23:16:09 - INFO - root - Image have been saved in /shenzihe/WD-Disk/output/exp4/dog2/checkpoint-100/images/on_a_cobblestone_street/
11/21/2024 23:16:22 - INFO - root - Image have been saved in /shenzihe/WD-Disk/output/exp4/dog2/checkpoint-100/images/on_a_cobblestone_street/
11/21/2024 23:16:35 - INFO - root - Image have been saved in /shenzihe/WD-Disk/output/exp4/dog2/checkpoint-100/images/on_a_cobblestone_street/
11/21/2024 23:16:35 - INFO - __main__ - Running validation... 
 Generating 4 images with prompt:on top of pink fabric.
11/21/2024 23:16:49 - INFO - root - Image have been saved in /shenzihe/WD-Disk/output/exp4/dog2/checkpoint-100/images/on_top_of_pink_fabric/
11/21/2024 23:17:02 - INFO - root - Image have been saved in /shenzihe/WD-Disk/output/exp4/dog2/checkpoint-100/images/on_top_of_pink_fabric/
11/21/2024 23:17:16 - INFO - root - Image have been saved in /shenzihe/WD-Disk/output/exp4/dog2/checkpoint-100/images/on_top_of_pink_fabric/
11/21/2024 23:17:29 - INFO - root - Image have been saved in /shenzihe/WD-Disk/output/exp4/dog2/checkpoint-100/images/on_top_of_pink_fabric/
11/21/2024 23:17:29 - INFO - __main__ - Running validation... 
 Generating 4 images with prompt:on top of a wooden floor.
11/21/2024 23:17:42 - INFO - root - Image have been saved in /shenzihe/WD-Disk/output/exp4/dog2/checkpoint-100/images/on_top_of_a_wooden_floor/
11/21/2024 23:17:56 - INFO - root - Image have been saved in /shenzihe/WD-Disk/output/exp4/dog2/checkpoint-100/images/on_top_of_a_wooden_floor/
11/21/2024 23:18:09 - INFO - root - Image have been saved in /shenzihe/WD-Disk/output/exp4/dog2/checkpoint-100/images/on_top_of_a_wooden_floor/
11/21/2024 23:18:22 - INFO - root - Image have been saved in /shenzihe/WD-Disk/output/exp4/dog2/checkpoint-100/images/on_top_of_a_wooden_floor/
11/21/2024 23:18:22 - INFO - __main__ - Running validation... 
 Generating 4 images with prompt:with a city in the background.
11/21/2024 23:18:36 - INFO - root - Image have been saved in /shenzihe/WD-Disk/output/exp4/dog2/checkpoint-100/images/with_a_city_in_the_background/
11/21/2024 23:18:49 - INFO - root - Image have been saved in /shenzihe/WD-Disk/output/exp4/dog2/checkpoint-100/images/with_a_city_in_the_background/
11/21/2024 23:19:03 - INFO - root - Image have been saved in /shenzihe/WD-Disk/output/exp4/dog2/checkpoint-100/images/with_a_city_in_the_background/
11/21/2024 23:19:16 - INFO - root - Image have been saved in /shenzihe/WD-Disk/output/exp4/dog2/checkpoint-100/images/with_a_city_in_the_background/
11/21/2024 23:19:16 - INFO - __main__ - Running validation... 
 Generating 4 images with prompt:with a mountain in the background.
11/21/2024 23:19:30 - INFO - root - Image have been saved in /shenzihe/WD-Disk/output/exp4/dog2/checkpoint-100/images/with_a_mountain_in_the_background/
11/21/2024 23:19:43 - INFO - root - Image have been saved in /shenzihe/WD-Disk/output/exp4/dog2/checkpoint-100/images/with_a_mountain_in_the_background/
11/21/2024 23:19:56 - INFO - root - Image have been saved in /shenzihe/WD-Disk/output/exp4/dog2/checkpoint-100/images/with_a_mountain_in_the_background/
11/21/2024 23:20:10 - INFO - root - Image have been saved in /shenzihe/WD-Disk/output/exp4/dog2/checkpoint-100/images/with_a_mountain_in_the_background/
11/21/2024 23:20:10 - INFO - __main__ - Running validation... 
 Generating 4 images with prompt:with a blue house in the background.
11/21/2024 23:20:23 - INFO - root - Image have been saved in /shenzihe/WD-Disk/output/exp4/dog2/checkpoint-100/images/with_a_blue_house_in_the_background/
11/21/2024 23:20:36 - INFO - root - Image have been saved in /shenzihe/WD-Disk/output/exp4/dog2/checkpoint-100/images/with_a_blue_house_in_the_background/
11/21/2024 23:20:50 - INFO - root - Image have been saved in /shenzihe/WD-Disk/output/exp4/dog2/checkpoint-100/images/with_a_blue_house_in_the_background/
11/21/2024 23:21:03 - INFO - root - Image have been saved in /shenzihe/WD-Disk/output/exp4/dog2/checkpoint-100/images/with_a_blue_house_in_the_background/
11/21/2024 23:21:03 - INFO - __main__ - Running validation... 
 Generating 4 images with prompt:on top of a purple rug in a forest.
11/21/2024 23:21:17 - INFO - root - Image have been saved in /shenzihe/WD-Disk/output/exp4/dog2/checkpoint-100/images/on_top_of_a_purple_rug_in_a_forest/
11/21/2024 23:21:30 - INFO - root - Image have been saved in /shenzihe/WD-Disk/output/exp4/dog2/checkpoint-100/images/on_top_of_a_purple_rug_in_a_forest/
11/21/2024 23:21:43 - INFO - root - Image have been saved in /shenzihe/WD-Disk/output/exp4/dog2/checkpoint-100/images/on_top_of_a_purple_rug_in_a_forest/
11/21/2024 23:21:57 - INFO - root - Image have been saved in /shenzihe/WD-Disk/output/exp4/dog2/checkpoint-100/images/on_top_of_a_purple_rug_in_a_forest/
11/21/2024 23:21:57 - INFO - __main__ - Running validation... 
 Generating 4 images with prompt:with a wheat field in the background.
11/21/2024 23:22:10 - INFO - root - Image have been saved in /shenzihe/WD-Disk/output/exp4/dog2/checkpoint-100/images/with_a_wheat_field_in_the_background/
11/21/2024 23:22:24 - INFO - root - Image have been saved in /shenzihe/WD-Disk/output/exp4/dog2/checkpoint-100/images/with_a_wheat_field_in_the_background/
11/21/2024 23:22:37 - INFO - root - Image have been saved in /shenzihe/WD-Disk/output/exp4/dog2/checkpoint-100/images/with_a_wheat_field_in_the_background/
11/21/2024 23:22:50 - INFO - root - Image have been saved in /shenzihe/WD-Disk/output/exp4/dog2/checkpoint-100/images/with_a_wheat_field_in_the_background/
11/21/2024 23:22:50 - INFO - __main__ - Running validation... 
 Generating 4 images with prompt:with a tree and autumn leaves in the background.
11/21/2024 23:23:04 - INFO - root - Image have been saved in /shenzihe/WD-Disk/output/exp4/dog2/checkpoint-100/images/with_a_tree_and_autumn_leaves_in_the_background/
11/21/2024 23:23:17 - INFO - root - Image have been saved in /shenzihe/WD-Disk/output/exp4/dog2/checkpoint-100/images/with_a_tree_and_autumn_leaves_in_the_background/
11/21/2024 23:23:30 - INFO - root - Image have been saved in /shenzihe/WD-Disk/output/exp4/dog2/checkpoint-100/images/with_a_tree_and_autumn_leaves_in_the_background/
11/21/2024 23:23:44 - INFO - root - Image have been saved in /shenzihe/WD-Disk/output/exp4/dog2/checkpoint-100/images/with_a_tree_and_autumn_leaves_in_the_background/
11/21/2024 23:23:44 - INFO - __main__ - Running validation... 
 Generating 4 images with prompt:with the Eiffel Tower in the background.
11/21/2024 23:23:57 - INFO - root - Image have been saved in /shenzihe/WD-Disk/output/exp4/dog2/checkpoint-100/images/with_the_Eiffel_Tower_in_the_background/
11/21/2024 23:24:11 - INFO - root - Image have been saved in /shenzihe/WD-Disk/output/exp4/dog2/checkpoint-100/images/with_the_Eiffel_Tower_in_the_background/
11/21/2024 23:24:24 - INFO - root - Image have been saved in /shenzihe/WD-Disk/output/exp4/dog2/checkpoint-100/images/with_the_Eiffel_Tower_in_the_background/
11/21/2024 23:24:37 - INFO - root - Image have been saved in /shenzihe/WD-Disk/output/exp4/dog2/checkpoint-100/images/with_the_Eiffel_Tower_in_the_background/
11/21/2024 23:24:37 - INFO - __main__ - Running validation... 
 Generating 4 images with prompt:floating on top of water.
11/21/2024 23:24:51 - INFO - root - Image have been saved in /shenzihe/WD-Disk/output/exp4/dog2/checkpoint-100/images/floating_on_top_of_water/
11/21/2024 23:25:04 - INFO - root - Image have been saved in /shenzihe/WD-Disk/output/exp4/dog2/checkpoint-100/images/floating_on_top_of_water/
11/21/2024 23:25:17 - INFO - root - Image have been saved in /shenzihe/WD-Disk/output/exp4/dog2/checkpoint-100/images/floating_on_top_of_water/
11/21/2024 23:25:31 - INFO - root - Image have been saved in /shenzihe/WD-Disk/output/exp4/dog2/checkpoint-100/images/floating_on_top_of_water/
11/21/2024 23:25:31 - INFO - __main__ - Running validation... 
 Generating 4 images with prompt:floating in an ocean of milk.
11/21/2024 23:25:44 - INFO - root - Image have been saved in /shenzihe/WD-Disk/output/exp4/dog2/checkpoint-100/images/floating_in_an_ocean_of_milk/
11/21/2024 23:25:58 - INFO - root - Image have been saved in /shenzihe/WD-Disk/output/exp4/dog2/checkpoint-100/images/floating_in_an_ocean_of_milk/
11/21/2024 23:26:11 - INFO - root - Image have been saved in /shenzihe/WD-Disk/output/exp4/dog2/checkpoint-100/images/floating_in_an_ocean_of_milk/
11/21/2024 23:26:24 - INFO - root - Image have been saved in /shenzihe/WD-Disk/output/exp4/dog2/checkpoint-100/images/floating_in_an_ocean_of_milk/
11/21/2024 23:26:24 - INFO - __main__ - Running validation... 
 Generating 4 images with prompt:on top of green grass with sunflowers around it.
11/21/2024 23:26:38 - INFO - root - Image have been saved in /shenzihe/WD-Disk/output/exp4/dog2/checkpoint-100/images/on_top_of_green_grass_with_sunflowers_around_it/
11/21/2024 23:26:51 - INFO - root - Image have been saved in /shenzihe/WD-Disk/output/exp4/dog2/checkpoint-100/images/on_top_of_green_grass_with_sunflowers_around_it/
11/21/2024 23:27:04 - INFO - root - Image have been saved in /shenzihe/WD-Disk/output/exp4/dog2/checkpoint-100/images/on_top_of_green_grass_with_sunflowers_around_it/
11/21/2024 23:27:18 - INFO - root - Image have been saved in /shenzihe/WD-Disk/output/exp4/dog2/checkpoint-100/images/on_top_of_green_grass_with_sunflowers_around_it/
11/21/2024 23:27:18 - INFO - __main__ - Running validation... 
 Generating 4 images with prompt:on top of a mirror.
11/21/2024 23:27:31 - INFO - root - Image have been saved in /shenzihe/WD-Disk/output/exp4/dog2/checkpoint-100/images/on_top_of_a_mirror/
11/21/2024 23:27:45 - INFO - root - Image have been saved in /shenzihe/WD-Disk/output/exp4/dog2/checkpoint-100/images/on_top_of_a_mirror/
11/21/2024 23:27:58 - INFO - root - Image have been saved in /shenzihe/WD-Disk/output/exp4/dog2/checkpoint-100/images/on_top_of_a_mirror/
11/21/2024 23:28:11 - INFO - root - Image have been saved in /shenzihe/WD-Disk/output/exp4/dog2/checkpoint-100/images/on_top_of_a_mirror/
11/21/2024 23:28:11 - INFO - __main__ - Running validation... 
 Generating 4 images with prompt:on top of the sidewalk in a crowded street.
11/21/2024 23:28:25 - INFO - root - Image have been saved in /shenzihe/WD-Disk/output/exp4/dog2/checkpoint-100/images/on_top_of_the_sidewalk_in_a_crowded_street/
11/21/2024 23:28:38 - INFO - root - Image have been saved in /shenzihe/WD-Disk/output/exp4/dog2/checkpoint-100/images/on_top_of_the_sidewalk_in_a_crowded_street/
11/21/2024 23:28:51 - INFO - root - Image have been saved in /shenzihe/WD-Disk/output/exp4/dog2/checkpoint-100/images/on_top_of_the_sidewalk_in_a_crowded_street/
11/21/2024 23:29:05 - INFO - root - Image have been saved in /shenzihe/WD-Disk/output/exp4/dog2/checkpoint-100/images/on_top_of_the_sidewalk_in_a_crowded_street/
11/21/2024 23:29:05 - INFO - __main__ - Running validation... 
 Generating 4 images with prompt:on top of a dirt road.
11/21/2024 23:29:18 - INFO - root - Image have been saved in /shenzihe/WD-Disk/output/exp4/dog2/checkpoint-100/images/on_top_of_a_dirt_road/
11/21/2024 23:29:31 - INFO - root - Image have been saved in /shenzihe/WD-Disk/output/exp4/dog2/checkpoint-100/images/on_top_of_a_dirt_road/
11/21/2024 23:29:45 - INFO - root - Image have been saved in /shenzihe/WD-Disk/output/exp4/dog2/checkpoint-100/images/on_top_of_a_dirt_road/
11/21/2024 23:29:58 - INFO - root - Image have been saved in /shenzihe/WD-Disk/output/exp4/dog2/checkpoint-100/images/on_top_of_a_dirt_road/
11/21/2024 23:29:58 - INFO - __main__ - Running validation... 
 Generating 4 images with prompt:on top of a white rug.
11/21/2024 23:30:12 - INFO - root - Image have been saved in /shenzihe/WD-Disk/output/exp4/dog2/checkpoint-100/images/on_top_of_a_white_rug/
11/21/2024 23:30:25 - INFO - root - Image have been saved in /shenzihe/WD-Disk/output/exp4/dog2/checkpoint-100/images/on_top_of_a_white_rug/
11/21/2024 23:30:38 - INFO - root - Image have been saved in /shenzihe/WD-Disk/output/exp4/dog2/checkpoint-100/images/on_top_of_a_white_rug/
11/21/2024 23:30:52 - INFO - root - Image have been saved in /shenzihe/WD-Disk/output/exp4/dog2/checkpoint-100/images/on_top_of_a_white_rug/
11/21/2024 23:30:52 - INFO - __main__ - Running validation... 
 Generating 4 images with prompt:red.
11/21/2024 23:31:05 - INFO - root - Image have been saved in /shenzihe/WD-Disk/output/exp4/dog2/checkpoint-100/images/red/
11/21/2024 23:31:19 - INFO - root - Image have been saved in /shenzihe/WD-Disk/output/exp4/dog2/checkpoint-100/images/red/
11/21/2024 23:31:32 - INFO - root - Image have been saved in /shenzihe/WD-Disk/output/exp4/dog2/checkpoint-100/images/red/
11/21/2024 23:31:45 - INFO - root - Image have been saved in /shenzihe/WD-Disk/output/exp4/dog2/checkpoint-100/images/red/
11/21/2024 23:31:45 - INFO - __main__ - Running validation... 
 Generating 4 images with prompt:purple.
11/21/2024 23:31:59 - INFO - root - Image have been saved in /shenzihe/WD-Disk/output/exp4/dog2/checkpoint-100/images/purple/
11/21/2024 23:32:12 - INFO - root - Image have been saved in /shenzihe/WD-Disk/output/exp4/dog2/checkpoint-100/images/purple/
11/21/2024 23:32:25 - INFO - root - Image have been saved in /shenzihe/WD-Disk/output/exp4/dog2/checkpoint-100/images/purple/
11/21/2024 23:32:39 - INFO - root - Image have been saved in /shenzihe/WD-Disk/output/exp4/dog2/checkpoint-100/images/purple/
11/21/2024 23:32:39 - INFO - __main__ - Running validation... 
 Generating 4 images with prompt:shiny.
11/21/2024 23:32:52 - INFO - root - Image have been saved in /shenzihe/WD-Disk/output/exp4/dog2/checkpoint-100/images/shiny/
11/21/2024 23:33:06 - INFO - root - Image have been saved in /shenzihe/WD-Disk/output/exp4/dog2/checkpoint-100/images/shiny/
11/21/2024 23:33:19 - INFO - root - Image have been saved in /shenzihe/WD-Disk/output/exp4/dog2/checkpoint-100/images/shiny/
11/21/2024 23:33:32 - INFO - root - Image have been saved in /shenzihe/WD-Disk/output/exp4/dog2/checkpoint-100/images/shiny/
11/21/2024 23:33:32 - INFO - __main__ - Running validation... 
 Generating 4 images with prompt:wet.
11/21/2024 23:33:46 - INFO - root - Image have been saved in /shenzihe/WD-Disk/output/exp4/dog2/checkpoint-100/images/wet/
11/21/2024 23:33:59 - INFO - root - Image have been saved in /shenzihe/WD-Disk/output/exp4/dog2/checkpoint-100/images/wet/
11/21/2024 23:34:12 - INFO - root - Image have been saved in /shenzihe/WD-Disk/output/exp4/dog2/checkpoint-100/images/wet/
11/21/2024 23:34:26 - INFO - root - Image have been saved in /shenzihe/WD-Disk/output/exp4/dog2/checkpoint-100/images/wet/
11/21/2024 23:34:26 - INFO - __main__ - Running validation... 
 Generating 4 images with prompt:cube shaped.
11/21/2024 23:34:39 - INFO - root - Image have been saved in /shenzihe/WD-Disk/output/exp4/dog2/checkpoint-100/images/cube_shaped/
11/21/2024 23:34:53 - INFO - root - Image have been saved in /shenzihe/WD-Disk/output/exp4/dog2/checkpoint-100/images/cube_shaped/
11/21/2024 23:35:06 - INFO - root - Image have been saved in /shenzihe/WD-Disk/output/exp4/dog2/checkpoint-100/images/cube_shaped/
11/21/2024 23:35:19 - INFO - root - Image have been saved in /shenzihe/WD-Disk/output/exp4/dog2/checkpoint-100/images/cube_shaped/
