11/21/2024 23:35:31 - INFO - __main__ - Distributed environment: NO
Num processes: 1
Process index: 0
Local process index: 0
Device: cuda

Mixed precision type: no

11/21/2024 23:35:36 - INFO - root - freeze vision encoder
11/21/2024 23:35:46 - INFO - root - Loading pretrained model from /root/.cache/torch/hub/checkpoints/blip-diffusion
11/21/2024 23:35:46 - INFO - root - Loading pretrained BLIP2 Qformer weights.
11/21/2024 23:35:48 - INFO - root - Loading pretrained projection lyer weights.
11/21/2024 23:35:48 - INFO - root - Loading pretrained text encoder weights.
11/21/2024 23:35:48 - INFO - root - Loading pretrained vae weights.
11/21/2024 23:35:49 - INFO - root - Loading pretrained unet weights.
11/21/2024 23:35:56 - INFO - root - Using xformers.
11/21/2024 23:35:56 - INFO - root - Building datasets...
11/21/2024 23:36:07 - INFO - root - freeze vision encoder
11/21/2024 23:36:35 - INFO - root - load checkpoint from https://storage.googleapis.com/sfr-vision-language-research/LAVIS/models/BLIP2/blip2_pretrained_flant5xl.pth
11/21/2024 23:36:42 - INFO - __main__ - 
***** Running training *****
11/21/2024 23:36:42 - INFO - __main__ -   Num examples = 6
11/21/2024 23:36:42 - INFO - __main__ -   Num batches each epoch = 2
11/21/2024 23:36:42 - INFO - __main__ -   Num Epochs = 50
11/21/2024 23:36:42 - INFO - __main__ -   Instantaneous batch size per device = 3
11/21/2024 23:36:42 - INFO - __main__ -   Total train batch size (w. parallel, distributed & accumulation) = 3
11/21/2024 23:36:42 - INFO - __main__ -   Gradient Accumulation steps = 1
11/21/2024 23:36:42 - INFO - __main__ -   Total optimization steps = 100
11/21/2024 23:36:42 - INFO - __main__ -   Total parameters number = 1995356906
11/21/2024 23:36:42 - INFO - __main__ -   Training parameters number = 576349697
11/21/2024 23:38:33 - INFO - __main__ - Running validation... 
 Generating 4 images with prompt:in the jungle.
11/21/2024 23:38:47 - INFO - root - Image have been saved in /shenzihe/WD-Disk/output/exp4/dog3/checkpoint-100/images/in_the_jungle/
11/21/2024 23:39:00 - INFO - root - Image have been saved in /shenzihe/WD-Disk/output/exp4/dog3/checkpoint-100/images/in_the_jungle/
11/21/2024 23:39:13 - INFO - root - Image have been saved in /shenzihe/WD-Disk/output/exp4/dog3/checkpoint-100/images/in_the_jungle/
11/21/2024 23:39:27 - INFO - root - Image have been saved in /shenzihe/WD-Disk/output/exp4/dog3/checkpoint-100/images/in_the_jungle/
11/21/2024 23:39:27 - INFO - __main__ - Running validation... 
 Generating 4 images with prompt:in the snow.
11/21/2024 23:39:40 - INFO - root - Image have been saved in /shenzihe/WD-Disk/output/exp4/dog3/checkpoint-100/images/in_the_snow/
11/21/2024 23:39:53 - INFO - root - Image have been saved in /shenzihe/WD-Disk/output/exp4/dog3/checkpoint-100/images/in_the_snow/
11/21/2024 23:40:07 - INFO - root - Image have been saved in /shenzihe/WD-Disk/output/exp4/dog3/checkpoint-100/images/in_the_snow/
11/21/2024 23:40:20 - INFO - root - Image have been saved in /shenzihe/WD-Disk/output/exp4/dog3/checkpoint-100/images/in_the_snow/
11/21/2024 23:40:20 - INFO - __main__ - Running validation... 
 Generating 4 images with prompt:on the beach.
11/21/2024 23:40:34 - INFO - root - Image have been saved in /shenzihe/WD-Disk/output/exp4/dog3/checkpoint-100/images/on_the_beach/
11/21/2024 23:40:47 - INFO - root - Image have been saved in /shenzihe/WD-Disk/output/exp4/dog3/checkpoint-100/images/on_the_beach/
11/21/2024 23:41:00 - INFO - root - Image have been saved in /shenzihe/WD-Disk/output/exp4/dog3/checkpoint-100/images/on_the_beach/
11/21/2024 23:41:14 - INFO - root - Image have been saved in /shenzihe/WD-Disk/output/exp4/dog3/checkpoint-100/images/on_the_beach/
11/21/2024 23:41:14 - INFO - __main__ - Running validation... 
 Generating 4 images with prompt:on a cobblestone street.
11/21/2024 23:41:27 - INFO - root - Image have been saved in /shenzihe/WD-Disk/output/exp4/dog3/checkpoint-100/images/on_a_cobblestone_street/
11/21/2024 23:41:40 - INFO - root - Image have been saved in /shenzihe/WD-Disk/output/exp4/dog3/checkpoint-100/images/on_a_cobblestone_street/
11/21/2024 23:41:54 - INFO - root - Image have been saved in /shenzihe/WD-Disk/output/exp4/dog3/checkpoint-100/images/on_a_cobblestone_street/
11/21/2024 23:42:07 - INFO - root - Image have been saved in /shenzihe/WD-Disk/output/exp4/dog3/checkpoint-100/images/on_a_cobblestone_street/
11/21/2024 23:42:07 - INFO - __main__ - Running validation... 
 Generating 4 images with prompt:on top of pink fabric.
11/21/2024 23:42:21 - INFO - root - Image have been saved in /shenzihe/WD-Disk/output/exp4/dog3/checkpoint-100/images/on_top_of_pink_fabric/
11/21/2024 23:42:34 - INFO - root - Image have been saved in /shenzihe/WD-Disk/output/exp4/dog3/checkpoint-100/images/on_top_of_pink_fabric/
11/21/2024 23:42:47 - INFO - root - Image have been saved in /shenzihe/WD-Disk/output/exp4/dog3/checkpoint-100/images/on_top_of_pink_fabric/
11/21/2024 23:43:01 - INFO - root - Image have been saved in /shenzihe/WD-Disk/output/exp4/dog3/checkpoint-100/images/on_top_of_pink_fabric/
11/21/2024 23:43:01 - INFO - __main__ - Running validation... 
 Generating 4 images with prompt:on top of a wooden floor.
11/21/2024 23:43:14 - INFO - root - Image have been saved in /shenzihe/WD-Disk/output/exp4/dog3/checkpoint-100/images/on_top_of_a_wooden_floor/
11/21/2024 23:43:27 - INFO - root - Image have been saved in /shenzihe/WD-Disk/output/exp4/dog3/checkpoint-100/images/on_top_of_a_wooden_floor/
11/21/2024 23:43:41 - INFO - root - Image have been saved in /shenzihe/WD-Disk/output/exp4/dog3/checkpoint-100/images/on_top_of_a_wooden_floor/
11/21/2024 23:43:54 - INFO - root - Image have been saved in /shenzihe/WD-Disk/output/exp4/dog3/checkpoint-100/images/on_top_of_a_wooden_floor/
11/21/2024 23:43:54 - INFO - __main__ - Running validation... 
 Generating 4 images with prompt:with a city in the background.
11/21/2024 23:44:08 - INFO - root - Image have been saved in /shenzihe/WD-Disk/output/exp4/dog3/checkpoint-100/images/with_a_city_in_the_background/
11/21/2024 23:44:21 - INFO - root - Image have been saved in /shenzihe/WD-Disk/output/exp4/dog3/checkpoint-100/images/with_a_city_in_the_background/
11/21/2024 23:44:34 - INFO - root - Image have been saved in /shenzihe/WD-Disk/output/exp4/dog3/checkpoint-100/images/with_a_city_in_the_background/
11/21/2024 23:44:48 - INFO - root - Image have been saved in /shenzihe/WD-Disk/output/exp4/dog3/checkpoint-100/images/with_a_city_in_the_background/
11/21/2024 23:44:48 - INFO - __main__ - Running validation... 
 Generating 4 images with prompt:with a mountain in the background.
11/21/2024 23:45:01 - INFO - root - Image have been saved in /shenzihe/WD-Disk/output/exp4/dog3/checkpoint-100/images/with_a_mountain_in_the_background/
11/21/2024 23:45:14 - INFO - root - Image have been saved in /shenzihe/WD-Disk/output/exp4/dog3/checkpoint-100/images/with_a_mountain_in_the_background/
11/21/2024 23:45:28 - INFO - root - Image have been saved in /shenzihe/WD-Disk/output/exp4/dog3/checkpoint-100/images/with_a_mountain_in_the_background/
11/21/2024 23:45:41 - INFO - root - Image have been saved in /shenzihe/WD-Disk/output/exp4/dog3/checkpoint-100/images/with_a_mountain_in_the_background/
11/21/2024 23:45:41 - INFO - __main__ - Running validation... 
 Generating 4 images with prompt:with a blue house in the background.
11/21/2024 23:45:55 - INFO - root - Image have been saved in /shenzihe/WD-Disk/output/exp4/dog3/checkpoint-100/images/with_a_blue_house_in_the_background/
11/21/2024 23:46:08 - INFO - root - Image have been saved in /shenzihe/WD-Disk/output/exp4/dog3/checkpoint-100/images/with_a_blue_house_in_the_background/
11/21/2024 23:46:21 - INFO - root - Image have been saved in /shenzihe/WD-Disk/output/exp4/dog3/checkpoint-100/images/with_a_blue_house_in_the_background/
11/21/2024 23:46:35 - INFO - root - Image have been saved in /shenzihe/WD-Disk/output/exp4/dog3/checkpoint-100/images/with_a_blue_house_in_the_background/
11/21/2024 23:46:35 - INFO - __main__ - Running validation... 
 Generating 4 images with prompt:on top of a purple rug in a forest.
11/21/2024 23:46:48 - INFO - root - Image have been saved in /shenzihe/WD-Disk/output/exp4/dog3/checkpoint-100/images/on_top_of_a_purple_rug_in_a_forest/
11/21/2024 23:47:01 - INFO - root - Image have been saved in /shenzihe/WD-Disk/output/exp4/dog3/checkpoint-100/images/on_top_of_a_purple_rug_in_a_forest/
11/21/2024 23:47:15 - INFO - root - Image have been saved in /shenzihe/WD-Disk/output/exp4/dog3/checkpoint-100/images/on_top_of_a_purple_rug_in_a_forest/
11/21/2024 23:47:28 - INFO - root - Image have been saved in /shenzihe/WD-Disk/output/exp4/dog3/checkpoint-100/images/on_top_of_a_purple_rug_in_a_forest/
11/21/2024 23:47:28 - INFO - __main__ - Running validation... 
 Generating 4 images with prompt:with a wheat field in the background.
11/21/2024 23:47:42 - INFO - root - Image have been saved in /shenzihe/WD-Disk/output/exp4/dog3/checkpoint-100/images/with_a_wheat_field_in_the_background/
11/21/2024 23:47:55 - INFO - root - Image have been saved in /shenzihe/WD-Disk/output/exp4/dog3/checkpoint-100/images/with_a_wheat_field_in_the_background/
11/21/2024 23:48:08 - INFO - root - Image have been saved in /shenzihe/WD-Disk/output/exp4/dog3/checkpoint-100/images/with_a_wheat_field_in_the_background/
11/21/2024 23:48:22 - INFO - root - Image have been saved in /shenzihe/WD-Disk/output/exp4/dog3/checkpoint-100/images/with_a_wheat_field_in_the_background/
11/21/2024 23:48:22 - INFO - __main__ - Running validation... 
 Generating 4 images with prompt:with a tree and autumn leaves in the background.
11/21/2024 23:48:35 - INFO - root - Image have been saved in /shenzihe/WD-Disk/output/exp4/dog3/checkpoint-100/images/with_a_tree_and_autumn_leaves_in_the_background/
11/21/2024 23:48:48 - INFO - root - Image have been saved in /shenzihe/WD-Disk/output/exp4/dog3/checkpoint-100/images/with_a_tree_and_autumn_leaves_in_the_background/
11/21/2024 23:49:02 - INFO - root - Image have been saved in /shenzihe/WD-Disk/output/exp4/dog3/checkpoint-100/images/with_a_tree_and_autumn_leaves_in_the_background/
11/21/2024 23:49:15 - INFO - root - Image have been saved in /shenzihe/WD-Disk/output/exp4/dog3/checkpoint-100/images/with_a_tree_and_autumn_leaves_in_the_background/
11/21/2024 23:49:15 - INFO - __main__ - Running validation... 
 Generating 4 images with prompt:with the Eiffel Tower in the background.
11/21/2024 23:49:28 - INFO - root - Image have been saved in /shenzihe/WD-Disk/output/exp4/dog3/checkpoint-100/images/with_the_Eiffel_Tower_in_the_background/
11/21/2024 23:49:42 - INFO - root - Image have been saved in /shenzihe/WD-Disk/output/exp4/dog3/checkpoint-100/images/with_the_Eiffel_Tower_in_the_background/
11/21/2024 23:49:55 - INFO - root - Image have been saved in /shenzihe/WD-Disk/output/exp4/dog3/checkpoint-100/images/with_the_Eiffel_Tower_in_the_background/
11/21/2024 23:50:09 - INFO - root - Image have been saved in /shenzihe/WD-Disk/output/exp4/dog3/checkpoint-100/images/with_the_Eiffel_Tower_in_the_background/
11/21/2024 23:50:09 - INFO - __main__ - Running validation... 
 Generating 4 images with prompt:floating on top of water.
11/21/2024 23:50:22 - INFO - root - Image have been saved in /shenzihe/WD-Disk/output/exp4/dog3/checkpoint-100/images/floating_on_top_of_water/
11/21/2024 23:50:35 - INFO - root - Image have been saved in /shenzihe/WD-Disk/output/exp4/dog3/checkpoint-100/images/floating_on_top_of_water/
11/21/2024 23:50:49 - INFO - root - Image have been saved in /shenzihe/WD-Disk/output/exp4/dog3/checkpoint-100/images/floating_on_top_of_water/
11/21/2024 23:51:02 - INFO - root - Image have been saved in /shenzihe/WD-Disk/output/exp4/dog3/checkpoint-100/images/floating_on_top_of_water/
11/21/2024 23:51:02 - INFO - __main__ - Running validation... 
 Generating 4 images with prompt:floating in an ocean of milk.
11/21/2024 23:51:15 - INFO - root - Image have been saved in /shenzihe/WD-Disk/output/exp4/dog3/checkpoint-100/images/floating_in_an_ocean_of_milk/
11/21/2024 23:51:29 - INFO - root - Image have been saved in /shenzihe/WD-Disk/output/exp4/dog3/checkpoint-100/images/floating_in_an_ocean_of_milk/
11/21/2024 23:51:42 - INFO - root - Image have been saved in /shenzihe/WD-Disk/output/exp4/dog3/checkpoint-100/images/floating_in_an_ocean_of_milk/
11/21/2024 23:51:56 - INFO - root - Image have been saved in /shenzihe/WD-Disk/output/exp4/dog3/checkpoint-100/images/floating_in_an_ocean_of_milk/
11/21/2024 23:51:56 - INFO - __main__ - Running validation... 
 Generating 4 images with prompt:on top of green grass with sunflowers around it.
11/21/2024 23:52:09 - INFO - root - Image have been saved in /shenzihe/WD-Disk/output/exp4/dog3/checkpoint-100/images/on_top_of_green_grass_with_sunflowers_around_it/
11/21/2024 23:52:22 - INFO - root - Image have been saved in /shenzihe/WD-Disk/output/exp4/dog3/checkpoint-100/images/on_top_of_green_grass_with_sunflowers_around_it/
11/21/2024 23:52:36 - INFO - root - Image have been saved in /shenzihe/WD-Disk/output/exp4/dog3/checkpoint-100/images/on_top_of_green_grass_with_sunflowers_around_it/
11/21/2024 23:52:49 - INFO - root - Image have been saved in /shenzihe/WD-Disk/output/exp4/dog3/checkpoint-100/images/on_top_of_green_grass_with_sunflowers_around_it/
11/21/2024 23:52:49 - INFO - __main__ - Running validation... 
 Generating 4 images with prompt:on top of a mirror.
11/21/2024 23:53:02 - INFO - root - Image have been saved in /shenzihe/WD-Disk/output/exp4/dog3/checkpoint-100/images/on_top_of_a_mirror/
11/21/2024 23:53:16 - INFO - root - Image have been saved in /shenzihe/WD-Disk/output/exp4/dog3/checkpoint-100/images/on_top_of_a_mirror/
11/21/2024 23:53:29 - INFO - root - Image have been saved in /shenzihe/WD-Disk/output/exp4/dog3/checkpoint-100/images/on_top_of_a_mirror/
11/21/2024 23:53:42 - INFO - root - Image have been saved in /shenzihe/WD-Disk/output/exp4/dog3/checkpoint-100/images/on_top_of_a_mirror/
11/21/2024 23:53:42 - INFO - __main__ - Running validation... 
 Generating 4 images with prompt:on top of the sidewalk in a crowded street.
11/21/2024 23:53:56 - INFO - root - Image have been saved in /shenzihe/WD-Disk/output/exp4/dog3/checkpoint-100/images/on_top_of_the_sidewalk_in_a_crowded_street/
11/21/2024 23:54:09 - INFO - root - Image have been saved in /shenzihe/WD-Disk/output/exp4/dog3/checkpoint-100/images/on_top_of_the_sidewalk_in_a_crowded_street/
11/21/2024 23:54:23 - INFO - root - Image have been saved in /shenzihe/WD-Disk/output/exp4/dog3/checkpoint-100/images/on_top_of_the_sidewalk_in_a_crowded_street/
11/21/2024 23:54:36 - INFO - root - Image have been saved in /shenzihe/WD-Disk/output/exp4/dog3/checkpoint-100/images/on_top_of_the_sidewalk_in_a_crowded_street/
11/21/2024 23:54:36 - INFO - __main__ - Running validation... 
 Generating 4 images with prompt:on top of a dirt road.
11/21/2024 23:54:49 - INFO - root - Image have been saved in /shenzihe/WD-Disk/output/exp4/dog3/checkpoint-100/images/on_top_of_a_dirt_road/
11/21/2024 23:55:03 - INFO - root - Image have been saved in /shenzihe/WD-Disk/output/exp4/dog3/checkpoint-100/images/on_top_of_a_dirt_road/
11/21/2024 23:55:16 - INFO - root - Image have been saved in /shenzihe/WD-Disk/output/exp4/dog3/checkpoint-100/images/on_top_of_a_dirt_road/
11/21/2024 23:55:29 - INFO - root - Image have been saved in /shenzihe/WD-Disk/output/exp4/dog3/checkpoint-100/images/on_top_of_a_dirt_road/
11/21/2024 23:55:29 - INFO - __main__ - Running validation... 
 Generating 4 images with prompt:on top of a white rug.
11/21/2024 23:55:43 - INFO - root - Image have been saved in /shenzihe/WD-Disk/output/exp4/dog3/checkpoint-100/images/on_top_of_a_white_rug/
11/21/2024 23:55:56 - INFO - root - Image have been saved in /shenzihe/WD-Disk/output/exp4/dog3/checkpoint-100/images/on_top_of_a_white_rug/
11/21/2024 23:56:09 - INFO - root - Image have been saved in /shenzihe/WD-Disk/output/exp4/dog3/checkpoint-100/images/on_top_of_a_white_rug/
11/21/2024 23:56:23 - INFO - root - Image have been saved in /shenzihe/WD-Disk/output/exp4/dog3/checkpoint-100/images/on_top_of_a_white_rug/
11/21/2024 23:56:23 - INFO - __main__ - Running validation... 
 Generating 4 images with prompt:red.
11/21/2024 23:56:36 - INFO - root - Image have been saved in /shenzihe/WD-Disk/output/exp4/dog3/checkpoint-100/images/red/
11/21/2024 23:56:50 - INFO - root - Image have been saved in /shenzihe/WD-Disk/output/exp4/dog3/checkpoint-100/images/red/
11/21/2024 23:57:03 - INFO - root - Image have been saved in /shenzihe/WD-Disk/output/exp4/dog3/checkpoint-100/images/red/
11/21/2024 23:57:16 - INFO - root - Image have been saved in /shenzihe/WD-Disk/output/exp4/dog3/checkpoint-100/images/red/
11/21/2024 23:57:16 - INFO - __main__ - Running validation... 
 Generating 4 images with prompt:purple.
11/21/2024 23:57:30 - INFO - root - Image have been saved in /shenzihe/WD-Disk/output/exp4/dog3/checkpoint-100/images/purple/
11/21/2024 23:57:43 - INFO - root - Image have been saved in /shenzihe/WD-Disk/output/exp4/dog3/checkpoint-100/images/purple/
11/21/2024 23:57:56 - INFO - root - Image have been saved in /shenzihe/WD-Disk/output/exp4/dog3/checkpoint-100/images/purple/
11/21/2024 23:58:10 - INFO - root - Image have been saved in /shenzihe/WD-Disk/output/exp4/dog3/checkpoint-100/images/purple/
11/21/2024 23:58:10 - INFO - __main__ - Running validation... 
 Generating 4 images with prompt:shiny.
11/21/2024 23:58:23 - INFO - root - Image have been saved in /shenzihe/WD-Disk/output/exp4/dog3/checkpoint-100/images/shiny/
11/21/2024 23:58:36 - INFO - root - Image have been saved in /shenzihe/WD-Disk/output/exp4/dog3/checkpoint-100/images/shiny/
11/21/2024 23:58:50 - INFO - root - Image have been saved in /shenzihe/WD-Disk/output/exp4/dog3/checkpoint-100/images/shiny/
11/21/2024 23:59:03 - INFO - root - Image have been saved in /shenzihe/WD-Disk/output/exp4/dog3/checkpoint-100/images/shiny/
11/21/2024 23:59:03 - INFO - __main__ - Running validation... 
 Generating 4 images with prompt:wet.
11/21/2024 23:59:17 - INFO - root - Image have been saved in /shenzihe/WD-Disk/output/exp4/dog3/checkpoint-100/images/wet/
11/21/2024 23:59:30 - INFO - root - Image have been saved in /shenzihe/WD-Disk/output/exp4/dog3/checkpoint-100/images/wet/
11/21/2024 23:59:43 - INFO - root - Image have been saved in /shenzihe/WD-Disk/output/exp4/dog3/checkpoint-100/images/wet/
11/21/2024 23:59:57 - INFO - root - Image have been saved in /shenzihe/WD-Disk/output/exp4/dog3/checkpoint-100/images/wet/
11/21/2024 23:59:57 - INFO - __main__ - Running validation... 
 Generating 4 images with prompt:cube shaped.
11/22/2024 00:00:10 - INFO - root - Image have been saved in /shenzihe/WD-Disk/output/exp4/dog3/checkpoint-100/images/cube_shaped/
11/22/2024 00:00:23 - INFO - root - Image have been saved in /shenzihe/WD-Disk/output/exp4/dog3/checkpoint-100/images/cube_shaped/
11/22/2024 00:00:37 - INFO - root - Image have been saved in /shenzihe/WD-Disk/output/exp4/dog3/checkpoint-100/images/cube_shaped/
11/22/2024 00:00:50 - INFO - root - Image have been saved in /shenzihe/WD-Disk/output/exp4/dog3/checkpoint-100/images/cube_shaped/
