11/22/2024 02:34:31 - INFO - __main__ - Distributed environment: NO
Num processes: 1
Process index: 0
Local process index: 0
Device: cuda

Mixed precision type: no

11/22/2024 02:34:35 - INFO - root - freeze vision encoder
11/22/2024 02:34:46 - INFO - root - Loading pretrained model from /root/.cache/torch/hub/checkpoints/blip-diffusion
11/22/2024 02:34:46 - INFO - root - Loading pretrained BLIP2 Qformer weights.
11/22/2024 02:34:48 - INFO - root - Loading pretrained projection lyer weights.
11/22/2024 02:34:48 - INFO - root - Loading pretrained text encoder weights.
11/22/2024 02:34:49 - INFO - root - Loading pretrained vae weights.
11/22/2024 02:34:49 - INFO - root - Loading pretrained unet weights.
11/22/2024 02:34:58 - INFO - root - Using xformers.
11/22/2024 02:34:58 - INFO - root - Building datasets...
11/22/2024 02:35:08 - INFO - root - freeze vision encoder
11/22/2024 02:35:38 - INFO - root - load checkpoint from https://storage.googleapis.com/sfr-vision-language-research/LAVIS/models/BLIP2/blip2_pretrained_flant5xl.pth
11/22/2024 02:35:43 - INFO - __main__ - 
***** Running training *****
11/22/2024 02:35:43 - INFO - __main__ -   Num examples = 5
11/22/2024 02:35:43 - INFO - __main__ -   Num batches each epoch = 2
11/22/2024 02:35:43 - INFO - __main__ -   Num Epochs = 50
11/22/2024 02:35:43 - INFO - __main__ -   Instantaneous batch size per device = 3
11/22/2024 02:35:43 - INFO - __main__ -   Total train batch size (w. parallel, distributed & accumulation) = 3
11/22/2024 02:35:43 - INFO - __main__ -   Gradient Accumulation steps = 1
11/22/2024 02:35:43 - INFO - __main__ -   Total optimization steps = 100
11/22/2024 02:35:43 - INFO - __main__ -   Total parameters number = 1995356906
11/22/2024 02:35:43 - INFO - __main__ -   Training parameters number = 576349697
11/22/2024 02:37:38 - INFO - __main__ - Running validation... 
 Generating 4 images with prompt:in the jungle.
11/22/2024 02:37:51 - INFO - root - Image have been saved in /shenzihe/WD-Disk/output/exp4/grey_sloth_plushie/checkpoint-100/images/in_the_jungle/
11/22/2024 02:38:04 - INFO - root - Image have been saved in /shenzihe/WD-Disk/output/exp4/grey_sloth_plushie/checkpoint-100/images/in_the_jungle/
11/22/2024 02:38:18 - INFO - root - Image have been saved in /shenzihe/WD-Disk/output/exp4/grey_sloth_plushie/checkpoint-100/images/in_the_jungle/
11/22/2024 02:38:31 - INFO - root - Image have been saved in /shenzihe/WD-Disk/output/exp4/grey_sloth_plushie/checkpoint-100/images/in_the_jungle/
11/22/2024 02:38:31 - INFO - __main__ - Running validation... 
 Generating 4 images with prompt:in the snow.
11/22/2024 02:38:44 - INFO - root - Image have been saved in /shenzihe/WD-Disk/output/exp4/grey_sloth_plushie/checkpoint-100/images/in_the_snow/
11/22/2024 02:38:58 - INFO - root - Image have been saved in /shenzihe/WD-Disk/output/exp4/grey_sloth_plushie/checkpoint-100/images/in_the_snow/
11/22/2024 02:39:11 - INFO - root - Image have been saved in /shenzihe/WD-Disk/output/exp4/grey_sloth_plushie/checkpoint-100/images/in_the_snow/
11/22/2024 02:39:25 - INFO - root - Image have been saved in /shenzihe/WD-Disk/output/exp4/grey_sloth_plushie/checkpoint-100/images/in_the_snow/
11/22/2024 02:39:25 - INFO - __main__ - Running validation... 
 Generating 4 images with prompt:on the beach.
11/22/2024 02:39:38 - INFO - root - Image have been saved in /shenzihe/WD-Disk/output/exp4/grey_sloth_plushie/checkpoint-100/images/on_the_beach/
11/22/2024 02:39:51 - INFO - root - Image have been saved in /shenzihe/WD-Disk/output/exp4/grey_sloth_plushie/checkpoint-100/images/on_the_beach/
11/22/2024 02:40:05 - INFO - root - Image have been saved in /shenzihe/WD-Disk/output/exp4/grey_sloth_plushie/checkpoint-100/images/on_the_beach/
11/22/2024 02:40:18 - INFO - root - Image have been saved in /shenzihe/WD-Disk/output/exp4/grey_sloth_plushie/checkpoint-100/images/on_the_beach/
11/22/2024 02:40:18 - INFO - __main__ - Running validation... 
 Generating 4 images with prompt:on a cobblestone street.
11/22/2024 02:40:32 - INFO - root - Image have been saved in /shenzihe/WD-Disk/output/exp4/grey_sloth_plushie/checkpoint-100/images/on_a_cobblestone_street/
11/22/2024 02:40:45 - INFO - root - Image have been saved in /shenzihe/WD-Disk/output/exp4/grey_sloth_plushie/checkpoint-100/images/on_a_cobblestone_street/
11/22/2024 02:40:58 - INFO - root - Image have been saved in /shenzihe/WD-Disk/output/exp4/grey_sloth_plushie/checkpoint-100/images/on_a_cobblestone_street/
11/22/2024 02:41:12 - INFO - root - Image have been saved in /shenzihe/WD-Disk/output/exp4/grey_sloth_plushie/checkpoint-100/images/on_a_cobblestone_street/
11/22/2024 02:41:12 - INFO - __main__ - Running validation... 
 Generating 4 images with prompt:on top of pink fabric.
11/22/2024 02:41:25 - INFO - root - Image have been saved in /shenzihe/WD-Disk/output/exp4/grey_sloth_plushie/checkpoint-100/images/on_top_of_pink_fabric/
11/22/2024 02:41:39 - INFO - root - Image have been saved in /shenzihe/WD-Disk/output/exp4/grey_sloth_plushie/checkpoint-100/images/on_top_of_pink_fabric/
11/22/2024 02:41:52 - INFO - root - Image have been saved in /shenzihe/WD-Disk/output/exp4/grey_sloth_plushie/checkpoint-100/images/on_top_of_pink_fabric/
11/22/2024 02:42:05 - INFO - root - Image have been saved in /shenzihe/WD-Disk/output/exp4/grey_sloth_plushie/checkpoint-100/images/on_top_of_pink_fabric/
11/22/2024 02:42:05 - INFO - __main__ - Running validation... 
 Generating 4 images with prompt:on top of a wooden floor.
11/22/2024 02:42:19 - INFO - root - Image have been saved in /shenzihe/WD-Disk/output/exp4/grey_sloth_plushie/checkpoint-100/images/on_top_of_a_wooden_floor/
11/22/2024 02:42:32 - INFO - root - Image have been saved in /shenzihe/WD-Disk/output/exp4/grey_sloth_plushie/checkpoint-100/images/on_top_of_a_wooden_floor/
11/22/2024 02:42:46 - INFO - root - Image have been saved in /shenzihe/WD-Disk/output/exp4/grey_sloth_plushie/checkpoint-100/images/on_top_of_a_wooden_floor/
11/22/2024 02:42:59 - INFO - root - Image have been saved in /shenzihe/WD-Disk/output/exp4/grey_sloth_plushie/checkpoint-100/images/on_top_of_a_wooden_floor/
11/22/2024 02:42:59 - INFO - __main__ - Running validation... 
 Generating 4 images with prompt:with a city in the background.
11/22/2024 02:43:13 - INFO - root - Image have been saved in /shenzihe/WD-Disk/output/exp4/grey_sloth_plushie/checkpoint-100/images/with_a_city_in_the_background/
11/22/2024 02:43:26 - INFO - root - Image have been saved in /shenzihe/WD-Disk/output/exp4/grey_sloth_plushie/checkpoint-100/images/with_a_city_in_the_background/
11/22/2024 02:43:40 - INFO - root - Image have been saved in /shenzihe/WD-Disk/output/exp4/grey_sloth_plushie/checkpoint-100/images/with_a_city_in_the_background/
11/22/2024 02:43:53 - INFO - root - Image have been saved in /shenzihe/WD-Disk/output/exp4/grey_sloth_plushie/checkpoint-100/images/with_a_city_in_the_background/
11/22/2024 02:43:53 - INFO - __main__ - Running validation... 
 Generating 4 images with prompt:with a mountain in the background.
11/22/2024 02:44:07 - INFO - root - Image have been saved in /shenzihe/WD-Disk/output/exp4/grey_sloth_plushie/checkpoint-100/images/with_a_mountain_in_the_background/
11/22/2024 02:44:20 - INFO - root - Image have been saved in /shenzihe/WD-Disk/output/exp4/grey_sloth_plushie/checkpoint-100/images/with_a_mountain_in_the_background/
11/22/2024 02:44:33 - INFO - root - Image have been saved in /shenzihe/WD-Disk/output/exp4/grey_sloth_plushie/checkpoint-100/images/with_a_mountain_in_the_background/
11/22/2024 02:44:47 - INFO - root - Image have been saved in /shenzihe/WD-Disk/output/exp4/grey_sloth_plushie/checkpoint-100/images/with_a_mountain_in_the_background/
11/22/2024 02:44:47 - INFO - __main__ - Running validation... 
 Generating 4 images with prompt:with a blue house in the background.
11/22/2024 02:45:00 - INFO - root - Image have been saved in /shenzihe/WD-Disk/output/exp4/grey_sloth_plushie/checkpoint-100/images/with_a_blue_house_in_the_background/
11/22/2024 02:45:14 - INFO - root - Image have been saved in /shenzihe/WD-Disk/output/exp4/grey_sloth_plushie/checkpoint-100/images/with_a_blue_house_in_the_background/
11/22/2024 02:45:27 - INFO - root - Image have been saved in /shenzihe/WD-Disk/output/exp4/grey_sloth_plushie/checkpoint-100/images/with_a_blue_house_in_the_background/
11/22/2024 02:45:40 - INFO - root - Image have been saved in /shenzihe/WD-Disk/output/exp4/grey_sloth_plushie/checkpoint-100/images/with_a_blue_house_in_the_background/
11/22/2024 02:45:40 - INFO - __main__ - Running validation... 
 Generating 4 images with prompt:on top of a purple rug in a forest.
11/22/2024 02:45:54 - INFO - root - Image have been saved in /shenzihe/WD-Disk/output/exp4/grey_sloth_plushie/checkpoint-100/images/on_top_of_a_purple_rug_in_a_forest/
11/22/2024 02:46:07 - INFO - root - Image have been saved in /shenzihe/WD-Disk/output/exp4/grey_sloth_plushie/checkpoint-100/images/on_top_of_a_purple_rug_in_a_forest/
11/22/2024 02:46:21 - INFO - root - Image have been saved in /shenzihe/WD-Disk/output/exp4/grey_sloth_plushie/checkpoint-100/images/on_top_of_a_purple_rug_in_a_forest/
11/22/2024 02:46:34 - INFO - root - Image have been saved in /shenzihe/WD-Disk/output/exp4/grey_sloth_plushie/checkpoint-100/images/on_top_of_a_purple_rug_in_a_forest/
11/22/2024 02:46:34 - INFO - __main__ - Running validation... 
 Generating 4 images with prompt:with a wheat field in the background.
11/22/2024 02:46:47 - INFO - root - Image have been saved in /shenzihe/WD-Disk/output/exp4/grey_sloth_plushie/checkpoint-100/images/with_a_wheat_field_in_the_background/
11/22/2024 02:47:01 - INFO - root - Image have been saved in /shenzihe/WD-Disk/output/exp4/grey_sloth_plushie/checkpoint-100/images/with_a_wheat_field_in_the_background/
11/22/2024 02:47:14 - INFO - root - Image have been saved in /shenzihe/WD-Disk/output/exp4/grey_sloth_plushie/checkpoint-100/images/with_a_wheat_field_in_the_background/
11/22/2024 02:47:28 - INFO - root - Image have been saved in /shenzihe/WD-Disk/output/exp4/grey_sloth_plushie/checkpoint-100/images/with_a_wheat_field_in_the_background/
11/22/2024 02:47:28 - INFO - __main__ - Running validation... 
 Generating 4 images with prompt:with a tree and autumn leaves in the background.
11/22/2024 02:47:41 - INFO - root - Image have been saved in /shenzihe/WD-Disk/output/exp4/grey_sloth_plushie/checkpoint-100/images/with_a_tree_and_autumn_leaves_in_the_background/
11/22/2024 02:47:54 - INFO - root - Image have been saved in /shenzihe/WD-Disk/output/exp4/grey_sloth_plushie/checkpoint-100/images/with_a_tree_and_autumn_leaves_in_the_background/
11/22/2024 02:48:08 - INFO - root - Image have been saved in /shenzihe/WD-Disk/output/exp4/grey_sloth_plushie/checkpoint-100/images/with_a_tree_and_autumn_leaves_in_the_background/
11/22/2024 02:48:21 - INFO - root - Image have been saved in /shenzihe/WD-Disk/output/exp4/grey_sloth_plushie/checkpoint-100/images/with_a_tree_and_autumn_leaves_in_the_background/
11/22/2024 02:48:21 - INFO - __main__ - Running validation... 
 Generating 4 images with prompt:with the Eiffel Tower in the background.
11/22/2024 02:48:35 - INFO - root - Image have been saved in /shenzihe/WD-Disk/output/exp4/grey_sloth_plushie/checkpoint-100/images/with_the_Eiffel_Tower_in_the_background/
11/22/2024 02:48:48 - INFO - root - Image have been saved in /shenzihe/WD-Disk/output/exp4/grey_sloth_plushie/checkpoint-100/images/with_the_Eiffel_Tower_in_the_background/
11/22/2024 02:49:02 - INFO - root - Image have been saved in /shenzihe/WD-Disk/output/exp4/grey_sloth_plushie/checkpoint-100/images/with_the_Eiffel_Tower_in_the_background/
11/22/2024 02:49:15 - INFO - root - Image have been saved in /shenzihe/WD-Disk/output/exp4/grey_sloth_plushie/checkpoint-100/images/with_the_Eiffel_Tower_in_the_background/
11/22/2024 02:49:15 - INFO - __main__ - Running validation... 
 Generating 4 images with prompt:floating on top of water.
11/22/2024 02:49:29 - INFO - root - Image have been saved in /shenzihe/WD-Disk/output/exp4/grey_sloth_plushie/checkpoint-100/images/floating_on_top_of_water/
11/22/2024 02:49:42 - INFO - root - Image have been saved in /shenzihe/WD-Disk/output/exp4/grey_sloth_plushie/checkpoint-100/images/floating_on_top_of_water/
11/22/2024 02:49:55 - INFO - root - Image have been saved in /shenzihe/WD-Disk/output/exp4/grey_sloth_plushie/checkpoint-100/images/floating_on_top_of_water/
11/22/2024 02:50:09 - INFO - root - Image have been saved in /shenzihe/WD-Disk/output/exp4/grey_sloth_plushie/checkpoint-100/images/floating_on_top_of_water/
11/22/2024 02:50:09 - INFO - __main__ - Running validation... 
 Generating 4 images with prompt:floating in an ocean of milk.
11/22/2024 02:50:22 - INFO - root - Image have been saved in /shenzihe/WD-Disk/output/exp4/grey_sloth_plushie/checkpoint-100/images/floating_in_an_ocean_of_milk/
11/22/2024 02:50:36 - INFO - root - Image have been saved in /shenzihe/WD-Disk/output/exp4/grey_sloth_plushie/checkpoint-100/images/floating_in_an_ocean_of_milk/
11/22/2024 02:50:49 - INFO - root - Image have been saved in /shenzihe/WD-Disk/output/exp4/grey_sloth_plushie/checkpoint-100/images/floating_in_an_ocean_of_milk/
11/22/2024 02:51:02 - INFO - root - Image have been saved in /shenzihe/WD-Disk/output/exp4/grey_sloth_plushie/checkpoint-100/images/floating_in_an_ocean_of_milk/
11/22/2024 02:51:02 - INFO - __main__ - Running validation... 
 Generating 4 images with prompt:on top of green grass with sunflowers around it.
11/22/2024 02:51:16 - INFO - root - Image have been saved in /shenzihe/WD-Disk/output/exp4/grey_sloth_plushie/checkpoint-100/images/on_top_of_green_grass_with_sunflowers_around_it/
11/22/2024 02:51:29 - INFO - root - Image have been saved in /shenzihe/WD-Disk/output/exp4/grey_sloth_plushie/checkpoint-100/images/on_top_of_green_grass_with_sunflowers_around_it/
11/22/2024 02:51:43 - INFO - root - Image have been saved in /shenzihe/WD-Disk/output/exp4/grey_sloth_plushie/checkpoint-100/images/on_top_of_green_grass_with_sunflowers_around_it/
11/22/2024 02:51:56 - INFO - root - Image have been saved in /shenzihe/WD-Disk/output/exp4/grey_sloth_plushie/checkpoint-100/images/on_top_of_green_grass_with_sunflowers_around_it/
11/22/2024 02:51:56 - INFO - __main__ - Running validation... 
 Generating 4 images with prompt:on top of a mirror.
11/22/2024 02:52:10 - INFO - root - Image have been saved in /shenzihe/WD-Disk/output/exp4/grey_sloth_plushie/checkpoint-100/images/on_top_of_a_mirror/
11/22/2024 02:52:23 - INFO - root - Image have been saved in /shenzihe/WD-Disk/output/exp4/grey_sloth_plushie/checkpoint-100/images/on_top_of_a_mirror/
11/22/2024 02:52:36 - INFO - root - Image have been saved in /shenzihe/WD-Disk/output/exp4/grey_sloth_plushie/checkpoint-100/images/on_top_of_a_mirror/
11/22/2024 02:52:50 - INFO - root - Image have been saved in /shenzihe/WD-Disk/output/exp4/grey_sloth_plushie/checkpoint-100/images/on_top_of_a_mirror/
11/22/2024 02:52:50 - INFO - __main__ - Running validation... 
 Generating 4 images with prompt:on top of the sidewalk in a crowded street.
11/22/2024 02:53:03 - INFO - root - Image have been saved in /shenzihe/WD-Disk/output/exp4/grey_sloth_plushie/checkpoint-100/images/on_top_of_the_sidewalk_in_a_crowded_street/
11/22/2024 02:53:17 - INFO - root - Image have been saved in /shenzihe/WD-Disk/output/exp4/grey_sloth_plushie/checkpoint-100/images/on_top_of_the_sidewalk_in_a_crowded_street/
11/22/2024 02:53:30 - INFO - root - Image have been saved in /shenzihe/WD-Disk/output/exp4/grey_sloth_plushie/checkpoint-100/images/on_top_of_the_sidewalk_in_a_crowded_street/
11/22/2024 02:53:43 - INFO - root - Image have been saved in /shenzihe/WD-Disk/output/exp4/grey_sloth_plushie/checkpoint-100/images/on_top_of_the_sidewalk_in_a_crowded_street/
11/22/2024 02:53:43 - INFO - __main__ - Running validation... 
 Generating 4 images with prompt:on top of a dirt road.
11/22/2024 02:53:57 - INFO - root - Image have been saved in /shenzihe/WD-Disk/output/exp4/grey_sloth_plushie/checkpoint-100/images/on_top_of_a_dirt_road/
11/22/2024 02:54:10 - INFO - root - Image have been saved in /shenzihe/WD-Disk/output/exp4/grey_sloth_plushie/checkpoint-100/images/on_top_of_a_dirt_road/
11/22/2024 02:54:24 - INFO - root - Image have been saved in /shenzihe/WD-Disk/output/exp4/grey_sloth_plushie/checkpoint-100/images/on_top_of_a_dirt_road/
11/22/2024 02:54:37 - INFO - root - Image have been saved in /shenzihe/WD-Disk/output/exp4/grey_sloth_plushie/checkpoint-100/images/on_top_of_a_dirt_road/
11/22/2024 02:54:37 - INFO - __main__ - Running validation... 
 Generating 4 images with prompt:on top of a white rug.
11/22/2024 02:54:50 - INFO - root - Image have been saved in /shenzihe/WD-Disk/output/exp4/grey_sloth_plushie/checkpoint-100/images/on_top_of_a_white_rug/
11/22/2024 02:55:04 - INFO - root - Image have been saved in /shenzihe/WD-Disk/output/exp4/grey_sloth_plushie/checkpoint-100/images/on_top_of_a_white_rug/
11/22/2024 02:55:17 - INFO - root - Image have been saved in /shenzihe/WD-Disk/output/exp4/grey_sloth_plushie/checkpoint-100/images/on_top_of_a_white_rug/
11/22/2024 02:55:31 - INFO - root - Image have been saved in /shenzihe/WD-Disk/output/exp4/grey_sloth_plushie/checkpoint-100/images/on_top_of_a_white_rug/
11/22/2024 02:55:31 - INFO - __main__ - Running validation... 
 Generating 4 images with prompt:red.
11/22/2024 02:55:44 - INFO - root - Image have been saved in /shenzihe/WD-Disk/output/exp4/grey_sloth_plushie/checkpoint-100/images/red/
11/22/2024 02:55:57 - INFO - root - Image have been saved in /shenzihe/WD-Disk/output/exp4/grey_sloth_plushie/checkpoint-100/images/red/
11/22/2024 02:56:11 - INFO - root - Image have been saved in /shenzihe/WD-Disk/output/exp4/grey_sloth_plushie/checkpoint-100/images/red/
11/22/2024 02:56:24 - INFO - root - Image have been saved in /shenzihe/WD-Disk/output/exp4/grey_sloth_plushie/checkpoint-100/images/red/
11/22/2024 02:56:24 - INFO - __main__ - Running validation... 
 Generating 4 images with prompt:purple.
11/22/2024 02:56:38 - INFO - root - Image have been saved in /shenzihe/WD-Disk/output/exp4/grey_sloth_plushie/checkpoint-100/images/purple/
11/22/2024 02:56:51 - INFO - root - Image have been saved in /shenzihe/WD-Disk/output/exp4/grey_sloth_plushie/checkpoint-100/images/purple/
11/22/2024 02:57:05 - INFO - root - Image have been saved in /shenzihe/WD-Disk/output/exp4/grey_sloth_plushie/checkpoint-100/images/purple/
11/22/2024 02:57:18 - INFO - root - Image have been saved in /shenzihe/WD-Disk/output/exp4/grey_sloth_plushie/checkpoint-100/images/purple/
11/22/2024 02:57:18 - INFO - __main__ - Running validation... 
 Generating 4 images with prompt:shiny.
11/22/2024 02:57:32 - INFO - root - Image have been saved in /shenzihe/WD-Disk/output/exp4/grey_sloth_plushie/checkpoint-100/images/shiny/
11/22/2024 02:57:45 - INFO - root - Image have been saved in /shenzihe/WD-Disk/output/exp4/grey_sloth_plushie/checkpoint-100/images/shiny/
11/22/2024 02:57:59 - INFO - root - Image have been saved in /shenzihe/WD-Disk/output/exp4/grey_sloth_plushie/checkpoint-100/images/shiny/
11/22/2024 02:58:13 - INFO - root - Image have been saved in /shenzihe/WD-Disk/output/exp4/grey_sloth_plushie/checkpoint-100/images/shiny/
11/22/2024 02:58:13 - INFO - __main__ - Running validation... 
 Generating 4 images with prompt:wet.
11/22/2024 02:58:26 - INFO - root - Image have been saved in /shenzihe/WD-Disk/output/exp4/grey_sloth_plushie/checkpoint-100/images/wet/
11/22/2024 02:58:39 - INFO - root - Image have been saved in /shenzihe/WD-Disk/output/exp4/grey_sloth_plushie/checkpoint-100/images/wet/
11/22/2024 02:58:53 - INFO - root - Image have been saved in /shenzihe/WD-Disk/output/exp4/grey_sloth_plushie/checkpoint-100/images/wet/
11/22/2024 02:59:07 - INFO - root - Image have been saved in /shenzihe/WD-Disk/output/exp4/grey_sloth_plushie/checkpoint-100/images/wet/
11/22/2024 02:59:07 - INFO - __main__ - Running validation... 
 Generating 4 images with prompt:cube shaped.
11/22/2024 02:59:20 - INFO - root - Image have been saved in /shenzihe/WD-Disk/output/exp4/grey_sloth_plushie/checkpoint-100/images/cube_shaped/
11/22/2024 02:59:38 - INFO - root - Image have been saved in /shenzihe/WD-Disk/output/exp4/grey_sloth_plushie/checkpoint-100/images/cube_shaped/
11/22/2024 02:59:51 - INFO - root - Image have been saved in /shenzihe/WD-Disk/output/exp4/grey_sloth_plushie/checkpoint-100/images/cube_shaped/
11/22/2024 03:00:05 - INFO - root - Image have been saved in /shenzihe/WD-Disk/output/exp4/grey_sloth_plushie/checkpoint-100/images/cube_shaped/
