11/21/2024 22:44:33 - INFO - __main__ - Distributed environment: NO
Num processes: 1
Process index: 0
Local process index: 0
Device: cuda

Mixed precision type: no

11/21/2024 22:44:35 - INFO - root - freeze vision encoder
11/21/2024 22:44:45 - INFO - root - Loading pretrained model from /root/.cache/torch/hub/checkpoints/blip-diffusion
11/21/2024 22:44:45 - INFO - root - Loading pretrained BLIP2 Qformer weights.
11/21/2024 22:44:47 - INFO - root - Loading pretrained projection lyer weights.
11/21/2024 22:44:47 - INFO - root - Loading pretrained text encoder weights.
11/21/2024 22:44:47 - INFO - root - Loading pretrained vae weights.
11/21/2024 22:44:48 - INFO - root - Loading pretrained unet weights.
11/21/2024 22:44:55 - INFO - root - Using xformers.
11/21/2024 22:44:55 - INFO - root - Building datasets...
11/21/2024 22:45:06 - INFO - root - freeze vision encoder
11/21/2024 22:45:36 - INFO - root - load checkpoint from https://storage.googleapis.com/sfr-vision-language-research/LAVIS/models/BLIP2/blip2_pretrained_flant5xl.pth
11/21/2024 22:45:41 - INFO - __main__ - 
***** Running training *****
11/21/2024 22:45:41 - INFO - __main__ -   Num examples = 5
11/21/2024 22:45:41 - INFO - __main__ -   Num batches each epoch = 2
11/21/2024 22:45:41 - INFO - __main__ -   Num Epochs = 50
11/21/2024 22:45:41 - INFO - __main__ -   Instantaneous batch size per device = 3
11/21/2024 22:45:41 - INFO - __main__ -   Total train batch size (w. parallel, distributed & accumulation) = 3
11/21/2024 22:45:41 - INFO - __main__ -   Gradient Accumulation steps = 1
11/21/2024 22:45:41 - INFO - __main__ -   Total optimization steps = 100
11/21/2024 22:45:41 - INFO - __main__ -   Total parameters number = 1995356906
11/21/2024 22:45:41 - INFO - __main__ -   Training parameters number = 576349697
11/21/2024 22:47:22 - INFO - __main__ - Running validation... 
 Generating 4 images with prompt:in the jungle.
11/21/2024 22:47:36 - INFO - root - Image have been saved in /shenzihe/WD-Disk/output/exp4/dog/checkpoint-100/images/in_the_jungle/
11/21/2024 22:47:49 - INFO - root - Image have been saved in /shenzihe/WD-Disk/output/exp4/dog/checkpoint-100/images/in_the_jungle/
11/21/2024 22:48:02 - INFO - root - Image have been saved in /shenzihe/WD-Disk/output/exp4/dog/checkpoint-100/images/in_the_jungle/
11/21/2024 22:48:16 - INFO - root - Image have been saved in /shenzihe/WD-Disk/output/exp4/dog/checkpoint-100/images/in_the_jungle/
11/21/2024 22:48:16 - INFO - __main__ - Running validation... 
 Generating 4 images with prompt:in the snow.
11/21/2024 22:48:29 - INFO - root - Image have been saved in /shenzihe/WD-Disk/output/exp4/dog/checkpoint-100/images/in_the_snow/
11/21/2024 22:48:42 - INFO - root - Image have been saved in /shenzihe/WD-Disk/output/exp4/dog/checkpoint-100/images/in_the_snow/
11/21/2024 22:48:56 - INFO - root - Image have been saved in /shenzihe/WD-Disk/output/exp4/dog/checkpoint-100/images/in_the_snow/
11/21/2024 22:49:09 - INFO - root - Image have been saved in /shenzihe/WD-Disk/output/exp4/dog/checkpoint-100/images/in_the_snow/
11/21/2024 22:49:09 - INFO - __main__ - Running validation... 
 Generating 4 images with prompt:on the beach.
11/21/2024 22:49:22 - INFO - root - Image have been saved in /shenzihe/WD-Disk/output/exp4/dog/checkpoint-100/images/on_the_beach/
11/21/2024 22:49:36 - INFO - root - Image have been saved in /shenzihe/WD-Disk/output/exp4/dog/checkpoint-100/images/on_the_beach/
11/21/2024 22:49:49 - INFO - root - Image have been saved in /shenzihe/WD-Disk/output/exp4/dog/checkpoint-100/images/on_the_beach/
11/21/2024 22:50:03 - INFO - root - Image have been saved in /shenzihe/WD-Disk/output/exp4/dog/checkpoint-100/images/on_the_beach/
11/21/2024 22:50:03 - INFO - __main__ - Running validation... 
 Generating 4 images with prompt:on a cobblestone street.
11/21/2024 22:50:16 - INFO - root - Image have been saved in /shenzihe/WD-Disk/output/exp4/dog/checkpoint-100/images/on_a_cobblestone_street/
11/21/2024 22:50:29 - INFO - root - Image have been saved in /shenzihe/WD-Disk/output/exp4/dog/checkpoint-100/images/on_a_cobblestone_street/
11/21/2024 22:50:43 - INFO - root - Image have been saved in /shenzihe/WD-Disk/output/exp4/dog/checkpoint-100/images/on_a_cobblestone_street/
11/21/2024 22:50:56 - INFO - root - Image have been saved in /shenzihe/WD-Disk/output/exp4/dog/checkpoint-100/images/on_a_cobblestone_street/
11/21/2024 22:50:56 - INFO - __main__ - Running validation... 
 Generating 4 images with prompt:on top of pink fabric.
11/21/2024 22:51:09 - INFO - root - Image have been saved in /shenzihe/WD-Disk/output/exp4/dog/checkpoint-100/images/on_top_of_pink_fabric/
11/21/2024 22:51:23 - INFO - root - Image have been saved in /shenzihe/WD-Disk/output/exp4/dog/checkpoint-100/images/on_top_of_pink_fabric/
11/21/2024 22:51:36 - INFO - root - Image have been saved in /shenzihe/WD-Disk/output/exp4/dog/checkpoint-100/images/on_top_of_pink_fabric/
11/21/2024 22:51:50 - INFO - root - Image have been saved in /shenzihe/WD-Disk/output/exp4/dog/checkpoint-100/images/on_top_of_pink_fabric/
11/21/2024 22:51:50 - INFO - __main__ - Running validation... 
 Generating 4 images with prompt:on top of a wooden floor.
11/21/2024 22:52:03 - INFO - root - Image have been saved in /shenzihe/WD-Disk/output/exp4/dog/checkpoint-100/images/on_top_of_a_wooden_floor/
11/21/2024 22:52:17 - INFO - root - Image have been saved in /shenzihe/WD-Disk/output/exp4/dog/checkpoint-100/images/on_top_of_a_wooden_floor/
11/21/2024 22:52:30 - INFO - root - Image have been saved in /shenzihe/WD-Disk/output/exp4/dog/checkpoint-100/images/on_top_of_a_wooden_floor/
11/21/2024 22:52:43 - INFO - root - Image have been saved in /shenzihe/WD-Disk/output/exp4/dog/checkpoint-100/images/on_top_of_a_wooden_floor/
11/21/2024 22:52:43 - INFO - __main__ - Running validation... 
 Generating 4 images with prompt:with a city in the background.
11/21/2024 22:52:57 - INFO - root - Image have been saved in /shenzihe/WD-Disk/output/exp4/dog/checkpoint-100/images/with_a_city_in_the_background/
11/21/2024 22:53:10 - INFO - root - Image have been saved in /shenzihe/WD-Disk/output/exp4/dog/checkpoint-100/images/with_a_city_in_the_background/
11/21/2024 22:53:24 - INFO - root - Image have been saved in /shenzihe/WD-Disk/output/exp4/dog/checkpoint-100/images/with_a_city_in_the_background/
11/21/2024 22:53:37 - INFO - root - Image have been saved in /shenzihe/WD-Disk/output/exp4/dog/checkpoint-100/images/with_a_city_in_the_background/
11/21/2024 22:53:37 - INFO - __main__ - Running validation... 
 Generating 4 images with prompt:with a mountain in the background.
11/21/2024 22:53:50 - INFO - root - Image have been saved in /shenzihe/WD-Disk/output/exp4/dog/checkpoint-100/images/with_a_mountain_in_the_background/
11/21/2024 22:54:04 - INFO - root - Image have been saved in /shenzihe/WD-Disk/output/exp4/dog/checkpoint-100/images/with_a_mountain_in_the_background/
11/21/2024 22:54:17 - INFO - root - Image have been saved in /shenzihe/WD-Disk/output/exp4/dog/checkpoint-100/images/with_a_mountain_in_the_background/
11/21/2024 22:54:30 - INFO - root - Image have been saved in /shenzihe/WD-Disk/output/exp4/dog/checkpoint-100/images/with_a_mountain_in_the_background/
11/21/2024 22:54:30 - INFO - __main__ - Running validation... 
 Generating 4 images with prompt:with a blue house in the background.
11/21/2024 22:54:44 - INFO - root - Image have been saved in /shenzihe/WD-Disk/output/exp4/dog/checkpoint-100/images/with_a_blue_house_in_the_background/
11/21/2024 22:54:57 - INFO - root - Image have been saved in /shenzihe/WD-Disk/output/exp4/dog/checkpoint-100/images/with_a_blue_house_in_the_background/
11/21/2024 22:55:11 - INFO - root - Image have been saved in /shenzihe/WD-Disk/output/exp4/dog/checkpoint-100/images/with_a_blue_house_in_the_background/
11/21/2024 22:55:24 - INFO - root - Image have been saved in /shenzihe/WD-Disk/output/exp4/dog/checkpoint-100/images/with_a_blue_house_in_the_background/
11/21/2024 22:55:24 - INFO - __main__ - Running validation... 
 Generating 4 images with prompt:on top of a purple rug in a forest.
11/21/2024 22:55:37 - INFO - root - Image have been saved in /shenzihe/WD-Disk/output/exp4/dog/checkpoint-100/images/on_top_of_a_purple_rug_in_a_forest/
11/21/2024 22:55:51 - INFO - root - Image have been saved in /shenzihe/WD-Disk/output/exp4/dog/checkpoint-100/images/on_top_of_a_purple_rug_in_a_forest/
11/21/2024 22:56:04 - INFO - root - Image have been saved in /shenzihe/WD-Disk/output/exp4/dog/checkpoint-100/images/on_top_of_a_purple_rug_in_a_forest/
11/21/2024 22:56:18 - INFO - root - Image have been saved in /shenzihe/WD-Disk/output/exp4/dog/checkpoint-100/images/on_top_of_a_purple_rug_in_a_forest/
11/21/2024 22:56:18 - INFO - __main__ - Running validation... 
 Generating 4 images with prompt:with a wheat field in the background.
11/21/2024 22:56:31 - INFO - root - Image have been saved in /shenzihe/WD-Disk/output/exp4/dog/checkpoint-100/images/with_a_wheat_field_in_the_background/
11/21/2024 22:56:44 - INFO - root - Image have been saved in /shenzihe/WD-Disk/output/exp4/dog/checkpoint-100/images/with_a_wheat_field_in_the_background/
11/21/2024 22:56:58 - INFO - root - Image have been saved in /shenzihe/WD-Disk/output/exp4/dog/checkpoint-100/images/with_a_wheat_field_in_the_background/
11/21/2024 22:57:11 - INFO - root - Image have been saved in /shenzihe/WD-Disk/output/exp4/dog/checkpoint-100/images/with_a_wheat_field_in_the_background/
11/21/2024 22:57:11 - INFO - __main__ - Running validation... 
 Generating 4 images with prompt:with a tree and autumn leaves in the background.
11/21/2024 22:57:25 - INFO - root - Image have been saved in /shenzihe/WD-Disk/output/exp4/dog/checkpoint-100/images/with_a_tree_and_autumn_leaves_in_the_background/
11/21/2024 22:57:38 - INFO - root - Image have been saved in /shenzihe/WD-Disk/output/exp4/dog/checkpoint-100/images/with_a_tree_and_autumn_leaves_in_the_background/
11/21/2024 22:57:51 - INFO - root - Image have been saved in /shenzihe/WD-Disk/output/exp4/dog/checkpoint-100/images/with_a_tree_and_autumn_leaves_in_the_background/
11/21/2024 22:58:05 - INFO - root - Image have been saved in /shenzihe/WD-Disk/output/exp4/dog/checkpoint-100/images/with_a_tree_and_autumn_leaves_in_the_background/
11/21/2024 22:58:05 - INFO - __main__ - Running validation... 
 Generating 4 images with prompt:with the Eiffel Tower in the background.
11/21/2024 22:58:18 - INFO - root - Image have been saved in /shenzihe/WD-Disk/output/exp4/dog/checkpoint-100/images/with_the_Eiffel_Tower_in_the_background/
11/21/2024 22:58:31 - INFO - root - Image have been saved in /shenzihe/WD-Disk/output/exp4/dog/checkpoint-100/images/with_the_Eiffel_Tower_in_the_background/
11/21/2024 22:58:45 - INFO - root - Image have been saved in /shenzihe/WD-Disk/output/exp4/dog/checkpoint-100/images/with_the_Eiffel_Tower_in_the_background/
11/21/2024 22:58:58 - INFO - root - Image have been saved in /shenzihe/WD-Disk/output/exp4/dog/checkpoint-100/images/with_the_Eiffel_Tower_in_the_background/
11/21/2024 22:58:58 - INFO - __main__ - Running validation... 
 Generating 4 images with prompt:floating on top of water.
11/21/2024 22:59:11 - INFO - root - Image have been saved in /shenzihe/WD-Disk/output/exp4/dog/checkpoint-100/images/floating_on_top_of_water/
11/21/2024 22:59:25 - INFO - root - Image have been saved in /shenzihe/WD-Disk/output/exp4/dog/checkpoint-100/images/floating_on_top_of_water/
11/21/2024 22:59:38 - INFO - root - Image have been saved in /shenzihe/WD-Disk/output/exp4/dog/checkpoint-100/images/floating_on_top_of_water/
11/21/2024 22:59:52 - INFO - root - Image have been saved in /shenzihe/WD-Disk/output/exp4/dog/checkpoint-100/images/floating_on_top_of_water/
11/21/2024 22:59:52 - INFO - __main__ - Running validation... 
 Generating 4 images with prompt:floating in an ocean of milk.
11/21/2024 23:00:05 - INFO - root - Image have been saved in /shenzihe/WD-Disk/output/exp4/dog/checkpoint-100/images/floating_in_an_ocean_of_milk/
11/21/2024 23:00:18 - INFO - root - Image have been saved in /shenzihe/WD-Disk/output/exp4/dog/checkpoint-100/images/floating_in_an_ocean_of_milk/
11/21/2024 23:00:32 - INFO - root - Image have been saved in /shenzihe/WD-Disk/output/exp4/dog/checkpoint-100/images/floating_in_an_ocean_of_milk/
11/21/2024 23:00:45 - INFO - root - Image have been saved in /shenzihe/WD-Disk/output/exp4/dog/checkpoint-100/images/floating_in_an_ocean_of_milk/
11/21/2024 23:00:45 - INFO - __main__ - Running validation... 
 Generating 4 images with prompt:on top of green grass with sunflowers around it.
11/21/2024 23:00:58 - INFO - root - Image have been saved in /shenzihe/WD-Disk/output/exp4/dog/checkpoint-100/images/on_top_of_green_grass_with_sunflowers_around_it/
11/21/2024 23:01:12 - INFO - root - Image have been saved in /shenzihe/WD-Disk/output/exp4/dog/checkpoint-100/images/on_top_of_green_grass_with_sunflowers_around_it/
11/21/2024 23:01:25 - INFO - root - Image have been saved in /shenzihe/WD-Disk/output/exp4/dog/checkpoint-100/images/on_top_of_green_grass_with_sunflowers_around_it/
11/21/2024 23:01:39 - INFO - root - Image have been saved in /shenzihe/WD-Disk/output/exp4/dog/checkpoint-100/images/on_top_of_green_grass_with_sunflowers_around_it/
11/21/2024 23:01:39 - INFO - __main__ - Running validation... 
 Generating 4 images with prompt:on top of a mirror.
11/21/2024 23:01:52 - INFO - root - Image have been saved in /shenzihe/WD-Disk/output/exp4/dog/checkpoint-100/images/on_top_of_a_mirror/
11/21/2024 23:02:05 - INFO - root - Image have been saved in /shenzihe/WD-Disk/output/exp4/dog/checkpoint-100/images/on_top_of_a_mirror/
11/21/2024 23:02:19 - INFO - root - Image have been saved in /shenzihe/WD-Disk/output/exp4/dog/checkpoint-100/images/on_top_of_a_mirror/
11/21/2024 23:02:32 - INFO - root - Image have been saved in /shenzihe/WD-Disk/output/exp4/dog/checkpoint-100/images/on_top_of_a_mirror/
11/21/2024 23:02:32 - INFO - __main__ - Running validation... 
 Generating 4 images with prompt:on top of the sidewalk in a crowded street.
11/21/2024 23:02:45 - INFO - root - Image have been saved in /shenzihe/WD-Disk/output/exp4/dog/checkpoint-100/images/on_top_of_the_sidewalk_in_a_crowded_street/
11/21/2024 23:02:59 - INFO - root - Image have been saved in /shenzihe/WD-Disk/output/exp4/dog/checkpoint-100/images/on_top_of_the_sidewalk_in_a_crowded_street/
11/21/2024 23:03:12 - INFO - root - Image have been saved in /shenzihe/WD-Disk/output/exp4/dog/checkpoint-100/images/on_top_of_the_sidewalk_in_a_crowded_street/
11/21/2024 23:03:26 - INFO - root - Image have been saved in /shenzihe/WD-Disk/output/exp4/dog/checkpoint-100/images/on_top_of_the_sidewalk_in_a_crowded_street/
11/21/2024 23:03:26 - INFO - __main__ - Running validation... 
 Generating 4 images with prompt:on top of a dirt road.
11/21/2024 23:03:39 - INFO - root - Image have been saved in /shenzihe/WD-Disk/output/exp4/dog/checkpoint-100/images/on_top_of_a_dirt_road/
11/21/2024 23:03:52 - INFO - root - Image have been saved in /shenzihe/WD-Disk/output/exp4/dog/checkpoint-100/images/on_top_of_a_dirt_road/
11/21/2024 23:04:06 - INFO - root - Image have been saved in /shenzihe/WD-Disk/output/exp4/dog/checkpoint-100/images/on_top_of_a_dirt_road/
11/21/2024 23:04:20 - INFO - root - Image have been saved in /shenzihe/WD-Disk/output/exp4/dog/checkpoint-100/images/on_top_of_a_dirt_road/
11/21/2024 23:04:20 - INFO - __main__ - Running validation... 
 Generating 4 images with prompt:on top of a white rug.
11/21/2024 23:04:33 - INFO - root - Image have been saved in /shenzihe/WD-Disk/output/exp4/dog/checkpoint-100/images/on_top_of_a_white_rug/
11/21/2024 23:04:46 - INFO - root - Image have been saved in /shenzihe/WD-Disk/output/exp4/dog/checkpoint-100/images/on_top_of_a_white_rug/
11/21/2024 23:05:00 - INFO - root - Image have been saved in /shenzihe/WD-Disk/output/exp4/dog/checkpoint-100/images/on_top_of_a_white_rug/
11/21/2024 23:05:13 - INFO - root - Image have been saved in /shenzihe/WD-Disk/output/exp4/dog/checkpoint-100/images/on_top_of_a_white_rug/
11/21/2024 23:05:13 - INFO - __main__ - Running validation... 
 Generating 4 images with prompt:red.
11/21/2024 23:05:26 - INFO - root - Image have been saved in /shenzihe/WD-Disk/output/exp4/dog/checkpoint-100/images/red/
11/21/2024 23:05:40 - INFO - root - Image have been saved in /shenzihe/WD-Disk/output/exp4/dog/checkpoint-100/images/red/
11/21/2024 23:05:53 - INFO - root - Image have been saved in /shenzihe/WD-Disk/output/exp4/dog/checkpoint-100/images/red/
11/21/2024 23:06:07 - INFO - root - Image have been saved in /shenzihe/WD-Disk/output/exp4/dog/checkpoint-100/images/red/
11/21/2024 23:06:07 - INFO - __main__ - Running validation... 
 Generating 4 images with prompt:purple.
11/21/2024 23:06:20 - INFO - root - Image have been saved in /shenzihe/WD-Disk/output/exp4/dog/checkpoint-100/images/purple/
11/21/2024 23:06:33 - INFO - root - Image have been saved in /shenzihe/WD-Disk/output/exp4/dog/checkpoint-100/images/purple/
11/21/2024 23:06:47 - INFO - root - Image have been saved in /shenzihe/WD-Disk/output/exp4/dog/checkpoint-100/images/purple/
11/21/2024 23:07:00 - INFO - root - Image have been saved in /shenzihe/WD-Disk/output/exp4/dog/checkpoint-100/images/purple/
11/21/2024 23:07:00 - INFO - __main__ - Running validation... 
 Generating 4 images with prompt:shiny.
11/21/2024 23:07:13 - INFO - root - Image have been saved in /shenzihe/WD-Disk/output/exp4/dog/checkpoint-100/images/shiny/
11/21/2024 23:07:27 - INFO - root - Image have been saved in /shenzihe/WD-Disk/output/exp4/dog/checkpoint-100/images/shiny/
11/21/2024 23:07:40 - INFO - root - Image have been saved in /shenzihe/WD-Disk/output/exp4/dog/checkpoint-100/images/shiny/
11/21/2024 23:07:54 - INFO - root - Image have been saved in /shenzihe/WD-Disk/output/exp4/dog/checkpoint-100/images/shiny/
11/21/2024 23:07:54 - INFO - __main__ - Running validation... 
 Generating 4 images with prompt:wet.
11/21/2024 23:08:07 - INFO - root - Image have been saved in /shenzihe/WD-Disk/output/exp4/dog/checkpoint-100/images/wet/
11/21/2024 23:08:20 - INFO - root - Image have been saved in /shenzihe/WD-Disk/output/exp4/dog/checkpoint-100/images/wet/
11/21/2024 23:08:34 - INFO - root - Image have been saved in /shenzihe/WD-Disk/output/exp4/dog/checkpoint-100/images/wet/
11/21/2024 23:08:47 - INFO - root - Image have been saved in /shenzihe/WD-Disk/output/exp4/dog/checkpoint-100/images/wet/
11/21/2024 23:08:47 - INFO - __main__ - Running validation... 
 Generating 4 images with prompt:cube shaped.
11/21/2024 23:09:00 - INFO - root - Image have been saved in /shenzihe/WD-Disk/output/exp4/dog/checkpoint-100/images/cube_shaped/
11/21/2024 23:09:14 - INFO - root - Image have been saved in /shenzihe/WD-Disk/output/exp4/dog/checkpoint-100/images/cube_shaped/
11/21/2024 23:09:27 - INFO - root - Image have been saved in /shenzihe/WD-Disk/output/exp4/dog/checkpoint-100/images/cube_shaped/
11/21/2024 23:09:41 - INFO - root - Image have been saved in /shenzihe/WD-Disk/output/exp4/dog/checkpoint-100/images/cube_shaped/
