11/21/2024 20:36:18 - INFO - __main__ - Distributed environment: NO
Num processes: 1
Process index: 0
Local process index: 0
Device: cuda

Mixed precision type: no

11/21/2024 20:36:23 - INFO - root - freeze vision encoder
11/21/2024 20:36:33 - INFO - root - Loading pretrained model from /root/.cache/torch/hub/checkpoints/blip-diffusion
11/21/2024 20:36:33 - INFO - root - Loading pretrained BLIP2 Qformer weights.
11/21/2024 20:36:35 - INFO - root - Loading pretrained projection lyer weights.
11/21/2024 20:36:35 - INFO - root - Loading pretrained text encoder weights.
11/21/2024 20:36:35 - INFO - root - Loading pretrained vae weights.
11/21/2024 20:36:36 - INFO - root - Loading pretrained unet weights.
11/21/2024 20:36:44 - INFO - root - Using xformers.
11/21/2024 20:36:44 - INFO - root - Building datasets...
11/21/2024 20:36:54 - INFO - root - freeze vision encoder
11/21/2024 20:37:21 - INFO - root - load checkpoint from https://storage.googleapis.com/sfr-vision-language-research/LAVIS/models/BLIP2/blip2_pretrained_flant5xl.pth
11/21/2024 20:37:27 - INFO - __main__ - 
***** Running training *****
11/21/2024 20:37:27 - INFO - __main__ -   Num examples = 5
11/21/2024 20:37:27 - INFO - __main__ -   Num batches each epoch = 2
11/21/2024 20:37:27 - INFO - __main__ -   Num Epochs = 50
11/21/2024 20:37:27 - INFO - __main__ -   Instantaneous batch size per device = 3
11/21/2024 20:37:27 - INFO - __main__ -   Total train batch size (w. parallel, distributed & accumulation) = 3
11/21/2024 20:37:27 - INFO - __main__ -   Gradient Accumulation steps = 1
11/21/2024 20:37:27 - INFO - __main__ -   Total optimization steps = 100
11/21/2024 20:37:27 - INFO - __main__ -   Total parameters number = 1995356906
11/21/2024 20:37:27 - INFO - __main__ -   Training parameters number = 576349697
11/21/2024 20:39:20 - INFO - __main__ - Running validation... 
 Generating 4 images with prompt:in the jungle.
11/21/2024 20:39:33 - INFO - root - Image have been saved in /shenzihe/WD-Disk/output/exp4/candle/checkpoint-100/images/in_the_jungle/
11/21/2024 20:39:47 - INFO - root - Image have been saved in /shenzihe/WD-Disk/output/exp4/candle/checkpoint-100/images/in_the_jungle/
11/21/2024 20:40:00 - INFO - root - Image have been saved in /shenzihe/WD-Disk/output/exp4/candle/checkpoint-100/images/in_the_jungle/
11/21/2024 20:40:13 - INFO - root - Image have been saved in /shenzihe/WD-Disk/output/exp4/candle/checkpoint-100/images/in_the_jungle/
11/21/2024 20:40:13 - INFO - __main__ - Running validation... 
 Generating 4 images with prompt:in the snow.
11/21/2024 20:40:27 - INFO - root - Image have been saved in /shenzihe/WD-Disk/output/exp4/candle/checkpoint-100/images/in_the_snow/
11/21/2024 20:40:40 - INFO - root - Image have been saved in /shenzihe/WD-Disk/output/exp4/candle/checkpoint-100/images/in_the_snow/
11/21/2024 20:40:53 - INFO - root - Image have been saved in /shenzihe/WD-Disk/output/exp4/candle/checkpoint-100/images/in_the_snow/
11/21/2024 20:41:07 - INFO - root - Image have been saved in /shenzihe/WD-Disk/output/exp4/candle/checkpoint-100/images/in_the_snow/
11/21/2024 20:41:07 - INFO - __main__ - Running validation... 
 Generating 4 images with prompt:on the beach.
11/21/2024 20:41:20 - INFO - root - Image have been saved in /shenzihe/WD-Disk/output/exp4/candle/checkpoint-100/images/on_the_beach/
11/21/2024 20:41:33 - INFO - root - Image have been saved in /shenzihe/WD-Disk/output/exp4/candle/checkpoint-100/images/on_the_beach/
11/21/2024 20:41:47 - INFO - root - Image have been saved in /shenzihe/WD-Disk/output/exp4/candle/checkpoint-100/images/on_the_beach/
11/21/2024 20:42:00 - INFO - root - Image have been saved in /shenzihe/WD-Disk/output/exp4/candle/checkpoint-100/images/on_the_beach/
11/21/2024 20:42:00 - INFO - __main__ - Running validation... 
 Generating 4 images with prompt:on a cobblestone street.
11/21/2024 20:42:14 - INFO - root - Image have been saved in /shenzihe/WD-Disk/output/exp4/candle/checkpoint-100/images/on_a_cobblestone_street/
11/21/2024 20:42:27 - INFO - root - Image have been saved in /shenzihe/WD-Disk/output/exp4/candle/checkpoint-100/images/on_a_cobblestone_street/
11/21/2024 20:42:40 - INFO - root - Image have been saved in /shenzihe/WD-Disk/output/exp4/candle/checkpoint-100/images/on_a_cobblestone_street/
11/21/2024 20:42:54 - INFO - root - Image have been saved in /shenzihe/WD-Disk/output/exp4/candle/checkpoint-100/images/on_a_cobblestone_street/
11/21/2024 20:42:54 - INFO - __main__ - Running validation... 
 Generating 4 images with prompt:on top of pink fabric.
11/21/2024 20:43:07 - INFO - root - Image have been saved in /shenzihe/WD-Disk/output/exp4/candle/checkpoint-100/images/on_top_of_pink_fabric/
11/21/2024 20:43:20 - INFO - root - Image have been saved in /shenzihe/WD-Disk/output/exp4/candle/checkpoint-100/images/on_top_of_pink_fabric/
11/21/2024 20:43:34 - INFO - root - Image have been saved in /shenzihe/WD-Disk/output/exp4/candle/checkpoint-100/images/on_top_of_pink_fabric/
11/21/2024 20:43:47 - INFO - root - Image have been saved in /shenzihe/WD-Disk/output/exp4/candle/checkpoint-100/images/on_top_of_pink_fabric/
11/21/2024 20:43:47 - INFO - __main__ - Running validation... 
 Generating 4 images with prompt:on top of a wooden floor.
11/21/2024 20:44:01 - INFO - root - Image have been saved in /shenzihe/WD-Disk/output/exp4/candle/checkpoint-100/images/on_top_of_a_wooden_floor/
11/21/2024 20:44:14 - INFO - root - Image have been saved in /shenzihe/WD-Disk/output/exp4/candle/checkpoint-100/images/on_top_of_a_wooden_floor/
11/21/2024 20:44:27 - INFO - root - Image have been saved in /shenzihe/WD-Disk/output/exp4/candle/checkpoint-100/images/on_top_of_a_wooden_floor/
11/21/2024 20:44:41 - INFO - root - Image have been saved in /shenzihe/WD-Disk/output/exp4/candle/checkpoint-100/images/on_top_of_a_wooden_floor/
11/21/2024 20:44:41 - INFO - __main__ - Running validation... 
 Generating 4 images with prompt:with a city in the background.
11/21/2024 20:44:54 - INFO - root - Image have been saved in /shenzihe/WD-Disk/output/exp4/candle/checkpoint-100/images/with_a_city_in_the_background/
11/21/2024 20:45:07 - INFO - root - Image have been saved in /shenzihe/WD-Disk/output/exp4/candle/checkpoint-100/images/with_a_city_in_the_background/
11/21/2024 20:45:21 - INFO - root - Image have been saved in /shenzihe/WD-Disk/output/exp4/candle/checkpoint-100/images/with_a_city_in_the_background/
11/21/2024 20:45:34 - INFO - root - Image have been saved in /shenzihe/WD-Disk/output/exp4/candle/checkpoint-100/images/with_a_city_in_the_background/
11/21/2024 20:45:34 - INFO - __main__ - Running validation... 
 Generating 4 images with prompt:with a mountain in the background.
11/21/2024 20:45:48 - INFO - root - Image have been saved in /shenzihe/WD-Disk/output/exp4/candle/checkpoint-100/images/with_a_mountain_in_the_background/
11/21/2024 20:46:01 - INFO - root - Image have been saved in /shenzihe/WD-Disk/output/exp4/candle/checkpoint-100/images/with_a_mountain_in_the_background/
11/21/2024 20:46:14 - INFO - root - Image have been saved in /shenzihe/WD-Disk/output/exp4/candle/checkpoint-100/images/with_a_mountain_in_the_background/
11/21/2024 20:46:28 - INFO - root - Image have been saved in /shenzihe/WD-Disk/output/exp4/candle/checkpoint-100/images/with_a_mountain_in_the_background/
11/21/2024 20:46:28 - INFO - __main__ - Running validation... 
 Generating 4 images with prompt:with a blue house in the background.
11/21/2024 20:46:41 - INFO - root - Image have been saved in /shenzihe/WD-Disk/output/exp4/candle/checkpoint-100/images/with_a_blue_house_in_the_background/
11/21/2024 20:46:54 - INFO - root - Image have been saved in /shenzihe/WD-Disk/output/exp4/candle/checkpoint-100/images/with_a_blue_house_in_the_background/
11/21/2024 20:47:08 - INFO - root - Image have been saved in /shenzihe/WD-Disk/output/exp4/candle/checkpoint-100/images/with_a_blue_house_in_the_background/
11/21/2024 20:47:21 - INFO - root - Image have been saved in /shenzihe/WD-Disk/output/exp4/candle/checkpoint-100/images/with_a_blue_house_in_the_background/
11/21/2024 20:47:21 - INFO - __main__ - Running validation... 
 Generating 4 images with prompt:on top of a purple rug in a forest.
11/21/2024 20:47:35 - INFO - root - Image have been saved in /shenzihe/WD-Disk/output/exp4/candle/checkpoint-100/images/on_top_of_a_purple_rug_in_a_forest/
11/21/2024 20:47:48 - INFO - root - Image have been saved in /shenzihe/WD-Disk/output/exp4/candle/checkpoint-100/images/on_top_of_a_purple_rug_in_a_forest/
11/21/2024 20:48:01 - INFO - root - Image have been saved in /shenzihe/WD-Disk/output/exp4/candle/checkpoint-100/images/on_top_of_a_purple_rug_in_a_forest/
11/21/2024 20:48:15 - INFO - root - Image have been saved in /shenzihe/WD-Disk/output/exp4/candle/checkpoint-100/images/on_top_of_a_purple_rug_in_a_forest/
11/21/2024 20:48:15 - INFO - __main__ - Running validation... 
 Generating 4 images with prompt:with a wheat field in the background.
11/21/2024 20:48:28 - INFO - root - Image have been saved in /shenzihe/WD-Disk/output/exp4/candle/checkpoint-100/images/with_a_wheat_field_in_the_background/
11/21/2024 20:48:41 - INFO - root - Image have been saved in /shenzihe/WD-Disk/output/exp4/candle/checkpoint-100/images/with_a_wheat_field_in_the_background/
11/21/2024 20:48:55 - INFO - root - Image have been saved in /shenzihe/WD-Disk/output/exp4/candle/checkpoint-100/images/with_a_wheat_field_in_the_background/
11/21/2024 20:49:08 - INFO - root - Image have been saved in /shenzihe/WD-Disk/output/exp4/candle/checkpoint-100/images/with_a_wheat_field_in_the_background/
11/21/2024 20:49:08 - INFO - __main__ - Running validation... 
 Generating 4 images with prompt:with a tree and autumn leaves in the background.
11/21/2024 20:49:22 - INFO - root - Image have been saved in /shenzihe/WD-Disk/output/exp4/candle/checkpoint-100/images/with_a_tree_and_autumn_leaves_in_the_background/
11/21/2024 20:49:35 - INFO - root - Image have been saved in /shenzihe/WD-Disk/output/exp4/candle/checkpoint-100/images/with_a_tree_and_autumn_leaves_in_the_background/
11/21/2024 20:49:48 - INFO - root - Image have been saved in /shenzihe/WD-Disk/output/exp4/candle/checkpoint-100/images/with_a_tree_and_autumn_leaves_in_the_background/
11/21/2024 20:50:02 - INFO - root - Image have been saved in /shenzihe/WD-Disk/output/exp4/candle/checkpoint-100/images/with_a_tree_and_autumn_leaves_in_the_background/
11/21/2024 20:50:02 - INFO - __main__ - Running validation... 
 Generating 4 images with prompt:with the Eiffel Tower in the background.
11/21/2024 20:50:15 - INFO - root - Image have been saved in /shenzihe/WD-Disk/output/exp4/candle/checkpoint-100/images/with_the_Eiffel_Tower_in_the_background/
11/21/2024 20:50:28 - INFO - root - Image have been saved in /shenzihe/WD-Disk/output/exp4/candle/checkpoint-100/images/with_the_Eiffel_Tower_in_the_background/
11/21/2024 20:50:42 - INFO - root - Image have been saved in /shenzihe/WD-Disk/output/exp4/candle/checkpoint-100/images/with_the_Eiffel_Tower_in_the_background/
11/21/2024 20:50:55 - INFO - root - Image have been saved in /shenzihe/WD-Disk/output/exp4/candle/checkpoint-100/images/with_the_Eiffel_Tower_in_the_background/
11/21/2024 20:50:55 - INFO - __main__ - Running validation... 
 Generating 4 images with prompt:floating on top of water.
11/21/2024 20:51:08 - INFO - root - Image have been saved in /shenzihe/WD-Disk/output/exp4/candle/checkpoint-100/images/floating_on_top_of_water/
11/21/2024 20:51:22 - INFO - root - Image have been saved in /shenzihe/WD-Disk/output/exp4/candle/checkpoint-100/images/floating_on_top_of_water/
11/21/2024 20:51:35 - INFO - root - Image have been saved in /shenzihe/WD-Disk/output/exp4/candle/checkpoint-100/images/floating_on_top_of_water/
11/21/2024 20:51:48 - INFO - root - Image have been saved in /shenzihe/WD-Disk/output/exp4/candle/checkpoint-100/images/floating_on_top_of_water/
11/21/2024 20:51:48 - INFO - __main__ - Running validation... 
 Generating 4 images with prompt:floating in an ocean of milk.
11/21/2024 20:52:02 - INFO - root - Image have been saved in /shenzihe/WD-Disk/output/exp4/candle/checkpoint-100/images/floating_in_an_ocean_of_milk/
11/21/2024 20:52:15 - INFO - root - Image have been saved in /shenzihe/WD-Disk/output/exp4/candle/checkpoint-100/images/floating_in_an_ocean_of_milk/
11/21/2024 20:52:29 - INFO - root - Image have been saved in /shenzihe/WD-Disk/output/exp4/candle/checkpoint-100/images/floating_in_an_ocean_of_milk/
11/21/2024 20:52:42 - INFO - root - Image have been saved in /shenzihe/WD-Disk/output/exp4/candle/checkpoint-100/images/floating_in_an_ocean_of_milk/
11/21/2024 20:52:42 - INFO - __main__ - Running validation... 
 Generating 4 images with prompt:on top of green grass with sunflowers around it.
11/21/2024 20:52:55 - INFO - root - Image have been saved in /shenzihe/WD-Disk/output/exp4/candle/checkpoint-100/images/on_top_of_green_grass_with_sunflowers_around_it/
11/21/2024 20:53:09 - INFO - root - Image have been saved in /shenzihe/WD-Disk/output/exp4/candle/checkpoint-100/images/on_top_of_green_grass_with_sunflowers_around_it/
11/21/2024 20:53:22 - INFO - root - Image have been saved in /shenzihe/WD-Disk/output/exp4/candle/checkpoint-100/images/on_top_of_green_grass_with_sunflowers_around_it/
11/21/2024 20:53:35 - INFO - root - Image have been saved in /shenzihe/WD-Disk/output/exp4/candle/checkpoint-100/images/on_top_of_green_grass_with_sunflowers_around_it/
11/21/2024 20:53:35 - INFO - __main__ - Running validation... 
 Generating 4 images with prompt:on top of a mirror.
11/21/2024 20:53:49 - INFO - root - Image have been saved in /shenzihe/WD-Disk/output/exp4/candle/checkpoint-100/images/on_top_of_a_mirror/
11/21/2024 20:54:02 - INFO - root - Image have been saved in /shenzihe/WD-Disk/output/exp4/candle/checkpoint-100/images/on_top_of_a_mirror/
11/21/2024 20:54:15 - INFO - root - Image have been saved in /shenzihe/WD-Disk/output/exp4/candle/checkpoint-100/images/on_top_of_a_mirror/
11/21/2024 20:54:29 - INFO - root - Image have been saved in /shenzihe/WD-Disk/output/exp4/candle/checkpoint-100/images/on_top_of_a_mirror/
11/21/2024 20:54:29 - INFO - __main__ - Running validation... 
 Generating 4 images with prompt:on top of the sidewalk in a crowded street.
11/21/2024 20:54:42 - INFO - root - Image have been saved in /shenzihe/WD-Disk/output/exp4/candle/checkpoint-100/images/on_top_of_the_sidewalk_in_a_crowded_street/
11/21/2024 20:54:55 - INFO - root - Image have been saved in /shenzihe/WD-Disk/output/exp4/candle/checkpoint-100/images/on_top_of_the_sidewalk_in_a_crowded_street/
11/21/2024 20:55:09 - INFO - root - Image have been saved in /shenzihe/WD-Disk/output/exp4/candle/checkpoint-100/images/on_top_of_the_sidewalk_in_a_crowded_street/
11/21/2024 20:55:22 - INFO - root - Image have been saved in /shenzihe/WD-Disk/output/exp4/candle/checkpoint-100/images/on_top_of_the_sidewalk_in_a_crowded_street/
11/21/2024 20:55:22 - INFO - __main__ - Running validation... 
 Generating 4 images with prompt:on top of a dirt road.
11/21/2024 20:55:36 - INFO - root - Image have been saved in /shenzihe/WD-Disk/output/exp4/candle/checkpoint-100/images/on_top_of_a_dirt_road/
11/21/2024 20:55:49 - INFO - root - Image have been saved in /shenzihe/WD-Disk/output/exp4/candle/checkpoint-100/images/on_top_of_a_dirt_road/
11/21/2024 20:56:02 - INFO - root - Image have been saved in /shenzihe/WD-Disk/output/exp4/candle/checkpoint-100/images/on_top_of_a_dirt_road/
11/21/2024 20:56:16 - INFO - root - Image have been saved in /shenzihe/WD-Disk/output/exp4/candle/checkpoint-100/images/on_top_of_a_dirt_road/
11/21/2024 20:56:16 - INFO - __main__ - Running validation... 
 Generating 4 images with prompt:on top of a white rug.
11/21/2024 20:56:29 - INFO - root - Image have been saved in /shenzihe/WD-Disk/output/exp4/candle/checkpoint-100/images/on_top_of_a_white_rug/
11/21/2024 20:56:42 - INFO - root - Image have been saved in /shenzihe/WD-Disk/output/exp4/candle/checkpoint-100/images/on_top_of_a_white_rug/
11/21/2024 20:56:56 - INFO - root - Image have been saved in /shenzihe/WD-Disk/output/exp4/candle/checkpoint-100/images/on_top_of_a_white_rug/
11/21/2024 20:57:09 - INFO - root - Image have been saved in /shenzihe/WD-Disk/output/exp4/candle/checkpoint-100/images/on_top_of_a_white_rug/
11/21/2024 20:57:09 - INFO - __main__ - Running validation... 
 Generating 4 images with prompt:red.
11/21/2024 20:57:22 - INFO - root - Image have been saved in /shenzihe/WD-Disk/output/exp4/candle/checkpoint-100/images/red/
11/21/2024 20:57:36 - INFO - root - Image have been saved in /shenzihe/WD-Disk/output/exp4/candle/checkpoint-100/images/red/
11/21/2024 20:57:49 - INFO - root - Image have been saved in /shenzihe/WD-Disk/output/exp4/candle/checkpoint-100/images/red/
11/21/2024 20:58:02 - INFO - root - Image have been saved in /shenzihe/WD-Disk/output/exp4/candle/checkpoint-100/images/red/
11/21/2024 20:58:02 - INFO - __main__ - Running validation... 
 Generating 4 images with prompt:purple.
11/21/2024 20:58:16 - INFO - root - Image have been saved in /shenzihe/WD-Disk/output/exp4/candle/checkpoint-100/images/purple/
11/21/2024 20:58:29 - INFO - root - Image have been saved in /shenzihe/WD-Disk/output/exp4/candle/checkpoint-100/images/purple/
11/21/2024 20:58:43 - INFO - root - Image have been saved in /shenzihe/WD-Disk/output/exp4/candle/checkpoint-100/images/purple/
11/21/2024 20:58:56 - INFO - root - Image have been saved in /shenzihe/WD-Disk/output/exp4/candle/checkpoint-100/images/purple/
11/21/2024 20:58:56 - INFO - __main__ - Running validation... 
 Generating 4 images with prompt:shiny.
11/21/2024 20:59:09 - INFO - root - Image have been saved in /shenzihe/WD-Disk/output/exp4/candle/checkpoint-100/images/shiny/
11/21/2024 20:59:23 - INFO - root - Image have been saved in /shenzihe/WD-Disk/output/exp4/candle/checkpoint-100/images/shiny/
11/21/2024 20:59:36 - INFO - root - Image have been saved in /shenzihe/WD-Disk/output/exp4/candle/checkpoint-100/images/shiny/
11/21/2024 20:59:50 - INFO - root - Image have been saved in /shenzihe/WD-Disk/output/exp4/candle/checkpoint-100/images/shiny/
11/21/2024 20:59:50 - INFO - __main__ - Running validation... 
 Generating 4 images with prompt:wet.
11/21/2024 21:00:03 - INFO - root - Image have been saved in /shenzihe/WD-Disk/output/exp4/candle/checkpoint-100/images/wet/
11/21/2024 21:00:16 - INFO - root - Image have been saved in /shenzihe/WD-Disk/output/exp4/candle/checkpoint-100/images/wet/
11/21/2024 21:00:30 - INFO - root - Image have been saved in /shenzihe/WD-Disk/output/exp4/candle/checkpoint-100/images/wet/
11/21/2024 21:00:43 - INFO - root - Image have been saved in /shenzihe/WD-Disk/output/exp4/candle/checkpoint-100/images/wet/
11/21/2024 21:00:43 - INFO - __main__ - Running validation... 
 Generating 4 images with prompt:cube shaped.
11/21/2024 21:00:56 - INFO - root - Image have been saved in /shenzihe/WD-Disk/output/exp4/candle/checkpoint-100/images/cube_shaped/
11/21/2024 21:01:10 - INFO - root - Image have been saved in /shenzihe/WD-Disk/output/exp4/candle/checkpoint-100/images/cube_shaped/
11/21/2024 21:01:23 - INFO - root - Image have been saved in /shenzihe/WD-Disk/output/exp4/candle/checkpoint-100/images/cube_shaped/
11/21/2024 21:01:36 - INFO - root - Image have been saved in /shenzihe/WD-Disk/output/exp4/candle/checkpoint-100/images/cube_shaped/
