11/21/2024 22:18:50 - INFO - __main__ - Distributed environment: NO
Num processes: 1
Process index: 0
Local process index: 0
Device: cuda

Mixed precision type: no

11/21/2024 22:18:54 - INFO - root - freeze vision encoder
11/21/2024 22:19:04 - INFO - root - Loading pretrained model from /root/.cache/torch/hub/checkpoints/blip-diffusion
11/21/2024 22:19:04 - INFO - root - Loading pretrained BLIP2 Qformer weights.
11/21/2024 22:19:06 - INFO - root - Loading pretrained projection lyer weights.
11/21/2024 22:19:06 - INFO - root - Loading pretrained text encoder weights.
11/21/2024 22:19:06 - INFO - root - Loading pretrained vae weights.
11/21/2024 22:19:07 - INFO - root - Loading pretrained unet weights.
11/21/2024 22:19:15 - INFO - root - Using xformers.
11/21/2024 22:19:15 - INFO - root - Building datasets...
11/21/2024 22:19:25 - INFO - root - freeze vision encoder
11/21/2024 22:19:57 - INFO - root - load checkpoint from https://storage.googleapis.com/sfr-vision-language-research/LAVIS/models/BLIP2/blip2_pretrained_flant5xl.pth
11/21/2024 22:20:02 - INFO - __main__ - 
***** Running training *****
11/21/2024 22:20:02 - INFO - __main__ -   Num examples = 5
11/21/2024 22:20:02 - INFO - __main__ -   Num batches each epoch = 2
11/21/2024 22:20:02 - INFO - __main__ -   Num Epochs = 50
11/21/2024 22:20:02 - INFO - __main__ -   Instantaneous batch size per device = 3
11/21/2024 22:20:02 - INFO - __main__ -   Total train batch size (w. parallel, distributed & accumulation) = 3
11/21/2024 22:20:02 - INFO - __main__ -   Gradient Accumulation steps = 1
11/21/2024 22:20:02 - INFO - __main__ -   Total optimization steps = 100
11/21/2024 22:20:02 - INFO - __main__ -   Total parameters number = 1995356906
11/21/2024 22:20:02 - INFO - __main__ -   Training parameters number = 576349697
11/21/2024 22:21:56 - INFO - __main__ - Running validation... 
 Generating 4 images with prompt:in the jungle.
11/21/2024 22:22:10 - INFO - root - Image have been saved in /shenzihe/WD-Disk/output/exp4/colorful_sneaker/checkpoint-100/images/in_the_jungle/
11/21/2024 22:22:23 - INFO - root - Image have been saved in /shenzihe/WD-Disk/output/exp4/colorful_sneaker/checkpoint-100/images/in_the_jungle/
11/21/2024 22:22:36 - INFO - root - Image have been saved in /shenzihe/WD-Disk/output/exp4/colorful_sneaker/checkpoint-100/images/in_the_jungle/
11/21/2024 22:22:50 - INFO - root - Image have been saved in /shenzihe/WD-Disk/output/exp4/colorful_sneaker/checkpoint-100/images/in_the_jungle/
11/21/2024 22:22:50 - INFO - __main__ - Running validation... 
 Generating 4 images with prompt:in the snow.
11/21/2024 22:23:03 - INFO - root - Image have been saved in /shenzihe/WD-Disk/output/exp4/colorful_sneaker/checkpoint-100/images/in_the_snow/
11/21/2024 22:23:17 - INFO - root - Image have been saved in /shenzihe/WD-Disk/output/exp4/colorful_sneaker/checkpoint-100/images/in_the_snow/
11/21/2024 22:23:30 - INFO - root - Image have been saved in /shenzihe/WD-Disk/output/exp4/colorful_sneaker/checkpoint-100/images/in_the_snow/
11/21/2024 22:23:43 - INFO - root - Image have been saved in /shenzihe/WD-Disk/output/exp4/colorful_sneaker/checkpoint-100/images/in_the_snow/
11/21/2024 22:23:43 - INFO - __main__ - Running validation... 
 Generating 4 images with prompt:on the beach.
11/21/2024 22:23:57 - INFO - root - Image have been saved in /shenzihe/WD-Disk/output/exp4/colorful_sneaker/checkpoint-100/images/on_the_beach/
11/21/2024 22:24:10 - INFO - root - Image have been saved in /shenzihe/WD-Disk/output/exp4/colorful_sneaker/checkpoint-100/images/on_the_beach/
11/21/2024 22:24:24 - INFO - root - Image have been saved in /shenzihe/WD-Disk/output/exp4/colorful_sneaker/checkpoint-100/images/on_the_beach/
11/21/2024 22:24:37 - INFO - root - Image have been saved in /shenzihe/WD-Disk/output/exp4/colorful_sneaker/checkpoint-100/images/on_the_beach/
11/21/2024 22:24:37 - INFO - __main__ - Running validation... 
 Generating 4 images with prompt:on a cobblestone street.
11/21/2024 22:24:51 - INFO - root - Image have been saved in /shenzihe/WD-Disk/output/exp4/colorful_sneaker/checkpoint-100/images/on_a_cobblestone_street/
11/21/2024 22:25:04 - INFO - root - Image have been saved in /shenzihe/WD-Disk/output/exp4/colorful_sneaker/checkpoint-100/images/on_a_cobblestone_street/
11/21/2024 22:25:18 - INFO - root - Image have been saved in /shenzihe/WD-Disk/output/exp4/colorful_sneaker/checkpoint-100/images/on_a_cobblestone_street/
11/21/2024 22:25:31 - INFO - root - Image have been saved in /shenzihe/WD-Disk/output/exp4/colorful_sneaker/checkpoint-100/images/on_a_cobblestone_street/
11/21/2024 22:25:31 - INFO - __main__ - Running validation... 
 Generating 4 images with prompt:on top of pink fabric.
11/21/2024 22:25:44 - INFO - root - Image have been saved in /shenzihe/WD-Disk/output/exp4/colorful_sneaker/checkpoint-100/images/on_top_of_pink_fabric/
11/21/2024 22:25:58 - INFO - root - Image have been saved in /shenzihe/WD-Disk/output/exp4/colorful_sneaker/checkpoint-100/images/on_top_of_pink_fabric/
11/21/2024 22:26:11 - INFO - root - Image have been saved in /shenzihe/WD-Disk/output/exp4/colorful_sneaker/checkpoint-100/images/on_top_of_pink_fabric/
11/21/2024 22:26:25 - INFO - root - Image have been saved in /shenzihe/WD-Disk/output/exp4/colorful_sneaker/checkpoint-100/images/on_top_of_pink_fabric/
11/21/2024 22:26:25 - INFO - __main__ - Running validation... 
 Generating 4 images with prompt:on top of a wooden floor.
11/21/2024 22:26:39 - INFO - root - Image have been saved in /shenzihe/WD-Disk/output/exp4/colorful_sneaker/checkpoint-100/images/on_top_of_a_wooden_floor/
11/21/2024 22:26:52 - INFO - root - Image have been saved in /shenzihe/WD-Disk/output/exp4/colorful_sneaker/checkpoint-100/images/on_top_of_a_wooden_floor/
11/21/2024 22:27:05 - INFO - root - Image have been saved in /shenzihe/WD-Disk/output/exp4/colorful_sneaker/checkpoint-100/images/on_top_of_a_wooden_floor/
11/21/2024 22:27:19 - INFO - root - Image have been saved in /shenzihe/WD-Disk/output/exp4/colorful_sneaker/checkpoint-100/images/on_top_of_a_wooden_floor/
11/21/2024 22:27:19 - INFO - __main__ - Running validation... 
 Generating 4 images with prompt:with a city in the background.
11/21/2024 22:27:32 - INFO - root - Image have been saved in /shenzihe/WD-Disk/output/exp4/colorful_sneaker/checkpoint-100/images/with_a_city_in_the_background/
11/21/2024 22:27:46 - INFO - root - Image have been saved in /shenzihe/WD-Disk/output/exp4/colorful_sneaker/checkpoint-100/images/with_a_city_in_the_background/
11/21/2024 22:27:59 - INFO - root - Image have been saved in /shenzihe/WD-Disk/output/exp4/colorful_sneaker/checkpoint-100/images/with_a_city_in_the_background/
11/21/2024 22:28:13 - INFO - root - Image have been saved in /shenzihe/WD-Disk/output/exp4/colorful_sneaker/checkpoint-100/images/with_a_city_in_the_background/
11/21/2024 22:28:13 - INFO - __main__ - Running validation... 
 Generating 4 images with prompt:with a mountain in the background.
11/21/2024 22:28:26 - INFO - root - Image have been saved in /shenzihe/WD-Disk/output/exp4/colorful_sneaker/checkpoint-100/images/with_a_mountain_in_the_background/
11/21/2024 22:28:40 - INFO - root - Image have been saved in /shenzihe/WD-Disk/output/exp4/colorful_sneaker/checkpoint-100/images/with_a_mountain_in_the_background/
11/21/2024 22:28:53 - INFO - root - Image have been saved in /shenzihe/WD-Disk/output/exp4/colorful_sneaker/checkpoint-100/images/with_a_mountain_in_the_background/
11/21/2024 22:29:06 - INFO - root - Image have been saved in /shenzihe/WD-Disk/output/exp4/colorful_sneaker/checkpoint-100/images/with_a_mountain_in_the_background/
11/21/2024 22:29:06 - INFO - __main__ - Running validation... 
 Generating 4 images with prompt:with a blue house in the background.
11/21/2024 22:29:20 - INFO - root - Image have been saved in /shenzihe/WD-Disk/output/exp4/colorful_sneaker/checkpoint-100/images/with_a_blue_house_in_the_background/
11/21/2024 22:29:34 - INFO - root - Image have been saved in /shenzihe/WD-Disk/output/exp4/colorful_sneaker/checkpoint-100/images/with_a_blue_house_in_the_background/
11/21/2024 22:29:47 - INFO - root - Image have been saved in /shenzihe/WD-Disk/output/exp4/colorful_sneaker/checkpoint-100/images/with_a_blue_house_in_the_background/
11/21/2024 22:30:01 - INFO - root - Image have been saved in /shenzihe/WD-Disk/output/exp4/colorful_sneaker/checkpoint-100/images/with_a_blue_house_in_the_background/
11/21/2024 22:30:01 - INFO - __main__ - Running validation... 
 Generating 4 images with prompt:on top of a purple rug in a forest.
11/21/2024 22:30:14 - INFO - root - Image have been saved in /shenzihe/WD-Disk/output/exp4/colorful_sneaker/checkpoint-100/images/on_top_of_a_purple_rug_in_a_forest/
11/21/2024 22:30:28 - INFO - root - Image have been saved in /shenzihe/WD-Disk/output/exp4/colorful_sneaker/checkpoint-100/images/on_top_of_a_purple_rug_in_a_forest/
11/21/2024 22:30:41 - INFO - root - Image have been saved in /shenzihe/WD-Disk/output/exp4/colorful_sneaker/checkpoint-100/images/on_top_of_a_purple_rug_in_a_forest/
11/21/2024 22:30:55 - INFO - root - Image have been saved in /shenzihe/WD-Disk/output/exp4/colorful_sneaker/checkpoint-100/images/on_top_of_a_purple_rug_in_a_forest/
11/21/2024 22:30:55 - INFO - __main__ - Running validation... 
 Generating 4 images with prompt:with a wheat field in the background.
11/21/2024 22:31:08 - INFO - root - Image have been saved in /shenzihe/WD-Disk/output/exp4/colorful_sneaker/checkpoint-100/images/with_a_wheat_field_in_the_background/
11/21/2024 22:31:21 - INFO - root - Image have been saved in /shenzihe/WD-Disk/output/exp4/colorful_sneaker/checkpoint-100/images/with_a_wheat_field_in_the_background/
11/21/2024 22:31:35 - INFO - root - Image have been saved in /shenzihe/WD-Disk/output/exp4/colorful_sneaker/checkpoint-100/images/with_a_wheat_field_in_the_background/
11/21/2024 22:31:48 - INFO - root - Image have been saved in /shenzihe/WD-Disk/output/exp4/colorful_sneaker/checkpoint-100/images/with_a_wheat_field_in_the_background/
11/21/2024 22:31:48 - INFO - __main__ - Running validation... 
 Generating 4 images with prompt:with a tree and autumn leaves in the background.
11/21/2024 22:32:02 - INFO - root - Image have been saved in /shenzihe/WD-Disk/output/exp4/colorful_sneaker/checkpoint-100/images/with_a_tree_and_autumn_leaves_in_the_background/
11/21/2024 22:32:15 - INFO - root - Image have been saved in /shenzihe/WD-Disk/output/exp4/colorful_sneaker/checkpoint-100/images/with_a_tree_and_autumn_leaves_in_the_background/
11/21/2024 22:32:29 - INFO - root - Image have been saved in /shenzihe/WD-Disk/output/exp4/colorful_sneaker/checkpoint-100/images/with_a_tree_and_autumn_leaves_in_the_background/
11/21/2024 22:32:42 - INFO - root - Image have been saved in /shenzihe/WD-Disk/output/exp4/colorful_sneaker/checkpoint-100/images/with_a_tree_and_autumn_leaves_in_the_background/
11/21/2024 22:32:42 - INFO - __main__ - Running validation... 
 Generating 4 images with prompt:with the Eiffel Tower in the background.
11/21/2024 22:32:56 - INFO - root - Image have been saved in /shenzihe/WD-Disk/output/exp4/colorful_sneaker/checkpoint-100/images/with_the_Eiffel_Tower_in_the_background/
11/21/2024 22:33:09 - INFO - root - Image have been saved in /shenzihe/WD-Disk/output/exp4/colorful_sneaker/checkpoint-100/images/with_the_Eiffel_Tower_in_the_background/
11/21/2024 22:33:22 - INFO - root - Image have been saved in /shenzihe/WD-Disk/output/exp4/colorful_sneaker/checkpoint-100/images/with_the_Eiffel_Tower_in_the_background/
11/21/2024 22:33:36 - INFO - root - Image have been saved in /shenzihe/WD-Disk/output/exp4/colorful_sneaker/checkpoint-100/images/with_the_Eiffel_Tower_in_the_background/
11/21/2024 22:33:36 - INFO - __main__ - Running validation... 
 Generating 4 images with prompt:floating on top of water.
11/21/2024 22:33:49 - INFO - root - Image have been saved in /shenzihe/WD-Disk/output/exp4/colorful_sneaker/checkpoint-100/images/floating_on_top_of_water/
11/21/2024 22:34:03 - INFO - root - Image have been saved in /shenzihe/WD-Disk/output/exp4/colorful_sneaker/checkpoint-100/images/floating_on_top_of_water/
11/21/2024 22:34:16 - INFO - root - Image have been saved in /shenzihe/WD-Disk/output/exp4/colorful_sneaker/checkpoint-100/images/floating_on_top_of_water/
11/21/2024 22:34:30 - INFO - root - Image have been saved in /shenzihe/WD-Disk/output/exp4/colorful_sneaker/checkpoint-100/images/floating_on_top_of_water/
11/21/2024 22:34:30 - INFO - __main__ - Running validation... 
 Generating 4 images with prompt:floating in an ocean of milk.
11/21/2024 22:34:43 - INFO - root - Image have been saved in /shenzihe/WD-Disk/output/exp4/colorful_sneaker/checkpoint-100/images/floating_in_an_ocean_of_milk/
11/21/2024 22:34:57 - INFO - root - Image have been saved in /shenzihe/WD-Disk/output/exp4/colorful_sneaker/checkpoint-100/images/floating_in_an_ocean_of_milk/
11/21/2024 22:35:10 - INFO - root - Image have been saved in /shenzihe/WD-Disk/output/exp4/colorful_sneaker/checkpoint-100/images/floating_in_an_ocean_of_milk/
11/21/2024 22:35:23 - INFO - root - Image have been saved in /shenzihe/WD-Disk/output/exp4/colorful_sneaker/checkpoint-100/images/floating_in_an_ocean_of_milk/
11/21/2024 22:35:23 - INFO - __main__ - Running validation... 
 Generating 4 images with prompt:on top of green grass with sunflowers around it.
11/21/2024 22:35:37 - INFO - root - Image have been saved in /shenzihe/WD-Disk/output/exp4/colorful_sneaker/checkpoint-100/images/on_top_of_green_grass_with_sunflowers_around_it/
11/21/2024 22:35:50 - INFO - root - Image have been saved in /shenzihe/WD-Disk/output/exp4/colorful_sneaker/checkpoint-100/images/on_top_of_green_grass_with_sunflowers_around_it/
11/21/2024 22:36:04 - INFO - root - Image have been saved in /shenzihe/WD-Disk/output/exp4/colorful_sneaker/checkpoint-100/images/on_top_of_green_grass_with_sunflowers_around_it/
11/21/2024 22:36:17 - INFO - root - Image have been saved in /shenzihe/WD-Disk/output/exp4/colorful_sneaker/checkpoint-100/images/on_top_of_green_grass_with_sunflowers_around_it/
11/21/2024 22:36:17 - INFO - __main__ - Running validation... 
 Generating 4 images with prompt:on top of a mirror.
11/21/2024 22:36:31 - INFO - root - Image have been saved in /shenzihe/WD-Disk/output/exp4/colorful_sneaker/checkpoint-100/images/on_top_of_a_mirror/
11/21/2024 22:36:44 - INFO - root - Image have been saved in /shenzihe/WD-Disk/output/exp4/colorful_sneaker/checkpoint-100/images/on_top_of_a_mirror/
11/21/2024 22:36:57 - INFO - root - Image have been saved in /shenzihe/WD-Disk/output/exp4/colorful_sneaker/checkpoint-100/images/on_top_of_a_mirror/
11/21/2024 22:37:11 - INFO - root - Image have been saved in /shenzihe/WD-Disk/output/exp4/colorful_sneaker/checkpoint-100/images/on_top_of_a_mirror/
11/21/2024 22:37:11 - INFO - __main__ - Running validation... 
 Generating 4 images with prompt:on top of the sidewalk in a crowded street.
11/21/2024 22:37:24 - INFO - root - Image have been saved in /shenzihe/WD-Disk/output/exp4/colorful_sneaker/checkpoint-100/images/on_top_of_the_sidewalk_in_a_crowded_street/
11/21/2024 22:37:38 - INFO - root - Image have been saved in /shenzihe/WD-Disk/output/exp4/colorful_sneaker/checkpoint-100/images/on_top_of_the_sidewalk_in_a_crowded_street/
11/21/2024 22:37:51 - INFO - root - Image have been saved in /shenzihe/WD-Disk/output/exp4/colorful_sneaker/checkpoint-100/images/on_top_of_the_sidewalk_in_a_crowded_street/
11/21/2024 22:38:05 - INFO - root - Image have been saved in /shenzihe/WD-Disk/output/exp4/colorful_sneaker/checkpoint-100/images/on_top_of_the_sidewalk_in_a_crowded_street/
11/21/2024 22:38:05 - INFO - __main__ - Running validation... 
 Generating 4 images with prompt:on top of a dirt road.
11/21/2024 22:38:18 - INFO - root - Image have been saved in /shenzihe/WD-Disk/output/exp4/colorful_sneaker/checkpoint-100/images/on_top_of_a_dirt_road/
11/21/2024 22:38:31 - INFO - root - Image have been saved in /shenzihe/WD-Disk/output/exp4/colorful_sneaker/checkpoint-100/images/on_top_of_a_dirt_road/
11/21/2024 22:38:45 - INFO - root - Image have been saved in /shenzihe/WD-Disk/output/exp4/colorful_sneaker/checkpoint-100/images/on_top_of_a_dirt_road/
11/21/2024 22:38:58 - INFO - root - Image have been saved in /shenzihe/WD-Disk/output/exp4/colorful_sneaker/checkpoint-100/images/on_top_of_a_dirt_road/
11/21/2024 22:38:58 - INFO - __main__ - Running validation... 
 Generating 4 images with prompt:on top of a white rug.
11/21/2024 22:39:12 - INFO - root - Image have been saved in /shenzihe/WD-Disk/output/exp4/colorful_sneaker/checkpoint-100/images/on_top_of_a_white_rug/
11/21/2024 22:39:25 - INFO - root - Image have been saved in /shenzihe/WD-Disk/output/exp4/colorful_sneaker/checkpoint-100/images/on_top_of_a_white_rug/
11/21/2024 22:39:39 - INFO - root - Image have been saved in /shenzihe/WD-Disk/output/exp4/colorful_sneaker/checkpoint-100/images/on_top_of_a_white_rug/
11/21/2024 22:39:52 - INFO - root - Image have been saved in /shenzihe/WD-Disk/output/exp4/colorful_sneaker/checkpoint-100/images/on_top_of_a_white_rug/
11/21/2024 22:39:52 - INFO - __main__ - Running validation... 
 Generating 4 images with prompt:red.
11/21/2024 22:40:05 - INFO - root - Image have been saved in /shenzihe/WD-Disk/output/exp4/colorful_sneaker/checkpoint-100/images/red/
11/21/2024 22:40:19 - INFO - root - Image have been saved in /shenzihe/WD-Disk/output/exp4/colorful_sneaker/checkpoint-100/images/red/
11/21/2024 22:40:32 - INFO - root - Image have been saved in /shenzihe/WD-Disk/output/exp4/colorful_sneaker/checkpoint-100/images/red/
11/21/2024 22:40:46 - INFO - root - Image have been saved in /shenzihe/WD-Disk/output/exp4/colorful_sneaker/checkpoint-100/images/red/
11/21/2024 22:40:46 - INFO - __main__ - Running validation... 
 Generating 4 images with prompt:purple.
11/21/2024 22:40:59 - INFO - root - Image have been saved in /shenzihe/WD-Disk/output/exp4/colorful_sneaker/checkpoint-100/images/purple/
11/21/2024 22:41:13 - INFO - root - Image have been saved in /shenzihe/WD-Disk/output/exp4/colorful_sneaker/checkpoint-100/images/purple/
11/21/2024 22:41:26 - INFO - root - Image have been saved in /shenzihe/WD-Disk/output/exp4/colorful_sneaker/checkpoint-100/images/purple/
11/21/2024 22:41:40 - INFO - root - Image have been saved in /shenzihe/WD-Disk/output/exp4/colorful_sneaker/checkpoint-100/images/purple/
11/21/2024 22:41:40 - INFO - __main__ - Running validation... 
 Generating 4 images with prompt:shiny.
11/21/2024 22:41:53 - INFO - root - Image have been saved in /shenzihe/WD-Disk/output/exp4/colorful_sneaker/checkpoint-100/images/shiny/
11/21/2024 22:42:06 - INFO - root - Image have been saved in /shenzihe/WD-Disk/output/exp4/colorful_sneaker/checkpoint-100/images/shiny/
11/21/2024 22:42:20 - INFO - root - Image have been saved in /shenzihe/WD-Disk/output/exp4/colorful_sneaker/checkpoint-100/images/shiny/
11/21/2024 22:42:33 - INFO - root - Image have been saved in /shenzihe/WD-Disk/output/exp4/colorful_sneaker/checkpoint-100/images/shiny/
11/21/2024 22:42:33 - INFO - __main__ - Running validation... 
 Generating 4 images with prompt:wet.
11/21/2024 22:42:47 - INFO - root - Image have been saved in /shenzihe/WD-Disk/output/exp4/colorful_sneaker/checkpoint-100/images/wet/
11/21/2024 22:43:00 - INFO - root - Image have been saved in /shenzihe/WD-Disk/output/exp4/colorful_sneaker/checkpoint-100/images/wet/
11/21/2024 22:43:14 - INFO - root - Image have been saved in /shenzihe/WD-Disk/output/exp4/colorful_sneaker/checkpoint-100/images/wet/
11/21/2024 22:43:27 - INFO - root - Image have been saved in /shenzihe/WD-Disk/output/exp4/colorful_sneaker/checkpoint-100/images/wet/
11/21/2024 22:43:27 - INFO - __main__ - Running validation... 
 Generating 4 images with prompt:cube shaped.
11/21/2024 22:43:41 - INFO - root - Image have been saved in /shenzihe/WD-Disk/output/exp4/colorful_sneaker/checkpoint-100/images/cube_shaped/
11/21/2024 22:43:54 - INFO - root - Image have been saved in /shenzihe/WD-Disk/output/exp4/colorful_sneaker/checkpoint-100/images/cube_shaped/
11/21/2024 22:44:07 - INFO - root - Image have been saved in /shenzihe/WD-Disk/output/exp4/colorful_sneaker/checkpoint-100/images/cube_shaped/
11/21/2024 22:44:21 - INFO - root - Image have been saved in /shenzihe/WD-Disk/output/exp4/colorful_sneaker/checkpoint-100/images/cube_shaped/
