11/22/2024 01:43:05 - INFO - __main__ - Distributed environment: NO
Num processes: 1
Process index: 0
Local process index: 0
Device: cuda

Mixed precision type: no

11/22/2024 01:43:11 - INFO - root - freeze vision encoder
11/22/2024 01:43:21 - INFO - root - Loading pretrained model from /root/.cache/torch/hub/checkpoints/blip-diffusion
11/22/2024 01:43:21 - INFO - root - Loading pretrained BLIP2 Qformer weights.
11/22/2024 01:43:23 - INFO - root - Loading pretrained projection lyer weights.
11/22/2024 01:43:23 - INFO - root - Loading pretrained text encoder weights.
11/22/2024 01:43:23 - INFO - root - Loading pretrained vae weights.
11/22/2024 01:43:24 - INFO - root - Loading pretrained unet weights.
11/22/2024 01:43:32 - INFO - root - Using xformers.
11/22/2024 01:43:32 - INFO - root - Building datasets...
11/22/2024 01:43:42 - INFO - root - freeze vision encoder
11/22/2024 01:44:11 - INFO - root - load checkpoint from https://storage.googleapis.com/sfr-vision-language-research/LAVIS/models/BLIP2/blip2_pretrained_flant5xl.pth
11/22/2024 01:44:15 - INFO - __main__ - 
***** Running training *****
11/22/2024 01:44:15 - INFO - __main__ -   Num examples = 4
11/22/2024 01:44:15 - INFO - __main__ -   Num batches each epoch = 2
11/22/2024 01:44:15 - INFO - __main__ -   Num Epochs = 50
11/22/2024 01:44:15 - INFO - __main__ -   Instantaneous batch size per device = 3
11/22/2024 01:44:15 - INFO - __main__ -   Total train batch size (w. parallel, distributed & accumulation) = 3
11/22/2024 01:44:15 - INFO - __main__ -   Gradient Accumulation steps = 1
11/22/2024 01:44:15 - INFO - __main__ -   Total optimization steps = 100
11/22/2024 01:44:15 - INFO - __main__ -   Total parameters number = 1995356906
11/22/2024 01:44:15 - INFO - __main__ -   Training parameters number = 576349697
11/22/2024 01:45:51 - INFO - __main__ - Running validation... 
 Generating 4 images with prompt:in the jungle.
11/22/2024 01:46:04 - INFO - root - Image have been saved in /shenzihe/WD-Disk/output/exp4/duck_toy/checkpoint-100/images/in_the_jungle/
11/22/2024 01:46:18 - INFO - root - Image have been saved in /shenzihe/WD-Disk/output/exp4/duck_toy/checkpoint-100/images/in_the_jungle/
11/22/2024 01:46:31 - INFO - root - Image have been saved in /shenzihe/WD-Disk/output/exp4/duck_toy/checkpoint-100/images/in_the_jungle/
11/22/2024 01:46:44 - INFO - root - Image have been saved in /shenzihe/WD-Disk/output/exp4/duck_toy/checkpoint-100/images/in_the_jungle/
11/22/2024 01:46:44 - INFO - __main__ - Running validation... 
 Generating 4 images with prompt:in the snow.
11/22/2024 01:46:58 - INFO - root - Image have been saved in /shenzihe/WD-Disk/output/exp4/duck_toy/checkpoint-100/images/in_the_snow/
11/22/2024 01:47:11 - INFO - root - Image have been saved in /shenzihe/WD-Disk/output/exp4/duck_toy/checkpoint-100/images/in_the_snow/
11/22/2024 01:47:25 - INFO - root - Image have been saved in /shenzihe/WD-Disk/output/exp4/duck_toy/checkpoint-100/images/in_the_snow/
11/22/2024 01:47:38 - INFO - root - Image have been saved in /shenzihe/WD-Disk/output/exp4/duck_toy/checkpoint-100/images/in_the_snow/
11/22/2024 01:47:38 - INFO - __main__ - Running validation... 
 Generating 4 images with prompt:on the beach.
11/22/2024 01:47:52 - INFO - root - Image have been saved in /shenzihe/WD-Disk/output/exp4/duck_toy/checkpoint-100/images/on_the_beach/
11/22/2024 01:48:05 - INFO - root - Image have been saved in /shenzihe/WD-Disk/output/exp4/duck_toy/checkpoint-100/images/on_the_beach/
11/22/2024 01:48:18 - INFO - root - Image have been saved in /shenzihe/WD-Disk/output/exp4/duck_toy/checkpoint-100/images/on_the_beach/
11/22/2024 01:48:32 - INFO - root - Image have been saved in /shenzihe/WD-Disk/output/exp4/duck_toy/checkpoint-100/images/on_the_beach/
11/22/2024 01:48:32 - INFO - __main__ - Running validation... 
 Generating 4 images with prompt:on a cobblestone street.
11/22/2024 01:48:45 - INFO - root - Image have been saved in /shenzihe/WD-Disk/output/exp4/duck_toy/checkpoint-100/images/on_a_cobblestone_street/
11/22/2024 01:48:58 - INFO - root - Image have been saved in /shenzihe/WD-Disk/output/exp4/duck_toy/checkpoint-100/images/on_a_cobblestone_street/
11/22/2024 01:49:12 - INFO - root - Image have been saved in /shenzihe/WD-Disk/output/exp4/duck_toy/checkpoint-100/images/on_a_cobblestone_street/
11/22/2024 01:49:25 - INFO - root - Image have been saved in /shenzihe/WD-Disk/output/exp4/duck_toy/checkpoint-100/images/on_a_cobblestone_street/
11/22/2024 01:49:25 - INFO - __main__ - Running validation... 
 Generating 4 images with prompt:on top of pink fabric.
11/22/2024 01:49:39 - INFO - root - Image have been saved in /shenzihe/WD-Disk/output/exp4/duck_toy/checkpoint-100/images/on_top_of_pink_fabric/
11/22/2024 01:49:52 - INFO - root - Image have been saved in /shenzihe/WD-Disk/output/exp4/duck_toy/checkpoint-100/images/on_top_of_pink_fabric/
11/22/2024 01:50:05 - INFO - root - Image have been saved in /shenzihe/WD-Disk/output/exp4/duck_toy/checkpoint-100/images/on_top_of_pink_fabric/
11/22/2024 01:50:19 - INFO - root - Image have been saved in /shenzihe/WD-Disk/output/exp4/duck_toy/checkpoint-100/images/on_top_of_pink_fabric/
11/22/2024 01:50:19 - INFO - __main__ - Running validation... 
 Generating 4 images with prompt:on top of a wooden floor.
11/22/2024 01:50:32 - INFO - root - Image have been saved in /shenzihe/WD-Disk/output/exp4/duck_toy/checkpoint-100/images/on_top_of_a_wooden_floor/
11/22/2024 01:50:46 - INFO - root - Image have been saved in /shenzihe/WD-Disk/output/exp4/duck_toy/checkpoint-100/images/on_top_of_a_wooden_floor/
11/22/2024 01:50:59 - INFO - root - Image have been saved in /shenzihe/WD-Disk/output/exp4/duck_toy/checkpoint-100/images/on_top_of_a_wooden_floor/
11/22/2024 01:51:12 - INFO - root - Image have been saved in /shenzihe/WD-Disk/output/exp4/duck_toy/checkpoint-100/images/on_top_of_a_wooden_floor/
11/22/2024 01:51:12 - INFO - __main__ - Running validation... 
 Generating 4 images with prompt:with a city in the background.
11/22/2024 01:51:26 - INFO - root - Image have been saved in /shenzihe/WD-Disk/output/exp4/duck_toy/checkpoint-100/images/with_a_city_in_the_background/
11/22/2024 01:51:39 - INFO - root - Image have been saved in /shenzihe/WD-Disk/output/exp4/duck_toy/checkpoint-100/images/with_a_city_in_the_background/
11/22/2024 01:51:53 - INFO - root - Image have been saved in /shenzihe/WD-Disk/output/exp4/duck_toy/checkpoint-100/images/with_a_city_in_the_background/
11/22/2024 01:52:06 - INFO - root - Image have been saved in /shenzihe/WD-Disk/output/exp4/duck_toy/checkpoint-100/images/with_a_city_in_the_background/
11/22/2024 01:52:06 - INFO - __main__ - Running validation... 
 Generating 4 images with prompt:with a mountain in the background.
11/22/2024 01:52:19 - INFO - root - Image have been saved in /shenzihe/WD-Disk/output/exp4/duck_toy/checkpoint-100/images/with_a_mountain_in_the_background/
11/22/2024 01:52:33 - INFO - root - Image have been saved in /shenzihe/WD-Disk/output/exp4/duck_toy/checkpoint-100/images/with_a_mountain_in_the_background/
11/22/2024 01:52:46 - INFO - root - Image have been saved in /shenzihe/WD-Disk/output/exp4/duck_toy/checkpoint-100/images/with_a_mountain_in_the_background/
11/22/2024 01:53:00 - INFO - root - Image have been saved in /shenzihe/WD-Disk/output/exp4/duck_toy/checkpoint-100/images/with_a_mountain_in_the_background/
11/22/2024 01:53:00 - INFO - __main__ - Running validation... 
 Generating 4 images with prompt:with a blue house in the background.
11/22/2024 01:53:13 - INFO - root - Image have been saved in /shenzihe/WD-Disk/output/exp4/duck_toy/checkpoint-100/images/with_a_blue_house_in_the_background/
11/22/2024 01:53:26 - INFO - root - Image have been saved in /shenzihe/WD-Disk/output/exp4/duck_toy/checkpoint-100/images/with_a_blue_house_in_the_background/
11/22/2024 01:53:40 - INFO - root - Image have been saved in /shenzihe/WD-Disk/output/exp4/duck_toy/checkpoint-100/images/with_a_blue_house_in_the_background/
11/22/2024 01:53:53 - INFO - root - Image have been saved in /shenzihe/WD-Disk/output/exp4/duck_toy/checkpoint-100/images/with_a_blue_house_in_the_background/
11/22/2024 01:53:53 - INFO - __main__ - Running validation... 
 Generating 4 images with prompt:on top of a purple rug in a forest.
11/22/2024 01:54:07 - INFO - root - Image have been saved in /shenzihe/WD-Disk/output/exp4/duck_toy/checkpoint-100/images/on_top_of_a_purple_rug_in_a_forest/
11/22/2024 01:54:20 - INFO - root - Image have been saved in /shenzihe/WD-Disk/output/exp4/duck_toy/checkpoint-100/images/on_top_of_a_purple_rug_in_a_forest/
11/22/2024 01:54:33 - INFO - root - Image have been saved in /shenzihe/WD-Disk/output/exp4/duck_toy/checkpoint-100/images/on_top_of_a_purple_rug_in_a_forest/
11/22/2024 01:54:47 - INFO - root - Image have been saved in /shenzihe/WD-Disk/output/exp4/duck_toy/checkpoint-100/images/on_top_of_a_purple_rug_in_a_forest/
11/22/2024 01:54:47 - INFO - __main__ - Running validation... 
 Generating 4 images with prompt:with a wheat field in the background.
11/22/2024 01:55:00 - INFO - root - Image have been saved in /shenzihe/WD-Disk/output/exp4/duck_toy/checkpoint-100/images/with_a_wheat_field_in_the_background/
11/22/2024 01:55:14 - INFO - root - Image have been saved in /shenzihe/WD-Disk/output/exp4/duck_toy/checkpoint-100/images/with_a_wheat_field_in_the_background/
11/22/2024 01:55:27 - INFO - root - Image have been saved in /shenzihe/WD-Disk/output/exp4/duck_toy/checkpoint-100/images/with_a_wheat_field_in_the_background/
11/22/2024 01:55:40 - INFO - root - Image have been saved in /shenzihe/WD-Disk/output/exp4/duck_toy/checkpoint-100/images/with_a_wheat_field_in_the_background/
11/22/2024 01:55:40 - INFO - __main__ - Running validation... 
 Generating 4 images with prompt:with a tree and autumn leaves in the background.
11/22/2024 01:55:54 - INFO - root - Image have been saved in /shenzihe/WD-Disk/output/exp4/duck_toy/checkpoint-100/images/with_a_tree_and_autumn_leaves_in_the_background/
11/22/2024 01:56:08 - INFO - root - Image have been saved in /shenzihe/WD-Disk/output/exp4/duck_toy/checkpoint-100/images/with_a_tree_and_autumn_leaves_in_the_background/
11/22/2024 01:56:21 - INFO - root - Image have been saved in /shenzihe/WD-Disk/output/exp4/duck_toy/checkpoint-100/images/with_a_tree_and_autumn_leaves_in_the_background/
11/22/2024 01:56:35 - INFO - root - Image have been saved in /shenzihe/WD-Disk/output/exp4/duck_toy/checkpoint-100/images/with_a_tree_and_autumn_leaves_in_the_background/
11/22/2024 01:56:35 - INFO - __main__ - Running validation... 
 Generating 4 images with prompt:with the Eiffel Tower in the background.
11/22/2024 01:56:48 - INFO - root - Image have been saved in /shenzihe/WD-Disk/output/exp4/duck_toy/checkpoint-100/images/with_the_Eiffel_Tower_in_the_background/
11/22/2024 01:57:02 - INFO - root - Image have been saved in /shenzihe/WD-Disk/output/exp4/duck_toy/checkpoint-100/images/with_the_Eiffel_Tower_in_the_background/
11/22/2024 01:57:16 - INFO - root - Image have been saved in /shenzihe/WD-Disk/output/exp4/duck_toy/checkpoint-100/images/with_the_Eiffel_Tower_in_the_background/
11/22/2024 01:57:29 - INFO - root - Image have been saved in /shenzihe/WD-Disk/output/exp4/duck_toy/checkpoint-100/images/with_the_Eiffel_Tower_in_the_background/
11/22/2024 01:57:29 - INFO - __main__ - Running validation... 
 Generating 4 images with prompt:floating on top of water.
11/22/2024 01:57:43 - INFO - root - Image have been saved in /shenzihe/WD-Disk/output/exp4/duck_toy/checkpoint-100/images/floating_on_top_of_water/
11/22/2024 01:57:56 - INFO - root - Image have been saved in /shenzihe/WD-Disk/output/exp4/duck_toy/checkpoint-100/images/floating_on_top_of_water/
11/22/2024 01:58:09 - INFO - root - Image have been saved in /shenzihe/WD-Disk/output/exp4/duck_toy/checkpoint-100/images/floating_on_top_of_water/
11/22/2024 01:58:23 - INFO - root - Image have been saved in /shenzihe/WD-Disk/output/exp4/duck_toy/checkpoint-100/images/floating_on_top_of_water/
11/22/2024 01:58:23 - INFO - __main__ - Running validation... 
 Generating 4 images with prompt:floating in an ocean of milk.
11/22/2024 01:58:36 - INFO - root - Image have been saved in /shenzihe/WD-Disk/output/exp4/duck_toy/checkpoint-100/images/floating_in_an_ocean_of_milk/
11/22/2024 01:58:49 - INFO - root - Image have been saved in /shenzihe/WD-Disk/output/exp4/duck_toy/checkpoint-100/images/floating_in_an_ocean_of_milk/
11/22/2024 01:59:03 - INFO - root - Image have been saved in /shenzihe/WD-Disk/output/exp4/duck_toy/checkpoint-100/images/floating_in_an_ocean_of_milk/
11/22/2024 01:59:18 - INFO - root - Image have been saved in /shenzihe/WD-Disk/output/exp4/duck_toy/checkpoint-100/images/floating_in_an_ocean_of_milk/
11/22/2024 01:59:18 - INFO - __main__ - Running validation... 
 Generating 4 images with prompt:on top of green grass with sunflowers around it.
11/22/2024 01:59:31 - INFO - root - Image have been saved in /shenzihe/WD-Disk/output/exp4/duck_toy/checkpoint-100/images/on_top_of_green_grass_with_sunflowers_around_it/
11/22/2024 01:59:44 - INFO - root - Image have been saved in /shenzihe/WD-Disk/output/exp4/duck_toy/checkpoint-100/images/on_top_of_green_grass_with_sunflowers_around_it/
11/22/2024 01:59:58 - INFO - root - Image have been saved in /shenzihe/WD-Disk/output/exp4/duck_toy/checkpoint-100/images/on_top_of_green_grass_with_sunflowers_around_it/
11/22/2024 02:00:11 - INFO - root - Image have been saved in /shenzihe/WD-Disk/output/exp4/duck_toy/checkpoint-100/images/on_top_of_green_grass_with_sunflowers_around_it/
11/22/2024 02:00:11 - INFO - __main__ - Running validation... 
 Generating 4 images with prompt:on top of a mirror.
11/22/2024 02:00:25 - INFO - root - Image have been saved in /shenzihe/WD-Disk/output/exp4/duck_toy/checkpoint-100/images/on_top_of_a_mirror/
11/22/2024 02:00:38 - INFO - root - Image have been saved in /shenzihe/WD-Disk/output/exp4/duck_toy/checkpoint-100/images/on_top_of_a_mirror/
11/22/2024 02:00:52 - INFO - root - Image have been saved in /shenzihe/WD-Disk/output/exp4/duck_toy/checkpoint-100/images/on_top_of_a_mirror/
11/22/2024 02:01:05 - INFO - root - Image have been saved in /shenzihe/WD-Disk/output/exp4/duck_toy/checkpoint-100/images/on_top_of_a_mirror/
11/22/2024 02:01:05 - INFO - __main__ - Running validation... 
 Generating 4 images with prompt:on top of the sidewalk in a crowded street.
11/22/2024 02:01:18 - INFO - root - Image have been saved in /shenzihe/WD-Disk/output/exp4/duck_toy/checkpoint-100/images/on_top_of_the_sidewalk_in_a_crowded_street/
11/22/2024 02:01:32 - INFO - root - Image have been saved in /shenzihe/WD-Disk/output/exp4/duck_toy/checkpoint-100/images/on_top_of_the_sidewalk_in_a_crowded_street/
11/22/2024 02:01:45 - INFO - root - Image have been saved in /shenzihe/WD-Disk/output/exp4/duck_toy/checkpoint-100/images/on_top_of_the_sidewalk_in_a_crowded_street/
11/22/2024 02:01:59 - INFO - root - Image have been saved in /shenzihe/WD-Disk/output/exp4/duck_toy/checkpoint-100/images/on_top_of_the_sidewalk_in_a_crowded_street/
11/22/2024 02:01:59 - INFO - __main__ - Running validation... 
 Generating 4 images with prompt:on top of a dirt road.
11/22/2024 02:02:12 - INFO - root - Image have been saved in /shenzihe/WD-Disk/output/exp4/duck_toy/checkpoint-100/images/on_top_of_a_dirt_road/
11/22/2024 02:02:26 - INFO - root - Image have been saved in /shenzihe/WD-Disk/output/exp4/duck_toy/checkpoint-100/images/on_top_of_a_dirt_road/
11/22/2024 02:02:39 - INFO - root - Image have been saved in /shenzihe/WD-Disk/output/exp4/duck_toy/checkpoint-100/images/on_top_of_a_dirt_road/
11/22/2024 02:02:53 - INFO - root - Image have been saved in /shenzihe/WD-Disk/output/exp4/duck_toy/checkpoint-100/images/on_top_of_a_dirt_road/
11/22/2024 02:02:53 - INFO - __main__ - Running validation... 
 Generating 4 images with prompt:on top of a white rug.
11/22/2024 02:03:06 - INFO - root - Image have been saved in /shenzihe/WD-Disk/output/exp4/duck_toy/checkpoint-100/images/on_top_of_a_white_rug/
11/22/2024 02:03:20 - INFO - root - Image have been saved in /shenzihe/WD-Disk/output/exp4/duck_toy/checkpoint-100/images/on_top_of_a_white_rug/
11/22/2024 02:03:33 - INFO - root - Image have been saved in /shenzihe/WD-Disk/output/exp4/duck_toy/checkpoint-100/images/on_top_of_a_white_rug/
11/22/2024 02:03:46 - INFO - root - Image have been saved in /shenzihe/WD-Disk/output/exp4/duck_toy/checkpoint-100/images/on_top_of_a_white_rug/
11/22/2024 02:03:46 - INFO - __main__ - Running validation... 
 Generating 4 images with prompt:red.
11/22/2024 02:04:00 - INFO - root - Image have been saved in /shenzihe/WD-Disk/output/exp4/duck_toy/checkpoint-100/images/red/
11/22/2024 02:04:13 - INFO - root - Image have been saved in /shenzihe/WD-Disk/output/exp4/duck_toy/checkpoint-100/images/red/
11/22/2024 02:04:26 - INFO - root - Image have been saved in /shenzihe/WD-Disk/output/exp4/duck_toy/checkpoint-100/images/red/
11/22/2024 02:04:40 - INFO - root - Image have been saved in /shenzihe/WD-Disk/output/exp4/duck_toy/checkpoint-100/images/red/
11/22/2024 02:04:40 - INFO - __main__ - Running validation... 
 Generating 4 images with prompt:purple.
11/22/2024 02:04:53 - INFO - root - Image have been saved in /shenzihe/WD-Disk/output/exp4/duck_toy/checkpoint-100/images/purple/
11/22/2024 02:05:07 - INFO - root - Image have been saved in /shenzihe/WD-Disk/output/exp4/duck_toy/checkpoint-100/images/purple/
11/22/2024 02:05:20 - INFO - root - Image have been saved in /shenzihe/WD-Disk/output/exp4/duck_toy/checkpoint-100/images/purple/
11/22/2024 02:05:33 - INFO - root - Image have been saved in /shenzihe/WD-Disk/output/exp4/duck_toy/checkpoint-100/images/purple/
11/22/2024 02:05:33 - INFO - __main__ - Running validation... 
 Generating 4 images with prompt:shiny.
11/22/2024 02:05:47 - INFO - root - Image have been saved in /shenzihe/WD-Disk/output/exp4/duck_toy/checkpoint-100/images/shiny/
11/22/2024 02:06:00 - INFO - root - Image have been saved in /shenzihe/WD-Disk/output/exp4/duck_toy/checkpoint-100/images/shiny/
11/22/2024 02:06:13 - INFO - root - Image have been saved in /shenzihe/WD-Disk/output/exp4/duck_toy/checkpoint-100/images/shiny/
11/22/2024 02:06:27 - INFO - root - Image have been saved in /shenzihe/WD-Disk/output/exp4/duck_toy/checkpoint-100/images/shiny/
11/22/2024 02:06:27 - INFO - __main__ - Running validation... 
 Generating 4 images with prompt:wet.
11/22/2024 02:06:40 - INFO - root - Image have been saved in /shenzihe/WD-Disk/output/exp4/duck_toy/checkpoint-100/images/wet/
11/22/2024 02:06:54 - INFO - root - Image have been saved in /shenzihe/WD-Disk/output/exp4/duck_toy/checkpoint-100/images/wet/
11/22/2024 02:07:07 - INFO - root - Image have been saved in /shenzihe/WD-Disk/output/exp4/duck_toy/checkpoint-100/images/wet/
11/22/2024 02:07:20 - INFO - root - Image have been saved in /shenzihe/WD-Disk/output/exp4/duck_toy/checkpoint-100/images/wet/
11/22/2024 02:07:20 - INFO - __main__ - Running validation... 
 Generating 4 images with prompt:cube shaped.
11/22/2024 02:07:34 - INFO - root - Image have been saved in /shenzihe/WD-Disk/output/exp4/duck_toy/checkpoint-100/images/cube_shaped/
11/22/2024 02:07:47 - INFO - root - Image have been saved in /shenzihe/WD-Disk/output/exp4/duck_toy/checkpoint-100/images/cube_shaped/
11/22/2024 02:08:01 - INFO - root - Image have been saved in /shenzihe/WD-Disk/output/exp4/duck_toy/checkpoint-100/images/cube_shaped/
11/22/2024 02:08:14 - INFO - root - Image have been saved in /shenzihe/WD-Disk/output/exp4/duck_toy/checkpoint-100/images/cube_shaped/
