11/21/2024 19:44:50 - INFO - __main__ - Distributed environment: NO
Num processes: 1
Process index: 0
Local process index: 0
Device: cuda

Mixed precision type: no

11/21/2024 19:44:53 - INFO - root - freeze vision encoder
11/21/2024 19:45:03 - INFO - root - Loading pretrained model from /root/.cache/torch/hub/checkpoints/blip-diffusion
11/21/2024 19:45:03 - INFO - root - Loading pretrained BLIP2 Qformer weights.
11/21/2024 19:45:05 - INFO - root - Loading pretrained projection lyer weights.
11/21/2024 19:45:05 - INFO - root - Loading pretrained text encoder weights.
11/21/2024 19:45:05 - INFO - root - Loading pretrained vae weights.
11/21/2024 19:45:06 - INFO - root - Loading pretrained unet weights.
11/21/2024 19:45:14 - INFO - root - Using xformers.
11/21/2024 19:45:14 - INFO - root - Building datasets...
11/21/2024 19:45:24 - INFO - root - freeze vision encoder
11/21/2024 19:45:57 - INFO - root - load checkpoint from https://storage.googleapis.com/sfr-vision-language-research/LAVIS/models/BLIP2/blip2_pretrained_flant5xl.pth
11/21/2024 19:46:03 - INFO - __main__ - 
***** Running training *****
11/21/2024 19:46:03 - INFO - __main__ -   Num examples = 6
11/21/2024 19:46:03 - INFO - __main__ -   Num batches each epoch = 2
11/21/2024 19:46:03 - INFO - __main__ -   Num Epochs = 50
11/21/2024 19:46:03 - INFO - __main__ -   Instantaneous batch size per device = 3
11/21/2024 19:46:03 - INFO - __main__ -   Total train batch size (w. parallel, distributed & accumulation) = 3
11/21/2024 19:46:03 - INFO - __main__ -   Gradient Accumulation steps = 1
11/21/2024 19:46:03 - INFO - __main__ -   Total optimization steps = 100
11/21/2024 19:46:03 - INFO - __main__ -   Total parameters number = 1995356906
11/21/2024 19:46:03 - INFO - __main__ -   Training parameters number = 576349697
11/21/2024 19:47:57 - INFO - __main__ - Running validation... 
 Generating 4 images with prompt:in the jungle.
11/21/2024 19:48:10 - INFO - root - Image have been saved in /shenzihe/WD-Disk/output/exp4/berry_bowl/checkpoint-100/images/in_the_jungle/
11/21/2024 19:48:24 - INFO - root - Image have been saved in /shenzihe/WD-Disk/output/exp4/berry_bowl/checkpoint-100/images/in_the_jungle/
11/21/2024 19:48:37 - INFO - root - Image have been saved in /shenzihe/WD-Disk/output/exp4/berry_bowl/checkpoint-100/images/in_the_jungle/
11/21/2024 19:48:50 - INFO - root - Image have been saved in /shenzihe/WD-Disk/output/exp4/berry_bowl/checkpoint-100/images/in_the_jungle/
11/21/2024 19:48:50 - INFO - __main__ - Running validation... 
 Generating 4 images with prompt:in the snow.
11/21/2024 19:49:04 - INFO - root - Image have been saved in /shenzihe/WD-Disk/output/exp4/berry_bowl/checkpoint-100/images/in_the_snow/
11/21/2024 19:49:17 - INFO - root - Image have been saved in /shenzihe/WD-Disk/output/exp4/berry_bowl/checkpoint-100/images/in_the_snow/
11/21/2024 19:49:31 - INFO - root - Image have been saved in /shenzihe/WD-Disk/output/exp4/berry_bowl/checkpoint-100/images/in_the_snow/
11/21/2024 19:49:44 - INFO - root - Image have been saved in /shenzihe/WD-Disk/output/exp4/berry_bowl/checkpoint-100/images/in_the_snow/
11/21/2024 19:49:44 - INFO - __main__ - Running validation... 
 Generating 4 images with prompt:on the beach.
11/21/2024 19:49:57 - INFO - root - Image have been saved in /shenzihe/WD-Disk/output/exp4/berry_bowl/checkpoint-100/images/on_the_beach/
11/21/2024 19:50:11 - INFO - root - Image have been saved in /shenzihe/WD-Disk/output/exp4/berry_bowl/checkpoint-100/images/on_the_beach/
11/21/2024 19:50:24 - INFO - root - Image have been saved in /shenzihe/WD-Disk/output/exp4/berry_bowl/checkpoint-100/images/on_the_beach/
11/21/2024 19:50:37 - INFO - root - Image have been saved in /shenzihe/WD-Disk/output/exp4/berry_bowl/checkpoint-100/images/on_the_beach/
11/21/2024 19:50:37 - INFO - __main__ - Running validation... 
 Generating 4 images with prompt:on a cobblestone street.
11/21/2024 19:50:51 - INFO - root - Image have been saved in /shenzihe/WD-Disk/output/exp4/berry_bowl/checkpoint-100/images/on_a_cobblestone_street/
11/21/2024 19:51:04 - INFO - root - Image have been saved in /shenzihe/WD-Disk/output/exp4/berry_bowl/checkpoint-100/images/on_a_cobblestone_street/
11/21/2024 19:51:18 - INFO - root - Image have been saved in /shenzihe/WD-Disk/output/exp4/berry_bowl/checkpoint-100/images/on_a_cobblestone_street/
11/21/2024 19:51:31 - INFO - root - Image have been saved in /shenzihe/WD-Disk/output/exp4/berry_bowl/checkpoint-100/images/on_a_cobblestone_street/
11/21/2024 19:51:31 - INFO - __main__ - Running validation... 
 Generating 4 images with prompt:on top of pink fabric.
11/21/2024 19:51:44 - INFO - root - Image have been saved in /shenzihe/WD-Disk/output/exp4/berry_bowl/checkpoint-100/images/on_top_of_pink_fabric/
11/21/2024 19:51:58 - INFO - root - Image have been saved in /shenzihe/WD-Disk/output/exp4/berry_bowl/checkpoint-100/images/on_top_of_pink_fabric/
11/21/2024 19:52:11 - INFO - root - Image have been saved in /shenzihe/WD-Disk/output/exp4/berry_bowl/checkpoint-100/images/on_top_of_pink_fabric/
11/21/2024 19:52:25 - INFO - root - Image have been saved in /shenzihe/WD-Disk/output/exp4/berry_bowl/checkpoint-100/images/on_top_of_pink_fabric/
11/21/2024 19:52:25 - INFO - __main__ - Running validation... 
 Generating 4 images with prompt:on top of a wooden floor.
11/21/2024 19:52:38 - INFO - root - Image have been saved in /shenzihe/WD-Disk/output/exp4/berry_bowl/checkpoint-100/images/on_top_of_a_wooden_floor/
11/21/2024 19:52:51 - INFO - root - Image have been saved in /shenzihe/WD-Disk/output/exp4/berry_bowl/checkpoint-100/images/on_top_of_a_wooden_floor/
11/21/2024 19:53:05 - INFO - root - Image have been saved in /shenzihe/WD-Disk/output/exp4/berry_bowl/checkpoint-100/images/on_top_of_a_wooden_floor/
11/21/2024 19:53:18 - INFO - root - Image have been saved in /shenzihe/WD-Disk/output/exp4/berry_bowl/checkpoint-100/images/on_top_of_a_wooden_floor/
11/21/2024 19:53:18 - INFO - __main__ - Running validation... 
 Generating 4 images with prompt:with a city in the background.
11/21/2024 19:53:32 - INFO - root - Image have been saved in /shenzihe/WD-Disk/output/exp4/berry_bowl/checkpoint-100/images/with_a_city_in_the_background/
11/21/2024 19:53:45 - INFO - root - Image have been saved in /shenzihe/WD-Disk/output/exp4/berry_bowl/checkpoint-100/images/with_a_city_in_the_background/
11/21/2024 19:53:58 - INFO - root - Image have been saved in /shenzihe/WD-Disk/output/exp4/berry_bowl/checkpoint-100/images/with_a_city_in_the_background/
11/21/2024 19:54:12 - INFO - root - Image have been saved in /shenzihe/WD-Disk/output/exp4/berry_bowl/checkpoint-100/images/with_a_city_in_the_background/
11/21/2024 19:54:12 - INFO - __main__ - Running validation... 
 Generating 4 images with prompt:with a mountain in the background.
11/21/2024 19:54:25 - INFO - root - Image have been saved in /shenzihe/WD-Disk/output/exp4/berry_bowl/checkpoint-100/images/with_a_mountain_in_the_background/
11/21/2024 19:54:38 - INFO - root - Image have been saved in /shenzihe/WD-Disk/output/exp4/berry_bowl/checkpoint-100/images/with_a_mountain_in_the_background/
11/21/2024 19:54:52 - INFO - root - Image have been saved in /shenzihe/WD-Disk/output/exp4/berry_bowl/checkpoint-100/images/with_a_mountain_in_the_background/
11/21/2024 19:55:05 - INFO - root - Image have been saved in /shenzihe/WD-Disk/output/exp4/berry_bowl/checkpoint-100/images/with_a_mountain_in_the_background/
11/21/2024 19:55:05 - INFO - __main__ - Running validation... 
 Generating 4 images with prompt:with a blue house in the background.
11/21/2024 19:55:19 - INFO - root - Image have been saved in /shenzihe/WD-Disk/output/exp4/berry_bowl/checkpoint-100/images/with_a_blue_house_in_the_background/
11/21/2024 19:55:32 - INFO - root - Image have been saved in /shenzihe/WD-Disk/output/exp4/berry_bowl/checkpoint-100/images/with_a_blue_house_in_the_background/
11/21/2024 19:55:45 - INFO - root - Image have been saved in /shenzihe/WD-Disk/output/exp4/berry_bowl/checkpoint-100/images/with_a_blue_house_in_the_background/
11/21/2024 19:55:59 - INFO - root - Image have been saved in /shenzihe/WD-Disk/output/exp4/berry_bowl/checkpoint-100/images/with_a_blue_house_in_the_background/
11/21/2024 19:55:59 - INFO - __main__ - Running validation... 
 Generating 4 images with prompt:on top of a purple rug in a forest.
11/21/2024 19:56:12 - INFO - root - Image have been saved in /shenzihe/WD-Disk/output/exp4/berry_bowl/checkpoint-100/images/on_top_of_a_purple_rug_in_a_forest/
11/21/2024 19:56:26 - INFO - root - Image have been saved in /shenzihe/WD-Disk/output/exp4/berry_bowl/checkpoint-100/images/on_top_of_a_purple_rug_in_a_forest/
11/21/2024 19:56:39 - INFO - root - Image have been saved in /shenzihe/WD-Disk/output/exp4/berry_bowl/checkpoint-100/images/on_top_of_a_purple_rug_in_a_forest/
11/21/2024 19:56:52 - INFO - root - Image have been saved in /shenzihe/WD-Disk/output/exp4/berry_bowl/checkpoint-100/images/on_top_of_a_purple_rug_in_a_forest/
11/21/2024 19:56:52 - INFO - __main__ - Running validation... 
 Generating 4 images with prompt:with a wheat field in the background.
11/21/2024 19:57:06 - INFO - root - Image have been saved in /shenzihe/WD-Disk/output/exp4/berry_bowl/checkpoint-100/images/with_a_wheat_field_in_the_background/
11/21/2024 19:57:19 - INFO - root - Image have been saved in /shenzihe/WD-Disk/output/exp4/berry_bowl/checkpoint-100/images/with_a_wheat_field_in_the_background/
11/21/2024 19:57:32 - INFO - root - Image have been saved in /shenzihe/WD-Disk/output/exp4/berry_bowl/checkpoint-100/images/with_a_wheat_field_in_the_background/
11/21/2024 19:57:46 - INFO - root - Image have been saved in /shenzihe/WD-Disk/output/exp4/berry_bowl/checkpoint-100/images/with_a_wheat_field_in_the_background/
11/21/2024 19:57:46 - INFO - __main__ - Running validation... 
 Generating 4 images with prompt:with a tree and autumn leaves in the background.
11/21/2024 19:57:59 - INFO - root - Image have been saved in /shenzihe/WD-Disk/output/exp4/berry_bowl/checkpoint-100/images/with_a_tree_and_autumn_leaves_in_the_background/
11/21/2024 19:58:13 - INFO - root - Image have been saved in /shenzihe/WD-Disk/output/exp4/berry_bowl/checkpoint-100/images/with_a_tree_and_autumn_leaves_in_the_background/
11/21/2024 19:58:26 - INFO - root - Image have been saved in /shenzihe/WD-Disk/output/exp4/berry_bowl/checkpoint-100/images/with_a_tree_and_autumn_leaves_in_the_background/
11/21/2024 19:58:39 - INFO - root - Image have been saved in /shenzihe/WD-Disk/output/exp4/berry_bowl/checkpoint-100/images/with_a_tree_and_autumn_leaves_in_the_background/
11/21/2024 19:58:39 - INFO - __main__ - Running validation... 
 Generating 4 images with prompt:with the Eiffel Tower in the background.
11/21/2024 19:58:53 - INFO - root - Image have been saved in /shenzihe/WD-Disk/output/exp4/berry_bowl/checkpoint-100/images/with_the_Eiffel_Tower_in_the_background/
11/21/2024 19:59:06 - INFO - root - Image have been saved in /shenzihe/WD-Disk/output/exp4/berry_bowl/checkpoint-100/images/with_the_Eiffel_Tower_in_the_background/
11/21/2024 19:59:19 - INFO - root - Image have been saved in /shenzihe/WD-Disk/output/exp4/berry_bowl/checkpoint-100/images/with_the_Eiffel_Tower_in_the_background/
11/21/2024 19:59:33 - INFO - root - Image have been saved in /shenzihe/WD-Disk/output/exp4/berry_bowl/checkpoint-100/images/with_the_Eiffel_Tower_in_the_background/
11/21/2024 19:59:33 - INFO - __main__ - Running validation... 
 Generating 4 images with prompt:floating on top of water.
11/21/2024 19:59:46 - INFO - root - Image have been saved in /shenzihe/WD-Disk/output/exp4/berry_bowl/checkpoint-100/images/floating_on_top_of_water/
11/21/2024 20:00:00 - INFO - root - Image have been saved in /shenzihe/WD-Disk/output/exp4/berry_bowl/checkpoint-100/images/floating_on_top_of_water/
11/21/2024 20:00:13 - INFO - root - Image have been saved in /shenzihe/WD-Disk/output/exp4/berry_bowl/checkpoint-100/images/floating_on_top_of_water/
11/21/2024 20:00:26 - INFO - root - Image have been saved in /shenzihe/WD-Disk/output/exp4/berry_bowl/checkpoint-100/images/floating_on_top_of_water/
11/21/2024 20:00:26 - INFO - __main__ - Running validation... 
 Generating 4 images with prompt:floating in an ocean of milk.
11/21/2024 20:00:40 - INFO - root - Image have been saved in /shenzihe/WD-Disk/output/exp4/berry_bowl/checkpoint-100/images/floating_in_an_ocean_of_milk/
11/21/2024 20:00:53 - INFO - root - Image have been saved in /shenzihe/WD-Disk/output/exp4/berry_bowl/checkpoint-100/images/floating_in_an_ocean_of_milk/
11/21/2024 20:01:07 - INFO - root - Image have been saved in /shenzihe/WD-Disk/output/exp4/berry_bowl/checkpoint-100/images/floating_in_an_ocean_of_milk/
11/21/2024 20:01:20 - INFO - root - Image have been saved in /shenzihe/WD-Disk/output/exp4/berry_bowl/checkpoint-100/images/floating_in_an_ocean_of_milk/
11/21/2024 20:01:20 - INFO - __main__ - Running validation... 
 Generating 4 images with prompt:on top of green grass with sunflowers around it.
11/21/2024 20:01:33 - INFO - root - Image have been saved in /shenzihe/WD-Disk/output/exp4/berry_bowl/checkpoint-100/images/on_top_of_green_grass_with_sunflowers_around_it/
11/21/2024 20:01:47 - INFO - root - Image have been saved in /shenzihe/WD-Disk/output/exp4/berry_bowl/checkpoint-100/images/on_top_of_green_grass_with_sunflowers_around_it/
11/21/2024 20:02:00 - INFO - root - Image have been saved in /shenzihe/WD-Disk/output/exp4/berry_bowl/checkpoint-100/images/on_top_of_green_grass_with_sunflowers_around_it/
11/21/2024 20:02:14 - INFO - root - Image have been saved in /shenzihe/WD-Disk/output/exp4/berry_bowl/checkpoint-100/images/on_top_of_green_grass_with_sunflowers_around_it/
11/21/2024 20:02:14 - INFO - __main__ - Running validation... 
 Generating 4 images with prompt:on top of a mirror.
11/21/2024 20:02:27 - INFO - root - Image have been saved in /shenzihe/WD-Disk/output/exp4/berry_bowl/checkpoint-100/images/on_top_of_a_mirror/
11/21/2024 20:02:40 - INFO - root - Image have been saved in /shenzihe/WD-Disk/output/exp4/berry_bowl/checkpoint-100/images/on_top_of_a_mirror/
11/21/2024 20:02:54 - INFO - root - Image have been saved in /shenzihe/WD-Disk/output/exp4/berry_bowl/checkpoint-100/images/on_top_of_a_mirror/
11/21/2024 20:03:07 - INFO - root - Image have been saved in /shenzihe/WD-Disk/output/exp4/berry_bowl/checkpoint-100/images/on_top_of_a_mirror/
11/21/2024 20:03:07 - INFO - __main__ - Running validation... 
 Generating 4 images with prompt:on top of the sidewalk in a crowded street.
11/21/2024 20:03:20 - INFO - root - Image have been saved in /shenzihe/WD-Disk/output/exp4/berry_bowl/checkpoint-100/images/on_top_of_the_sidewalk_in_a_crowded_street/
11/21/2024 20:03:34 - INFO - root - Image have been saved in /shenzihe/WD-Disk/output/exp4/berry_bowl/checkpoint-100/images/on_top_of_the_sidewalk_in_a_crowded_street/
11/21/2024 20:03:47 - INFO - root - Image have been saved in /shenzihe/WD-Disk/output/exp4/berry_bowl/checkpoint-100/images/on_top_of_the_sidewalk_in_a_crowded_street/
11/21/2024 20:04:01 - INFO - root - Image have been saved in /shenzihe/WD-Disk/output/exp4/berry_bowl/checkpoint-100/images/on_top_of_the_sidewalk_in_a_crowded_street/
11/21/2024 20:04:01 - INFO - __main__ - Running validation... 
 Generating 4 images with prompt:on top of a dirt road.
11/21/2024 20:04:14 - INFO - root - Image have been saved in /shenzihe/WD-Disk/output/exp4/berry_bowl/checkpoint-100/images/on_top_of_a_dirt_road/
11/21/2024 20:04:27 - INFO - root - Image have been saved in /shenzihe/WD-Disk/output/exp4/berry_bowl/checkpoint-100/images/on_top_of_a_dirt_road/
11/21/2024 20:04:41 - INFO - root - Image have been saved in /shenzihe/WD-Disk/output/exp4/berry_bowl/checkpoint-100/images/on_top_of_a_dirt_road/
11/21/2024 20:04:54 - INFO - root - Image have been saved in /shenzihe/WD-Disk/output/exp4/berry_bowl/checkpoint-100/images/on_top_of_a_dirt_road/
11/21/2024 20:04:54 - INFO - __main__ - Running validation... 
 Generating 4 images with prompt:on top of a white rug.
11/21/2024 20:05:07 - INFO - root - Image have been saved in /shenzihe/WD-Disk/output/exp4/berry_bowl/checkpoint-100/images/on_top_of_a_white_rug/
11/21/2024 20:05:21 - INFO - root - Image have been saved in /shenzihe/WD-Disk/output/exp4/berry_bowl/checkpoint-100/images/on_top_of_a_white_rug/
11/21/2024 20:05:34 - INFO - root - Image have been saved in /shenzihe/WD-Disk/output/exp4/berry_bowl/checkpoint-100/images/on_top_of_a_white_rug/
11/21/2024 20:05:48 - INFO - root - Image have been saved in /shenzihe/WD-Disk/output/exp4/berry_bowl/checkpoint-100/images/on_top_of_a_white_rug/
11/21/2024 20:05:48 - INFO - __main__ - Running validation... 
 Generating 4 images with prompt:red.
11/21/2024 20:06:01 - INFO - root - Image have been saved in /shenzihe/WD-Disk/output/exp4/berry_bowl/checkpoint-100/images/red/
11/21/2024 20:06:15 - INFO - root - Image have been saved in /shenzihe/WD-Disk/output/exp4/berry_bowl/checkpoint-100/images/red/
11/21/2024 20:06:28 - INFO - root - Image have been saved in /shenzihe/WD-Disk/output/exp4/berry_bowl/checkpoint-100/images/red/
11/21/2024 20:06:41 - INFO - root - Image have been saved in /shenzihe/WD-Disk/output/exp4/berry_bowl/checkpoint-100/images/red/
11/21/2024 20:06:41 - INFO - __main__ - Running validation... 
 Generating 4 images with prompt:purple.
11/21/2024 20:06:55 - INFO - root - Image have been saved in /shenzihe/WD-Disk/output/exp4/berry_bowl/checkpoint-100/images/purple/
11/21/2024 20:07:08 - INFO - root - Image have been saved in /shenzihe/WD-Disk/output/exp4/berry_bowl/checkpoint-100/images/purple/
11/21/2024 20:07:21 - INFO - root - Image have been saved in /shenzihe/WD-Disk/output/exp4/berry_bowl/checkpoint-100/images/purple/
11/21/2024 20:07:35 - INFO - root - Image have been saved in /shenzihe/WD-Disk/output/exp4/berry_bowl/checkpoint-100/images/purple/
11/21/2024 20:07:35 - INFO - __main__ - Running validation... 
 Generating 4 images with prompt:shiny.
11/21/2024 20:07:48 - INFO - root - Image have been saved in /shenzihe/WD-Disk/output/exp4/berry_bowl/checkpoint-100/images/shiny/
11/21/2024 20:08:02 - INFO - root - Image have been saved in /shenzihe/WD-Disk/output/exp4/berry_bowl/checkpoint-100/images/shiny/
11/21/2024 20:08:15 - INFO - root - Image have been saved in /shenzihe/WD-Disk/output/exp4/berry_bowl/checkpoint-100/images/shiny/
11/21/2024 20:08:28 - INFO - root - Image have been saved in /shenzihe/WD-Disk/output/exp4/berry_bowl/checkpoint-100/images/shiny/
11/21/2024 20:08:28 - INFO - __main__ - Running validation... 
 Generating 4 images with prompt:wet.
11/21/2024 20:08:42 - INFO - root - Image have been saved in /shenzihe/WD-Disk/output/exp4/berry_bowl/checkpoint-100/images/wet/
11/21/2024 20:08:55 - INFO - root - Image have been saved in /shenzihe/WD-Disk/output/exp4/berry_bowl/checkpoint-100/images/wet/
11/21/2024 20:09:09 - INFO - root - Image have been saved in /shenzihe/WD-Disk/output/exp4/berry_bowl/checkpoint-100/images/wet/
11/21/2024 20:09:22 - INFO - root - Image have been saved in /shenzihe/WD-Disk/output/exp4/berry_bowl/checkpoint-100/images/wet/
11/21/2024 20:09:22 - INFO - __main__ - Running validation... 
 Generating 4 images with prompt:cube shaped.
11/21/2024 20:09:35 - INFO - root - Image have been saved in /shenzihe/WD-Disk/output/exp4/berry_bowl/checkpoint-100/images/cube_shaped/
11/21/2024 20:09:49 - INFO - root - Image have been saved in /shenzihe/WD-Disk/output/exp4/berry_bowl/checkpoint-100/images/cube_shaped/
11/21/2024 20:10:02 - INFO - root - Image have been saved in /shenzihe/WD-Disk/output/exp4/berry_bowl/checkpoint-100/images/cube_shaped/
11/21/2024 20:10:15 - INFO - root - Image have been saved in /shenzihe/WD-Disk/output/exp4/berry_bowl/checkpoint-100/images/cube_shaped/
