11/21/2024 19:19:15 - INFO - __main__ - Distributed environment: NO
Num processes: 1
Process index: 0
Local process index: 0
Device: cuda

Mixed precision type: no

11/21/2024 19:19:20 - INFO - root - freeze vision encoder
11/21/2024 19:19:30 - INFO - root - Loading pretrained model from /root/.cache/torch/hub/checkpoints/blip-diffusion
11/21/2024 19:19:30 - INFO - root - Loading pretrained BLIP2 Qformer weights.
11/21/2024 19:19:32 - INFO - root - Loading pretrained projection lyer weights.
11/21/2024 19:19:32 - INFO - root - Loading pretrained text encoder weights.
11/21/2024 19:19:33 - INFO - root - Loading pretrained vae weights.
11/21/2024 19:19:34 - INFO - root - Loading pretrained unet weights.
11/21/2024 19:19:41 - INFO - root - Using xformers.
11/21/2024 19:19:41 - INFO - root - Building datasets...
11/21/2024 19:19:52 - INFO - root - freeze vision encoder
11/21/2024 19:20:20 - INFO - root - load checkpoint from https://storage.googleapis.com/sfr-vision-language-research/LAVIS/models/BLIP2/blip2_pretrained_flant5xl.pth
11/21/2024 19:20:27 - INFO - __main__ - 
***** Running training *****
11/21/2024 19:20:27 - INFO - __main__ -   Num examples = 5
11/21/2024 19:20:27 - INFO - __main__ -   Num batches each epoch = 2
11/21/2024 19:20:27 - INFO - __main__ -   Num Epochs = 50
11/21/2024 19:20:27 - INFO - __main__ -   Instantaneous batch size per device = 3
11/21/2024 19:20:27 - INFO - __main__ -   Total train batch size (w. parallel, distributed & accumulation) = 3
11/21/2024 19:20:27 - INFO - __main__ -   Gradient Accumulation steps = 1
11/21/2024 19:20:27 - INFO - __main__ -   Total optimization steps = 100
11/21/2024 19:20:27 - INFO - __main__ -   Total parameters number = 1995356906
11/21/2024 19:20:27 - INFO - __main__ -   Training parameters number = 576349697
11/21/2024 19:22:21 - INFO - __main__ - Running validation... 
 Generating 4 images with prompt:in the jungle.
11/21/2024 19:22:34 - INFO - root - Image have been saved in /shenzihe/WD-Disk/output/exp4/bear_plushie/checkpoint-100/images/in_the_jungle/
11/21/2024 19:22:47 - INFO - root - Image have been saved in /shenzihe/WD-Disk/output/exp4/bear_plushie/checkpoint-100/images/in_the_jungle/
11/21/2024 19:23:01 - INFO - root - Image have been saved in /shenzihe/WD-Disk/output/exp4/bear_plushie/checkpoint-100/images/in_the_jungle/
11/21/2024 19:23:14 - INFO - root - Image have been saved in /shenzihe/WD-Disk/output/exp4/bear_plushie/checkpoint-100/images/in_the_jungle/
11/21/2024 19:23:14 - INFO - __main__ - Running validation... 
 Generating 4 images with prompt:in the snow.
11/21/2024 19:23:27 - INFO - root - Image have been saved in /shenzihe/WD-Disk/output/exp4/bear_plushie/checkpoint-100/images/in_the_snow/
11/21/2024 19:23:41 - INFO - root - Image have been saved in /shenzihe/WD-Disk/output/exp4/bear_plushie/checkpoint-100/images/in_the_snow/
11/21/2024 19:23:54 - INFO - root - Image have been saved in /shenzihe/WD-Disk/output/exp4/bear_plushie/checkpoint-100/images/in_the_snow/
11/21/2024 19:24:07 - INFO - root - Image have been saved in /shenzihe/WD-Disk/output/exp4/bear_plushie/checkpoint-100/images/in_the_snow/
11/21/2024 19:24:07 - INFO - __main__ - Running validation... 
 Generating 4 images with prompt:on the beach.
11/21/2024 19:24:21 - INFO - root - Image have been saved in /shenzihe/WD-Disk/output/exp4/bear_plushie/checkpoint-100/images/on_the_beach/
11/21/2024 19:24:34 - INFO - root - Image have been saved in /shenzihe/WD-Disk/output/exp4/bear_plushie/checkpoint-100/images/on_the_beach/
11/21/2024 19:24:48 - INFO - root - Image have been saved in /shenzihe/WD-Disk/output/exp4/bear_plushie/checkpoint-100/images/on_the_beach/
11/21/2024 19:25:01 - INFO - root - Image have been saved in /shenzihe/WD-Disk/output/exp4/bear_plushie/checkpoint-100/images/on_the_beach/
11/21/2024 19:25:01 - INFO - __main__ - Running validation... 
 Generating 4 images with prompt:on a cobblestone street.
11/21/2024 19:25:14 - INFO - root - Image have been saved in /shenzihe/WD-Disk/output/exp4/bear_plushie/checkpoint-100/images/on_a_cobblestone_street/
11/21/2024 19:25:28 - INFO - root - Image have been saved in /shenzihe/WD-Disk/output/exp4/bear_plushie/checkpoint-100/images/on_a_cobblestone_street/
11/21/2024 19:25:41 - INFO - root - Image have been saved in /shenzihe/WD-Disk/output/exp4/bear_plushie/checkpoint-100/images/on_a_cobblestone_street/
11/21/2024 19:25:54 - INFO - root - Image have been saved in /shenzihe/WD-Disk/output/exp4/bear_plushie/checkpoint-100/images/on_a_cobblestone_street/
11/21/2024 19:25:54 - INFO - __main__ - Running validation... 
 Generating 4 images with prompt:on top of pink fabric.
11/21/2024 19:26:08 - INFO - root - Image have been saved in /shenzihe/WD-Disk/output/exp4/bear_plushie/checkpoint-100/images/on_top_of_pink_fabric/
11/21/2024 19:26:21 - INFO - root - Image have been saved in /shenzihe/WD-Disk/output/exp4/bear_plushie/checkpoint-100/images/on_top_of_pink_fabric/
11/21/2024 19:26:34 - INFO - root - Image have been saved in /shenzihe/WD-Disk/output/exp4/bear_plushie/checkpoint-100/images/on_top_of_pink_fabric/
11/21/2024 19:26:48 - INFO - root - Image have been saved in /shenzihe/WD-Disk/output/exp4/bear_plushie/checkpoint-100/images/on_top_of_pink_fabric/
11/21/2024 19:26:48 - INFO - __main__ - Running validation... 
 Generating 4 images with prompt:on top of a wooden floor.
11/21/2024 19:27:01 - INFO - root - Image have been saved in /shenzihe/WD-Disk/output/exp4/bear_plushie/checkpoint-100/images/on_top_of_a_wooden_floor/
11/21/2024 19:27:15 - INFO - root - Image have been saved in /shenzihe/WD-Disk/output/exp4/bear_plushie/checkpoint-100/images/on_top_of_a_wooden_floor/
11/21/2024 19:27:28 - INFO - root - Image have been saved in /shenzihe/WD-Disk/output/exp4/bear_plushie/checkpoint-100/images/on_top_of_a_wooden_floor/
11/21/2024 19:27:41 - INFO - root - Image have been saved in /shenzihe/WD-Disk/output/exp4/bear_plushie/checkpoint-100/images/on_top_of_a_wooden_floor/
11/21/2024 19:27:41 - INFO - __main__ - Running validation... 
 Generating 4 images with prompt:with a city in the background.
11/21/2024 19:27:55 - INFO - root - Image have been saved in /shenzihe/WD-Disk/output/exp4/bear_plushie/checkpoint-100/images/with_a_city_in_the_background/
11/21/2024 19:28:08 - INFO - root - Image have been saved in /shenzihe/WD-Disk/output/exp4/bear_plushie/checkpoint-100/images/with_a_city_in_the_background/
11/21/2024 19:28:22 - INFO - root - Image have been saved in /shenzihe/WD-Disk/output/exp4/bear_plushie/checkpoint-100/images/with_a_city_in_the_background/
11/21/2024 19:28:35 - INFO - root - Image have been saved in /shenzihe/WD-Disk/output/exp4/bear_plushie/checkpoint-100/images/with_a_city_in_the_background/
11/21/2024 19:28:35 - INFO - __main__ - Running validation... 
 Generating 4 images with prompt:with a mountain in the background.
11/21/2024 19:28:49 - INFO - root - Image have been saved in /shenzihe/WD-Disk/output/exp4/bear_plushie/checkpoint-100/images/with_a_mountain_in_the_background/
11/21/2024 19:29:02 - INFO - root - Image have been saved in /shenzihe/WD-Disk/output/exp4/bear_plushie/checkpoint-100/images/with_a_mountain_in_the_background/
11/21/2024 19:29:15 - INFO - root - Image have been saved in /shenzihe/WD-Disk/output/exp4/bear_plushie/checkpoint-100/images/with_a_mountain_in_the_background/
11/21/2024 19:29:29 - INFO - root - Image have been saved in /shenzihe/WD-Disk/output/exp4/bear_plushie/checkpoint-100/images/with_a_mountain_in_the_background/
11/21/2024 19:29:29 - INFO - __main__ - Running validation... 
 Generating 4 images with prompt:with a blue house in the background.
11/21/2024 19:29:42 - INFO - root - Image have been saved in /shenzihe/WD-Disk/output/exp4/bear_plushie/checkpoint-100/images/with_a_blue_house_in_the_background/
11/21/2024 19:29:55 - INFO - root - Image have been saved in /shenzihe/WD-Disk/output/exp4/bear_plushie/checkpoint-100/images/with_a_blue_house_in_the_background/
11/21/2024 19:30:09 - INFO - root - Image have been saved in /shenzihe/WD-Disk/output/exp4/bear_plushie/checkpoint-100/images/with_a_blue_house_in_the_background/
11/21/2024 19:30:22 - INFO - root - Image have been saved in /shenzihe/WD-Disk/output/exp4/bear_plushie/checkpoint-100/images/with_a_blue_house_in_the_background/
11/21/2024 19:30:22 - INFO - __main__ - Running validation... 
 Generating 4 images with prompt:on top of a purple rug in a forest.
11/21/2024 19:30:35 - INFO - root - Image have been saved in /shenzihe/WD-Disk/output/exp4/bear_plushie/checkpoint-100/images/on_top_of_a_purple_rug_in_a_forest/
11/21/2024 19:30:49 - INFO - root - Image have been saved in /shenzihe/WD-Disk/output/exp4/bear_plushie/checkpoint-100/images/on_top_of_a_purple_rug_in_a_forest/
11/21/2024 19:31:02 - INFO - root - Image have been saved in /shenzihe/WD-Disk/output/exp4/bear_plushie/checkpoint-100/images/on_top_of_a_purple_rug_in_a_forest/
11/21/2024 19:31:16 - INFO - root - Image have been saved in /shenzihe/WD-Disk/output/exp4/bear_plushie/checkpoint-100/images/on_top_of_a_purple_rug_in_a_forest/
11/21/2024 19:31:16 - INFO - __main__ - Running validation... 
 Generating 4 images with prompt:with a wheat field in the background.
11/21/2024 19:31:29 - INFO - root - Image have been saved in /shenzihe/WD-Disk/output/exp4/bear_plushie/checkpoint-100/images/with_a_wheat_field_in_the_background/
11/21/2024 19:31:42 - INFO - root - Image have been saved in /shenzihe/WD-Disk/output/exp4/bear_plushie/checkpoint-100/images/with_a_wheat_field_in_the_background/
11/21/2024 19:31:56 - INFO - root - Image have been saved in /shenzihe/WD-Disk/output/exp4/bear_plushie/checkpoint-100/images/with_a_wheat_field_in_the_background/
11/21/2024 19:32:09 - INFO - root - Image have been saved in /shenzihe/WD-Disk/output/exp4/bear_plushie/checkpoint-100/images/with_a_wheat_field_in_the_background/
11/21/2024 19:32:09 - INFO - __main__ - Running validation... 
 Generating 4 images with prompt:with a tree and autumn leaves in the background.
11/21/2024 19:32:22 - INFO - root - Image have been saved in /shenzihe/WD-Disk/output/exp4/bear_plushie/checkpoint-100/images/with_a_tree_and_autumn_leaves_in_the_background/
11/21/2024 19:32:36 - INFO - root - Image have been saved in /shenzihe/WD-Disk/output/exp4/bear_plushie/checkpoint-100/images/with_a_tree_and_autumn_leaves_in_the_background/
11/21/2024 19:32:49 - INFO - root - Image have been saved in /shenzihe/WD-Disk/output/exp4/bear_plushie/checkpoint-100/images/with_a_tree_and_autumn_leaves_in_the_background/
11/21/2024 19:33:02 - INFO - root - Image have been saved in /shenzihe/WD-Disk/output/exp4/bear_plushie/checkpoint-100/images/with_a_tree_and_autumn_leaves_in_the_background/
11/21/2024 19:33:02 - INFO - __main__ - Running validation... 
 Generating 4 images with prompt:with the Eiffel Tower in the background.
11/21/2024 19:33:16 - INFO - root - Image have been saved in /shenzihe/WD-Disk/output/exp4/bear_plushie/checkpoint-100/images/with_the_Eiffel_Tower_in_the_background/
11/21/2024 19:33:29 - INFO - root - Image have been saved in /shenzihe/WD-Disk/output/exp4/bear_plushie/checkpoint-100/images/with_the_Eiffel_Tower_in_the_background/
11/21/2024 19:33:43 - INFO - root - Image have been saved in /shenzihe/WD-Disk/output/exp4/bear_plushie/checkpoint-100/images/with_the_Eiffel_Tower_in_the_background/
11/21/2024 19:33:56 - INFO - root - Image have been saved in /shenzihe/WD-Disk/output/exp4/bear_plushie/checkpoint-100/images/with_the_Eiffel_Tower_in_the_background/
11/21/2024 19:33:56 - INFO - __main__ - Running validation... 
 Generating 4 images with prompt:floating on top of water.
11/21/2024 19:34:09 - INFO - root - Image have been saved in /shenzihe/WD-Disk/output/exp4/bear_plushie/checkpoint-100/images/floating_on_top_of_water/
11/21/2024 19:34:23 - INFO - root - Image have been saved in /shenzihe/WD-Disk/output/exp4/bear_plushie/checkpoint-100/images/floating_on_top_of_water/
11/21/2024 19:34:36 - INFO - root - Image have been saved in /shenzihe/WD-Disk/output/exp4/bear_plushie/checkpoint-100/images/floating_on_top_of_water/
11/21/2024 19:34:49 - INFO - root - Image have been saved in /shenzihe/WD-Disk/output/exp4/bear_plushie/checkpoint-100/images/floating_on_top_of_water/
11/21/2024 19:34:49 - INFO - __main__ - Running validation... 
 Generating 4 images with prompt:floating in an ocean of milk.
11/21/2024 19:35:03 - INFO - root - Image have been saved in /shenzihe/WD-Disk/output/exp4/bear_plushie/checkpoint-100/images/floating_in_an_ocean_of_milk/
11/21/2024 19:35:16 - INFO - root - Image have been saved in /shenzihe/WD-Disk/output/exp4/bear_plushie/checkpoint-100/images/floating_in_an_ocean_of_milk/
11/21/2024 19:35:30 - INFO - root - Image have been saved in /shenzihe/WD-Disk/output/exp4/bear_plushie/checkpoint-100/images/floating_in_an_ocean_of_milk/
11/21/2024 19:35:43 - INFO - root - Image have been saved in /shenzihe/WD-Disk/output/exp4/bear_plushie/checkpoint-100/images/floating_in_an_ocean_of_milk/
11/21/2024 19:35:43 - INFO - __main__ - Running validation... 
 Generating 4 images with prompt:on top of green grass with sunflowers around it.
11/21/2024 19:35:56 - INFO - root - Image have been saved in /shenzihe/WD-Disk/output/exp4/bear_plushie/checkpoint-100/images/on_top_of_green_grass_with_sunflowers_around_it/
11/21/2024 19:36:10 - INFO - root - Image have been saved in /shenzihe/WD-Disk/output/exp4/bear_plushie/checkpoint-100/images/on_top_of_green_grass_with_sunflowers_around_it/
11/21/2024 19:36:23 - INFO - root - Image have been saved in /shenzihe/WD-Disk/output/exp4/bear_plushie/checkpoint-100/images/on_top_of_green_grass_with_sunflowers_around_it/
11/21/2024 19:36:36 - INFO - root - Image have been saved in /shenzihe/WD-Disk/output/exp4/bear_plushie/checkpoint-100/images/on_top_of_green_grass_with_sunflowers_around_it/
11/21/2024 19:36:36 - INFO - __main__ - Running validation... 
 Generating 4 images with prompt:on top of a mirror.
11/21/2024 19:36:50 - INFO - root - Image have been saved in /shenzihe/WD-Disk/output/exp4/bear_plushie/checkpoint-100/images/on_top_of_a_mirror/
11/21/2024 19:37:03 - INFO - root - Image have been saved in /shenzihe/WD-Disk/output/exp4/bear_plushie/checkpoint-100/images/on_top_of_a_mirror/
11/21/2024 19:37:17 - INFO - root - Image have been saved in /shenzihe/WD-Disk/output/exp4/bear_plushie/checkpoint-100/images/on_top_of_a_mirror/
11/21/2024 19:37:30 - INFO - root - Image have been saved in /shenzihe/WD-Disk/output/exp4/bear_plushie/checkpoint-100/images/on_top_of_a_mirror/
11/21/2024 19:37:30 - INFO - __main__ - Running validation... 
 Generating 4 images with prompt:on top of the sidewalk in a crowded street.
11/21/2024 19:37:43 - INFO - root - Image have been saved in /shenzihe/WD-Disk/output/exp4/bear_plushie/checkpoint-100/images/on_top_of_the_sidewalk_in_a_crowded_street/
11/21/2024 19:37:57 - INFO - root - Image have been saved in /shenzihe/WD-Disk/output/exp4/bear_plushie/checkpoint-100/images/on_top_of_the_sidewalk_in_a_crowded_street/
11/21/2024 19:38:10 - INFO - root - Image have been saved in /shenzihe/WD-Disk/output/exp4/bear_plushie/checkpoint-100/images/on_top_of_the_sidewalk_in_a_crowded_street/
11/21/2024 19:38:23 - INFO - root - Image have been saved in /shenzihe/WD-Disk/output/exp4/bear_plushie/checkpoint-100/images/on_top_of_the_sidewalk_in_a_crowded_street/
11/21/2024 19:38:23 - INFO - __main__ - Running validation... 
 Generating 4 images with prompt:on top of a dirt road.
11/21/2024 19:38:37 - INFO - root - Image have been saved in /shenzihe/WD-Disk/output/exp4/bear_plushie/checkpoint-100/images/on_top_of_a_dirt_road/
11/21/2024 19:38:50 - INFO - root - Image have been saved in /shenzihe/WD-Disk/output/exp4/bear_plushie/checkpoint-100/images/on_top_of_a_dirt_road/
11/21/2024 19:39:03 - INFO - root - Image have been saved in /shenzihe/WD-Disk/output/exp4/bear_plushie/checkpoint-100/images/on_top_of_a_dirt_road/
11/21/2024 19:39:17 - INFO - root - Image have been saved in /shenzihe/WD-Disk/output/exp4/bear_plushie/checkpoint-100/images/on_top_of_a_dirt_road/
11/21/2024 19:39:17 - INFO - __main__ - Running validation... 
 Generating 4 images with prompt:on top of a white rug.
11/21/2024 19:39:30 - INFO - root - Image have been saved in /shenzihe/WD-Disk/output/exp4/bear_plushie/checkpoint-100/images/on_top_of_a_white_rug/
11/21/2024 19:39:43 - INFO - root - Image have been saved in /shenzihe/WD-Disk/output/exp4/bear_plushie/checkpoint-100/images/on_top_of_a_white_rug/
11/21/2024 19:39:57 - INFO - root - Image have been saved in /shenzihe/WD-Disk/output/exp4/bear_plushie/checkpoint-100/images/on_top_of_a_white_rug/
11/21/2024 19:40:10 - INFO - root - Image have been saved in /shenzihe/WD-Disk/output/exp4/bear_plushie/checkpoint-100/images/on_top_of_a_white_rug/
11/21/2024 19:40:10 - INFO - __main__ - Running validation... 
 Generating 4 images with prompt:red.
11/21/2024 19:40:24 - INFO - root - Image have been saved in /shenzihe/WD-Disk/output/exp4/bear_plushie/checkpoint-100/images/red/
11/21/2024 19:40:37 - INFO - root - Image have been saved in /shenzihe/WD-Disk/output/exp4/bear_plushie/checkpoint-100/images/red/
11/21/2024 19:40:50 - INFO - root - Image have been saved in /shenzihe/WD-Disk/output/exp4/bear_plushie/checkpoint-100/images/red/
11/21/2024 19:41:04 - INFO - root - Image have been saved in /shenzihe/WD-Disk/output/exp4/bear_plushie/checkpoint-100/images/red/
11/21/2024 19:41:04 - INFO - __main__ - Running validation... 
 Generating 4 images with prompt:purple.
11/21/2024 19:41:17 - INFO - root - Image have been saved in /shenzihe/WD-Disk/output/exp4/bear_plushie/checkpoint-100/images/purple/
11/21/2024 19:41:30 - INFO - root - Image have been saved in /shenzihe/WD-Disk/output/exp4/bear_plushie/checkpoint-100/images/purple/
11/21/2024 19:41:44 - INFO - root - Image have been saved in /shenzihe/WD-Disk/output/exp4/bear_plushie/checkpoint-100/images/purple/
11/21/2024 19:41:57 - INFO - root - Image have been saved in /shenzihe/WD-Disk/output/exp4/bear_plushie/checkpoint-100/images/purple/
11/21/2024 19:41:57 - INFO - __main__ - Running validation... 
 Generating 4 images with prompt:shiny.
11/21/2024 19:42:11 - INFO - root - Image have been saved in /shenzihe/WD-Disk/output/exp4/bear_plushie/checkpoint-100/images/shiny/
11/21/2024 19:42:24 - INFO - root - Image have been saved in /shenzihe/WD-Disk/output/exp4/bear_plushie/checkpoint-100/images/shiny/
11/21/2024 19:42:37 - INFO - root - Image have been saved in /shenzihe/WD-Disk/output/exp4/bear_plushie/checkpoint-100/images/shiny/
11/21/2024 19:42:51 - INFO - root - Image have been saved in /shenzihe/WD-Disk/output/exp4/bear_plushie/checkpoint-100/images/shiny/
11/21/2024 19:42:51 - INFO - __main__ - Running validation... 
 Generating 4 images with prompt:wet.
11/21/2024 19:43:04 - INFO - root - Image have been saved in /shenzihe/WD-Disk/output/exp4/bear_plushie/checkpoint-100/images/wet/
11/21/2024 19:43:17 - INFO - root - Image have been saved in /shenzihe/WD-Disk/output/exp4/bear_plushie/checkpoint-100/images/wet/
11/21/2024 19:43:31 - INFO - root - Image have been saved in /shenzihe/WD-Disk/output/exp4/bear_plushie/checkpoint-100/images/wet/
11/21/2024 19:43:44 - INFO - root - Image have been saved in /shenzihe/WD-Disk/output/exp4/bear_plushie/checkpoint-100/images/wet/
11/21/2024 19:43:44 - INFO - __main__ - Running validation... 
 Generating 4 images with prompt:cube shaped.
11/21/2024 19:43:58 - INFO - root - Image have been saved in /shenzihe/WD-Disk/output/exp4/bear_plushie/checkpoint-100/images/cube_shaped/
11/21/2024 19:44:11 - INFO - root - Image have been saved in /shenzihe/WD-Disk/output/exp4/bear_plushie/checkpoint-100/images/cube_shaped/
11/21/2024 19:44:24 - INFO - root - Image have been saved in /shenzihe/WD-Disk/output/exp4/bear_plushie/checkpoint-100/images/cube_shaped/
11/21/2024 19:44:38 - INFO - root - Image have been saved in /shenzihe/WD-Disk/output/exp4/bear_plushie/checkpoint-100/images/cube_shaped/
