11/22/2024 04:43:42 - INFO - __main__ - Distributed environment: NO
Num processes: 1
Process index: 0
Local process index: 0
Device: cuda

Mixed precision type: no

11/22/2024 04:43:45 - INFO - root - freeze vision encoder
11/22/2024 04:43:55 - INFO - root - Loading pretrained model from /root/.cache/torch/hub/checkpoints/blip-diffusion
11/22/2024 04:43:55 - INFO - root - Loading pretrained BLIP2 Qformer weights.
11/22/2024 04:43:57 - INFO - root - Loading pretrained projection lyer weights.
11/22/2024 04:43:57 - INFO - root - Loading pretrained text encoder weights.
11/22/2024 04:43:58 - INFO - root - Loading pretrained vae weights.
11/22/2024 04:43:58 - INFO - root - Loading pretrained unet weights.
11/22/2024 04:44:06 - INFO - root - Using xformers.
11/22/2024 04:44:06 - INFO - root - Building datasets...
11/22/2024 04:44:17 - INFO - root - freeze vision encoder
11/22/2024 04:44:49 - INFO - root - load checkpoint from https://storage.googleapis.com/sfr-vision-language-research/LAVIS/models/BLIP2/blip2_pretrained_flant5xl.pth
11/22/2024 04:44:55 - INFO - __main__ - 
***** Running training *****
11/22/2024 04:44:55 - INFO - __main__ -   Num examples = 4
11/22/2024 04:44:55 - INFO - __main__ -   Num batches each epoch = 2
11/22/2024 04:44:55 - INFO - __main__ -   Num Epochs = 50
11/22/2024 04:44:55 - INFO - __main__ -   Instantaneous batch size per device = 3
11/22/2024 04:44:55 - INFO - __main__ -   Total train batch size (w. parallel, distributed & accumulation) = 3
11/22/2024 04:44:55 - INFO - __main__ -   Gradient Accumulation steps = 1
11/22/2024 04:44:55 - INFO - __main__ -   Total optimization steps = 100
11/22/2024 04:44:55 - INFO - __main__ -   Total parameters number = 1995356906
11/22/2024 04:44:55 - INFO - __main__ -   Training parameters number = 576349697
11/22/2024 04:46:37 - INFO - __main__ - Running validation... 
 Generating 4 images with prompt:in the jungle.
11/22/2024 04:46:50 - INFO - root - Image have been saved in /shenzihe/WD-Disk/output/exp4/red_cartoon/checkpoint-100/images/in_the_jungle/
11/22/2024 04:47:04 - INFO - root - Image have been saved in /shenzihe/WD-Disk/output/exp4/red_cartoon/checkpoint-100/images/in_the_jungle/
11/22/2024 04:47:17 - INFO - root - Image have been saved in /shenzihe/WD-Disk/output/exp4/red_cartoon/checkpoint-100/images/in_the_jungle/
11/22/2024 04:47:31 - INFO - root - Image have been saved in /shenzihe/WD-Disk/output/exp4/red_cartoon/checkpoint-100/images/in_the_jungle/
11/22/2024 04:47:31 - INFO - __main__ - Running validation... 
 Generating 4 images with prompt:in the snow.
11/22/2024 04:47:44 - INFO - root - Image have been saved in /shenzihe/WD-Disk/output/exp4/red_cartoon/checkpoint-100/images/in_the_snow/
11/22/2024 04:47:57 - INFO - root - Image have been saved in /shenzihe/WD-Disk/output/exp4/red_cartoon/checkpoint-100/images/in_the_snow/
11/22/2024 04:48:11 - INFO - root - Image have been saved in /shenzihe/WD-Disk/output/exp4/red_cartoon/checkpoint-100/images/in_the_snow/
11/22/2024 04:48:24 - INFO - root - Image have been saved in /shenzihe/WD-Disk/output/exp4/red_cartoon/checkpoint-100/images/in_the_snow/
11/22/2024 04:48:24 - INFO - __main__ - Running validation... 
 Generating 4 images with prompt:on the beach.
11/22/2024 04:48:38 - INFO - root - Image have been saved in /shenzihe/WD-Disk/output/exp4/red_cartoon/checkpoint-100/images/on_the_beach/
11/22/2024 04:48:51 - INFO - root - Image have been saved in /shenzihe/WD-Disk/output/exp4/red_cartoon/checkpoint-100/images/on_the_beach/
11/22/2024 04:49:05 - INFO - root - Image have been saved in /shenzihe/WD-Disk/output/exp4/red_cartoon/checkpoint-100/images/on_the_beach/
11/22/2024 04:49:18 - INFO - root - Image have been saved in /shenzihe/WD-Disk/output/exp4/red_cartoon/checkpoint-100/images/on_the_beach/
11/22/2024 04:49:18 - INFO - __main__ - Running validation... 
 Generating 4 images with prompt:on a cobblestone street.
11/22/2024 04:49:32 - INFO - root - Image have been saved in /shenzihe/WD-Disk/output/exp4/red_cartoon/checkpoint-100/images/on_a_cobblestone_street/
11/22/2024 04:49:45 - INFO - root - Image have been saved in /shenzihe/WD-Disk/output/exp4/red_cartoon/checkpoint-100/images/on_a_cobblestone_street/
11/22/2024 04:49:59 - INFO - root - Image have been saved in /shenzihe/WD-Disk/output/exp4/red_cartoon/checkpoint-100/images/on_a_cobblestone_street/
11/22/2024 04:50:13 - INFO - root - Image have been saved in /shenzihe/WD-Disk/output/exp4/red_cartoon/checkpoint-100/images/on_a_cobblestone_street/
11/22/2024 04:50:13 - INFO - __main__ - Running validation... 
 Generating 4 images with prompt:on top of pink fabric.
11/22/2024 04:50:26 - INFO - root - Image have been saved in /shenzihe/WD-Disk/output/exp4/red_cartoon/checkpoint-100/images/on_top_of_pink_fabric/
11/22/2024 04:50:40 - INFO - root - Image have been saved in /shenzihe/WD-Disk/output/exp4/red_cartoon/checkpoint-100/images/on_top_of_pink_fabric/
11/22/2024 04:50:53 - INFO - root - Image have been saved in /shenzihe/WD-Disk/output/exp4/red_cartoon/checkpoint-100/images/on_top_of_pink_fabric/
11/22/2024 04:51:07 - INFO - root - Image have been saved in /shenzihe/WD-Disk/output/exp4/red_cartoon/checkpoint-100/images/on_top_of_pink_fabric/
11/22/2024 04:51:07 - INFO - __main__ - Running validation... 
 Generating 4 images with prompt:on top of a wooden floor.
11/22/2024 04:51:20 - INFO - root - Image have been saved in /shenzihe/WD-Disk/output/exp4/red_cartoon/checkpoint-100/images/on_top_of_a_wooden_floor/
11/22/2024 04:51:34 - INFO - root - Image have been saved in /shenzihe/WD-Disk/output/exp4/red_cartoon/checkpoint-100/images/on_top_of_a_wooden_floor/
11/22/2024 04:51:47 - INFO - root - Image have been saved in /shenzihe/WD-Disk/output/exp4/red_cartoon/checkpoint-100/images/on_top_of_a_wooden_floor/
11/22/2024 04:52:01 - INFO - root - Image have been saved in /shenzihe/WD-Disk/output/exp4/red_cartoon/checkpoint-100/images/on_top_of_a_wooden_floor/
11/22/2024 04:52:01 - INFO - __main__ - Running validation... 
 Generating 4 images with prompt:with a city in the background.
11/22/2024 04:52:14 - INFO - root - Image have been saved in /shenzihe/WD-Disk/output/exp4/red_cartoon/checkpoint-100/images/with_a_city_in_the_background/
11/22/2024 04:52:28 - INFO - root - Image have been saved in /shenzihe/WD-Disk/output/exp4/red_cartoon/checkpoint-100/images/with_a_city_in_the_background/
11/22/2024 04:52:41 - INFO - root - Image have been saved in /shenzihe/WD-Disk/output/exp4/red_cartoon/checkpoint-100/images/with_a_city_in_the_background/
11/22/2024 04:52:55 - INFO - root - Image have been saved in /shenzihe/WD-Disk/output/exp4/red_cartoon/checkpoint-100/images/with_a_city_in_the_background/
11/22/2024 04:52:55 - INFO - __main__ - Running validation... 
 Generating 4 images with prompt:with a mountain in the background.
11/22/2024 04:53:08 - INFO - root - Image have been saved in /shenzihe/WD-Disk/output/exp4/red_cartoon/checkpoint-100/images/with_a_mountain_in_the_background/
11/22/2024 04:53:22 - INFO - root - Image have been saved in /shenzihe/WD-Disk/output/exp4/red_cartoon/checkpoint-100/images/with_a_mountain_in_the_background/
11/22/2024 04:53:35 - INFO - root - Image have been saved in /shenzihe/WD-Disk/output/exp4/red_cartoon/checkpoint-100/images/with_a_mountain_in_the_background/
11/22/2024 04:53:49 - INFO - root - Image have been saved in /shenzihe/WD-Disk/output/exp4/red_cartoon/checkpoint-100/images/with_a_mountain_in_the_background/
11/22/2024 04:53:49 - INFO - __main__ - Running validation... 
 Generating 4 images with prompt:with a blue house in the background.
11/22/2024 04:54:02 - INFO - root - Image have been saved in /shenzihe/WD-Disk/output/exp4/red_cartoon/checkpoint-100/images/with_a_blue_house_in_the_background/
11/22/2024 04:54:16 - INFO - root - Image have been saved in /shenzihe/WD-Disk/output/exp4/red_cartoon/checkpoint-100/images/with_a_blue_house_in_the_background/
11/22/2024 04:54:29 - INFO - root - Image have been saved in /shenzihe/WD-Disk/output/exp4/red_cartoon/checkpoint-100/images/with_a_blue_house_in_the_background/
11/22/2024 04:54:43 - INFO - root - Image have been saved in /shenzihe/WD-Disk/output/exp4/red_cartoon/checkpoint-100/images/with_a_blue_house_in_the_background/
11/22/2024 04:54:43 - INFO - __main__ - Running validation... 
 Generating 4 images with prompt:on top of a purple rug in a forest.
11/22/2024 04:54:56 - INFO - root - Image have been saved in /shenzihe/WD-Disk/output/exp4/red_cartoon/checkpoint-100/images/on_top_of_a_purple_rug_in_a_forest/
11/22/2024 04:55:10 - INFO - root - Image have been saved in /shenzihe/WD-Disk/output/exp4/red_cartoon/checkpoint-100/images/on_top_of_a_purple_rug_in_a_forest/
11/22/2024 04:55:23 - INFO - root - Image have been saved in /shenzihe/WD-Disk/output/exp4/red_cartoon/checkpoint-100/images/on_top_of_a_purple_rug_in_a_forest/
11/22/2024 04:55:37 - INFO - root - Image have been saved in /shenzihe/WD-Disk/output/exp4/red_cartoon/checkpoint-100/images/on_top_of_a_purple_rug_in_a_forest/
11/22/2024 04:55:37 - INFO - __main__ - Running validation... 
 Generating 4 images with prompt:with a wheat field in the background.
11/22/2024 04:55:50 - INFO - root - Image have been saved in /shenzihe/WD-Disk/output/exp4/red_cartoon/checkpoint-100/images/with_a_wheat_field_in_the_background/
11/22/2024 04:56:04 - INFO - root - Image have been saved in /shenzihe/WD-Disk/output/exp4/red_cartoon/checkpoint-100/images/with_a_wheat_field_in_the_background/
11/22/2024 04:56:17 - INFO - root - Image have been saved in /shenzihe/WD-Disk/output/exp4/red_cartoon/checkpoint-100/images/with_a_wheat_field_in_the_background/
11/22/2024 04:56:31 - INFO - root - Image have been saved in /shenzihe/WD-Disk/output/exp4/red_cartoon/checkpoint-100/images/with_a_wheat_field_in_the_background/
11/22/2024 04:56:31 - INFO - __main__ - Running validation... 
 Generating 4 images with prompt:with a tree and autumn leaves in the background.
11/22/2024 04:56:44 - INFO - root - Image have been saved in /shenzihe/WD-Disk/output/exp4/red_cartoon/checkpoint-100/images/with_a_tree_and_autumn_leaves_in_the_background/
11/22/2024 04:56:58 - INFO - root - Image have been saved in /shenzihe/WD-Disk/output/exp4/red_cartoon/checkpoint-100/images/with_a_tree_and_autumn_leaves_in_the_background/
11/22/2024 04:57:11 - INFO - root - Image have been saved in /shenzihe/WD-Disk/output/exp4/red_cartoon/checkpoint-100/images/with_a_tree_and_autumn_leaves_in_the_background/
11/22/2024 04:57:25 - INFO - root - Image have been saved in /shenzihe/WD-Disk/output/exp4/red_cartoon/checkpoint-100/images/with_a_tree_and_autumn_leaves_in_the_background/
11/22/2024 04:57:25 - INFO - __main__ - Running validation... 
 Generating 4 images with prompt:with the Eiffel Tower in the background.
11/22/2024 04:57:39 - INFO - root - Image have been saved in /shenzihe/WD-Disk/output/exp4/red_cartoon/checkpoint-100/images/with_the_Eiffel_Tower_in_the_background/
11/22/2024 04:57:52 - INFO - root - Image have been saved in /shenzihe/WD-Disk/output/exp4/red_cartoon/checkpoint-100/images/with_the_Eiffel_Tower_in_the_background/
11/22/2024 04:58:06 - INFO - root - Image have been saved in /shenzihe/WD-Disk/output/exp4/red_cartoon/checkpoint-100/images/with_the_Eiffel_Tower_in_the_background/
11/22/2024 04:58:19 - INFO - root - Image have been saved in /shenzihe/WD-Disk/output/exp4/red_cartoon/checkpoint-100/images/with_the_Eiffel_Tower_in_the_background/
11/22/2024 04:58:19 - INFO - __main__ - Running validation... 
 Generating 4 images with prompt:floating on top of water.
11/22/2024 04:58:33 - INFO - root - Image have been saved in /shenzihe/WD-Disk/output/exp4/red_cartoon/checkpoint-100/images/floating_on_top_of_water/
11/22/2024 04:58:46 - INFO - root - Image have been saved in /shenzihe/WD-Disk/output/exp4/red_cartoon/checkpoint-100/images/floating_on_top_of_water/
11/22/2024 04:59:00 - INFO - root - Image have been saved in /shenzihe/WD-Disk/output/exp4/red_cartoon/checkpoint-100/images/floating_on_top_of_water/
11/22/2024 04:59:13 - INFO - root - Image have been saved in /shenzihe/WD-Disk/output/exp4/red_cartoon/checkpoint-100/images/floating_on_top_of_water/
11/22/2024 04:59:13 - INFO - __main__ - Running validation... 
 Generating 4 images with prompt:floating in an ocean of milk.
11/22/2024 04:59:27 - INFO - root - Image have been saved in /shenzihe/WD-Disk/output/exp4/red_cartoon/checkpoint-100/images/floating_in_an_ocean_of_milk/
11/22/2024 04:59:40 - INFO - root - Image have been saved in /shenzihe/WD-Disk/output/exp4/red_cartoon/checkpoint-100/images/floating_in_an_ocean_of_milk/
11/22/2024 04:59:54 - INFO - root - Image have been saved in /shenzihe/WD-Disk/output/exp4/red_cartoon/checkpoint-100/images/floating_in_an_ocean_of_milk/
11/22/2024 05:00:07 - INFO - root - Image have been saved in /shenzihe/WD-Disk/output/exp4/red_cartoon/checkpoint-100/images/floating_in_an_ocean_of_milk/
11/22/2024 05:00:07 - INFO - __main__ - Running validation... 
 Generating 4 images with prompt:on top of green grass with sunflowers around it.
11/22/2024 05:00:21 - INFO - root - Image have been saved in /shenzihe/WD-Disk/output/exp4/red_cartoon/checkpoint-100/images/on_top_of_green_grass_with_sunflowers_around_it/
11/22/2024 05:00:34 - INFO - root - Image have been saved in /shenzihe/WD-Disk/output/exp4/red_cartoon/checkpoint-100/images/on_top_of_green_grass_with_sunflowers_around_it/
11/22/2024 05:00:48 - INFO - root - Image have been saved in /shenzihe/WD-Disk/output/exp4/red_cartoon/checkpoint-100/images/on_top_of_green_grass_with_sunflowers_around_it/
11/22/2024 05:01:01 - INFO - root - Image have been saved in /shenzihe/WD-Disk/output/exp4/red_cartoon/checkpoint-100/images/on_top_of_green_grass_with_sunflowers_around_it/
11/22/2024 05:01:01 - INFO - __main__ - Running validation... 
 Generating 4 images with prompt:on top of a mirror.
11/22/2024 05:01:15 - INFO - root - Image have been saved in /shenzihe/WD-Disk/output/exp4/red_cartoon/checkpoint-100/images/on_top_of_a_mirror/
11/22/2024 05:01:28 - INFO - root - Image have been saved in /shenzihe/WD-Disk/output/exp4/red_cartoon/checkpoint-100/images/on_top_of_a_mirror/
11/22/2024 05:01:42 - INFO - root - Image have been saved in /shenzihe/WD-Disk/output/exp4/red_cartoon/checkpoint-100/images/on_top_of_a_mirror/
11/22/2024 05:01:55 - INFO - root - Image have been saved in /shenzihe/WD-Disk/output/exp4/red_cartoon/checkpoint-100/images/on_top_of_a_mirror/
11/22/2024 05:01:55 - INFO - __main__ - Running validation... 
 Generating 4 images with prompt:on top of the sidewalk in a crowded street.
11/22/2024 05:02:09 - INFO - root - Image have been saved in /shenzihe/WD-Disk/output/exp4/red_cartoon/checkpoint-100/images/on_top_of_the_sidewalk_in_a_crowded_street/
11/22/2024 05:02:22 - INFO - root - Image have been saved in /shenzihe/WD-Disk/output/exp4/red_cartoon/checkpoint-100/images/on_top_of_the_sidewalk_in_a_crowded_street/
11/22/2024 05:02:36 - INFO - root - Image have been saved in /shenzihe/WD-Disk/output/exp4/red_cartoon/checkpoint-100/images/on_top_of_the_sidewalk_in_a_crowded_street/
11/22/2024 05:02:49 - INFO - root - Image have been saved in /shenzihe/WD-Disk/output/exp4/red_cartoon/checkpoint-100/images/on_top_of_the_sidewalk_in_a_crowded_street/
11/22/2024 05:02:49 - INFO - __main__ - Running validation... 
 Generating 4 images with prompt:on top of a dirt road.
11/22/2024 05:03:03 - INFO - root - Image have been saved in /shenzihe/WD-Disk/output/exp4/red_cartoon/checkpoint-100/images/on_top_of_a_dirt_road/
11/22/2024 05:03:16 - INFO - root - Image have been saved in /shenzihe/WD-Disk/output/exp4/red_cartoon/checkpoint-100/images/on_top_of_a_dirt_road/
11/22/2024 05:03:30 - INFO - root - Image have been saved in /shenzihe/WD-Disk/output/exp4/red_cartoon/checkpoint-100/images/on_top_of_a_dirt_road/
11/22/2024 05:03:43 - INFO - root - Image have been saved in /shenzihe/WD-Disk/output/exp4/red_cartoon/checkpoint-100/images/on_top_of_a_dirt_road/
11/22/2024 05:03:43 - INFO - __main__ - Running validation... 
 Generating 4 images with prompt:on top of a white rug.
11/22/2024 05:03:57 - INFO - root - Image have been saved in /shenzihe/WD-Disk/output/exp4/red_cartoon/checkpoint-100/images/on_top_of_a_white_rug/
11/22/2024 05:04:10 - INFO - root - Image have been saved in /shenzihe/WD-Disk/output/exp4/red_cartoon/checkpoint-100/images/on_top_of_a_white_rug/
11/22/2024 05:04:24 - INFO - root - Image have been saved in /shenzihe/WD-Disk/output/exp4/red_cartoon/checkpoint-100/images/on_top_of_a_white_rug/
11/22/2024 05:04:37 - INFO - root - Image have been saved in /shenzihe/WD-Disk/output/exp4/red_cartoon/checkpoint-100/images/on_top_of_a_white_rug/
11/22/2024 05:04:37 - INFO - __main__ - Running validation... 
 Generating 4 images with prompt:red.
11/22/2024 05:04:51 - INFO - root - Image have been saved in /shenzihe/WD-Disk/output/exp4/red_cartoon/checkpoint-100/images/red/
11/22/2024 05:05:04 - INFO - root - Image have been saved in /shenzihe/WD-Disk/output/exp4/red_cartoon/checkpoint-100/images/red/
11/22/2024 05:05:18 - INFO - root - Image have been saved in /shenzihe/WD-Disk/output/exp4/red_cartoon/checkpoint-100/images/red/
11/22/2024 05:05:32 - INFO - root - Image have been saved in /shenzihe/WD-Disk/output/exp4/red_cartoon/checkpoint-100/images/red/
11/22/2024 05:05:32 - INFO - __main__ - Running validation... 
 Generating 4 images with prompt:purple.
11/22/2024 05:05:45 - INFO - root - Image have been saved in /shenzihe/WD-Disk/output/exp4/red_cartoon/checkpoint-100/images/purple/
11/22/2024 05:05:59 - INFO - root - Image have been saved in /shenzihe/WD-Disk/output/exp4/red_cartoon/checkpoint-100/images/purple/
11/22/2024 05:06:12 - INFO - root - Image have been saved in /shenzihe/WD-Disk/output/exp4/red_cartoon/checkpoint-100/images/purple/
11/22/2024 05:06:26 - INFO - root - Image have been saved in /shenzihe/WD-Disk/output/exp4/red_cartoon/checkpoint-100/images/purple/
11/22/2024 05:06:26 - INFO - __main__ - Running validation... 
 Generating 4 images with prompt:shiny.
11/22/2024 05:06:39 - INFO - root - Image have been saved in /shenzihe/WD-Disk/output/exp4/red_cartoon/checkpoint-100/images/shiny/
11/22/2024 05:06:52 - INFO - root - Image have been saved in /shenzihe/WD-Disk/output/exp4/red_cartoon/checkpoint-100/images/shiny/
11/22/2024 05:07:06 - INFO - root - Image have been saved in /shenzihe/WD-Disk/output/exp4/red_cartoon/checkpoint-100/images/shiny/
11/22/2024 05:07:20 - INFO - root - Image have been saved in /shenzihe/WD-Disk/output/exp4/red_cartoon/checkpoint-100/images/shiny/
11/22/2024 05:07:20 - INFO - __main__ - Running validation... 
 Generating 4 images with prompt:wet.
11/22/2024 05:07:33 - INFO - root - Image have been saved in /shenzihe/WD-Disk/output/exp4/red_cartoon/checkpoint-100/images/wet/
11/22/2024 05:07:46 - INFO - root - Image have been saved in /shenzihe/WD-Disk/output/exp4/red_cartoon/checkpoint-100/images/wet/
11/22/2024 05:08:00 - INFO - root - Image have been saved in /shenzihe/WD-Disk/output/exp4/red_cartoon/checkpoint-100/images/wet/
11/22/2024 05:08:13 - INFO - root - Image have been saved in /shenzihe/WD-Disk/output/exp4/red_cartoon/checkpoint-100/images/wet/
11/22/2024 05:08:13 - INFO - __main__ - Running validation... 
 Generating 4 images with prompt:cube shaped.
11/22/2024 05:08:27 - INFO - root - Image have been saved in /shenzihe/WD-Disk/output/exp4/red_cartoon/checkpoint-100/images/cube_shaped/
11/22/2024 05:08:40 - INFO - root - Image have been saved in /shenzihe/WD-Disk/output/exp4/red_cartoon/checkpoint-100/images/cube_shaped/
11/22/2024 05:08:54 - INFO - root - Image have been saved in /shenzihe/WD-Disk/output/exp4/red_cartoon/checkpoint-100/images/cube_shaped/
11/22/2024 05:09:07 - INFO - root - Image have been saved in /shenzihe/WD-Disk/output/exp4/red_cartoon/checkpoint-100/images/cube_shaped/
