11/22/2024 01:17:32 - INFO - __main__ - Distributed environment: NO
Num processes: 1
Process index: 0
Local process index: 0
Device: cuda

Mixed precision type: no

11/22/2024 01:17:35 - INFO - root - freeze vision encoder
11/22/2024 01:17:45 - INFO - root - Loading pretrained model from /root/.cache/torch/hub/checkpoints/blip-diffusion
11/22/2024 01:17:45 - INFO - root - Loading pretrained BLIP2 Qformer weights.
11/22/2024 01:17:47 - INFO - root - Loading pretrained projection lyer weights.
11/22/2024 01:17:47 - INFO - root - Loading pretrained text encoder weights.
11/22/2024 01:17:48 - INFO - root - Loading pretrained vae weights.
11/22/2024 01:17:49 - INFO - root - Loading pretrained unet weights.
11/22/2024 01:17:56 - INFO - root - Using xformers.
11/22/2024 01:17:56 - INFO - root - Building datasets...
11/22/2024 01:18:07 - INFO - root - freeze vision encoder
11/22/2024 01:18:41 - INFO - root - load checkpoint from https://storage.googleapis.com/sfr-vision-language-research/LAVIS/models/BLIP2/blip2_pretrained_flant5xl.pth
11/22/2024 01:18:47 - INFO - __main__ - 
***** Running training *****
11/22/2024 01:18:47 - INFO - __main__ -   Num examples = 5
11/22/2024 01:18:47 - INFO - __main__ -   Num batches each epoch = 2
11/22/2024 01:18:47 - INFO - __main__ -   Num Epochs = 50
11/22/2024 01:18:47 - INFO - __main__ -   Instantaneous batch size per device = 3
11/22/2024 01:18:47 - INFO - __main__ -   Total train batch size (w. parallel, distributed & accumulation) = 3
11/22/2024 01:18:47 - INFO - __main__ -   Gradient Accumulation steps = 1
11/22/2024 01:18:47 - INFO - __main__ -   Total optimization steps = 100
11/22/2024 01:18:47 - INFO - __main__ -   Total parameters number = 1995356906
11/22/2024 01:18:47 - INFO - __main__ -   Training parameters number = 576349697
11/22/2024 01:20:33 - INFO - __main__ - Running validation... 
 Generating 4 images with prompt:in the jungle.
11/22/2024 01:20:46 - INFO - root - Image have been saved in /shenzihe/WD-Disk/output/exp4/dog8/checkpoint-100/images/in_the_jungle/
11/22/2024 01:20:59 - INFO - root - Image have been saved in /shenzihe/WD-Disk/output/exp4/dog8/checkpoint-100/images/in_the_jungle/
11/22/2024 01:21:13 - INFO - root - Image have been saved in /shenzihe/WD-Disk/output/exp4/dog8/checkpoint-100/images/in_the_jungle/
11/22/2024 01:21:26 - INFO - root - Image have been saved in /shenzihe/WD-Disk/output/exp4/dog8/checkpoint-100/images/in_the_jungle/
11/22/2024 01:21:26 - INFO - __main__ - Running validation... 
 Generating 4 images with prompt:in the snow.
11/22/2024 01:21:39 - INFO - root - Image have been saved in /shenzihe/WD-Disk/output/exp4/dog8/checkpoint-100/images/in_the_snow/
11/22/2024 01:21:53 - INFO - root - Image have been saved in /shenzihe/WD-Disk/output/exp4/dog8/checkpoint-100/images/in_the_snow/
11/22/2024 01:22:06 - INFO - root - Image have been saved in /shenzihe/WD-Disk/output/exp4/dog8/checkpoint-100/images/in_the_snow/
11/22/2024 01:22:20 - INFO - root - Image have been saved in /shenzihe/WD-Disk/output/exp4/dog8/checkpoint-100/images/in_the_snow/
11/22/2024 01:22:20 - INFO - __main__ - Running validation... 
 Generating 4 images with prompt:on the beach.
11/22/2024 01:22:33 - INFO - root - Image have been saved in /shenzihe/WD-Disk/output/exp4/dog8/checkpoint-100/images/on_the_beach/
11/22/2024 01:22:46 - INFO - root - Image have been saved in /shenzihe/WD-Disk/output/exp4/dog8/checkpoint-100/images/on_the_beach/
11/22/2024 01:23:00 - INFO - root - Image have been saved in /shenzihe/WD-Disk/output/exp4/dog8/checkpoint-100/images/on_the_beach/
11/22/2024 01:23:13 - INFO - root - Image have been saved in /shenzihe/WD-Disk/output/exp4/dog8/checkpoint-100/images/on_the_beach/
11/22/2024 01:23:13 - INFO - __main__ - Running validation... 
 Generating 4 images with prompt:on a cobblestone street.
11/22/2024 01:23:27 - INFO - root - Image have been saved in /shenzihe/WD-Disk/output/exp4/dog8/checkpoint-100/images/on_a_cobblestone_street/
11/22/2024 01:23:40 - INFO - root - Image have been saved in /shenzihe/WD-Disk/output/exp4/dog8/checkpoint-100/images/on_a_cobblestone_street/
11/22/2024 01:23:53 - INFO - root - Image have been saved in /shenzihe/WD-Disk/output/exp4/dog8/checkpoint-100/images/on_a_cobblestone_street/
11/22/2024 01:24:07 - INFO - root - Image have been saved in /shenzihe/WD-Disk/output/exp4/dog8/checkpoint-100/images/on_a_cobblestone_street/
11/22/2024 01:24:07 - INFO - __main__ - Running validation... 
 Generating 4 images with prompt:on top of pink fabric.
11/22/2024 01:24:20 - INFO - root - Image have been saved in /shenzihe/WD-Disk/output/exp4/dog8/checkpoint-100/images/on_top_of_pink_fabric/
11/22/2024 01:24:34 - INFO - root - Image have been saved in /shenzihe/WD-Disk/output/exp4/dog8/checkpoint-100/images/on_top_of_pink_fabric/
11/22/2024 01:24:47 - INFO - root - Image have been saved in /shenzihe/WD-Disk/output/exp4/dog8/checkpoint-100/images/on_top_of_pink_fabric/
11/22/2024 01:25:01 - INFO - root - Image have been saved in /shenzihe/WD-Disk/output/exp4/dog8/checkpoint-100/images/on_top_of_pink_fabric/
11/22/2024 01:25:01 - INFO - __main__ - Running validation... 
 Generating 4 images with prompt:on top of a wooden floor.
11/22/2024 01:25:14 - INFO - root - Image have been saved in /shenzihe/WD-Disk/output/exp4/dog8/checkpoint-100/images/on_top_of_a_wooden_floor/
11/22/2024 01:25:28 - INFO - root - Image have been saved in /shenzihe/WD-Disk/output/exp4/dog8/checkpoint-100/images/on_top_of_a_wooden_floor/
11/22/2024 01:25:41 - INFO - root - Image have been saved in /shenzihe/WD-Disk/output/exp4/dog8/checkpoint-100/images/on_top_of_a_wooden_floor/
11/22/2024 01:25:54 - INFO - root - Image have been saved in /shenzihe/WD-Disk/output/exp4/dog8/checkpoint-100/images/on_top_of_a_wooden_floor/
11/22/2024 01:25:54 - INFO - __main__ - Running validation... 
 Generating 4 images with prompt:with a city in the background.
11/22/2024 01:26:08 - INFO - root - Image have been saved in /shenzihe/WD-Disk/output/exp4/dog8/checkpoint-100/images/with_a_city_in_the_background/
11/22/2024 01:26:21 - INFO - root - Image have been saved in /shenzihe/WD-Disk/output/exp4/dog8/checkpoint-100/images/with_a_city_in_the_background/
11/22/2024 01:26:35 - INFO - root - Image have been saved in /shenzihe/WD-Disk/output/exp4/dog8/checkpoint-100/images/with_a_city_in_the_background/
11/22/2024 01:26:48 - INFO - root - Image have been saved in /shenzihe/WD-Disk/output/exp4/dog8/checkpoint-100/images/with_a_city_in_the_background/
11/22/2024 01:26:48 - INFO - __main__ - Running validation... 
 Generating 4 images with prompt:with a mountain in the background.
11/22/2024 01:27:01 - INFO - root - Image have been saved in /shenzihe/WD-Disk/output/exp4/dog8/checkpoint-100/images/with_a_mountain_in_the_background/
11/22/2024 01:27:15 - INFO - root - Image have been saved in /shenzihe/WD-Disk/output/exp4/dog8/checkpoint-100/images/with_a_mountain_in_the_background/
11/22/2024 01:27:28 - INFO - root - Image have been saved in /shenzihe/WD-Disk/output/exp4/dog8/checkpoint-100/images/with_a_mountain_in_the_background/
11/22/2024 01:27:42 - INFO - root - Image have been saved in /shenzihe/WD-Disk/output/exp4/dog8/checkpoint-100/images/with_a_mountain_in_the_background/
11/22/2024 01:27:42 - INFO - __main__ - Running validation... 
 Generating 4 images with prompt:with a blue house in the background.
11/22/2024 01:27:55 - INFO - root - Image have been saved in /shenzihe/WD-Disk/output/exp4/dog8/checkpoint-100/images/with_a_blue_house_in_the_background/
11/22/2024 01:28:09 - INFO - root - Image have been saved in /shenzihe/WD-Disk/output/exp4/dog8/checkpoint-100/images/with_a_blue_house_in_the_background/
11/22/2024 01:28:22 - INFO - root - Image have been saved in /shenzihe/WD-Disk/output/exp4/dog8/checkpoint-100/images/with_a_blue_house_in_the_background/
11/22/2024 01:28:35 - INFO - root - Image have been saved in /shenzihe/WD-Disk/output/exp4/dog8/checkpoint-100/images/with_a_blue_house_in_the_background/
11/22/2024 01:28:35 - INFO - __main__ - Running validation... 
 Generating 4 images with prompt:on top of a purple rug in a forest.
11/22/2024 01:28:49 - INFO - root - Image have been saved in /shenzihe/WD-Disk/output/exp4/dog8/checkpoint-100/images/on_top_of_a_purple_rug_in_a_forest/
11/22/2024 01:29:02 - INFO - root - Image have been saved in /shenzihe/WD-Disk/output/exp4/dog8/checkpoint-100/images/on_top_of_a_purple_rug_in_a_forest/
11/22/2024 01:29:16 - INFO - root - Image have been saved in /shenzihe/WD-Disk/output/exp4/dog8/checkpoint-100/images/on_top_of_a_purple_rug_in_a_forest/
11/22/2024 01:29:29 - INFO - root - Image have been saved in /shenzihe/WD-Disk/output/exp4/dog8/checkpoint-100/images/on_top_of_a_purple_rug_in_a_forest/
11/22/2024 01:29:29 - INFO - __main__ - Running validation... 
 Generating 4 images with prompt:with a wheat field in the background.
11/22/2024 01:29:43 - INFO - root - Image have been saved in /shenzihe/WD-Disk/output/exp4/dog8/checkpoint-100/images/with_a_wheat_field_in_the_background/
11/22/2024 01:29:56 - INFO - root - Image have been saved in /shenzihe/WD-Disk/output/exp4/dog8/checkpoint-100/images/with_a_wheat_field_in_the_background/
11/22/2024 01:30:10 - INFO - root - Image have been saved in /shenzihe/WD-Disk/output/exp4/dog8/checkpoint-100/images/with_a_wheat_field_in_the_background/
11/22/2024 01:30:23 - INFO - root - Image have been saved in /shenzihe/WD-Disk/output/exp4/dog8/checkpoint-100/images/with_a_wheat_field_in_the_background/
11/22/2024 01:30:23 - INFO - __main__ - Running validation... 
 Generating 4 images with prompt:with a tree and autumn leaves in the background.
11/22/2024 01:30:37 - INFO - root - Image have been saved in /shenzihe/WD-Disk/output/exp4/dog8/checkpoint-100/images/with_a_tree_and_autumn_leaves_in_the_background/
11/22/2024 01:30:50 - INFO - root - Image have been saved in /shenzihe/WD-Disk/output/exp4/dog8/checkpoint-100/images/with_a_tree_and_autumn_leaves_in_the_background/
11/22/2024 01:31:03 - INFO - root - Image have been saved in /shenzihe/WD-Disk/output/exp4/dog8/checkpoint-100/images/with_a_tree_and_autumn_leaves_in_the_background/
11/22/2024 01:31:17 - INFO - root - Image have been saved in /shenzihe/WD-Disk/output/exp4/dog8/checkpoint-100/images/with_a_tree_and_autumn_leaves_in_the_background/
11/22/2024 01:31:17 - INFO - __main__ - Running validation... 
 Generating 4 images with prompt:with the Eiffel Tower in the background.
11/22/2024 01:31:30 - INFO - root - Image have been saved in /shenzihe/WD-Disk/output/exp4/dog8/checkpoint-100/images/with_the_Eiffel_Tower_in_the_background/
11/22/2024 01:31:44 - INFO - root - Image have been saved in /shenzihe/WD-Disk/output/exp4/dog8/checkpoint-100/images/with_the_Eiffel_Tower_in_the_background/
11/22/2024 01:31:57 - INFO - root - Image have been saved in /shenzihe/WD-Disk/output/exp4/dog8/checkpoint-100/images/with_the_Eiffel_Tower_in_the_background/
11/22/2024 01:32:10 - INFO - root - Image have been saved in /shenzihe/WD-Disk/output/exp4/dog8/checkpoint-100/images/with_the_Eiffel_Tower_in_the_background/
11/22/2024 01:32:10 - INFO - __main__ - Running validation... 
 Generating 4 images with prompt:floating on top of water.
11/22/2024 01:32:24 - INFO - root - Image have been saved in /shenzihe/WD-Disk/output/exp4/dog8/checkpoint-100/images/floating_on_top_of_water/
11/22/2024 01:32:37 - INFO - root - Image have been saved in /shenzihe/WD-Disk/output/exp4/dog8/checkpoint-100/images/floating_on_top_of_water/
11/22/2024 01:32:51 - INFO - root - Image have been saved in /shenzihe/WD-Disk/output/exp4/dog8/checkpoint-100/images/floating_on_top_of_water/
11/22/2024 01:33:04 - INFO - root - Image have been saved in /shenzihe/WD-Disk/output/exp4/dog8/checkpoint-100/images/floating_on_top_of_water/
11/22/2024 01:33:04 - INFO - __main__ - Running validation... 
 Generating 4 images with prompt:floating in an ocean of milk.
11/22/2024 01:33:17 - INFO - root - Image have been saved in /shenzihe/WD-Disk/output/exp4/dog8/checkpoint-100/images/floating_in_an_ocean_of_milk/
11/22/2024 01:33:31 - INFO - root - Image have been saved in /shenzihe/WD-Disk/output/exp4/dog8/checkpoint-100/images/floating_in_an_ocean_of_milk/
11/22/2024 01:33:44 - INFO - root - Image have been saved in /shenzihe/WD-Disk/output/exp4/dog8/checkpoint-100/images/floating_in_an_ocean_of_milk/
11/22/2024 01:33:58 - INFO - root - Image have been saved in /shenzihe/WD-Disk/output/exp4/dog8/checkpoint-100/images/floating_in_an_ocean_of_milk/
11/22/2024 01:33:58 - INFO - __main__ - Running validation... 
 Generating 4 images with prompt:on top of green grass with sunflowers around it.
11/22/2024 01:34:11 - INFO - root - Image have been saved in /shenzihe/WD-Disk/output/exp4/dog8/checkpoint-100/images/on_top_of_green_grass_with_sunflowers_around_it/
11/22/2024 01:34:24 - INFO - root - Image have been saved in /shenzihe/WD-Disk/output/exp4/dog8/checkpoint-100/images/on_top_of_green_grass_with_sunflowers_around_it/
11/22/2024 01:34:38 - INFO - root - Image have been saved in /shenzihe/WD-Disk/output/exp4/dog8/checkpoint-100/images/on_top_of_green_grass_with_sunflowers_around_it/
11/22/2024 01:34:51 - INFO - root - Image have been saved in /shenzihe/WD-Disk/output/exp4/dog8/checkpoint-100/images/on_top_of_green_grass_with_sunflowers_around_it/
11/22/2024 01:34:51 - INFO - __main__ - Running validation... 
 Generating 4 images with prompt:on top of a mirror.
11/22/2024 01:35:05 - INFO - root - Image have been saved in /shenzihe/WD-Disk/output/exp4/dog8/checkpoint-100/images/on_top_of_a_mirror/
11/22/2024 01:35:18 - INFO - root - Image have been saved in /shenzihe/WD-Disk/output/exp4/dog8/checkpoint-100/images/on_top_of_a_mirror/
11/22/2024 01:35:31 - INFO - root - Image have been saved in /shenzihe/WD-Disk/output/exp4/dog8/checkpoint-100/images/on_top_of_a_mirror/
11/22/2024 01:35:45 - INFO - root - Image have been saved in /shenzihe/WD-Disk/output/exp4/dog8/checkpoint-100/images/on_top_of_a_mirror/
11/22/2024 01:35:45 - INFO - __main__ - Running validation... 
 Generating 4 images with prompt:on top of the sidewalk in a crowded street.
11/22/2024 01:35:58 - INFO - root - Image have been saved in /shenzihe/WD-Disk/output/exp4/dog8/checkpoint-100/images/on_top_of_the_sidewalk_in_a_crowded_street/
11/22/2024 01:36:12 - INFO - root - Image have been saved in /shenzihe/WD-Disk/output/exp4/dog8/checkpoint-100/images/on_top_of_the_sidewalk_in_a_crowded_street/
11/22/2024 01:36:25 - INFO - root - Image have been saved in /shenzihe/WD-Disk/output/exp4/dog8/checkpoint-100/images/on_top_of_the_sidewalk_in_a_crowded_street/
11/22/2024 01:36:38 - INFO - root - Image have been saved in /shenzihe/WD-Disk/output/exp4/dog8/checkpoint-100/images/on_top_of_the_sidewalk_in_a_crowded_street/
11/22/2024 01:36:38 - INFO - __main__ - Running validation... 
 Generating 4 images with prompt:on top of a dirt road.
11/22/2024 01:36:52 - INFO - root - Image have been saved in /shenzihe/WD-Disk/output/exp4/dog8/checkpoint-100/images/on_top_of_a_dirt_road/
11/22/2024 01:37:05 - INFO - root - Image have been saved in /shenzihe/WD-Disk/output/exp4/dog8/checkpoint-100/images/on_top_of_a_dirt_road/
11/22/2024 01:37:19 - INFO - root - Image have been saved in /shenzihe/WD-Disk/output/exp4/dog8/checkpoint-100/images/on_top_of_a_dirt_road/
11/22/2024 01:37:32 - INFO - root - Image have been saved in /shenzihe/WD-Disk/output/exp4/dog8/checkpoint-100/images/on_top_of_a_dirt_road/
11/22/2024 01:37:32 - INFO - __main__ - Running validation... 
 Generating 4 images with prompt:on top of a white rug.
11/22/2024 01:37:45 - INFO - root - Image have been saved in /shenzihe/WD-Disk/output/exp4/dog8/checkpoint-100/images/on_top_of_a_white_rug/
11/22/2024 01:37:59 - INFO - root - Image have been saved in /shenzihe/WD-Disk/output/exp4/dog8/checkpoint-100/images/on_top_of_a_white_rug/
11/22/2024 01:38:12 - INFO - root - Image have been saved in /shenzihe/WD-Disk/output/exp4/dog8/checkpoint-100/images/on_top_of_a_white_rug/
11/22/2024 01:38:26 - INFO - root - Image have been saved in /shenzihe/WD-Disk/output/exp4/dog8/checkpoint-100/images/on_top_of_a_white_rug/
11/22/2024 01:38:26 - INFO - __main__ - Running validation... 
 Generating 4 images with prompt:red.
11/22/2024 01:38:39 - INFO - root - Image have been saved in /shenzihe/WD-Disk/output/exp4/dog8/checkpoint-100/images/red/
11/22/2024 01:38:53 - INFO - root - Image have been saved in /shenzihe/WD-Disk/output/exp4/dog8/checkpoint-100/images/red/
11/22/2024 01:39:06 - INFO - root - Image have been saved in /shenzihe/WD-Disk/output/exp4/dog8/checkpoint-100/images/red/
11/22/2024 01:39:19 - INFO - root - Image have been saved in /shenzihe/WD-Disk/output/exp4/dog8/checkpoint-100/images/red/
11/22/2024 01:39:19 - INFO - __main__ - Running validation... 
 Generating 4 images with prompt:purple.
11/22/2024 01:39:33 - INFO - root - Image have been saved in /shenzihe/WD-Disk/output/exp4/dog8/checkpoint-100/images/purple/
11/22/2024 01:39:46 - INFO - root - Image have been saved in /shenzihe/WD-Disk/output/exp4/dog8/checkpoint-100/images/purple/
11/22/2024 01:40:00 - INFO - root - Image have been saved in /shenzihe/WD-Disk/output/exp4/dog8/checkpoint-100/images/purple/
11/22/2024 01:40:13 - INFO - root - Image have been saved in /shenzihe/WD-Disk/output/exp4/dog8/checkpoint-100/images/purple/
11/22/2024 01:40:13 - INFO - __main__ - Running validation... 
 Generating 4 images with prompt:shiny.
11/22/2024 01:40:26 - INFO - root - Image have been saved in /shenzihe/WD-Disk/output/exp4/dog8/checkpoint-100/images/shiny/
11/22/2024 01:40:40 - INFO - root - Image have been saved in /shenzihe/WD-Disk/output/exp4/dog8/checkpoint-100/images/shiny/
11/22/2024 01:40:53 - INFO - root - Image have been saved in /shenzihe/WD-Disk/output/exp4/dog8/checkpoint-100/images/shiny/
11/22/2024 01:41:07 - INFO - root - Image have been saved in /shenzihe/WD-Disk/output/exp4/dog8/checkpoint-100/images/shiny/
11/22/2024 01:41:07 - INFO - __main__ - Running validation... 
 Generating 4 images with prompt:wet.
11/22/2024 01:41:20 - INFO - root - Image have been saved in /shenzihe/WD-Disk/output/exp4/dog8/checkpoint-100/images/wet/
11/22/2024 01:41:33 - INFO - root - Image have been saved in /shenzihe/WD-Disk/output/exp4/dog8/checkpoint-100/images/wet/
11/22/2024 01:41:47 - INFO - root - Image have been saved in /shenzihe/WD-Disk/output/exp4/dog8/checkpoint-100/images/wet/
11/22/2024 01:42:00 - INFO - root - Image have been saved in /shenzihe/WD-Disk/output/exp4/dog8/checkpoint-100/images/wet/
11/22/2024 01:42:00 - INFO - __main__ - Running validation... 
 Generating 4 images with prompt:cube shaped.
11/22/2024 01:42:14 - INFO - root - Image have been saved in /shenzihe/WD-Disk/output/exp4/dog8/checkpoint-100/images/cube_shaped/
11/22/2024 01:42:27 - INFO - root - Image have been saved in /shenzihe/WD-Disk/output/exp4/dog8/checkpoint-100/images/cube_shaped/
11/22/2024 01:42:40 - INFO - root - Image have been saved in /shenzihe/WD-Disk/output/exp4/dog8/checkpoint-100/images/cube_shaped/
11/22/2024 01:42:54 - INFO - root - Image have been saved in /shenzihe/WD-Disk/output/exp4/dog8/checkpoint-100/images/cube_shaped/
