11/22/2024 00:01:02 - INFO - __main__ - Distributed environment: NO
Num processes: 1
Process index: 0
Local process index: 0
Device: cuda

Mixed precision type: no

11/22/2024 00:01:08 - INFO - root - freeze vision encoder
11/22/2024 00:01:19 - INFO - root - Loading pretrained model from /root/.cache/torch/hub/checkpoints/blip-diffusion
11/22/2024 00:01:19 - INFO - root - Loading pretrained BLIP2 Qformer weights.
11/22/2024 00:01:20 - INFO - root - Loading pretrained projection lyer weights.
11/22/2024 00:01:20 - INFO - root - Loading pretrained text encoder weights.
11/22/2024 00:01:21 - INFO - root - Loading pretrained vae weights.
11/22/2024 00:01:22 - INFO - root - Loading pretrained unet weights.
11/22/2024 00:01:29 - INFO - root - Using xformers.
11/22/2024 00:01:29 - INFO - root - Building datasets...
11/22/2024 00:01:40 - INFO - root - freeze vision encoder
11/22/2024 00:02:11 - INFO - root - load checkpoint from https://storage.googleapis.com/sfr-vision-language-research/LAVIS/models/BLIP2/blip2_pretrained_flant5xl.pth
11/22/2024 00:02:16 - INFO - __main__ - 
***** Running training *****
11/22/2024 00:02:16 - INFO - __main__ -   Num examples = 5
11/22/2024 00:02:16 - INFO - __main__ -   Num batches each epoch = 2
11/22/2024 00:02:16 - INFO - __main__ -   Num Epochs = 50
11/22/2024 00:02:16 - INFO - __main__ -   Instantaneous batch size per device = 3
11/22/2024 00:02:16 - INFO - __main__ -   Total train batch size (w. parallel, distributed & accumulation) = 3
11/22/2024 00:02:16 - INFO - __main__ -   Gradient Accumulation steps = 1
11/22/2024 00:02:16 - INFO - __main__ -   Total optimization steps = 100
11/22/2024 00:02:16 - INFO - __main__ -   Total parameters number = 1995356906
11/22/2024 00:02:16 - INFO - __main__ -   Training parameters number = 576349697
11/22/2024 00:04:03 - INFO - __main__ - Running validation... 
 Generating 4 images with prompt:in the jungle.
11/22/2024 00:04:16 - INFO - root - Image have been saved in /shenzihe/WD-Disk/output/exp4/dog5/checkpoint-100/images/in_the_jungle/
11/22/2024 00:04:29 - INFO - root - Image have been saved in /shenzihe/WD-Disk/output/exp4/dog5/checkpoint-100/images/in_the_jungle/
11/22/2024 00:04:43 - INFO - root - Image have been saved in /shenzihe/WD-Disk/output/exp4/dog5/checkpoint-100/images/in_the_jungle/
11/22/2024 00:04:56 - INFO - root - Image have been saved in /shenzihe/WD-Disk/output/exp4/dog5/checkpoint-100/images/in_the_jungle/
11/22/2024 00:04:56 - INFO - __main__ - Running validation... 
 Generating 4 images with prompt:in the snow.
11/22/2024 00:05:09 - INFO - root - Image have been saved in /shenzihe/WD-Disk/output/exp4/dog5/checkpoint-100/images/in_the_snow/
11/22/2024 00:05:23 - INFO - root - Image have been saved in /shenzihe/WD-Disk/output/exp4/dog5/checkpoint-100/images/in_the_snow/
11/22/2024 00:05:36 - INFO - root - Image have been saved in /shenzihe/WD-Disk/output/exp4/dog5/checkpoint-100/images/in_the_snow/
11/22/2024 00:05:49 - INFO - root - Image have been saved in /shenzihe/WD-Disk/output/exp4/dog5/checkpoint-100/images/in_the_snow/
11/22/2024 00:05:49 - INFO - __main__ - Running validation... 
 Generating 4 images with prompt:on the beach.
11/22/2024 00:06:03 - INFO - root - Image have been saved in /shenzihe/WD-Disk/output/exp4/dog5/checkpoint-100/images/on_the_beach/
11/22/2024 00:06:16 - INFO - root - Image have been saved in /shenzihe/WD-Disk/output/exp4/dog5/checkpoint-100/images/on_the_beach/
11/22/2024 00:06:29 - INFO - root - Image have been saved in /shenzihe/WD-Disk/output/exp4/dog5/checkpoint-100/images/on_the_beach/
11/22/2024 00:06:43 - INFO - root - Image have been saved in /shenzihe/WD-Disk/output/exp4/dog5/checkpoint-100/images/on_the_beach/
11/22/2024 00:06:43 - INFO - __main__ - Running validation... 
 Generating 4 images with prompt:on a cobblestone street.
11/22/2024 00:06:56 - INFO - root - Image have been saved in /shenzihe/WD-Disk/output/exp4/dog5/checkpoint-100/images/on_a_cobblestone_street/
11/22/2024 00:07:10 - INFO - root - Image have been saved in /shenzihe/WD-Disk/output/exp4/dog5/checkpoint-100/images/on_a_cobblestone_street/
11/22/2024 00:07:23 - INFO - root - Image have been saved in /shenzihe/WD-Disk/output/exp4/dog5/checkpoint-100/images/on_a_cobblestone_street/
11/22/2024 00:07:36 - INFO - root - Image have been saved in /shenzihe/WD-Disk/output/exp4/dog5/checkpoint-100/images/on_a_cobblestone_street/
11/22/2024 00:07:36 - INFO - __main__ - Running validation... 
 Generating 4 images with prompt:on top of pink fabric.
11/22/2024 00:07:50 - INFO - root - Image have been saved in /shenzihe/WD-Disk/output/exp4/dog5/checkpoint-100/images/on_top_of_pink_fabric/
11/22/2024 00:08:03 - INFO - root - Image have been saved in /shenzihe/WD-Disk/output/exp4/dog5/checkpoint-100/images/on_top_of_pink_fabric/
11/22/2024 00:08:16 - INFO - root - Image have been saved in /shenzihe/WD-Disk/output/exp4/dog5/checkpoint-100/images/on_top_of_pink_fabric/
11/22/2024 00:08:30 - INFO - root - Image have been saved in /shenzihe/WD-Disk/output/exp4/dog5/checkpoint-100/images/on_top_of_pink_fabric/
11/22/2024 00:08:30 - INFO - __main__ - Running validation... 
 Generating 4 images with prompt:on top of a wooden floor.
11/22/2024 00:08:43 - INFO - root - Image have been saved in /shenzihe/WD-Disk/output/exp4/dog5/checkpoint-100/images/on_top_of_a_wooden_floor/
11/22/2024 00:08:56 - INFO - root - Image have been saved in /shenzihe/WD-Disk/output/exp4/dog5/checkpoint-100/images/on_top_of_a_wooden_floor/
11/22/2024 00:09:10 - INFO - root - Image have been saved in /shenzihe/WD-Disk/output/exp4/dog5/checkpoint-100/images/on_top_of_a_wooden_floor/
11/22/2024 00:09:23 - INFO - root - Image have been saved in /shenzihe/WD-Disk/output/exp4/dog5/checkpoint-100/images/on_top_of_a_wooden_floor/
11/22/2024 00:09:23 - INFO - __main__ - Running validation... 
 Generating 4 images with prompt:with a city in the background.
11/22/2024 00:09:37 - INFO - root - Image have been saved in /shenzihe/WD-Disk/output/exp4/dog5/checkpoint-100/images/with_a_city_in_the_background/
11/22/2024 00:09:50 - INFO - root - Image have been saved in /shenzihe/WD-Disk/output/exp4/dog5/checkpoint-100/images/with_a_city_in_the_background/
11/22/2024 00:10:03 - INFO - root - Image have been saved in /shenzihe/WD-Disk/output/exp4/dog5/checkpoint-100/images/with_a_city_in_the_background/
11/22/2024 00:10:17 - INFO - root - Image have been saved in /shenzihe/WD-Disk/output/exp4/dog5/checkpoint-100/images/with_a_city_in_the_background/
11/22/2024 00:10:17 - INFO - __main__ - Running validation... 
 Generating 4 images with prompt:with a mountain in the background.
11/22/2024 00:10:30 - INFO - root - Image have been saved in /shenzihe/WD-Disk/output/exp4/dog5/checkpoint-100/images/with_a_mountain_in_the_background/
11/22/2024 00:10:43 - INFO - root - Image have been saved in /shenzihe/WD-Disk/output/exp4/dog5/checkpoint-100/images/with_a_mountain_in_the_background/
11/22/2024 00:10:57 - INFO - root - Image have been saved in /shenzihe/WD-Disk/output/exp4/dog5/checkpoint-100/images/with_a_mountain_in_the_background/
11/22/2024 00:11:10 - INFO - root - Image have been saved in /shenzihe/WD-Disk/output/exp4/dog5/checkpoint-100/images/with_a_mountain_in_the_background/
11/22/2024 00:11:10 - INFO - __main__ - Running validation... 
 Generating 4 images with prompt:with a blue house in the background.
11/22/2024 00:11:23 - INFO - root - Image have been saved in /shenzihe/WD-Disk/output/exp4/dog5/checkpoint-100/images/with_a_blue_house_in_the_background/
11/22/2024 00:11:37 - INFO - root - Image have been saved in /shenzihe/WD-Disk/output/exp4/dog5/checkpoint-100/images/with_a_blue_house_in_the_background/
11/22/2024 00:11:50 - INFO - root - Image have been saved in /shenzihe/WD-Disk/output/exp4/dog5/checkpoint-100/images/with_a_blue_house_in_the_background/
11/22/2024 00:12:04 - INFO - root - Image have been saved in /shenzihe/WD-Disk/output/exp4/dog5/checkpoint-100/images/with_a_blue_house_in_the_background/
11/22/2024 00:12:04 - INFO - __main__ - Running validation... 
 Generating 4 images with prompt:on top of a purple rug in a forest.
11/22/2024 00:12:17 - INFO - root - Image have been saved in /shenzihe/WD-Disk/output/exp4/dog5/checkpoint-100/images/on_top_of_a_purple_rug_in_a_forest/
11/22/2024 00:12:30 - INFO - root - Image have been saved in /shenzihe/WD-Disk/output/exp4/dog5/checkpoint-100/images/on_top_of_a_purple_rug_in_a_forest/
11/22/2024 00:12:44 - INFO - root - Image have been saved in /shenzihe/WD-Disk/output/exp4/dog5/checkpoint-100/images/on_top_of_a_purple_rug_in_a_forest/
11/22/2024 00:12:57 - INFO - root - Image have been saved in /shenzihe/WD-Disk/output/exp4/dog5/checkpoint-100/images/on_top_of_a_purple_rug_in_a_forest/
11/22/2024 00:12:57 - INFO - __main__ - Running validation... 
 Generating 4 images with prompt:with a wheat field in the background.
11/22/2024 00:13:10 - INFO - root - Image have been saved in /shenzihe/WD-Disk/output/exp4/dog5/checkpoint-100/images/with_a_wheat_field_in_the_background/
11/22/2024 00:13:24 - INFO - root - Image have been saved in /shenzihe/WD-Disk/output/exp4/dog5/checkpoint-100/images/with_a_wheat_field_in_the_background/
11/22/2024 00:13:37 - INFO - root - Image have been saved in /shenzihe/WD-Disk/output/exp4/dog5/checkpoint-100/images/with_a_wheat_field_in_the_background/
11/22/2024 00:13:50 - INFO - root - Image have been saved in /shenzihe/WD-Disk/output/exp4/dog5/checkpoint-100/images/with_a_wheat_field_in_the_background/
11/22/2024 00:13:50 - INFO - __main__ - Running validation... 
 Generating 4 images with prompt:with a tree and autumn leaves in the background.
11/22/2024 00:14:04 - INFO - root - Image have been saved in /shenzihe/WD-Disk/output/exp4/dog5/checkpoint-100/images/with_a_tree_and_autumn_leaves_in_the_background/
11/22/2024 00:14:17 - INFO - root - Image have been saved in /shenzihe/WD-Disk/output/exp4/dog5/checkpoint-100/images/with_a_tree_and_autumn_leaves_in_the_background/
11/22/2024 00:14:31 - INFO - root - Image have been saved in /shenzihe/WD-Disk/output/exp4/dog5/checkpoint-100/images/with_a_tree_and_autumn_leaves_in_the_background/
11/22/2024 00:14:44 - INFO - root - Image have been saved in /shenzihe/WD-Disk/output/exp4/dog5/checkpoint-100/images/with_a_tree_and_autumn_leaves_in_the_background/
11/22/2024 00:14:44 - INFO - __main__ - Running validation... 
 Generating 4 images with prompt:with the Eiffel Tower in the background.
11/22/2024 00:14:57 - INFO - root - Image have been saved in /shenzihe/WD-Disk/output/exp4/dog5/checkpoint-100/images/with_the_Eiffel_Tower_in_the_background/
11/22/2024 00:15:11 - INFO - root - Image have been saved in /shenzihe/WD-Disk/output/exp4/dog5/checkpoint-100/images/with_the_Eiffel_Tower_in_the_background/
11/22/2024 00:15:24 - INFO - root - Image have been saved in /shenzihe/WD-Disk/output/exp4/dog5/checkpoint-100/images/with_the_Eiffel_Tower_in_the_background/
11/22/2024 00:15:37 - INFO - root - Image have been saved in /shenzihe/WD-Disk/output/exp4/dog5/checkpoint-100/images/with_the_Eiffel_Tower_in_the_background/
11/22/2024 00:15:37 - INFO - __main__ - Running validation... 
 Generating 4 images with prompt:floating on top of water.
11/22/2024 00:15:51 - INFO - root - Image have been saved in /shenzihe/WD-Disk/output/exp4/dog5/checkpoint-100/images/floating_on_top_of_water/
11/22/2024 00:16:04 - INFO - root - Image have been saved in /shenzihe/WD-Disk/output/exp4/dog5/checkpoint-100/images/floating_on_top_of_water/
11/22/2024 00:16:17 - INFO - root - Image have been saved in /shenzihe/WD-Disk/output/exp4/dog5/checkpoint-100/images/floating_on_top_of_water/
11/22/2024 00:16:31 - INFO - root - Image have been saved in /shenzihe/WD-Disk/output/exp4/dog5/checkpoint-100/images/floating_on_top_of_water/
11/22/2024 00:16:31 - INFO - __main__ - Running validation... 
 Generating 4 images with prompt:floating in an ocean of milk.
11/22/2024 00:16:44 - INFO - root - Image have been saved in /shenzihe/WD-Disk/output/exp4/dog5/checkpoint-100/images/floating_in_an_ocean_of_milk/
11/22/2024 00:16:58 - INFO - root - Image have been saved in /shenzihe/WD-Disk/output/exp4/dog5/checkpoint-100/images/floating_in_an_ocean_of_milk/
11/22/2024 00:17:11 - INFO - root - Image have been saved in /shenzihe/WD-Disk/output/exp4/dog5/checkpoint-100/images/floating_in_an_ocean_of_milk/
11/22/2024 00:17:24 - INFO - root - Image have been saved in /shenzihe/WD-Disk/output/exp4/dog5/checkpoint-100/images/floating_in_an_ocean_of_milk/
11/22/2024 00:17:24 - INFO - __main__ - Running validation... 
 Generating 4 images with prompt:on top of green grass with sunflowers around it.
11/22/2024 00:17:38 - INFO - root - Image have been saved in /shenzihe/WD-Disk/output/exp4/dog5/checkpoint-100/images/on_top_of_green_grass_with_sunflowers_around_it/
11/22/2024 00:17:51 - INFO - root - Image have been saved in /shenzihe/WD-Disk/output/exp4/dog5/checkpoint-100/images/on_top_of_green_grass_with_sunflowers_around_it/
11/22/2024 00:18:04 - INFO - root - Image have been saved in /shenzihe/WD-Disk/output/exp4/dog5/checkpoint-100/images/on_top_of_green_grass_with_sunflowers_around_it/
11/22/2024 00:18:18 - INFO - root - Image have been saved in /shenzihe/WD-Disk/output/exp4/dog5/checkpoint-100/images/on_top_of_green_grass_with_sunflowers_around_it/
11/22/2024 00:18:18 - INFO - __main__ - Running validation... 
 Generating 4 images with prompt:on top of a mirror.
11/22/2024 00:18:31 - INFO - root - Image have been saved in /shenzihe/WD-Disk/output/exp4/dog5/checkpoint-100/images/on_top_of_a_mirror/
11/22/2024 00:18:45 - INFO - root - Image have been saved in /shenzihe/WD-Disk/output/exp4/dog5/checkpoint-100/images/on_top_of_a_mirror/
11/22/2024 00:18:58 - INFO - root - Image have been saved in /shenzihe/WD-Disk/output/exp4/dog5/checkpoint-100/images/on_top_of_a_mirror/
11/22/2024 00:19:11 - INFO - root - Image have been saved in /shenzihe/WD-Disk/output/exp4/dog5/checkpoint-100/images/on_top_of_a_mirror/
11/22/2024 00:19:11 - INFO - __main__ - Running validation... 
 Generating 4 images with prompt:on top of the sidewalk in a crowded street.
11/22/2024 00:19:25 - INFO - root - Image have been saved in /shenzihe/WD-Disk/output/exp4/dog5/checkpoint-100/images/on_top_of_the_sidewalk_in_a_crowded_street/
11/22/2024 00:19:38 - INFO - root - Image have been saved in /shenzihe/WD-Disk/output/exp4/dog5/checkpoint-100/images/on_top_of_the_sidewalk_in_a_crowded_street/
11/22/2024 00:19:51 - INFO - root - Image have been saved in /shenzihe/WD-Disk/output/exp4/dog5/checkpoint-100/images/on_top_of_the_sidewalk_in_a_crowded_street/
11/22/2024 00:20:05 - INFO - root - Image have been saved in /shenzihe/WD-Disk/output/exp4/dog5/checkpoint-100/images/on_top_of_the_sidewalk_in_a_crowded_street/
11/22/2024 00:20:05 - INFO - __main__ - Running validation... 
 Generating 4 images with prompt:on top of a dirt road.
11/22/2024 00:20:18 - INFO - root - Image have been saved in /shenzihe/WD-Disk/output/exp4/dog5/checkpoint-100/images/on_top_of_a_dirt_road/
11/22/2024 00:20:32 - INFO - root - Image have been saved in /shenzihe/WD-Disk/output/exp4/dog5/checkpoint-100/images/on_top_of_a_dirt_road/
11/22/2024 00:20:45 - INFO - root - Image have been saved in /shenzihe/WD-Disk/output/exp4/dog5/checkpoint-100/images/on_top_of_a_dirt_road/
11/22/2024 00:20:58 - INFO - root - Image have been saved in /shenzihe/WD-Disk/output/exp4/dog5/checkpoint-100/images/on_top_of_a_dirt_road/
11/22/2024 00:20:58 - INFO - __main__ - Running validation... 
 Generating 4 images with prompt:on top of a white rug.
11/22/2024 00:21:12 - INFO - root - Image have been saved in /shenzihe/WD-Disk/output/exp4/dog5/checkpoint-100/images/on_top_of_a_white_rug/
11/22/2024 00:21:25 - INFO - root - Image have been saved in /shenzihe/WD-Disk/output/exp4/dog5/checkpoint-100/images/on_top_of_a_white_rug/
11/22/2024 00:21:38 - INFO - root - Image have been saved in /shenzihe/WD-Disk/output/exp4/dog5/checkpoint-100/images/on_top_of_a_white_rug/
11/22/2024 00:21:52 - INFO - root - Image have been saved in /shenzihe/WD-Disk/output/exp4/dog5/checkpoint-100/images/on_top_of_a_white_rug/
11/22/2024 00:21:52 - INFO - __main__ - Running validation... 
 Generating 4 images with prompt:red.
11/22/2024 00:22:05 - INFO - root - Image have been saved in /shenzihe/WD-Disk/output/exp4/dog5/checkpoint-100/images/red/
11/22/2024 00:22:18 - INFO - root - Image have been saved in /shenzihe/WD-Disk/output/exp4/dog5/checkpoint-100/images/red/
11/22/2024 00:22:32 - INFO - root - Image have been saved in /shenzihe/WD-Disk/output/exp4/dog5/checkpoint-100/images/red/
11/22/2024 00:22:45 - INFO - root - Image have been saved in /shenzihe/WD-Disk/output/exp4/dog5/checkpoint-100/images/red/
11/22/2024 00:22:45 - INFO - __main__ - Running validation... 
 Generating 4 images with prompt:purple.
11/22/2024 00:22:59 - INFO - root - Image have been saved in /shenzihe/WD-Disk/output/exp4/dog5/checkpoint-100/images/purple/
11/22/2024 00:23:12 - INFO - root - Image have been saved in /shenzihe/WD-Disk/output/exp4/dog5/checkpoint-100/images/purple/
11/22/2024 00:23:25 - INFO - root - Image have been saved in /shenzihe/WD-Disk/output/exp4/dog5/checkpoint-100/images/purple/
11/22/2024 00:23:39 - INFO - root - Image have been saved in /shenzihe/WD-Disk/output/exp4/dog5/checkpoint-100/images/purple/
11/22/2024 00:23:39 - INFO - __main__ - Running validation... 
 Generating 4 images with prompt:shiny.
11/22/2024 00:23:52 - INFO - root - Image have been saved in /shenzihe/WD-Disk/output/exp4/dog5/checkpoint-100/images/shiny/
11/22/2024 00:24:06 - INFO - root - Image have been saved in /shenzihe/WD-Disk/output/exp4/dog5/checkpoint-100/images/shiny/
11/22/2024 00:24:19 - INFO - root - Image have been saved in /shenzihe/WD-Disk/output/exp4/dog5/checkpoint-100/images/shiny/
11/22/2024 00:24:32 - INFO - root - Image have been saved in /shenzihe/WD-Disk/output/exp4/dog5/checkpoint-100/images/shiny/
11/22/2024 00:24:32 - INFO - __main__ - Running validation... 
 Generating 4 images with prompt:wet.
11/22/2024 00:24:46 - INFO - root - Image have been saved in /shenzihe/WD-Disk/output/exp4/dog5/checkpoint-100/images/wet/
11/22/2024 00:24:59 - INFO - root - Image have been saved in /shenzihe/WD-Disk/output/exp4/dog5/checkpoint-100/images/wet/
11/22/2024 00:25:12 - INFO - root - Image have been saved in /shenzihe/WD-Disk/output/exp4/dog5/checkpoint-100/images/wet/
11/22/2024 00:25:26 - INFO - root - Image have been saved in /shenzihe/WD-Disk/output/exp4/dog5/checkpoint-100/images/wet/
11/22/2024 00:25:26 - INFO - __main__ - Running validation... 
 Generating 4 images with prompt:cube shaped.
11/22/2024 00:25:39 - INFO - root - Image have been saved in /shenzihe/WD-Disk/output/exp4/dog5/checkpoint-100/images/cube_shaped/
11/22/2024 00:25:52 - INFO - root - Image have been saved in /shenzihe/WD-Disk/output/exp4/dog5/checkpoint-100/images/cube_shaped/
11/22/2024 00:26:06 - INFO - root - Image have been saved in /shenzihe/WD-Disk/output/exp4/dog5/checkpoint-100/images/cube_shaped/
11/22/2024 00:26:19 - INFO - root - Image have been saved in /shenzihe/WD-Disk/output/exp4/dog5/checkpoint-100/images/cube_shaped/
