11/21/2024 20:10:28 - INFO - __main__ - Distributed environment: NO
Num processes: 1
Process index: 0
Local process index: 0
Device: cuda

Mixed precision type: no

11/21/2024 20:10:33 - INFO - root - freeze vision encoder
11/21/2024 20:10:44 - INFO - root - Loading pretrained model from /root/.cache/torch/hub/checkpoints/blip-diffusion
11/21/2024 20:10:44 - INFO - root - Loading pretrained BLIP2 Qformer weights.
11/21/2024 20:10:45 - INFO - root - Loading pretrained projection lyer weights.
11/21/2024 20:10:46 - INFO - root - Loading pretrained text encoder weights.
11/21/2024 20:10:46 - INFO - root - Loading pretrained vae weights.
11/21/2024 20:10:47 - INFO - root - Loading pretrained unet weights.
11/21/2024 20:10:55 - INFO - root - Using xformers.
11/21/2024 20:10:55 - INFO - root - Building datasets...
11/21/2024 20:11:06 - INFO - root - freeze vision encoder
11/21/2024 20:11:38 - INFO - root - load checkpoint from https://storage.googleapis.com/sfr-vision-language-research/LAVIS/models/BLIP2/blip2_pretrained_flant5xl.pth
11/21/2024 20:11:45 - INFO - __main__ - 
***** Running training *****
11/21/2024 20:11:45 - INFO - __main__ -   Num examples = 6
11/21/2024 20:11:45 - INFO - __main__ -   Num batches each epoch = 2
11/21/2024 20:11:45 - INFO - __main__ -   Num Epochs = 50
11/21/2024 20:11:45 - INFO - __main__ -   Instantaneous batch size per device = 3
11/21/2024 20:11:45 - INFO - __main__ -   Total train batch size (w. parallel, distributed & accumulation) = 3
11/21/2024 20:11:45 - INFO - __main__ -   Gradient Accumulation steps = 1
11/21/2024 20:11:45 - INFO - __main__ -   Total optimization steps = 100
11/21/2024 20:11:45 - INFO - __main__ -   Total parameters number = 1995356906
11/21/2024 20:11:45 - INFO - __main__ -   Training parameters number = 576349697
11/21/2024 20:13:40 - INFO - __main__ - Running validation... 
 Generating 4 images with prompt:in the jungle.
11/21/2024 20:13:53 - INFO - root - Image have been saved in /shenzihe/WD-Disk/output/exp4/can/checkpoint-100/images/in_the_jungle/
11/21/2024 20:14:07 - INFO - root - Image have been saved in /shenzihe/WD-Disk/output/exp4/can/checkpoint-100/images/in_the_jungle/
11/21/2024 20:14:20 - INFO - root - Image have been saved in /shenzihe/WD-Disk/output/exp4/can/checkpoint-100/images/in_the_jungle/
11/21/2024 20:14:34 - INFO - root - Image have been saved in /shenzihe/WD-Disk/output/exp4/can/checkpoint-100/images/in_the_jungle/
11/21/2024 20:14:34 - INFO - __main__ - Running validation... 
 Generating 4 images with prompt:in the snow.
11/21/2024 20:14:47 - INFO - root - Image have been saved in /shenzihe/WD-Disk/output/exp4/can/checkpoint-100/images/in_the_snow/
11/21/2024 20:15:00 - INFO - root - Image have been saved in /shenzihe/WD-Disk/output/exp4/can/checkpoint-100/images/in_the_snow/
11/21/2024 20:15:14 - INFO - root - Image have been saved in /shenzihe/WD-Disk/output/exp4/can/checkpoint-100/images/in_the_snow/
11/21/2024 20:15:27 - INFO - root - Image have been saved in /shenzihe/WD-Disk/output/exp4/can/checkpoint-100/images/in_the_snow/
11/21/2024 20:15:27 - INFO - __main__ - Running validation... 
 Generating 4 images with prompt:on the beach.
11/21/2024 20:15:41 - INFO - root - Image have been saved in /shenzihe/WD-Disk/output/exp4/can/checkpoint-100/images/on_the_beach/
11/21/2024 20:15:54 - INFO - root - Image have been saved in /shenzihe/WD-Disk/output/exp4/can/checkpoint-100/images/on_the_beach/
11/21/2024 20:16:08 - INFO - root - Image have been saved in /shenzihe/WD-Disk/output/exp4/can/checkpoint-100/images/on_the_beach/
11/21/2024 20:16:21 - INFO - root - Image have been saved in /shenzihe/WD-Disk/output/exp4/can/checkpoint-100/images/on_the_beach/
11/21/2024 20:16:21 - INFO - __main__ - Running validation... 
 Generating 4 images with prompt:on a cobblestone street.
11/21/2024 20:16:35 - INFO - root - Image have been saved in /shenzihe/WD-Disk/output/exp4/can/checkpoint-100/images/on_a_cobblestone_street/
11/21/2024 20:16:48 - INFO - root - Image have been saved in /shenzihe/WD-Disk/output/exp4/can/checkpoint-100/images/on_a_cobblestone_street/
11/21/2024 20:17:02 - INFO - root - Image have been saved in /shenzihe/WD-Disk/output/exp4/can/checkpoint-100/images/on_a_cobblestone_street/
11/21/2024 20:17:15 - INFO - root - Image have been saved in /shenzihe/WD-Disk/output/exp4/can/checkpoint-100/images/on_a_cobblestone_street/
11/21/2024 20:17:15 - INFO - __main__ - Running validation... 
 Generating 4 images with prompt:on top of pink fabric.
11/21/2024 20:17:29 - INFO - root - Image have been saved in /shenzihe/WD-Disk/output/exp4/can/checkpoint-100/images/on_top_of_pink_fabric/
11/21/2024 20:17:42 - INFO - root - Image have been saved in /shenzihe/WD-Disk/output/exp4/can/checkpoint-100/images/on_top_of_pink_fabric/
11/21/2024 20:17:56 - INFO - root - Image have been saved in /shenzihe/WD-Disk/output/exp4/can/checkpoint-100/images/on_top_of_pink_fabric/
11/21/2024 20:18:09 - INFO - root - Image have been saved in /shenzihe/WD-Disk/output/exp4/can/checkpoint-100/images/on_top_of_pink_fabric/
11/21/2024 20:18:09 - INFO - __main__ - Running validation... 
 Generating 4 images with prompt:on top of a wooden floor.
11/21/2024 20:18:23 - INFO - root - Image have been saved in /shenzihe/WD-Disk/output/exp4/can/checkpoint-100/images/on_top_of_a_wooden_floor/
11/21/2024 20:18:36 - INFO - root - Image have been saved in /shenzihe/WD-Disk/output/exp4/can/checkpoint-100/images/on_top_of_a_wooden_floor/
11/21/2024 20:18:50 - INFO - root - Image have been saved in /shenzihe/WD-Disk/output/exp4/can/checkpoint-100/images/on_top_of_a_wooden_floor/
11/21/2024 20:19:03 - INFO - root - Image have been saved in /shenzihe/WD-Disk/output/exp4/can/checkpoint-100/images/on_top_of_a_wooden_floor/
11/21/2024 20:19:03 - INFO - __main__ - Running validation... 
 Generating 4 images with prompt:with a city in the background.
11/21/2024 20:19:17 - INFO - root - Image have been saved in /shenzihe/WD-Disk/output/exp4/can/checkpoint-100/images/with_a_city_in_the_background/
11/21/2024 20:19:30 - INFO - root - Image have been saved in /shenzihe/WD-Disk/output/exp4/can/checkpoint-100/images/with_a_city_in_the_background/
11/21/2024 20:19:44 - INFO - root - Image have been saved in /shenzihe/WD-Disk/output/exp4/can/checkpoint-100/images/with_a_city_in_the_background/
11/21/2024 20:19:57 - INFO - root - Image have been saved in /shenzihe/WD-Disk/output/exp4/can/checkpoint-100/images/with_a_city_in_the_background/
11/21/2024 20:19:57 - INFO - __main__ - Running validation... 
 Generating 4 images with prompt:with a mountain in the background.
11/21/2024 20:20:11 - INFO - root - Image have been saved in /shenzihe/WD-Disk/output/exp4/can/checkpoint-100/images/with_a_mountain_in_the_background/
11/21/2024 20:20:24 - INFO - root - Image have been saved in /shenzihe/WD-Disk/output/exp4/can/checkpoint-100/images/with_a_mountain_in_the_background/
11/21/2024 20:20:38 - INFO - root - Image have been saved in /shenzihe/WD-Disk/output/exp4/can/checkpoint-100/images/with_a_mountain_in_the_background/
11/21/2024 20:20:51 - INFO - root - Image have been saved in /shenzihe/WD-Disk/output/exp4/can/checkpoint-100/images/with_a_mountain_in_the_background/
11/21/2024 20:20:51 - INFO - __main__ - Running validation... 
 Generating 4 images with prompt:with a blue house in the background.
11/21/2024 20:21:04 - INFO - root - Image have been saved in /shenzihe/WD-Disk/output/exp4/can/checkpoint-100/images/with_a_blue_house_in_the_background/
11/21/2024 20:21:18 - INFO - root - Image have been saved in /shenzihe/WD-Disk/output/exp4/can/checkpoint-100/images/with_a_blue_house_in_the_background/
11/21/2024 20:21:31 - INFO - root - Image have been saved in /shenzihe/WD-Disk/output/exp4/can/checkpoint-100/images/with_a_blue_house_in_the_background/
11/21/2024 20:21:45 - INFO - root - Image have been saved in /shenzihe/WD-Disk/output/exp4/can/checkpoint-100/images/with_a_blue_house_in_the_background/
11/21/2024 20:21:45 - INFO - __main__ - Running validation... 
 Generating 4 images with prompt:on top of a purple rug in a forest.
11/21/2024 20:21:58 - INFO - root - Image have been saved in /shenzihe/WD-Disk/output/exp4/can/checkpoint-100/images/on_top_of_a_purple_rug_in_a_forest/
11/21/2024 20:22:12 - INFO - root - Image have been saved in /shenzihe/WD-Disk/output/exp4/can/checkpoint-100/images/on_top_of_a_purple_rug_in_a_forest/
11/21/2024 20:22:25 - INFO - root - Image have been saved in /shenzihe/WD-Disk/output/exp4/can/checkpoint-100/images/on_top_of_a_purple_rug_in_a_forest/
11/21/2024 20:22:39 - INFO - root - Image have been saved in /shenzihe/WD-Disk/output/exp4/can/checkpoint-100/images/on_top_of_a_purple_rug_in_a_forest/
11/21/2024 20:22:39 - INFO - __main__ - Running validation... 
 Generating 4 images with prompt:with a wheat field in the background.
11/21/2024 20:22:52 - INFO - root - Image have been saved in /shenzihe/WD-Disk/output/exp4/can/checkpoint-100/images/with_a_wheat_field_in_the_background/
11/21/2024 20:23:06 - INFO - root - Image have been saved in /shenzihe/WD-Disk/output/exp4/can/checkpoint-100/images/with_a_wheat_field_in_the_background/
11/21/2024 20:23:19 - INFO - root - Image have been saved in /shenzihe/WD-Disk/output/exp4/can/checkpoint-100/images/with_a_wheat_field_in_the_background/
11/21/2024 20:23:33 - INFO - root - Image have been saved in /shenzihe/WD-Disk/output/exp4/can/checkpoint-100/images/with_a_wheat_field_in_the_background/
11/21/2024 20:23:33 - INFO - __main__ - Running validation... 
 Generating 4 images with prompt:with a tree and autumn leaves in the background.
11/21/2024 20:23:46 - INFO - root - Image have been saved in /shenzihe/WD-Disk/output/exp4/can/checkpoint-100/images/with_a_tree_and_autumn_leaves_in_the_background/
11/21/2024 20:23:59 - INFO - root - Image have been saved in /shenzihe/WD-Disk/output/exp4/can/checkpoint-100/images/with_a_tree_and_autumn_leaves_in_the_background/
11/21/2024 20:24:13 - INFO - root - Image have been saved in /shenzihe/WD-Disk/output/exp4/can/checkpoint-100/images/with_a_tree_and_autumn_leaves_in_the_background/
11/21/2024 20:24:26 - INFO - root - Image have been saved in /shenzihe/WD-Disk/output/exp4/can/checkpoint-100/images/with_a_tree_and_autumn_leaves_in_the_background/
11/21/2024 20:24:26 - INFO - __main__ - Running validation... 
 Generating 4 images with prompt:with the Eiffel Tower in the background.
11/21/2024 20:24:40 - INFO - root - Image have been saved in /shenzihe/WD-Disk/output/exp4/can/checkpoint-100/images/with_the_Eiffel_Tower_in_the_background/
11/21/2024 20:24:53 - INFO - root - Image have been saved in /shenzihe/WD-Disk/output/exp4/can/checkpoint-100/images/with_the_Eiffel_Tower_in_the_background/
11/21/2024 20:25:07 - INFO - root - Image have been saved in /shenzihe/WD-Disk/output/exp4/can/checkpoint-100/images/with_the_Eiffel_Tower_in_the_background/
11/21/2024 20:25:20 - INFO - root - Image have been saved in /shenzihe/WD-Disk/output/exp4/can/checkpoint-100/images/with_the_Eiffel_Tower_in_the_background/
11/21/2024 20:25:20 - INFO - __main__ - Running validation... 
 Generating 4 images with prompt:floating on top of water.
11/21/2024 20:25:34 - INFO - root - Image have been saved in /shenzihe/WD-Disk/output/exp4/can/checkpoint-100/images/floating_on_top_of_water/
11/21/2024 20:25:47 - INFO - root - Image have been saved in /shenzihe/WD-Disk/output/exp4/can/checkpoint-100/images/floating_on_top_of_water/
11/21/2024 20:26:01 - INFO - root - Image have been saved in /shenzihe/WD-Disk/output/exp4/can/checkpoint-100/images/floating_on_top_of_water/
11/21/2024 20:26:14 - INFO - root - Image have been saved in /shenzihe/WD-Disk/output/exp4/can/checkpoint-100/images/floating_on_top_of_water/
11/21/2024 20:26:14 - INFO - __main__ - Running validation... 
 Generating 4 images with prompt:floating in an ocean of milk.
11/21/2024 20:26:27 - INFO - root - Image have been saved in /shenzihe/WD-Disk/output/exp4/can/checkpoint-100/images/floating_in_an_ocean_of_milk/
11/21/2024 20:26:41 - INFO - root - Image have been saved in /shenzihe/WD-Disk/output/exp4/can/checkpoint-100/images/floating_in_an_ocean_of_milk/
11/21/2024 20:26:54 - INFO - root - Image have been saved in /shenzihe/WD-Disk/output/exp4/can/checkpoint-100/images/floating_in_an_ocean_of_milk/
11/21/2024 20:27:08 - INFO - root - Image have been saved in /shenzihe/WD-Disk/output/exp4/can/checkpoint-100/images/floating_in_an_ocean_of_milk/
11/21/2024 20:27:08 - INFO - __main__ - Running validation... 
 Generating 4 images with prompt:on top of green grass with sunflowers around it.
11/21/2024 20:27:21 - INFO - root - Image have been saved in /shenzihe/WD-Disk/output/exp4/can/checkpoint-100/images/on_top_of_green_grass_with_sunflowers_around_it/
11/21/2024 20:27:35 - INFO - root - Image have been saved in /shenzihe/WD-Disk/output/exp4/can/checkpoint-100/images/on_top_of_green_grass_with_sunflowers_around_it/
11/21/2024 20:27:48 - INFO - root - Image have been saved in /shenzihe/WD-Disk/output/exp4/can/checkpoint-100/images/on_top_of_green_grass_with_sunflowers_around_it/
11/21/2024 20:28:02 - INFO - root - Image have been saved in /shenzihe/WD-Disk/output/exp4/can/checkpoint-100/images/on_top_of_green_grass_with_sunflowers_around_it/
11/21/2024 20:28:02 - INFO - __main__ - Running validation... 
 Generating 4 images with prompt:on top of a mirror.
11/21/2024 20:28:15 - INFO - root - Image have been saved in /shenzihe/WD-Disk/output/exp4/can/checkpoint-100/images/on_top_of_a_mirror/
11/21/2024 20:28:29 - INFO - root - Image have been saved in /shenzihe/WD-Disk/output/exp4/can/checkpoint-100/images/on_top_of_a_mirror/
11/21/2024 20:28:42 - INFO - root - Image have been saved in /shenzihe/WD-Disk/output/exp4/can/checkpoint-100/images/on_top_of_a_mirror/
11/21/2024 20:28:56 - INFO - root - Image have been saved in /shenzihe/WD-Disk/output/exp4/can/checkpoint-100/images/on_top_of_a_mirror/
11/21/2024 20:28:56 - INFO - __main__ - Running validation... 
 Generating 4 images with prompt:on top of the sidewalk in a crowded street.
11/21/2024 20:29:09 - INFO - root - Image have been saved in /shenzihe/WD-Disk/output/exp4/can/checkpoint-100/images/on_top_of_the_sidewalk_in_a_crowded_street/
11/21/2024 20:29:23 - INFO - root - Image have been saved in /shenzihe/WD-Disk/output/exp4/can/checkpoint-100/images/on_top_of_the_sidewalk_in_a_crowded_street/
11/21/2024 20:29:36 - INFO - root - Image have been saved in /shenzihe/WD-Disk/output/exp4/can/checkpoint-100/images/on_top_of_the_sidewalk_in_a_crowded_street/
11/21/2024 20:29:49 - INFO - root - Image have been saved in /shenzihe/WD-Disk/output/exp4/can/checkpoint-100/images/on_top_of_the_sidewalk_in_a_crowded_street/
11/21/2024 20:29:49 - INFO - __main__ - Running validation... 
 Generating 4 images with prompt:on top of a dirt road.
11/21/2024 20:30:03 - INFO - root - Image have been saved in /shenzihe/WD-Disk/output/exp4/can/checkpoint-100/images/on_top_of_a_dirt_road/
11/21/2024 20:30:16 - INFO - root - Image have been saved in /shenzihe/WD-Disk/output/exp4/can/checkpoint-100/images/on_top_of_a_dirt_road/
11/21/2024 20:30:30 - INFO - root - Image have been saved in /shenzihe/WD-Disk/output/exp4/can/checkpoint-100/images/on_top_of_a_dirt_road/
11/21/2024 20:30:43 - INFO - root - Image have been saved in /shenzihe/WD-Disk/output/exp4/can/checkpoint-100/images/on_top_of_a_dirt_road/
11/21/2024 20:30:43 - INFO - __main__ - Running validation... 
 Generating 4 images with prompt:on top of a white rug.
11/21/2024 20:30:57 - INFO - root - Image have been saved in /shenzihe/WD-Disk/output/exp4/can/checkpoint-100/images/on_top_of_a_white_rug/
11/21/2024 20:31:10 - INFO - root - Image have been saved in /shenzihe/WD-Disk/output/exp4/can/checkpoint-100/images/on_top_of_a_white_rug/
11/21/2024 20:31:24 - INFO - root - Image have been saved in /shenzihe/WD-Disk/output/exp4/can/checkpoint-100/images/on_top_of_a_white_rug/
11/21/2024 20:31:37 - INFO - root - Image have been saved in /shenzihe/WD-Disk/output/exp4/can/checkpoint-100/images/on_top_of_a_white_rug/
11/21/2024 20:31:37 - INFO - __main__ - Running validation... 
 Generating 4 images with prompt:red.
11/21/2024 20:31:50 - INFO - root - Image have been saved in /shenzihe/WD-Disk/output/exp4/can/checkpoint-100/images/red/
11/21/2024 20:32:04 - INFO - root - Image have been saved in /shenzihe/WD-Disk/output/exp4/can/checkpoint-100/images/red/
11/21/2024 20:32:17 - INFO - root - Image have been saved in /shenzihe/WD-Disk/output/exp4/can/checkpoint-100/images/red/
11/21/2024 20:32:31 - INFO - root - Image have been saved in /shenzihe/WD-Disk/output/exp4/can/checkpoint-100/images/red/
11/21/2024 20:32:31 - INFO - __main__ - Running validation... 
 Generating 4 images with prompt:purple.
11/21/2024 20:32:44 - INFO - root - Image have been saved in /shenzihe/WD-Disk/output/exp4/can/checkpoint-100/images/purple/
11/21/2024 20:32:58 - INFO - root - Image have been saved in /shenzihe/WD-Disk/output/exp4/can/checkpoint-100/images/purple/
11/21/2024 20:33:11 - INFO - root - Image have been saved in /shenzihe/WD-Disk/output/exp4/can/checkpoint-100/images/purple/
11/21/2024 20:33:25 - INFO - root - Image have been saved in /shenzihe/WD-Disk/output/exp4/can/checkpoint-100/images/purple/
11/21/2024 20:33:25 - INFO - __main__ - Running validation... 
 Generating 4 images with prompt:shiny.
11/21/2024 20:33:38 - INFO - root - Image have been saved in /shenzihe/WD-Disk/output/exp4/can/checkpoint-100/images/shiny/
11/21/2024 20:33:52 - INFO - root - Image have been saved in /shenzihe/WD-Disk/output/exp4/can/checkpoint-100/images/shiny/
11/21/2024 20:34:05 - INFO - root - Image have been saved in /shenzihe/WD-Disk/output/exp4/can/checkpoint-100/images/shiny/
11/21/2024 20:34:18 - INFO - root - Image have been saved in /shenzihe/WD-Disk/output/exp4/can/checkpoint-100/images/shiny/
11/21/2024 20:34:18 - INFO - __main__ - Running validation... 
 Generating 4 images with prompt:wet.
11/21/2024 20:34:32 - INFO - root - Image have been saved in /shenzihe/WD-Disk/output/exp4/can/checkpoint-100/images/wet/
11/21/2024 20:34:45 - INFO - root - Image have been saved in /shenzihe/WD-Disk/output/exp4/can/checkpoint-100/images/wet/
11/21/2024 20:34:59 - INFO - root - Image have been saved in /shenzihe/WD-Disk/output/exp4/can/checkpoint-100/images/wet/
11/21/2024 20:35:12 - INFO - root - Image have been saved in /shenzihe/WD-Disk/output/exp4/can/checkpoint-100/images/wet/
11/21/2024 20:35:12 - INFO - __main__ - Running validation... 
 Generating 4 images with prompt:cube shaped.
11/21/2024 20:35:26 - INFO - root - Image have been saved in /shenzihe/WD-Disk/output/exp4/can/checkpoint-100/images/cube_shaped/
11/21/2024 20:35:39 - INFO - root - Image have been saved in /shenzihe/WD-Disk/output/exp4/can/checkpoint-100/images/cube_shaped/
11/21/2024 20:35:53 - INFO - root - Image have been saved in /shenzihe/WD-Disk/output/exp4/can/checkpoint-100/images/cube_shaped/
11/21/2024 20:36:06 - INFO - root - Image have been saved in /shenzihe/WD-Disk/output/exp4/can/checkpoint-100/images/cube_shaped/
