11/22/2024 03:25:47 - INFO - __main__ - Distributed environment: NO
Num processes: 1
Process index: 0
Local process index: 0
Device: cuda

Mixed precision type: no

11/22/2024 03:25:57 - INFO - root - freeze vision encoder
11/22/2024 03:26:07 - INFO - root - Loading pretrained model from /root/.cache/torch/hub/checkpoints/blip-diffusion
11/22/2024 03:26:07 - INFO - root - Loading pretrained BLIP2 Qformer weights.
11/22/2024 03:26:09 - INFO - root - Loading pretrained projection lyer weights.
11/22/2024 03:26:09 - INFO - root - Loading pretrained text encoder weights.
11/22/2024 03:26:10 - INFO - root - Loading pretrained vae weights.
11/22/2024 03:26:11 - INFO - root - Loading pretrained unet weights.
11/22/2024 03:26:18 - INFO - root - Using xformers.
11/22/2024 03:26:19 - INFO - root - Building datasets...
11/22/2024 03:26:29 - INFO - root - freeze vision encoder
11/22/2024 03:27:06 - INFO - root - load checkpoint from https://storage.googleapis.com/sfr-vision-language-research/LAVIS/models/BLIP2/blip2_pretrained_flant5xl.pth
11/22/2024 03:27:13 - INFO - __main__ - 
***** Running training *****
11/22/2024 03:27:13 - INFO - __main__ -   Num examples = 6
11/22/2024 03:27:13 - INFO - __main__ -   Num batches each epoch = 2
11/22/2024 03:27:13 - INFO - __main__ -   Num Epochs = 50
11/22/2024 03:27:13 - INFO - __main__ -   Instantaneous batch size per device = 3
11/22/2024 03:27:13 - INFO - __main__ -   Total train batch size (w. parallel, distributed & accumulation) = 3
11/22/2024 03:27:13 - INFO - __main__ -   Gradient Accumulation steps = 1
11/22/2024 03:27:13 - INFO - __main__ -   Total optimization steps = 100
11/22/2024 03:27:13 - INFO - __main__ -   Total parameters number = 1995356906
11/22/2024 03:27:13 - INFO - __main__ -   Training parameters number = 576349697
11/22/2024 03:29:10 - INFO - __main__ - Running validation... 
 Generating 4 images with prompt:in the jungle.
11/22/2024 03:29:24 - INFO - root - Image have been saved in /shenzihe/WD-Disk/output/exp4/pink_sunglasses/checkpoint-100/images/in_the_jungle/
11/22/2024 03:29:37 - INFO - root - Image have been saved in /shenzihe/WD-Disk/output/exp4/pink_sunglasses/checkpoint-100/images/in_the_jungle/
11/22/2024 03:29:51 - INFO - root - Image have been saved in /shenzihe/WD-Disk/output/exp4/pink_sunglasses/checkpoint-100/images/in_the_jungle/
11/22/2024 03:30:04 - INFO - root - Image have been saved in /shenzihe/WD-Disk/output/exp4/pink_sunglasses/checkpoint-100/images/in_the_jungle/
11/22/2024 03:30:04 - INFO - __main__ - Running validation... 
 Generating 4 images with prompt:in the snow.
11/22/2024 03:30:18 - INFO - root - Image have been saved in /shenzihe/WD-Disk/output/exp4/pink_sunglasses/checkpoint-100/images/in_the_snow/
11/22/2024 03:30:31 - INFO - root - Image have been saved in /shenzihe/WD-Disk/output/exp4/pink_sunglasses/checkpoint-100/images/in_the_snow/
11/22/2024 03:30:45 - INFO - root - Image have been saved in /shenzihe/WD-Disk/output/exp4/pink_sunglasses/checkpoint-100/images/in_the_snow/
11/22/2024 03:30:58 - INFO - root - Image have been saved in /shenzihe/WD-Disk/output/exp4/pink_sunglasses/checkpoint-100/images/in_the_snow/
11/22/2024 03:30:58 - INFO - __main__ - Running validation... 
 Generating 4 images with prompt:on the beach.
11/22/2024 03:31:11 - INFO - root - Image have been saved in /shenzihe/WD-Disk/output/exp4/pink_sunglasses/checkpoint-100/images/on_the_beach/
11/22/2024 03:31:25 - INFO - root - Image have been saved in /shenzihe/WD-Disk/output/exp4/pink_sunglasses/checkpoint-100/images/on_the_beach/
11/22/2024 03:31:38 - INFO - root - Image have been saved in /shenzihe/WD-Disk/output/exp4/pink_sunglasses/checkpoint-100/images/on_the_beach/
11/22/2024 03:31:51 - INFO - root - Image have been saved in /shenzihe/WD-Disk/output/exp4/pink_sunglasses/checkpoint-100/images/on_the_beach/
11/22/2024 03:31:51 - INFO - __main__ - Running validation... 
 Generating 4 images with prompt:on a cobblestone street.
11/22/2024 03:32:05 - INFO - root - Image have been saved in /shenzihe/WD-Disk/output/exp4/pink_sunglasses/checkpoint-100/images/on_a_cobblestone_street/
11/22/2024 03:32:18 - INFO - root - Image have been saved in /shenzihe/WD-Disk/output/exp4/pink_sunglasses/checkpoint-100/images/on_a_cobblestone_street/
11/22/2024 03:32:31 - INFO - root - Image have been saved in /shenzihe/WD-Disk/output/exp4/pink_sunglasses/checkpoint-100/images/on_a_cobblestone_street/
11/22/2024 03:32:45 - INFO - root - Image have been saved in /shenzihe/WD-Disk/output/exp4/pink_sunglasses/checkpoint-100/images/on_a_cobblestone_street/
11/22/2024 03:32:45 - INFO - __main__ - Running validation... 
 Generating 4 images with prompt:on top of pink fabric.
11/22/2024 03:32:58 - INFO - root - Image have been saved in /shenzihe/WD-Disk/output/exp4/pink_sunglasses/checkpoint-100/images/on_top_of_pink_fabric/
11/22/2024 03:33:11 - INFO - root - Image have been saved in /shenzihe/WD-Disk/output/exp4/pink_sunglasses/checkpoint-100/images/on_top_of_pink_fabric/
11/22/2024 03:33:24 - INFO - root - Image have been saved in /shenzihe/WD-Disk/output/exp4/pink_sunglasses/checkpoint-100/images/on_top_of_pink_fabric/
11/22/2024 03:33:38 - INFO - root - Image have been saved in /shenzihe/WD-Disk/output/exp4/pink_sunglasses/checkpoint-100/images/on_top_of_pink_fabric/
11/22/2024 03:33:38 - INFO - __main__ - Running validation... 
 Generating 4 images with prompt:on top of a wooden floor.
11/22/2024 03:33:51 - INFO - root - Image have been saved in /shenzihe/WD-Disk/output/exp4/pink_sunglasses/checkpoint-100/images/on_top_of_a_wooden_floor/
11/22/2024 03:34:04 - INFO - root - Image have been saved in /shenzihe/WD-Disk/output/exp4/pink_sunglasses/checkpoint-100/images/on_top_of_a_wooden_floor/
11/22/2024 03:34:18 - INFO - root - Image have been saved in /shenzihe/WD-Disk/output/exp4/pink_sunglasses/checkpoint-100/images/on_top_of_a_wooden_floor/
11/22/2024 03:34:31 - INFO - root - Image have been saved in /shenzihe/WD-Disk/output/exp4/pink_sunglasses/checkpoint-100/images/on_top_of_a_wooden_floor/
11/22/2024 03:34:31 - INFO - __main__ - Running validation... 
 Generating 4 images with prompt:with a city in the background.
11/22/2024 03:34:44 - INFO - root - Image have been saved in /shenzihe/WD-Disk/output/exp4/pink_sunglasses/checkpoint-100/images/with_a_city_in_the_background/
11/22/2024 03:34:58 - INFO - root - Image have been saved in /shenzihe/WD-Disk/output/exp4/pink_sunglasses/checkpoint-100/images/with_a_city_in_the_background/
11/22/2024 03:35:12 - INFO - root - Image have been saved in /shenzihe/WD-Disk/output/exp4/pink_sunglasses/checkpoint-100/images/with_a_city_in_the_background/
11/22/2024 03:35:25 - INFO - root - Image have been saved in /shenzihe/WD-Disk/output/exp4/pink_sunglasses/checkpoint-100/images/with_a_city_in_the_background/
11/22/2024 03:35:25 - INFO - __main__ - Running validation... 
 Generating 4 images with prompt:with a mountain in the background.
11/22/2024 03:35:39 - INFO - root - Image have been saved in /shenzihe/WD-Disk/output/exp4/pink_sunglasses/checkpoint-100/images/with_a_mountain_in_the_background/
11/22/2024 03:35:52 - INFO - root - Image have been saved in /shenzihe/WD-Disk/output/exp4/pink_sunglasses/checkpoint-100/images/with_a_mountain_in_the_background/
11/22/2024 03:36:05 - INFO - root - Image have been saved in /shenzihe/WD-Disk/output/exp4/pink_sunglasses/checkpoint-100/images/with_a_mountain_in_the_background/
11/22/2024 03:36:18 - INFO - root - Image have been saved in /shenzihe/WD-Disk/output/exp4/pink_sunglasses/checkpoint-100/images/with_a_mountain_in_the_background/
11/22/2024 03:36:18 - INFO - __main__ - Running validation... 
 Generating 4 images with prompt:with a blue house in the background.
11/22/2024 03:36:32 - INFO - root - Image have been saved in /shenzihe/WD-Disk/output/exp4/pink_sunglasses/checkpoint-100/images/with_a_blue_house_in_the_background/
11/22/2024 03:36:45 - INFO - root - Image have been saved in /shenzihe/WD-Disk/output/exp4/pink_sunglasses/checkpoint-100/images/with_a_blue_house_in_the_background/
11/22/2024 03:36:58 - INFO - root - Image have been saved in /shenzihe/WD-Disk/output/exp4/pink_sunglasses/checkpoint-100/images/with_a_blue_house_in_the_background/
11/22/2024 03:37:12 - INFO - root - Image have been saved in /shenzihe/WD-Disk/output/exp4/pink_sunglasses/checkpoint-100/images/with_a_blue_house_in_the_background/
11/22/2024 03:37:12 - INFO - __main__ - Running validation... 
 Generating 4 images with prompt:on top of a purple rug in a forest.
11/22/2024 03:37:25 - INFO - root - Image have been saved in /shenzihe/WD-Disk/output/exp4/pink_sunglasses/checkpoint-100/images/on_top_of_a_purple_rug_in_a_forest/
11/22/2024 03:37:38 - INFO - root - Image have been saved in /shenzihe/WD-Disk/output/exp4/pink_sunglasses/checkpoint-100/images/on_top_of_a_purple_rug_in_a_forest/
11/22/2024 03:37:52 - INFO - root - Image have been saved in /shenzihe/WD-Disk/output/exp4/pink_sunglasses/checkpoint-100/images/on_top_of_a_purple_rug_in_a_forest/
11/22/2024 03:38:05 - INFO - root - Image have been saved in /shenzihe/WD-Disk/output/exp4/pink_sunglasses/checkpoint-100/images/on_top_of_a_purple_rug_in_a_forest/
11/22/2024 03:38:05 - INFO - __main__ - Running validation... 
 Generating 4 images with prompt:with a wheat field in the background.
11/22/2024 03:38:18 - INFO - root - Image have been saved in /shenzihe/WD-Disk/output/exp4/pink_sunglasses/checkpoint-100/images/with_a_wheat_field_in_the_background/
11/22/2024 03:38:32 - INFO - root - Image have been saved in /shenzihe/WD-Disk/output/exp4/pink_sunglasses/checkpoint-100/images/with_a_wheat_field_in_the_background/
11/22/2024 03:38:45 - INFO - root - Image have been saved in /shenzihe/WD-Disk/output/exp4/pink_sunglasses/checkpoint-100/images/with_a_wheat_field_in_the_background/
11/22/2024 03:38:58 - INFO - root - Image have been saved in /shenzihe/WD-Disk/output/exp4/pink_sunglasses/checkpoint-100/images/with_a_wheat_field_in_the_background/
11/22/2024 03:38:58 - INFO - __main__ - Running validation... 
 Generating 4 images with prompt:with a tree and autumn leaves in the background.
11/22/2024 03:39:12 - INFO - root - Image have been saved in /shenzihe/WD-Disk/output/exp4/pink_sunglasses/checkpoint-100/images/with_a_tree_and_autumn_leaves_in_the_background/
11/22/2024 03:39:25 - INFO - root - Image have been saved in /shenzihe/WD-Disk/output/exp4/pink_sunglasses/checkpoint-100/images/with_a_tree_and_autumn_leaves_in_the_background/
11/22/2024 03:39:38 - INFO - root - Image have been saved in /shenzihe/WD-Disk/output/exp4/pink_sunglasses/checkpoint-100/images/with_a_tree_and_autumn_leaves_in_the_background/
11/22/2024 03:39:51 - INFO - root - Image have been saved in /shenzihe/WD-Disk/output/exp4/pink_sunglasses/checkpoint-100/images/with_a_tree_and_autumn_leaves_in_the_background/
11/22/2024 03:39:51 - INFO - __main__ - Running validation... 
 Generating 4 images with prompt:with the Eiffel Tower in the background.
11/22/2024 03:40:05 - INFO - root - Image have been saved in /shenzihe/WD-Disk/output/exp4/pink_sunglasses/checkpoint-100/images/with_the_Eiffel_Tower_in_the_background/
11/22/2024 03:40:18 - INFO - root - Image have been saved in /shenzihe/WD-Disk/output/exp4/pink_sunglasses/checkpoint-100/images/with_the_Eiffel_Tower_in_the_background/
11/22/2024 03:40:31 - INFO - root - Image have been saved in /shenzihe/WD-Disk/output/exp4/pink_sunglasses/checkpoint-100/images/with_the_Eiffel_Tower_in_the_background/
11/22/2024 03:40:45 - INFO - root - Image have been saved in /shenzihe/WD-Disk/output/exp4/pink_sunglasses/checkpoint-100/images/with_the_Eiffel_Tower_in_the_background/
11/22/2024 03:40:45 - INFO - __main__ - Running validation... 
 Generating 4 images with prompt:floating on top of water.
11/22/2024 03:40:58 - INFO - root - Image have been saved in /shenzihe/WD-Disk/output/exp4/pink_sunglasses/checkpoint-100/images/floating_on_top_of_water/
11/22/2024 03:41:11 - INFO - root - Image have been saved in /shenzihe/WD-Disk/output/exp4/pink_sunglasses/checkpoint-100/images/floating_on_top_of_water/
11/22/2024 03:41:25 - INFO - root - Image have been saved in /shenzihe/WD-Disk/output/exp4/pink_sunglasses/checkpoint-100/images/floating_on_top_of_water/
11/22/2024 03:41:38 - INFO - root - Image have been saved in /shenzihe/WD-Disk/output/exp4/pink_sunglasses/checkpoint-100/images/floating_on_top_of_water/
11/22/2024 03:41:38 - INFO - __main__ - Running validation... 
 Generating 4 images with prompt:floating in an ocean of milk.
11/22/2024 03:41:51 - INFO - root - Image have been saved in /shenzihe/WD-Disk/output/exp4/pink_sunglasses/checkpoint-100/images/floating_in_an_ocean_of_milk/
11/22/2024 03:42:04 - INFO - root - Image have been saved in /shenzihe/WD-Disk/output/exp4/pink_sunglasses/checkpoint-100/images/floating_in_an_ocean_of_milk/
11/22/2024 03:42:18 - INFO - root - Image have been saved in /shenzihe/WD-Disk/output/exp4/pink_sunglasses/checkpoint-100/images/floating_in_an_ocean_of_milk/
11/22/2024 03:42:31 - INFO - root - Image have been saved in /shenzihe/WD-Disk/output/exp4/pink_sunglasses/checkpoint-100/images/floating_in_an_ocean_of_milk/
11/22/2024 03:42:31 - INFO - __main__ - Running validation... 
 Generating 4 images with prompt:on top of green grass with sunflowers around it.
11/22/2024 03:42:44 - INFO - root - Image have been saved in /shenzihe/WD-Disk/output/exp4/pink_sunglasses/checkpoint-100/images/on_top_of_green_grass_with_sunflowers_around_it/
11/22/2024 03:42:58 - INFO - root - Image have been saved in /shenzihe/WD-Disk/output/exp4/pink_sunglasses/checkpoint-100/images/on_top_of_green_grass_with_sunflowers_around_it/
11/22/2024 03:43:11 - INFO - root - Image have been saved in /shenzihe/WD-Disk/output/exp4/pink_sunglasses/checkpoint-100/images/on_top_of_green_grass_with_sunflowers_around_it/
11/22/2024 03:43:24 - INFO - root - Image have been saved in /shenzihe/WD-Disk/output/exp4/pink_sunglasses/checkpoint-100/images/on_top_of_green_grass_with_sunflowers_around_it/
11/22/2024 03:43:24 - INFO - __main__ - Running validation... 
 Generating 4 images with prompt:on top of a mirror.
11/22/2024 03:43:38 - INFO - root - Image have been saved in /shenzihe/WD-Disk/output/exp4/pink_sunglasses/checkpoint-100/images/on_top_of_a_mirror/
11/22/2024 03:43:51 - INFO - root - Image have been saved in /shenzihe/WD-Disk/output/exp4/pink_sunglasses/checkpoint-100/images/on_top_of_a_mirror/
11/22/2024 03:44:04 - INFO - root - Image have been saved in /shenzihe/WD-Disk/output/exp4/pink_sunglasses/checkpoint-100/images/on_top_of_a_mirror/
11/22/2024 03:44:18 - INFO - root - Image have been saved in /shenzihe/WD-Disk/output/exp4/pink_sunglasses/checkpoint-100/images/on_top_of_a_mirror/
11/22/2024 03:44:18 - INFO - __main__ - Running validation... 
 Generating 4 images with prompt:on top of the sidewalk in a crowded street.
11/22/2024 03:44:31 - INFO - root - Image have been saved in /shenzihe/WD-Disk/output/exp4/pink_sunglasses/checkpoint-100/images/on_top_of_the_sidewalk_in_a_crowded_street/
11/22/2024 03:44:44 - INFO - root - Image have been saved in /shenzihe/WD-Disk/output/exp4/pink_sunglasses/checkpoint-100/images/on_top_of_the_sidewalk_in_a_crowded_street/
11/22/2024 03:44:57 - INFO - root - Image have been saved in /shenzihe/WD-Disk/output/exp4/pink_sunglasses/checkpoint-100/images/on_top_of_the_sidewalk_in_a_crowded_street/
11/22/2024 03:45:11 - INFO - root - Image have been saved in /shenzihe/WD-Disk/output/exp4/pink_sunglasses/checkpoint-100/images/on_top_of_the_sidewalk_in_a_crowded_street/
11/22/2024 03:45:11 - INFO - __main__ - Running validation... 
 Generating 4 images with prompt:on top of a dirt road.
11/22/2024 03:45:24 - INFO - root - Image have been saved in /shenzihe/WD-Disk/output/exp4/pink_sunglasses/checkpoint-100/images/on_top_of_a_dirt_road/
11/22/2024 03:45:37 - INFO - root - Image have been saved in /shenzihe/WD-Disk/output/exp4/pink_sunglasses/checkpoint-100/images/on_top_of_a_dirt_road/
11/22/2024 03:45:51 - INFO - root - Image have been saved in /shenzihe/WD-Disk/output/exp4/pink_sunglasses/checkpoint-100/images/on_top_of_a_dirt_road/
11/22/2024 03:46:04 - INFO - root - Image have been saved in /shenzihe/WD-Disk/output/exp4/pink_sunglasses/checkpoint-100/images/on_top_of_a_dirt_road/
11/22/2024 03:46:04 - INFO - __main__ - Running validation... 
 Generating 4 images with prompt:on top of a white rug.
11/22/2024 03:46:17 - INFO - root - Image have been saved in /shenzihe/WD-Disk/output/exp4/pink_sunglasses/checkpoint-100/images/on_top_of_a_white_rug/
11/22/2024 03:46:31 - INFO - root - Image have been saved in /shenzihe/WD-Disk/output/exp4/pink_sunglasses/checkpoint-100/images/on_top_of_a_white_rug/
11/22/2024 03:46:45 - INFO - root - Image have been saved in /shenzihe/WD-Disk/output/exp4/pink_sunglasses/checkpoint-100/images/on_top_of_a_white_rug/
11/22/2024 03:46:59 - INFO - root - Image have been saved in /shenzihe/WD-Disk/output/exp4/pink_sunglasses/checkpoint-100/images/on_top_of_a_white_rug/
11/22/2024 03:46:59 - INFO - __main__ - Running validation... 
 Generating 4 images with prompt:red.
11/22/2024 03:47:13 - INFO - root - Image have been saved in /shenzihe/WD-Disk/output/exp4/pink_sunglasses/checkpoint-100/images/red/
11/22/2024 03:47:26 - INFO - root - Image have been saved in /shenzihe/WD-Disk/output/exp4/pink_sunglasses/checkpoint-100/images/red/
11/22/2024 03:47:40 - INFO - root - Image have been saved in /shenzihe/WD-Disk/output/exp4/pink_sunglasses/checkpoint-100/images/red/
11/22/2024 03:47:54 - INFO - root - Image have been saved in /shenzihe/WD-Disk/output/exp4/pink_sunglasses/checkpoint-100/images/red/
11/22/2024 03:47:54 - INFO - __main__ - Running validation... 
 Generating 4 images with prompt:purple.
11/22/2024 03:48:07 - INFO - root - Image have been saved in /shenzihe/WD-Disk/output/exp4/pink_sunglasses/checkpoint-100/images/purple/
11/22/2024 03:48:21 - INFO - root - Image have been saved in /shenzihe/WD-Disk/output/exp4/pink_sunglasses/checkpoint-100/images/purple/
11/22/2024 03:48:34 - INFO - root - Image have been saved in /shenzihe/WD-Disk/output/exp4/pink_sunglasses/checkpoint-100/images/purple/
11/22/2024 03:48:48 - INFO - root - Image have been saved in /shenzihe/WD-Disk/output/exp4/pink_sunglasses/checkpoint-100/images/purple/
11/22/2024 03:48:48 - INFO - __main__ - Running validation... 
 Generating 4 images with prompt:shiny.
11/22/2024 03:49:02 - INFO - root - Image have been saved in /shenzihe/WD-Disk/output/exp4/pink_sunglasses/checkpoint-100/images/shiny/
11/22/2024 03:49:15 - INFO - root - Image have been saved in /shenzihe/WD-Disk/output/exp4/pink_sunglasses/checkpoint-100/images/shiny/
11/22/2024 03:49:29 - INFO - root - Image have been saved in /shenzihe/WD-Disk/output/exp4/pink_sunglasses/checkpoint-100/images/shiny/
11/22/2024 03:49:43 - INFO - root - Image have been saved in /shenzihe/WD-Disk/output/exp4/pink_sunglasses/checkpoint-100/images/shiny/
11/22/2024 03:49:43 - INFO - __main__ - Running validation... 
 Generating 4 images with prompt:wet.
11/22/2024 03:50:06 - INFO - root - Image have been saved in /shenzihe/WD-Disk/output/exp4/pink_sunglasses/checkpoint-100/images/wet/
11/22/2024 03:50:21 - INFO - root - Image have been saved in /shenzihe/WD-Disk/output/exp4/pink_sunglasses/checkpoint-100/images/wet/
11/22/2024 03:50:34 - INFO - root - Image have been saved in /shenzihe/WD-Disk/output/exp4/pink_sunglasses/checkpoint-100/images/wet/
11/22/2024 03:50:48 - INFO - root - Image have been saved in /shenzihe/WD-Disk/output/exp4/pink_sunglasses/checkpoint-100/images/wet/
11/22/2024 03:50:48 - INFO - __main__ - Running validation... 
 Generating 4 images with prompt:cube shaped.
11/22/2024 03:51:01 - INFO - root - Image have been saved in /shenzihe/WD-Disk/output/exp4/pink_sunglasses/checkpoint-100/images/cube_shaped/
11/22/2024 03:51:15 - INFO - root - Image have been saved in /shenzihe/WD-Disk/output/exp4/pink_sunglasses/checkpoint-100/images/cube_shaped/
11/22/2024 03:51:28 - INFO - root - Image have been saved in /shenzihe/WD-Disk/output/exp4/pink_sunglasses/checkpoint-100/images/cube_shaped/
11/22/2024 03:51:42 - INFO - root - Image have been saved in /shenzihe/WD-Disk/output/exp4/pink_sunglasses/checkpoint-100/images/cube_shaped/
