11/22/2024 06:01:11 - INFO - __main__ - Distributed environment: NO
Num processes: 1
Process index: 0
Local process index: 0
Device: cuda

Mixed precision type: no

11/22/2024 06:01:13 - INFO - root - freeze vision encoder
11/22/2024 06:01:24 - INFO - root - Loading pretrained model from /root/.cache/torch/hub/checkpoints/blip-diffusion
11/22/2024 06:01:24 - INFO - root - Loading pretrained BLIP2 Qformer weights.
11/22/2024 06:01:26 - INFO - root - Loading pretrained projection lyer weights.
11/22/2024 06:01:26 - INFO - root - Loading pretrained text encoder weights.
11/22/2024 06:01:26 - INFO - root - Loading pretrained vae weights.
11/22/2024 06:01:27 - INFO - root - Loading pretrained unet weights.
11/22/2024 06:01:35 - INFO - root - Using xformers.
11/22/2024 06:01:35 - INFO - root - Building datasets...
11/22/2024 06:01:46 - INFO - root - freeze vision encoder
11/22/2024 06:02:19 - INFO - root - load checkpoint from https://storage.googleapis.com/sfr-vision-language-research/LAVIS/models/BLIP2/blip2_pretrained_flant5xl.pth
11/22/2024 06:02:27 - INFO - __main__ - 
***** Running training *****
11/22/2024 06:02:27 - INFO - __main__ -   Num examples = 5
11/22/2024 06:02:27 - INFO - __main__ -   Num batches each epoch = 2
11/22/2024 06:02:27 - INFO - __main__ -   Num Epochs = 50
11/22/2024 06:02:27 - INFO - __main__ -   Instantaneous batch size per device = 3
11/22/2024 06:02:27 - INFO - __main__ -   Total train batch size (w. parallel, distributed & accumulation) = 3
11/22/2024 06:02:27 - INFO - __main__ -   Gradient Accumulation steps = 1
11/22/2024 06:02:27 - INFO - __main__ -   Total optimization steps = 100
11/22/2024 06:02:27 - INFO - __main__ -   Total parameters number = 1995356906
11/22/2024 06:02:27 - INFO - __main__ -   Training parameters number = 576349697
11/22/2024 06:04:11 - INFO - __main__ - Running validation... 
 Generating 4 images with prompt:in the jungle.
11/22/2024 06:04:25 - INFO - root - Image have been saved in /shenzihe/WD-Disk/output/exp4/teapot/checkpoint-100/images/in_the_jungle/
11/22/2024 06:04:39 - INFO - root - Image have been saved in /shenzihe/WD-Disk/output/exp4/teapot/checkpoint-100/images/in_the_jungle/
11/22/2024 06:04:52 - INFO - root - Image have been saved in /shenzihe/WD-Disk/output/exp4/teapot/checkpoint-100/images/in_the_jungle/
11/22/2024 06:05:06 - INFO - root - Image have been saved in /shenzihe/WD-Disk/output/exp4/teapot/checkpoint-100/images/in_the_jungle/
11/22/2024 06:05:06 - INFO - __main__ - Running validation... 
 Generating 4 images with prompt:in the snow.
11/22/2024 06:05:19 - INFO - root - Image have been saved in /shenzihe/WD-Disk/output/exp4/teapot/checkpoint-100/images/in_the_snow/
11/22/2024 06:05:33 - INFO - root - Image have been saved in /shenzihe/WD-Disk/output/exp4/teapot/checkpoint-100/images/in_the_snow/
11/22/2024 06:05:46 - INFO - root - Image have been saved in /shenzihe/WD-Disk/output/exp4/teapot/checkpoint-100/images/in_the_snow/
11/22/2024 06:06:00 - INFO - root - Image have been saved in /shenzihe/WD-Disk/output/exp4/teapot/checkpoint-100/images/in_the_snow/
11/22/2024 06:06:00 - INFO - __main__ - Running validation... 
 Generating 4 images with prompt:on the beach.
11/22/2024 06:06:13 - INFO - root - Image have been saved in /shenzihe/WD-Disk/output/exp4/teapot/checkpoint-100/images/on_the_beach/
11/22/2024 06:06:27 - INFO - root - Image have been saved in /shenzihe/WD-Disk/output/exp4/teapot/checkpoint-100/images/on_the_beach/
11/22/2024 06:06:41 - INFO - root - Image have been saved in /shenzihe/WD-Disk/output/exp4/teapot/checkpoint-100/images/on_the_beach/
11/22/2024 06:06:54 - INFO - root - Image have been saved in /shenzihe/WD-Disk/output/exp4/teapot/checkpoint-100/images/on_the_beach/
11/22/2024 06:06:54 - INFO - __main__ - Running validation... 
 Generating 4 images with prompt:on a cobblestone street.
11/22/2024 06:07:08 - INFO - root - Image have been saved in /shenzihe/WD-Disk/output/exp4/teapot/checkpoint-100/images/on_a_cobblestone_street/
11/22/2024 06:07:21 - INFO - root - Image have been saved in /shenzihe/WD-Disk/output/exp4/teapot/checkpoint-100/images/on_a_cobblestone_street/
11/22/2024 06:07:35 - INFO - root - Image have been saved in /shenzihe/WD-Disk/output/exp4/teapot/checkpoint-100/images/on_a_cobblestone_street/
11/22/2024 06:07:49 - INFO - root - Image have been saved in /shenzihe/WD-Disk/output/exp4/teapot/checkpoint-100/images/on_a_cobblestone_street/
11/22/2024 06:07:49 - INFO - __main__ - Running validation... 
 Generating 4 images with prompt:on top of pink fabric.
11/22/2024 06:08:02 - INFO - root - Image have been saved in /shenzihe/WD-Disk/output/exp4/teapot/checkpoint-100/images/on_top_of_pink_fabric/
11/22/2024 06:08:16 - INFO - root - Image have been saved in /shenzihe/WD-Disk/output/exp4/teapot/checkpoint-100/images/on_top_of_pink_fabric/
11/22/2024 06:08:29 - INFO - root - Image have been saved in /shenzihe/WD-Disk/output/exp4/teapot/checkpoint-100/images/on_top_of_pink_fabric/
11/22/2024 06:08:43 - INFO - root - Image have been saved in /shenzihe/WD-Disk/output/exp4/teapot/checkpoint-100/images/on_top_of_pink_fabric/
11/22/2024 06:08:43 - INFO - __main__ - Running validation... 
 Generating 4 images with prompt:on top of a wooden floor.
11/22/2024 06:08:56 - INFO - root - Image have been saved in /shenzihe/WD-Disk/output/exp4/teapot/checkpoint-100/images/on_top_of_a_wooden_floor/
11/22/2024 06:09:10 - INFO - root - Image have been saved in /shenzihe/WD-Disk/output/exp4/teapot/checkpoint-100/images/on_top_of_a_wooden_floor/
11/22/2024 06:09:23 - INFO - root - Image have been saved in /shenzihe/WD-Disk/output/exp4/teapot/checkpoint-100/images/on_top_of_a_wooden_floor/
11/22/2024 06:09:37 - INFO - root - Image have been saved in /shenzihe/WD-Disk/output/exp4/teapot/checkpoint-100/images/on_top_of_a_wooden_floor/
11/22/2024 06:09:37 - INFO - __main__ - Running validation... 
 Generating 4 images with prompt:with a city in the background.
11/22/2024 06:09:50 - INFO - root - Image have been saved in /shenzihe/WD-Disk/output/exp4/teapot/checkpoint-100/images/with_a_city_in_the_background/
11/22/2024 06:10:04 - INFO - root - Image have been saved in /shenzihe/WD-Disk/output/exp4/teapot/checkpoint-100/images/with_a_city_in_the_background/
11/22/2024 06:10:18 - INFO - root - Image have been saved in /shenzihe/WD-Disk/output/exp4/teapot/checkpoint-100/images/with_a_city_in_the_background/
11/22/2024 06:10:31 - INFO - root - Image have been saved in /shenzihe/WD-Disk/output/exp4/teapot/checkpoint-100/images/with_a_city_in_the_background/
11/22/2024 06:10:31 - INFO - __main__ - Running validation... 
 Generating 4 images with prompt:with a mountain in the background.
11/22/2024 06:10:45 - INFO - root - Image have been saved in /shenzihe/WD-Disk/output/exp4/teapot/checkpoint-100/images/with_a_mountain_in_the_background/
11/22/2024 06:10:59 - INFO - root - Image have been saved in /shenzihe/WD-Disk/output/exp4/teapot/checkpoint-100/images/with_a_mountain_in_the_background/
11/22/2024 06:11:12 - INFO - root - Image have been saved in /shenzihe/WD-Disk/output/exp4/teapot/checkpoint-100/images/with_a_mountain_in_the_background/
11/22/2024 06:11:26 - INFO - root - Image have been saved in /shenzihe/WD-Disk/output/exp4/teapot/checkpoint-100/images/with_a_mountain_in_the_background/
11/22/2024 06:11:26 - INFO - __main__ - Running validation... 
 Generating 4 images with prompt:with a blue house in the background.
11/22/2024 06:11:39 - INFO - root - Image have been saved in /shenzihe/WD-Disk/output/exp4/teapot/checkpoint-100/images/with_a_blue_house_in_the_background/
11/22/2024 06:11:53 - INFO - root - Image have been saved in /shenzihe/WD-Disk/output/exp4/teapot/checkpoint-100/images/with_a_blue_house_in_the_background/
11/22/2024 06:12:07 - INFO - root - Image have been saved in /shenzihe/WD-Disk/output/exp4/teapot/checkpoint-100/images/with_a_blue_house_in_the_background/
11/22/2024 06:12:20 - INFO - root - Image have been saved in /shenzihe/WD-Disk/output/exp4/teapot/checkpoint-100/images/with_a_blue_house_in_the_background/
11/22/2024 06:12:20 - INFO - __main__ - Running validation... 
 Generating 4 images with prompt:on top of a purple rug in a forest.
11/22/2024 06:12:34 - INFO - root - Image have been saved in /shenzihe/WD-Disk/output/exp4/teapot/checkpoint-100/images/on_top_of_a_purple_rug_in_a_forest/
11/22/2024 06:12:47 - INFO - root - Image have been saved in /shenzihe/WD-Disk/output/exp4/teapot/checkpoint-100/images/on_top_of_a_purple_rug_in_a_forest/
11/22/2024 06:13:01 - INFO - root - Image have been saved in /shenzihe/WD-Disk/output/exp4/teapot/checkpoint-100/images/on_top_of_a_purple_rug_in_a_forest/
11/22/2024 06:13:14 - INFO - root - Image have been saved in /shenzihe/WD-Disk/output/exp4/teapot/checkpoint-100/images/on_top_of_a_purple_rug_in_a_forest/
11/22/2024 06:13:14 - INFO - __main__ - Running validation... 
 Generating 4 images with prompt:with a wheat field in the background.
11/22/2024 06:13:28 - INFO - root - Image have been saved in /shenzihe/WD-Disk/output/exp4/teapot/checkpoint-100/images/with_a_wheat_field_in_the_background/
11/22/2024 06:13:42 - INFO - root - Image have been saved in /shenzihe/WD-Disk/output/exp4/teapot/checkpoint-100/images/with_a_wheat_field_in_the_background/
11/22/2024 06:13:55 - INFO - root - Image have been saved in /shenzihe/WD-Disk/output/exp4/teapot/checkpoint-100/images/with_a_wheat_field_in_the_background/
11/22/2024 06:14:09 - INFO - root - Image have been saved in /shenzihe/WD-Disk/output/exp4/teapot/checkpoint-100/images/with_a_wheat_field_in_the_background/
11/22/2024 06:14:09 - INFO - __main__ - Running validation... 
 Generating 4 images with prompt:with a tree and autumn leaves in the background.
11/22/2024 06:14:22 - INFO - root - Image have been saved in /shenzihe/WD-Disk/output/exp4/teapot/checkpoint-100/images/with_a_tree_and_autumn_leaves_in_the_background/
11/22/2024 06:14:36 - INFO - root - Image have been saved in /shenzihe/WD-Disk/output/exp4/teapot/checkpoint-100/images/with_a_tree_and_autumn_leaves_in_the_background/
11/22/2024 06:14:49 - INFO - root - Image have been saved in /shenzihe/WD-Disk/output/exp4/teapot/checkpoint-100/images/with_a_tree_and_autumn_leaves_in_the_background/
11/22/2024 06:15:03 - INFO - root - Image have been saved in /shenzihe/WD-Disk/output/exp4/teapot/checkpoint-100/images/with_a_tree_and_autumn_leaves_in_the_background/
11/22/2024 06:15:03 - INFO - __main__ - Running validation... 
 Generating 4 images with prompt:with the Eiffel Tower in the background.
11/22/2024 06:15:17 - INFO - root - Image have been saved in /shenzihe/WD-Disk/output/exp4/teapot/checkpoint-100/images/with_the_Eiffel_Tower_in_the_background/
11/22/2024 06:15:30 - INFO - root - Image have been saved in /shenzihe/WD-Disk/output/exp4/teapot/checkpoint-100/images/with_the_Eiffel_Tower_in_the_background/
11/22/2024 06:15:44 - INFO - root - Image have been saved in /shenzihe/WD-Disk/output/exp4/teapot/checkpoint-100/images/with_the_Eiffel_Tower_in_the_background/
11/22/2024 06:15:57 - INFO - root - Image have been saved in /shenzihe/WD-Disk/output/exp4/teapot/checkpoint-100/images/with_the_Eiffel_Tower_in_the_background/
11/22/2024 06:15:57 - INFO - __main__ - Running validation... 
 Generating 4 images with prompt:floating on top of water.
11/22/2024 06:16:11 - INFO - root - Image have been saved in /shenzihe/WD-Disk/output/exp4/teapot/checkpoint-100/images/floating_on_top_of_water/
11/22/2024 06:16:25 - INFO - root - Image have been saved in /shenzihe/WD-Disk/output/exp4/teapot/checkpoint-100/images/floating_on_top_of_water/
11/22/2024 06:16:38 - INFO - root - Image have been saved in /shenzihe/WD-Disk/output/exp4/teapot/checkpoint-100/images/floating_on_top_of_water/
11/22/2024 06:16:52 - INFO - root - Image have been saved in /shenzihe/WD-Disk/output/exp4/teapot/checkpoint-100/images/floating_on_top_of_water/
11/22/2024 06:16:52 - INFO - __main__ - Running validation... 
 Generating 4 images with prompt:floating in an ocean of milk.
11/22/2024 06:17:05 - INFO - root - Image have been saved in /shenzihe/WD-Disk/output/exp4/teapot/checkpoint-100/images/floating_in_an_ocean_of_milk/
11/22/2024 06:17:19 - INFO - root - Image have been saved in /shenzihe/WD-Disk/output/exp4/teapot/checkpoint-100/images/floating_in_an_ocean_of_milk/
11/22/2024 06:17:32 - INFO - root - Image have been saved in /shenzihe/WD-Disk/output/exp4/teapot/checkpoint-100/images/floating_in_an_ocean_of_milk/
11/22/2024 06:17:46 - INFO - root - Image have been saved in /shenzihe/WD-Disk/output/exp4/teapot/checkpoint-100/images/floating_in_an_ocean_of_milk/
11/22/2024 06:17:46 - INFO - __main__ - Running validation... 
 Generating 4 images with prompt:on top of green grass with sunflowers around it.
11/22/2024 06:18:00 - INFO - root - Image have been saved in /shenzihe/WD-Disk/output/exp4/teapot/checkpoint-100/images/on_top_of_green_grass_with_sunflowers_around_it/
11/22/2024 06:18:13 - INFO - root - Image have been saved in /shenzihe/WD-Disk/output/exp4/teapot/checkpoint-100/images/on_top_of_green_grass_with_sunflowers_around_it/
11/22/2024 06:18:27 - INFO - root - Image have been saved in /shenzihe/WD-Disk/output/exp4/teapot/checkpoint-100/images/on_top_of_green_grass_with_sunflowers_around_it/
11/22/2024 06:18:40 - INFO - root - Image have been saved in /shenzihe/WD-Disk/output/exp4/teapot/checkpoint-100/images/on_top_of_green_grass_with_sunflowers_around_it/
11/22/2024 06:18:40 - INFO - __main__ - Running validation... 
 Generating 4 images with prompt:on top of a mirror.
11/22/2024 06:18:54 - INFO - root - Image have been saved in /shenzihe/WD-Disk/output/exp4/teapot/checkpoint-100/images/on_top_of_a_mirror/
11/22/2024 06:19:08 - INFO - root - Image have been saved in /shenzihe/WD-Disk/output/exp4/teapot/checkpoint-100/images/on_top_of_a_mirror/
11/22/2024 06:19:21 - INFO - root - Image have been saved in /shenzihe/WD-Disk/output/exp4/teapot/checkpoint-100/images/on_top_of_a_mirror/
11/22/2024 06:19:35 - INFO - root - Image have been saved in /shenzihe/WD-Disk/output/exp4/teapot/checkpoint-100/images/on_top_of_a_mirror/
11/22/2024 06:19:35 - INFO - __main__ - Running validation... 
 Generating 4 images with prompt:on top of the sidewalk in a crowded street.
11/22/2024 06:19:48 - INFO - root - Image have been saved in /shenzihe/WD-Disk/output/exp4/teapot/checkpoint-100/images/on_top_of_the_sidewalk_in_a_crowded_street/
11/22/2024 06:20:02 - INFO - root - Image have been saved in /shenzihe/WD-Disk/output/exp4/teapot/checkpoint-100/images/on_top_of_the_sidewalk_in_a_crowded_street/
11/22/2024 06:20:15 - INFO - root - Image have been saved in /shenzihe/WD-Disk/output/exp4/teapot/checkpoint-100/images/on_top_of_the_sidewalk_in_a_crowded_street/
11/22/2024 06:20:29 - INFO - root - Image have been saved in /shenzihe/WD-Disk/output/exp4/teapot/checkpoint-100/images/on_top_of_the_sidewalk_in_a_crowded_street/
11/22/2024 06:20:29 - INFO - __main__ - Running validation... 
 Generating 4 images with prompt:on top of a dirt road.
11/22/2024 06:20:42 - INFO - root - Image have been saved in /shenzihe/WD-Disk/output/exp4/teapot/checkpoint-100/images/on_top_of_a_dirt_road/
11/22/2024 06:20:56 - INFO - root - Image have been saved in /shenzihe/WD-Disk/output/exp4/teapot/checkpoint-100/images/on_top_of_a_dirt_road/
11/22/2024 06:21:09 - INFO - root - Image have been saved in /shenzihe/WD-Disk/output/exp4/teapot/checkpoint-100/images/on_top_of_a_dirt_road/
11/22/2024 06:21:23 - INFO - root - Image have been saved in /shenzihe/WD-Disk/output/exp4/teapot/checkpoint-100/images/on_top_of_a_dirt_road/
11/22/2024 06:21:23 - INFO - __main__ - Running validation... 
 Generating 4 images with prompt:on top of a white rug.
11/22/2024 06:21:37 - INFO - root - Image have been saved in /shenzihe/WD-Disk/output/exp4/teapot/checkpoint-100/images/on_top_of_a_white_rug/
11/22/2024 06:21:50 - INFO - root - Image have been saved in /shenzihe/WD-Disk/output/exp4/teapot/checkpoint-100/images/on_top_of_a_white_rug/
11/22/2024 06:22:04 - INFO - root - Image have been saved in /shenzihe/WD-Disk/output/exp4/teapot/checkpoint-100/images/on_top_of_a_white_rug/
11/22/2024 06:22:19 - INFO - root - Image have been saved in /shenzihe/WD-Disk/output/exp4/teapot/checkpoint-100/images/on_top_of_a_white_rug/
11/22/2024 06:22:19 - INFO - __main__ - Running validation... 
 Generating 4 images with prompt:red.
11/22/2024 06:22:33 - INFO - root - Image have been saved in /shenzihe/WD-Disk/output/exp4/teapot/checkpoint-100/images/red/
11/22/2024 06:22:46 - INFO - root - Image have been saved in /shenzihe/WD-Disk/output/exp4/teapot/checkpoint-100/images/red/
11/22/2024 06:23:00 - INFO - root - Image have been saved in /shenzihe/WD-Disk/output/exp4/teapot/checkpoint-100/images/red/
11/22/2024 06:23:13 - INFO - root - Image have been saved in /shenzihe/WD-Disk/output/exp4/teapot/checkpoint-100/images/red/
11/22/2024 06:23:13 - INFO - __main__ - Running validation... 
 Generating 4 images with prompt:purple.
11/22/2024 06:23:27 - INFO - root - Image have been saved in /shenzihe/WD-Disk/output/exp4/teapot/checkpoint-100/images/purple/
11/22/2024 06:23:40 - INFO - root - Image have been saved in /shenzihe/WD-Disk/output/exp4/teapot/checkpoint-100/images/purple/
11/22/2024 06:23:54 - INFO - root - Image have been saved in /shenzihe/WD-Disk/output/exp4/teapot/checkpoint-100/images/purple/
11/22/2024 06:24:08 - INFO - root - Image have been saved in /shenzihe/WD-Disk/output/exp4/teapot/checkpoint-100/images/purple/
11/22/2024 06:24:08 - INFO - __main__ - Running validation... 
 Generating 4 images with prompt:shiny.
11/22/2024 06:24:21 - INFO - root - Image have been saved in /shenzihe/WD-Disk/output/exp4/teapot/checkpoint-100/images/shiny/
11/22/2024 06:24:35 - INFO - root - Image have been saved in /shenzihe/WD-Disk/output/exp4/teapot/checkpoint-100/images/shiny/
11/22/2024 06:24:48 - INFO - root - Image have been saved in /shenzihe/WD-Disk/output/exp4/teapot/checkpoint-100/images/shiny/
11/22/2024 06:25:02 - INFO - root - Image have been saved in /shenzihe/WD-Disk/output/exp4/teapot/checkpoint-100/images/shiny/
11/22/2024 06:25:02 - INFO - __main__ - Running validation... 
 Generating 4 images with prompt:wet.
11/22/2024 06:25:16 - INFO - root - Image have been saved in /shenzihe/WD-Disk/output/exp4/teapot/checkpoint-100/images/wet/
11/22/2024 06:25:29 - INFO - root - Image have been saved in /shenzihe/WD-Disk/output/exp4/teapot/checkpoint-100/images/wet/
11/22/2024 06:25:43 - INFO - root - Image have been saved in /shenzihe/WD-Disk/output/exp4/teapot/checkpoint-100/images/wet/
11/22/2024 06:25:56 - INFO - root - Image have been saved in /shenzihe/WD-Disk/output/exp4/teapot/checkpoint-100/images/wet/
11/22/2024 06:25:56 - INFO - __main__ - Running validation... 
 Generating 4 images with prompt:cube shaped.
11/22/2024 06:26:10 - INFO - root - Image have been saved in /shenzihe/WD-Disk/output/exp4/teapot/checkpoint-100/images/cube_shaped/
11/22/2024 06:26:24 - INFO - root - Image have been saved in /shenzihe/WD-Disk/output/exp4/teapot/checkpoint-100/images/cube_shaped/
11/22/2024 06:26:37 - INFO - root - Image have been saved in /shenzihe/WD-Disk/output/exp4/teapot/checkpoint-100/images/cube_shaped/
11/22/2024 06:26:51 - INFO - root - Image have been saved in /shenzihe/WD-Disk/output/exp4/teapot/checkpoint-100/images/cube_shaped/
