11/22/2024 06:53:05 - INFO - __main__ - Distributed environment: NO
Num processes: 1
Process index: 0
Local process index: 0
Device: cuda

Mixed precision type: no

11/22/2024 06:53:11 - INFO - root - freeze vision encoder
11/22/2024 06:53:21 - INFO - root - Loading pretrained model from /root/.cache/torch/hub/checkpoints/blip-diffusion
11/22/2024 06:53:21 - INFO - root - Loading pretrained BLIP2 Qformer weights.
11/22/2024 06:53:23 - INFO - root - Loading pretrained projection lyer weights.
11/22/2024 06:53:23 - INFO - root - Loading pretrained text encoder weights.
11/22/2024 06:53:23 - INFO - root - Loading pretrained vae weights.
11/22/2024 06:53:24 - INFO - root - Loading pretrained unet weights.
11/22/2024 06:53:32 - INFO - root - Using xformers.
11/22/2024 06:53:32 - INFO - root - Building datasets...
11/22/2024 06:53:43 - INFO - root - freeze vision encoder
11/22/2024 06:54:15 - INFO - root - load checkpoint from https://storage.googleapis.com/sfr-vision-language-research/LAVIS/models/BLIP2/blip2_pretrained_flant5xl.pth
11/22/2024 06:54:21 - INFO - __main__ - 
***** Running training *****
11/22/2024 06:54:21 - INFO - __main__ -   Num examples = 5
11/22/2024 06:54:21 - INFO - __main__ -   Num batches each epoch = 2
11/22/2024 06:54:21 - INFO - __main__ -   Num Epochs = 50
11/22/2024 06:54:21 - INFO - __main__ -   Instantaneous batch size per device = 3
11/22/2024 06:54:21 - INFO - __main__ -   Total train batch size (w. parallel, distributed & accumulation) = 3
11/22/2024 06:54:21 - INFO - __main__ -   Gradient Accumulation steps = 1
11/22/2024 06:54:21 - INFO - __main__ -   Total optimization steps = 100
11/22/2024 06:54:21 - INFO - __main__ -   Total parameters number = 1995356906
11/22/2024 06:54:21 - INFO - __main__ -   Training parameters number = 576349697
11/22/2024 06:56:19 - INFO - __main__ - Running validation... 
 Generating 4 images with prompt:in the jungle.
11/22/2024 06:56:32 - INFO - root - Image have been saved in /shenzihe/WD-Disk/output/exp4/wolf_plushie/checkpoint-100/images/in_the_jungle/
11/22/2024 06:56:46 - INFO - root - Image have been saved in /shenzihe/WD-Disk/output/exp4/wolf_plushie/checkpoint-100/images/in_the_jungle/
11/22/2024 06:57:00 - INFO - root - Image have been saved in /shenzihe/WD-Disk/output/exp4/wolf_plushie/checkpoint-100/images/in_the_jungle/
11/22/2024 06:57:14 - INFO - root - Image have been saved in /shenzihe/WD-Disk/output/exp4/wolf_plushie/checkpoint-100/images/in_the_jungle/
11/22/2024 06:57:14 - INFO - __main__ - Running validation... 
 Generating 4 images with prompt:in the snow.
11/22/2024 06:57:27 - INFO - root - Image have been saved in /shenzihe/WD-Disk/output/exp4/wolf_plushie/checkpoint-100/images/in_the_snow/
11/22/2024 06:57:41 - INFO - root - Image have been saved in /shenzihe/WD-Disk/output/exp4/wolf_plushie/checkpoint-100/images/in_the_snow/
11/22/2024 06:57:55 - INFO - root - Image have been saved in /shenzihe/WD-Disk/output/exp4/wolf_plushie/checkpoint-100/images/in_the_snow/
11/22/2024 06:58:08 - INFO - root - Image have been saved in /shenzihe/WD-Disk/output/exp4/wolf_plushie/checkpoint-100/images/in_the_snow/
11/22/2024 06:58:08 - INFO - __main__ - Running validation... 
 Generating 4 images with prompt:on the beach.
11/22/2024 06:58:22 - INFO - root - Image have been saved in /shenzihe/WD-Disk/output/exp4/wolf_plushie/checkpoint-100/images/on_the_beach/
11/22/2024 06:58:35 - INFO - root - Image have been saved in /shenzihe/WD-Disk/output/exp4/wolf_plushie/checkpoint-100/images/on_the_beach/
11/22/2024 06:58:50 - INFO - root - Image have been saved in /shenzihe/WD-Disk/output/exp4/wolf_plushie/checkpoint-100/images/on_the_beach/
11/22/2024 06:59:03 - INFO - root - Image have been saved in /shenzihe/WD-Disk/output/exp4/wolf_plushie/checkpoint-100/images/on_the_beach/
11/22/2024 06:59:03 - INFO - __main__ - Running validation... 
 Generating 4 images with prompt:on a cobblestone street.
11/22/2024 06:59:17 - INFO - root - Image have been saved in /shenzihe/WD-Disk/output/exp4/wolf_plushie/checkpoint-100/images/on_a_cobblestone_street/
11/22/2024 06:59:31 - INFO - root - Image have been saved in /shenzihe/WD-Disk/output/exp4/wolf_plushie/checkpoint-100/images/on_a_cobblestone_street/
11/22/2024 06:59:44 - INFO - root - Image have been saved in /shenzihe/WD-Disk/output/exp4/wolf_plushie/checkpoint-100/images/on_a_cobblestone_street/
11/22/2024 06:59:58 - INFO - root - Image have been saved in /shenzihe/WD-Disk/output/exp4/wolf_plushie/checkpoint-100/images/on_a_cobblestone_street/
11/22/2024 06:59:58 - INFO - __main__ - Running validation... 
 Generating 4 images with prompt:on top of pink fabric.
11/22/2024 07:00:11 - INFO - root - Image have been saved in /shenzihe/WD-Disk/output/exp4/wolf_plushie/checkpoint-100/images/on_top_of_pink_fabric/
11/22/2024 07:00:25 - INFO - root - Image have been saved in /shenzihe/WD-Disk/output/exp4/wolf_plushie/checkpoint-100/images/on_top_of_pink_fabric/
11/22/2024 07:00:39 - INFO - root - Image have been saved in /shenzihe/WD-Disk/output/exp4/wolf_plushie/checkpoint-100/images/on_top_of_pink_fabric/
11/22/2024 07:00:52 - INFO - root - Image have been saved in /shenzihe/WD-Disk/output/exp4/wolf_plushie/checkpoint-100/images/on_top_of_pink_fabric/
11/22/2024 07:00:52 - INFO - __main__ - Running validation... 
 Generating 4 images with prompt:on top of a wooden floor.
11/22/2024 07:01:06 - INFO - root - Image have been saved in /shenzihe/WD-Disk/output/exp4/wolf_plushie/checkpoint-100/images/on_top_of_a_wooden_floor/
11/22/2024 07:01:19 - INFO - root - Image have been saved in /shenzihe/WD-Disk/output/exp4/wolf_plushie/checkpoint-100/images/on_top_of_a_wooden_floor/
11/22/2024 07:01:33 - INFO - root - Image have been saved in /shenzihe/WD-Disk/output/exp4/wolf_plushie/checkpoint-100/images/on_top_of_a_wooden_floor/
11/22/2024 07:01:47 - INFO - root - Image have been saved in /shenzihe/WD-Disk/output/exp4/wolf_plushie/checkpoint-100/images/on_top_of_a_wooden_floor/
11/22/2024 07:01:47 - INFO - __main__ - Running validation... 
 Generating 4 images with prompt:with a city in the background.
11/22/2024 07:02:00 - INFO - root - Image have been saved in /shenzihe/WD-Disk/output/exp4/wolf_plushie/checkpoint-100/images/with_a_city_in_the_background/
11/22/2024 07:02:14 - INFO - root - Image have been saved in /shenzihe/WD-Disk/output/exp4/wolf_plushie/checkpoint-100/images/with_a_city_in_the_background/
11/22/2024 07:02:27 - INFO - root - Image have been saved in /shenzihe/WD-Disk/output/exp4/wolf_plushie/checkpoint-100/images/with_a_city_in_the_background/
11/22/2024 07:02:41 - INFO - root - Image have been saved in /shenzihe/WD-Disk/output/exp4/wolf_plushie/checkpoint-100/images/with_a_city_in_the_background/
11/22/2024 07:02:41 - INFO - __main__ - Running validation... 
 Generating 4 images with prompt:with a mountain in the background.
11/22/2024 07:02:54 - INFO - root - Image have been saved in /shenzihe/WD-Disk/output/exp4/wolf_plushie/checkpoint-100/images/with_a_mountain_in_the_background/
11/22/2024 07:03:08 - INFO - root - Image have been saved in /shenzihe/WD-Disk/output/exp4/wolf_plushie/checkpoint-100/images/with_a_mountain_in_the_background/
11/22/2024 07:03:22 - INFO - root - Image have been saved in /shenzihe/WD-Disk/output/exp4/wolf_plushie/checkpoint-100/images/with_a_mountain_in_the_background/
11/22/2024 07:03:35 - INFO - root - Image have been saved in /shenzihe/WD-Disk/output/exp4/wolf_plushie/checkpoint-100/images/with_a_mountain_in_the_background/
11/22/2024 07:03:35 - INFO - __main__ - Running validation... 
 Generating 4 images with prompt:with a blue house in the background.
11/22/2024 07:03:49 - INFO - root - Image have been saved in /shenzihe/WD-Disk/output/exp4/wolf_plushie/checkpoint-100/images/with_a_blue_house_in_the_background/
11/22/2024 07:04:03 - INFO - root - Image have been saved in /shenzihe/WD-Disk/output/exp4/wolf_plushie/checkpoint-100/images/with_a_blue_house_in_the_background/
11/22/2024 07:04:16 - INFO - root - Image have been saved in /shenzihe/WD-Disk/output/exp4/wolf_plushie/checkpoint-100/images/with_a_blue_house_in_the_background/
11/22/2024 07:04:30 - INFO - root - Image have been saved in /shenzihe/WD-Disk/output/exp4/wolf_plushie/checkpoint-100/images/with_a_blue_house_in_the_background/
11/22/2024 07:04:30 - INFO - __main__ - Running validation... 
 Generating 4 images with prompt:on top of a purple rug in a forest.
11/22/2024 07:04:43 - INFO - root - Image have been saved in /shenzihe/WD-Disk/output/exp4/wolf_plushie/checkpoint-100/images/on_top_of_a_purple_rug_in_a_forest/
11/22/2024 07:04:57 - INFO - root - Image have been saved in /shenzihe/WD-Disk/output/exp4/wolf_plushie/checkpoint-100/images/on_top_of_a_purple_rug_in_a_forest/
11/22/2024 07:05:10 - INFO - root - Image have been saved in /shenzihe/WD-Disk/output/exp4/wolf_plushie/checkpoint-100/images/on_top_of_a_purple_rug_in_a_forest/
11/22/2024 07:05:24 - INFO - root - Image have been saved in /shenzihe/WD-Disk/output/exp4/wolf_plushie/checkpoint-100/images/on_top_of_a_purple_rug_in_a_forest/
11/22/2024 07:05:24 - INFO - __main__ - Running validation... 
 Generating 4 images with prompt:with a wheat field in the background.
11/22/2024 07:05:37 - INFO - root - Image have been saved in /shenzihe/WD-Disk/output/exp4/wolf_plushie/checkpoint-100/images/with_a_wheat_field_in_the_background/
11/22/2024 07:05:51 - INFO - root - Image have been saved in /shenzihe/WD-Disk/output/exp4/wolf_plushie/checkpoint-100/images/with_a_wheat_field_in_the_background/
11/22/2024 07:06:04 - INFO - root - Image have been saved in /shenzihe/WD-Disk/output/exp4/wolf_plushie/checkpoint-100/images/with_a_wheat_field_in_the_background/
11/22/2024 07:06:18 - INFO - root - Image have been saved in /shenzihe/WD-Disk/output/exp4/wolf_plushie/checkpoint-100/images/with_a_wheat_field_in_the_background/
11/22/2024 07:06:18 - INFO - __main__ - Running validation... 
 Generating 4 images with prompt:with a tree and autumn leaves in the background.
11/22/2024 07:06:31 - INFO - root - Image have been saved in /shenzihe/WD-Disk/output/exp4/wolf_plushie/checkpoint-100/images/with_a_tree_and_autumn_leaves_in_the_background/
11/22/2024 07:06:45 - INFO - root - Image have been saved in /shenzihe/WD-Disk/output/exp4/wolf_plushie/checkpoint-100/images/with_a_tree_and_autumn_leaves_in_the_background/
11/22/2024 07:06:58 - INFO - root - Image have been saved in /shenzihe/WD-Disk/output/exp4/wolf_plushie/checkpoint-100/images/with_a_tree_and_autumn_leaves_in_the_background/
11/22/2024 07:07:12 - INFO - root - Image have been saved in /shenzihe/WD-Disk/output/exp4/wolf_plushie/checkpoint-100/images/with_a_tree_and_autumn_leaves_in_the_background/
11/22/2024 07:07:12 - INFO - __main__ - Running validation... 
 Generating 4 images with prompt:with the Eiffel Tower in the background.
11/22/2024 07:07:25 - INFO - root - Image have been saved in /shenzihe/WD-Disk/output/exp4/wolf_plushie/checkpoint-100/images/with_the_Eiffel_Tower_in_the_background/
11/22/2024 07:07:39 - INFO - root - Image have been saved in /shenzihe/WD-Disk/output/exp4/wolf_plushie/checkpoint-100/images/with_the_Eiffel_Tower_in_the_background/
11/22/2024 07:07:53 - INFO - root - Image have been saved in /shenzihe/WD-Disk/output/exp4/wolf_plushie/checkpoint-100/images/with_the_Eiffel_Tower_in_the_background/
11/22/2024 07:08:06 - INFO - root - Image have been saved in /shenzihe/WD-Disk/output/exp4/wolf_plushie/checkpoint-100/images/with_the_Eiffel_Tower_in_the_background/
11/22/2024 07:08:06 - INFO - __main__ - Running validation... 
 Generating 4 images with prompt:floating on top of water.
11/22/2024 07:08:20 - INFO - root - Image have been saved in /shenzihe/WD-Disk/output/exp4/wolf_plushie/checkpoint-100/images/floating_on_top_of_water/
11/22/2024 07:08:33 - INFO - root - Image have been saved in /shenzihe/WD-Disk/output/exp4/wolf_plushie/checkpoint-100/images/floating_on_top_of_water/
11/22/2024 07:08:47 - INFO - root - Image have been saved in /shenzihe/WD-Disk/output/exp4/wolf_plushie/checkpoint-100/images/floating_on_top_of_water/
11/22/2024 07:09:00 - INFO - root - Image have been saved in /shenzihe/WD-Disk/output/exp4/wolf_plushie/checkpoint-100/images/floating_on_top_of_water/
11/22/2024 07:09:00 - INFO - __main__ - Running validation... 
 Generating 4 images with prompt:floating in an ocean of milk.
11/22/2024 07:09:14 - INFO - root - Image have been saved in /shenzihe/WD-Disk/output/exp4/wolf_plushie/checkpoint-100/images/floating_in_an_ocean_of_milk/
11/22/2024 07:09:27 - INFO - root - Image have been saved in /shenzihe/WD-Disk/output/exp4/wolf_plushie/checkpoint-100/images/floating_in_an_ocean_of_milk/
11/22/2024 07:09:41 - INFO - root - Image have been saved in /shenzihe/WD-Disk/output/exp4/wolf_plushie/checkpoint-100/images/floating_in_an_ocean_of_milk/
11/22/2024 07:09:55 - INFO - root - Image have been saved in /shenzihe/WD-Disk/output/exp4/wolf_plushie/checkpoint-100/images/floating_in_an_ocean_of_milk/
11/22/2024 07:09:55 - INFO - __main__ - Running validation... 
 Generating 4 images with prompt:on top of green grass with sunflowers around it.
11/22/2024 07:10:09 - INFO - root - Image have been saved in /shenzihe/WD-Disk/output/exp4/wolf_plushie/checkpoint-100/images/on_top_of_green_grass_with_sunflowers_around_it/
11/22/2024 07:10:23 - INFO - root - Image have been saved in /shenzihe/WD-Disk/output/exp4/wolf_plushie/checkpoint-100/images/on_top_of_green_grass_with_sunflowers_around_it/
11/22/2024 07:10:36 - INFO - root - Image have been saved in /shenzihe/WD-Disk/output/exp4/wolf_plushie/checkpoint-100/images/on_top_of_green_grass_with_sunflowers_around_it/
11/22/2024 07:10:50 - INFO - root - Image have been saved in /shenzihe/WD-Disk/output/exp4/wolf_plushie/checkpoint-100/images/on_top_of_green_grass_with_sunflowers_around_it/
11/22/2024 07:10:50 - INFO - __main__ - Running validation... 
 Generating 4 images with prompt:on top of a mirror.
11/22/2024 07:11:04 - INFO - root - Image have been saved in /shenzihe/WD-Disk/output/exp4/wolf_plushie/checkpoint-100/images/on_top_of_a_mirror/
11/22/2024 07:11:17 - INFO - root - Image have been saved in /shenzihe/WD-Disk/output/exp4/wolf_plushie/checkpoint-100/images/on_top_of_a_mirror/
11/22/2024 07:11:31 - INFO - root - Image have been saved in /shenzihe/WD-Disk/output/exp4/wolf_plushie/checkpoint-100/images/on_top_of_a_mirror/
11/22/2024 07:11:45 - INFO - root - Image have been saved in /shenzihe/WD-Disk/output/exp4/wolf_plushie/checkpoint-100/images/on_top_of_a_mirror/
11/22/2024 07:11:45 - INFO - __main__ - Running validation... 
 Generating 4 images with prompt:on top of the sidewalk in a crowded street.
11/22/2024 07:11:59 - INFO - root - Image have been saved in /shenzihe/WD-Disk/output/exp4/wolf_plushie/checkpoint-100/images/on_top_of_the_sidewalk_in_a_crowded_street/
11/22/2024 07:12:13 - INFO - root - Image have been saved in /shenzihe/WD-Disk/output/exp4/wolf_plushie/checkpoint-100/images/on_top_of_the_sidewalk_in_a_crowded_street/
11/22/2024 07:12:27 - INFO - root - Image have been saved in /shenzihe/WD-Disk/output/exp4/wolf_plushie/checkpoint-100/images/on_top_of_the_sidewalk_in_a_crowded_street/
11/22/2024 07:12:41 - INFO - root - Image have been saved in /shenzihe/WD-Disk/output/exp4/wolf_plushie/checkpoint-100/images/on_top_of_the_sidewalk_in_a_crowded_street/
11/22/2024 07:12:41 - INFO - __main__ - Running validation... 
 Generating 4 images with prompt:on top of a dirt road.
11/22/2024 07:12:54 - INFO - root - Image have been saved in /shenzihe/WD-Disk/output/exp4/wolf_plushie/checkpoint-100/images/on_top_of_a_dirt_road/
11/22/2024 07:13:08 - INFO - root - Image have been saved in /shenzihe/WD-Disk/output/exp4/wolf_plushie/checkpoint-100/images/on_top_of_a_dirt_road/
11/22/2024 07:13:22 - INFO - root - Image have been saved in /shenzihe/WD-Disk/output/exp4/wolf_plushie/checkpoint-100/images/on_top_of_a_dirt_road/
11/22/2024 07:13:35 - INFO - root - Image have been saved in /shenzihe/WD-Disk/output/exp4/wolf_plushie/checkpoint-100/images/on_top_of_a_dirt_road/
11/22/2024 07:13:35 - INFO - __main__ - Running validation... 
 Generating 4 images with prompt:on top of a white rug.
11/22/2024 07:13:49 - INFO - root - Image have been saved in /shenzihe/WD-Disk/output/exp4/wolf_plushie/checkpoint-100/images/on_top_of_a_white_rug/
11/22/2024 07:14:02 - INFO - root - Image have been saved in /shenzihe/WD-Disk/output/exp4/wolf_plushie/checkpoint-100/images/on_top_of_a_white_rug/
11/22/2024 07:14:16 - INFO - root - Image have been saved in /shenzihe/WD-Disk/output/exp4/wolf_plushie/checkpoint-100/images/on_top_of_a_white_rug/
11/22/2024 07:14:29 - INFO - root - Image have been saved in /shenzihe/WD-Disk/output/exp4/wolf_plushie/checkpoint-100/images/on_top_of_a_white_rug/
11/22/2024 07:14:29 - INFO - __main__ - Running validation... 
 Generating 4 images with prompt:red.
11/22/2024 07:14:43 - INFO - root - Image have been saved in /shenzihe/WD-Disk/output/exp4/wolf_plushie/checkpoint-100/images/red/
11/22/2024 07:14:56 - INFO - root - Image have been saved in /shenzihe/WD-Disk/output/exp4/wolf_plushie/checkpoint-100/images/red/
11/22/2024 07:15:10 - INFO - root - Image have been saved in /shenzihe/WD-Disk/output/exp4/wolf_plushie/checkpoint-100/images/red/
11/22/2024 07:15:23 - INFO - root - Image have been saved in /shenzihe/WD-Disk/output/exp4/wolf_plushie/checkpoint-100/images/red/
11/22/2024 07:15:23 - INFO - __main__ - Running validation... 
 Generating 4 images with prompt:purple.
11/22/2024 07:15:37 - INFO - root - Image have been saved in /shenzihe/WD-Disk/output/exp4/wolf_plushie/checkpoint-100/images/purple/
11/22/2024 07:15:50 - INFO - root - Image have been saved in /shenzihe/WD-Disk/output/exp4/wolf_plushie/checkpoint-100/images/purple/
11/22/2024 07:16:04 - INFO - root - Image have been saved in /shenzihe/WD-Disk/output/exp4/wolf_plushie/checkpoint-100/images/purple/
11/22/2024 07:16:18 - INFO - root - Image have been saved in /shenzihe/WD-Disk/output/exp4/wolf_plushie/checkpoint-100/images/purple/
11/22/2024 07:16:18 - INFO - __main__ - Running validation... 
 Generating 4 images with prompt:shiny.
11/22/2024 07:16:31 - INFO - root - Image have been saved in /shenzihe/WD-Disk/output/exp4/wolf_plushie/checkpoint-100/images/shiny/
11/22/2024 07:16:45 - INFO - root - Image have been saved in /shenzihe/WD-Disk/output/exp4/wolf_plushie/checkpoint-100/images/shiny/
11/22/2024 07:16:58 - INFO - root - Image have been saved in /shenzihe/WD-Disk/output/exp4/wolf_plushie/checkpoint-100/images/shiny/
11/22/2024 07:17:12 - INFO - root - Image have been saved in /shenzihe/WD-Disk/output/exp4/wolf_plushie/checkpoint-100/images/shiny/
11/22/2024 07:17:12 - INFO - __main__ - Running validation... 
 Generating 4 images with prompt:wet.
11/22/2024 07:17:25 - INFO - root - Image have been saved in /shenzihe/WD-Disk/output/exp4/wolf_plushie/checkpoint-100/images/wet/
11/22/2024 07:17:39 - INFO - root - Image have been saved in /shenzihe/WD-Disk/output/exp4/wolf_plushie/checkpoint-100/images/wet/
11/22/2024 07:17:52 - INFO - root - Image have been saved in /shenzihe/WD-Disk/output/exp4/wolf_plushie/checkpoint-100/images/wet/
11/22/2024 07:18:06 - INFO - root - Image have been saved in /shenzihe/WD-Disk/output/exp4/wolf_plushie/checkpoint-100/images/wet/
11/22/2024 07:18:06 - INFO - __main__ - Running validation... 
 Generating 4 images with prompt:cube shaped.
11/22/2024 07:18:19 - INFO - root - Image have been saved in /shenzihe/WD-Disk/output/exp4/wolf_plushie/checkpoint-100/images/cube_shaped/
11/22/2024 07:18:33 - INFO - root - Image have been saved in /shenzihe/WD-Disk/output/exp4/wolf_plushie/checkpoint-100/images/cube_shaped/
11/22/2024 07:18:46 - INFO - root - Image have been saved in /shenzihe/WD-Disk/output/exp4/wolf_plushie/checkpoint-100/images/cube_shaped/
11/22/2024 07:19:00 - INFO - root - Image have been saved in /shenzihe/WD-Disk/output/exp4/wolf_plushie/checkpoint-100/images/cube_shaped/
