11/21/2024 21:27:22 - INFO - __main__ - Distributed environment: NO
Num processes: 1
Process index: 0
Local process index: 0
Device: cuda

Mixed precision type: no

11/21/2024 21:27:26 - INFO - root - freeze vision encoder
11/21/2024 21:27:36 - INFO - root - Loading pretrained model from /root/.cache/torch/hub/checkpoints/blip-diffusion
11/21/2024 21:27:36 - INFO - root - Loading pretrained BLIP2 Qformer weights.
11/21/2024 21:27:38 - INFO - root - Loading pretrained projection lyer weights.
11/21/2024 21:27:38 - INFO - root - Loading pretrained text encoder weights.
11/21/2024 21:27:39 - INFO - root - Loading pretrained vae weights.
11/21/2024 21:27:40 - INFO - root - Loading pretrained unet weights.
11/21/2024 21:27:48 - INFO - root - Using xformers.
11/21/2024 21:27:48 - INFO - root - Building datasets...
11/21/2024 21:27:58 - INFO - root - freeze vision encoder
11/21/2024 21:28:27 - INFO - root - load checkpoint from https://storage.googleapis.com/sfr-vision-language-research/LAVIS/models/BLIP2/blip2_pretrained_flant5xl.pth
11/21/2024 21:28:34 - INFO - __main__ - 
***** Running training *****
11/21/2024 21:28:34 - INFO - __main__ -   Num examples = 5
11/21/2024 21:28:34 - INFO - __main__ -   Num batches each epoch = 2
11/21/2024 21:28:34 - INFO - __main__ -   Num Epochs = 50
11/21/2024 21:28:34 - INFO - __main__ -   Instantaneous batch size per device = 3
11/21/2024 21:28:34 - INFO - __main__ -   Total train batch size (w. parallel, distributed & accumulation) = 3
11/21/2024 21:28:34 - INFO - __main__ -   Gradient Accumulation steps = 1
11/21/2024 21:28:34 - INFO - __main__ -   Total optimization steps = 100
11/21/2024 21:28:34 - INFO - __main__ -   Total parameters number = 1995356906
11/21/2024 21:28:34 - INFO - __main__ -   Training parameters number = 576349697
11/21/2024 21:30:22 - INFO - __main__ - Running validation... 
 Generating 4 images with prompt:in the jungle.
11/21/2024 21:30:36 - INFO - root - Image have been saved in /shenzihe/WD-Disk/output/exp4/cat2/checkpoint-100/images/in_the_jungle/
11/21/2024 21:30:49 - INFO - root - Image have been saved in /shenzihe/WD-Disk/output/exp4/cat2/checkpoint-100/images/in_the_jungle/
11/21/2024 21:31:02 - INFO - root - Image have been saved in /shenzihe/WD-Disk/output/exp4/cat2/checkpoint-100/images/in_the_jungle/
11/21/2024 21:31:16 - INFO - root - Image have been saved in /shenzihe/WD-Disk/output/exp4/cat2/checkpoint-100/images/in_the_jungle/
11/21/2024 21:31:16 - INFO - __main__ - Running validation... 
 Generating 4 images with prompt:in the snow.
11/21/2024 21:31:29 - INFO - root - Image have been saved in /shenzihe/WD-Disk/output/exp4/cat2/checkpoint-100/images/in_the_snow/
11/21/2024 21:31:43 - INFO - root - Image have been saved in /shenzihe/WD-Disk/output/exp4/cat2/checkpoint-100/images/in_the_snow/
11/21/2024 21:31:56 - INFO - root - Image have been saved in /shenzihe/WD-Disk/output/exp4/cat2/checkpoint-100/images/in_the_snow/
11/21/2024 21:32:10 - INFO - root - Image have been saved in /shenzihe/WD-Disk/output/exp4/cat2/checkpoint-100/images/in_the_snow/
11/21/2024 21:32:10 - INFO - __main__ - Running validation... 
 Generating 4 images with prompt:on the beach.
11/21/2024 21:32:23 - INFO - root - Image have been saved in /shenzihe/WD-Disk/output/exp4/cat2/checkpoint-100/images/on_the_beach/
11/21/2024 21:32:37 - INFO - root - Image have been saved in /shenzihe/WD-Disk/output/exp4/cat2/checkpoint-100/images/on_the_beach/
11/21/2024 21:32:50 - INFO - root - Image have been saved in /shenzihe/WD-Disk/output/exp4/cat2/checkpoint-100/images/on_the_beach/
11/21/2024 21:33:04 - INFO - root - Image have been saved in /shenzihe/WD-Disk/output/exp4/cat2/checkpoint-100/images/on_the_beach/
11/21/2024 21:33:04 - INFO - __main__ - Running validation... 
 Generating 4 images with prompt:on a cobblestone street.
11/21/2024 21:33:17 - INFO - root - Image have been saved in /shenzihe/WD-Disk/output/exp4/cat2/checkpoint-100/images/on_a_cobblestone_street/
11/21/2024 21:33:31 - INFO - root - Image have been saved in /shenzihe/WD-Disk/output/exp4/cat2/checkpoint-100/images/on_a_cobblestone_street/
11/21/2024 21:33:44 - INFO - root - Image have been saved in /shenzihe/WD-Disk/output/exp4/cat2/checkpoint-100/images/on_a_cobblestone_street/
11/21/2024 21:33:58 - INFO - root - Image have been saved in /shenzihe/WD-Disk/output/exp4/cat2/checkpoint-100/images/on_a_cobblestone_street/
11/21/2024 21:33:58 - INFO - __main__ - Running validation... 
 Generating 4 images with prompt:on top of pink fabric.
11/21/2024 21:34:11 - INFO - root - Image have been saved in /shenzihe/WD-Disk/output/exp4/cat2/checkpoint-100/images/on_top_of_pink_fabric/
11/21/2024 21:34:25 - INFO - root - Image have been saved in /shenzihe/WD-Disk/output/exp4/cat2/checkpoint-100/images/on_top_of_pink_fabric/
11/21/2024 21:34:38 - INFO - root - Image have been saved in /shenzihe/WD-Disk/output/exp4/cat2/checkpoint-100/images/on_top_of_pink_fabric/
11/21/2024 21:34:51 - INFO - root - Image have been saved in /shenzihe/WD-Disk/output/exp4/cat2/checkpoint-100/images/on_top_of_pink_fabric/
11/21/2024 21:34:51 - INFO - __main__ - Running validation... 
 Generating 4 images with prompt:on top of a wooden floor.
11/21/2024 21:35:05 - INFO - root - Image have been saved in /shenzihe/WD-Disk/output/exp4/cat2/checkpoint-100/images/on_top_of_a_wooden_floor/
11/21/2024 21:35:18 - INFO - root - Image have been saved in /shenzihe/WD-Disk/output/exp4/cat2/checkpoint-100/images/on_top_of_a_wooden_floor/
11/21/2024 21:35:32 - INFO - root - Image have been saved in /shenzihe/WD-Disk/output/exp4/cat2/checkpoint-100/images/on_top_of_a_wooden_floor/
11/21/2024 21:35:45 - INFO - root - Image have been saved in /shenzihe/WD-Disk/output/exp4/cat2/checkpoint-100/images/on_top_of_a_wooden_floor/
11/21/2024 21:35:45 - INFO - __main__ - Running validation... 
 Generating 4 images with prompt:with a city in the background.
11/21/2024 21:35:59 - INFO - root - Image have been saved in /shenzihe/WD-Disk/output/exp4/cat2/checkpoint-100/images/with_a_city_in_the_background/
11/21/2024 21:36:12 - INFO - root - Image have been saved in /shenzihe/WD-Disk/output/exp4/cat2/checkpoint-100/images/with_a_city_in_the_background/
11/21/2024 21:36:26 - INFO - root - Image have been saved in /shenzihe/WD-Disk/output/exp4/cat2/checkpoint-100/images/with_a_city_in_the_background/
11/21/2024 21:36:39 - INFO - root - Image have been saved in /shenzihe/WD-Disk/output/exp4/cat2/checkpoint-100/images/with_a_city_in_the_background/
11/21/2024 21:36:39 - INFO - __main__ - Running validation... 
 Generating 4 images with prompt:with a mountain in the background.
11/21/2024 21:36:53 - INFO - root - Image have been saved in /shenzihe/WD-Disk/output/exp4/cat2/checkpoint-100/images/with_a_mountain_in_the_background/
11/21/2024 21:37:06 - INFO - root - Image have been saved in /shenzihe/WD-Disk/output/exp4/cat2/checkpoint-100/images/with_a_mountain_in_the_background/
11/21/2024 21:37:20 - INFO - root - Image have been saved in /shenzihe/WD-Disk/output/exp4/cat2/checkpoint-100/images/with_a_mountain_in_the_background/
11/21/2024 21:37:33 - INFO - root - Image have been saved in /shenzihe/WD-Disk/output/exp4/cat2/checkpoint-100/images/with_a_mountain_in_the_background/
11/21/2024 21:37:33 - INFO - __main__ - Running validation... 
 Generating 4 images with prompt:with a blue house in the background.
11/21/2024 21:37:47 - INFO - root - Image have been saved in /shenzihe/WD-Disk/output/exp4/cat2/checkpoint-100/images/with_a_blue_house_in_the_background/
11/21/2024 21:38:00 - INFO - root - Image have been saved in /shenzihe/WD-Disk/output/exp4/cat2/checkpoint-100/images/with_a_blue_house_in_the_background/
11/21/2024 21:38:14 - INFO - root - Image have been saved in /shenzihe/WD-Disk/output/exp4/cat2/checkpoint-100/images/with_a_blue_house_in_the_background/
11/21/2024 21:38:27 - INFO - root - Image have been saved in /shenzihe/WD-Disk/output/exp4/cat2/checkpoint-100/images/with_a_blue_house_in_the_background/
11/21/2024 21:38:27 - INFO - __main__ - Running validation... 
 Generating 4 images with prompt:on top of a purple rug in a forest.
11/21/2024 21:38:40 - INFO - root - Image have been saved in /shenzihe/WD-Disk/output/exp4/cat2/checkpoint-100/images/on_top_of_a_purple_rug_in_a_forest/
11/21/2024 21:38:54 - INFO - root - Image have been saved in /shenzihe/WD-Disk/output/exp4/cat2/checkpoint-100/images/on_top_of_a_purple_rug_in_a_forest/
11/21/2024 21:39:07 - INFO - root - Image have been saved in /shenzihe/WD-Disk/output/exp4/cat2/checkpoint-100/images/on_top_of_a_purple_rug_in_a_forest/
11/21/2024 21:39:21 - INFO - root - Image have been saved in /shenzihe/WD-Disk/output/exp4/cat2/checkpoint-100/images/on_top_of_a_purple_rug_in_a_forest/
11/21/2024 21:39:21 - INFO - __main__ - Running validation... 
 Generating 4 images with prompt:with a wheat field in the background.
11/21/2024 21:39:34 - INFO - root - Image have been saved in /shenzihe/WD-Disk/output/exp4/cat2/checkpoint-100/images/with_a_wheat_field_in_the_background/
11/21/2024 21:39:48 - INFO - root - Image have been saved in /shenzihe/WD-Disk/output/exp4/cat2/checkpoint-100/images/with_a_wheat_field_in_the_background/
11/21/2024 21:40:01 - INFO - root - Image have been saved in /shenzihe/WD-Disk/output/exp4/cat2/checkpoint-100/images/with_a_wheat_field_in_the_background/
11/21/2024 21:40:15 - INFO - root - Image have been saved in /shenzihe/WD-Disk/output/exp4/cat2/checkpoint-100/images/with_a_wheat_field_in_the_background/
11/21/2024 21:40:15 - INFO - __main__ - Running validation... 
 Generating 4 images with prompt:with a tree and autumn leaves in the background.
11/21/2024 21:40:28 - INFO - root - Image have been saved in /shenzihe/WD-Disk/output/exp4/cat2/checkpoint-100/images/with_a_tree_and_autumn_leaves_in_the_background/
11/21/2024 21:40:42 - INFO - root - Image have been saved in /shenzihe/WD-Disk/output/exp4/cat2/checkpoint-100/images/with_a_tree_and_autumn_leaves_in_the_background/
11/21/2024 21:40:55 - INFO - root - Image have been saved in /shenzihe/WD-Disk/output/exp4/cat2/checkpoint-100/images/with_a_tree_and_autumn_leaves_in_the_background/
11/21/2024 21:41:08 - INFO - root - Image have been saved in /shenzihe/WD-Disk/output/exp4/cat2/checkpoint-100/images/with_a_tree_and_autumn_leaves_in_the_background/
11/21/2024 21:41:08 - INFO - __main__ - Running validation... 
 Generating 4 images with prompt:with the Eiffel Tower in the background.
11/21/2024 21:41:22 - INFO - root - Image have been saved in /shenzihe/WD-Disk/output/exp4/cat2/checkpoint-100/images/with_the_Eiffel_Tower_in_the_background/
11/21/2024 21:41:35 - INFO - root - Image have been saved in /shenzihe/WD-Disk/output/exp4/cat2/checkpoint-100/images/with_the_Eiffel_Tower_in_the_background/
11/21/2024 21:41:49 - INFO - root - Image have been saved in /shenzihe/WD-Disk/output/exp4/cat2/checkpoint-100/images/with_the_Eiffel_Tower_in_the_background/
11/21/2024 21:42:02 - INFO - root - Image have been saved in /shenzihe/WD-Disk/output/exp4/cat2/checkpoint-100/images/with_the_Eiffel_Tower_in_the_background/
11/21/2024 21:42:02 - INFO - __main__ - Running validation... 
 Generating 4 images with prompt:floating on top of water.
11/21/2024 21:42:16 - INFO - root - Image have been saved in /shenzihe/WD-Disk/output/exp4/cat2/checkpoint-100/images/floating_on_top_of_water/
11/21/2024 21:42:29 - INFO - root - Image have been saved in /shenzihe/WD-Disk/output/exp4/cat2/checkpoint-100/images/floating_on_top_of_water/
11/21/2024 21:42:43 - INFO - root - Image have been saved in /shenzihe/WD-Disk/output/exp4/cat2/checkpoint-100/images/floating_on_top_of_water/
11/21/2024 21:42:56 - INFO - root - Image have been saved in /shenzihe/WD-Disk/output/exp4/cat2/checkpoint-100/images/floating_on_top_of_water/
11/21/2024 21:42:56 - INFO - __main__ - Running validation... 
 Generating 4 images with prompt:floating in an ocean of milk.
11/21/2024 21:43:10 - INFO - root - Image have been saved in /shenzihe/WD-Disk/output/exp4/cat2/checkpoint-100/images/floating_in_an_ocean_of_milk/
11/21/2024 21:43:23 - INFO - root - Image have been saved in /shenzihe/WD-Disk/output/exp4/cat2/checkpoint-100/images/floating_in_an_ocean_of_milk/
11/21/2024 21:43:37 - INFO - root - Image have been saved in /shenzihe/WD-Disk/output/exp4/cat2/checkpoint-100/images/floating_in_an_ocean_of_milk/
11/21/2024 21:43:50 - INFO - root - Image have been saved in /shenzihe/WD-Disk/output/exp4/cat2/checkpoint-100/images/floating_in_an_ocean_of_milk/
11/21/2024 21:43:50 - INFO - __main__ - Running validation... 
 Generating 4 images with prompt:on top of green grass with sunflowers around it.
11/21/2024 21:44:04 - INFO - root - Image have been saved in /shenzihe/WD-Disk/output/exp4/cat2/checkpoint-100/images/on_top_of_green_grass_with_sunflowers_around_it/
11/21/2024 21:44:17 - INFO - root - Image have been saved in /shenzihe/WD-Disk/output/exp4/cat2/checkpoint-100/images/on_top_of_green_grass_with_sunflowers_around_it/
11/21/2024 21:44:30 - INFO - root - Image have been saved in /shenzihe/WD-Disk/output/exp4/cat2/checkpoint-100/images/on_top_of_green_grass_with_sunflowers_around_it/
11/21/2024 21:44:44 - INFO - root - Image have been saved in /shenzihe/WD-Disk/output/exp4/cat2/checkpoint-100/images/on_top_of_green_grass_with_sunflowers_around_it/
11/21/2024 21:44:44 - INFO - __main__ - Running validation... 
 Generating 4 images with prompt:on top of a mirror.
11/21/2024 21:44:57 - INFO - root - Image have been saved in /shenzihe/WD-Disk/output/exp4/cat2/checkpoint-100/images/on_top_of_a_mirror/
11/21/2024 21:45:11 - INFO - root - Image have been saved in /shenzihe/WD-Disk/output/exp4/cat2/checkpoint-100/images/on_top_of_a_mirror/
11/21/2024 21:45:24 - INFO - root - Image have been saved in /shenzihe/WD-Disk/output/exp4/cat2/checkpoint-100/images/on_top_of_a_mirror/
11/21/2024 21:45:38 - INFO - root - Image have been saved in /shenzihe/WD-Disk/output/exp4/cat2/checkpoint-100/images/on_top_of_a_mirror/
11/21/2024 21:45:38 - INFO - __main__ - Running validation... 
 Generating 4 images with prompt:on top of the sidewalk in a crowded street.
11/21/2024 21:45:51 - INFO - root - Image have been saved in /shenzihe/WD-Disk/output/exp4/cat2/checkpoint-100/images/on_top_of_the_sidewalk_in_a_crowded_street/
11/21/2024 21:46:05 - INFO - root - Image have been saved in /shenzihe/WD-Disk/output/exp4/cat2/checkpoint-100/images/on_top_of_the_sidewalk_in_a_crowded_street/
11/21/2024 21:46:18 - INFO - root - Image have been saved in /shenzihe/WD-Disk/output/exp4/cat2/checkpoint-100/images/on_top_of_the_sidewalk_in_a_crowded_street/
11/21/2024 21:46:32 - INFO - root - Image have been saved in /shenzihe/WD-Disk/output/exp4/cat2/checkpoint-100/images/on_top_of_the_sidewalk_in_a_crowded_street/
11/21/2024 21:46:32 - INFO - __main__ - Running validation... 
 Generating 4 images with prompt:on top of a dirt road.
11/21/2024 21:46:45 - INFO - root - Image have been saved in /shenzihe/WD-Disk/output/exp4/cat2/checkpoint-100/images/on_top_of_a_dirt_road/
11/21/2024 21:46:58 - INFO - root - Image have been saved in /shenzihe/WD-Disk/output/exp4/cat2/checkpoint-100/images/on_top_of_a_dirt_road/
11/21/2024 21:47:12 - INFO - root - Image have been saved in /shenzihe/WD-Disk/output/exp4/cat2/checkpoint-100/images/on_top_of_a_dirt_road/
11/21/2024 21:47:25 - INFO - root - Image have been saved in /shenzihe/WD-Disk/output/exp4/cat2/checkpoint-100/images/on_top_of_a_dirt_road/
11/21/2024 21:47:25 - INFO - __main__ - Running validation... 
 Generating 4 images with prompt:on top of a white rug.
11/21/2024 21:47:39 - INFO - root - Image have been saved in /shenzihe/WD-Disk/output/exp4/cat2/checkpoint-100/images/on_top_of_a_white_rug/
11/21/2024 21:47:52 - INFO - root - Image have been saved in /shenzihe/WD-Disk/output/exp4/cat2/checkpoint-100/images/on_top_of_a_white_rug/
11/21/2024 21:48:06 - INFO - root - Image have been saved in /shenzihe/WD-Disk/output/exp4/cat2/checkpoint-100/images/on_top_of_a_white_rug/
11/21/2024 21:48:19 - INFO - root - Image have been saved in /shenzihe/WD-Disk/output/exp4/cat2/checkpoint-100/images/on_top_of_a_white_rug/
11/21/2024 21:48:19 - INFO - __main__ - Running validation... 
 Generating 4 images with prompt:red.
11/21/2024 21:48:33 - INFO - root - Image have been saved in /shenzihe/WD-Disk/output/exp4/cat2/checkpoint-100/images/red/
11/21/2024 21:48:46 - INFO - root - Image have been saved in /shenzihe/WD-Disk/output/exp4/cat2/checkpoint-100/images/red/
11/21/2024 21:49:00 - INFO - root - Image have been saved in /shenzihe/WD-Disk/output/exp4/cat2/checkpoint-100/images/red/
11/21/2024 21:49:13 - INFO - root - Image have been saved in /shenzihe/WD-Disk/output/exp4/cat2/checkpoint-100/images/red/
11/21/2024 21:49:13 - INFO - __main__ - Running validation... 
 Generating 4 images with prompt:purple.
11/21/2024 21:49:27 - INFO - root - Image have been saved in /shenzihe/WD-Disk/output/exp4/cat2/checkpoint-100/images/purple/
11/21/2024 21:49:40 - INFO - root - Image have been saved in /shenzihe/WD-Disk/output/exp4/cat2/checkpoint-100/images/purple/
11/21/2024 21:49:54 - INFO - root - Image have been saved in /shenzihe/WD-Disk/output/exp4/cat2/checkpoint-100/images/purple/
11/21/2024 21:50:07 - INFO - root - Image have been saved in /shenzihe/WD-Disk/output/exp4/cat2/checkpoint-100/images/purple/
11/21/2024 21:50:07 - INFO - __main__ - Running validation... 
 Generating 4 images with prompt:shiny.
11/21/2024 21:50:21 - INFO - root - Image have been saved in /shenzihe/WD-Disk/output/exp4/cat2/checkpoint-100/images/shiny/
11/21/2024 21:50:34 - INFO - root - Image have been saved in /shenzihe/WD-Disk/output/exp4/cat2/checkpoint-100/images/shiny/
11/21/2024 21:50:47 - INFO - root - Image have been saved in /shenzihe/WD-Disk/output/exp4/cat2/checkpoint-100/images/shiny/
11/21/2024 21:51:01 - INFO - root - Image have been saved in /shenzihe/WD-Disk/output/exp4/cat2/checkpoint-100/images/shiny/
11/21/2024 21:51:01 - INFO - __main__ - Running validation... 
 Generating 4 images with prompt:wet.
11/21/2024 21:51:14 - INFO - root - Image have been saved in /shenzihe/WD-Disk/output/exp4/cat2/checkpoint-100/images/wet/
11/21/2024 21:51:28 - INFO - root - Image have been saved in /shenzihe/WD-Disk/output/exp4/cat2/checkpoint-100/images/wet/
11/21/2024 21:51:41 - INFO - root - Image have been saved in /shenzihe/WD-Disk/output/exp4/cat2/checkpoint-100/images/wet/
11/21/2024 21:51:55 - INFO - root - Image have been saved in /shenzihe/WD-Disk/output/exp4/cat2/checkpoint-100/images/wet/
11/21/2024 21:51:55 - INFO - __main__ - Running validation... 
 Generating 4 images with prompt:cube shaped.
11/21/2024 21:52:08 - INFO - root - Image have been saved in /shenzihe/WD-Disk/output/exp4/cat2/checkpoint-100/images/cube_shaped/
11/21/2024 21:52:22 - INFO - root - Image have been saved in /shenzihe/WD-Disk/output/exp4/cat2/checkpoint-100/images/cube_shaped/
11/21/2024 21:52:35 - INFO - root - Image have been saved in /shenzihe/WD-Disk/output/exp4/cat2/checkpoint-100/images/cube_shaped/
11/21/2024 21:52:49 - INFO - root - Image have been saved in /shenzihe/WD-Disk/output/exp4/cat2/checkpoint-100/images/cube_shaped/
