11/22/2024 02:08:26 - INFO - __main__ - Distributed environment: NO
Num processes: 1
Process index: 0
Local process index: 0
Device: cuda

Mixed precision type: no

11/22/2024 02:08:30 - INFO - root - freeze vision encoder
11/22/2024 02:08:40 - INFO - root - Loading pretrained model from /root/.cache/torch/hub/checkpoints/blip-diffusion
11/22/2024 02:08:40 - INFO - root - Loading pretrained BLIP2 Qformer weights.
11/22/2024 02:08:42 - INFO - root - Loading pretrained projection lyer weights.
11/22/2024 02:08:42 - INFO - root - Loading pretrained text encoder weights.
11/22/2024 02:08:42 - INFO - root - Loading pretrained vae weights.
11/22/2024 02:08:43 - INFO - root - Loading pretrained unet weights.
11/22/2024 02:08:50 - INFO - root - Using xformers.
11/22/2024 02:08:50 - INFO - root - Building datasets...
11/22/2024 02:09:01 - INFO - root - freeze vision encoder
11/22/2024 02:09:41 - INFO - root - load checkpoint from https://storage.googleapis.com/sfr-vision-language-research/LAVIS/models/BLIP2/blip2_pretrained_flant5xl.pth
11/22/2024 02:09:50 - INFO - __main__ - 
***** Running training *****
11/22/2024 02:09:50 - INFO - __main__ -   Num examples = 6
11/22/2024 02:09:50 - INFO - __main__ -   Num batches each epoch = 2
11/22/2024 02:09:50 - INFO - __main__ -   Num Epochs = 50
11/22/2024 02:09:50 - INFO - __main__ -   Instantaneous batch size per device = 3
11/22/2024 02:09:50 - INFO - __main__ -   Total train batch size (w. parallel, distributed & accumulation) = 3
11/22/2024 02:09:50 - INFO - __main__ -   Gradient Accumulation steps = 1
11/22/2024 02:09:50 - INFO - __main__ -   Total optimization steps = 100
11/22/2024 02:09:50 - INFO - __main__ -   Total parameters number = 1995356906
11/22/2024 02:09:50 - INFO - __main__ -   Training parameters number = 576349697
11/22/2024 02:11:56 - INFO - __main__ - Running validation... 
 Generating 4 images with prompt:in the jungle.
11/22/2024 02:12:09 - INFO - root - Image have been saved in /shenzihe/WD-Disk/output/exp4/fancy_boot/checkpoint-100/images/in_the_jungle/
11/22/2024 02:12:23 - INFO - root - Image have been saved in /shenzihe/WD-Disk/output/exp4/fancy_boot/checkpoint-100/images/in_the_jungle/
11/22/2024 02:12:36 - INFO - root - Image have been saved in /shenzihe/WD-Disk/output/exp4/fancy_boot/checkpoint-100/images/in_the_jungle/
11/22/2024 02:12:49 - INFO - root - Image have been saved in /shenzihe/WD-Disk/output/exp4/fancy_boot/checkpoint-100/images/in_the_jungle/
11/22/2024 02:12:49 - INFO - __main__ - Running validation... 
 Generating 4 images with prompt:in the snow.
11/22/2024 02:13:03 - INFO - root - Image have been saved in /shenzihe/WD-Disk/output/exp4/fancy_boot/checkpoint-100/images/in_the_snow/
11/22/2024 02:13:16 - INFO - root - Image have been saved in /shenzihe/WD-Disk/output/exp4/fancy_boot/checkpoint-100/images/in_the_snow/
11/22/2024 02:13:29 - INFO - root - Image have been saved in /shenzihe/WD-Disk/output/exp4/fancy_boot/checkpoint-100/images/in_the_snow/
11/22/2024 02:13:43 - INFO - root - Image have been saved in /shenzihe/WD-Disk/output/exp4/fancy_boot/checkpoint-100/images/in_the_snow/
11/22/2024 02:13:43 - INFO - __main__ - Running validation... 
 Generating 4 images with prompt:on the beach.
11/22/2024 02:13:56 - INFO - root - Image have been saved in /shenzihe/WD-Disk/output/exp4/fancy_boot/checkpoint-100/images/on_the_beach/
11/22/2024 02:14:10 - INFO - root - Image have been saved in /shenzihe/WD-Disk/output/exp4/fancy_boot/checkpoint-100/images/on_the_beach/
11/22/2024 02:14:23 - INFO - root - Image have been saved in /shenzihe/WD-Disk/output/exp4/fancy_boot/checkpoint-100/images/on_the_beach/
11/22/2024 02:14:36 - INFO - root - Image have been saved in /shenzihe/WD-Disk/output/exp4/fancy_boot/checkpoint-100/images/on_the_beach/
11/22/2024 02:14:36 - INFO - __main__ - Running validation... 
 Generating 4 images with prompt:on a cobblestone street.
11/22/2024 02:14:50 - INFO - root - Image have been saved in /shenzihe/WD-Disk/output/exp4/fancy_boot/checkpoint-100/images/on_a_cobblestone_street/
11/22/2024 02:15:03 - INFO - root - Image have been saved in /shenzihe/WD-Disk/output/exp4/fancy_boot/checkpoint-100/images/on_a_cobblestone_street/
11/22/2024 02:15:17 - INFO - root - Image have been saved in /shenzihe/WD-Disk/output/exp4/fancy_boot/checkpoint-100/images/on_a_cobblestone_street/
11/22/2024 02:15:30 - INFO - root - Image have been saved in /shenzihe/WD-Disk/output/exp4/fancy_boot/checkpoint-100/images/on_a_cobblestone_street/
11/22/2024 02:15:30 - INFO - __main__ - Running validation... 
 Generating 4 images with prompt:on top of pink fabric.
11/22/2024 02:15:43 - INFO - root - Image have been saved in /shenzihe/WD-Disk/output/exp4/fancy_boot/checkpoint-100/images/on_top_of_pink_fabric/
11/22/2024 02:15:57 - INFO - root - Image have been saved in /shenzihe/WD-Disk/output/exp4/fancy_boot/checkpoint-100/images/on_top_of_pink_fabric/
11/22/2024 02:16:10 - INFO - root - Image have been saved in /shenzihe/WD-Disk/output/exp4/fancy_boot/checkpoint-100/images/on_top_of_pink_fabric/
11/22/2024 02:16:24 - INFO - root - Image have been saved in /shenzihe/WD-Disk/output/exp4/fancy_boot/checkpoint-100/images/on_top_of_pink_fabric/
11/22/2024 02:16:24 - INFO - __main__ - Running validation... 
 Generating 4 images with prompt:on top of a wooden floor.
11/22/2024 02:16:37 - INFO - root - Image have been saved in /shenzihe/WD-Disk/output/exp4/fancy_boot/checkpoint-100/images/on_top_of_a_wooden_floor/
11/22/2024 02:16:50 - INFO - root - Image have been saved in /shenzihe/WD-Disk/output/exp4/fancy_boot/checkpoint-100/images/on_top_of_a_wooden_floor/
11/22/2024 02:17:04 - INFO - root - Image have been saved in /shenzihe/WD-Disk/output/exp4/fancy_boot/checkpoint-100/images/on_top_of_a_wooden_floor/
11/22/2024 02:17:17 - INFO - root - Image have been saved in /shenzihe/WD-Disk/output/exp4/fancy_boot/checkpoint-100/images/on_top_of_a_wooden_floor/
11/22/2024 02:17:17 - INFO - __main__ - Running validation... 
 Generating 4 images with prompt:with a city in the background.
11/22/2024 02:17:31 - INFO - root - Image have been saved in /shenzihe/WD-Disk/output/exp4/fancy_boot/checkpoint-100/images/with_a_city_in_the_background/
11/22/2024 02:17:44 - INFO - root - Image have been saved in /shenzihe/WD-Disk/output/exp4/fancy_boot/checkpoint-100/images/with_a_city_in_the_background/
11/22/2024 02:17:57 - INFO - root - Image have been saved in /shenzihe/WD-Disk/output/exp4/fancy_boot/checkpoint-100/images/with_a_city_in_the_background/
11/22/2024 02:18:11 - INFO - root - Image have been saved in /shenzihe/WD-Disk/output/exp4/fancy_boot/checkpoint-100/images/with_a_city_in_the_background/
11/22/2024 02:18:11 - INFO - __main__ - Running validation... 
 Generating 4 images with prompt:with a mountain in the background.
11/22/2024 02:18:24 - INFO - root - Image have been saved in /shenzihe/WD-Disk/output/exp4/fancy_boot/checkpoint-100/images/with_a_mountain_in_the_background/
11/22/2024 02:18:38 - INFO - root - Image have been saved in /shenzihe/WD-Disk/output/exp4/fancy_boot/checkpoint-100/images/with_a_mountain_in_the_background/
11/22/2024 02:18:51 - INFO - root - Image have been saved in /shenzihe/WD-Disk/output/exp4/fancy_boot/checkpoint-100/images/with_a_mountain_in_the_background/
11/22/2024 02:19:04 - INFO - root - Image have been saved in /shenzihe/WD-Disk/output/exp4/fancy_boot/checkpoint-100/images/with_a_mountain_in_the_background/
11/22/2024 02:19:04 - INFO - __main__ - Running validation... 
 Generating 4 images with prompt:with a blue house in the background.
11/22/2024 02:19:18 - INFO - root - Image have been saved in /shenzihe/WD-Disk/output/exp4/fancy_boot/checkpoint-100/images/with_a_blue_house_in_the_background/
11/22/2024 02:19:32 - INFO - root - Image have been saved in /shenzihe/WD-Disk/output/exp4/fancy_boot/checkpoint-100/images/with_a_blue_house_in_the_background/
11/22/2024 02:19:46 - INFO - root - Image have been saved in /shenzihe/WD-Disk/output/exp4/fancy_boot/checkpoint-100/images/with_a_blue_house_in_the_background/
11/22/2024 02:19:59 - INFO - root - Image have been saved in /shenzihe/WD-Disk/output/exp4/fancy_boot/checkpoint-100/images/with_a_blue_house_in_the_background/
11/22/2024 02:19:59 - INFO - __main__ - Running validation... 
 Generating 4 images with prompt:on top of a purple rug in a forest.
11/22/2024 02:20:13 - INFO - root - Image have been saved in /shenzihe/WD-Disk/output/exp4/fancy_boot/checkpoint-100/images/on_top_of_a_purple_rug_in_a_forest/
11/22/2024 02:20:26 - INFO - root - Image have been saved in /shenzihe/WD-Disk/output/exp4/fancy_boot/checkpoint-100/images/on_top_of_a_purple_rug_in_a_forest/
11/22/2024 02:20:39 - INFO - root - Image have been saved in /shenzihe/WD-Disk/output/exp4/fancy_boot/checkpoint-100/images/on_top_of_a_purple_rug_in_a_forest/
11/22/2024 02:20:53 - INFO - root - Image have been saved in /shenzihe/WD-Disk/output/exp4/fancy_boot/checkpoint-100/images/on_top_of_a_purple_rug_in_a_forest/
11/22/2024 02:20:53 - INFO - __main__ - Running validation... 
 Generating 4 images with prompt:with a wheat field in the background.
11/22/2024 02:21:06 - INFO - root - Image have been saved in /shenzihe/WD-Disk/output/exp4/fancy_boot/checkpoint-100/images/with_a_wheat_field_in_the_background/
11/22/2024 02:21:20 - INFO - root - Image have been saved in /shenzihe/WD-Disk/output/exp4/fancy_boot/checkpoint-100/images/with_a_wheat_field_in_the_background/
11/22/2024 02:21:33 - INFO - root - Image have been saved in /shenzihe/WD-Disk/output/exp4/fancy_boot/checkpoint-100/images/with_a_wheat_field_in_the_background/
11/22/2024 02:21:47 - INFO - root - Image have been saved in /shenzihe/WD-Disk/output/exp4/fancy_boot/checkpoint-100/images/with_a_wheat_field_in_the_background/
11/22/2024 02:21:47 - INFO - __main__ - Running validation... 
 Generating 4 images with prompt:with a tree and autumn leaves in the background.
11/22/2024 02:22:00 - INFO - root - Image have been saved in /shenzihe/WD-Disk/output/exp4/fancy_boot/checkpoint-100/images/with_a_tree_and_autumn_leaves_in_the_background/
11/22/2024 02:22:13 - INFO - root - Image have been saved in /shenzihe/WD-Disk/output/exp4/fancy_boot/checkpoint-100/images/with_a_tree_and_autumn_leaves_in_the_background/
11/22/2024 02:22:27 - INFO - root - Image have been saved in /shenzihe/WD-Disk/output/exp4/fancy_boot/checkpoint-100/images/with_a_tree_and_autumn_leaves_in_the_background/
11/22/2024 02:22:40 - INFO - root - Image have been saved in /shenzihe/WD-Disk/output/exp4/fancy_boot/checkpoint-100/images/with_a_tree_and_autumn_leaves_in_the_background/
11/22/2024 02:22:40 - INFO - __main__ - Running validation... 
 Generating 4 images with prompt:with the Eiffel Tower in the background.
11/22/2024 02:22:54 - INFO - root - Image have been saved in /shenzihe/WD-Disk/output/exp4/fancy_boot/checkpoint-100/images/with_the_Eiffel_Tower_in_the_background/
11/22/2024 02:23:07 - INFO - root - Image have been saved in /shenzihe/WD-Disk/output/exp4/fancy_boot/checkpoint-100/images/with_the_Eiffel_Tower_in_the_background/
11/22/2024 02:23:20 - INFO - root - Image have been saved in /shenzihe/WD-Disk/output/exp4/fancy_boot/checkpoint-100/images/with_the_Eiffel_Tower_in_the_background/
11/22/2024 02:23:34 - INFO - root - Image have been saved in /shenzihe/WD-Disk/output/exp4/fancy_boot/checkpoint-100/images/with_the_Eiffel_Tower_in_the_background/
11/22/2024 02:23:34 - INFO - __main__ - Running validation... 
 Generating 4 images with prompt:floating on top of water.
11/22/2024 02:23:47 - INFO - root - Image have been saved in /shenzihe/WD-Disk/output/exp4/fancy_boot/checkpoint-100/images/floating_on_top_of_water/
11/22/2024 02:24:01 - INFO - root - Image have been saved in /shenzihe/WD-Disk/output/exp4/fancy_boot/checkpoint-100/images/floating_on_top_of_water/
11/22/2024 02:24:14 - INFO - root - Image have been saved in /shenzihe/WD-Disk/output/exp4/fancy_boot/checkpoint-100/images/floating_on_top_of_water/
11/22/2024 02:24:28 - INFO - root - Image have been saved in /shenzihe/WD-Disk/output/exp4/fancy_boot/checkpoint-100/images/floating_on_top_of_water/
11/22/2024 02:24:28 - INFO - __main__ - Running validation... 
 Generating 4 images with prompt:floating in an ocean of milk.
11/22/2024 02:24:41 - INFO - root - Image have been saved in /shenzihe/WD-Disk/output/exp4/fancy_boot/checkpoint-100/images/floating_in_an_ocean_of_milk/
11/22/2024 02:24:54 - INFO - root - Image have been saved in /shenzihe/WD-Disk/output/exp4/fancy_boot/checkpoint-100/images/floating_in_an_ocean_of_milk/
11/22/2024 02:25:08 - INFO - root - Image have been saved in /shenzihe/WD-Disk/output/exp4/fancy_boot/checkpoint-100/images/floating_in_an_ocean_of_milk/
11/22/2024 02:25:21 - INFO - root - Image have been saved in /shenzihe/WD-Disk/output/exp4/fancy_boot/checkpoint-100/images/floating_in_an_ocean_of_milk/
11/22/2024 02:25:21 - INFO - __main__ - Running validation... 
 Generating 4 images with prompt:on top of green grass with sunflowers around it.
11/22/2024 02:25:35 - INFO - root - Image have been saved in /shenzihe/WD-Disk/output/exp4/fancy_boot/checkpoint-100/images/on_top_of_green_grass_with_sunflowers_around_it/
11/22/2024 02:25:48 - INFO - root - Image have been saved in /shenzihe/WD-Disk/output/exp4/fancy_boot/checkpoint-100/images/on_top_of_green_grass_with_sunflowers_around_it/
11/22/2024 02:26:02 - INFO - root - Image have been saved in /shenzihe/WD-Disk/output/exp4/fancy_boot/checkpoint-100/images/on_top_of_green_grass_with_sunflowers_around_it/
11/22/2024 02:26:15 - INFO - root - Image have been saved in /shenzihe/WD-Disk/output/exp4/fancy_boot/checkpoint-100/images/on_top_of_green_grass_with_sunflowers_around_it/
11/22/2024 02:26:15 - INFO - __main__ - Running validation... 
 Generating 4 images with prompt:on top of a mirror.
11/22/2024 02:26:28 - INFO - root - Image have been saved in /shenzihe/WD-Disk/output/exp4/fancy_boot/checkpoint-100/images/on_top_of_a_mirror/
11/22/2024 02:26:42 - INFO - root - Image have been saved in /shenzihe/WD-Disk/output/exp4/fancy_boot/checkpoint-100/images/on_top_of_a_mirror/
11/22/2024 02:26:55 - INFO - root - Image have been saved in /shenzihe/WD-Disk/output/exp4/fancy_boot/checkpoint-100/images/on_top_of_a_mirror/
11/22/2024 02:27:09 - INFO - root - Image have been saved in /shenzihe/WD-Disk/output/exp4/fancy_boot/checkpoint-100/images/on_top_of_a_mirror/
11/22/2024 02:27:09 - INFO - __main__ - Running validation... 
 Generating 4 images with prompt:on top of the sidewalk in a crowded street.
11/22/2024 02:27:22 - INFO - root - Image have been saved in /shenzihe/WD-Disk/output/exp4/fancy_boot/checkpoint-100/images/on_top_of_the_sidewalk_in_a_crowded_street/
11/22/2024 02:27:35 - INFO - root - Image have been saved in /shenzihe/WD-Disk/output/exp4/fancy_boot/checkpoint-100/images/on_top_of_the_sidewalk_in_a_crowded_street/
11/22/2024 02:27:49 - INFO - root - Image have been saved in /shenzihe/WD-Disk/output/exp4/fancy_boot/checkpoint-100/images/on_top_of_the_sidewalk_in_a_crowded_street/
11/22/2024 02:28:02 - INFO - root - Image have been saved in /shenzihe/WD-Disk/output/exp4/fancy_boot/checkpoint-100/images/on_top_of_the_sidewalk_in_a_crowded_street/
11/22/2024 02:28:02 - INFO - __main__ - Running validation... 
 Generating 4 images with prompt:on top of a dirt road.
11/22/2024 02:28:16 - INFO - root - Image have been saved in /shenzihe/WD-Disk/output/exp4/fancy_boot/checkpoint-100/images/on_top_of_a_dirt_road/
11/22/2024 02:28:29 - INFO - root - Image have been saved in /shenzihe/WD-Disk/output/exp4/fancy_boot/checkpoint-100/images/on_top_of_a_dirt_road/
11/22/2024 02:28:42 - INFO - root - Image have been saved in /shenzihe/WD-Disk/output/exp4/fancy_boot/checkpoint-100/images/on_top_of_a_dirt_road/
11/22/2024 02:28:56 - INFO - root - Image have been saved in /shenzihe/WD-Disk/output/exp4/fancy_boot/checkpoint-100/images/on_top_of_a_dirt_road/
11/22/2024 02:28:56 - INFO - __main__ - Running validation... 
 Generating 4 images with prompt:on top of a white rug.
11/22/2024 02:29:09 - INFO - root - Image have been saved in /shenzihe/WD-Disk/output/exp4/fancy_boot/checkpoint-100/images/on_top_of_a_white_rug/
11/22/2024 02:29:23 - INFO - root - Image have been saved in /shenzihe/WD-Disk/output/exp4/fancy_boot/checkpoint-100/images/on_top_of_a_white_rug/
11/22/2024 02:29:37 - INFO - root - Image have been saved in /shenzihe/WD-Disk/output/exp4/fancy_boot/checkpoint-100/images/on_top_of_a_white_rug/
11/22/2024 02:29:50 - INFO - root - Image have been saved in /shenzihe/WD-Disk/output/exp4/fancy_boot/checkpoint-100/images/on_top_of_a_white_rug/
11/22/2024 02:29:50 - INFO - __main__ - Running validation... 
 Generating 4 images with prompt:red.
11/22/2024 02:30:04 - INFO - root - Image have been saved in /shenzihe/WD-Disk/output/exp4/fancy_boot/checkpoint-100/images/red/
11/22/2024 02:30:17 - INFO - root - Image have been saved in /shenzihe/WD-Disk/output/exp4/fancy_boot/checkpoint-100/images/red/
11/22/2024 02:30:31 - INFO - root - Image have been saved in /shenzihe/WD-Disk/output/exp4/fancy_boot/checkpoint-100/images/red/
11/22/2024 02:30:44 - INFO - root - Image have been saved in /shenzihe/WD-Disk/output/exp4/fancy_boot/checkpoint-100/images/red/
11/22/2024 02:30:44 - INFO - __main__ - Running validation... 
 Generating 4 images with prompt:purple.
11/22/2024 02:30:57 - INFO - root - Image have been saved in /shenzihe/WD-Disk/output/exp4/fancy_boot/checkpoint-100/images/purple/
11/22/2024 02:31:11 - INFO - root - Image have been saved in /shenzihe/WD-Disk/output/exp4/fancy_boot/checkpoint-100/images/purple/
11/22/2024 02:31:24 - INFO - root - Image have been saved in /shenzihe/WD-Disk/output/exp4/fancy_boot/checkpoint-100/images/purple/
11/22/2024 02:31:38 - INFO - root - Image have been saved in /shenzihe/WD-Disk/output/exp4/fancy_boot/checkpoint-100/images/purple/
11/22/2024 02:31:38 - INFO - __main__ - Running validation... 
 Generating 4 images with prompt:shiny.
11/22/2024 02:31:51 - INFO - root - Image have been saved in /shenzihe/WD-Disk/output/exp4/fancy_boot/checkpoint-100/images/shiny/
11/22/2024 02:32:04 - INFO - root - Image have been saved in /shenzihe/WD-Disk/output/exp4/fancy_boot/checkpoint-100/images/shiny/
11/22/2024 02:32:18 - INFO - root - Image have been saved in /shenzihe/WD-Disk/output/exp4/fancy_boot/checkpoint-100/images/shiny/
11/22/2024 02:32:31 - INFO - root - Image have been saved in /shenzihe/WD-Disk/output/exp4/fancy_boot/checkpoint-100/images/shiny/
11/22/2024 02:32:31 - INFO - __main__ - Running validation... 
 Generating 4 images with prompt:wet.
11/22/2024 02:32:45 - INFO - root - Image have been saved in /shenzihe/WD-Disk/output/exp4/fancy_boot/checkpoint-100/images/wet/
11/22/2024 02:32:58 - INFO - root - Image have been saved in /shenzihe/WD-Disk/output/exp4/fancy_boot/checkpoint-100/images/wet/
11/22/2024 02:33:11 - INFO - root - Image have been saved in /shenzihe/WD-Disk/output/exp4/fancy_boot/checkpoint-100/images/wet/
11/22/2024 02:33:25 - INFO - root - Image have been saved in /shenzihe/WD-Disk/output/exp4/fancy_boot/checkpoint-100/images/wet/
11/22/2024 02:33:25 - INFO - __main__ - Running validation... 
 Generating 4 images with prompt:cube shaped.
11/22/2024 02:33:38 - INFO - root - Image have been saved in /shenzihe/WD-Disk/output/exp4/fancy_boot/checkpoint-100/images/cube_shaped/
11/22/2024 02:33:52 - INFO - root - Image have been saved in /shenzihe/WD-Disk/output/exp4/fancy_boot/checkpoint-100/images/cube_shaped/
11/22/2024 02:34:05 - INFO - root - Image have been saved in /shenzihe/WD-Disk/output/exp4/fancy_boot/checkpoint-100/images/cube_shaped/
11/22/2024 02:34:18 - INFO - root - Image have been saved in /shenzihe/WD-Disk/output/exp4/fancy_boot/checkpoint-100/images/cube_shaped/
