11/21/2024 21:53:00 - INFO - __main__ - Distributed environment: NO
Num processes: 1
Process index: 0
Local process index: 0
Device: cuda

Mixed precision type: no

11/21/2024 21:53:06 - INFO - root - freeze vision encoder
11/21/2024 21:53:17 - INFO - root - Loading pretrained model from /root/.cache/torch/hub/checkpoints/blip-diffusion
11/21/2024 21:53:17 - INFO - root - Loading pretrained BLIP2 Qformer weights.
11/21/2024 21:53:18 - INFO - root - Loading pretrained projection lyer weights.
11/21/2024 21:53:18 - INFO - root - Loading pretrained text encoder weights.
11/21/2024 21:53:19 - INFO - root - Loading pretrained vae weights.
11/21/2024 21:53:20 - INFO - root - Loading pretrained unet weights.
11/21/2024 21:53:27 - INFO - root - Using xformers.
11/21/2024 21:53:27 - INFO - root - Building datasets...
11/21/2024 21:53:38 - INFO - root - freeze vision encoder
11/21/2024 21:54:13 - INFO - root - load checkpoint from https://storage.googleapis.com/sfr-vision-language-research/LAVIS/models/BLIP2/blip2_pretrained_flant5xl.pth
11/21/2024 21:54:19 - INFO - __main__ - 
***** Running training *****
11/21/2024 21:54:19 - INFO - __main__ -   Num examples = 6
11/21/2024 21:54:19 - INFO - __main__ -   Num batches each epoch = 2
11/21/2024 21:54:19 - INFO - __main__ -   Num Epochs = 50
11/21/2024 21:54:19 - INFO - __main__ -   Instantaneous batch size per device = 3
11/21/2024 21:54:19 - INFO - __main__ -   Total train batch size (w. parallel, distributed & accumulation) = 3
11/21/2024 21:54:19 - INFO - __main__ -   Gradient Accumulation steps = 1
11/21/2024 21:54:19 - INFO - __main__ -   Total optimization steps = 100
11/21/2024 21:54:19 - INFO - __main__ -   Total parameters number = 1995356906
11/21/2024 21:54:19 - INFO - __main__ -   Training parameters number = 576349697
11/21/2024 21:56:13 - INFO - __main__ - Running validation... 
 Generating 4 images with prompt:in the jungle.
11/21/2024 21:56:27 - INFO - root - Image have been saved in /shenzihe/WD-Disk/output/exp4/clock/checkpoint-100/images/in_the_jungle/
11/21/2024 21:56:40 - INFO - root - Image have been saved in /shenzihe/WD-Disk/output/exp4/clock/checkpoint-100/images/in_the_jungle/
11/21/2024 21:56:53 - INFO - root - Image have been saved in /shenzihe/WD-Disk/output/exp4/clock/checkpoint-100/images/in_the_jungle/
11/21/2024 21:57:07 - INFO - root - Image have been saved in /shenzihe/WD-Disk/output/exp4/clock/checkpoint-100/images/in_the_jungle/
11/21/2024 21:57:07 - INFO - __main__ - Running validation... 
 Generating 4 images with prompt:in the snow.
11/21/2024 21:57:20 - INFO - root - Image have been saved in /shenzihe/WD-Disk/output/exp4/clock/checkpoint-100/images/in_the_snow/
11/21/2024 21:57:34 - INFO - root - Image have been saved in /shenzihe/WD-Disk/output/exp4/clock/checkpoint-100/images/in_the_snow/
11/21/2024 21:57:47 - INFO - root - Image have been saved in /shenzihe/WD-Disk/output/exp4/clock/checkpoint-100/images/in_the_snow/
11/21/2024 21:58:01 - INFO - root - Image have been saved in /shenzihe/WD-Disk/output/exp4/clock/checkpoint-100/images/in_the_snow/
11/21/2024 21:58:01 - INFO - __main__ - Running validation... 
 Generating 4 images with prompt:on the beach.
11/21/2024 21:58:14 - INFO - root - Image have been saved in /shenzihe/WD-Disk/output/exp4/clock/checkpoint-100/images/on_the_beach/
11/21/2024 21:58:28 - INFO - root - Image have been saved in /shenzihe/WD-Disk/output/exp4/clock/checkpoint-100/images/on_the_beach/
11/21/2024 21:58:41 - INFO - root - Image have been saved in /shenzihe/WD-Disk/output/exp4/clock/checkpoint-100/images/on_the_beach/
11/21/2024 21:58:55 - INFO - root - Image have been saved in /shenzihe/WD-Disk/output/exp4/clock/checkpoint-100/images/on_the_beach/
11/21/2024 21:58:55 - INFO - __main__ - Running validation... 
 Generating 4 images with prompt:on a cobblestone street.
11/21/2024 21:59:08 - INFO - root - Image have been saved in /shenzihe/WD-Disk/output/exp4/clock/checkpoint-100/images/on_a_cobblestone_street/
11/21/2024 21:59:21 - INFO - root - Image have been saved in /shenzihe/WD-Disk/output/exp4/clock/checkpoint-100/images/on_a_cobblestone_street/
11/21/2024 21:59:35 - INFO - root - Image have been saved in /shenzihe/WD-Disk/output/exp4/clock/checkpoint-100/images/on_a_cobblestone_street/
11/21/2024 21:59:48 - INFO - root - Image have been saved in /shenzihe/WD-Disk/output/exp4/clock/checkpoint-100/images/on_a_cobblestone_street/
11/21/2024 21:59:48 - INFO - __main__ - Running validation... 
 Generating 4 images with prompt:on top of pink fabric.
11/21/2024 22:00:02 - INFO - root - Image have been saved in /shenzihe/WD-Disk/output/exp4/clock/checkpoint-100/images/on_top_of_pink_fabric/
11/21/2024 22:00:15 - INFO - root - Image have been saved in /shenzihe/WD-Disk/output/exp4/clock/checkpoint-100/images/on_top_of_pink_fabric/
11/21/2024 22:00:29 - INFO - root - Image have been saved in /shenzihe/WD-Disk/output/exp4/clock/checkpoint-100/images/on_top_of_pink_fabric/
11/21/2024 22:00:42 - INFO - root - Image have been saved in /shenzihe/WD-Disk/output/exp4/clock/checkpoint-100/images/on_top_of_pink_fabric/
11/21/2024 22:00:42 - INFO - __main__ - Running validation... 
 Generating 4 images with prompt:on top of a wooden floor.
11/21/2024 22:00:56 - INFO - root - Image have been saved in /shenzihe/WD-Disk/output/exp4/clock/checkpoint-100/images/on_top_of_a_wooden_floor/
11/21/2024 22:01:09 - INFO - root - Image have been saved in /shenzihe/WD-Disk/output/exp4/clock/checkpoint-100/images/on_top_of_a_wooden_floor/
11/21/2024 22:01:22 - INFO - root - Image have been saved in /shenzihe/WD-Disk/output/exp4/clock/checkpoint-100/images/on_top_of_a_wooden_floor/
11/21/2024 22:01:36 - INFO - root - Image have been saved in /shenzihe/WD-Disk/output/exp4/clock/checkpoint-100/images/on_top_of_a_wooden_floor/
11/21/2024 22:01:36 - INFO - __main__ - Running validation... 
 Generating 4 images with prompt:with a city in the background.
11/21/2024 22:01:49 - INFO - root - Image have been saved in /shenzihe/WD-Disk/output/exp4/clock/checkpoint-100/images/with_a_city_in_the_background/
11/21/2024 22:02:03 - INFO - root - Image have been saved in /shenzihe/WD-Disk/output/exp4/clock/checkpoint-100/images/with_a_city_in_the_background/
11/21/2024 22:02:16 - INFO - root - Image have been saved in /shenzihe/WD-Disk/output/exp4/clock/checkpoint-100/images/with_a_city_in_the_background/
11/21/2024 22:02:30 - INFO - root - Image have been saved in /shenzihe/WD-Disk/output/exp4/clock/checkpoint-100/images/with_a_city_in_the_background/
11/21/2024 22:02:30 - INFO - __main__ - Running validation... 
 Generating 4 images with prompt:with a mountain in the background.
11/21/2024 22:02:43 - INFO - root - Image have been saved in /shenzihe/WD-Disk/output/exp4/clock/checkpoint-100/images/with_a_mountain_in_the_background/
11/21/2024 22:02:57 - INFO - root - Image have been saved in /shenzihe/WD-Disk/output/exp4/clock/checkpoint-100/images/with_a_mountain_in_the_background/
11/21/2024 22:03:10 - INFO - root - Image have been saved in /shenzihe/WD-Disk/output/exp4/clock/checkpoint-100/images/with_a_mountain_in_the_background/
11/21/2024 22:03:23 - INFO - root - Image have been saved in /shenzihe/WD-Disk/output/exp4/clock/checkpoint-100/images/with_a_mountain_in_the_background/
11/21/2024 22:03:23 - INFO - __main__ - Running validation... 
 Generating 4 images with prompt:with a blue house in the background.
11/21/2024 22:03:37 - INFO - root - Image have been saved in /shenzihe/WD-Disk/output/exp4/clock/checkpoint-100/images/with_a_blue_house_in_the_background/
11/21/2024 22:03:51 - INFO - root - Image have been saved in /shenzihe/WD-Disk/output/exp4/clock/checkpoint-100/images/with_a_blue_house_in_the_background/
11/21/2024 22:04:04 - INFO - root - Image have been saved in /shenzihe/WD-Disk/output/exp4/clock/checkpoint-100/images/with_a_blue_house_in_the_background/
11/21/2024 22:04:17 - INFO - root - Image have been saved in /shenzihe/WD-Disk/output/exp4/clock/checkpoint-100/images/with_a_blue_house_in_the_background/
11/21/2024 22:04:17 - INFO - __main__ - Running validation... 
 Generating 4 images with prompt:on top of a purple rug in a forest.
11/21/2024 22:04:31 - INFO - root - Image have been saved in /shenzihe/WD-Disk/output/exp4/clock/checkpoint-100/images/on_top_of_a_purple_rug_in_a_forest/
11/21/2024 22:04:44 - INFO - root - Image have been saved in /shenzihe/WD-Disk/output/exp4/clock/checkpoint-100/images/on_top_of_a_purple_rug_in_a_forest/
11/21/2024 22:04:58 - INFO - root - Image have been saved in /shenzihe/WD-Disk/output/exp4/clock/checkpoint-100/images/on_top_of_a_purple_rug_in_a_forest/
11/21/2024 22:05:11 - INFO - root - Image have been saved in /shenzihe/WD-Disk/output/exp4/clock/checkpoint-100/images/on_top_of_a_purple_rug_in_a_forest/
11/21/2024 22:05:11 - INFO - __main__ - Running validation... 
 Generating 4 images with prompt:with a wheat field in the background.
11/21/2024 22:05:25 - INFO - root - Image have been saved in /shenzihe/WD-Disk/output/exp4/clock/checkpoint-100/images/with_a_wheat_field_in_the_background/
11/21/2024 22:05:38 - INFO - root - Image have been saved in /shenzihe/WD-Disk/output/exp4/clock/checkpoint-100/images/with_a_wheat_field_in_the_background/
11/21/2024 22:05:52 - INFO - root - Image have been saved in /shenzihe/WD-Disk/output/exp4/clock/checkpoint-100/images/with_a_wheat_field_in_the_background/
11/21/2024 22:06:05 - INFO - root - Image have been saved in /shenzihe/WD-Disk/output/exp4/clock/checkpoint-100/images/with_a_wheat_field_in_the_background/
11/21/2024 22:06:05 - INFO - __main__ - Running validation... 
 Generating 4 images with prompt:with a tree and autumn leaves in the background.
11/21/2024 22:06:18 - INFO - root - Image have been saved in /shenzihe/WD-Disk/output/exp4/clock/checkpoint-100/images/with_a_tree_and_autumn_leaves_in_the_background/
11/21/2024 22:06:32 - INFO - root - Image have been saved in /shenzihe/WD-Disk/output/exp4/clock/checkpoint-100/images/with_a_tree_and_autumn_leaves_in_the_background/
11/21/2024 22:06:45 - INFO - root - Image have been saved in /shenzihe/WD-Disk/output/exp4/clock/checkpoint-100/images/with_a_tree_and_autumn_leaves_in_the_background/
11/21/2024 22:06:59 - INFO - root - Image have been saved in /shenzihe/WD-Disk/output/exp4/clock/checkpoint-100/images/with_a_tree_and_autumn_leaves_in_the_background/
11/21/2024 22:06:59 - INFO - __main__ - Running validation... 
 Generating 4 images with prompt:with the Eiffel Tower in the background.
11/21/2024 22:07:12 - INFO - root - Image have been saved in /shenzihe/WD-Disk/output/exp4/clock/checkpoint-100/images/with_the_Eiffel_Tower_in_the_background/
11/21/2024 22:07:26 - INFO - root - Image have been saved in /shenzihe/WD-Disk/output/exp4/clock/checkpoint-100/images/with_the_Eiffel_Tower_in_the_background/
11/21/2024 22:07:39 - INFO - root - Image have been saved in /shenzihe/WD-Disk/output/exp4/clock/checkpoint-100/images/with_the_Eiffel_Tower_in_the_background/
11/21/2024 22:07:53 - INFO - root - Image have been saved in /shenzihe/WD-Disk/output/exp4/clock/checkpoint-100/images/with_the_Eiffel_Tower_in_the_background/
11/21/2024 22:07:53 - INFO - __main__ - Running validation... 
 Generating 4 images with prompt:floating on top of water.
11/21/2024 22:08:06 - INFO - root - Image have been saved in /shenzihe/WD-Disk/output/exp4/clock/checkpoint-100/images/floating_on_top_of_water/
11/21/2024 22:08:20 - INFO - root - Image have been saved in /shenzihe/WD-Disk/output/exp4/clock/checkpoint-100/images/floating_on_top_of_water/
11/21/2024 22:08:33 - INFO - root - Image have been saved in /shenzihe/WD-Disk/output/exp4/clock/checkpoint-100/images/floating_on_top_of_water/
11/21/2024 22:08:46 - INFO - root - Image have been saved in /shenzihe/WD-Disk/output/exp4/clock/checkpoint-100/images/floating_on_top_of_water/
11/21/2024 22:08:46 - INFO - __main__ - Running validation... 
 Generating 4 images with prompt:floating in an ocean of milk.
11/21/2024 22:09:00 - INFO - root - Image have been saved in /shenzihe/WD-Disk/output/exp4/clock/checkpoint-100/images/floating_in_an_ocean_of_milk/
11/21/2024 22:09:13 - INFO - root - Image have been saved in /shenzihe/WD-Disk/output/exp4/clock/checkpoint-100/images/floating_in_an_ocean_of_milk/
11/21/2024 22:09:27 - INFO - root - Image have been saved in /shenzihe/WD-Disk/output/exp4/clock/checkpoint-100/images/floating_in_an_ocean_of_milk/
11/21/2024 22:09:40 - INFO - root - Image have been saved in /shenzihe/WD-Disk/output/exp4/clock/checkpoint-100/images/floating_in_an_ocean_of_milk/
11/21/2024 22:09:40 - INFO - __main__ - Running validation... 
 Generating 4 images with prompt:on top of green grass with sunflowers around it.
11/21/2024 22:09:54 - INFO - root - Image have been saved in /shenzihe/WD-Disk/output/exp4/clock/checkpoint-100/images/on_top_of_green_grass_with_sunflowers_around_it/
11/21/2024 22:10:07 - INFO - root - Image have been saved in /shenzihe/WD-Disk/output/exp4/clock/checkpoint-100/images/on_top_of_green_grass_with_sunflowers_around_it/
11/21/2024 22:10:21 - INFO - root - Image have been saved in /shenzihe/WD-Disk/output/exp4/clock/checkpoint-100/images/on_top_of_green_grass_with_sunflowers_around_it/
11/21/2024 22:10:34 - INFO - root - Image have been saved in /shenzihe/WD-Disk/output/exp4/clock/checkpoint-100/images/on_top_of_green_grass_with_sunflowers_around_it/
11/21/2024 22:10:34 - INFO - __main__ - Running validation... 
 Generating 4 images with prompt:on top of a mirror.
11/21/2024 22:10:48 - INFO - root - Image have been saved in /shenzihe/WD-Disk/output/exp4/clock/checkpoint-100/images/on_top_of_a_mirror/
11/21/2024 22:11:01 - INFO - root - Image have been saved in /shenzihe/WD-Disk/output/exp4/clock/checkpoint-100/images/on_top_of_a_mirror/
11/21/2024 22:11:14 - INFO - root - Image have been saved in /shenzihe/WD-Disk/output/exp4/clock/checkpoint-100/images/on_top_of_a_mirror/
11/21/2024 22:11:28 - INFO - root - Image have been saved in /shenzihe/WD-Disk/output/exp4/clock/checkpoint-100/images/on_top_of_a_mirror/
11/21/2024 22:11:28 - INFO - __main__ - Running validation... 
 Generating 4 images with prompt:on top of the sidewalk in a crowded street.
11/21/2024 22:11:41 - INFO - root - Image have been saved in /shenzihe/WD-Disk/output/exp4/clock/checkpoint-100/images/on_top_of_the_sidewalk_in_a_crowded_street/
11/21/2024 22:11:55 - INFO - root - Image have been saved in /shenzihe/WD-Disk/output/exp4/clock/checkpoint-100/images/on_top_of_the_sidewalk_in_a_crowded_street/
11/21/2024 22:12:08 - INFO - root - Image have been saved in /shenzihe/WD-Disk/output/exp4/clock/checkpoint-100/images/on_top_of_the_sidewalk_in_a_crowded_street/
11/21/2024 22:12:22 - INFO - root - Image have been saved in /shenzihe/WD-Disk/output/exp4/clock/checkpoint-100/images/on_top_of_the_sidewalk_in_a_crowded_street/
11/21/2024 22:12:22 - INFO - __main__ - Running validation... 
 Generating 4 images with prompt:on top of a dirt road.
11/21/2024 22:12:35 - INFO - root - Image have been saved in /shenzihe/WD-Disk/output/exp4/clock/checkpoint-100/images/on_top_of_a_dirt_road/
11/21/2024 22:12:48 - INFO - root - Image have been saved in /shenzihe/WD-Disk/output/exp4/clock/checkpoint-100/images/on_top_of_a_dirt_road/
11/21/2024 22:13:02 - INFO - root - Image have been saved in /shenzihe/WD-Disk/output/exp4/clock/checkpoint-100/images/on_top_of_a_dirt_road/
11/21/2024 22:13:16 - INFO - root - Image have been saved in /shenzihe/WD-Disk/output/exp4/clock/checkpoint-100/images/on_top_of_a_dirt_road/
11/21/2024 22:13:16 - INFO - __main__ - Running validation... 
 Generating 4 images with prompt:on top of a white rug.
11/21/2024 22:13:29 - INFO - root - Image have been saved in /shenzihe/WD-Disk/output/exp4/clock/checkpoint-100/images/on_top_of_a_white_rug/
11/21/2024 22:13:43 - INFO - root - Image have been saved in /shenzihe/WD-Disk/output/exp4/clock/checkpoint-100/images/on_top_of_a_white_rug/
11/21/2024 22:13:56 - INFO - root - Image have been saved in /shenzihe/WD-Disk/output/exp4/clock/checkpoint-100/images/on_top_of_a_white_rug/
11/21/2024 22:14:09 - INFO - root - Image have been saved in /shenzihe/WD-Disk/output/exp4/clock/checkpoint-100/images/on_top_of_a_white_rug/
11/21/2024 22:14:09 - INFO - __main__ - Running validation... 
 Generating 4 images with prompt:red.
11/21/2024 22:14:23 - INFO - root - Image have been saved in /shenzihe/WD-Disk/output/exp4/clock/checkpoint-100/images/red/
11/21/2024 22:14:36 - INFO - root - Image have been saved in /shenzihe/WD-Disk/output/exp4/clock/checkpoint-100/images/red/
11/21/2024 22:14:50 - INFO - root - Image have been saved in /shenzihe/WD-Disk/output/exp4/clock/checkpoint-100/images/red/
11/21/2024 22:15:03 - INFO - root - Image have been saved in /shenzihe/WD-Disk/output/exp4/clock/checkpoint-100/images/red/
11/21/2024 22:15:03 - INFO - __main__ - Running validation... 
 Generating 4 images with prompt:purple.
11/21/2024 22:15:17 - INFO - root - Image have been saved in /shenzihe/WD-Disk/output/exp4/clock/checkpoint-100/images/purple/
11/21/2024 22:15:30 - INFO - root - Image have been saved in /shenzihe/WD-Disk/output/exp4/clock/checkpoint-100/images/purple/
11/21/2024 22:15:44 - INFO - root - Image have been saved in /shenzihe/WD-Disk/output/exp4/clock/checkpoint-100/images/purple/
11/21/2024 22:15:57 - INFO - root - Image have been saved in /shenzihe/WD-Disk/output/exp4/clock/checkpoint-100/images/purple/
11/21/2024 22:15:57 - INFO - __main__ - Running validation... 
 Generating 4 images with prompt:shiny.
11/21/2024 22:16:11 - INFO - root - Image have been saved in /shenzihe/WD-Disk/output/exp4/clock/checkpoint-100/images/shiny/
11/21/2024 22:16:24 - INFO - root - Image have been saved in /shenzihe/WD-Disk/output/exp4/clock/checkpoint-100/images/shiny/
11/21/2024 22:16:37 - INFO - root - Image have been saved in /shenzihe/WD-Disk/output/exp4/clock/checkpoint-100/images/shiny/
11/21/2024 22:16:51 - INFO - root - Image have been saved in /shenzihe/WD-Disk/output/exp4/clock/checkpoint-100/images/shiny/
11/21/2024 22:16:51 - INFO - __main__ - Running validation... 
 Generating 4 images with prompt:wet.
11/21/2024 22:17:04 - INFO - root - Image have been saved in /shenzihe/WD-Disk/output/exp4/clock/checkpoint-100/images/wet/
11/21/2024 22:17:18 - INFO - root - Image have been saved in /shenzihe/WD-Disk/output/exp4/clock/checkpoint-100/images/wet/
11/21/2024 22:17:31 - INFO - root - Image have been saved in /shenzihe/WD-Disk/output/exp4/clock/checkpoint-100/images/wet/
11/21/2024 22:17:45 - INFO - root - Image have been saved in /shenzihe/WD-Disk/output/exp4/clock/checkpoint-100/images/wet/
11/21/2024 22:17:45 - INFO - __main__ - Running validation... 
 Generating 4 images with prompt:cube shaped.
11/21/2024 22:17:58 - INFO - root - Image have been saved in /shenzihe/WD-Disk/output/exp4/clock/checkpoint-100/images/cube_shaped/
11/21/2024 22:18:12 - INFO - root - Image have been saved in /shenzihe/WD-Disk/output/exp4/clock/checkpoint-100/images/cube_shaped/
11/21/2024 22:18:25 - INFO - root - Image have been saved in /shenzihe/WD-Disk/output/exp4/clock/checkpoint-100/images/cube_shaped/
11/21/2024 22:18:39 - INFO - root - Image have been saved in /shenzihe/WD-Disk/output/exp4/clock/checkpoint-100/images/cube_shaped/
