11/30/2024 19:42:17 - INFO - __main__ - Distributed environment: NO
Num processes: 1
Process index: 0
Local process index: 0
Device: cuda

Mixed precision type: no

11/30/2024 19:42:23 - INFO - root - freeze vision encoder
11/30/2024 19:42:32 - INFO - root - Loading pretrained model from /root/.cache/torch/hub/checkpoints/blip-diffusion
11/30/2024 19:42:32 - INFO - root - Loading pretrained BLIP2 Qformer weights.
11/30/2024 19:42:34 - INFO - root - Loading pretrained projection lyer weights.
11/30/2024 19:42:34 - INFO - root - Loading pretrained text encoder weights.
11/30/2024 19:42:35 - INFO - root - Loading pretrained vae weights.
11/30/2024 19:42:35 - INFO - root - Loading pretrained unet weights.
11/30/2024 19:42:43 - INFO - root - Using xformers.
11/30/2024 19:42:43 - INFO - root - Building datasets...
11/30/2024 19:42:53 - INFO - root - freeze vision encoder
11/30/2024 19:43:21 - INFO - root - load checkpoint from https://storage.googleapis.com/sfr-vision-language-research/LAVIS/models/BLIP2/blip2_pretrained_flant5xl.pth
11/30/2024 19:43:28 - INFO - __main__ - 
***** Running training *****
11/30/2024 19:43:28 - INFO - __main__ -   Num examples = 5
11/30/2024 19:43:28 - INFO - __main__ -   Num batches each epoch = 1
11/30/2024 19:43:28 - INFO - __main__ -   Num Epochs = 100
11/30/2024 19:43:28 - INFO - __main__ -   Instantaneous batch size per device = 6
11/30/2024 19:43:28 - INFO - __main__ -   Total train batch size (w. parallel, distributed & accumulation) = 6
11/30/2024 19:43:28 - INFO - __main__ -   Gradient Accumulation steps = 1
11/30/2024 19:43:28 - INFO - __main__ -   Total optimization steps = 100
11/30/2024 19:43:28 - INFO - __main__ -   Total parameters number = 1995356906
11/30/2024 19:43:28 - INFO - __main__ -   Training parameters number = 576349697
11/30/2024 19:46:08 - INFO - __main__ - Running validation... 
 Generating 4 images with prompt:in the jungle.
11/30/2024 19:46:21 - INFO - root - Image have been saved in /shenzihe/WD-Disk/output/exp5/rc_car/checkpoint-100/images/in_the_jungle/
11/30/2024 19:46:35 - INFO - root - Image have been saved in /shenzihe/WD-Disk/output/exp5/rc_car/checkpoint-100/images/in_the_jungle/
11/30/2024 19:46:49 - INFO - root - Image have been saved in /shenzihe/WD-Disk/output/exp5/rc_car/checkpoint-100/images/in_the_jungle/
11/30/2024 19:47:02 - INFO - root - Image have been saved in /shenzihe/WD-Disk/output/exp5/rc_car/checkpoint-100/images/in_the_jungle/
11/30/2024 19:47:02 - INFO - __main__ - Running validation... 
 Generating 4 images with prompt:in the snow.
11/30/2024 19:47:16 - INFO - root - Image have been saved in /shenzihe/WD-Disk/output/exp5/rc_car/checkpoint-100/images/in_the_snow/
11/30/2024 19:47:30 - INFO - root - Image have been saved in /shenzihe/WD-Disk/output/exp5/rc_car/checkpoint-100/images/in_the_snow/
11/30/2024 19:47:43 - INFO - root - Image have been saved in /shenzihe/WD-Disk/output/exp5/rc_car/checkpoint-100/images/in_the_snow/
11/30/2024 19:47:57 - INFO - root - Image have been saved in /shenzihe/WD-Disk/output/exp5/rc_car/checkpoint-100/images/in_the_snow/
11/30/2024 19:47:57 - INFO - __main__ - Running validation... 
 Generating 4 images with prompt:on the beach.
11/30/2024 19:48:11 - INFO - root - Image have been saved in /shenzihe/WD-Disk/output/exp5/rc_car/checkpoint-100/images/on_the_beach/
11/30/2024 19:48:24 - INFO - root - Image have been saved in /shenzihe/WD-Disk/output/exp5/rc_car/checkpoint-100/images/on_the_beach/
11/30/2024 19:48:38 - INFO - root - Image have been saved in /shenzihe/WD-Disk/output/exp5/rc_car/checkpoint-100/images/on_the_beach/
11/30/2024 19:48:51 - INFO - root - Image have been saved in /shenzihe/WD-Disk/output/exp5/rc_car/checkpoint-100/images/on_the_beach/
11/30/2024 19:48:51 - INFO - __main__ - Running validation... 
 Generating 4 images with prompt:on a cobblestone street.
11/30/2024 19:49:05 - INFO - root - Image have been saved in /shenzihe/WD-Disk/output/exp5/rc_car/checkpoint-100/images/on_a_cobblestone_street/
11/30/2024 19:49:19 - INFO - root - Image have been saved in /shenzihe/WD-Disk/output/exp5/rc_car/checkpoint-100/images/on_a_cobblestone_street/
11/30/2024 19:49:32 - INFO - root - Image have been saved in /shenzihe/WD-Disk/output/exp5/rc_car/checkpoint-100/images/on_a_cobblestone_street/
11/30/2024 19:49:46 - INFO - root - Image have been saved in /shenzihe/WD-Disk/output/exp5/rc_car/checkpoint-100/images/on_a_cobblestone_street/
11/30/2024 19:49:46 - INFO - __main__ - Running validation... 
 Generating 4 images with prompt:on top of pink fabric.
11/30/2024 19:50:00 - INFO - root - Image have been saved in /shenzihe/WD-Disk/output/exp5/rc_car/checkpoint-100/images/on_top_of_pink_fabric/
11/30/2024 19:50:13 - INFO - root - Image have been saved in /shenzihe/WD-Disk/output/exp5/rc_car/checkpoint-100/images/on_top_of_pink_fabric/
11/30/2024 19:50:27 - INFO - root - Image have been saved in /shenzihe/WD-Disk/output/exp5/rc_car/checkpoint-100/images/on_top_of_pink_fabric/
11/30/2024 19:50:41 - INFO - root - Image have been saved in /shenzihe/WD-Disk/output/exp5/rc_car/checkpoint-100/images/on_top_of_pink_fabric/
11/30/2024 19:50:41 - INFO - __main__ - Running validation... 
 Generating 4 images with prompt:on top of a wooden floor.
11/30/2024 19:50:55 - INFO - root - Image have been saved in /shenzihe/WD-Disk/output/exp5/rc_car/checkpoint-100/images/on_top_of_a_wooden_floor/
11/30/2024 19:51:08 - INFO - root - Image have been saved in /shenzihe/WD-Disk/output/exp5/rc_car/checkpoint-100/images/on_top_of_a_wooden_floor/
11/30/2024 19:51:22 - INFO - root - Image have been saved in /shenzihe/WD-Disk/output/exp5/rc_car/checkpoint-100/images/on_top_of_a_wooden_floor/
11/30/2024 19:51:35 - INFO - root - Image have been saved in /shenzihe/WD-Disk/output/exp5/rc_car/checkpoint-100/images/on_top_of_a_wooden_floor/
11/30/2024 19:51:35 - INFO - __main__ - Running validation... 
 Generating 4 images with prompt:with a city in the background.
11/30/2024 19:51:49 - INFO - root - Image have been saved in /shenzihe/WD-Disk/output/exp5/rc_car/checkpoint-100/images/with_a_city_in_the_background/
11/30/2024 19:52:03 - INFO - root - Image have been saved in /shenzihe/WD-Disk/output/exp5/rc_car/checkpoint-100/images/with_a_city_in_the_background/
11/30/2024 19:52:16 - INFO - root - Image have been saved in /shenzihe/WD-Disk/output/exp5/rc_car/checkpoint-100/images/with_a_city_in_the_background/
11/30/2024 19:52:30 - INFO - root - Image have been saved in /shenzihe/WD-Disk/output/exp5/rc_car/checkpoint-100/images/with_a_city_in_the_background/
11/30/2024 19:52:30 - INFO - __main__ - Running validation... 
 Generating 4 images with prompt:with a mountain in the background.
11/30/2024 19:52:44 - INFO - root - Image have been saved in /shenzihe/WD-Disk/output/exp5/rc_car/checkpoint-100/images/with_a_mountain_in_the_background/
11/30/2024 19:52:57 - INFO - root - Image have been saved in /shenzihe/WD-Disk/output/exp5/rc_car/checkpoint-100/images/with_a_mountain_in_the_background/
11/30/2024 19:53:11 - INFO - root - Image have been saved in /shenzihe/WD-Disk/output/exp5/rc_car/checkpoint-100/images/with_a_mountain_in_the_background/
11/30/2024 19:53:25 - INFO - root - Image have been saved in /shenzihe/WD-Disk/output/exp5/rc_car/checkpoint-100/images/with_a_mountain_in_the_background/
11/30/2024 19:53:25 - INFO - __main__ - Running validation... 
 Generating 4 images with prompt:with a blue house in the background.
11/30/2024 19:53:38 - INFO - root - Image have been saved in /shenzihe/WD-Disk/output/exp5/rc_car/checkpoint-100/images/with_a_blue_house_in_the_background/
11/30/2024 19:53:52 - INFO - root - Image have been saved in /shenzihe/WD-Disk/output/exp5/rc_car/checkpoint-100/images/with_a_blue_house_in_the_background/
11/30/2024 19:54:06 - INFO - root - Image have been saved in /shenzihe/WD-Disk/output/exp5/rc_car/checkpoint-100/images/with_a_blue_house_in_the_background/
11/30/2024 19:54:19 - INFO - root - Image have been saved in /shenzihe/WD-Disk/output/exp5/rc_car/checkpoint-100/images/with_a_blue_house_in_the_background/
11/30/2024 19:54:19 - INFO - __main__ - Running validation... 
 Generating 4 images with prompt:on top of a purple rug in a forest.
11/30/2024 19:54:33 - INFO - root - Image have been saved in /shenzihe/WD-Disk/output/exp5/rc_car/checkpoint-100/images/on_top_of_a_purple_rug_in_a_forest/
11/30/2024 19:54:47 - INFO - root - Image have been saved in /shenzihe/WD-Disk/output/exp5/rc_car/checkpoint-100/images/on_top_of_a_purple_rug_in_a_forest/
11/30/2024 19:55:00 - INFO - root - Image have been saved in /shenzihe/WD-Disk/output/exp5/rc_car/checkpoint-100/images/on_top_of_a_purple_rug_in_a_forest/
11/30/2024 19:55:14 - INFO - root - Image have been saved in /shenzihe/WD-Disk/output/exp5/rc_car/checkpoint-100/images/on_top_of_a_purple_rug_in_a_forest/
11/30/2024 19:55:14 - INFO - __main__ - Running validation... 
 Generating 4 images with prompt:with a wheat field in the background.
11/30/2024 19:55:28 - INFO - root - Image have been saved in /shenzihe/WD-Disk/output/exp5/rc_car/checkpoint-100/images/with_a_wheat_field_in_the_background/
11/30/2024 19:55:41 - INFO - root - Image have been saved in /shenzihe/WD-Disk/output/exp5/rc_car/checkpoint-100/images/with_a_wheat_field_in_the_background/
11/30/2024 19:55:55 - INFO - root - Image have been saved in /shenzihe/WD-Disk/output/exp5/rc_car/checkpoint-100/images/with_a_wheat_field_in_the_background/
11/30/2024 19:56:09 - INFO - root - Image have been saved in /shenzihe/WD-Disk/output/exp5/rc_car/checkpoint-100/images/with_a_wheat_field_in_the_background/
11/30/2024 19:56:09 - INFO - __main__ - Running validation... 
 Generating 4 images with prompt:with a tree and autumn leaves in the background.
11/30/2024 19:56:22 - INFO - root - Image have been saved in /shenzihe/WD-Disk/output/exp5/rc_car/checkpoint-100/images/with_a_tree_and_autumn_leaves_in_the_background/
11/30/2024 19:56:36 - INFO - root - Image have been saved in /shenzihe/WD-Disk/output/exp5/rc_car/checkpoint-100/images/with_a_tree_and_autumn_leaves_in_the_background/
11/30/2024 19:56:50 - INFO - root - Image have been saved in /shenzihe/WD-Disk/output/exp5/rc_car/checkpoint-100/images/with_a_tree_and_autumn_leaves_in_the_background/
11/30/2024 19:57:03 - INFO - root - Image have been saved in /shenzihe/WD-Disk/output/exp5/rc_car/checkpoint-100/images/with_a_tree_and_autumn_leaves_in_the_background/
11/30/2024 19:57:03 - INFO - __main__ - Running validation... 
 Generating 4 images with prompt:with the Eiffel Tower in the background.
11/30/2024 19:57:17 - INFO - root - Image have been saved in /shenzihe/WD-Disk/output/exp5/rc_car/checkpoint-100/images/with_the_Eiffel_Tower_in_the_background/
11/30/2024 19:57:31 - INFO - root - Image have been saved in /shenzihe/WD-Disk/output/exp5/rc_car/checkpoint-100/images/with_the_Eiffel_Tower_in_the_background/
11/30/2024 19:57:44 - INFO - root - Image have been saved in /shenzihe/WD-Disk/output/exp5/rc_car/checkpoint-100/images/with_the_Eiffel_Tower_in_the_background/
11/30/2024 19:57:58 - INFO - root - Image have been saved in /shenzihe/WD-Disk/output/exp5/rc_car/checkpoint-100/images/with_the_Eiffel_Tower_in_the_background/
11/30/2024 19:57:58 - INFO - __main__ - Running validation... 
 Generating 4 images with prompt:floating on top of water.
11/30/2024 19:58:12 - INFO - root - Image have been saved in /shenzihe/WD-Disk/output/exp5/rc_car/checkpoint-100/images/floating_on_top_of_water/
11/30/2024 19:58:25 - INFO - root - Image have been saved in /shenzihe/WD-Disk/output/exp5/rc_car/checkpoint-100/images/floating_on_top_of_water/
11/30/2024 19:58:39 - INFO - root - Image have been saved in /shenzihe/WD-Disk/output/exp5/rc_car/checkpoint-100/images/floating_on_top_of_water/
11/30/2024 19:58:53 - INFO - root - Image have been saved in /shenzihe/WD-Disk/output/exp5/rc_car/checkpoint-100/images/floating_on_top_of_water/
11/30/2024 19:58:53 - INFO - __main__ - Running validation... 
 Generating 4 images with prompt:floating in an ocean of milk.
11/30/2024 19:59:06 - INFO - root - Image have been saved in /shenzihe/WD-Disk/output/exp5/rc_car/checkpoint-100/images/floating_in_an_ocean_of_milk/
11/30/2024 19:59:20 - INFO - root - Image have been saved in /shenzihe/WD-Disk/output/exp5/rc_car/checkpoint-100/images/floating_in_an_ocean_of_milk/
11/30/2024 19:59:34 - INFO - root - Image have been saved in /shenzihe/WD-Disk/output/exp5/rc_car/checkpoint-100/images/floating_in_an_ocean_of_milk/
11/30/2024 19:59:47 - INFO - root - Image have been saved in /shenzihe/WD-Disk/output/exp5/rc_car/checkpoint-100/images/floating_in_an_ocean_of_milk/
11/30/2024 19:59:47 - INFO - __main__ - Running validation... 
 Generating 4 images with prompt:on top of green grass with sunflowers around it.
11/30/2024 20:00:01 - INFO - root - Image have been saved in /shenzihe/WD-Disk/output/exp5/rc_car/checkpoint-100/images/on_top_of_green_grass_with_sunflowers_around_it/
11/30/2024 20:00:15 - INFO - root - Image have been saved in /shenzihe/WD-Disk/output/exp5/rc_car/checkpoint-100/images/on_top_of_green_grass_with_sunflowers_around_it/
11/30/2024 20:00:28 - INFO - root - Image have been saved in /shenzihe/WD-Disk/output/exp5/rc_car/checkpoint-100/images/on_top_of_green_grass_with_sunflowers_around_it/
11/30/2024 20:00:42 - INFO - root - Image have been saved in /shenzihe/WD-Disk/output/exp5/rc_car/checkpoint-100/images/on_top_of_green_grass_with_sunflowers_around_it/
11/30/2024 20:00:42 - INFO - __main__ - Running validation... 
 Generating 4 images with prompt:on top of a mirror.
11/30/2024 20:00:56 - INFO - root - Image have been saved in /shenzihe/WD-Disk/output/exp5/rc_car/checkpoint-100/images/on_top_of_a_mirror/
11/30/2024 20:01:09 - INFO - root - Image have been saved in /shenzihe/WD-Disk/output/exp5/rc_car/checkpoint-100/images/on_top_of_a_mirror/
11/30/2024 20:01:23 - INFO - root - Image have been saved in /shenzihe/WD-Disk/output/exp5/rc_car/checkpoint-100/images/on_top_of_a_mirror/
11/30/2024 20:01:37 - INFO - root - Image have been saved in /shenzihe/WD-Disk/output/exp5/rc_car/checkpoint-100/images/on_top_of_a_mirror/
11/30/2024 20:01:37 - INFO - __main__ - Running validation... 
 Generating 4 images with prompt:on top of the sidewalk in a crowded street.
11/30/2024 20:01:50 - INFO - root - Image have been saved in /shenzihe/WD-Disk/output/exp5/rc_car/checkpoint-100/images/on_top_of_the_sidewalk_in_a_crowded_street/
11/30/2024 20:02:04 - INFO - root - Image have been saved in /shenzihe/WD-Disk/output/exp5/rc_car/checkpoint-100/images/on_top_of_the_sidewalk_in_a_crowded_street/
11/30/2024 20:02:18 - INFO - root - Image have been saved in /shenzihe/WD-Disk/output/exp5/rc_car/checkpoint-100/images/on_top_of_the_sidewalk_in_a_crowded_street/
11/30/2024 20:02:31 - INFO - root - Image have been saved in /shenzihe/WD-Disk/output/exp5/rc_car/checkpoint-100/images/on_top_of_the_sidewalk_in_a_crowded_street/
11/30/2024 20:02:31 - INFO - __main__ - Running validation... 
 Generating 4 images with prompt:on top of a dirt road.
11/30/2024 20:02:45 - INFO - root - Image have been saved in /shenzihe/WD-Disk/output/exp5/rc_car/checkpoint-100/images/on_top_of_a_dirt_road/
11/30/2024 20:02:59 - INFO - root - Image have been saved in /shenzihe/WD-Disk/output/exp5/rc_car/checkpoint-100/images/on_top_of_a_dirt_road/
11/30/2024 20:03:12 - INFO - root - Image have been saved in /shenzihe/WD-Disk/output/exp5/rc_car/checkpoint-100/images/on_top_of_a_dirt_road/
11/30/2024 20:03:26 - INFO - root - Image have been saved in /shenzihe/WD-Disk/output/exp5/rc_car/checkpoint-100/images/on_top_of_a_dirt_road/
11/30/2024 20:03:26 - INFO - __main__ - Running validation... 
 Generating 4 images with prompt:on top of a white rug.
11/30/2024 20:03:40 - INFO - root - Image have been saved in /shenzihe/WD-Disk/output/exp5/rc_car/checkpoint-100/images/on_top_of_a_white_rug/
11/30/2024 20:03:53 - INFO - root - Image have been saved in /shenzihe/WD-Disk/output/exp5/rc_car/checkpoint-100/images/on_top_of_a_white_rug/
11/30/2024 20:04:07 - INFO - root - Image have been saved in /shenzihe/WD-Disk/output/exp5/rc_car/checkpoint-100/images/on_top_of_a_white_rug/
11/30/2024 20:04:21 - INFO - root - Image have been saved in /shenzihe/WD-Disk/output/exp5/rc_car/checkpoint-100/images/on_top_of_a_white_rug/
11/30/2024 20:04:21 - INFO - __main__ - Running validation... 
 Generating 4 images with prompt:red.
11/30/2024 20:04:34 - INFO - root - Image have been saved in /shenzihe/WD-Disk/output/exp5/rc_car/checkpoint-100/images/red/
11/30/2024 20:04:48 - INFO - root - Image have been saved in /shenzihe/WD-Disk/output/exp5/rc_car/checkpoint-100/images/red/
11/30/2024 20:05:02 - INFO - root - Image have been saved in /shenzihe/WD-Disk/output/exp5/rc_car/checkpoint-100/images/red/
11/30/2024 20:05:15 - INFO - root - Image have been saved in /shenzihe/WD-Disk/output/exp5/rc_car/checkpoint-100/images/red/
11/30/2024 20:05:15 - INFO - __main__ - Running validation... 
 Generating 4 images with prompt:purple.
11/30/2024 20:05:29 - INFO - root - Image have been saved in /shenzihe/WD-Disk/output/exp5/rc_car/checkpoint-100/images/purple/
11/30/2024 20:05:43 - INFO - root - Image have been saved in /shenzihe/WD-Disk/output/exp5/rc_car/checkpoint-100/images/purple/
11/30/2024 20:05:56 - INFO - root - Image have been saved in /shenzihe/WD-Disk/output/exp5/rc_car/checkpoint-100/images/purple/
11/30/2024 20:06:10 - INFO - root - Image have been saved in /shenzihe/WD-Disk/output/exp5/rc_car/checkpoint-100/images/purple/
11/30/2024 20:06:10 - INFO - __main__ - Running validation... 
 Generating 4 images with prompt:shiny.
11/30/2024 20:06:23 - INFO - root - Image have been saved in /shenzihe/WD-Disk/output/exp5/rc_car/checkpoint-100/images/shiny/
11/30/2024 20:06:37 - INFO - root - Image have been saved in /shenzihe/WD-Disk/output/exp5/rc_car/checkpoint-100/images/shiny/
11/30/2024 20:06:51 - INFO - root - Image have been saved in /shenzihe/WD-Disk/output/exp5/rc_car/checkpoint-100/images/shiny/
11/30/2024 20:07:04 - INFO - root - Image have been saved in /shenzihe/WD-Disk/output/exp5/rc_car/checkpoint-100/images/shiny/
11/30/2024 20:07:04 - INFO - __main__ - Running validation... 
 Generating 4 images with prompt:wet.
11/30/2024 20:07:18 - INFO - root - Image have been saved in /shenzihe/WD-Disk/output/exp5/rc_car/checkpoint-100/images/wet/
11/30/2024 20:07:32 - INFO - root - Image have been saved in /shenzihe/WD-Disk/output/exp5/rc_car/checkpoint-100/images/wet/
11/30/2024 20:07:45 - INFO - root - Image have been saved in /shenzihe/WD-Disk/output/exp5/rc_car/checkpoint-100/images/wet/
11/30/2024 20:07:59 - INFO - root - Image have been saved in /shenzihe/WD-Disk/output/exp5/rc_car/checkpoint-100/images/wet/
11/30/2024 20:07:59 - INFO - __main__ - Running validation... 
 Generating 4 images with prompt:cube shaped.
11/30/2024 20:08:13 - INFO - root - Image have been saved in /shenzihe/WD-Disk/output/exp5/rc_car/checkpoint-100/images/cube_shaped/
11/30/2024 20:08:26 - INFO - root - Image have been saved in /shenzihe/WD-Disk/output/exp5/rc_car/checkpoint-100/images/cube_shaped/
11/30/2024 20:08:40 - INFO - root - Image have been saved in /shenzihe/WD-Disk/output/exp5/rc_car/checkpoint-100/images/cube_shaped/
11/30/2024 20:08:54 - INFO - root - Image have been saved in /shenzihe/WD-Disk/output/exp5/rc_car/checkpoint-100/images/cube_shaped/
