11/30/2024 14:19:39 - INFO - __main__ - Distributed environment: NO
Num processes: 1
Process index: 0
Local process index: 0
Device: cuda

Mixed precision type: no

11/30/2024 14:19:43 - INFO - root - freeze vision encoder
11/30/2024 14:19:53 - INFO - root - Loading pretrained model from /root/.cache/torch/hub/checkpoints/blip-diffusion
11/30/2024 14:19:53 - INFO - root - Loading pretrained BLIP2 Qformer weights.
11/30/2024 14:19:55 - INFO - root - Loading pretrained projection lyer weights.
11/30/2024 14:19:55 - INFO - root - Loading pretrained text encoder weights.
11/30/2024 14:19:55 - INFO - root - Loading pretrained vae weights.
11/30/2024 14:19:56 - INFO - root - Loading pretrained unet weights.
11/30/2024 14:20:03 - INFO - root - Using xformers.
11/30/2024 14:20:03 - INFO - root - Building datasets...
11/30/2024 14:20:13 - INFO - root - freeze vision encoder
11/30/2024 14:20:36 - INFO - root - load checkpoint from https://storage.googleapis.com/sfr-vision-language-research/LAVIS/models/BLIP2/blip2_pretrained_flant5xl.pth
11/30/2024 14:20:42 - INFO - __main__ - 
***** Running training *****
11/30/2024 14:20:42 - INFO - __main__ -   Num examples = 6
11/30/2024 14:20:42 - INFO - __main__ -   Num batches each epoch = 1
11/30/2024 14:20:42 - INFO - __main__ -   Num Epochs = 100
11/30/2024 14:20:42 - INFO - __main__ -   Instantaneous batch size per device = 6
11/30/2024 14:20:42 - INFO - __main__ -   Total train batch size (w. parallel, distributed & accumulation) = 6
11/30/2024 14:20:42 - INFO - __main__ -   Gradient Accumulation steps = 1
11/30/2024 14:20:42 - INFO - __main__ -   Total optimization steps = 100
11/30/2024 14:20:42 - INFO - __main__ -   Total parameters number = 1995356906
11/30/2024 14:20:42 - INFO - __main__ -   Training parameters number = 576349697
11/30/2024 14:23:39 - INFO - __main__ - Running validation... 
 Generating 4 images with prompt:in the jungle.
11/30/2024 14:23:52 - INFO - root - Image have been saved in /shenzihe/WD-Disk/output/exp5/dog2/checkpoint-100/images/in_the_jungle/
11/30/2024 14:24:06 - INFO - root - Image have been saved in /shenzihe/WD-Disk/output/exp5/dog2/checkpoint-100/images/in_the_jungle/
11/30/2024 14:24:20 - INFO - root - Image have been saved in /shenzihe/WD-Disk/output/exp5/dog2/checkpoint-100/images/in_the_jungle/
11/30/2024 14:24:33 - INFO - root - Image have been saved in /shenzihe/WD-Disk/output/exp5/dog2/checkpoint-100/images/in_the_jungle/
11/30/2024 14:24:33 - INFO - __main__ - Running validation... 
 Generating 4 images with prompt:in the snow.
11/30/2024 14:24:47 - INFO - root - Image have been saved in /shenzihe/WD-Disk/output/exp5/dog2/checkpoint-100/images/in_the_snow/
11/30/2024 14:25:01 - INFO - root - Image have been saved in /shenzihe/WD-Disk/output/exp5/dog2/checkpoint-100/images/in_the_snow/
11/30/2024 14:25:14 - INFO - root - Image have been saved in /shenzihe/WD-Disk/output/exp5/dog2/checkpoint-100/images/in_the_snow/
11/30/2024 14:25:28 - INFO - root - Image have been saved in /shenzihe/WD-Disk/output/exp5/dog2/checkpoint-100/images/in_the_snow/
11/30/2024 14:25:28 - INFO - __main__ - Running validation... 
 Generating 4 images with prompt:on the beach.
11/30/2024 14:25:41 - INFO - root - Image have been saved in /shenzihe/WD-Disk/output/exp5/dog2/checkpoint-100/images/on_the_beach/
11/30/2024 14:25:55 - INFO - root - Image have been saved in /shenzihe/WD-Disk/output/exp5/dog2/checkpoint-100/images/on_the_beach/
11/30/2024 14:26:09 - INFO - root - Image have been saved in /shenzihe/WD-Disk/output/exp5/dog2/checkpoint-100/images/on_the_beach/
11/30/2024 14:26:22 - INFO - root - Image have been saved in /shenzihe/WD-Disk/output/exp5/dog2/checkpoint-100/images/on_the_beach/
11/30/2024 14:26:22 - INFO - __main__ - Running validation... 
 Generating 4 images with prompt:on a cobblestone street.
11/30/2024 14:26:36 - INFO - root - Image have been saved in /shenzihe/WD-Disk/output/exp5/dog2/checkpoint-100/images/on_a_cobblestone_street/
11/30/2024 14:26:50 - INFO - root - Image have been saved in /shenzihe/WD-Disk/output/exp5/dog2/checkpoint-100/images/on_a_cobblestone_street/
11/30/2024 14:27:03 - INFO - root - Image have been saved in /shenzihe/WD-Disk/output/exp5/dog2/checkpoint-100/images/on_a_cobblestone_street/
11/30/2024 14:27:17 - INFO - root - Image have been saved in /shenzihe/WD-Disk/output/exp5/dog2/checkpoint-100/images/on_a_cobblestone_street/
11/30/2024 14:27:17 - INFO - __main__ - Running validation... 
 Generating 4 images with prompt:on top of pink fabric.
11/30/2024 14:27:30 - INFO - root - Image have been saved in /shenzihe/WD-Disk/output/exp5/dog2/checkpoint-100/images/on_top_of_pink_fabric/
11/30/2024 14:27:44 - INFO - root - Image have been saved in /shenzihe/WD-Disk/output/exp5/dog2/checkpoint-100/images/on_top_of_pink_fabric/
11/30/2024 14:27:58 - INFO - root - Image have been saved in /shenzihe/WD-Disk/output/exp5/dog2/checkpoint-100/images/on_top_of_pink_fabric/
11/30/2024 14:28:11 - INFO - root - Image have been saved in /shenzihe/WD-Disk/output/exp5/dog2/checkpoint-100/images/on_top_of_pink_fabric/
11/30/2024 14:28:11 - INFO - __main__ - Running validation... 
 Generating 4 images with prompt:on top of a wooden floor.
11/30/2024 14:28:25 - INFO - root - Image have been saved in /shenzihe/WD-Disk/output/exp5/dog2/checkpoint-100/images/on_top_of_a_wooden_floor/
11/30/2024 14:28:39 - INFO - root - Image have been saved in /shenzihe/WD-Disk/output/exp5/dog2/checkpoint-100/images/on_top_of_a_wooden_floor/
11/30/2024 14:28:52 - INFO - root - Image have been saved in /shenzihe/WD-Disk/output/exp5/dog2/checkpoint-100/images/on_top_of_a_wooden_floor/
11/30/2024 14:29:06 - INFO - root - Image have been saved in /shenzihe/WD-Disk/output/exp5/dog2/checkpoint-100/images/on_top_of_a_wooden_floor/
11/30/2024 14:29:06 - INFO - __main__ - Running validation... 
 Generating 4 images with prompt:with a city in the background.
11/30/2024 14:29:19 - INFO - root - Image have been saved in /shenzihe/WD-Disk/output/exp5/dog2/checkpoint-100/images/with_a_city_in_the_background/
11/30/2024 14:29:33 - INFO - root - Image have been saved in /shenzihe/WD-Disk/output/exp5/dog2/checkpoint-100/images/with_a_city_in_the_background/
11/30/2024 14:29:47 - INFO - root - Image have been saved in /shenzihe/WD-Disk/output/exp5/dog2/checkpoint-100/images/with_a_city_in_the_background/
11/30/2024 14:30:00 - INFO - root - Image have been saved in /shenzihe/WD-Disk/output/exp5/dog2/checkpoint-100/images/with_a_city_in_the_background/
11/30/2024 14:30:00 - INFO - __main__ - Running validation... 
 Generating 4 images with prompt:with a mountain in the background.
11/30/2024 14:30:14 - INFO - root - Image have been saved in /shenzihe/WD-Disk/output/exp5/dog2/checkpoint-100/images/with_a_mountain_in_the_background/
11/30/2024 14:30:27 - INFO - root - Image have been saved in /shenzihe/WD-Disk/output/exp5/dog2/checkpoint-100/images/with_a_mountain_in_the_background/
11/30/2024 14:30:41 - INFO - root - Image have been saved in /shenzihe/WD-Disk/output/exp5/dog2/checkpoint-100/images/with_a_mountain_in_the_background/
11/30/2024 14:30:55 - INFO - root - Image have been saved in /shenzihe/WD-Disk/output/exp5/dog2/checkpoint-100/images/with_a_mountain_in_the_background/
11/30/2024 14:30:55 - INFO - __main__ - Running validation... 
 Generating 4 images with prompt:with a blue house in the background.
11/30/2024 14:31:09 - INFO - root - Image have been saved in /shenzihe/WD-Disk/output/exp5/dog2/checkpoint-100/images/with_a_blue_house_in_the_background/
11/30/2024 14:31:22 - INFO - root - Image have been saved in /shenzihe/WD-Disk/output/exp5/dog2/checkpoint-100/images/with_a_blue_house_in_the_background/
11/30/2024 14:31:36 - INFO - root - Image have been saved in /shenzihe/WD-Disk/output/exp5/dog2/checkpoint-100/images/with_a_blue_house_in_the_background/
11/30/2024 14:31:50 - INFO - root - Image have been saved in /shenzihe/WD-Disk/output/exp5/dog2/checkpoint-100/images/with_a_blue_house_in_the_background/
11/30/2024 14:31:50 - INFO - __main__ - Running validation... 
 Generating 4 images with prompt:on top of a purple rug in a forest.
11/30/2024 14:32:03 - INFO - root - Image have been saved in /shenzihe/WD-Disk/output/exp5/dog2/checkpoint-100/images/on_top_of_a_purple_rug_in_a_forest/
11/30/2024 14:32:17 - INFO - root - Image have been saved in /shenzihe/WD-Disk/output/exp5/dog2/checkpoint-100/images/on_top_of_a_purple_rug_in_a_forest/
11/30/2024 14:32:30 - INFO - root - Image have been saved in /shenzihe/WD-Disk/output/exp5/dog2/checkpoint-100/images/on_top_of_a_purple_rug_in_a_forest/
11/30/2024 14:32:44 - INFO - root - Image have been saved in /shenzihe/WD-Disk/output/exp5/dog2/checkpoint-100/images/on_top_of_a_purple_rug_in_a_forest/
11/30/2024 14:32:44 - INFO - __main__ - Running validation... 
 Generating 4 images with prompt:with a wheat field in the background.
11/30/2024 14:32:57 - INFO - root - Image have been saved in /shenzihe/WD-Disk/output/exp5/dog2/checkpoint-100/images/with_a_wheat_field_in_the_background/
11/30/2024 14:33:11 - INFO - root - Image have been saved in /shenzihe/WD-Disk/output/exp5/dog2/checkpoint-100/images/with_a_wheat_field_in_the_background/
11/30/2024 14:33:25 - INFO - root - Image have been saved in /shenzihe/WD-Disk/output/exp5/dog2/checkpoint-100/images/with_a_wheat_field_in_the_background/
11/30/2024 14:33:38 - INFO - root - Image have been saved in /shenzihe/WD-Disk/output/exp5/dog2/checkpoint-100/images/with_a_wheat_field_in_the_background/
11/30/2024 14:33:38 - INFO - __main__ - Running validation... 
 Generating 4 images with prompt:with a tree and autumn leaves in the background.
11/30/2024 14:33:52 - INFO - root - Image have been saved in /shenzihe/WD-Disk/output/exp5/dog2/checkpoint-100/images/with_a_tree_and_autumn_leaves_in_the_background/
11/30/2024 14:34:05 - INFO - root - Image have been saved in /shenzihe/WD-Disk/output/exp5/dog2/checkpoint-100/images/with_a_tree_and_autumn_leaves_in_the_background/
11/30/2024 14:34:19 - INFO - root - Image have been saved in /shenzihe/WD-Disk/output/exp5/dog2/checkpoint-100/images/with_a_tree_and_autumn_leaves_in_the_background/
11/30/2024 14:34:33 - INFO - root - Image have been saved in /shenzihe/WD-Disk/output/exp5/dog2/checkpoint-100/images/with_a_tree_and_autumn_leaves_in_the_background/
11/30/2024 14:34:33 - INFO - __main__ - Running validation... 
 Generating 4 images with prompt:with the Eiffel Tower in the background.
11/30/2024 14:34:46 - INFO - root - Image have been saved in /shenzihe/WD-Disk/output/exp5/dog2/checkpoint-100/images/with_the_Eiffel_Tower_in_the_background/
11/30/2024 14:35:00 - INFO - root - Image have been saved in /shenzihe/WD-Disk/output/exp5/dog2/checkpoint-100/images/with_the_Eiffel_Tower_in_the_background/
11/30/2024 14:35:14 - INFO - root - Image have been saved in /shenzihe/WD-Disk/output/exp5/dog2/checkpoint-100/images/with_the_Eiffel_Tower_in_the_background/
11/30/2024 14:35:27 - INFO - root - Image have been saved in /shenzihe/WD-Disk/output/exp5/dog2/checkpoint-100/images/with_the_Eiffel_Tower_in_the_background/
11/30/2024 14:35:27 - INFO - __main__ - Running validation... 
 Generating 4 images with prompt:floating on top of water.
11/30/2024 14:35:41 - INFO - root - Image have been saved in /shenzihe/WD-Disk/output/exp5/dog2/checkpoint-100/images/floating_on_top_of_water/
11/30/2024 14:35:54 - INFO - root - Image have been saved in /shenzihe/WD-Disk/output/exp5/dog2/checkpoint-100/images/floating_on_top_of_water/
11/30/2024 14:36:08 - INFO - root - Image have been saved in /shenzihe/WD-Disk/output/exp5/dog2/checkpoint-100/images/floating_on_top_of_water/
11/30/2024 14:36:22 - INFO - root - Image have been saved in /shenzihe/WD-Disk/output/exp5/dog2/checkpoint-100/images/floating_on_top_of_water/
11/30/2024 14:36:22 - INFO - __main__ - Running validation... 
 Generating 4 images with prompt:floating in an ocean of milk.
11/30/2024 14:36:35 - INFO - root - Image have been saved in /shenzihe/WD-Disk/output/exp5/dog2/checkpoint-100/images/floating_in_an_ocean_of_milk/
11/30/2024 14:36:49 - INFO - root - Image have been saved in /shenzihe/WD-Disk/output/exp5/dog2/checkpoint-100/images/floating_in_an_ocean_of_milk/
11/30/2024 14:37:02 - INFO - root - Image have been saved in /shenzihe/WD-Disk/output/exp5/dog2/checkpoint-100/images/floating_in_an_ocean_of_milk/
11/30/2024 14:37:16 - INFO - root - Image have been saved in /shenzihe/WD-Disk/output/exp5/dog2/checkpoint-100/images/floating_in_an_ocean_of_milk/
11/30/2024 14:37:16 - INFO - __main__ - Running validation... 
 Generating 4 images with prompt:on top of green grass with sunflowers around it.
11/30/2024 14:37:30 - INFO - root - Image have been saved in /shenzihe/WD-Disk/output/exp5/dog2/checkpoint-100/images/on_top_of_green_grass_with_sunflowers_around_it/
11/30/2024 14:37:43 - INFO - root - Image have been saved in /shenzihe/WD-Disk/output/exp5/dog2/checkpoint-100/images/on_top_of_green_grass_with_sunflowers_around_it/
11/30/2024 14:37:57 - INFO - root - Image have been saved in /shenzihe/WD-Disk/output/exp5/dog2/checkpoint-100/images/on_top_of_green_grass_with_sunflowers_around_it/
11/30/2024 14:38:11 - INFO - root - Image have been saved in /shenzihe/WD-Disk/output/exp5/dog2/checkpoint-100/images/on_top_of_green_grass_with_sunflowers_around_it/
11/30/2024 14:38:11 - INFO - __main__ - Running validation... 
 Generating 4 images with prompt:on top of a mirror.
11/30/2024 14:38:24 - INFO - root - Image have been saved in /shenzihe/WD-Disk/output/exp5/dog2/checkpoint-100/images/on_top_of_a_mirror/
11/30/2024 14:38:38 - INFO - root - Image have been saved in /shenzihe/WD-Disk/output/exp5/dog2/checkpoint-100/images/on_top_of_a_mirror/
11/30/2024 14:38:52 - INFO - root - Image have been saved in /shenzihe/WD-Disk/output/exp5/dog2/checkpoint-100/images/on_top_of_a_mirror/
11/30/2024 14:39:05 - INFO - root - Image have been saved in /shenzihe/WD-Disk/output/exp5/dog2/checkpoint-100/images/on_top_of_a_mirror/
11/30/2024 14:39:05 - INFO - __main__ - Running validation... 
 Generating 4 images with prompt:on top of the sidewalk in a crowded street.
11/30/2024 14:39:19 - INFO - root - Image have been saved in /shenzihe/WD-Disk/output/exp5/dog2/checkpoint-100/images/on_top_of_the_sidewalk_in_a_crowded_street/
11/30/2024 14:39:33 - INFO - root - Image have been saved in /shenzihe/WD-Disk/output/exp5/dog2/checkpoint-100/images/on_top_of_the_sidewalk_in_a_crowded_street/
11/30/2024 14:39:46 - INFO - root - Image have been saved in /shenzihe/WD-Disk/output/exp5/dog2/checkpoint-100/images/on_top_of_the_sidewalk_in_a_crowded_street/
11/30/2024 14:40:00 - INFO - root - Image have been saved in /shenzihe/WD-Disk/output/exp5/dog2/checkpoint-100/images/on_top_of_the_sidewalk_in_a_crowded_street/
11/30/2024 14:40:00 - INFO - __main__ - Running validation... 
 Generating 4 images with prompt:on top of a dirt road.
11/30/2024 14:40:13 - INFO - root - Image have been saved in /shenzihe/WD-Disk/output/exp5/dog2/checkpoint-100/images/on_top_of_a_dirt_road/
11/30/2024 14:40:27 - INFO - root - Image have been saved in /shenzihe/WD-Disk/output/exp5/dog2/checkpoint-100/images/on_top_of_a_dirt_road/
11/30/2024 14:40:41 - INFO - root - Image have been saved in /shenzihe/WD-Disk/output/exp5/dog2/checkpoint-100/images/on_top_of_a_dirt_road/
11/30/2024 14:40:54 - INFO - root - Image have been saved in /shenzihe/WD-Disk/output/exp5/dog2/checkpoint-100/images/on_top_of_a_dirt_road/
11/30/2024 14:40:54 - INFO - __main__ - Running validation... 
 Generating 4 images with prompt:on top of a white rug.
11/30/2024 14:41:08 - INFO - root - Image have been saved in /shenzihe/WD-Disk/output/exp5/dog2/checkpoint-100/images/on_top_of_a_white_rug/
11/30/2024 14:41:21 - INFO - root - Image have been saved in /shenzihe/WD-Disk/output/exp5/dog2/checkpoint-100/images/on_top_of_a_white_rug/
11/30/2024 14:41:35 - INFO - root - Image have been saved in /shenzihe/WD-Disk/output/exp5/dog2/checkpoint-100/images/on_top_of_a_white_rug/
11/30/2024 14:41:48 - INFO - root - Image have been saved in /shenzihe/WD-Disk/output/exp5/dog2/checkpoint-100/images/on_top_of_a_white_rug/
11/30/2024 14:41:48 - INFO - __main__ - Running validation... 
 Generating 4 images with prompt:red.
11/30/2024 14:42:02 - INFO - root - Image have been saved in /shenzihe/WD-Disk/output/exp5/dog2/checkpoint-100/images/red/
11/30/2024 14:42:16 - INFO - root - Image have been saved in /shenzihe/WD-Disk/output/exp5/dog2/checkpoint-100/images/red/
11/30/2024 14:42:29 - INFO - root - Image have been saved in /shenzihe/WD-Disk/output/exp5/dog2/checkpoint-100/images/red/
11/30/2024 14:42:43 - INFO - root - Image have been saved in /shenzihe/WD-Disk/output/exp5/dog2/checkpoint-100/images/red/
11/30/2024 14:42:43 - INFO - __main__ - Running validation... 
 Generating 4 images with prompt:purple.
11/30/2024 14:42:57 - INFO - root - Image have been saved in /shenzihe/WD-Disk/output/exp5/dog2/checkpoint-100/images/purple/
11/30/2024 14:43:10 - INFO - root - Image have been saved in /shenzihe/WD-Disk/output/exp5/dog2/checkpoint-100/images/purple/
11/30/2024 14:43:24 - INFO - root - Image have been saved in /shenzihe/WD-Disk/output/exp5/dog2/checkpoint-100/images/purple/
11/30/2024 14:43:37 - INFO - root - Image have been saved in /shenzihe/WD-Disk/output/exp5/dog2/checkpoint-100/images/purple/
11/30/2024 14:43:37 - INFO - __main__ - Running validation... 
 Generating 4 images with prompt:shiny.
11/30/2024 14:43:51 - INFO - root - Image have been saved in /shenzihe/WD-Disk/output/exp5/dog2/checkpoint-100/images/shiny/
11/30/2024 14:44:05 - INFO - root - Image have been saved in /shenzihe/WD-Disk/output/exp5/dog2/checkpoint-100/images/shiny/
11/30/2024 14:44:18 - INFO - root - Image have been saved in /shenzihe/WD-Disk/output/exp5/dog2/checkpoint-100/images/shiny/
11/30/2024 14:44:32 - INFO - root - Image have been saved in /shenzihe/WD-Disk/output/exp5/dog2/checkpoint-100/images/shiny/
11/30/2024 14:44:32 - INFO - __main__ - Running validation... 
 Generating 4 images with prompt:wet.
11/30/2024 14:44:46 - INFO - root - Image have been saved in /shenzihe/WD-Disk/output/exp5/dog2/checkpoint-100/images/wet/
11/30/2024 14:44:59 - INFO - root - Image have been saved in /shenzihe/WD-Disk/output/exp5/dog2/checkpoint-100/images/wet/
11/30/2024 14:45:13 - INFO - root - Image have been saved in /shenzihe/WD-Disk/output/exp5/dog2/checkpoint-100/images/wet/
11/30/2024 14:45:26 - INFO - root - Image have been saved in /shenzihe/WD-Disk/output/exp5/dog2/checkpoint-100/images/wet/
11/30/2024 14:45:26 - INFO - __main__ - Running validation... 
 Generating 4 images with prompt:cube shaped.
11/30/2024 14:45:40 - INFO - root - Image have been saved in /shenzihe/WD-Disk/output/exp5/dog2/checkpoint-100/images/cube_shaped/
11/30/2024 14:45:54 - INFO - root - Image have been saved in /shenzihe/WD-Disk/output/exp5/dog2/checkpoint-100/images/cube_shaped/
11/30/2024 14:46:07 - INFO - root - Image have been saved in /shenzihe/WD-Disk/output/exp5/dog2/checkpoint-100/images/cube_shaped/
11/30/2024 14:46:21 - INFO - root - Image have been saved in /shenzihe/WD-Disk/output/exp5/dog2/checkpoint-100/images/cube_shaped/
