11/30/2024 17:26:54 - INFO - __main__ - Distributed environment: NO
Num processes: 1
Process index: 0
Local process index: 0
Device: cuda

Mixed precision type: no

11/30/2024 17:26:57 - INFO - root - freeze vision encoder
11/30/2024 17:27:06 - INFO - root - Loading pretrained model from /root/.cache/torch/hub/checkpoints/blip-diffusion
11/30/2024 17:27:06 - INFO - root - Loading pretrained BLIP2 Qformer weights.
11/30/2024 17:27:08 - INFO - root - Loading pretrained projection lyer weights.
11/30/2024 17:27:08 - INFO - root - Loading pretrained text encoder weights.
11/30/2024 17:27:08 - INFO - root - Loading pretrained vae weights.
11/30/2024 17:27:09 - INFO - root - Loading pretrained unet weights.
11/30/2024 17:27:16 - INFO - root - Using xformers.
11/30/2024 17:27:16 - INFO - root - Building datasets...
11/30/2024 17:27:26 - INFO - root - freeze vision encoder
11/30/2024 17:27:50 - INFO - root - load checkpoint from https://storage.googleapis.com/sfr-vision-language-research/LAVIS/models/BLIP2/blip2_pretrained_flant5xl.pth
11/30/2024 17:27:57 - INFO - __main__ - 
***** Running training *****
11/30/2024 17:27:57 - INFO - __main__ -   Num examples = 6
11/30/2024 17:27:57 - INFO - __main__ -   Num batches each epoch = 1
11/30/2024 17:27:57 - INFO - __main__ -   Num Epochs = 100
11/30/2024 17:27:57 - INFO - __main__ -   Instantaneous batch size per device = 6
11/30/2024 17:27:57 - INFO - __main__ -   Total train batch size (w. parallel, distributed & accumulation) = 6
11/30/2024 17:27:57 - INFO - __main__ -   Gradient Accumulation steps = 1
11/30/2024 17:27:57 - INFO - __main__ -   Total optimization steps = 100
11/30/2024 17:27:57 - INFO - __main__ -   Total parameters number = 1995356906
11/30/2024 17:27:57 - INFO - __main__ -   Training parameters number = 576349697
11/30/2024 17:31:15 - INFO - __main__ - Running validation... 
 Generating 4 images with prompt:in the jungle.
11/30/2024 17:31:29 - INFO - root - Image have been saved in /shenzihe/WD-Disk/output/exp5/fancy_boot/checkpoint-100/images/in_the_jungle/
11/30/2024 17:31:43 - INFO - root - Image have been saved in /shenzihe/WD-Disk/output/exp5/fancy_boot/checkpoint-100/images/in_the_jungle/
11/30/2024 17:31:56 - INFO - root - Image have been saved in /shenzihe/WD-Disk/output/exp5/fancy_boot/checkpoint-100/images/in_the_jungle/
11/30/2024 17:32:10 - INFO - root - Image have been saved in /shenzihe/WD-Disk/output/exp5/fancy_boot/checkpoint-100/images/in_the_jungle/
11/30/2024 17:32:10 - INFO - __main__ - Running validation... 
 Generating 4 images with prompt:in the snow.
11/30/2024 17:32:24 - INFO - root - Image have been saved in /shenzihe/WD-Disk/output/exp5/fancy_boot/checkpoint-100/images/in_the_snow/
11/30/2024 17:32:37 - INFO - root - Image have been saved in /shenzihe/WD-Disk/output/exp5/fancy_boot/checkpoint-100/images/in_the_snow/
11/30/2024 17:32:51 - INFO - root - Image have been saved in /shenzihe/WD-Disk/output/exp5/fancy_boot/checkpoint-100/images/in_the_snow/
11/30/2024 17:33:05 - INFO - root - Image have been saved in /shenzihe/WD-Disk/output/exp5/fancy_boot/checkpoint-100/images/in_the_snow/
11/30/2024 17:33:05 - INFO - __main__ - Running validation... 
 Generating 4 images with prompt:on the beach.
11/30/2024 17:33:19 - INFO - root - Image have been saved in /shenzihe/WD-Disk/output/exp5/fancy_boot/checkpoint-100/images/on_the_beach/
11/30/2024 17:33:32 - INFO - root - Image have been saved in /shenzihe/WD-Disk/output/exp5/fancy_boot/checkpoint-100/images/on_the_beach/
11/30/2024 17:33:46 - INFO - root - Image have been saved in /shenzihe/WD-Disk/output/exp5/fancy_boot/checkpoint-100/images/on_the_beach/
11/30/2024 17:34:00 - INFO - root - Image have been saved in /shenzihe/WD-Disk/output/exp5/fancy_boot/checkpoint-100/images/on_the_beach/
11/30/2024 17:34:00 - INFO - __main__ - Running validation... 
 Generating 4 images with prompt:on a cobblestone street.
11/30/2024 17:34:13 - INFO - root - Image have been saved in /shenzihe/WD-Disk/output/exp5/fancy_boot/checkpoint-100/images/on_a_cobblestone_street/
11/30/2024 17:34:27 - INFO - root - Image have been saved in /shenzihe/WD-Disk/output/exp5/fancy_boot/checkpoint-100/images/on_a_cobblestone_street/
11/30/2024 17:34:41 - INFO - root - Image have been saved in /shenzihe/WD-Disk/output/exp5/fancy_boot/checkpoint-100/images/on_a_cobblestone_street/
11/30/2024 17:34:55 - INFO - root - Image have been saved in /shenzihe/WD-Disk/output/exp5/fancy_boot/checkpoint-100/images/on_a_cobblestone_street/
11/30/2024 17:34:55 - INFO - __main__ - Running validation... 
 Generating 4 images with prompt:on top of pink fabric.
11/30/2024 17:35:08 - INFO - root - Image have been saved in /shenzihe/WD-Disk/output/exp5/fancy_boot/checkpoint-100/images/on_top_of_pink_fabric/
11/30/2024 17:35:22 - INFO - root - Image have been saved in /shenzihe/WD-Disk/output/exp5/fancy_boot/checkpoint-100/images/on_top_of_pink_fabric/
11/30/2024 17:35:36 - INFO - root - Image have been saved in /shenzihe/WD-Disk/output/exp5/fancy_boot/checkpoint-100/images/on_top_of_pink_fabric/
11/30/2024 17:35:49 - INFO - root - Image have been saved in /shenzihe/WD-Disk/output/exp5/fancy_boot/checkpoint-100/images/on_top_of_pink_fabric/
11/30/2024 17:35:49 - INFO - __main__ - Running validation... 
 Generating 4 images with prompt:on top of a wooden floor.
11/30/2024 17:36:03 - INFO - root - Image have been saved in /shenzihe/WD-Disk/output/exp5/fancy_boot/checkpoint-100/images/on_top_of_a_wooden_floor/
11/30/2024 17:36:17 - INFO - root - Image have been saved in /shenzihe/WD-Disk/output/exp5/fancy_boot/checkpoint-100/images/on_top_of_a_wooden_floor/
11/30/2024 17:36:31 - INFO - root - Image have been saved in /shenzihe/WD-Disk/output/exp5/fancy_boot/checkpoint-100/images/on_top_of_a_wooden_floor/
11/30/2024 17:36:44 - INFO - root - Image have been saved in /shenzihe/WD-Disk/output/exp5/fancy_boot/checkpoint-100/images/on_top_of_a_wooden_floor/
11/30/2024 17:36:44 - INFO - __main__ - Running validation... 
 Generating 4 images with prompt:with a city in the background.
11/30/2024 17:36:58 - INFO - root - Image have been saved in /shenzihe/WD-Disk/output/exp5/fancy_boot/checkpoint-100/images/with_a_city_in_the_background/
11/30/2024 17:37:12 - INFO - root - Image have been saved in /shenzihe/WD-Disk/output/exp5/fancy_boot/checkpoint-100/images/with_a_city_in_the_background/
11/30/2024 17:37:25 - INFO - root - Image have been saved in /shenzihe/WD-Disk/output/exp5/fancy_boot/checkpoint-100/images/with_a_city_in_the_background/
11/30/2024 17:37:39 - INFO - root - Image have been saved in /shenzihe/WD-Disk/output/exp5/fancy_boot/checkpoint-100/images/with_a_city_in_the_background/
11/30/2024 17:37:39 - INFO - __main__ - Running validation... 
 Generating 4 images with prompt:with a mountain in the background.
11/30/2024 17:37:53 - INFO - root - Image have been saved in /shenzihe/WD-Disk/output/exp5/fancy_boot/checkpoint-100/images/with_a_mountain_in_the_background/
11/30/2024 17:38:07 - INFO - root - Image have been saved in /shenzihe/WD-Disk/output/exp5/fancy_boot/checkpoint-100/images/with_a_mountain_in_the_background/
11/30/2024 17:38:20 - INFO - root - Image have been saved in /shenzihe/WD-Disk/output/exp5/fancy_boot/checkpoint-100/images/with_a_mountain_in_the_background/
11/30/2024 17:38:34 - INFO - root - Image have been saved in /shenzihe/WD-Disk/output/exp5/fancy_boot/checkpoint-100/images/with_a_mountain_in_the_background/
11/30/2024 17:38:34 - INFO - __main__ - Running validation... 
 Generating 4 images with prompt:with a blue house in the background.
11/30/2024 17:38:48 - INFO - root - Image have been saved in /shenzihe/WD-Disk/output/exp5/fancy_boot/checkpoint-100/images/with_a_blue_house_in_the_background/
11/30/2024 17:39:01 - INFO - root - Image have been saved in /shenzihe/WD-Disk/output/exp5/fancy_boot/checkpoint-100/images/with_a_blue_house_in_the_background/
11/30/2024 17:39:15 - INFO - root - Image have been saved in /shenzihe/WD-Disk/output/exp5/fancy_boot/checkpoint-100/images/with_a_blue_house_in_the_background/
11/30/2024 17:39:29 - INFO - root - Image have been saved in /shenzihe/WD-Disk/output/exp5/fancy_boot/checkpoint-100/images/with_a_blue_house_in_the_background/
11/30/2024 17:39:29 - INFO - __main__ - Running validation... 
 Generating 4 images with prompt:on top of a purple rug in a forest.
11/30/2024 17:39:42 - INFO - root - Image have been saved in /shenzihe/WD-Disk/output/exp5/fancy_boot/checkpoint-100/images/on_top_of_a_purple_rug_in_a_forest/
11/30/2024 17:39:56 - INFO - root - Image have been saved in /shenzihe/WD-Disk/output/exp5/fancy_boot/checkpoint-100/images/on_top_of_a_purple_rug_in_a_forest/
11/30/2024 17:40:10 - INFO - root - Image have been saved in /shenzihe/WD-Disk/output/exp5/fancy_boot/checkpoint-100/images/on_top_of_a_purple_rug_in_a_forest/
11/30/2024 17:40:24 - INFO - root - Image have been saved in /shenzihe/WD-Disk/output/exp5/fancy_boot/checkpoint-100/images/on_top_of_a_purple_rug_in_a_forest/
11/30/2024 17:40:24 - INFO - __main__ - Running validation... 
 Generating 4 images with prompt:with a wheat field in the background.
11/30/2024 17:40:37 - INFO - root - Image have been saved in /shenzihe/WD-Disk/output/exp5/fancy_boot/checkpoint-100/images/with_a_wheat_field_in_the_background/
11/30/2024 17:40:51 - INFO - root - Image have been saved in /shenzihe/WD-Disk/output/exp5/fancy_boot/checkpoint-100/images/with_a_wheat_field_in_the_background/
11/30/2024 17:41:05 - INFO - root - Image have been saved in /shenzihe/WD-Disk/output/exp5/fancy_boot/checkpoint-100/images/with_a_wheat_field_in_the_background/
11/30/2024 17:41:18 - INFO - root - Image have been saved in /shenzihe/WD-Disk/output/exp5/fancy_boot/checkpoint-100/images/with_a_wheat_field_in_the_background/
11/30/2024 17:41:18 - INFO - __main__ - Running validation... 
 Generating 4 images with prompt:with a tree and autumn leaves in the background.
11/30/2024 17:41:32 - INFO - root - Image have been saved in /shenzihe/WD-Disk/output/exp5/fancy_boot/checkpoint-100/images/with_a_tree_and_autumn_leaves_in_the_background/
11/30/2024 17:41:46 - INFO - root - Image have been saved in /shenzihe/WD-Disk/output/exp5/fancy_boot/checkpoint-100/images/with_a_tree_and_autumn_leaves_in_the_background/
11/30/2024 17:41:59 - INFO - root - Image have been saved in /shenzihe/WD-Disk/output/exp5/fancy_boot/checkpoint-100/images/with_a_tree_and_autumn_leaves_in_the_background/
11/30/2024 17:42:13 - INFO - root - Image have been saved in /shenzihe/WD-Disk/output/exp5/fancy_boot/checkpoint-100/images/with_a_tree_and_autumn_leaves_in_the_background/
11/30/2024 17:42:13 - INFO - __main__ - Running validation... 
 Generating 4 images with prompt:with the Eiffel Tower in the background.
11/30/2024 17:42:27 - INFO - root - Image have been saved in /shenzihe/WD-Disk/output/exp5/fancy_boot/checkpoint-100/images/with_the_Eiffel_Tower_in_the_background/
11/30/2024 17:42:41 - INFO - root - Image have been saved in /shenzihe/WD-Disk/output/exp5/fancy_boot/checkpoint-100/images/with_the_Eiffel_Tower_in_the_background/
11/30/2024 17:42:54 - INFO - root - Image have been saved in /shenzihe/WD-Disk/output/exp5/fancy_boot/checkpoint-100/images/with_the_Eiffel_Tower_in_the_background/
11/30/2024 17:43:08 - INFO - root - Image have been saved in /shenzihe/WD-Disk/output/exp5/fancy_boot/checkpoint-100/images/with_the_Eiffel_Tower_in_the_background/
11/30/2024 17:43:08 - INFO - __main__ - Running validation... 
 Generating 4 images with prompt:floating on top of water.
11/30/2024 17:43:22 - INFO - root - Image have been saved in /shenzihe/WD-Disk/output/exp5/fancy_boot/checkpoint-100/images/floating_on_top_of_water/
11/30/2024 17:43:35 - INFO - root - Image have been saved in /shenzihe/WD-Disk/output/exp5/fancy_boot/checkpoint-100/images/floating_on_top_of_water/
11/30/2024 17:43:49 - INFO - root - Image have been saved in /shenzihe/WD-Disk/output/exp5/fancy_boot/checkpoint-100/images/floating_on_top_of_water/
11/30/2024 17:44:03 - INFO - root - Image have been saved in /shenzihe/WD-Disk/output/exp5/fancy_boot/checkpoint-100/images/floating_on_top_of_water/
11/30/2024 17:44:03 - INFO - __main__ - Running validation... 
 Generating 4 images with prompt:floating in an ocean of milk.
11/30/2024 17:44:16 - INFO - root - Image have been saved in /shenzihe/WD-Disk/output/exp5/fancy_boot/checkpoint-100/images/floating_in_an_ocean_of_milk/
11/30/2024 17:44:30 - INFO - root - Image have been saved in /shenzihe/WD-Disk/output/exp5/fancy_boot/checkpoint-100/images/floating_in_an_ocean_of_milk/
11/30/2024 17:44:44 - INFO - root - Image have been saved in /shenzihe/WD-Disk/output/exp5/fancy_boot/checkpoint-100/images/floating_in_an_ocean_of_milk/
11/30/2024 17:44:58 - INFO - root - Image have been saved in /shenzihe/WD-Disk/output/exp5/fancy_boot/checkpoint-100/images/floating_in_an_ocean_of_milk/
11/30/2024 17:44:58 - INFO - __main__ - Running validation... 
 Generating 4 images with prompt:on top of green grass with sunflowers around it.
11/30/2024 17:45:11 - INFO - root - Image have been saved in /shenzihe/WD-Disk/output/exp5/fancy_boot/checkpoint-100/images/on_top_of_green_grass_with_sunflowers_around_it/
11/30/2024 17:45:25 - INFO - root - Image have been saved in /shenzihe/WD-Disk/output/exp5/fancy_boot/checkpoint-100/images/on_top_of_green_grass_with_sunflowers_around_it/
11/30/2024 17:45:39 - INFO - root - Image have been saved in /shenzihe/WD-Disk/output/exp5/fancy_boot/checkpoint-100/images/on_top_of_green_grass_with_sunflowers_around_it/
11/30/2024 17:45:52 - INFO - root - Image have been saved in /shenzihe/WD-Disk/output/exp5/fancy_boot/checkpoint-100/images/on_top_of_green_grass_with_sunflowers_around_it/
11/30/2024 17:45:52 - INFO - __main__ - Running validation... 
 Generating 4 images with prompt:on top of a mirror.
11/30/2024 17:46:06 - INFO - root - Image have been saved in /shenzihe/WD-Disk/output/exp5/fancy_boot/checkpoint-100/images/on_top_of_a_mirror/
11/30/2024 17:46:20 - INFO - root - Image have been saved in /shenzihe/WD-Disk/output/exp5/fancy_boot/checkpoint-100/images/on_top_of_a_mirror/
11/30/2024 17:46:33 - INFO - root - Image have been saved in /shenzihe/WD-Disk/output/exp5/fancy_boot/checkpoint-100/images/on_top_of_a_mirror/
11/30/2024 17:46:47 - INFO - root - Image have been saved in /shenzihe/WD-Disk/output/exp5/fancy_boot/checkpoint-100/images/on_top_of_a_mirror/
11/30/2024 17:46:47 - INFO - __main__ - Running validation... 
 Generating 4 images with prompt:on top of the sidewalk in a crowded street.
11/30/2024 17:47:01 - INFO - root - Image have been saved in /shenzihe/WD-Disk/output/exp5/fancy_boot/checkpoint-100/images/on_top_of_the_sidewalk_in_a_crowded_street/
11/30/2024 17:47:14 - INFO - root - Image have been saved in /shenzihe/WD-Disk/output/exp5/fancy_boot/checkpoint-100/images/on_top_of_the_sidewalk_in_a_crowded_street/
11/30/2024 17:47:28 - INFO - root - Image have been saved in /shenzihe/WD-Disk/output/exp5/fancy_boot/checkpoint-100/images/on_top_of_the_sidewalk_in_a_crowded_street/
11/30/2024 17:47:42 - INFO - root - Image have been saved in /shenzihe/WD-Disk/output/exp5/fancy_boot/checkpoint-100/images/on_top_of_the_sidewalk_in_a_crowded_street/
11/30/2024 17:47:42 - INFO - __main__ - Running validation... 
 Generating 4 images with prompt:on top of a dirt road.
11/30/2024 17:47:55 - INFO - root - Image have been saved in /shenzihe/WD-Disk/output/exp5/fancy_boot/checkpoint-100/images/on_top_of_a_dirt_road/
11/30/2024 17:48:09 - INFO - root - Image have been saved in /shenzihe/WD-Disk/output/exp5/fancy_boot/checkpoint-100/images/on_top_of_a_dirt_road/
11/30/2024 17:48:23 - INFO - root - Image have been saved in /shenzihe/WD-Disk/output/exp5/fancy_boot/checkpoint-100/images/on_top_of_a_dirt_road/
11/30/2024 17:48:36 - INFO - root - Image have been saved in /shenzihe/WD-Disk/output/exp5/fancy_boot/checkpoint-100/images/on_top_of_a_dirt_road/
11/30/2024 17:48:36 - INFO - __main__ - Running validation... 
 Generating 4 images with prompt:on top of a white rug.
11/30/2024 17:48:50 - INFO - root - Image have been saved in /shenzihe/WD-Disk/output/exp5/fancy_boot/checkpoint-100/images/on_top_of_a_white_rug/
11/30/2024 17:49:04 - INFO - root - Image have been saved in /shenzihe/WD-Disk/output/exp5/fancy_boot/checkpoint-100/images/on_top_of_a_white_rug/
11/30/2024 17:49:17 - INFO - root - Image have been saved in /shenzihe/WD-Disk/output/exp5/fancy_boot/checkpoint-100/images/on_top_of_a_white_rug/
11/30/2024 17:49:31 - INFO - root - Image have been saved in /shenzihe/WD-Disk/output/exp5/fancy_boot/checkpoint-100/images/on_top_of_a_white_rug/
11/30/2024 17:49:31 - INFO - __main__ - Running validation... 
 Generating 4 images with prompt:red.
11/30/2024 17:49:45 - INFO - root - Image have been saved in /shenzihe/WD-Disk/output/exp5/fancy_boot/checkpoint-100/images/red/
11/30/2024 17:49:58 - INFO - root - Image have been saved in /shenzihe/WD-Disk/output/exp5/fancy_boot/checkpoint-100/images/red/
11/30/2024 17:50:12 - INFO - root - Image have been saved in /shenzihe/WD-Disk/output/exp5/fancy_boot/checkpoint-100/images/red/
11/30/2024 17:50:26 - INFO - root - Image have been saved in /shenzihe/WD-Disk/output/exp5/fancy_boot/checkpoint-100/images/red/
11/30/2024 17:50:26 - INFO - __main__ - Running validation... 
 Generating 4 images with prompt:purple.
11/30/2024 17:50:39 - INFO - root - Image have been saved in /shenzihe/WD-Disk/output/exp5/fancy_boot/checkpoint-100/images/purple/
11/30/2024 17:50:53 - INFO - root - Image have been saved in /shenzihe/WD-Disk/output/exp5/fancy_boot/checkpoint-100/images/purple/
11/30/2024 17:51:07 - INFO - root - Image have been saved in /shenzihe/WD-Disk/output/exp5/fancy_boot/checkpoint-100/images/purple/
11/30/2024 17:51:21 - INFO - root - Image have been saved in /shenzihe/WD-Disk/output/exp5/fancy_boot/checkpoint-100/images/purple/
11/30/2024 17:51:21 - INFO - __main__ - Running validation... 
 Generating 4 images with prompt:shiny.
11/30/2024 17:51:34 - INFO - root - Image have been saved in /shenzihe/WD-Disk/output/exp5/fancy_boot/checkpoint-100/images/shiny/
11/30/2024 17:51:48 - INFO - root - Image have been saved in /shenzihe/WD-Disk/output/exp5/fancy_boot/checkpoint-100/images/shiny/
11/30/2024 17:52:02 - INFO - root - Image have been saved in /shenzihe/WD-Disk/output/exp5/fancy_boot/checkpoint-100/images/shiny/
11/30/2024 17:52:16 - INFO - root - Image have been saved in /shenzihe/WD-Disk/output/exp5/fancy_boot/checkpoint-100/images/shiny/
11/30/2024 17:52:16 - INFO - __main__ - Running validation... 
 Generating 4 images with prompt:wet.
11/30/2024 17:52:29 - INFO - root - Image have been saved in /shenzihe/WD-Disk/output/exp5/fancy_boot/checkpoint-100/images/wet/
11/30/2024 17:52:43 - INFO - root - Image have been saved in /shenzihe/WD-Disk/output/exp5/fancy_boot/checkpoint-100/images/wet/
11/30/2024 17:52:57 - INFO - root - Image have been saved in /shenzihe/WD-Disk/output/exp5/fancy_boot/checkpoint-100/images/wet/
11/30/2024 17:53:10 - INFO - root - Image have been saved in /shenzihe/WD-Disk/output/exp5/fancy_boot/checkpoint-100/images/wet/
11/30/2024 17:53:10 - INFO - __main__ - Running validation... 
 Generating 4 images with prompt:cube shaped.
11/30/2024 17:53:24 - INFO - root - Image have been saved in /shenzihe/WD-Disk/output/exp5/fancy_boot/checkpoint-100/images/cube_shaped/
11/30/2024 17:53:38 - INFO - root - Image have been saved in /shenzihe/WD-Disk/output/exp5/fancy_boot/checkpoint-100/images/cube_shaped/
11/30/2024 17:53:51 - INFO - root - Image have been saved in /shenzihe/WD-Disk/output/exp5/fancy_boot/checkpoint-100/images/cube_shaped/
11/30/2024 17:54:05 - INFO - root - Image have been saved in /shenzihe/WD-Disk/output/exp5/fancy_boot/checkpoint-100/images/cube_shaped/
