11/30/2024 18:21:19 - INFO - __main__ - Distributed environment: NO
Num processes: 1
Process index: 0
Local process index: 0
Device: cuda

Mixed precision type: no

11/30/2024 18:21:24 - INFO - root - freeze vision encoder
11/30/2024 18:21:34 - INFO - root - Loading pretrained model from /root/.cache/torch/hub/checkpoints/blip-diffusion
11/30/2024 18:21:34 - INFO - root - Loading pretrained BLIP2 Qformer weights.
11/30/2024 18:21:36 - INFO - root - Loading pretrained projection lyer weights.
11/30/2024 18:21:36 - INFO - root - Loading pretrained text encoder weights.
11/30/2024 18:21:36 - INFO - root - Loading pretrained vae weights.
11/30/2024 18:21:37 - INFO - root - Loading pretrained unet weights.
11/30/2024 18:21:44 - INFO - root - Using xformers.
11/30/2024 18:21:44 - INFO - root - Building datasets...
11/30/2024 18:21:54 - INFO - root - freeze vision encoder
11/30/2024 18:22:21 - INFO - root - load checkpoint from https://storage.googleapis.com/sfr-vision-language-research/LAVIS/models/BLIP2/blip2_pretrained_flant5xl.pth
11/30/2024 18:22:27 - INFO - __main__ - 
***** Running training *****
11/30/2024 18:22:27 - INFO - __main__ -   Num examples = 5
11/30/2024 18:22:27 - INFO - __main__ -   Num batches each epoch = 1
11/30/2024 18:22:27 - INFO - __main__ -   Num Epochs = 100
11/30/2024 18:22:27 - INFO - __main__ -   Instantaneous batch size per device = 6
11/30/2024 18:22:27 - INFO - __main__ -   Total train batch size (w. parallel, distributed & accumulation) = 6
11/30/2024 18:22:27 - INFO - __main__ -   Gradient Accumulation steps = 1
11/30/2024 18:22:27 - INFO - __main__ -   Total optimization steps = 100
11/30/2024 18:22:27 - INFO - __main__ -   Total parameters number = 1995356906
11/30/2024 18:22:27 - INFO - __main__ -   Training parameters number = 576349697
11/30/2024 18:25:08 - INFO - __main__ - Running validation... 
 Generating 4 images with prompt:in the jungle.
11/30/2024 18:25:22 - INFO - root - Image have been saved in /shenzihe/WD-Disk/output/exp5/monster_toy/checkpoint-100/images/in_the_jungle/
11/30/2024 18:25:35 - INFO - root - Image have been saved in /shenzihe/WD-Disk/output/exp5/monster_toy/checkpoint-100/images/in_the_jungle/
11/30/2024 18:25:49 - INFO - root - Image have been saved in /shenzihe/WD-Disk/output/exp5/monster_toy/checkpoint-100/images/in_the_jungle/
11/30/2024 18:26:03 - INFO - root - Image have been saved in /shenzihe/WD-Disk/output/exp5/monster_toy/checkpoint-100/images/in_the_jungle/
11/30/2024 18:26:03 - INFO - __main__ - Running validation... 
 Generating 4 images with prompt:in the snow.
11/30/2024 18:26:16 - INFO - root - Image have been saved in /shenzihe/WD-Disk/output/exp5/monster_toy/checkpoint-100/images/in_the_snow/
11/30/2024 18:26:30 - INFO - root - Image have been saved in /shenzihe/WD-Disk/output/exp5/monster_toy/checkpoint-100/images/in_the_snow/
11/30/2024 18:26:43 - INFO - root - Image have been saved in /shenzihe/WD-Disk/output/exp5/monster_toy/checkpoint-100/images/in_the_snow/
11/30/2024 18:26:57 - INFO - root - Image have been saved in /shenzihe/WD-Disk/output/exp5/monster_toy/checkpoint-100/images/in_the_snow/
11/30/2024 18:26:57 - INFO - __main__ - Running validation... 
 Generating 4 images with prompt:on the beach.
11/30/2024 18:27:11 - INFO - root - Image have been saved in /shenzihe/WD-Disk/output/exp5/monster_toy/checkpoint-100/images/on_the_beach/
11/30/2024 18:27:25 - INFO - root - Image have been saved in /shenzihe/WD-Disk/output/exp5/monster_toy/checkpoint-100/images/on_the_beach/
11/30/2024 18:27:38 - INFO - root - Image have been saved in /shenzihe/WD-Disk/output/exp5/monster_toy/checkpoint-100/images/on_the_beach/
11/30/2024 18:27:52 - INFO - root - Image have been saved in /shenzihe/WD-Disk/output/exp5/monster_toy/checkpoint-100/images/on_the_beach/
11/30/2024 18:27:52 - INFO - __main__ - Running validation... 
 Generating 4 images with prompt:on a cobblestone street.
11/30/2024 18:28:06 - INFO - root - Image have been saved in /shenzihe/WD-Disk/output/exp5/monster_toy/checkpoint-100/images/on_a_cobblestone_street/
11/30/2024 18:28:20 - INFO - root - Image have been saved in /shenzihe/WD-Disk/output/exp5/monster_toy/checkpoint-100/images/on_a_cobblestone_street/
11/30/2024 18:28:33 - INFO - root - Image have been saved in /shenzihe/WD-Disk/output/exp5/monster_toy/checkpoint-100/images/on_a_cobblestone_street/
11/30/2024 18:28:47 - INFO - root - Image have been saved in /shenzihe/WD-Disk/output/exp5/monster_toy/checkpoint-100/images/on_a_cobblestone_street/
11/30/2024 18:28:47 - INFO - __main__ - Running validation... 
 Generating 4 images with prompt:on top of pink fabric.
11/30/2024 18:29:01 - INFO - root - Image have been saved in /shenzihe/WD-Disk/output/exp5/monster_toy/checkpoint-100/images/on_top_of_pink_fabric/
11/30/2024 18:29:14 - INFO - root - Image have been saved in /shenzihe/WD-Disk/output/exp5/monster_toy/checkpoint-100/images/on_top_of_pink_fabric/
11/30/2024 18:29:28 - INFO - root - Image have been saved in /shenzihe/WD-Disk/output/exp5/monster_toy/checkpoint-100/images/on_top_of_pink_fabric/
11/30/2024 18:29:42 - INFO - root - Image have been saved in /shenzihe/WD-Disk/output/exp5/monster_toy/checkpoint-100/images/on_top_of_pink_fabric/
11/30/2024 18:29:42 - INFO - __main__ - Running validation... 
 Generating 4 images with prompt:on top of a wooden floor.
11/30/2024 18:29:56 - INFO - root - Image have been saved in /shenzihe/WD-Disk/output/exp5/monster_toy/checkpoint-100/images/on_top_of_a_wooden_floor/
11/30/2024 18:30:09 - INFO - root - Image have been saved in /shenzihe/WD-Disk/output/exp5/monster_toy/checkpoint-100/images/on_top_of_a_wooden_floor/
11/30/2024 18:30:23 - INFO - root - Image have been saved in /shenzihe/WD-Disk/output/exp5/monster_toy/checkpoint-100/images/on_top_of_a_wooden_floor/
11/30/2024 18:30:36 - INFO - root - Image have been saved in /shenzihe/WD-Disk/output/exp5/monster_toy/checkpoint-100/images/on_top_of_a_wooden_floor/
11/30/2024 18:30:36 - INFO - __main__ - Running validation... 
 Generating 4 images with prompt:with a city in the background.
11/30/2024 18:30:50 - INFO - root - Image have been saved in /shenzihe/WD-Disk/output/exp5/monster_toy/checkpoint-100/images/with_a_city_in_the_background/
11/30/2024 18:31:04 - INFO - root - Image have been saved in /shenzihe/WD-Disk/output/exp5/monster_toy/checkpoint-100/images/with_a_city_in_the_background/
11/30/2024 18:31:17 - INFO - root - Image have been saved in /shenzihe/WD-Disk/output/exp5/monster_toy/checkpoint-100/images/with_a_city_in_the_background/
11/30/2024 18:31:31 - INFO - root - Image have been saved in /shenzihe/WD-Disk/output/exp5/monster_toy/checkpoint-100/images/with_a_city_in_the_background/
11/30/2024 18:31:31 - INFO - __main__ - Running validation... 
 Generating 4 images with prompt:with a mountain in the background.
11/30/2024 18:31:45 - INFO - root - Image have been saved in /shenzihe/WD-Disk/output/exp5/monster_toy/checkpoint-100/images/with_a_mountain_in_the_background/
11/30/2024 18:31:59 - INFO - root - Image have been saved in /shenzihe/WD-Disk/output/exp5/monster_toy/checkpoint-100/images/with_a_mountain_in_the_background/
11/30/2024 18:32:12 - INFO - root - Image have been saved in /shenzihe/WD-Disk/output/exp5/monster_toy/checkpoint-100/images/with_a_mountain_in_the_background/
11/30/2024 18:32:26 - INFO - root - Image have been saved in /shenzihe/WD-Disk/output/exp5/monster_toy/checkpoint-100/images/with_a_mountain_in_the_background/
11/30/2024 18:32:26 - INFO - __main__ - Running validation... 
 Generating 4 images with prompt:with a blue house in the background.
11/30/2024 18:32:40 - INFO - root - Image have been saved in /shenzihe/WD-Disk/output/exp5/monster_toy/checkpoint-100/images/with_a_blue_house_in_the_background/
11/30/2024 18:32:54 - INFO - root - Image have been saved in /shenzihe/WD-Disk/output/exp5/monster_toy/checkpoint-100/images/with_a_blue_house_in_the_background/
11/30/2024 18:33:07 - INFO - root - Image have been saved in /shenzihe/WD-Disk/output/exp5/monster_toy/checkpoint-100/images/with_a_blue_house_in_the_background/
11/30/2024 18:33:21 - INFO - root - Image have been saved in /shenzihe/WD-Disk/output/exp5/monster_toy/checkpoint-100/images/with_a_blue_house_in_the_background/
11/30/2024 18:33:21 - INFO - __main__ - Running validation... 
 Generating 4 images with prompt:on top of a purple rug in a forest.
11/30/2024 18:33:35 - INFO - root - Image have been saved in /shenzihe/WD-Disk/output/exp5/monster_toy/checkpoint-100/images/on_top_of_a_purple_rug_in_a_forest/
11/30/2024 18:33:48 - INFO - root - Image have been saved in /shenzihe/WD-Disk/output/exp5/monster_toy/checkpoint-100/images/on_top_of_a_purple_rug_in_a_forest/
11/30/2024 18:34:02 - INFO - root - Image have been saved in /shenzihe/WD-Disk/output/exp5/monster_toy/checkpoint-100/images/on_top_of_a_purple_rug_in_a_forest/
11/30/2024 18:34:16 - INFO - root - Image have been saved in /shenzihe/WD-Disk/output/exp5/monster_toy/checkpoint-100/images/on_top_of_a_purple_rug_in_a_forest/
11/30/2024 18:34:16 - INFO - __main__ - Running validation... 
 Generating 4 images with prompt:with a wheat field in the background.
11/30/2024 18:34:29 - INFO - root - Image have been saved in /shenzihe/WD-Disk/output/exp5/monster_toy/checkpoint-100/images/with_a_wheat_field_in_the_background/
11/30/2024 18:34:43 - INFO - root - Image have been saved in /shenzihe/WD-Disk/output/exp5/monster_toy/checkpoint-100/images/with_a_wheat_field_in_the_background/
11/30/2024 18:34:57 - INFO - root - Image have been saved in /shenzihe/WD-Disk/output/exp5/monster_toy/checkpoint-100/images/with_a_wheat_field_in_the_background/
11/30/2024 18:35:10 - INFO - root - Image have been saved in /shenzihe/WD-Disk/output/exp5/monster_toy/checkpoint-100/images/with_a_wheat_field_in_the_background/
11/30/2024 18:35:10 - INFO - __main__ - Running validation... 
 Generating 4 images with prompt:with a tree and autumn leaves in the background.
11/30/2024 18:35:24 - INFO - root - Image have been saved in /shenzihe/WD-Disk/output/exp5/monster_toy/checkpoint-100/images/with_a_tree_and_autumn_leaves_in_the_background/
11/30/2024 18:35:38 - INFO - root - Image have been saved in /shenzihe/WD-Disk/output/exp5/monster_toy/checkpoint-100/images/with_a_tree_and_autumn_leaves_in_the_background/
11/30/2024 18:35:52 - INFO - root - Image have been saved in /shenzihe/WD-Disk/output/exp5/monster_toy/checkpoint-100/images/with_a_tree_and_autumn_leaves_in_the_background/
11/30/2024 18:36:05 - INFO - root - Image have been saved in /shenzihe/WD-Disk/output/exp5/monster_toy/checkpoint-100/images/with_a_tree_and_autumn_leaves_in_the_background/
11/30/2024 18:36:05 - INFO - __main__ - Running validation... 
 Generating 4 images with prompt:with the Eiffel Tower in the background.
11/30/2024 18:36:19 - INFO - root - Image have been saved in /shenzihe/WD-Disk/output/exp5/monster_toy/checkpoint-100/images/with_the_Eiffel_Tower_in_the_background/
11/30/2024 18:36:33 - INFO - root - Image have been saved in /shenzihe/WD-Disk/output/exp5/monster_toy/checkpoint-100/images/with_the_Eiffel_Tower_in_the_background/
11/30/2024 18:36:46 - INFO - root - Image have been saved in /shenzihe/WD-Disk/output/exp5/monster_toy/checkpoint-100/images/with_the_Eiffel_Tower_in_the_background/
11/30/2024 18:37:00 - INFO - root - Image have been saved in /shenzihe/WD-Disk/output/exp5/monster_toy/checkpoint-100/images/with_the_Eiffel_Tower_in_the_background/
11/30/2024 18:37:00 - INFO - __main__ - Running validation... 
 Generating 4 images with prompt:floating on top of water.
11/30/2024 18:37:14 - INFO - root - Image have been saved in /shenzihe/WD-Disk/output/exp5/monster_toy/checkpoint-100/images/floating_on_top_of_water/
11/30/2024 18:37:28 - INFO - root - Image have been saved in /shenzihe/WD-Disk/output/exp5/monster_toy/checkpoint-100/images/floating_on_top_of_water/
11/30/2024 18:37:41 - INFO - root - Image have been saved in /shenzihe/WD-Disk/output/exp5/monster_toy/checkpoint-100/images/floating_on_top_of_water/
11/30/2024 18:37:55 - INFO - root - Image have been saved in /shenzihe/WD-Disk/output/exp5/monster_toy/checkpoint-100/images/floating_on_top_of_water/
11/30/2024 18:37:55 - INFO - __main__ - Running validation... 
 Generating 4 images with prompt:floating in an ocean of milk.
11/30/2024 18:38:09 - INFO - root - Image have been saved in /shenzihe/WD-Disk/output/exp5/monster_toy/checkpoint-100/images/floating_in_an_ocean_of_milk/
11/30/2024 18:38:22 - INFO - root - Image have been saved in /shenzihe/WD-Disk/output/exp5/monster_toy/checkpoint-100/images/floating_in_an_ocean_of_milk/
11/30/2024 18:38:36 - INFO - root - Image have been saved in /shenzihe/WD-Disk/output/exp5/monster_toy/checkpoint-100/images/floating_in_an_ocean_of_milk/
11/30/2024 18:38:49 - INFO - root - Image have been saved in /shenzihe/WD-Disk/output/exp5/monster_toy/checkpoint-100/images/floating_in_an_ocean_of_milk/
11/30/2024 18:38:49 - INFO - __main__ - Running validation... 
 Generating 4 images with prompt:on top of green grass with sunflowers around it.
11/30/2024 18:39:03 - INFO - root - Image have been saved in /shenzihe/WD-Disk/output/exp5/monster_toy/checkpoint-100/images/on_top_of_green_grass_with_sunflowers_around_it/
11/30/2024 18:39:17 - INFO - root - Image have been saved in /shenzihe/WD-Disk/output/exp5/monster_toy/checkpoint-100/images/on_top_of_green_grass_with_sunflowers_around_it/
11/30/2024 18:39:31 - INFO - root - Image have been saved in /shenzihe/WD-Disk/output/exp5/monster_toy/checkpoint-100/images/on_top_of_green_grass_with_sunflowers_around_it/
11/30/2024 18:39:44 - INFO - root - Image have been saved in /shenzihe/WD-Disk/output/exp5/monster_toy/checkpoint-100/images/on_top_of_green_grass_with_sunflowers_around_it/
11/30/2024 18:39:44 - INFO - __main__ - Running validation... 
 Generating 4 images with prompt:on top of a mirror.
11/30/2024 18:39:58 - INFO - root - Image have been saved in /shenzihe/WD-Disk/output/exp5/monster_toy/checkpoint-100/images/on_top_of_a_mirror/
11/30/2024 18:40:12 - INFO - root - Image have been saved in /shenzihe/WD-Disk/output/exp5/monster_toy/checkpoint-100/images/on_top_of_a_mirror/
11/30/2024 18:40:25 - INFO - root - Image have been saved in /shenzihe/WD-Disk/output/exp5/monster_toy/checkpoint-100/images/on_top_of_a_mirror/
11/30/2024 18:40:39 - INFO - root - Image have been saved in /shenzihe/WD-Disk/output/exp5/monster_toy/checkpoint-100/images/on_top_of_a_mirror/
11/30/2024 18:40:39 - INFO - __main__ - Running validation... 
 Generating 4 images with prompt:on top of the sidewalk in a crowded street.
11/30/2024 18:40:53 - INFO - root - Image have been saved in /shenzihe/WD-Disk/output/exp5/monster_toy/checkpoint-100/images/on_top_of_the_sidewalk_in_a_crowded_street/
11/30/2024 18:41:06 - INFO - root - Image have been saved in /shenzihe/WD-Disk/output/exp5/monster_toy/checkpoint-100/images/on_top_of_the_sidewalk_in_a_crowded_street/
11/30/2024 18:41:20 - INFO - root - Image have been saved in /shenzihe/WD-Disk/output/exp5/monster_toy/checkpoint-100/images/on_top_of_the_sidewalk_in_a_crowded_street/
11/30/2024 18:41:34 - INFO - root - Image have been saved in /shenzihe/WD-Disk/output/exp5/monster_toy/checkpoint-100/images/on_top_of_the_sidewalk_in_a_crowded_street/
11/30/2024 18:41:34 - INFO - __main__ - Running validation... 
 Generating 4 images with prompt:on top of a dirt road.
11/30/2024 18:41:47 - INFO - root - Image have been saved in /shenzihe/WD-Disk/output/exp5/monster_toy/checkpoint-100/images/on_top_of_a_dirt_road/
11/30/2024 18:42:01 - INFO - root - Image have been saved in /shenzihe/WD-Disk/output/exp5/monster_toy/checkpoint-100/images/on_top_of_a_dirt_road/
11/30/2024 18:42:15 - INFO - root - Image have been saved in /shenzihe/WD-Disk/output/exp5/monster_toy/checkpoint-100/images/on_top_of_a_dirt_road/
11/30/2024 18:42:28 - INFO - root - Image have been saved in /shenzihe/WD-Disk/output/exp5/monster_toy/checkpoint-100/images/on_top_of_a_dirt_road/
11/30/2024 18:42:28 - INFO - __main__ - Running validation... 
 Generating 4 images with prompt:on top of a white rug.
11/30/2024 18:42:42 - INFO - root - Image have been saved in /shenzihe/WD-Disk/output/exp5/monster_toy/checkpoint-100/images/on_top_of_a_white_rug/
11/30/2024 18:42:56 - INFO - root - Image have been saved in /shenzihe/WD-Disk/output/exp5/monster_toy/checkpoint-100/images/on_top_of_a_white_rug/
11/30/2024 18:43:09 - INFO - root - Image have been saved in /shenzihe/WD-Disk/output/exp5/monster_toy/checkpoint-100/images/on_top_of_a_white_rug/
11/30/2024 18:43:23 - INFO - root - Image have been saved in /shenzihe/WD-Disk/output/exp5/monster_toy/checkpoint-100/images/on_top_of_a_white_rug/
11/30/2024 18:43:23 - INFO - __main__ - Running validation... 
 Generating 4 images with prompt:red.
11/30/2024 18:43:37 - INFO - root - Image have been saved in /shenzihe/WD-Disk/output/exp5/monster_toy/checkpoint-100/images/red/
11/30/2024 18:43:50 - INFO - root - Image have been saved in /shenzihe/WD-Disk/output/exp5/monster_toy/checkpoint-100/images/red/
11/30/2024 18:44:04 - INFO - root - Image have been saved in /shenzihe/WD-Disk/output/exp5/monster_toy/checkpoint-100/images/red/
11/30/2024 18:44:18 - INFO - root - Image have been saved in /shenzihe/WD-Disk/output/exp5/monster_toy/checkpoint-100/images/red/
11/30/2024 18:44:18 - INFO - __main__ - Running validation... 
 Generating 4 images with prompt:purple.
11/30/2024 18:44:31 - INFO - root - Image have been saved in /shenzihe/WD-Disk/output/exp5/monster_toy/checkpoint-100/images/purple/
11/30/2024 18:44:45 - INFO - root - Image have been saved in /shenzihe/WD-Disk/output/exp5/monster_toy/checkpoint-100/images/purple/
11/30/2024 18:44:59 - INFO - root - Image have been saved in /shenzihe/WD-Disk/output/exp5/monster_toy/checkpoint-100/images/purple/
11/30/2024 18:45:13 - INFO - root - Image have been saved in /shenzihe/WD-Disk/output/exp5/monster_toy/checkpoint-100/images/purple/
11/30/2024 18:45:13 - INFO - __main__ - Running validation... 
 Generating 4 images with prompt:shiny.
11/30/2024 18:45:26 - INFO - root - Image have been saved in /shenzihe/WD-Disk/output/exp5/monster_toy/checkpoint-100/images/shiny/
11/30/2024 18:45:40 - INFO - root - Image have been saved in /shenzihe/WD-Disk/output/exp5/monster_toy/checkpoint-100/images/shiny/
11/30/2024 18:45:54 - INFO - root - Image have been saved in /shenzihe/WD-Disk/output/exp5/monster_toy/checkpoint-100/images/shiny/
11/30/2024 18:46:08 - INFO - root - Image have been saved in /shenzihe/WD-Disk/output/exp5/monster_toy/checkpoint-100/images/shiny/
11/30/2024 18:46:08 - INFO - __main__ - Running validation... 
 Generating 4 images with prompt:wet.
11/30/2024 18:46:21 - INFO - root - Image have been saved in /shenzihe/WD-Disk/output/exp5/monster_toy/checkpoint-100/images/wet/
11/30/2024 18:46:35 - INFO - root - Image have been saved in /shenzihe/WD-Disk/output/exp5/monster_toy/checkpoint-100/images/wet/
11/30/2024 18:46:49 - INFO - root - Image have been saved in /shenzihe/WD-Disk/output/exp5/monster_toy/checkpoint-100/images/wet/
11/30/2024 18:47:02 - INFO - root - Image have been saved in /shenzihe/WD-Disk/output/exp5/monster_toy/checkpoint-100/images/wet/
11/30/2024 18:47:02 - INFO - __main__ - Running validation... 
 Generating 4 images with prompt:cube shaped.
11/30/2024 18:47:16 - INFO - root - Image have been saved in /shenzihe/WD-Disk/output/exp5/monster_toy/checkpoint-100/images/cube_shaped/
11/30/2024 18:47:30 - INFO - root - Image have been saved in /shenzihe/WD-Disk/output/exp5/monster_toy/checkpoint-100/images/cube_shaped/
11/30/2024 18:47:44 - INFO - root - Image have been saved in /shenzihe/WD-Disk/output/exp5/monster_toy/checkpoint-100/images/cube_shaped/
11/30/2024 18:47:57 - INFO - root - Image have been saved in /shenzihe/WD-Disk/output/exp5/monster_toy/checkpoint-100/images/cube_shaped/
