11/30/2024 17:54:16 - INFO - __main__ - Distributed environment: NO
Num processes: 1
Process index: 0
Local process index: 0
Device: cuda

Mixed precision type: no

11/30/2024 17:54:19 - INFO - root - freeze vision encoder
11/30/2024 17:54:29 - INFO - root - Loading pretrained model from /root/.cache/torch/hub/checkpoints/blip-diffusion
11/30/2024 17:54:29 - INFO - root - Loading pretrained BLIP2 Qformer weights.
11/30/2024 17:54:31 - INFO - root - Loading pretrained projection lyer weights.
11/30/2024 17:54:31 - INFO - root - Loading pretrained text encoder weights.
11/30/2024 17:54:31 - INFO - root - Loading pretrained vae weights.
11/30/2024 17:54:32 - INFO - root - Loading pretrained unet weights.
11/30/2024 17:54:39 - INFO - root - Using xformers.
11/30/2024 17:54:39 - INFO - root - Building datasets...
11/30/2024 17:54:50 - INFO - root - freeze vision encoder
11/30/2024 17:55:15 - INFO - root - load checkpoint from https://storage.googleapis.com/sfr-vision-language-research/LAVIS/models/BLIP2/blip2_pretrained_flant5xl.pth
11/30/2024 17:55:21 - INFO - __main__ - 
***** Running training *****
11/30/2024 17:55:21 - INFO - __main__ -   Num examples = 5
11/30/2024 17:55:21 - INFO - __main__ -   Num batches each epoch = 1
11/30/2024 17:55:21 - INFO - __main__ -   Num Epochs = 100
11/30/2024 17:55:21 - INFO - __main__ -   Instantaneous batch size per device = 6
11/30/2024 17:55:21 - INFO - __main__ -   Total train batch size (w. parallel, distributed & accumulation) = 6
11/30/2024 17:55:21 - INFO - __main__ -   Gradient Accumulation steps = 1
11/30/2024 17:55:21 - INFO - __main__ -   Total optimization steps = 100
11/30/2024 17:55:21 - INFO - __main__ -   Total parameters number = 1995356906
11/30/2024 17:55:21 - INFO - __main__ -   Training parameters number = 576349697
11/30/2024 17:58:17 - INFO - __main__ - Running validation... 
 Generating 4 images with prompt:in the jungle.
11/30/2024 17:58:31 - INFO - root - Image have been saved in /shenzihe/WD-Disk/output/exp5/grey_sloth_plushie/checkpoint-100/images/in_the_jungle/
11/30/2024 17:58:45 - INFO - root - Image have been saved in /shenzihe/WD-Disk/output/exp5/grey_sloth_plushie/checkpoint-100/images/in_the_jungle/
11/30/2024 17:58:58 - INFO - root - Image have been saved in /shenzihe/WD-Disk/output/exp5/grey_sloth_plushie/checkpoint-100/images/in_the_jungle/
11/30/2024 17:59:12 - INFO - root - Image have been saved in /shenzihe/WD-Disk/output/exp5/grey_sloth_plushie/checkpoint-100/images/in_the_jungle/
11/30/2024 17:59:12 - INFO - __main__ - Running validation... 
 Generating 4 images with prompt:in the snow.
11/30/2024 17:59:26 - INFO - root - Image have been saved in /shenzihe/WD-Disk/output/exp5/grey_sloth_plushie/checkpoint-100/images/in_the_snow/
11/30/2024 17:59:39 - INFO - root - Image have been saved in /shenzihe/WD-Disk/output/exp5/grey_sloth_plushie/checkpoint-100/images/in_the_snow/
11/30/2024 17:59:53 - INFO - root - Image have been saved in /shenzihe/WD-Disk/output/exp5/grey_sloth_plushie/checkpoint-100/images/in_the_snow/
11/30/2024 18:00:07 - INFO - root - Image have been saved in /shenzihe/WD-Disk/output/exp5/grey_sloth_plushie/checkpoint-100/images/in_the_snow/
11/30/2024 18:00:07 - INFO - __main__ - Running validation... 
 Generating 4 images with prompt:on the beach.
11/30/2024 18:00:20 - INFO - root - Image have been saved in /shenzihe/WD-Disk/output/exp5/grey_sloth_plushie/checkpoint-100/images/on_the_beach/
11/30/2024 18:00:34 - INFO - root - Image have been saved in /shenzihe/WD-Disk/output/exp5/grey_sloth_plushie/checkpoint-100/images/on_the_beach/
11/30/2024 18:00:48 - INFO - root - Image have been saved in /shenzihe/WD-Disk/output/exp5/grey_sloth_plushie/checkpoint-100/images/on_the_beach/
11/30/2024 18:01:01 - INFO - root - Image have been saved in /shenzihe/WD-Disk/output/exp5/grey_sloth_plushie/checkpoint-100/images/on_the_beach/
11/30/2024 18:01:01 - INFO - __main__ - Running validation... 
 Generating 4 images with prompt:on a cobblestone street.
11/30/2024 18:01:15 - INFO - root - Image have been saved in /shenzihe/WD-Disk/output/exp5/grey_sloth_plushie/checkpoint-100/images/on_a_cobblestone_street/
11/30/2024 18:01:29 - INFO - root - Image have been saved in /shenzihe/WD-Disk/output/exp5/grey_sloth_plushie/checkpoint-100/images/on_a_cobblestone_street/
11/30/2024 18:01:43 - INFO - root - Image have been saved in /shenzihe/WD-Disk/output/exp5/grey_sloth_plushie/checkpoint-100/images/on_a_cobblestone_street/
11/30/2024 18:01:56 - INFO - root - Image have been saved in /shenzihe/WD-Disk/output/exp5/grey_sloth_plushie/checkpoint-100/images/on_a_cobblestone_street/
11/30/2024 18:01:56 - INFO - __main__ - Running validation... 
 Generating 4 images with prompt:on top of pink fabric.
11/30/2024 18:02:10 - INFO - root - Image have been saved in /shenzihe/WD-Disk/output/exp5/grey_sloth_plushie/checkpoint-100/images/on_top_of_pink_fabric/
11/30/2024 18:02:24 - INFO - root - Image have been saved in /shenzihe/WD-Disk/output/exp5/grey_sloth_plushie/checkpoint-100/images/on_top_of_pink_fabric/
11/30/2024 18:02:37 - INFO - root - Image have been saved in /shenzihe/WD-Disk/output/exp5/grey_sloth_plushie/checkpoint-100/images/on_top_of_pink_fabric/
11/30/2024 18:02:51 - INFO - root - Image have been saved in /shenzihe/WD-Disk/output/exp5/grey_sloth_plushie/checkpoint-100/images/on_top_of_pink_fabric/
11/30/2024 18:02:51 - INFO - __main__ - Running validation... 
 Generating 4 images with prompt:on top of a wooden floor.
11/30/2024 18:03:05 - INFO - root - Image have been saved in /shenzihe/WD-Disk/output/exp5/grey_sloth_plushie/checkpoint-100/images/on_top_of_a_wooden_floor/
11/30/2024 18:03:19 - INFO - root - Image have been saved in /shenzihe/WD-Disk/output/exp5/grey_sloth_plushie/checkpoint-100/images/on_top_of_a_wooden_floor/
11/30/2024 18:03:32 - INFO - root - Image have been saved in /shenzihe/WD-Disk/output/exp5/grey_sloth_plushie/checkpoint-100/images/on_top_of_a_wooden_floor/
11/30/2024 18:03:46 - INFO - root - Image have been saved in /shenzihe/WD-Disk/output/exp5/grey_sloth_plushie/checkpoint-100/images/on_top_of_a_wooden_floor/
11/30/2024 18:03:46 - INFO - __main__ - Running validation... 
 Generating 4 images with prompt:with a city in the background.
11/30/2024 18:04:00 - INFO - root - Image have been saved in /shenzihe/WD-Disk/output/exp5/grey_sloth_plushie/checkpoint-100/images/with_a_city_in_the_background/
11/30/2024 18:04:13 - INFO - root - Image have been saved in /shenzihe/WD-Disk/output/exp5/grey_sloth_plushie/checkpoint-100/images/with_a_city_in_the_background/
11/30/2024 18:04:27 - INFO - root - Image have been saved in /shenzihe/WD-Disk/output/exp5/grey_sloth_plushie/checkpoint-100/images/with_a_city_in_the_background/
11/30/2024 18:04:41 - INFO - root - Image have been saved in /shenzihe/WD-Disk/output/exp5/grey_sloth_plushie/checkpoint-100/images/with_a_city_in_the_background/
11/30/2024 18:04:41 - INFO - __main__ - Running validation... 
 Generating 4 images with prompt:with a mountain in the background.
11/30/2024 18:04:54 - INFO - root - Image have been saved in /shenzihe/WD-Disk/output/exp5/grey_sloth_plushie/checkpoint-100/images/with_a_mountain_in_the_background/
11/30/2024 18:05:08 - INFO - root - Image have been saved in /shenzihe/WD-Disk/output/exp5/grey_sloth_plushie/checkpoint-100/images/with_a_mountain_in_the_background/
11/30/2024 18:05:22 - INFO - root - Image have been saved in /shenzihe/WD-Disk/output/exp5/grey_sloth_plushie/checkpoint-100/images/with_a_mountain_in_the_background/
11/30/2024 18:05:35 - INFO - root - Image have been saved in /shenzihe/WD-Disk/output/exp5/grey_sloth_plushie/checkpoint-100/images/with_a_mountain_in_the_background/
11/30/2024 18:05:35 - INFO - __main__ - Running validation... 
 Generating 4 images with prompt:with a blue house in the background.
11/30/2024 18:05:49 - INFO - root - Image have been saved in /shenzihe/WD-Disk/output/exp5/grey_sloth_plushie/checkpoint-100/images/with_a_blue_house_in_the_background/
11/30/2024 18:06:03 - INFO - root - Image have been saved in /shenzihe/WD-Disk/output/exp5/grey_sloth_plushie/checkpoint-100/images/with_a_blue_house_in_the_background/
11/30/2024 18:06:17 - INFO - root - Image have been saved in /shenzihe/WD-Disk/output/exp5/grey_sloth_plushie/checkpoint-100/images/with_a_blue_house_in_the_background/
11/30/2024 18:06:30 - INFO - root - Image have been saved in /shenzihe/WD-Disk/output/exp5/grey_sloth_plushie/checkpoint-100/images/with_a_blue_house_in_the_background/
11/30/2024 18:06:30 - INFO - __main__ - Running validation... 
 Generating 4 images with prompt:on top of a purple rug in a forest.
11/30/2024 18:06:44 - INFO - root - Image have been saved in /shenzihe/WD-Disk/output/exp5/grey_sloth_plushie/checkpoint-100/images/on_top_of_a_purple_rug_in_a_forest/
11/30/2024 18:06:58 - INFO - root - Image have been saved in /shenzihe/WD-Disk/output/exp5/grey_sloth_plushie/checkpoint-100/images/on_top_of_a_purple_rug_in_a_forest/
11/30/2024 18:07:11 - INFO - root - Image have been saved in /shenzihe/WD-Disk/output/exp5/grey_sloth_plushie/checkpoint-100/images/on_top_of_a_purple_rug_in_a_forest/
11/30/2024 18:07:25 - INFO - root - Image have been saved in /shenzihe/WD-Disk/output/exp5/grey_sloth_plushie/checkpoint-100/images/on_top_of_a_purple_rug_in_a_forest/
11/30/2024 18:07:25 - INFO - __main__ - Running validation... 
 Generating 4 images with prompt:with a wheat field in the background.
11/30/2024 18:07:39 - INFO - root - Image have been saved in /shenzihe/WD-Disk/output/exp5/grey_sloth_plushie/checkpoint-100/images/with_a_wheat_field_in_the_background/
11/30/2024 18:07:52 - INFO - root - Image have been saved in /shenzihe/WD-Disk/output/exp5/grey_sloth_plushie/checkpoint-100/images/with_a_wheat_field_in_the_background/
11/30/2024 18:08:06 - INFO - root - Image have been saved in /shenzihe/WD-Disk/output/exp5/grey_sloth_plushie/checkpoint-100/images/with_a_wheat_field_in_the_background/
11/30/2024 18:08:20 - INFO - root - Image have been saved in /shenzihe/WD-Disk/output/exp5/grey_sloth_plushie/checkpoint-100/images/with_a_wheat_field_in_the_background/
11/30/2024 18:08:20 - INFO - __main__ - Running validation... 
 Generating 4 images with prompt:with a tree and autumn leaves in the background.
11/30/2024 18:08:33 - INFO - root - Image have been saved in /shenzihe/WD-Disk/output/exp5/grey_sloth_plushie/checkpoint-100/images/with_a_tree_and_autumn_leaves_in_the_background/
11/30/2024 18:08:47 - INFO - root - Image have been saved in /shenzihe/WD-Disk/output/exp5/grey_sloth_plushie/checkpoint-100/images/with_a_tree_and_autumn_leaves_in_the_background/
11/30/2024 18:09:01 - INFO - root - Image have been saved in /shenzihe/WD-Disk/output/exp5/grey_sloth_plushie/checkpoint-100/images/with_a_tree_and_autumn_leaves_in_the_background/
11/30/2024 18:09:14 - INFO - root - Image have been saved in /shenzihe/WD-Disk/output/exp5/grey_sloth_plushie/checkpoint-100/images/with_a_tree_and_autumn_leaves_in_the_background/
11/30/2024 18:09:14 - INFO - __main__ - Running validation... 
 Generating 4 images with prompt:with the Eiffel Tower in the background.
11/30/2024 18:09:28 - INFO - root - Image have been saved in /shenzihe/WD-Disk/output/exp5/grey_sloth_plushie/checkpoint-100/images/with_the_Eiffel_Tower_in_the_background/
11/30/2024 18:09:42 - INFO - root - Image have been saved in /shenzihe/WD-Disk/output/exp5/grey_sloth_plushie/checkpoint-100/images/with_the_Eiffel_Tower_in_the_background/
11/30/2024 18:09:56 - INFO - root - Image have been saved in /shenzihe/WD-Disk/output/exp5/grey_sloth_plushie/checkpoint-100/images/with_the_Eiffel_Tower_in_the_background/
11/30/2024 18:10:09 - INFO - root - Image have been saved in /shenzihe/WD-Disk/output/exp5/grey_sloth_plushie/checkpoint-100/images/with_the_Eiffel_Tower_in_the_background/
11/30/2024 18:10:09 - INFO - __main__ - Running validation... 
 Generating 4 images with prompt:floating on top of water.
11/30/2024 18:10:23 - INFO - root - Image have been saved in /shenzihe/WD-Disk/output/exp5/grey_sloth_plushie/checkpoint-100/images/floating_on_top_of_water/
11/30/2024 18:10:37 - INFO - root - Image have been saved in /shenzihe/WD-Disk/output/exp5/grey_sloth_plushie/checkpoint-100/images/floating_on_top_of_water/
11/30/2024 18:10:51 - INFO - root - Image have been saved in /shenzihe/WD-Disk/output/exp5/grey_sloth_plushie/checkpoint-100/images/floating_on_top_of_water/
11/30/2024 18:11:04 - INFO - root - Image have been saved in /shenzihe/WD-Disk/output/exp5/grey_sloth_plushie/checkpoint-100/images/floating_on_top_of_water/
11/30/2024 18:11:04 - INFO - __main__ - Running validation... 
 Generating 4 images with prompt:floating in an ocean of milk.
11/30/2024 18:11:18 - INFO - root - Image have been saved in /shenzihe/WD-Disk/output/exp5/grey_sloth_plushie/checkpoint-100/images/floating_in_an_ocean_of_milk/
11/30/2024 18:11:32 - INFO - root - Image have been saved in /shenzihe/WD-Disk/output/exp5/grey_sloth_plushie/checkpoint-100/images/floating_in_an_ocean_of_milk/
11/30/2024 18:11:45 - INFO - root - Image have been saved in /shenzihe/WD-Disk/output/exp5/grey_sloth_plushie/checkpoint-100/images/floating_in_an_ocean_of_milk/
11/30/2024 18:11:59 - INFO - root - Image have been saved in /shenzihe/WD-Disk/output/exp5/grey_sloth_plushie/checkpoint-100/images/floating_in_an_ocean_of_milk/
11/30/2024 18:11:59 - INFO - __main__ - Running validation... 
 Generating 4 images with prompt:on top of green grass with sunflowers around it.
11/30/2024 18:12:13 - INFO - root - Image have been saved in /shenzihe/WD-Disk/output/exp5/grey_sloth_plushie/checkpoint-100/images/on_top_of_green_grass_with_sunflowers_around_it/
11/30/2024 18:12:27 - INFO - root - Image have been saved in /shenzihe/WD-Disk/output/exp5/grey_sloth_plushie/checkpoint-100/images/on_top_of_green_grass_with_sunflowers_around_it/
11/30/2024 18:12:40 - INFO - root - Image have been saved in /shenzihe/WD-Disk/output/exp5/grey_sloth_plushie/checkpoint-100/images/on_top_of_green_grass_with_sunflowers_around_it/
11/30/2024 18:12:54 - INFO - root - Image have been saved in /shenzihe/WD-Disk/output/exp5/grey_sloth_plushie/checkpoint-100/images/on_top_of_green_grass_with_sunflowers_around_it/
11/30/2024 18:12:54 - INFO - __main__ - Running validation... 
 Generating 4 images with prompt:on top of a mirror.
11/30/2024 18:13:08 - INFO - root - Image have been saved in /shenzihe/WD-Disk/output/exp5/grey_sloth_plushie/checkpoint-100/images/on_top_of_a_mirror/
11/30/2024 18:13:21 - INFO - root - Image have been saved in /shenzihe/WD-Disk/output/exp5/grey_sloth_plushie/checkpoint-100/images/on_top_of_a_mirror/
11/30/2024 18:13:35 - INFO - root - Image have been saved in /shenzihe/WD-Disk/output/exp5/grey_sloth_plushie/checkpoint-100/images/on_top_of_a_mirror/
11/30/2024 18:13:49 - INFO - root - Image have been saved in /shenzihe/WD-Disk/output/exp5/grey_sloth_plushie/checkpoint-100/images/on_top_of_a_mirror/
11/30/2024 18:13:49 - INFO - __main__ - Running validation... 
 Generating 4 images with prompt:on top of the sidewalk in a crowded street.
11/30/2024 18:14:03 - INFO - root - Image have been saved in /shenzihe/WD-Disk/output/exp5/grey_sloth_plushie/checkpoint-100/images/on_top_of_the_sidewalk_in_a_crowded_street/
11/30/2024 18:14:16 - INFO - root - Image have been saved in /shenzihe/WD-Disk/output/exp5/grey_sloth_plushie/checkpoint-100/images/on_top_of_the_sidewalk_in_a_crowded_street/
11/30/2024 18:14:30 - INFO - root - Image have been saved in /shenzihe/WD-Disk/output/exp5/grey_sloth_plushie/checkpoint-100/images/on_top_of_the_sidewalk_in_a_crowded_street/
11/30/2024 18:14:44 - INFO - root - Image have been saved in /shenzihe/WD-Disk/output/exp5/grey_sloth_plushie/checkpoint-100/images/on_top_of_the_sidewalk_in_a_crowded_street/
11/30/2024 18:14:44 - INFO - __main__ - Running validation... 
 Generating 4 images with prompt:on top of a dirt road.
11/30/2024 18:14:57 - INFO - root - Image have been saved in /shenzihe/WD-Disk/output/exp5/grey_sloth_plushie/checkpoint-100/images/on_top_of_a_dirt_road/
11/30/2024 18:15:11 - INFO - root - Image have been saved in /shenzihe/WD-Disk/output/exp5/grey_sloth_plushie/checkpoint-100/images/on_top_of_a_dirt_road/
11/30/2024 18:15:25 - INFO - root - Image have been saved in /shenzihe/WD-Disk/output/exp5/grey_sloth_plushie/checkpoint-100/images/on_top_of_a_dirt_road/
11/30/2024 18:15:38 - INFO - root - Image have been saved in /shenzihe/WD-Disk/output/exp5/grey_sloth_plushie/checkpoint-100/images/on_top_of_a_dirt_road/
11/30/2024 18:15:38 - INFO - __main__ - Running validation... 
 Generating 4 images with prompt:on top of a white rug.
11/30/2024 18:15:52 - INFO - root - Image have been saved in /shenzihe/WD-Disk/output/exp5/grey_sloth_plushie/checkpoint-100/images/on_top_of_a_white_rug/
11/30/2024 18:16:06 - INFO - root - Image have been saved in /shenzihe/WD-Disk/output/exp5/grey_sloth_plushie/checkpoint-100/images/on_top_of_a_white_rug/
11/30/2024 18:16:20 - INFO - root - Image have been saved in /shenzihe/WD-Disk/output/exp5/grey_sloth_plushie/checkpoint-100/images/on_top_of_a_white_rug/
11/30/2024 18:16:33 - INFO - root - Image have been saved in /shenzihe/WD-Disk/output/exp5/grey_sloth_plushie/checkpoint-100/images/on_top_of_a_white_rug/
11/30/2024 18:16:33 - INFO - __main__ - Running validation... 
 Generating 4 images with prompt:red.
11/30/2024 18:16:47 - INFO - root - Image have been saved in /shenzihe/WD-Disk/output/exp5/grey_sloth_plushie/checkpoint-100/images/red/
11/30/2024 18:17:01 - INFO - root - Image have been saved in /shenzihe/WD-Disk/output/exp5/grey_sloth_plushie/checkpoint-100/images/red/
11/30/2024 18:17:14 - INFO - root - Image have been saved in /shenzihe/WD-Disk/output/exp5/grey_sloth_plushie/checkpoint-100/images/red/
11/30/2024 18:17:28 - INFO - root - Image have been saved in /shenzihe/WD-Disk/output/exp5/grey_sloth_plushie/checkpoint-100/images/red/
11/30/2024 18:17:28 - INFO - __main__ - Running validation... 
 Generating 4 images with prompt:purple.
11/30/2024 18:17:42 - INFO - root - Image have been saved in /shenzihe/WD-Disk/output/exp5/grey_sloth_plushie/checkpoint-100/images/purple/
11/30/2024 18:17:56 - INFO - root - Image have been saved in /shenzihe/WD-Disk/output/exp5/grey_sloth_plushie/checkpoint-100/images/purple/
11/30/2024 18:18:09 - INFO - root - Image have been saved in /shenzihe/WD-Disk/output/exp5/grey_sloth_plushie/checkpoint-100/images/purple/
11/30/2024 18:18:23 - INFO - root - Image have been saved in /shenzihe/WD-Disk/output/exp5/grey_sloth_plushie/checkpoint-100/images/purple/
11/30/2024 18:18:23 - INFO - __main__ - Running validation... 
 Generating 4 images with prompt:shiny.
11/30/2024 18:18:37 - INFO - root - Image have been saved in /shenzihe/WD-Disk/output/exp5/grey_sloth_plushie/checkpoint-100/images/shiny/
11/30/2024 18:18:51 - INFO - root - Image have been saved in /shenzihe/WD-Disk/output/exp5/grey_sloth_plushie/checkpoint-100/images/shiny/
11/30/2024 18:19:04 - INFO - root - Image have been saved in /shenzihe/WD-Disk/output/exp5/grey_sloth_plushie/checkpoint-100/images/shiny/
11/30/2024 18:19:18 - INFO - root - Image have been saved in /shenzihe/WD-Disk/output/exp5/grey_sloth_plushie/checkpoint-100/images/shiny/
11/30/2024 18:19:18 - INFO - __main__ - Running validation... 
 Generating 4 images with prompt:wet.
11/30/2024 18:19:32 - INFO - root - Image have been saved in /shenzihe/WD-Disk/output/exp5/grey_sloth_plushie/checkpoint-100/images/wet/
11/30/2024 18:19:45 - INFO - root - Image have been saved in /shenzihe/WD-Disk/output/exp5/grey_sloth_plushie/checkpoint-100/images/wet/
11/30/2024 18:19:59 - INFO - root - Image have been saved in /shenzihe/WD-Disk/output/exp5/grey_sloth_plushie/checkpoint-100/images/wet/
11/30/2024 18:20:13 - INFO - root - Image have been saved in /shenzihe/WD-Disk/output/exp5/grey_sloth_plushie/checkpoint-100/images/wet/
11/30/2024 18:20:13 - INFO - __main__ - Running validation... 
 Generating 4 images with prompt:cube shaped.
11/30/2024 18:20:27 - INFO - root - Image have been saved in /shenzihe/WD-Disk/output/exp5/grey_sloth_plushie/checkpoint-100/images/cube_shaped/
11/30/2024 18:20:40 - INFO - root - Image have been saved in /shenzihe/WD-Disk/output/exp5/grey_sloth_plushie/checkpoint-100/images/cube_shaped/
11/30/2024 18:20:54 - INFO - root - Image have been saved in /shenzihe/WD-Disk/output/exp5/grey_sloth_plushie/checkpoint-100/images/cube_shaped/
11/30/2024 18:21:08 - INFO - root - Image have been saved in /shenzihe/WD-Disk/output/exp5/grey_sloth_plushie/checkpoint-100/images/cube_shaped/
