11/30/2024 17:00:23 - INFO - __main__ - Distributed environment: NO
Num processes: 1
Process index: 0
Local process index: 0
Device: cuda

Mixed precision type: no

11/30/2024 17:00:25 - INFO - root - freeze vision encoder
11/30/2024 17:00:35 - INFO - root - Loading pretrained model from /root/.cache/torch/hub/checkpoints/blip-diffusion
11/30/2024 17:00:35 - INFO - root - Loading pretrained BLIP2 Qformer weights.
11/30/2024 17:00:37 - INFO - root - Loading pretrained projection lyer weights.
11/30/2024 17:00:37 - INFO - root - Loading pretrained text encoder weights.
11/30/2024 17:00:38 - INFO - root - Loading pretrained vae weights.
11/30/2024 17:00:38 - INFO - root - Loading pretrained unet weights.
11/30/2024 17:00:46 - INFO - root - Using xformers.
11/30/2024 17:00:46 - INFO - root - Building datasets...
11/30/2024 17:00:56 - INFO - root - freeze vision encoder
11/30/2024 17:01:27 - INFO - root - load checkpoint from https://storage.googleapis.com/sfr-vision-language-research/LAVIS/models/BLIP2/blip2_pretrained_flant5xl.pth
11/30/2024 17:01:32 - INFO - __main__ - 
***** Running training *****
11/30/2024 17:01:32 - INFO - __main__ -   Num examples = 4
11/30/2024 17:01:32 - INFO - __main__ -   Num batches each epoch = 1
11/30/2024 17:01:32 - INFO - __main__ -   Num Epochs = 100
11/30/2024 17:01:32 - INFO - __main__ -   Instantaneous batch size per device = 6
11/30/2024 17:01:32 - INFO - __main__ -   Total train batch size (w. parallel, distributed & accumulation) = 6
11/30/2024 17:01:32 - INFO - __main__ -   Gradient Accumulation steps = 1
11/30/2024 17:01:32 - INFO - __main__ -   Total optimization steps = 100
11/30/2024 17:01:32 - INFO - __main__ -   Total parameters number = 1995356906
11/30/2024 17:01:32 - INFO - __main__ -   Training parameters number = 576349697
11/30/2024 17:03:49 - INFO - __main__ - Running validation... 
 Generating 4 images with prompt:in the jungle.
11/30/2024 17:04:03 - INFO - root - Image have been saved in /shenzihe/WD-Disk/output/exp5/duck_toy/checkpoint-100/images/in_the_jungle/
11/30/2024 17:04:17 - INFO - root - Image have been saved in /shenzihe/WD-Disk/output/exp5/duck_toy/checkpoint-100/images/in_the_jungle/
11/30/2024 17:04:31 - INFO - root - Image have been saved in /shenzihe/WD-Disk/output/exp5/duck_toy/checkpoint-100/images/in_the_jungle/
11/30/2024 17:04:44 - INFO - root - Image have been saved in /shenzihe/WD-Disk/output/exp5/duck_toy/checkpoint-100/images/in_the_jungle/
11/30/2024 17:04:44 - INFO - __main__ - Running validation... 
 Generating 4 images with prompt:in the snow.
11/30/2024 17:04:58 - INFO - root - Image have been saved in /shenzihe/WD-Disk/output/exp5/duck_toy/checkpoint-100/images/in_the_snow/
11/30/2024 17:05:12 - INFO - root - Image have been saved in /shenzihe/WD-Disk/output/exp5/duck_toy/checkpoint-100/images/in_the_snow/
11/30/2024 17:05:25 - INFO - root - Image have been saved in /shenzihe/WD-Disk/output/exp5/duck_toy/checkpoint-100/images/in_the_snow/
11/30/2024 17:05:39 - INFO - root - Image have been saved in /shenzihe/WD-Disk/output/exp5/duck_toy/checkpoint-100/images/in_the_snow/
11/30/2024 17:05:39 - INFO - __main__ - Running validation... 
 Generating 4 images with prompt:on the beach.
11/30/2024 17:05:53 - INFO - root - Image have been saved in /shenzihe/WD-Disk/output/exp5/duck_toy/checkpoint-100/images/on_the_beach/
11/30/2024 17:06:06 - INFO - root - Image have been saved in /shenzihe/WD-Disk/output/exp5/duck_toy/checkpoint-100/images/on_the_beach/
11/30/2024 17:06:20 - INFO - root - Image have been saved in /shenzihe/WD-Disk/output/exp5/duck_toy/checkpoint-100/images/on_the_beach/
11/30/2024 17:06:34 - INFO - root - Image have been saved in /shenzihe/WD-Disk/output/exp5/duck_toy/checkpoint-100/images/on_the_beach/
11/30/2024 17:06:34 - INFO - __main__ - Running validation... 
 Generating 4 images with prompt:on a cobblestone street.
11/30/2024 17:06:48 - INFO - root - Image have been saved in /shenzihe/WD-Disk/output/exp5/duck_toy/checkpoint-100/images/on_a_cobblestone_street/
11/30/2024 17:07:01 - INFO - root - Image have been saved in /shenzihe/WD-Disk/output/exp5/duck_toy/checkpoint-100/images/on_a_cobblestone_street/
11/30/2024 17:07:15 - INFO - root - Image have been saved in /shenzihe/WD-Disk/output/exp5/duck_toy/checkpoint-100/images/on_a_cobblestone_street/
11/30/2024 17:07:29 - INFO - root - Image have been saved in /shenzihe/WD-Disk/output/exp5/duck_toy/checkpoint-100/images/on_a_cobblestone_street/
11/30/2024 17:07:29 - INFO - __main__ - Running validation... 
 Generating 4 images with prompt:on top of pink fabric.
11/30/2024 17:07:43 - INFO - root - Image have been saved in /shenzihe/WD-Disk/output/exp5/duck_toy/checkpoint-100/images/on_top_of_pink_fabric/
11/30/2024 17:07:56 - INFO - root - Image have been saved in /shenzihe/WD-Disk/output/exp5/duck_toy/checkpoint-100/images/on_top_of_pink_fabric/
11/30/2024 17:08:10 - INFO - root - Image have been saved in /shenzihe/WD-Disk/output/exp5/duck_toy/checkpoint-100/images/on_top_of_pink_fabric/
11/30/2024 17:08:24 - INFO - root - Image have been saved in /shenzihe/WD-Disk/output/exp5/duck_toy/checkpoint-100/images/on_top_of_pink_fabric/
11/30/2024 17:08:24 - INFO - __main__ - Running validation... 
 Generating 4 images with prompt:on top of a wooden floor.
11/30/2024 17:08:38 - INFO - root - Image have been saved in /shenzihe/WD-Disk/output/exp5/duck_toy/checkpoint-100/images/on_top_of_a_wooden_floor/
11/30/2024 17:08:51 - INFO - root - Image have been saved in /shenzihe/WD-Disk/output/exp5/duck_toy/checkpoint-100/images/on_top_of_a_wooden_floor/
11/30/2024 17:09:05 - INFO - root - Image have been saved in /shenzihe/WD-Disk/output/exp5/duck_toy/checkpoint-100/images/on_top_of_a_wooden_floor/
11/30/2024 17:09:19 - INFO - root - Image have been saved in /shenzihe/WD-Disk/output/exp5/duck_toy/checkpoint-100/images/on_top_of_a_wooden_floor/
11/30/2024 17:09:19 - INFO - __main__ - Running validation... 
 Generating 4 images with prompt:with a city in the background.
11/30/2024 17:09:32 - INFO - root - Image have been saved in /shenzihe/WD-Disk/output/exp5/duck_toy/checkpoint-100/images/with_a_city_in_the_background/
11/30/2024 17:09:46 - INFO - root - Image have been saved in /shenzihe/WD-Disk/output/exp5/duck_toy/checkpoint-100/images/with_a_city_in_the_background/
11/30/2024 17:10:00 - INFO - root - Image have been saved in /shenzihe/WD-Disk/output/exp5/duck_toy/checkpoint-100/images/with_a_city_in_the_background/
11/30/2024 17:10:14 - INFO - root - Image have been saved in /shenzihe/WD-Disk/output/exp5/duck_toy/checkpoint-100/images/with_a_city_in_the_background/
11/30/2024 17:10:14 - INFO - __main__ - Running validation... 
 Generating 4 images with prompt:with a mountain in the background.
11/30/2024 17:10:27 - INFO - root - Image have been saved in /shenzihe/WD-Disk/output/exp5/duck_toy/checkpoint-100/images/with_a_mountain_in_the_background/
11/30/2024 17:10:41 - INFO - root - Image have been saved in /shenzihe/WD-Disk/output/exp5/duck_toy/checkpoint-100/images/with_a_mountain_in_the_background/
11/30/2024 17:10:55 - INFO - root - Image have been saved in /shenzihe/WD-Disk/output/exp5/duck_toy/checkpoint-100/images/with_a_mountain_in_the_background/
11/30/2024 17:11:09 - INFO - root - Image have been saved in /shenzihe/WD-Disk/output/exp5/duck_toy/checkpoint-100/images/with_a_mountain_in_the_background/
11/30/2024 17:11:09 - INFO - __main__ - Running validation... 
 Generating 4 images with prompt:with a blue house in the background.
11/30/2024 17:11:22 - INFO - root - Image have been saved in /shenzihe/WD-Disk/output/exp5/duck_toy/checkpoint-100/images/with_a_blue_house_in_the_background/
11/30/2024 17:11:36 - INFO - root - Image have been saved in /shenzihe/WD-Disk/output/exp5/duck_toy/checkpoint-100/images/with_a_blue_house_in_the_background/
11/30/2024 17:11:50 - INFO - root - Image have been saved in /shenzihe/WD-Disk/output/exp5/duck_toy/checkpoint-100/images/with_a_blue_house_in_the_background/
11/30/2024 17:12:04 - INFO - root - Image have been saved in /shenzihe/WD-Disk/output/exp5/duck_toy/checkpoint-100/images/with_a_blue_house_in_the_background/
11/30/2024 17:12:04 - INFO - __main__ - Running validation... 
 Generating 4 images with prompt:on top of a purple rug in a forest.
11/30/2024 17:12:17 - INFO - root - Image have been saved in /shenzihe/WD-Disk/output/exp5/duck_toy/checkpoint-100/images/on_top_of_a_purple_rug_in_a_forest/
11/30/2024 17:12:31 - INFO - root - Image have been saved in /shenzihe/WD-Disk/output/exp5/duck_toy/checkpoint-100/images/on_top_of_a_purple_rug_in_a_forest/
11/30/2024 17:12:45 - INFO - root - Image have been saved in /shenzihe/WD-Disk/output/exp5/duck_toy/checkpoint-100/images/on_top_of_a_purple_rug_in_a_forest/
11/30/2024 17:12:59 - INFO - root - Image have been saved in /shenzihe/WD-Disk/output/exp5/duck_toy/checkpoint-100/images/on_top_of_a_purple_rug_in_a_forest/
11/30/2024 17:12:59 - INFO - __main__ - Running validation... 
 Generating 4 images with prompt:with a wheat field in the background.
11/30/2024 17:13:12 - INFO - root - Image have been saved in /shenzihe/WD-Disk/output/exp5/duck_toy/checkpoint-100/images/with_a_wheat_field_in_the_background/
11/30/2024 17:13:26 - INFO - root - Image have been saved in /shenzihe/WD-Disk/output/exp5/duck_toy/checkpoint-100/images/with_a_wheat_field_in_the_background/
11/30/2024 17:13:40 - INFO - root - Image have been saved in /shenzihe/WD-Disk/output/exp5/duck_toy/checkpoint-100/images/with_a_wheat_field_in_the_background/
11/30/2024 17:13:53 - INFO - root - Image have been saved in /shenzihe/WD-Disk/output/exp5/duck_toy/checkpoint-100/images/with_a_wheat_field_in_the_background/
11/30/2024 17:13:53 - INFO - __main__ - Running validation... 
 Generating 4 images with prompt:with a tree and autumn leaves in the background.
11/30/2024 17:14:07 - INFO - root - Image have been saved in /shenzihe/WD-Disk/output/exp5/duck_toy/checkpoint-100/images/with_a_tree_and_autumn_leaves_in_the_background/
11/30/2024 17:14:21 - INFO - root - Image have been saved in /shenzihe/WD-Disk/output/exp5/duck_toy/checkpoint-100/images/with_a_tree_and_autumn_leaves_in_the_background/
11/30/2024 17:14:35 - INFO - root - Image have been saved in /shenzihe/WD-Disk/output/exp5/duck_toy/checkpoint-100/images/with_a_tree_and_autumn_leaves_in_the_background/
11/30/2024 17:14:48 - INFO - root - Image have been saved in /shenzihe/WD-Disk/output/exp5/duck_toy/checkpoint-100/images/with_a_tree_and_autumn_leaves_in_the_background/
11/30/2024 17:14:48 - INFO - __main__ - Running validation... 
 Generating 4 images with prompt:with the Eiffel Tower in the background.
11/30/2024 17:15:02 - INFO - root - Image have been saved in /shenzihe/WD-Disk/output/exp5/duck_toy/checkpoint-100/images/with_the_Eiffel_Tower_in_the_background/
11/30/2024 17:15:16 - INFO - root - Image have been saved in /shenzihe/WD-Disk/output/exp5/duck_toy/checkpoint-100/images/with_the_Eiffel_Tower_in_the_background/
11/30/2024 17:15:30 - INFO - root - Image have been saved in /shenzihe/WD-Disk/output/exp5/duck_toy/checkpoint-100/images/with_the_Eiffel_Tower_in_the_background/
11/30/2024 17:15:43 - INFO - root - Image have been saved in /shenzihe/WD-Disk/output/exp5/duck_toy/checkpoint-100/images/with_the_Eiffel_Tower_in_the_background/
11/30/2024 17:15:43 - INFO - __main__ - Running validation... 
 Generating 4 images with prompt:floating on top of water.
11/30/2024 17:15:57 - INFO - root - Image have been saved in /shenzihe/WD-Disk/output/exp5/duck_toy/checkpoint-100/images/floating_on_top_of_water/
11/30/2024 17:16:11 - INFO - root - Image have been saved in /shenzihe/WD-Disk/output/exp5/duck_toy/checkpoint-100/images/floating_on_top_of_water/
11/30/2024 17:16:25 - INFO - root - Image have been saved in /shenzihe/WD-Disk/output/exp5/duck_toy/checkpoint-100/images/floating_on_top_of_water/
11/30/2024 17:16:38 - INFO - root - Image have been saved in /shenzihe/WD-Disk/output/exp5/duck_toy/checkpoint-100/images/floating_on_top_of_water/
11/30/2024 17:16:38 - INFO - __main__ - Running validation... 
 Generating 4 images with prompt:floating in an ocean of milk.
11/30/2024 17:16:52 - INFO - root - Image have been saved in /shenzihe/WD-Disk/output/exp5/duck_toy/checkpoint-100/images/floating_in_an_ocean_of_milk/
11/30/2024 17:17:06 - INFO - root - Image have been saved in /shenzihe/WD-Disk/output/exp5/duck_toy/checkpoint-100/images/floating_in_an_ocean_of_milk/
11/30/2024 17:17:20 - INFO - root - Image have been saved in /shenzihe/WD-Disk/output/exp5/duck_toy/checkpoint-100/images/floating_in_an_ocean_of_milk/
11/30/2024 17:17:34 - INFO - root - Image have been saved in /shenzihe/WD-Disk/output/exp5/duck_toy/checkpoint-100/images/floating_in_an_ocean_of_milk/
11/30/2024 17:17:34 - INFO - __main__ - Running validation... 
 Generating 4 images with prompt:on top of green grass with sunflowers around it.
11/30/2024 17:17:47 - INFO - root - Image have been saved in /shenzihe/WD-Disk/output/exp5/duck_toy/checkpoint-100/images/on_top_of_green_grass_with_sunflowers_around_it/
11/30/2024 17:18:01 - INFO - root - Image have been saved in /shenzihe/WD-Disk/output/exp5/duck_toy/checkpoint-100/images/on_top_of_green_grass_with_sunflowers_around_it/
11/30/2024 17:18:15 - INFO - root - Image have been saved in /shenzihe/WD-Disk/output/exp5/duck_toy/checkpoint-100/images/on_top_of_green_grass_with_sunflowers_around_it/
11/30/2024 17:18:29 - INFO - root - Image have been saved in /shenzihe/WD-Disk/output/exp5/duck_toy/checkpoint-100/images/on_top_of_green_grass_with_sunflowers_around_it/
11/30/2024 17:18:29 - INFO - __main__ - Running validation... 
 Generating 4 images with prompt:on top of a mirror.
11/30/2024 17:18:42 - INFO - root - Image have been saved in /shenzihe/WD-Disk/output/exp5/duck_toy/checkpoint-100/images/on_top_of_a_mirror/
11/30/2024 17:18:56 - INFO - root - Image have been saved in /shenzihe/WD-Disk/output/exp5/duck_toy/checkpoint-100/images/on_top_of_a_mirror/
11/30/2024 17:19:10 - INFO - root - Image have been saved in /shenzihe/WD-Disk/output/exp5/duck_toy/checkpoint-100/images/on_top_of_a_mirror/
11/30/2024 17:19:24 - INFO - root - Image have been saved in /shenzihe/WD-Disk/output/exp5/duck_toy/checkpoint-100/images/on_top_of_a_mirror/
11/30/2024 17:19:24 - INFO - __main__ - Running validation... 
 Generating 4 images with prompt:on top of the sidewalk in a crowded street.
11/30/2024 17:19:38 - INFO - root - Image have been saved in /shenzihe/WD-Disk/output/exp5/duck_toy/checkpoint-100/images/on_top_of_the_sidewalk_in_a_crowded_street/
11/30/2024 17:19:52 - INFO - root - Image have been saved in /shenzihe/WD-Disk/output/exp5/duck_toy/checkpoint-100/images/on_top_of_the_sidewalk_in_a_crowded_street/
11/30/2024 17:20:05 - INFO - root - Image have been saved in /shenzihe/WD-Disk/output/exp5/duck_toy/checkpoint-100/images/on_top_of_the_sidewalk_in_a_crowded_street/
11/30/2024 17:20:19 - INFO - root - Image have been saved in /shenzihe/WD-Disk/output/exp5/duck_toy/checkpoint-100/images/on_top_of_the_sidewalk_in_a_crowded_street/
11/30/2024 17:20:19 - INFO - __main__ - Running validation... 
 Generating 4 images with prompt:on top of a dirt road.
11/30/2024 17:20:33 - INFO - root - Image have been saved in /shenzihe/WD-Disk/output/exp5/duck_toy/checkpoint-100/images/on_top_of_a_dirt_road/
11/30/2024 17:20:47 - INFO - root - Image have been saved in /shenzihe/WD-Disk/output/exp5/duck_toy/checkpoint-100/images/on_top_of_a_dirt_road/
11/30/2024 17:21:00 - INFO - root - Image have been saved in /shenzihe/WD-Disk/output/exp5/duck_toy/checkpoint-100/images/on_top_of_a_dirt_road/
11/30/2024 17:21:14 - INFO - root - Image have been saved in /shenzihe/WD-Disk/output/exp5/duck_toy/checkpoint-100/images/on_top_of_a_dirt_road/
11/30/2024 17:21:14 - INFO - __main__ - Running validation... 
 Generating 4 images with prompt:on top of a white rug.
11/30/2024 17:21:28 - INFO - root - Image have been saved in /shenzihe/WD-Disk/output/exp5/duck_toy/checkpoint-100/images/on_top_of_a_white_rug/
11/30/2024 17:21:41 - INFO - root - Image have been saved in /shenzihe/WD-Disk/output/exp5/duck_toy/checkpoint-100/images/on_top_of_a_white_rug/
11/30/2024 17:21:55 - INFO - root - Image have been saved in /shenzihe/WD-Disk/output/exp5/duck_toy/checkpoint-100/images/on_top_of_a_white_rug/
11/30/2024 17:22:09 - INFO - root - Image have been saved in /shenzihe/WD-Disk/output/exp5/duck_toy/checkpoint-100/images/on_top_of_a_white_rug/
11/30/2024 17:22:09 - INFO - __main__ - Running validation... 
 Generating 4 images with prompt:red.
11/30/2024 17:22:22 - INFO - root - Image have been saved in /shenzihe/WD-Disk/output/exp5/duck_toy/checkpoint-100/images/red/
11/30/2024 17:22:36 - INFO - root - Image have been saved in /shenzihe/WD-Disk/output/exp5/duck_toy/checkpoint-100/images/red/
11/30/2024 17:22:50 - INFO - root - Image have been saved in /shenzihe/WD-Disk/output/exp5/duck_toy/checkpoint-100/images/red/
11/30/2024 17:23:04 - INFO - root - Image have been saved in /shenzihe/WD-Disk/output/exp5/duck_toy/checkpoint-100/images/red/
11/30/2024 17:23:04 - INFO - __main__ - Running validation... 
 Generating 4 images with prompt:purple.
11/30/2024 17:23:17 - INFO - root - Image have been saved in /shenzihe/WD-Disk/output/exp5/duck_toy/checkpoint-100/images/purple/
11/30/2024 17:23:31 - INFO - root - Image have been saved in /shenzihe/WD-Disk/output/exp5/duck_toy/checkpoint-100/images/purple/
11/30/2024 17:23:45 - INFO - root - Image have been saved in /shenzihe/WD-Disk/output/exp5/duck_toy/checkpoint-100/images/purple/
11/30/2024 17:23:58 - INFO - root - Image have been saved in /shenzihe/WD-Disk/output/exp5/duck_toy/checkpoint-100/images/purple/
11/30/2024 17:23:58 - INFO - __main__ - Running validation... 
 Generating 4 images with prompt:shiny.
11/30/2024 17:24:12 - INFO - root - Image have been saved in /shenzihe/WD-Disk/output/exp5/duck_toy/checkpoint-100/images/shiny/
11/30/2024 17:24:26 - INFO - root - Image have been saved in /shenzihe/WD-Disk/output/exp5/duck_toy/checkpoint-100/images/shiny/
11/30/2024 17:24:39 - INFO - root - Image have been saved in /shenzihe/WD-Disk/output/exp5/duck_toy/checkpoint-100/images/shiny/
11/30/2024 17:24:53 - INFO - root - Image have been saved in /shenzihe/WD-Disk/output/exp5/duck_toy/checkpoint-100/images/shiny/
11/30/2024 17:24:53 - INFO - __main__ - Running validation... 
 Generating 4 images with prompt:wet.
11/30/2024 17:25:07 - INFO - root - Image have been saved in /shenzihe/WD-Disk/output/exp5/duck_toy/checkpoint-100/images/wet/
11/30/2024 17:25:20 - INFO - root - Image have been saved in /shenzihe/WD-Disk/output/exp5/duck_toy/checkpoint-100/images/wet/
11/30/2024 17:25:34 - INFO - root - Image have been saved in /shenzihe/WD-Disk/output/exp5/duck_toy/checkpoint-100/images/wet/
11/30/2024 17:25:48 - INFO - root - Image have been saved in /shenzihe/WD-Disk/output/exp5/duck_toy/checkpoint-100/images/wet/
11/30/2024 17:25:48 - INFO - __main__ - Running validation... 
 Generating 4 images with prompt:cube shaped.
11/30/2024 17:26:02 - INFO - root - Image have been saved in /shenzihe/WD-Disk/output/exp5/duck_toy/checkpoint-100/images/cube_shaped/
11/30/2024 17:26:15 - INFO - root - Image have been saved in /shenzihe/WD-Disk/output/exp5/duck_toy/checkpoint-100/images/cube_shaped/
11/30/2024 17:26:29 - INFO - root - Image have been saved in /shenzihe/WD-Disk/output/exp5/duck_toy/checkpoint-100/images/cube_shaped/
11/30/2024 17:26:43 - INFO - root - Image have been saved in /shenzihe/WD-Disk/output/exp5/duck_toy/checkpoint-100/images/cube_shaped/
