11/30/2024 18:48:09 - INFO - __main__ - Distributed environment: NO
Num processes: 1
Process index: 0
Local process index: 0
Device: cuda

Mixed precision type: no

11/30/2024 18:48:11 - INFO - root - freeze vision encoder
11/30/2024 18:48:21 - INFO - root - Loading pretrained model from /root/.cache/torch/hub/checkpoints/blip-diffusion
11/30/2024 18:48:21 - INFO - root - Loading pretrained BLIP2 Qformer weights.
11/30/2024 18:48:23 - INFO - root - Loading pretrained projection lyer weights.
11/30/2024 18:48:23 - INFO - root - Loading pretrained text encoder weights.
11/30/2024 18:48:23 - INFO - root - Loading pretrained vae weights.
11/30/2024 18:48:24 - INFO - root - Loading pretrained unet weights.
11/30/2024 18:48:31 - INFO - root - Using xformers.
11/30/2024 18:48:31 - INFO - root - Building datasets...
11/30/2024 18:48:41 - INFO - root - freeze vision encoder
11/30/2024 18:49:05 - INFO - root - load checkpoint from https://storage.googleapis.com/sfr-vision-language-research/LAVIS/models/BLIP2/blip2_pretrained_flant5xl.pth
11/30/2024 18:49:12 - INFO - __main__ - 
***** Running training *****
11/30/2024 18:49:12 - INFO - __main__ -   Num examples = 6
11/30/2024 18:49:12 - INFO - __main__ -   Num batches each epoch = 1
11/30/2024 18:49:12 - INFO - __main__ -   Num Epochs = 100
11/30/2024 18:49:12 - INFO - __main__ -   Instantaneous batch size per device = 6
11/30/2024 18:49:12 - INFO - __main__ -   Total train batch size (w. parallel, distributed & accumulation) = 6
11/30/2024 18:49:12 - INFO - __main__ -   Gradient Accumulation steps = 1
11/30/2024 18:49:12 - INFO - __main__ -   Total optimization steps = 100
11/30/2024 18:49:12 - INFO - __main__ -   Total parameters number = 1995356906
11/30/2024 18:49:12 - INFO - __main__ -   Training parameters number = 576349697
11/30/2024 18:52:10 - INFO - __main__ - Running validation... 
 Generating 4 images with prompt:in the jungle.
11/30/2024 18:52:23 - INFO - root - Image have been saved in /shenzihe/WD-Disk/output/exp5/pink_sunglasses/checkpoint-100/images/in_the_jungle/
11/30/2024 18:52:37 - INFO - root - Image have been saved in /shenzihe/WD-Disk/output/exp5/pink_sunglasses/checkpoint-100/images/in_the_jungle/
11/30/2024 18:52:51 - INFO - root - Image have been saved in /shenzihe/WD-Disk/output/exp5/pink_sunglasses/checkpoint-100/images/in_the_jungle/
11/30/2024 18:53:04 - INFO - root - Image have been saved in /shenzihe/WD-Disk/output/exp5/pink_sunglasses/checkpoint-100/images/in_the_jungle/
11/30/2024 18:53:04 - INFO - __main__ - Running validation... 
 Generating 4 images with prompt:in the snow.
11/30/2024 18:53:18 - INFO - root - Image have been saved in /shenzihe/WD-Disk/output/exp5/pink_sunglasses/checkpoint-100/images/in_the_snow/
11/30/2024 18:53:31 - INFO - root - Image have been saved in /shenzihe/WD-Disk/output/exp5/pink_sunglasses/checkpoint-100/images/in_the_snow/
11/30/2024 18:53:45 - INFO - root - Image have been saved in /shenzihe/WD-Disk/output/exp5/pink_sunglasses/checkpoint-100/images/in_the_snow/
11/30/2024 18:53:59 - INFO - root - Image have been saved in /shenzihe/WD-Disk/output/exp5/pink_sunglasses/checkpoint-100/images/in_the_snow/
11/30/2024 18:53:59 - INFO - __main__ - Running validation... 
 Generating 4 images with prompt:on the beach.
11/30/2024 18:54:12 - INFO - root - Image have been saved in /shenzihe/WD-Disk/output/exp5/pink_sunglasses/checkpoint-100/images/on_the_beach/
11/30/2024 18:54:26 - INFO - root - Image have been saved in /shenzihe/WD-Disk/output/exp5/pink_sunglasses/checkpoint-100/images/on_the_beach/
11/30/2024 18:54:40 - INFO - root - Image have been saved in /shenzihe/WD-Disk/output/exp5/pink_sunglasses/checkpoint-100/images/on_the_beach/
11/30/2024 18:54:53 - INFO - root - Image have been saved in /shenzihe/WD-Disk/output/exp5/pink_sunglasses/checkpoint-100/images/on_the_beach/
11/30/2024 18:54:53 - INFO - __main__ - Running validation... 
 Generating 4 images with prompt:on a cobblestone street.
11/30/2024 18:55:07 - INFO - root - Image have been saved in /shenzihe/WD-Disk/output/exp5/pink_sunglasses/checkpoint-100/images/on_a_cobblestone_street/
11/30/2024 18:55:21 - INFO - root - Image have been saved in /shenzihe/WD-Disk/output/exp5/pink_sunglasses/checkpoint-100/images/on_a_cobblestone_street/
11/30/2024 18:55:35 - INFO - root - Image have been saved in /shenzihe/WD-Disk/output/exp5/pink_sunglasses/checkpoint-100/images/on_a_cobblestone_street/
11/30/2024 18:55:48 - INFO - root - Image have been saved in /shenzihe/WD-Disk/output/exp5/pink_sunglasses/checkpoint-100/images/on_a_cobblestone_street/
11/30/2024 18:55:48 - INFO - __main__ - Running validation... 
 Generating 4 images with prompt:on top of pink fabric.
11/30/2024 18:56:02 - INFO - root - Image have been saved in /shenzihe/WD-Disk/output/exp5/pink_sunglasses/checkpoint-100/images/on_top_of_pink_fabric/
11/30/2024 18:56:15 - INFO - root - Image have been saved in /shenzihe/WD-Disk/output/exp5/pink_sunglasses/checkpoint-100/images/on_top_of_pink_fabric/
11/30/2024 18:56:29 - INFO - root - Image have been saved in /shenzihe/WD-Disk/output/exp5/pink_sunglasses/checkpoint-100/images/on_top_of_pink_fabric/
11/30/2024 18:56:43 - INFO - root - Image have been saved in /shenzihe/WD-Disk/output/exp5/pink_sunglasses/checkpoint-100/images/on_top_of_pink_fabric/
11/30/2024 18:56:43 - INFO - __main__ - Running validation... 
 Generating 4 images with prompt:on top of a wooden floor.
11/30/2024 18:56:56 - INFO - root - Image have been saved in /shenzihe/WD-Disk/output/exp5/pink_sunglasses/checkpoint-100/images/on_top_of_a_wooden_floor/
11/30/2024 18:57:10 - INFO - root - Image have been saved in /shenzihe/WD-Disk/output/exp5/pink_sunglasses/checkpoint-100/images/on_top_of_a_wooden_floor/
11/30/2024 18:57:24 - INFO - root - Image have been saved in /shenzihe/WD-Disk/output/exp5/pink_sunglasses/checkpoint-100/images/on_top_of_a_wooden_floor/
11/30/2024 18:57:38 - INFO - root - Image have been saved in /shenzihe/WD-Disk/output/exp5/pink_sunglasses/checkpoint-100/images/on_top_of_a_wooden_floor/
11/30/2024 18:57:38 - INFO - __main__ - Running validation... 
 Generating 4 images with prompt:with a city in the background.
11/30/2024 18:57:51 - INFO - root - Image have been saved in /shenzihe/WD-Disk/output/exp5/pink_sunglasses/checkpoint-100/images/with_a_city_in_the_background/
11/30/2024 18:58:05 - INFO - root - Image have been saved in /shenzihe/WD-Disk/output/exp5/pink_sunglasses/checkpoint-100/images/with_a_city_in_the_background/
11/30/2024 18:58:18 - INFO - root - Image have been saved in /shenzihe/WD-Disk/output/exp5/pink_sunglasses/checkpoint-100/images/with_a_city_in_the_background/
11/30/2024 18:58:32 - INFO - root - Image have been saved in /shenzihe/WD-Disk/output/exp5/pink_sunglasses/checkpoint-100/images/with_a_city_in_the_background/
11/30/2024 18:58:32 - INFO - __main__ - Running validation... 
 Generating 4 images with prompt:with a mountain in the background.
11/30/2024 18:58:46 - INFO - root - Image have been saved in /shenzihe/WD-Disk/output/exp5/pink_sunglasses/checkpoint-100/images/with_a_mountain_in_the_background/
11/30/2024 18:58:59 - INFO - root - Image have been saved in /shenzihe/WD-Disk/output/exp5/pink_sunglasses/checkpoint-100/images/with_a_mountain_in_the_background/
11/30/2024 18:59:13 - INFO - root - Image have been saved in /shenzihe/WD-Disk/output/exp5/pink_sunglasses/checkpoint-100/images/with_a_mountain_in_the_background/
11/30/2024 18:59:27 - INFO - root - Image have been saved in /shenzihe/WD-Disk/output/exp5/pink_sunglasses/checkpoint-100/images/with_a_mountain_in_the_background/
11/30/2024 18:59:27 - INFO - __main__ - Running validation... 
 Generating 4 images with prompt:with a blue house in the background.
11/30/2024 18:59:41 - INFO - root - Image have been saved in /shenzihe/WD-Disk/output/exp5/pink_sunglasses/checkpoint-100/images/with_a_blue_house_in_the_background/
11/30/2024 18:59:54 - INFO - root - Image have been saved in /shenzihe/WD-Disk/output/exp5/pink_sunglasses/checkpoint-100/images/with_a_blue_house_in_the_background/
11/30/2024 19:00:08 - INFO - root - Image have been saved in /shenzihe/WD-Disk/output/exp5/pink_sunglasses/checkpoint-100/images/with_a_blue_house_in_the_background/
11/30/2024 19:00:22 - INFO - root - Image have been saved in /shenzihe/WD-Disk/output/exp5/pink_sunglasses/checkpoint-100/images/with_a_blue_house_in_the_background/
11/30/2024 19:00:22 - INFO - __main__ - Running validation... 
 Generating 4 images with prompt:on top of a purple rug in a forest.
11/30/2024 19:00:35 - INFO - root - Image have been saved in /shenzihe/WD-Disk/output/exp5/pink_sunglasses/checkpoint-100/images/on_top_of_a_purple_rug_in_a_forest/
11/30/2024 19:00:49 - INFO - root - Image have been saved in /shenzihe/WD-Disk/output/exp5/pink_sunglasses/checkpoint-100/images/on_top_of_a_purple_rug_in_a_forest/
11/30/2024 19:01:03 - INFO - root - Image have been saved in /shenzihe/WD-Disk/output/exp5/pink_sunglasses/checkpoint-100/images/on_top_of_a_purple_rug_in_a_forest/
11/30/2024 19:01:16 - INFO - root - Image have been saved in /shenzihe/WD-Disk/output/exp5/pink_sunglasses/checkpoint-100/images/on_top_of_a_purple_rug_in_a_forest/
11/30/2024 19:01:16 - INFO - __main__ - Running validation... 
 Generating 4 images with prompt:with a wheat field in the background.
11/30/2024 19:01:30 - INFO - root - Image have been saved in /shenzihe/WD-Disk/output/exp5/pink_sunglasses/checkpoint-100/images/with_a_wheat_field_in_the_background/
11/30/2024 19:01:44 - INFO - root - Image have been saved in /shenzihe/WD-Disk/output/exp5/pink_sunglasses/checkpoint-100/images/with_a_wheat_field_in_the_background/
11/30/2024 19:01:57 - INFO - root - Image have been saved in /shenzihe/WD-Disk/output/exp5/pink_sunglasses/checkpoint-100/images/with_a_wheat_field_in_the_background/
11/30/2024 19:02:11 - INFO - root - Image have been saved in /shenzihe/WD-Disk/output/exp5/pink_sunglasses/checkpoint-100/images/with_a_wheat_field_in_the_background/
11/30/2024 19:02:11 - INFO - __main__ - Running validation... 
 Generating 4 images with prompt:with a tree and autumn leaves in the background.
11/30/2024 19:02:25 - INFO - root - Image have been saved in /shenzihe/WD-Disk/output/exp5/pink_sunglasses/checkpoint-100/images/with_a_tree_and_autumn_leaves_in_the_background/
11/30/2024 19:02:38 - INFO - root - Image have been saved in /shenzihe/WD-Disk/output/exp5/pink_sunglasses/checkpoint-100/images/with_a_tree_and_autumn_leaves_in_the_background/
11/30/2024 19:02:52 - INFO - root - Image have been saved in /shenzihe/WD-Disk/output/exp5/pink_sunglasses/checkpoint-100/images/with_a_tree_and_autumn_leaves_in_the_background/
11/30/2024 19:03:06 - INFO - root - Image have been saved in /shenzihe/WD-Disk/output/exp5/pink_sunglasses/checkpoint-100/images/with_a_tree_and_autumn_leaves_in_the_background/
11/30/2024 19:03:06 - INFO - __main__ - Running validation... 
 Generating 4 images with prompt:with the Eiffel Tower in the background.
11/30/2024 19:03:19 - INFO - root - Image have been saved in /shenzihe/WD-Disk/output/exp5/pink_sunglasses/checkpoint-100/images/with_the_Eiffel_Tower_in_the_background/
11/30/2024 19:03:33 - INFO - root - Image have been saved in /shenzihe/WD-Disk/output/exp5/pink_sunglasses/checkpoint-100/images/with_the_Eiffel_Tower_in_the_background/
11/30/2024 19:03:47 - INFO - root - Image have been saved in /shenzihe/WD-Disk/output/exp5/pink_sunglasses/checkpoint-100/images/with_the_Eiffel_Tower_in_the_background/
11/30/2024 19:04:00 - INFO - root - Image have been saved in /shenzihe/WD-Disk/output/exp5/pink_sunglasses/checkpoint-100/images/with_the_Eiffel_Tower_in_the_background/
11/30/2024 19:04:00 - INFO - __main__ - Running validation... 
 Generating 4 images with prompt:floating on top of water.
11/30/2024 19:04:14 - INFO - root - Image have been saved in /shenzihe/WD-Disk/output/exp5/pink_sunglasses/checkpoint-100/images/floating_on_top_of_water/
11/30/2024 19:04:28 - INFO - root - Image have been saved in /shenzihe/WD-Disk/output/exp5/pink_sunglasses/checkpoint-100/images/floating_on_top_of_water/
11/30/2024 19:04:41 - INFO - root - Image have been saved in /shenzihe/WD-Disk/output/exp5/pink_sunglasses/checkpoint-100/images/floating_on_top_of_water/
11/30/2024 19:04:55 - INFO - root - Image have been saved in /shenzihe/WD-Disk/output/exp5/pink_sunglasses/checkpoint-100/images/floating_on_top_of_water/
11/30/2024 19:04:55 - INFO - __main__ - Running validation... 
 Generating 4 images with prompt:floating in an ocean of milk.
11/30/2024 19:05:09 - INFO - root - Image have been saved in /shenzihe/WD-Disk/output/exp5/pink_sunglasses/checkpoint-100/images/floating_in_an_ocean_of_milk/
11/30/2024 19:05:22 - INFO - root - Image have been saved in /shenzihe/WD-Disk/output/exp5/pink_sunglasses/checkpoint-100/images/floating_in_an_ocean_of_milk/
11/30/2024 19:05:36 - INFO - root - Image have been saved in /shenzihe/WD-Disk/output/exp5/pink_sunglasses/checkpoint-100/images/floating_in_an_ocean_of_milk/
11/30/2024 19:05:50 - INFO - root - Image have been saved in /shenzihe/WD-Disk/output/exp5/pink_sunglasses/checkpoint-100/images/floating_in_an_ocean_of_milk/
11/30/2024 19:05:50 - INFO - __main__ - Running validation... 
 Generating 4 images with prompt:on top of green grass with sunflowers around it.
11/30/2024 19:06:04 - INFO - root - Image have been saved in /shenzihe/WD-Disk/output/exp5/pink_sunglasses/checkpoint-100/images/on_top_of_green_grass_with_sunflowers_around_it/
11/30/2024 19:06:17 - INFO - root - Image have been saved in /shenzihe/WD-Disk/output/exp5/pink_sunglasses/checkpoint-100/images/on_top_of_green_grass_with_sunflowers_around_it/
11/30/2024 19:06:31 - INFO - root - Image have been saved in /shenzihe/WD-Disk/output/exp5/pink_sunglasses/checkpoint-100/images/on_top_of_green_grass_with_sunflowers_around_it/
11/30/2024 19:06:45 - INFO - root - Image have been saved in /shenzihe/WD-Disk/output/exp5/pink_sunglasses/checkpoint-100/images/on_top_of_green_grass_with_sunflowers_around_it/
11/30/2024 19:06:45 - INFO - __main__ - Running validation... 
 Generating 4 images with prompt:on top of a mirror.
11/30/2024 19:06:58 - INFO - root - Image have been saved in /shenzihe/WD-Disk/output/exp5/pink_sunglasses/checkpoint-100/images/on_top_of_a_mirror/
11/30/2024 19:07:12 - INFO - root - Image have been saved in /shenzihe/WD-Disk/output/exp5/pink_sunglasses/checkpoint-100/images/on_top_of_a_mirror/
11/30/2024 19:07:26 - INFO - root - Image have been saved in /shenzihe/WD-Disk/output/exp5/pink_sunglasses/checkpoint-100/images/on_top_of_a_mirror/
11/30/2024 19:07:39 - INFO - root - Image have been saved in /shenzihe/WD-Disk/output/exp5/pink_sunglasses/checkpoint-100/images/on_top_of_a_mirror/
11/30/2024 19:07:39 - INFO - __main__ - Running validation... 
 Generating 4 images with prompt:on top of the sidewalk in a crowded street.
11/30/2024 19:07:53 - INFO - root - Image have been saved in /shenzihe/WD-Disk/output/exp5/pink_sunglasses/checkpoint-100/images/on_top_of_the_sidewalk_in_a_crowded_street/
11/30/2024 19:08:07 - INFO - root - Image have been saved in /shenzihe/WD-Disk/output/exp5/pink_sunglasses/checkpoint-100/images/on_top_of_the_sidewalk_in_a_crowded_street/
11/30/2024 19:08:21 - INFO - root - Image have been saved in /shenzihe/WD-Disk/output/exp5/pink_sunglasses/checkpoint-100/images/on_top_of_the_sidewalk_in_a_crowded_street/
11/30/2024 19:08:34 - INFO - root - Image have been saved in /shenzihe/WD-Disk/output/exp5/pink_sunglasses/checkpoint-100/images/on_top_of_the_sidewalk_in_a_crowded_street/
11/30/2024 19:08:34 - INFO - __main__ - Running validation... 
 Generating 4 images with prompt:on top of a dirt road.
11/30/2024 19:08:48 - INFO - root - Image have been saved in /shenzihe/WD-Disk/output/exp5/pink_sunglasses/checkpoint-100/images/on_top_of_a_dirt_road/
11/30/2024 19:09:02 - INFO - root - Image have been saved in /shenzihe/WD-Disk/output/exp5/pink_sunglasses/checkpoint-100/images/on_top_of_a_dirt_road/
11/30/2024 19:09:15 - INFO - root - Image have been saved in /shenzihe/WD-Disk/output/exp5/pink_sunglasses/checkpoint-100/images/on_top_of_a_dirt_road/
11/30/2024 19:09:29 - INFO - root - Image have been saved in /shenzihe/WD-Disk/output/exp5/pink_sunglasses/checkpoint-100/images/on_top_of_a_dirt_road/
11/30/2024 19:09:29 - INFO - __main__ - Running validation... 
 Generating 4 images with prompt:on top of a white rug.
11/30/2024 19:09:43 - INFO - root - Image have been saved in /shenzihe/WD-Disk/output/exp5/pink_sunglasses/checkpoint-100/images/on_top_of_a_white_rug/
11/30/2024 19:09:57 - INFO - root - Image have been saved in /shenzihe/WD-Disk/output/exp5/pink_sunglasses/checkpoint-100/images/on_top_of_a_white_rug/
11/30/2024 19:10:10 - INFO - root - Image have been saved in /shenzihe/WD-Disk/output/exp5/pink_sunglasses/checkpoint-100/images/on_top_of_a_white_rug/
11/30/2024 19:10:24 - INFO - root - Image have been saved in /shenzihe/WD-Disk/output/exp5/pink_sunglasses/checkpoint-100/images/on_top_of_a_white_rug/
11/30/2024 19:10:24 - INFO - __main__ - Running validation... 
 Generating 4 images with prompt:red.
11/30/2024 19:10:38 - INFO - root - Image have been saved in /shenzihe/WD-Disk/output/exp5/pink_sunglasses/checkpoint-100/images/red/
11/30/2024 19:10:52 - INFO - root - Image have been saved in /shenzihe/WD-Disk/output/exp5/pink_sunglasses/checkpoint-100/images/red/
11/30/2024 19:11:05 - INFO - root - Image have been saved in /shenzihe/WD-Disk/output/exp5/pink_sunglasses/checkpoint-100/images/red/
11/30/2024 19:11:19 - INFO - root - Image have been saved in /shenzihe/WD-Disk/output/exp5/pink_sunglasses/checkpoint-100/images/red/
11/30/2024 19:11:19 - INFO - __main__ - Running validation... 
 Generating 4 images with prompt:purple.
11/30/2024 19:11:33 - INFO - root - Image have been saved in /shenzihe/WD-Disk/output/exp5/pink_sunglasses/checkpoint-100/images/purple/
11/30/2024 19:11:47 - INFO - root - Image have been saved in /shenzihe/WD-Disk/output/exp5/pink_sunglasses/checkpoint-100/images/purple/
11/30/2024 19:12:00 - INFO - root - Image have been saved in /shenzihe/WD-Disk/output/exp5/pink_sunglasses/checkpoint-100/images/purple/
11/30/2024 19:12:14 - INFO - root - Image have been saved in /shenzihe/WD-Disk/output/exp5/pink_sunglasses/checkpoint-100/images/purple/
11/30/2024 19:12:14 - INFO - __main__ - Running validation... 
 Generating 4 images with prompt:shiny.
11/30/2024 19:12:28 - INFO - root - Image have been saved in /shenzihe/WD-Disk/output/exp5/pink_sunglasses/checkpoint-100/images/shiny/
11/30/2024 19:12:42 - INFO - root - Image have been saved in /shenzihe/WD-Disk/output/exp5/pink_sunglasses/checkpoint-100/images/shiny/
11/30/2024 19:12:55 - INFO - root - Image have been saved in /shenzihe/WD-Disk/output/exp5/pink_sunglasses/checkpoint-100/images/shiny/
11/30/2024 19:13:09 - INFO - root - Image have been saved in /shenzihe/WD-Disk/output/exp5/pink_sunglasses/checkpoint-100/images/shiny/
11/30/2024 19:13:09 - INFO - __main__ - Running validation... 
 Generating 4 images with prompt:wet.
11/30/2024 19:13:23 - INFO - root - Image have been saved in /shenzihe/WD-Disk/output/exp5/pink_sunglasses/checkpoint-100/images/wet/
11/30/2024 19:13:36 - INFO - root - Image have been saved in /shenzihe/WD-Disk/output/exp5/pink_sunglasses/checkpoint-100/images/wet/
11/30/2024 19:13:50 - INFO - root - Image have been saved in /shenzihe/WD-Disk/output/exp5/pink_sunglasses/checkpoint-100/images/wet/
11/30/2024 19:14:04 - INFO - root - Image have been saved in /shenzihe/WD-Disk/output/exp5/pink_sunglasses/checkpoint-100/images/wet/
11/30/2024 19:14:04 - INFO - __main__ - Running validation... 
 Generating 4 images with prompt:cube shaped.
11/30/2024 19:14:18 - INFO - root - Image have been saved in /shenzihe/WD-Disk/output/exp5/pink_sunglasses/checkpoint-100/images/cube_shaped/
11/30/2024 19:14:32 - INFO - root - Image have been saved in /shenzihe/WD-Disk/output/exp5/pink_sunglasses/checkpoint-100/images/cube_shaped/
11/30/2024 19:14:45 - INFO - root - Image have been saved in /shenzihe/WD-Disk/output/exp5/pink_sunglasses/checkpoint-100/images/cube_shaped/
11/30/2024 19:14:59 - INFO - root - Image have been saved in /shenzihe/WD-Disk/output/exp5/pink_sunglasses/checkpoint-100/images/cube_shaped/
