11/30/2024 11:12:20 - INFO - __main__ - Distributed environment: NO
Num processes: 1
Process index: 0
Local process index: 0
Device: cuda

Mixed precision type: no

11/30/2024 11:12:22 - INFO - root - freeze vision encoder
11/30/2024 11:12:32 - INFO - root - Loading pretrained model from /root/.cache/torch/hub/checkpoints/blip-diffusion
11/30/2024 11:12:32 - INFO - root - Loading pretrained BLIP2 Qformer weights.
11/30/2024 11:12:34 - INFO - root - Loading pretrained projection lyer weights.
11/30/2024 11:12:34 - INFO - root - Loading pretrained text encoder weights.
11/30/2024 11:12:34 - INFO - root - Loading pretrained vae weights.
11/30/2024 11:12:35 - INFO - root - Loading pretrained unet weights.
11/30/2024 11:12:42 - INFO - root - Using xformers.
11/30/2024 11:12:42 - INFO - root - Building datasets...
11/30/2024 11:12:53 - INFO - root - freeze vision encoder
11/30/2024 11:13:22 - INFO - root - load checkpoint from https://storage.googleapis.com/sfr-vision-language-research/LAVIS/models/BLIP2/blip2_pretrained_flant5xl.pth
11/30/2024 11:13:29 - INFO - __main__ - 
***** Running training *****
11/30/2024 11:13:29 - INFO - __main__ -   Num examples = 6
11/30/2024 11:13:29 - INFO - __main__ -   Num batches each epoch = 1
11/30/2024 11:13:29 - INFO - __main__ -   Num Epochs = 100
11/30/2024 11:13:29 - INFO - __main__ -   Instantaneous batch size per device = 6
11/30/2024 11:13:29 - INFO - __main__ -   Total train batch size (w. parallel, distributed & accumulation) = 6
11/30/2024 11:13:29 - INFO - __main__ -   Gradient Accumulation steps = 1
11/30/2024 11:13:29 - INFO - __main__ -   Total optimization steps = 100
11/30/2024 11:13:29 - INFO - __main__ -   Total parameters number = 1995356906
11/30/2024 11:13:29 - INFO - __main__ -   Training parameters number = 576349697
11/30/2024 11:16:24 - INFO - __main__ - Running validation... 
 Generating 4 images with prompt:in the jungle.
11/30/2024 11:16:38 - INFO - root - Image have been saved in /shenzihe/WD-Disk/output/exp5/can/checkpoint-100/images/in_the_jungle/
11/30/2024 11:16:51 - INFO - root - Image have been saved in /shenzihe/WD-Disk/output/exp5/can/checkpoint-100/images/in_the_jungle/
11/30/2024 11:17:05 - INFO - root - Image have been saved in /shenzihe/WD-Disk/output/exp5/can/checkpoint-100/images/in_the_jungle/
11/30/2024 11:17:19 - INFO - root - Image have been saved in /shenzihe/WD-Disk/output/exp5/can/checkpoint-100/images/in_the_jungle/
11/30/2024 11:17:19 - INFO - __main__ - Running validation... 
 Generating 4 images with prompt:in the snow.
11/30/2024 11:17:32 - INFO - root - Image have been saved in /shenzihe/WD-Disk/output/exp5/can/checkpoint-100/images/in_the_snow/
11/30/2024 11:17:46 - INFO - root - Image have been saved in /shenzihe/WD-Disk/output/exp5/can/checkpoint-100/images/in_the_snow/
11/30/2024 11:17:59 - INFO - root - Image have been saved in /shenzihe/WD-Disk/output/exp5/can/checkpoint-100/images/in_the_snow/
11/30/2024 11:18:13 - INFO - root - Image have been saved in /shenzihe/WD-Disk/output/exp5/can/checkpoint-100/images/in_the_snow/
11/30/2024 11:18:13 - INFO - __main__ - Running validation... 
 Generating 4 images with prompt:on the beach.
11/30/2024 11:18:27 - INFO - root - Image have been saved in /shenzihe/WD-Disk/output/exp5/can/checkpoint-100/images/on_the_beach/
11/30/2024 11:18:40 - INFO - root - Image have been saved in /shenzihe/WD-Disk/output/exp5/can/checkpoint-100/images/on_the_beach/
11/30/2024 11:18:54 - INFO - root - Image have been saved in /shenzihe/WD-Disk/output/exp5/can/checkpoint-100/images/on_the_beach/
11/30/2024 11:19:07 - INFO - root - Image have been saved in /shenzihe/WD-Disk/output/exp5/can/checkpoint-100/images/on_the_beach/
11/30/2024 11:19:07 - INFO - __main__ - Running validation... 
 Generating 4 images with prompt:on a cobblestone street.
11/30/2024 11:19:21 - INFO - root - Image have been saved in /shenzihe/WD-Disk/output/exp5/can/checkpoint-100/images/on_a_cobblestone_street/
11/30/2024 11:19:34 - INFO - root - Image have been saved in /shenzihe/WD-Disk/output/exp5/can/checkpoint-100/images/on_a_cobblestone_street/
11/30/2024 11:19:48 - INFO - root - Image have been saved in /shenzihe/WD-Disk/output/exp5/can/checkpoint-100/images/on_a_cobblestone_street/
11/30/2024 11:20:02 - INFO - root - Image have been saved in /shenzihe/WD-Disk/output/exp5/can/checkpoint-100/images/on_a_cobblestone_street/
11/30/2024 11:20:02 - INFO - __main__ - Running validation... 
 Generating 4 images with prompt:on top of pink fabric.
11/30/2024 11:20:15 - INFO - root - Image have been saved in /shenzihe/WD-Disk/output/exp5/can/checkpoint-100/images/on_top_of_pink_fabric/
11/30/2024 11:20:29 - INFO - root - Image have been saved in /shenzihe/WD-Disk/output/exp5/can/checkpoint-100/images/on_top_of_pink_fabric/
11/30/2024 11:20:43 - INFO - root - Image have been saved in /shenzihe/WD-Disk/output/exp5/can/checkpoint-100/images/on_top_of_pink_fabric/
11/30/2024 11:20:56 - INFO - root - Image have been saved in /shenzihe/WD-Disk/output/exp5/can/checkpoint-100/images/on_top_of_pink_fabric/
11/30/2024 11:20:56 - INFO - __main__ - Running validation... 
 Generating 4 images with prompt:on top of a wooden floor.
11/30/2024 11:21:10 - INFO - root - Image have been saved in /shenzihe/WD-Disk/output/exp5/can/checkpoint-100/images/on_top_of_a_wooden_floor/
11/30/2024 11:21:23 - INFO - root - Image have been saved in /shenzihe/WD-Disk/output/exp5/can/checkpoint-100/images/on_top_of_a_wooden_floor/
11/30/2024 11:21:37 - INFO - root - Image have been saved in /shenzihe/WD-Disk/output/exp5/can/checkpoint-100/images/on_top_of_a_wooden_floor/
11/30/2024 11:21:51 - INFO - root - Image have been saved in /shenzihe/WD-Disk/output/exp5/can/checkpoint-100/images/on_top_of_a_wooden_floor/
11/30/2024 11:21:51 - INFO - __main__ - Running validation... 
 Generating 4 images with prompt:with a city in the background.
11/30/2024 11:22:04 - INFO - root - Image have been saved in /shenzihe/WD-Disk/output/exp5/can/checkpoint-100/images/with_a_city_in_the_background/
11/30/2024 11:22:18 - INFO - root - Image have been saved in /shenzihe/WD-Disk/output/exp5/can/checkpoint-100/images/with_a_city_in_the_background/
11/30/2024 11:22:31 - INFO - root - Image have been saved in /shenzihe/WD-Disk/output/exp5/can/checkpoint-100/images/with_a_city_in_the_background/
11/30/2024 11:22:45 - INFO - root - Image have been saved in /shenzihe/WD-Disk/output/exp5/can/checkpoint-100/images/with_a_city_in_the_background/
11/30/2024 11:22:45 - INFO - __main__ - Running validation... 
 Generating 4 images with prompt:with a mountain in the background.
11/30/2024 11:22:58 - INFO - root - Image have been saved in /shenzihe/WD-Disk/output/exp5/can/checkpoint-100/images/with_a_mountain_in_the_background/
11/30/2024 11:23:12 - INFO - root - Image have been saved in /shenzihe/WD-Disk/output/exp5/can/checkpoint-100/images/with_a_mountain_in_the_background/
11/30/2024 11:23:26 - INFO - root - Image have been saved in /shenzihe/WD-Disk/output/exp5/can/checkpoint-100/images/with_a_mountain_in_the_background/
11/30/2024 11:23:39 - INFO - root - Image have been saved in /shenzihe/WD-Disk/output/exp5/can/checkpoint-100/images/with_a_mountain_in_the_background/
11/30/2024 11:23:39 - INFO - __main__ - Running validation... 
 Generating 4 images with prompt:with a blue house in the background.
11/30/2024 11:23:53 - INFO - root - Image have been saved in /shenzihe/WD-Disk/output/exp5/can/checkpoint-100/images/with_a_blue_house_in_the_background/
11/30/2024 11:24:06 - INFO - root - Image have been saved in /shenzihe/WD-Disk/output/exp5/can/checkpoint-100/images/with_a_blue_house_in_the_background/
11/30/2024 11:24:20 - INFO - root - Image have been saved in /shenzihe/WD-Disk/output/exp5/can/checkpoint-100/images/with_a_blue_house_in_the_background/
11/30/2024 11:24:34 - INFO - root - Image have been saved in /shenzihe/WD-Disk/output/exp5/can/checkpoint-100/images/with_a_blue_house_in_the_background/
11/30/2024 11:24:34 - INFO - __main__ - Running validation... 
 Generating 4 images with prompt:on top of a purple rug in a forest.
11/30/2024 11:24:47 - INFO - root - Image have been saved in /shenzihe/WD-Disk/output/exp5/can/checkpoint-100/images/on_top_of_a_purple_rug_in_a_forest/
11/30/2024 11:25:01 - INFO - root - Image have been saved in /shenzihe/WD-Disk/output/exp5/can/checkpoint-100/images/on_top_of_a_purple_rug_in_a_forest/
11/30/2024 11:25:14 - INFO - root - Image have been saved in /shenzihe/WD-Disk/output/exp5/can/checkpoint-100/images/on_top_of_a_purple_rug_in_a_forest/
11/30/2024 11:25:28 - INFO - root - Image have been saved in /shenzihe/WD-Disk/output/exp5/can/checkpoint-100/images/on_top_of_a_purple_rug_in_a_forest/
11/30/2024 11:25:28 - INFO - __main__ - Running validation... 
 Generating 4 images with prompt:with a wheat field in the background.
11/30/2024 11:25:41 - INFO - root - Image have been saved in /shenzihe/WD-Disk/output/exp5/can/checkpoint-100/images/with_a_wheat_field_in_the_background/
11/30/2024 11:25:55 - INFO - root - Image have been saved in /shenzihe/WD-Disk/output/exp5/can/checkpoint-100/images/with_a_wheat_field_in_the_background/
11/30/2024 11:26:09 - INFO - root - Image have been saved in /shenzihe/WD-Disk/output/exp5/can/checkpoint-100/images/with_a_wheat_field_in_the_background/
11/30/2024 11:26:22 - INFO - root - Image have been saved in /shenzihe/WD-Disk/output/exp5/can/checkpoint-100/images/with_a_wheat_field_in_the_background/
11/30/2024 11:26:22 - INFO - __main__ - Running validation... 
 Generating 4 images with prompt:with a tree and autumn leaves in the background.
11/30/2024 11:26:36 - INFO - root - Image have been saved in /shenzihe/WD-Disk/output/exp5/can/checkpoint-100/images/with_a_tree_and_autumn_leaves_in_the_background/
11/30/2024 11:26:49 - INFO - root - Image have been saved in /shenzihe/WD-Disk/output/exp5/can/checkpoint-100/images/with_a_tree_and_autumn_leaves_in_the_background/
11/30/2024 11:27:03 - INFO - root - Image have been saved in /shenzihe/WD-Disk/output/exp5/can/checkpoint-100/images/with_a_tree_and_autumn_leaves_in_the_background/
11/30/2024 11:27:17 - INFO - root - Image have been saved in /shenzihe/WD-Disk/output/exp5/can/checkpoint-100/images/with_a_tree_and_autumn_leaves_in_the_background/
11/30/2024 11:27:17 - INFO - __main__ - Running validation... 
 Generating 4 images with prompt:with the Eiffel Tower in the background.
11/30/2024 11:27:30 - INFO - root - Image have been saved in /shenzihe/WD-Disk/output/exp5/can/checkpoint-100/images/with_the_Eiffel_Tower_in_the_background/
11/30/2024 11:27:44 - INFO - root - Image have been saved in /shenzihe/WD-Disk/output/exp5/can/checkpoint-100/images/with_the_Eiffel_Tower_in_the_background/
11/30/2024 11:27:57 - INFO - root - Image have been saved in /shenzihe/WD-Disk/output/exp5/can/checkpoint-100/images/with_the_Eiffel_Tower_in_the_background/
11/30/2024 11:28:11 - INFO - root - Image have been saved in /shenzihe/WD-Disk/output/exp5/can/checkpoint-100/images/with_the_Eiffel_Tower_in_the_background/
11/30/2024 11:28:11 - INFO - __main__ - Running validation... 
 Generating 4 images with prompt:floating on top of water.
11/30/2024 11:28:25 - INFO - root - Image have been saved in /shenzihe/WD-Disk/output/exp5/can/checkpoint-100/images/floating_on_top_of_water/
11/30/2024 11:28:38 - INFO - root - Image have been saved in /shenzihe/WD-Disk/output/exp5/can/checkpoint-100/images/floating_on_top_of_water/
11/30/2024 11:28:52 - INFO - root - Image have been saved in /shenzihe/WD-Disk/output/exp5/can/checkpoint-100/images/floating_on_top_of_water/
11/30/2024 11:29:05 - INFO - root - Image have been saved in /shenzihe/WD-Disk/output/exp5/can/checkpoint-100/images/floating_on_top_of_water/
11/30/2024 11:29:05 - INFO - __main__ - Running validation... 
 Generating 4 images with prompt:floating in an ocean of milk.
11/30/2024 11:29:19 - INFO - root - Image have been saved in /shenzihe/WD-Disk/output/exp5/can/checkpoint-100/images/floating_in_an_ocean_of_milk/
11/30/2024 11:29:33 - INFO - root - Image have been saved in /shenzihe/WD-Disk/output/exp5/can/checkpoint-100/images/floating_in_an_ocean_of_milk/
11/30/2024 11:29:46 - INFO - root - Image have been saved in /shenzihe/WD-Disk/output/exp5/can/checkpoint-100/images/floating_in_an_ocean_of_milk/
11/30/2024 11:30:00 - INFO - root - Image have been saved in /shenzihe/WD-Disk/output/exp5/can/checkpoint-100/images/floating_in_an_ocean_of_milk/
11/30/2024 11:30:00 - INFO - __main__ - Running validation... 
 Generating 4 images with prompt:on top of green grass with sunflowers around it.
11/30/2024 11:30:13 - INFO - root - Image have been saved in /shenzihe/WD-Disk/output/exp5/can/checkpoint-100/images/on_top_of_green_grass_with_sunflowers_around_it/
11/30/2024 11:30:27 - INFO - root - Image have been saved in /shenzihe/WD-Disk/output/exp5/can/checkpoint-100/images/on_top_of_green_grass_with_sunflowers_around_it/
11/30/2024 11:30:41 - INFO - root - Image have been saved in /shenzihe/WD-Disk/output/exp5/can/checkpoint-100/images/on_top_of_green_grass_with_sunflowers_around_it/
11/30/2024 11:30:54 - INFO - root - Image have been saved in /shenzihe/WD-Disk/output/exp5/can/checkpoint-100/images/on_top_of_green_grass_with_sunflowers_around_it/
11/30/2024 11:30:54 - INFO - __main__ - Running validation... 
 Generating 4 images with prompt:on top of a mirror.
11/30/2024 11:31:08 - INFO - root - Image have been saved in /shenzihe/WD-Disk/output/exp5/can/checkpoint-100/images/on_top_of_a_mirror/
11/30/2024 11:31:21 - INFO - root - Image have been saved in /shenzihe/WD-Disk/output/exp5/can/checkpoint-100/images/on_top_of_a_mirror/
11/30/2024 11:31:35 - INFO - root - Image have been saved in /shenzihe/WD-Disk/output/exp5/can/checkpoint-100/images/on_top_of_a_mirror/
11/30/2024 11:31:48 - INFO - root - Image have been saved in /shenzihe/WD-Disk/output/exp5/can/checkpoint-100/images/on_top_of_a_mirror/
11/30/2024 11:31:48 - INFO - __main__ - Running validation... 
 Generating 4 images with prompt:on top of the sidewalk in a crowded street.
11/30/2024 11:32:02 - INFO - root - Image have been saved in /shenzihe/WD-Disk/output/exp5/can/checkpoint-100/images/on_top_of_the_sidewalk_in_a_crowded_street/
11/30/2024 11:32:15 - INFO - root - Image have been saved in /shenzihe/WD-Disk/output/exp5/can/checkpoint-100/images/on_top_of_the_sidewalk_in_a_crowded_street/
11/30/2024 11:32:29 - INFO - root - Image have been saved in /shenzihe/WD-Disk/output/exp5/can/checkpoint-100/images/on_top_of_the_sidewalk_in_a_crowded_street/
11/30/2024 11:32:43 - INFO - root - Image have been saved in /shenzihe/WD-Disk/output/exp5/can/checkpoint-100/images/on_top_of_the_sidewalk_in_a_crowded_street/
11/30/2024 11:32:43 - INFO - __main__ - Running validation... 
 Generating 4 images with prompt:on top of a dirt road.
11/30/2024 11:32:56 - INFO - root - Image have been saved in /shenzihe/WD-Disk/output/exp5/can/checkpoint-100/images/on_top_of_a_dirt_road/
11/30/2024 11:33:10 - INFO - root - Image have been saved in /shenzihe/WD-Disk/output/exp5/can/checkpoint-100/images/on_top_of_a_dirt_road/
11/30/2024 11:33:23 - INFO - root - Image have been saved in /shenzihe/WD-Disk/output/exp5/can/checkpoint-100/images/on_top_of_a_dirt_road/
11/30/2024 11:33:37 - INFO - root - Image have been saved in /shenzihe/WD-Disk/output/exp5/can/checkpoint-100/images/on_top_of_a_dirt_road/
11/30/2024 11:33:37 - INFO - __main__ - Running validation... 
 Generating 4 images with prompt:on top of a white rug.
11/30/2024 11:33:50 - INFO - root - Image have been saved in /shenzihe/WD-Disk/output/exp5/can/checkpoint-100/images/on_top_of_a_white_rug/
11/30/2024 11:34:04 - INFO - root - Image have been saved in /shenzihe/WD-Disk/output/exp5/can/checkpoint-100/images/on_top_of_a_white_rug/
11/30/2024 11:34:18 - INFO - root - Image have been saved in /shenzihe/WD-Disk/output/exp5/can/checkpoint-100/images/on_top_of_a_white_rug/
11/30/2024 11:34:31 - INFO - root - Image have been saved in /shenzihe/WD-Disk/output/exp5/can/checkpoint-100/images/on_top_of_a_white_rug/
11/30/2024 11:34:31 - INFO - __main__ - Running validation... 
 Generating 4 images with prompt:red.
11/30/2024 11:34:45 - INFO - root - Image have been saved in /shenzihe/WD-Disk/output/exp5/can/checkpoint-100/images/red/
11/30/2024 11:34:58 - INFO - root - Image have been saved in /shenzihe/WD-Disk/output/exp5/can/checkpoint-100/images/red/
11/30/2024 11:35:12 - INFO - root - Image have been saved in /shenzihe/WD-Disk/output/exp5/can/checkpoint-100/images/red/
11/30/2024 11:35:26 - INFO - root - Image have been saved in /shenzihe/WD-Disk/output/exp5/can/checkpoint-100/images/red/
11/30/2024 11:35:26 - INFO - __main__ - Running validation... 
 Generating 4 images with prompt:purple.
11/30/2024 11:35:39 - INFO - root - Image have been saved in /shenzihe/WD-Disk/output/exp5/can/checkpoint-100/images/purple/
11/30/2024 11:35:53 - INFO - root - Image have been saved in /shenzihe/WD-Disk/output/exp5/can/checkpoint-100/images/purple/
11/30/2024 11:36:06 - INFO - root - Image have been saved in /shenzihe/WD-Disk/output/exp5/can/checkpoint-100/images/purple/
11/30/2024 11:36:20 - INFO - root - Image have been saved in /shenzihe/WD-Disk/output/exp5/can/checkpoint-100/images/purple/
11/30/2024 11:36:20 - INFO - __main__ - Running validation... 
 Generating 4 images with prompt:shiny.
11/30/2024 11:36:34 - INFO - root - Image have been saved in /shenzihe/WD-Disk/output/exp5/can/checkpoint-100/images/shiny/
11/30/2024 11:36:47 - INFO - root - Image have been saved in /shenzihe/WD-Disk/output/exp5/can/checkpoint-100/images/shiny/
11/30/2024 11:37:01 - INFO - root - Image have been saved in /shenzihe/WD-Disk/output/exp5/can/checkpoint-100/images/shiny/
11/30/2024 11:37:14 - INFO - root - Image have been saved in /shenzihe/WD-Disk/output/exp5/can/checkpoint-100/images/shiny/
11/30/2024 11:37:14 - INFO - __main__ - Running validation... 
 Generating 4 images with prompt:wet.
11/30/2024 11:37:28 - INFO - root - Image have been saved in /shenzihe/WD-Disk/output/exp5/can/checkpoint-100/images/wet/
11/30/2024 11:37:41 - INFO - root - Image have been saved in /shenzihe/WD-Disk/output/exp5/can/checkpoint-100/images/wet/
11/30/2024 11:37:55 - INFO - root - Image have been saved in /shenzihe/WD-Disk/output/exp5/can/checkpoint-100/images/wet/
11/30/2024 11:38:09 - INFO - root - Image have been saved in /shenzihe/WD-Disk/output/exp5/can/checkpoint-100/images/wet/
11/30/2024 11:38:09 - INFO - __main__ - Running validation... 
 Generating 4 images with prompt:cube shaped.
11/30/2024 11:38:22 - INFO - root - Image have been saved in /shenzihe/WD-Disk/output/exp5/can/checkpoint-100/images/cube_shaped/
11/30/2024 11:38:36 - INFO - root - Image have been saved in /shenzihe/WD-Disk/output/exp5/can/checkpoint-100/images/cube_shaped/
11/30/2024 11:38:50 - INFO - root - Image have been saved in /shenzihe/WD-Disk/output/exp5/can/checkpoint-100/images/cube_shaped/
11/30/2024 11:39:03 - INFO - root - Image have been saved in /shenzihe/WD-Disk/output/exp5/can/checkpoint-100/images/cube_shaped/
