11/30/2024 13:26:22 - INFO - __main__ - Distributed environment: NO
Num processes: 1
Process index: 0
Local process index: 0
Device: cuda

Mixed precision type: no

11/30/2024 13:26:27 - INFO - root - freeze vision encoder
11/30/2024 13:26:37 - INFO - root - Loading pretrained model from /root/.cache/torch/hub/checkpoints/blip-diffusion
11/30/2024 13:26:37 - INFO - root - Loading pretrained BLIP2 Qformer weights.
11/30/2024 13:26:39 - INFO - root - Loading pretrained projection lyer weights.
11/30/2024 13:26:39 - INFO - root - Loading pretrained text encoder weights.
11/30/2024 13:26:39 - INFO - root - Loading pretrained vae weights.
11/30/2024 13:26:40 - INFO - root - Loading pretrained unet weights.
11/30/2024 13:26:47 - INFO - root - Using xformers.
11/30/2024 13:26:47 - INFO - root - Building datasets...
11/30/2024 13:26:57 - INFO - root - freeze vision encoder
11/30/2024 13:27:25 - INFO - root - load checkpoint from https://storage.googleapis.com/sfr-vision-language-research/LAVIS/models/BLIP2/blip2_pretrained_flant5xl.pth
11/30/2024 13:27:31 - INFO - __main__ - 
***** Running training *****
11/30/2024 13:27:31 - INFO - __main__ -   Num examples = 5
11/30/2024 13:27:31 - INFO - __main__ -   Num batches each epoch = 1
11/30/2024 13:27:31 - INFO - __main__ -   Num Epochs = 100
11/30/2024 13:27:31 - INFO - __main__ -   Instantaneous batch size per device = 6
11/30/2024 13:27:31 - INFO - __main__ -   Total train batch size (w. parallel, distributed & accumulation) = 6
11/30/2024 13:27:31 - INFO - __main__ -   Gradient Accumulation steps = 1
11/30/2024 13:27:31 - INFO - __main__ -   Total optimization steps = 100
11/30/2024 13:27:31 - INFO - __main__ -   Total parameters number = 1995356906
11/30/2024 13:27:31 - INFO - __main__ -   Training parameters number = 576349697
11/30/2024 13:30:26 - INFO - __main__ - Running validation... 
 Generating 4 images with prompt:in the jungle.
11/30/2024 13:30:40 - INFO - root - Image have been saved in /shenzihe/WD-Disk/output/exp5/colorful_sneaker/checkpoint-100/images/in_the_jungle/
11/30/2024 13:30:54 - INFO - root - Image have been saved in /shenzihe/WD-Disk/output/exp5/colorful_sneaker/checkpoint-100/images/in_the_jungle/
11/30/2024 13:31:07 - INFO - root - Image have been saved in /shenzihe/WD-Disk/output/exp5/colorful_sneaker/checkpoint-100/images/in_the_jungle/
11/30/2024 13:31:21 - INFO - root - Image have been saved in /shenzihe/WD-Disk/output/exp5/colorful_sneaker/checkpoint-100/images/in_the_jungle/
11/30/2024 13:31:21 - INFO - __main__ - Running validation... 
 Generating 4 images with prompt:in the snow.
11/30/2024 13:31:34 - INFO - root - Image have been saved in /shenzihe/WD-Disk/output/exp5/colorful_sneaker/checkpoint-100/images/in_the_snow/
11/30/2024 13:31:48 - INFO - root - Image have been saved in /shenzihe/WD-Disk/output/exp5/colorful_sneaker/checkpoint-100/images/in_the_snow/
11/30/2024 13:32:02 - INFO - root - Image have been saved in /shenzihe/WD-Disk/output/exp5/colorful_sneaker/checkpoint-100/images/in_the_snow/
11/30/2024 13:32:15 - INFO - root - Image have been saved in /shenzihe/WD-Disk/output/exp5/colorful_sneaker/checkpoint-100/images/in_the_snow/
11/30/2024 13:32:15 - INFO - __main__ - Running validation... 
 Generating 4 images with prompt:on the beach.
11/30/2024 13:32:29 - INFO - root - Image have been saved in /shenzihe/WD-Disk/output/exp5/colorful_sneaker/checkpoint-100/images/on_the_beach/
11/30/2024 13:32:42 - INFO - root - Image have been saved in /shenzihe/WD-Disk/output/exp5/colorful_sneaker/checkpoint-100/images/on_the_beach/
11/30/2024 13:32:56 - INFO - root - Image have been saved in /shenzihe/WD-Disk/output/exp5/colorful_sneaker/checkpoint-100/images/on_the_beach/
11/30/2024 13:33:10 - INFO - root - Image have been saved in /shenzihe/WD-Disk/output/exp5/colorful_sneaker/checkpoint-100/images/on_the_beach/
11/30/2024 13:33:10 - INFO - __main__ - Running validation... 
 Generating 4 images with prompt:on a cobblestone street.
11/30/2024 13:33:23 - INFO - root - Image have been saved in /shenzihe/WD-Disk/output/exp5/colorful_sneaker/checkpoint-100/images/on_a_cobblestone_street/
11/30/2024 13:33:37 - INFO - root - Image have been saved in /shenzihe/WD-Disk/output/exp5/colorful_sneaker/checkpoint-100/images/on_a_cobblestone_street/
11/30/2024 13:33:51 - INFO - root - Image have been saved in /shenzihe/WD-Disk/output/exp5/colorful_sneaker/checkpoint-100/images/on_a_cobblestone_street/
11/30/2024 13:34:04 - INFO - root - Image have been saved in /shenzihe/WD-Disk/output/exp5/colorful_sneaker/checkpoint-100/images/on_a_cobblestone_street/
11/30/2024 13:34:04 - INFO - __main__ - Running validation... 
 Generating 4 images with prompt:on top of pink fabric.
11/30/2024 13:34:18 - INFO - root - Image have been saved in /shenzihe/WD-Disk/output/exp5/colorful_sneaker/checkpoint-100/images/on_top_of_pink_fabric/
11/30/2024 13:34:31 - INFO - root - Image have been saved in /shenzihe/WD-Disk/output/exp5/colorful_sneaker/checkpoint-100/images/on_top_of_pink_fabric/
11/30/2024 13:34:45 - INFO - root - Image have been saved in /shenzihe/WD-Disk/output/exp5/colorful_sneaker/checkpoint-100/images/on_top_of_pink_fabric/
11/30/2024 13:34:58 - INFO - root - Image have been saved in /shenzihe/WD-Disk/output/exp5/colorful_sneaker/checkpoint-100/images/on_top_of_pink_fabric/
11/30/2024 13:34:58 - INFO - __main__ - Running validation... 
 Generating 4 images with prompt:on top of a wooden floor.
11/30/2024 13:35:12 - INFO - root - Image have been saved in /shenzihe/WD-Disk/output/exp5/colorful_sneaker/checkpoint-100/images/on_top_of_a_wooden_floor/
11/30/2024 13:35:26 - INFO - root - Image have been saved in /shenzihe/WD-Disk/output/exp5/colorful_sneaker/checkpoint-100/images/on_top_of_a_wooden_floor/
11/30/2024 13:35:39 - INFO - root - Image have been saved in /shenzihe/WD-Disk/output/exp5/colorful_sneaker/checkpoint-100/images/on_top_of_a_wooden_floor/
11/30/2024 13:35:53 - INFO - root - Image have been saved in /shenzihe/WD-Disk/output/exp5/colorful_sneaker/checkpoint-100/images/on_top_of_a_wooden_floor/
11/30/2024 13:35:53 - INFO - __main__ - Running validation... 
 Generating 4 images with prompt:with a city in the background.
11/30/2024 13:36:06 - INFO - root - Image have been saved in /shenzihe/WD-Disk/output/exp5/colorful_sneaker/checkpoint-100/images/with_a_city_in_the_background/
11/30/2024 13:36:20 - INFO - root - Image have been saved in /shenzihe/WD-Disk/output/exp5/colorful_sneaker/checkpoint-100/images/with_a_city_in_the_background/
11/30/2024 13:36:33 - INFO - root - Image have been saved in /shenzihe/WD-Disk/output/exp5/colorful_sneaker/checkpoint-100/images/with_a_city_in_the_background/
11/30/2024 13:36:47 - INFO - root - Image have been saved in /shenzihe/WD-Disk/output/exp5/colorful_sneaker/checkpoint-100/images/with_a_city_in_the_background/
11/30/2024 13:36:47 - INFO - __main__ - Running validation... 
 Generating 4 images with prompt:with a mountain in the background.
11/30/2024 13:37:01 - INFO - root - Image have been saved in /shenzihe/WD-Disk/output/exp5/colorful_sneaker/checkpoint-100/images/with_a_mountain_in_the_background/
11/30/2024 13:37:14 - INFO - root - Image have been saved in /shenzihe/WD-Disk/output/exp5/colorful_sneaker/checkpoint-100/images/with_a_mountain_in_the_background/
11/30/2024 13:37:28 - INFO - root - Image have been saved in /shenzihe/WD-Disk/output/exp5/colorful_sneaker/checkpoint-100/images/with_a_mountain_in_the_background/
11/30/2024 13:37:41 - INFO - root - Image have been saved in /shenzihe/WD-Disk/output/exp5/colorful_sneaker/checkpoint-100/images/with_a_mountain_in_the_background/
11/30/2024 13:37:41 - INFO - __main__ - Running validation... 
 Generating 4 images with prompt:with a blue house in the background.
11/30/2024 13:37:55 - INFO - root - Image have been saved in /shenzihe/WD-Disk/output/exp5/colorful_sneaker/checkpoint-100/images/with_a_blue_house_in_the_background/
11/30/2024 13:38:09 - INFO - root - Image have been saved in /shenzihe/WD-Disk/output/exp5/colorful_sneaker/checkpoint-100/images/with_a_blue_house_in_the_background/
11/30/2024 13:38:22 - INFO - root - Image have been saved in /shenzihe/WD-Disk/output/exp5/colorful_sneaker/checkpoint-100/images/with_a_blue_house_in_the_background/
11/30/2024 13:38:36 - INFO - root - Image have been saved in /shenzihe/WD-Disk/output/exp5/colorful_sneaker/checkpoint-100/images/with_a_blue_house_in_the_background/
11/30/2024 13:38:36 - INFO - __main__ - Running validation... 
 Generating 4 images with prompt:on top of a purple rug in a forest.
11/30/2024 13:38:49 - INFO - root - Image have been saved in /shenzihe/WD-Disk/output/exp5/colorful_sneaker/checkpoint-100/images/on_top_of_a_purple_rug_in_a_forest/
11/30/2024 13:39:03 - INFO - root - Image have been saved in /shenzihe/WD-Disk/output/exp5/colorful_sneaker/checkpoint-100/images/on_top_of_a_purple_rug_in_a_forest/
11/30/2024 13:39:17 - INFO - root - Image have been saved in /shenzihe/WD-Disk/output/exp5/colorful_sneaker/checkpoint-100/images/on_top_of_a_purple_rug_in_a_forest/
11/30/2024 13:39:30 - INFO - root - Image have been saved in /shenzihe/WD-Disk/output/exp5/colorful_sneaker/checkpoint-100/images/on_top_of_a_purple_rug_in_a_forest/
11/30/2024 13:39:30 - INFO - __main__ - Running validation... 
 Generating 4 images with prompt:with a wheat field in the background.
11/30/2024 13:39:44 - INFO - root - Image have been saved in /shenzihe/WD-Disk/output/exp5/colorful_sneaker/checkpoint-100/images/with_a_wheat_field_in_the_background/
11/30/2024 13:39:57 - INFO - root - Image have been saved in /shenzihe/WD-Disk/output/exp5/colorful_sneaker/checkpoint-100/images/with_a_wheat_field_in_the_background/
11/30/2024 13:40:11 - INFO - root - Image have been saved in /shenzihe/WD-Disk/output/exp5/colorful_sneaker/checkpoint-100/images/with_a_wheat_field_in_the_background/
11/30/2024 13:40:25 - INFO - root - Image have been saved in /shenzihe/WD-Disk/output/exp5/colorful_sneaker/checkpoint-100/images/with_a_wheat_field_in_the_background/
11/30/2024 13:40:25 - INFO - __main__ - Running validation... 
 Generating 4 images with prompt:with a tree and autumn leaves in the background.
11/30/2024 13:40:38 - INFO - root - Image have been saved in /shenzihe/WD-Disk/output/exp5/colorful_sneaker/checkpoint-100/images/with_a_tree_and_autumn_leaves_in_the_background/
11/30/2024 13:40:52 - INFO - root - Image have been saved in /shenzihe/WD-Disk/output/exp5/colorful_sneaker/checkpoint-100/images/with_a_tree_and_autumn_leaves_in_the_background/
11/30/2024 13:41:05 - INFO - root - Image have been saved in /shenzihe/WD-Disk/output/exp5/colorful_sneaker/checkpoint-100/images/with_a_tree_and_autumn_leaves_in_the_background/
11/30/2024 13:41:19 - INFO - root - Image have been saved in /shenzihe/WD-Disk/output/exp5/colorful_sneaker/checkpoint-100/images/with_a_tree_and_autumn_leaves_in_the_background/
11/30/2024 13:41:19 - INFO - __main__ - Running validation... 
 Generating 4 images with prompt:with the Eiffel Tower in the background.
11/30/2024 13:41:33 - INFO - root - Image have been saved in /shenzihe/WD-Disk/output/exp5/colorful_sneaker/checkpoint-100/images/with_the_Eiffel_Tower_in_the_background/
11/30/2024 13:41:46 - INFO - root - Image have been saved in /shenzihe/WD-Disk/output/exp5/colorful_sneaker/checkpoint-100/images/with_the_Eiffel_Tower_in_the_background/
11/30/2024 13:42:00 - INFO - root - Image have been saved in /shenzihe/WD-Disk/output/exp5/colorful_sneaker/checkpoint-100/images/with_the_Eiffel_Tower_in_the_background/
11/30/2024 13:42:13 - INFO - root - Image have been saved in /shenzihe/WD-Disk/output/exp5/colorful_sneaker/checkpoint-100/images/with_the_Eiffel_Tower_in_the_background/
11/30/2024 13:42:13 - INFO - __main__ - Running validation... 
 Generating 4 images with prompt:floating on top of water.
11/30/2024 13:42:27 - INFO - root - Image have been saved in /shenzihe/WD-Disk/output/exp5/colorful_sneaker/checkpoint-100/images/floating_on_top_of_water/
11/30/2024 13:42:40 - INFO - root - Image have been saved in /shenzihe/WD-Disk/output/exp5/colorful_sneaker/checkpoint-100/images/floating_on_top_of_water/
11/30/2024 13:42:54 - INFO - root - Image have been saved in /shenzihe/WD-Disk/output/exp5/colorful_sneaker/checkpoint-100/images/floating_on_top_of_water/
11/30/2024 13:43:08 - INFO - root - Image have been saved in /shenzihe/WD-Disk/output/exp5/colorful_sneaker/checkpoint-100/images/floating_on_top_of_water/
11/30/2024 13:43:08 - INFO - __main__ - Running validation... 
 Generating 4 images with prompt:floating in an ocean of milk.
11/30/2024 13:43:21 - INFO - root - Image have been saved in /shenzihe/WD-Disk/output/exp5/colorful_sneaker/checkpoint-100/images/floating_in_an_ocean_of_milk/
11/30/2024 13:43:35 - INFO - root - Image have been saved in /shenzihe/WD-Disk/output/exp5/colorful_sneaker/checkpoint-100/images/floating_in_an_ocean_of_milk/
11/30/2024 13:43:48 - INFO - root - Image have been saved in /shenzihe/WD-Disk/output/exp5/colorful_sneaker/checkpoint-100/images/floating_in_an_ocean_of_milk/
11/30/2024 13:44:02 - INFO - root - Image have been saved in /shenzihe/WD-Disk/output/exp5/colorful_sneaker/checkpoint-100/images/floating_in_an_ocean_of_milk/
11/30/2024 13:44:02 - INFO - __main__ - Running validation... 
 Generating 4 images with prompt:on top of green grass with sunflowers around it.
11/30/2024 13:44:15 - INFO - root - Image have been saved in /shenzihe/WD-Disk/output/exp5/colorful_sneaker/checkpoint-100/images/on_top_of_green_grass_with_sunflowers_around_it/
11/30/2024 13:44:29 - INFO - root - Image have been saved in /shenzihe/WD-Disk/output/exp5/colorful_sneaker/checkpoint-100/images/on_top_of_green_grass_with_sunflowers_around_it/
11/30/2024 13:44:43 - INFO - root - Image have been saved in /shenzihe/WD-Disk/output/exp5/colorful_sneaker/checkpoint-100/images/on_top_of_green_grass_with_sunflowers_around_it/
11/30/2024 13:44:56 - INFO - root - Image have been saved in /shenzihe/WD-Disk/output/exp5/colorful_sneaker/checkpoint-100/images/on_top_of_green_grass_with_sunflowers_around_it/
11/30/2024 13:44:56 - INFO - __main__ - Running validation... 
 Generating 4 images with prompt:on top of a mirror.
11/30/2024 13:45:10 - INFO - root - Image have been saved in /shenzihe/WD-Disk/output/exp5/colorful_sneaker/checkpoint-100/images/on_top_of_a_mirror/
11/30/2024 13:45:23 - INFO - root - Image have been saved in /shenzihe/WD-Disk/output/exp5/colorful_sneaker/checkpoint-100/images/on_top_of_a_mirror/
11/30/2024 13:45:37 - INFO - root - Image have been saved in /shenzihe/WD-Disk/output/exp5/colorful_sneaker/checkpoint-100/images/on_top_of_a_mirror/
11/30/2024 13:45:50 - INFO - root - Image have been saved in /shenzihe/WD-Disk/output/exp5/colorful_sneaker/checkpoint-100/images/on_top_of_a_mirror/
11/30/2024 13:45:50 - INFO - __main__ - Running validation... 
 Generating 4 images with prompt:on top of the sidewalk in a crowded street.
11/30/2024 13:46:04 - INFO - root - Image have been saved in /shenzihe/WD-Disk/output/exp5/colorful_sneaker/checkpoint-100/images/on_top_of_the_sidewalk_in_a_crowded_street/
11/30/2024 13:46:18 - INFO - root - Image have been saved in /shenzihe/WD-Disk/output/exp5/colorful_sneaker/checkpoint-100/images/on_top_of_the_sidewalk_in_a_crowded_street/
11/30/2024 13:46:31 - INFO - root - Image have been saved in /shenzihe/WD-Disk/output/exp5/colorful_sneaker/checkpoint-100/images/on_top_of_the_sidewalk_in_a_crowded_street/
11/30/2024 13:46:45 - INFO - root - Image have been saved in /shenzihe/WD-Disk/output/exp5/colorful_sneaker/checkpoint-100/images/on_top_of_the_sidewalk_in_a_crowded_street/
11/30/2024 13:46:45 - INFO - __main__ - Running validation... 
 Generating 4 images with prompt:on top of a dirt road.
11/30/2024 13:46:58 - INFO - root - Image have been saved in /shenzihe/WD-Disk/output/exp5/colorful_sneaker/checkpoint-100/images/on_top_of_a_dirt_road/
11/30/2024 13:47:12 - INFO - root - Image have been saved in /shenzihe/WD-Disk/output/exp5/colorful_sneaker/checkpoint-100/images/on_top_of_a_dirt_road/
11/30/2024 13:47:25 - INFO - root - Image have been saved in /shenzihe/WD-Disk/output/exp5/colorful_sneaker/checkpoint-100/images/on_top_of_a_dirt_road/
11/30/2024 13:47:39 - INFO - root - Image have been saved in /shenzihe/WD-Disk/output/exp5/colorful_sneaker/checkpoint-100/images/on_top_of_a_dirt_road/
11/30/2024 13:47:39 - INFO - __main__ - Running validation... 
 Generating 4 images with prompt:on top of a white rug.
11/30/2024 13:47:53 - INFO - root - Image have been saved in /shenzihe/WD-Disk/output/exp5/colorful_sneaker/checkpoint-100/images/on_top_of_a_white_rug/
11/30/2024 13:48:06 - INFO - root - Image have been saved in /shenzihe/WD-Disk/output/exp5/colorful_sneaker/checkpoint-100/images/on_top_of_a_white_rug/
11/30/2024 13:48:20 - INFO - root - Image have been saved in /shenzihe/WD-Disk/output/exp5/colorful_sneaker/checkpoint-100/images/on_top_of_a_white_rug/
11/30/2024 13:48:33 - INFO - root - Image have been saved in /shenzihe/WD-Disk/output/exp5/colorful_sneaker/checkpoint-100/images/on_top_of_a_white_rug/
11/30/2024 13:48:33 - INFO - __main__ - Running validation... 
 Generating 4 images with prompt:red.
11/30/2024 13:48:47 - INFO - root - Image have been saved in /shenzihe/WD-Disk/output/exp5/colorful_sneaker/checkpoint-100/images/red/
11/30/2024 13:49:00 - INFO - root - Image have been saved in /shenzihe/WD-Disk/output/exp5/colorful_sneaker/checkpoint-100/images/red/
11/30/2024 13:49:14 - INFO - root - Image have been saved in /shenzihe/WD-Disk/output/exp5/colorful_sneaker/checkpoint-100/images/red/
11/30/2024 13:49:28 - INFO - root - Image have been saved in /shenzihe/WD-Disk/output/exp5/colorful_sneaker/checkpoint-100/images/red/
11/30/2024 13:49:28 - INFO - __main__ - Running validation... 
 Generating 4 images with prompt:purple.
11/30/2024 13:49:41 - INFO - root - Image have been saved in /shenzihe/WD-Disk/output/exp5/colorful_sneaker/checkpoint-100/images/purple/
11/30/2024 13:49:55 - INFO - root - Image have been saved in /shenzihe/WD-Disk/output/exp5/colorful_sneaker/checkpoint-100/images/purple/
11/30/2024 13:50:08 - INFO - root - Image have been saved in /shenzihe/WD-Disk/output/exp5/colorful_sneaker/checkpoint-100/images/purple/
11/30/2024 13:50:22 - INFO - root - Image have been saved in /shenzihe/WD-Disk/output/exp5/colorful_sneaker/checkpoint-100/images/purple/
11/30/2024 13:50:22 - INFO - __main__ - Running validation... 
 Generating 4 images with prompt:shiny.
11/30/2024 13:50:35 - INFO - root - Image have been saved in /shenzihe/WD-Disk/output/exp5/colorful_sneaker/checkpoint-100/images/shiny/
11/30/2024 13:50:49 - INFO - root - Image have been saved in /shenzihe/WD-Disk/output/exp5/colorful_sneaker/checkpoint-100/images/shiny/
11/30/2024 13:51:03 - INFO - root - Image have been saved in /shenzihe/WD-Disk/output/exp5/colorful_sneaker/checkpoint-100/images/shiny/
11/30/2024 13:51:16 - INFO - root - Image have been saved in /shenzihe/WD-Disk/output/exp5/colorful_sneaker/checkpoint-100/images/shiny/
11/30/2024 13:51:16 - INFO - __main__ - Running validation... 
 Generating 4 images with prompt:wet.
11/30/2024 13:51:30 - INFO - root - Image have been saved in /shenzihe/WD-Disk/output/exp5/colorful_sneaker/checkpoint-100/images/wet/
11/30/2024 13:51:43 - INFO - root - Image have been saved in /shenzihe/WD-Disk/output/exp5/colorful_sneaker/checkpoint-100/images/wet/
11/30/2024 13:51:57 - INFO - root - Image have been saved in /shenzihe/WD-Disk/output/exp5/colorful_sneaker/checkpoint-100/images/wet/
11/30/2024 13:52:10 - INFO - root - Image have been saved in /shenzihe/WD-Disk/output/exp5/colorful_sneaker/checkpoint-100/images/wet/
11/30/2024 13:52:10 - INFO - __main__ - Running validation... 
 Generating 4 images with prompt:cube shaped.
11/30/2024 13:52:24 - INFO - root - Image have been saved in /shenzihe/WD-Disk/output/exp5/colorful_sneaker/checkpoint-100/images/cube_shaped/
11/30/2024 13:52:37 - INFO - root - Image have been saved in /shenzihe/WD-Disk/output/exp5/colorful_sneaker/checkpoint-100/images/cube_shaped/
11/30/2024 13:52:51 - INFO - root - Image have been saved in /shenzihe/WD-Disk/output/exp5/colorful_sneaker/checkpoint-100/images/cube_shaped/
11/30/2024 13:53:04 - INFO - root - Image have been saved in /shenzihe/WD-Disk/output/exp5/colorful_sneaker/checkpoint-100/images/cube_shaped/
