11/30/2024 10:18:09 - INFO - __main__ - Distributed environment: NO
Num processes: 1
Process index: 0
Local process index: 0
Device: cuda

Mixed precision type: no

11/30/2024 10:18:14 - INFO - root - freeze vision encoder
11/30/2024 10:18:24 - INFO - root - Loading pretrained model from /root/.cache/torch/hub/checkpoints/blip-diffusion
11/30/2024 10:18:24 - INFO - root - Loading pretrained BLIP2 Qformer weights.
11/30/2024 10:18:25 - INFO - root - Loading pretrained projection lyer weights.
11/30/2024 10:18:25 - INFO - root - Loading pretrained text encoder weights.
11/30/2024 10:18:26 - INFO - root - Loading pretrained vae weights.
11/30/2024 10:18:26 - INFO - root - Loading pretrained unet weights.
11/30/2024 10:18:34 - INFO - root - Using xformers.
11/30/2024 10:18:34 - INFO - root - Building datasets...
11/30/2024 10:18:45 - INFO - root - freeze vision encoder
11/30/2024 10:19:14 - INFO - root - load checkpoint from https://storage.googleapis.com/sfr-vision-language-research/LAVIS/models/BLIP2/blip2_pretrained_flant5xl.pth
11/30/2024 10:19:23 - INFO - __main__ - 
***** Running training *****
11/30/2024 10:19:23 - INFO - __main__ -   Num examples = 5
11/30/2024 10:19:23 - INFO - __main__ -   Num batches each epoch = 1
11/30/2024 10:19:23 - INFO - __main__ -   Num Epochs = 100
11/30/2024 10:19:23 - INFO - __main__ -   Instantaneous batch size per device = 6
11/30/2024 10:19:23 - INFO - __main__ -   Total train batch size (w. parallel, distributed & accumulation) = 6
11/30/2024 10:19:23 - INFO - __main__ -   Gradient Accumulation steps = 1
11/30/2024 10:19:23 - INFO - __main__ -   Total optimization steps = 100
11/30/2024 10:19:23 - INFO - __main__ -   Total parameters number = 1995356906
11/30/2024 10:19:23 - INFO - __main__ -   Training parameters number = 576349697
11/30/2024 10:22:21 - INFO - __main__ - Running validation... 
 Generating 4 images with prompt:in the jungle.
11/30/2024 10:22:35 - INFO - root - Image have been saved in /shenzihe/WD-Disk/output/exp5/bear_plushie/checkpoint-100/images/in_the_jungle/
11/30/2024 10:22:49 - INFO - root - Image have been saved in /shenzihe/WD-Disk/output/exp5/bear_plushie/checkpoint-100/images/in_the_jungle/
11/30/2024 10:23:02 - INFO - root - Image have been saved in /shenzihe/WD-Disk/output/exp5/bear_plushie/checkpoint-100/images/in_the_jungle/
11/30/2024 10:23:16 - INFO - root - Image have been saved in /shenzihe/WD-Disk/output/exp5/bear_plushie/checkpoint-100/images/in_the_jungle/
11/30/2024 10:23:16 - INFO - __main__ - Running validation... 
 Generating 4 images with prompt:in the snow.
11/30/2024 10:23:30 - INFO - root - Image have been saved in /shenzihe/WD-Disk/output/exp5/bear_plushie/checkpoint-100/images/in_the_snow/
11/30/2024 10:23:44 - INFO - root - Image have been saved in /shenzihe/WD-Disk/output/exp5/bear_plushie/checkpoint-100/images/in_the_snow/
11/30/2024 10:23:58 - INFO - root - Image have been saved in /shenzihe/WD-Disk/output/exp5/bear_plushie/checkpoint-100/images/in_the_snow/
11/30/2024 10:24:12 - INFO - root - Image have been saved in /shenzihe/WD-Disk/output/exp5/bear_plushie/checkpoint-100/images/in_the_snow/
11/30/2024 10:24:12 - INFO - __main__ - Running validation... 
 Generating 4 images with prompt:on the beach.
11/30/2024 10:24:25 - INFO - root - Image have been saved in /shenzihe/WD-Disk/output/exp5/bear_plushie/checkpoint-100/images/on_the_beach/
11/30/2024 10:24:39 - INFO - root - Image have been saved in /shenzihe/WD-Disk/output/exp5/bear_plushie/checkpoint-100/images/on_the_beach/
11/30/2024 10:24:53 - INFO - root - Image have been saved in /shenzihe/WD-Disk/output/exp5/bear_plushie/checkpoint-100/images/on_the_beach/
11/30/2024 10:25:07 - INFO - root - Image have been saved in /shenzihe/WD-Disk/output/exp5/bear_plushie/checkpoint-100/images/on_the_beach/
11/30/2024 10:25:07 - INFO - __main__ - Running validation... 
 Generating 4 images with prompt:on a cobblestone street.
11/30/2024 10:25:21 - INFO - root - Image have been saved in /shenzihe/WD-Disk/output/exp5/bear_plushie/checkpoint-100/images/on_a_cobblestone_street/
11/30/2024 10:25:34 - INFO - root - Image have been saved in /shenzihe/WD-Disk/output/exp5/bear_plushie/checkpoint-100/images/on_a_cobblestone_street/
11/30/2024 10:25:48 - INFO - root - Image have been saved in /shenzihe/WD-Disk/output/exp5/bear_plushie/checkpoint-100/images/on_a_cobblestone_street/
11/30/2024 10:26:02 - INFO - root - Image have been saved in /shenzihe/WD-Disk/output/exp5/bear_plushie/checkpoint-100/images/on_a_cobblestone_street/
11/30/2024 10:26:02 - INFO - __main__ - Running validation... 
 Generating 4 images with prompt:on top of pink fabric.
11/30/2024 10:26:16 - INFO - root - Image have been saved in /shenzihe/WD-Disk/output/exp5/bear_plushie/checkpoint-100/images/on_top_of_pink_fabric/
11/30/2024 10:26:30 - INFO - root - Image have been saved in /shenzihe/WD-Disk/output/exp5/bear_plushie/checkpoint-100/images/on_top_of_pink_fabric/
11/30/2024 10:26:43 - INFO - root - Image have been saved in /shenzihe/WD-Disk/output/exp5/bear_plushie/checkpoint-100/images/on_top_of_pink_fabric/
11/30/2024 10:26:57 - INFO - root - Image have been saved in /shenzihe/WD-Disk/output/exp5/bear_plushie/checkpoint-100/images/on_top_of_pink_fabric/
11/30/2024 10:26:57 - INFO - __main__ - Running validation... 
 Generating 4 images with prompt:on top of a wooden floor.
11/30/2024 10:27:11 - INFO - root - Image have been saved in /shenzihe/WD-Disk/output/exp5/bear_plushie/checkpoint-100/images/on_top_of_a_wooden_floor/
11/30/2024 10:27:25 - INFO - root - Image have been saved in /shenzihe/WD-Disk/output/exp5/bear_plushie/checkpoint-100/images/on_top_of_a_wooden_floor/
11/30/2024 10:27:39 - INFO - root - Image have been saved in /shenzihe/WD-Disk/output/exp5/bear_plushie/checkpoint-100/images/on_top_of_a_wooden_floor/
11/30/2024 10:27:52 - INFO - root - Image have been saved in /shenzihe/WD-Disk/output/exp5/bear_plushie/checkpoint-100/images/on_top_of_a_wooden_floor/
11/30/2024 10:27:52 - INFO - __main__ - Running validation... 
 Generating 4 images with prompt:with a city in the background.
11/30/2024 10:28:06 - INFO - root - Image have been saved in /shenzihe/WD-Disk/output/exp5/bear_plushie/checkpoint-100/images/with_a_city_in_the_background/
11/30/2024 10:28:20 - INFO - root - Image have been saved in /shenzihe/WD-Disk/output/exp5/bear_plushie/checkpoint-100/images/with_a_city_in_the_background/
11/30/2024 10:28:34 - INFO - root - Image have been saved in /shenzihe/WD-Disk/output/exp5/bear_plushie/checkpoint-100/images/with_a_city_in_the_background/
11/30/2024 10:28:48 - INFO - root - Image have been saved in /shenzihe/WD-Disk/output/exp5/bear_plushie/checkpoint-100/images/with_a_city_in_the_background/
11/30/2024 10:28:48 - INFO - __main__ - Running validation... 
 Generating 4 images with prompt:with a mountain in the background.
11/30/2024 10:29:01 - INFO - root - Image have been saved in /shenzihe/WD-Disk/output/exp5/bear_plushie/checkpoint-100/images/with_a_mountain_in_the_background/
11/30/2024 10:29:15 - INFO - root - Image have been saved in /shenzihe/WD-Disk/output/exp5/bear_plushie/checkpoint-100/images/with_a_mountain_in_the_background/
11/30/2024 10:29:29 - INFO - root - Image have been saved in /shenzihe/WD-Disk/output/exp5/bear_plushie/checkpoint-100/images/with_a_mountain_in_the_background/
11/30/2024 10:29:43 - INFO - root - Image have been saved in /shenzihe/WD-Disk/output/exp5/bear_plushie/checkpoint-100/images/with_a_mountain_in_the_background/
11/30/2024 10:29:43 - INFO - __main__ - Running validation... 
 Generating 4 images with prompt:with a blue house in the background.
11/30/2024 10:29:57 - INFO - root - Image have been saved in /shenzihe/WD-Disk/output/exp5/bear_plushie/checkpoint-100/images/with_a_blue_house_in_the_background/
11/30/2024 10:30:10 - INFO - root - Image have been saved in /shenzihe/WD-Disk/output/exp5/bear_plushie/checkpoint-100/images/with_a_blue_house_in_the_background/
11/30/2024 10:30:24 - INFO - root - Image have been saved in /shenzihe/WD-Disk/output/exp5/bear_plushie/checkpoint-100/images/with_a_blue_house_in_the_background/
11/30/2024 10:30:38 - INFO - root - Image have been saved in /shenzihe/WD-Disk/output/exp5/bear_plushie/checkpoint-100/images/with_a_blue_house_in_the_background/
11/30/2024 10:30:38 - INFO - __main__ - Running validation... 
 Generating 4 images with prompt:on top of a purple rug in a forest.
11/30/2024 10:30:52 - INFO - root - Image have been saved in /shenzihe/WD-Disk/output/exp5/bear_plushie/checkpoint-100/images/on_top_of_a_purple_rug_in_a_forest/
11/30/2024 10:31:06 - INFO - root - Image have been saved in /shenzihe/WD-Disk/output/exp5/bear_plushie/checkpoint-100/images/on_top_of_a_purple_rug_in_a_forest/
11/30/2024 10:31:19 - INFO - root - Image have been saved in /shenzihe/WD-Disk/output/exp5/bear_plushie/checkpoint-100/images/on_top_of_a_purple_rug_in_a_forest/
11/30/2024 10:31:33 - INFO - root - Image have been saved in /shenzihe/WD-Disk/output/exp5/bear_plushie/checkpoint-100/images/on_top_of_a_purple_rug_in_a_forest/
11/30/2024 10:31:33 - INFO - __main__ - Running validation... 
 Generating 4 images with prompt:with a wheat field in the background.
11/30/2024 10:31:47 - INFO - root - Image have been saved in /shenzihe/WD-Disk/output/exp5/bear_plushie/checkpoint-100/images/with_a_wheat_field_in_the_background/
11/30/2024 10:32:01 - INFO - root - Image have been saved in /shenzihe/WD-Disk/output/exp5/bear_plushie/checkpoint-100/images/with_a_wheat_field_in_the_background/
11/30/2024 10:32:15 - INFO - root - Image have been saved in /shenzihe/WD-Disk/output/exp5/bear_plushie/checkpoint-100/images/with_a_wheat_field_in_the_background/
11/30/2024 10:32:28 - INFO - root - Image have been saved in /shenzihe/WD-Disk/output/exp5/bear_plushie/checkpoint-100/images/with_a_wheat_field_in_the_background/
11/30/2024 10:32:28 - INFO - __main__ - Running validation... 
 Generating 4 images with prompt:with a tree and autumn leaves in the background.
11/30/2024 10:32:42 - INFO - root - Image have been saved in /shenzihe/WD-Disk/output/exp5/bear_plushie/checkpoint-100/images/with_a_tree_and_autumn_leaves_in_the_background/
11/30/2024 10:32:56 - INFO - root - Image have been saved in /shenzihe/WD-Disk/output/exp5/bear_plushie/checkpoint-100/images/with_a_tree_and_autumn_leaves_in_the_background/
11/30/2024 10:33:10 - INFO - root - Image have been saved in /shenzihe/WD-Disk/output/exp5/bear_plushie/checkpoint-100/images/with_a_tree_and_autumn_leaves_in_the_background/
11/30/2024 10:33:23 - INFO - root - Image have been saved in /shenzihe/WD-Disk/output/exp5/bear_plushie/checkpoint-100/images/with_a_tree_and_autumn_leaves_in_the_background/
11/30/2024 10:33:23 - INFO - __main__ - Running validation... 
 Generating 4 images with prompt:with the Eiffel Tower in the background.
11/30/2024 10:33:37 - INFO - root - Image have been saved in /shenzihe/WD-Disk/output/exp5/bear_plushie/checkpoint-100/images/with_the_Eiffel_Tower_in_the_background/
11/30/2024 10:33:51 - INFO - root - Image have been saved in /shenzihe/WD-Disk/output/exp5/bear_plushie/checkpoint-100/images/with_the_Eiffel_Tower_in_the_background/
11/30/2024 10:34:05 - INFO - root - Image have been saved in /shenzihe/WD-Disk/output/exp5/bear_plushie/checkpoint-100/images/with_the_Eiffel_Tower_in_the_background/
11/30/2024 10:34:19 - INFO - root - Image have been saved in /shenzihe/WD-Disk/output/exp5/bear_plushie/checkpoint-100/images/with_the_Eiffel_Tower_in_the_background/
11/30/2024 10:34:19 - INFO - __main__ - Running validation... 
 Generating 4 images with prompt:floating on top of water.
11/30/2024 10:34:32 - INFO - root - Image have been saved in /shenzihe/WD-Disk/output/exp5/bear_plushie/checkpoint-100/images/floating_on_top_of_water/
11/30/2024 10:34:46 - INFO - root - Image have been saved in /shenzihe/WD-Disk/output/exp5/bear_plushie/checkpoint-100/images/floating_on_top_of_water/
11/30/2024 10:35:00 - INFO - root - Image have been saved in /shenzihe/WD-Disk/output/exp5/bear_plushie/checkpoint-100/images/floating_on_top_of_water/
11/30/2024 10:35:14 - INFO - root - Image have been saved in /shenzihe/WD-Disk/output/exp5/bear_plushie/checkpoint-100/images/floating_on_top_of_water/
11/30/2024 10:35:14 - INFO - __main__ - Running validation... 
 Generating 4 images with prompt:floating in an ocean of milk.
11/30/2024 10:35:28 - INFO - root - Image have been saved in /shenzihe/WD-Disk/output/exp5/bear_plushie/checkpoint-100/images/floating_in_an_ocean_of_milk/
11/30/2024 10:35:41 - INFO - root - Image have been saved in /shenzihe/WD-Disk/output/exp5/bear_plushie/checkpoint-100/images/floating_in_an_ocean_of_milk/
11/30/2024 10:35:55 - INFO - root - Image have been saved in /shenzihe/WD-Disk/output/exp5/bear_plushie/checkpoint-100/images/floating_in_an_ocean_of_milk/
11/30/2024 10:36:09 - INFO - root - Image have been saved in /shenzihe/WD-Disk/output/exp5/bear_plushie/checkpoint-100/images/floating_in_an_ocean_of_milk/
11/30/2024 10:36:09 - INFO - __main__ - Running validation... 
 Generating 4 images with prompt:on top of green grass with sunflowers around it.
11/30/2024 10:36:23 - INFO - root - Image have been saved in /shenzihe/WD-Disk/output/exp5/bear_plushie/checkpoint-100/images/on_top_of_green_grass_with_sunflowers_around_it/
11/30/2024 10:36:37 - INFO - root - Image have been saved in /shenzihe/WD-Disk/output/exp5/bear_plushie/checkpoint-100/images/on_top_of_green_grass_with_sunflowers_around_it/
11/30/2024 10:36:50 - INFO - root - Image have been saved in /shenzihe/WD-Disk/output/exp5/bear_plushie/checkpoint-100/images/on_top_of_green_grass_with_sunflowers_around_it/
11/30/2024 10:37:04 - INFO - root - Image have been saved in /shenzihe/WD-Disk/output/exp5/bear_plushie/checkpoint-100/images/on_top_of_green_grass_with_sunflowers_around_it/
11/30/2024 10:37:04 - INFO - __main__ - Running validation... 
 Generating 4 images with prompt:on top of a mirror.
11/30/2024 10:37:18 - INFO - root - Image have been saved in /shenzihe/WD-Disk/output/exp5/bear_plushie/checkpoint-100/images/on_top_of_a_mirror/
11/30/2024 10:37:32 - INFO - root - Image have been saved in /shenzihe/WD-Disk/output/exp5/bear_plushie/checkpoint-100/images/on_top_of_a_mirror/
11/30/2024 10:37:46 - INFO - root - Image have been saved in /shenzihe/WD-Disk/output/exp5/bear_plushie/checkpoint-100/images/on_top_of_a_mirror/
11/30/2024 10:37:59 - INFO - root - Image have been saved in /shenzihe/WD-Disk/output/exp5/bear_plushie/checkpoint-100/images/on_top_of_a_mirror/
11/30/2024 10:37:59 - INFO - __main__ - Running validation... 
 Generating 4 images with prompt:on top of the sidewalk in a crowded street.
11/30/2024 10:38:13 - INFO - root - Image have been saved in /shenzihe/WD-Disk/output/exp5/bear_plushie/checkpoint-100/images/on_top_of_the_sidewalk_in_a_crowded_street/
11/30/2024 10:38:27 - INFO - root - Image have been saved in /shenzihe/WD-Disk/output/exp5/bear_plushie/checkpoint-100/images/on_top_of_the_sidewalk_in_a_crowded_street/
11/30/2024 10:38:41 - INFO - root - Image have been saved in /shenzihe/WD-Disk/output/exp5/bear_plushie/checkpoint-100/images/on_top_of_the_sidewalk_in_a_crowded_street/
11/30/2024 10:38:54 - INFO - root - Image have been saved in /shenzihe/WD-Disk/output/exp5/bear_plushie/checkpoint-100/images/on_top_of_the_sidewalk_in_a_crowded_street/
11/30/2024 10:38:54 - INFO - __main__ - Running validation... 
 Generating 4 images with prompt:on top of a dirt road.
11/30/2024 10:39:08 - INFO - root - Image have been saved in /shenzihe/WD-Disk/output/exp5/bear_plushie/checkpoint-100/images/on_top_of_a_dirt_road/
11/30/2024 10:39:22 - INFO - root - Image have been saved in /shenzihe/WD-Disk/output/exp5/bear_plushie/checkpoint-100/images/on_top_of_a_dirt_road/
11/30/2024 10:39:36 - INFO - root - Image have been saved in /shenzihe/WD-Disk/output/exp5/bear_plushie/checkpoint-100/images/on_top_of_a_dirt_road/
11/30/2024 10:39:50 - INFO - root - Image have been saved in /shenzihe/WD-Disk/output/exp5/bear_plushie/checkpoint-100/images/on_top_of_a_dirt_road/
11/30/2024 10:39:50 - INFO - __main__ - Running validation... 
 Generating 4 images with prompt:on top of a white rug.
11/30/2024 10:40:03 - INFO - root - Image have been saved in /shenzihe/WD-Disk/output/exp5/bear_plushie/checkpoint-100/images/on_top_of_a_white_rug/
11/30/2024 10:40:17 - INFO - root - Image have been saved in /shenzihe/WD-Disk/output/exp5/bear_plushie/checkpoint-100/images/on_top_of_a_white_rug/
11/30/2024 10:40:31 - INFO - root - Image have been saved in /shenzihe/WD-Disk/output/exp5/bear_plushie/checkpoint-100/images/on_top_of_a_white_rug/
11/30/2024 10:40:45 - INFO - root - Image have been saved in /shenzihe/WD-Disk/output/exp5/bear_plushie/checkpoint-100/images/on_top_of_a_white_rug/
11/30/2024 10:40:45 - INFO - __main__ - Running validation... 
 Generating 4 images with prompt:red.
11/30/2024 10:40:58 - INFO - root - Image have been saved in /shenzihe/WD-Disk/output/exp5/bear_plushie/checkpoint-100/images/red/
11/30/2024 10:41:12 - INFO - root - Image have been saved in /shenzihe/WD-Disk/output/exp5/bear_plushie/checkpoint-100/images/red/
11/30/2024 10:41:25 - INFO - root - Image have been saved in /shenzihe/WD-Disk/output/exp5/bear_plushie/checkpoint-100/images/red/
11/30/2024 10:41:39 - INFO - root - Image have been saved in /shenzihe/WD-Disk/output/exp5/bear_plushie/checkpoint-100/images/red/
11/30/2024 10:41:39 - INFO - __main__ - Running validation... 
 Generating 4 images with prompt:purple.
11/30/2024 10:41:53 - INFO - root - Image have been saved in /shenzihe/WD-Disk/output/exp5/bear_plushie/checkpoint-100/images/purple/
11/30/2024 10:42:06 - INFO - root - Image have been saved in /shenzihe/WD-Disk/output/exp5/bear_plushie/checkpoint-100/images/purple/
11/30/2024 10:42:20 - INFO - root - Image have been saved in /shenzihe/WD-Disk/output/exp5/bear_plushie/checkpoint-100/images/purple/
11/30/2024 10:42:33 - INFO - root - Image have been saved in /shenzihe/WD-Disk/output/exp5/bear_plushie/checkpoint-100/images/purple/
11/30/2024 10:42:33 - INFO - __main__ - Running validation... 
 Generating 4 images with prompt:shiny.
11/30/2024 10:42:47 - INFO - root - Image have been saved in /shenzihe/WD-Disk/output/exp5/bear_plushie/checkpoint-100/images/shiny/
11/30/2024 10:43:00 - INFO - root - Image have been saved in /shenzihe/WD-Disk/output/exp5/bear_plushie/checkpoint-100/images/shiny/
11/30/2024 10:43:14 - INFO - root - Image have been saved in /shenzihe/WD-Disk/output/exp5/bear_plushie/checkpoint-100/images/shiny/
11/30/2024 10:43:27 - INFO - root - Image have been saved in /shenzihe/WD-Disk/output/exp5/bear_plushie/checkpoint-100/images/shiny/
11/30/2024 10:43:27 - INFO - __main__ - Running validation... 
 Generating 4 images with prompt:wet.
11/30/2024 10:43:41 - INFO - root - Image have been saved in /shenzihe/WD-Disk/output/exp5/bear_plushie/checkpoint-100/images/wet/
11/30/2024 10:43:55 - INFO - root - Image have been saved in /shenzihe/WD-Disk/output/exp5/bear_plushie/checkpoint-100/images/wet/
11/30/2024 10:44:08 - INFO - root - Image have been saved in /shenzihe/WD-Disk/output/exp5/bear_plushie/checkpoint-100/images/wet/
11/30/2024 10:44:22 - INFO - root - Image have been saved in /shenzihe/WD-Disk/output/exp5/bear_plushie/checkpoint-100/images/wet/
11/30/2024 10:44:22 - INFO - __main__ - Running validation... 
 Generating 4 images with prompt:cube shaped.
11/30/2024 10:44:35 - INFO - root - Image have been saved in /shenzihe/WD-Disk/output/exp5/bear_plushie/checkpoint-100/images/cube_shaped/
11/30/2024 10:44:49 - INFO - root - Image have been saved in /shenzihe/WD-Disk/output/exp5/bear_plushie/checkpoint-100/images/cube_shaped/
11/30/2024 10:45:02 - INFO - root - Image have been saved in /shenzihe/WD-Disk/output/exp5/bear_plushie/checkpoint-100/images/cube_shaped/
11/30/2024 10:45:16 - INFO - root - Image have been saved in /shenzihe/WD-Disk/output/exp5/bear_plushie/checkpoint-100/images/cube_shaped/
