11/30/2024 15:13:26 - INFO - __main__ - Distributed environment: NO
Num processes: 1
Process index: 0
Local process index: 0
Device: cuda

Mixed precision type: no

11/30/2024 15:13:28 - INFO - root - freeze vision encoder
11/30/2024 15:13:38 - INFO - root - Loading pretrained model from /root/.cache/torch/hub/checkpoints/blip-diffusion
11/30/2024 15:13:38 - INFO - root - Loading pretrained BLIP2 Qformer weights.
11/30/2024 15:13:40 - INFO - root - Loading pretrained projection lyer weights.
11/30/2024 15:13:40 - INFO - root - Loading pretrained text encoder weights.
11/30/2024 15:13:40 - INFO - root - Loading pretrained vae weights.
11/30/2024 15:13:41 - INFO - root - Loading pretrained unet weights.
11/30/2024 15:13:48 - INFO - root - Using xformers.
11/30/2024 15:13:48 - INFO - root - Building datasets...
11/30/2024 15:13:59 - INFO - root - freeze vision encoder
11/30/2024 15:14:23 - INFO - root - load checkpoint from https://storage.googleapis.com/sfr-vision-language-research/LAVIS/models/BLIP2/blip2_pretrained_flant5xl.pth
11/30/2024 15:14:29 - INFO - __main__ - 
***** Running training *****
11/30/2024 15:14:29 - INFO - __main__ -   Num examples = 5
11/30/2024 15:14:29 - INFO - __main__ -   Num batches each epoch = 1
11/30/2024 15:14:29 - INFO - __main__ -   Num Epochs = 100
11/30/2024 15:14:29 - INFO - __main__ -   Instantaneous batch size per device = 6
11/30/2024 15:14:29 - INFO - __main__ -   Total train batch size (w. parallel, distributed & accumulation) = 6
11/30/2024 15:14:29 - INFO - __main__ -   Gradient Accumulation steps = 1
11/30/2024 15:14:29 - INFO - __main__ -   Total optimization steps = 100
11/30/2024 15:14:29 - INFO - __main__ -   Total parameters number = 1995356906
11/30/2024 15:14:29 - INFO - __main__ -   Training parameters number = 576349697
11/30/2024 15:17:09 - INFO - __main__ - Running validation... 
 Generating 4 images with prompt:in the jungle.
11/30/2024 15:17:23 - INFO - root - Image have been saved in /shenzihe/WD-Disk/output/exp5/dog5/checkpoint-100/images/in_the_jungle/
11/30/2024 15:17:37 - INFO - root - Image have been saved in /shenzihe/WD-Disk/output/exp5/dog5/checkpoint-100/images/in_the_jungle/
11/30/2024 15:17:51 - INFO - root - Image have been saved in /shenzihe/WD-Disk/output/exp5/dog5/checkpoint-100/images/in_the_jungle/
11/30/2024 15:18:04 - INFO - root - Image have been saved in /shenzihe/WD-Disk/output/exp5/dog5/checkpoint-100/images/in_the_jungle/
11/30/2024 15:18:04 - INFO - __main__ - Running validation... 
 Generating 4 images with prompt:in the snow.
11/30/2024 15:18:18 - INFO - root - Image have been saved in /shenzihe/WD-Disk/output/exp5/dog5/checkpoint-100/images/in_the_snow/
11/30/2024 15:18:32 - INFO - root - Image have been saved in /shenzihe/WD-Disk/output/exp5/dog5/checkpoint-100/images/in_the_snow/
11/30/2024 15:18:45 - INFO - root - Image have been saved in /shenzihe/WD-Disk/output/exp5/dog5/checkpoint-100/images/in_the_snow/
11/30/2024 15:18:59 - INFO - root - Image have been saved in /shenzihe/WD-Disk/output/exp5/dog5/checkpoint-100/images/in_the_snow/
11/30/2024 15:18:59 - INFO - __main__ - Running validation... 
 Generating 4 images with prompt:on the beach.
11/30/2024 15:19:13 - INFO - root - Image have been saved in /shenzihe/WD-Disk/output/exp5/dog5/checkpoint-100/images/on_the_beach/
11/30/2024 15:19:27 - INFO - root - Image have been saved in /shenzihe/WD-Disk/output/exp5/dog5/checkpoint-100/images/on_the_beach/
11/30/2024 15:19:40 - INFO - root - Image have been saved in /shenzihe/WD-Disk/output/exp5/dog5/checkpoint-100/images/on_the_beach/
11/30/2024 15:19:54 - INFO - root - Image have been saved in /shenzihe/WD-Disk/output/exp5/dog5/checkpoint-100/images/on_the_beach/
11/30/2024 15:19:54 - INFO - __main__ - Running validation... 
 Generating 4 images with prompt:on a cobblestone street.
11/30/2024 15:20:08 - INFO - root - Image have been saved in /shenzihe/WD-Disk/output/exp5/dog5/checkpoint-100/images/on_a_cobblestone_street/
11/30/2024 15:20:21 - INFO - root - Image have been saved in /shenzihe/WD-Disk/output/exp5/dog5/checkpoint-100/images/on_a_cobblestone_street/
11/30/2024 15:20:35 - INFO - root - Image have been saved in /shenzihe/WD-Disk/output/exp5/dog5/checkpoint-100/images/on_a_cobblestone_street/
11/30/2024 15:20:48 - INFO - root - Image have been saved in /shenzihe/WD-Disk/output/exp5/dog5/checkpoint-100/images/on_a_cobblestone_street/
11/30/2024 15:20:48 - INFO - __main__ - Running validation... 
 Generating 4 images with prompt:on top of pink fabric.
11/30/2024 15:21:02 - INFO - root - Image have been saved in /shenzihe/WD-Disk/output/exp5/dog5/checkpoint-100/images/on_top_of_pink_fabric/
11/30/2024 15:21:16 - INFO - root - Image have been saved in /shenzihe/WD-Disk/output/exp5/dog5/checkpoint-100/images/on_top_of_pink_fabric/
11/30/2024 15:21:29 - INFO - root - Image have been saved in /shenzihe/WD-Disk/output/exp5/dog5/checkpoint-100/images/on_top_of_pink_fabric/
11/30/2024 15:21:43 - INFO - root - Image have been saved in /shenzihe/WD-Disk/output/exp5/dog5/checkpoint-100/images/on_top_of_pink_fabric/
11/30/2024 15:21:43 - INFO - __main__ - Running validation... 
 Generating 4 images with prompt:on top of a wooden floor.
11/30/2024 15:21:57 - INFO - root - Image have been saved in /shenzihe/WD-Disk/output/exp5/dog5/checkpoint-100/images/on_top_of_a_wooden_floor/
11/30/2024 15:22:10 - INFO - root - Image have been saved in /shenzihe/WD-Disk/output/exp5/dog5/checkpoint-100/images/on_top_of_a_wooden_floor/
11/30/2024 15:22:24 - INFO - root - Image have been saved in /shenzihe/WD-Disk/output/exp5/dog5/checkpoint-100/images/on_top_of_a_wooden_floor/
11/30/2024 15:22:38 - INFO - root - Image have been saved in /shenzihe/WD-Disk/output/exp5/dog5/checkpoint-100/images/on_top_of_a_wooden_floor/
11/30/2024 15:22:38 - INFO - __main__ - Running validation... 
 Generating 4 images with prompt:with a city in the background.
11/30/2024 15:22:52 - INFO - root - Image have been saved in /shenzihe/WD-Disk/output/exp5/dog5/checkpoint-100/images/with_a_city_in_the_background/
11/30/2024 15:23:05 - INFO - root - Image have been saved in /shenzihe/WD-Disk/output/exp5/dog5/checkpoint-100/images/with_a_city_in_the_background/
11/30/2024 15:23:19 - INFO - root - Image have been saved in /shenzihe/WD-Disk/output/exp5/dog5/checkpoint-100/images/with_a_city_in_the_background/
11/30/2024 15:23:32 - INFO - root - Image have been saved in /shenzihe/WD-Disk/output/exp5/dog5/checkpoint-100/images/with_a_city_in_the_background/
11/30/2024 15:23:32 - INFO - __main__ - Running validation... 
 Generating 4 images with prompt:with a mountain in the background.
11/30/2024 15:23:46 - INFO - root - Image have been saved in /shenzihe/WD-Disk/output/exp5/dog5/checkpoint-100/images/with_a_mountain_in_the_background/
11/30/2024 15:24:00 - INFO - root - Image have been saved in /shenzihe/WD-Disk/output/exp5/dog5/checkpoint-100/images/with_a_mountain_in_the_background/
11/30/2024 15:24:13 - INFO - root - Image have been saved in /shenzihe/WD-Disk/output/exp5/dog5/checkpoint-100/images/with_a_mountain_in_the_background/
11/30/2024 15:24:27 - INFO - root - Image have been saved in /shenzihe/WD-Disk/output/exp5/dog5/checkpoint-100/images/with_a_mountain_in_the_background/
11/30/2024 15:24:27 - INFO - __main__ - Running validation... 
 Generating 4 images with prompt:with a blue house in the background.
11/30/2024 15:24:40 - INFO - root - Image have been saved in /shenzihe/WD-Disk/output/exp5/dog5/checkpoint-100/images/with_a_blue_house_in_the_background/
11/30/2024 15:24:54 - INFO - root - Image have been saved in /shenzihe/WD-Disk/output/exp5/dog5/checkpoint-100/images/with_a_blue_house_in_the_background/
11/30/2024 15:25:08 - INFO - root - Image have been saved in /shenzihe/WD-Disk/output/exp5/dog5/checkpoint-100/images/with_a_blue_house_in_the_background/
11/30/2024 15:25:21 - INFO - root - Image have been saved in /shenzihe/WD-Disk/output/exp5/dog5/checkpoint-100/images/with_a_blue_house_in_the_background/
11/30/2024 15:25:21 - INFO - __main__ - Running validation... 
 Generating 4 images with prompt:on top of a purple rug in a forest.
11/30/2024 15:25:35 - INFO - root - Image have been saved in /shenzihe/WD-Disk/output/exp5/dog5/checkpoint-100/images/on_top_of_a_purple_rug_in_a_forest/
11/30/2024 15:25:49 - INFO - root - Image have been saved in /shenzihe/WD-Disk/output/exp5/dog5/checkpoint-100/images/on_top_of_a_purple_rug_in_a_forest/
11/30/2024 15:26:02 - INFO - root - Image have been saved in /shenzihe/WD-Disk/output/exp5/dog5/checkpoint-100/images/on_top_of_a_purple_rug_in_a_forest/
11/30/2024 15:26:16 - INFO - root - Image have been saved in /shenzihe/WD-Disk/output/exp5/dog5/checkpoint-100/images/on_top_of_a_purple_rug_in_a_forest/
11/30/2024 15:26:16 - INFO - __main__ - Running validation... 
 Generating 4 images with prompt:with a wheat field in the background.
11/30/2024 15:26:30 - INFO - root - Image have been saved in /shenzihe/WD-Disk/output/exp5/dog5/checkpoint-100/images/with_a_wheat_field_in_the_background/
11/30/2024 15:26:43 - INFO - root - Image have been saved in /shenzihe/WD-Disk/output/exp5/dog5/checkpoint-100/images/with_a_wheat_field_in_the_background/
11/30/2024 15:26:57 - INFO - root - Image have been saved in /shenzihe/WD-Disk/output/exp5/dog5/checkpoint-100/images/with_a_wheat_field_in_the_background/
11/30/2024 15:27:11 - INFO - root - Image have been saved in /shenzihe/WD-Disk/output/exp5/dog5/checkpoint-100/images/with_a_wheat_field_in_the_background/
11/30/2024 15:27:11 - INFO - __main__ - Running validation... 
 Generating 4 images with prompt:with a tree and autumn leaves in the background.
11/30/2024 15:27:24 - INFO - root - Image have been saved in /shenzihe/WD-Disk/output/exp5/dog5/checkpoint-100/images/with_a_tree_and_autumn_leaves_in_the_background/
11/30/2024 15:27:38 - INFO - root - Image have been saved in /shenzihe/WD-Disk/output/exp5/dog5/checkpoint-100/images/with_a_tree_and_autumn_leaves_in_the_background/
11/30/2024 15:27:52 - INFO - root - Image have been saved in /shenzihe/WD-Disk/output/exp5/dog5/checkpoint-100/images/with_a_tree_and_autumn_leaves_in_the_background/
11/30/2024 15:28:05 - INFO - root - Image have been saved in /shenzihe/WD-Disk/output/exp5/dog5/checkpoint-100/images/with_a_tree_and_autumn_leaves_in_the_background/
11/30/2024 15:28:05 - INFO - __main__ - Running validation... 
 Generating 4 images with prompt:with the Eiffel Tower in the background.
11/30/2024 15:28:19 - INFO - root - Image have been saved in /shenzihe/WD-Disk/output/exp5/dog5/checkpoint-100/images/with_the_Eiffel_Tower_in_the_background/
11/30/2024 15:28:32 - INFO - root - Image have been saved in /shenzihe/WD-Disk/output/exp5/dog5/checkpoint-100/images/with_the_Eiffel_Tower_in_the_background/
11/30/2024 15:28:46 - INFO - root - Image have been saved in /shenzihe/WD-Disk/output/exp5/dog5/checkpoint-100/images/with_the_Eiffel_Tower_in_the_background/
11/30/2024 15:29:00 - INFO - root - Image have been saved in /shenzihe/WD-Disk/output/exp5/dog5/checkpoint-100/images/with_the_Eiffel_Tower_in_the_background/
11/30/2024 15:29:00 - INFO - __main__ - Running validation... 
 Generating 4 images with prompt:floating on top of water.
11/30/2024 15:29:13 - INFO - root - Image have been saved in /shenzihe/WD-Disk/output/exp5/dog5/checkpoint-100/images/floating_on_top_of_water/
11/30/2024 15:29:27 - INFO - root - Image have been saved in /shenzihe/WD-Disk/output/exp5/dog5/checkpoint-100/images/floating_on_top_of_water/
11/30/2024 15:29:41 - INFO - root - Image have been saved in /shenzihe/WD-Disk/output/exp5/dog5/checkpoint-100/images/floating_on_top_of_water/
11/30/2024 15:29:54 - INFO - root - Image have been saved in /shenzihe/WD-Disk/output/exp5/dog5/checkpoint-100/images/floating_on_top_of_water/
11/30/2024 15:29:54 - INFO - __main__ - Running validation... 
 Generating 4 images with prompt:floating in an ocean of milk.
11/30/2024 15:30:08 - INFO - root - Image have been saved in /shenzihe/WD-Disk/output/exp5/dog5/checkpoint-100/images/floating_in_an_ocean_of_milk/
11/30/2024 15:30:22 - INFO - root - Image have been saved in /shenzihe/WD-Disk/output/exp5/dog5/checkpoint-100/images/floating_in_an_ocean_of_milk/
11/30/2024 15:30:35 - INFO - root - Image have been saved in /shenzihe/WD-Disk/output/exp5/dog5/checkpoint-100/images/floating_in_an_ocean_of_milk/
11/30/2024 15:30:49 - INFO - root - Image have been saved in /shenzihe/WD-Disk/output/exp5/dog5/checkpoint-100/images/floating_in_an_ocean_of_milk/
11/30/2024 15:30:49 - INFO - __main__ - Running validation... 
 Generating 4 images with prompt:on top of green grass with sunflowers around it.
11/30/2024 15:31:03 - INFO - root - Image have been saved in /shenzihe/WD-Disk/output/exp5/dog5/checkpoint-100/images/on_top_of_green_grass_with_sunflowers_around_it/
11/30/2024 15:31:17 - INFO - root - Image have been saved in /shenzihe/WD-Disk/output/exp5/dog5/checkpoint-100/images/on_top_of_green_grass_with_sunflowers_around_it/
11/30/2024 15:31:31 - INFO - root - Image have been saved in /shenzihe/WD-Disk/output/exp5/dog5/checkpoint-100/images/on_top_of_green_grass_with_sunflowers_around_it/
11/30/2024 15:31:45 - INFO - root - Image have been saved in /shenzihe/WD-Disk/output/exp5/dog5/checkpoint-100/images/on_top_of_green_grass_with_sunflowers_around_it/
11/30/2024 15:31:45 - INFO - __main__ - Running validation... 
 Generating 4 images with prompt:on top of a mirror.
11/30/2024 15:31:58 - INFO - root - Image have been saved in /shenzihe/WD-Disk/output/exp5/dog5/checkpoint-100/images/on_top_of_a_mirror/
11/30/2024 15:32:12 - INFO - root - Image have been saved in /shenzihe/WD-Disk/output/exp5/dog5/checkpoint-100/images/on_top_of_a_mirror/
11/30/2024 15:32:26 - INFO - root - Image have been saved in /shenzihe/WD-Disk/output/exp5/dog5/checkpoint-100/images/on_top_of_a_mirror/
11/30/2024 15:32:39 - INFO - root - Image have been saved in /shenzihe/WD-Disk/output/exp5/dog5/checkpoint-100/images/on_top_of_a_mirror/
11/30/2024 15:32:39 - INFO - __main__ - Running validation... 
 Generating 4 images with prompt:on top of the sidewalk in a crowded street.
11/30/2024 15:32:53 - INFO - root - Image have been saved in /shenzihe/WD-Disk/output/exp5/dog5/checkpoint-100/images/on_top_of_the_sidewalk_in_a_crowded_street/
11/30/2024 15:33:07 - INFO - root - Image have been saved in /shenzihe/WD-Disk/output/exp5/dog5/checkpoint-100/images/on_top_of_the_sidewalk_in_a_crowded_street/
11/30/2024 15:33:21 - INFO - root - Image have been saved in /shenzihe/WD-Disk/output/exp5/dog5/checkpoint-100/images/on_top_of_the_sidewalk_in_a_crowded_street/
11/30/2024 15:33:35 - INFO - root - Image have been saved in /shenzihe/WD-Disk/output/exp5/dog5/checkpoint-100/images/on_top_of_the_sidewalk_in_a_crowded_street/
11/30/2024 15:33:35 - INFO - __main__ - Running validation... 
 Generating 4 images with prompt:on top of a dirt road.
11/30/2024 15:33:48 - INFO - root - Image have been saved in /shenzihe/WD-Disk/output/exp5/dog5/checkpoint-100/images/on_top_of_a_dirt_road/
11/30/2024 15:34:02 - INFO - root - Image have been saved in /shenzihe/WD-Disk/output/exp5/dog5/checkpoint-100/images/on_top_of_a_dirt_road/
11/30/2024 15:34:16 - INFO - root - Image have been saved in /shenzihe/WD-Disk/output/exp5/dog5/checkpoint-100/images/on_top_of_a_dirt_road/
11/30/2024 15:34:29 - INFO - root - Image have been saved in /shenzihe/WD-Disk/output/exp5/dog5/checkpoint-100/images/on_top_of_a_dirt_road/
11/30/2024 15:34:29 - INFO - __main__ - Running validation... 
 Generating 4 images with prompt:on top of a white rug.
11/30/2024 15:34:43 - INFO - root - Image have been saved in /shenzihe/WD-Disk/output/exp5/dog5/checkpoint-100/images/on_top_of_a_white_rug/
11/30/2024 15:34:57 - INFO - root - Image have been saved in /shenzihe/WD-Disk/output/exp5/dog5/checkpoint-100/images/on_top_of_a_white_rug/
11/30/2024 15:35:10 - INFO - root - Image have been saved in /shenzihe/WD-Disk/output/exp5/dog5/checkpoint-100/images/on_top_of_a_white_rug/
11/30/2024 15:35:24 - INFO - root - Image have been saved in /shenzihe/WD-Disk/output/exp5/dog5/checkpoint-100/images/on_top_of_a_white_rug/
11/30/2024 15:35:24 - INFO - __main__ - Running validation... 
 Generating 4 images with prompt:red.
11/30/2024 15:35:38 - INFO - root - Image have been saved in /shenzihe/WD-Disk/output/exp5/dog5/checkpoint-100/images/red/
11/30/2024 15:35:52 - INFO - root - Image have been saved in /shenzihe/WD-Disk/output/exp5/dog5/checkpoint-100/images/red/
11/30/2024 15:36:05 - INFO - root - Image have been saved in /shenzihe/WD-Disk/output/exp5/dog5/checkpoint-100/images/red/
11/30/2024 15:36:19 - INFO - root - Image have been saved in /shenzihe/WD-Disk/output/exp5/dog5/checkpoint-100/images/red/
11/30/2024 15:36:19 - INFO - __main__ - Running validation... 
 Generating 4 images with prompt:purple.
11/30/2024 15:36:33 - INFO - root - Image have been saved in /shenzihe/WD-Disk/output/exp5/dog5/checkpoint-100/images/purple/
11/30/2024 15:36:46 - INFO - root - Image have been saved in /shenzihe/WD-Disk/output/exp5/dog5/checkpoint-100/images/purple/
11/30/2024 15:37:00 - INFO - root - Image have been saved in /shenzihe/WD-Disk/output/exp5/dog5/checkpoint-100/images/purple/
11/30/2024 15:37:14 - INFO - root - Image have been saved in /shenzihe/WD-Disk/output/exp5/dog5/checkpoint-100/images/purple/
11/30/2024 15:37:14 - INFO - __main__ - Running validation... 
 Generating 4 images with prompt:shiny.
11/30/2024 15:37:28 - INFO - root - Image have been saved in /shenzihe/WD-Disk/output/exp5/dog5/checkpoint-100/images/shiny/
11/30/2024 15:37:41 - INFO - root - Image have been saved in /shenzihe/WD-Disk/output/exp5/dog5/checkpoint-100/images/shiny/
11/30/2024 15:37:55 - INFO - root - Image have been saved in /shenzihe/WD-Disk/output/exp5/dog5/checkpoint-100/images/shiny/
11/30/2024 15:38:09 - INFO - root - Image have been saved in /shenzihe/WD-Disk/output/exp5/dog5/checkpoint-100/images/shiny/
11/30/2024 15:38:09 - INFO - __main__ - Running validation... 
 Generating 4 images with prompt:wet.
11/30/2024 15:38:22 - INFO - root - Image have been saved in /shenzihe/WD-Disk/output/exp5/dog5/checkpoint-100/images/wet/
11/30/2024 15:38:36 - INFO - root - Image have been saved in /shenzihe/WD-Disk/output/exp5/dog5/checkpoint-100/images/wet/
11/30/2024 15:38:50 - INFO - root - Image have been saved in /shenzihe/WD-Disk/output/exp5/dog5/checkpoint-100/images/wet/
11/30/2024 15:39:03 - INFO - root - Image have been saved in /shenzihe/WD-Disk/output/exp5/dog5/checkpoint-100/images/wet/
11/30/2024 15:39:03 - INFO - __main__ - Running validation... 
 Generating 4 images with prompt:cube shaped.
11/30/2024 15:39:17 - INFO - root - Image have been saved in /shenzihe/WD-Disk/output/exp5/dog5/checkpoint-100/images/cube_shaped/
11/30/2024 15:39:31 - INFO - root - Image have been saved in /shenzihe/WD-Disk/output/exp5/dog5/checkpoint-100/images/cube_shaped/
11/30/2024 15:39:44 - INFO - root - Image have been saved in /shenzihe/WD-Disk/output/exp5/dog5/checkpoint-100/images/cube_shaped/
11/30/2024 15:39:58 - INFO - root - Image have been saved in /shenzihe/WD-Disk/output/exp5/dog5/checkpoint-100/images/cube_shaped/
