11/30/2024 13:53:16 - INFO - __main__ - Distributed environment: NO
Num processes: 1
Process index: 0
Local process index: 0
Device: cuda

Mixed precision type: no

11/30/2024 13:53:18 - INFO - root - freeze vision encoder
11/30/2024 13:53:27 - INFO - root - Loading pretrained model from /root/.cache/torch/hub/checkpoints/blip-diffusion
11/30/2024 13:53:27 - INFO - root - Loading pretrained BLIP2 Qformer weights.
11/30/2024 13:53:29 - INFO - root - Loading pretrained projection lyer weights.
11/30/2024 13:53:29 - INFO - root - Loading pretrained text encoder weights.
11/30/2024 13:53:30 - INFO - root - Loading pretrained vae weights.
11/30/2024 13:53:30 - INFO - root - Loading pretrained unet weights.
11/30/2024 13:53:38 - INFO - root - Using xformers.
11/30/2024 13:53:38 - INFO - root - Building datasets...
11/30/2024 13:53:48 - INFO - root - freeze vision encoder
11/30/2024 13:54:13 - INFO - root - load checkpoint from https://storage.googleapis.com/sfr-vision-language-research/LAVIS/models/BLIP2/blip2_pretrained_flant5xl.pth
11/30/2024 13:54:18 - INFO - __main__ - 
***** Running training *****
11/30/2024 13:54:18 - INFO - __main__ -   Num examples = 5
11/30/2024 13:54:18 - INFO - __main__ -   Num batches each epoch = 1
11/30/2024 13:54:18 - INFO - __main__ -   Num Epochs = 100
11/30/2024 13:54:18 - INFO - __main__ -   Instantaneous batch size per device = 6
11/30/2024 13:54:18 - INFO - __main__ -   Total train batch size (w. parallel, distributed & accumulation) = 6
11/30/2024 13:54:18 - INFO - __main__ -   Gradient Accumulation steps = 1
11/30/2024 13:54:18 - INFO - __main__ -   Total optimization steps = 100
11/30/2024 13:54:18 - INFO - __main__ -   Total parameters number = 1995356906
11/30/2024 13:54:18 - INFO - __main__ -   Training parameters number = 576349697
11/30/2024 13:56:48 - INFO - __main__ - Running validation... 
 Generating 4 images with prompt:in the jungle.
11/30/2024 13:57:02 - INFO - root - Image have been saved in /shenzihe/WD-Disk/output/exp5/dog/checkpoint-100/images/in_the_jungle/
11/30/2024 13:57:16 - INFO - root - Image have been saved in /shenzihe/WD-Disk/output/exp5/dog/checkpoint-100/images/in_the_jungle/
11/30/2024 13:57:29 - INFO - root - Image have been saved in /shenzihe/WD-Disk/output/exp5/dog/checkpoint-100/images/in_the_jungle/
11/30/2024 13:57:43 - INFO - root - Image have been saved in /shenzihe/WD-Disk/output/exp5/dog/checkpoint-100/images/in_the_jungle/
11/30/2024 13:57:43 - INFO - __main__ - Running validation... 
 Generating 4 images with prompt:in the snow.
11/30/2024 13:57:56 - INFO - root - Image have been saved in /shenzihe/WD-Disk/output/exp5/dog/checkpoint-100/images/in_the_snow/
11/30/2024 13:58:10 - INFO - root - Image have been saved in /shenzihe/WD-Disk/output/exp5/dog/checkpoint-100/images/in_the_snow/
11/30/2024 13:58:24 - INFO - root - Image have been saved in /shenzihe/WD-Disk/output/exp5/dog/checkpoint-100/images/in_the_snow/
11/30/2024 13:58:37 - INFO - root - Image have been saved in /shenzihe/WD-Disk/output/exp5/dog/checkpoint-100/images/in_the_snow/
11/30/2024 13:58:37 - INFO - __main__ - Running validation... 
 Generating 4 images with prompt:on the beach.
11/30/2024 13:58:51 - INFO - root - Image have been saved in /shenzihe/WD-Disk/output/exp5/dog/checkpoint-100/images/on_the_beach/
11/30/2024 13:59:04 - INFO - root - Image have been saved in /shenzihe/WD-Disk/output/exp5/dog/checkpoint-100/images/on_the_beach/
11/30/2024 13:59:18 - INFO - root - Image have been saved in /shenzihe/WD-Disk/output/exp5/dog/checkpoint-100/images/on_the_beach/
11/30/2024 13:59:31 - INFO - root - Image have been saved in /shenzihe/WD-Disk/output/exp5/dog/checkpoint-100/images/on_the_beach/
11/30/2024 13:59:31 - INFO - __main__ - Running validation... 
 Generating 4 images with prompt:on a cobblestone street.
11/30/2024 13:59:45 - INFO - root - Image have been saved in /shenzihe/WD-Disk/output/exp5/dog/checkpoint-100/images/on_a_cobblestone_street/
11/30/2024 13:59:59 - INFO - root - Image have been saved in /shenzihe/WD-Disk/output/exp5/dog/checkpoint-100/images/on_a_cobblestone_street/
11/30/2024 14:00:12 - INFO - root - Image have been saved in /shenzihe/WD-Disk/output/exp5/dog/checkpoint-100/images/on_a_cobblestone_street/
11/30/2024 14:00:26 - INFO - root - Image have been saved in /shenzihe/WD-Disk/output/exp5/dog/checkpoint-100/images/on_a_cobblestone_street/
11/30/2024 14:00:26 - INFO - __main__ - Running validation... 
 Generating 4 images with prompt:on top of pink fabric.
11/30/2024 14:00:39 - INFO - root - Image have been saved in /shenzihe/WD-Disk/output/exp5/dog/checkpoint-100/images/on_top_of_pink_fabric/
11/30/2024 14:00:53 - INFO - root - Image have been saved in /shenzihe/WD-Disk/output/exp5/dog/checkpoint-100/images/on_top_of_pink_fabric/
11/30/2024 14:01:07 - INFO - root - Image have been saved in /shenzihe/WD-Disk/output/exp5/dog/checkpoint-100/images/on_top_of_pink_fabric/
11/30/2024 14:01:20 - INFO - root - Image have been saved in /shenzihe/WD-Disk/output/exp5/dog/checkpoint-100/images/on_top_of_pink_fabric/
11/30/2024 14:01:20 - INFO - __main__ - Running validation... 
 Generating 4 images with prompt:on top of a wooden floor.
11/30/2024 14:01:34 - INFO - root - Image have been saved in /shenzihe/WD-Disk/output/exp5/dog/checkpoint-100/images/on_top_of_a_wooden_floor/
11/30/2024 14:01:47 - INFO - root - Image have been saved in /shenzihe/WD-Disk/output/exp5/dog/checkpoint-100/images/on_top_of_a_wooden_floor/
11/30/2024 14:02:01 - INFO - root - Image have been saved in /shenzihe/WD-Disk/output/exp5/dog/checkpoint-100/images/on_top_of_a_wooden_floor/
11/30/2024 14:02:14 - INFO - root - Image have been saved in /shenzihe/WD-Disk/output/exp5/dog/checkpoint-100/images/on_top_of_a_wooden_floor/
11/30/2024 14:02:14 - INFO - __main__ - Running validation... 
 Generating 4 images with prompt:with a city in the background.
11/30/2024 14:02:28 - INFO - root - Image have been saved in /shenzihe/WD-Disk/output/exp5/dog/checkpoint-100/images/with_a_city_in_the_background/
11/30/2024 14:02:42 - INFO - root - Image have been saved in /shenzihe/WD-Disk/output/exp5/dog/checkpoint-100/images/with_a_city_in_the_background/
11/30/2024 14:02:55 - INFO - root - Image have been saved in /shenzihe/WD-Disk/output/exp5/dog/checkpoint-100/images/with_a_city_in_the_background/
11/30/2024 14:03:09 - INFO - root - Image have been saved in /shenzihe/WD-Disk/output/exp5/dog/checkpoint-100/images/with_a_city_in_the_background/
11/30/2024 14:03:09 - INFO - __main__ - Running validation... 
 Generating 4 images with prompt:with a mountain in the background.
11/30/2024 14:03:22 - INFO - root - Image have been saved in /shenzihe/WD-Disk/output/exp5/dog/checkpoint-100/images/with_a_mountain_in_the_background/
11/30/2024 14:03:36 - INFO - root - Image have been saved in /shenzihe/WD-Disk/output/exp5/dog/checkpoint-100/images/with_a_mountain_in_the_background/
11/30/2024 14:03:49 - INFO - root - Image have been saved in /shenzihe/WD-Disk/output/exp5/dog/checkpoint-100/images/with_a_mountain_in_the_background/
11/30/2024 14:04:03 - INFO - root - Image have been saved in /shenzihe/WD-Disk/output/exp5/dog/checkpoint-100/images/with_a_mountain_in_the_background/
11/30/2024 14:04:03 - INFO - __main__ - Running validation... 
 Generating 4 images with prompt:with a blue house in the background.
11/30/2024 14:04:17 - INFO - root - Image have been saved in /shenzihe/WD-Disk/output/exp5/dog/checkpoint-100/images/with_a_blue_house_in_the_background/
11/30/2024 14:04:30 - INFO - root - Image have been saved in /shenzihe/WD-Disk/output/exp5/dog/checkpoint-100/images/with_a_blue_house_in_the_background/
11/30/2024 14:04:44 - INFO - root - Image have been saved in /shenzihe/WD-Disk/output/exp5/dog/checkpoint-100/images/with_a_blue_house_in_the_background/
11/30/2024 14:04:58 - INFO - root - Image have been saved in /shenzihe/WD-Disk/output/exp5/dog/checkpoint-100/images/with_a_blue_house_in_the_background/
11/30/2024 14:04:58 - INFO - __main__ - Running validation... 
 Generating 4 images with prompt:on top of a purple rug in a forest.
11/30/2024 14:05:11 - INFO - root - Image have been saved in /shenzihe/WD-Disk/output/exp5/dog/checkpoint-100/images/on_top_of_a_purple_rug_in_a_forest/
11/30/2024 14:05:25 - INFO - root - Image have been saved in /shenzihe/WD-Disk/output/exp5/dog/checkpoint-100/images/on_top_of_a_purple_rug_in_a_forest/
11/30/2024 14:05:38 - INFO - root - Image have been saved in /shenzihe/WD-Disk/output/exp5/dog/checkpoint-100/images/on_top_of_a_purple_rug_in_a_forest/
11/30/2024 14:05:52 - INFO - root - Image have been saved in /shenzihe/WD-Disk/output/exp5/dog/checkpoint-100/images/on_top_of_a_purple_rug_in_a_forest/
11/30/2024 14:05:52 - INFO - __main__ - Running validation... 
 Generating 4 images with prompt:with a wheat field in the background.
11/30/2024 14:06:06 - INFO - root - Image have been saved in /shenzihe/WD-Disk/output/exp5/dog/checkpoint-100/images/with_a_wheat_field_in_the_background/
11/30/2024 14:06:19 - INFO - root - Image have been saved in /shenzihe/WD-Disk/output/exp5/dog/checkpoint-100/images/with_a_wheat_field_in_the_background/
11/30/2024 14:06:33 - INFO - root - Image have been saved in /shenzihe/WD-Disk/output/exp5/dog/checkpoint-100/images/with_a_wheat_field_in_the_background/
11/30/2024 14:06:47 - INFO - root - Image have been saved in /shenzihe/WD-Disk/output/exp5/dog/checkpoint-100/images/with_a_wheat_field_in_the_background/
11/30/2024 14:06:47 - INFO - __main__ - Running validation... 
 Generating 4 images with prompt:with a tree and autumn leaves in the background.
11/30/2024 14:07:00 - INFO - root - Image have been saved in /shenzihe/WD-Disk/output/exp5/dog/checkpoint-100/images/with_a_tree_and_autumn_leaves_in_the_background/
11/30/2024 14:07:14 - INFO - root - Image have been saved in /shenzihe/WD-Disk/output/exp5/dog/checkpoint-100/images/with_a_tree_and_autumn_leaves_in_the_background/
11/30/2024 14:07:27 - INFO - root - Image have been saved in /shenzihe/WD-Disk/output/exp5/dog/checkpoint-100/images/with_a_tree_and_autumn_leaves_in_the_background/
11/30/2024 14:07:41 - INFO - root - Image have been saved in /shenzihe/WD-Disk/output/exp5/dog/checkpoint-100/images/with_a_tree_and_autumn_leaves_in_the_background/
11/30/2024 14:07:41 - INFO - __main__ - Running validation... 
 Generating 4 images with prompt:with the Eiffel Tower in the background.
11/30/2024 14:07:55 - INFO - root - Image have been saved in /shenzihe/WD-Disk/output/exp5/dog/checkpoint-100/images/with_the_Eiffel_Tower_in_the_background/
11/30/2024 14:08:08 - INFO - root - Image have been saved in /shenzihe/WD-Disk/output/exp5/dog/checkpoint-100/images/with_the_Eiffel_Tower_in_the_background/
11/30/2024 14:08:22 - INFO - root - Image have been saved in /shenzihe/WD-Disk/output/exp5/dog/checkpoint-100/images/with_the_Eiffel_Tower_in_the_background/
11/30/2024 14:08:35 - INFO - root - Image have been saved in /shenzihe/WD-Disk/output/exp5/dog/checkpoint-100/images/with_the_Eiffel_Tower_in_the_background/
11/30/2024 14:08:35 - INFO - __main__ - Running validation... 
 Generating 4 images with prompt:floating on top of water.
11/30/2024 14:08:49 - INFO - root - Image have been saved in /shenzihe/WD-Disk/output/exp5/dog/checkpoint-100/images/floating_on_top_of_water/
11/30/2024 14:09:03 - INFO - root - Image have been saved in /shenzihe/WD-Disk/output/exp5/dog/checkpoint-100/images/floating_on_top_of_water/
11/30/2024 14:09:16 - INFO - root - Image have been saved in /shenzihe/WD-Disk/output/exp5/dog/checkpoint-100/images/floating_on_top_of_water/
11/30/2024 14:09:30 - INFO - root - Image have been saved in /shenzihe/WD-Disk/output/exp5/dog/checkpoint-100/images/floating_on_top_of_water/
11/30/2024 14:09:30 - INFO - __main__ - Running validation... 
 Generating 4 images with prompt:floating in an ocean of milk.
11/30/2024 14:09:43 - INFO - root - Image have been saved in /shenzihe/WD-Disk/output/exp5/dog/checkpoint-100/images/floating_in_an_ocean_of_milk/
11/30/2024 14:09:57 - INFO - root - Image have been saved in /shenzihe/WD-Disk/output/exp5/dog/checkpoint-100/images/floating_in_an_ocean_of_milk/
11/30/2024 14:10:11 - INFO - root - Image have been saved in /shenzihe/WD-Disk/output/exp5/dog/checkpoint-100/images/floating_in_an_ocean_of_milk/
11/30/2024 14:10:24 - INFO - root - Image have been saved in /shenzihe/WD-Disk/output/exp5/dog/checkpoint-100/images/floating_in_an_ocean_of_milk/
11/30/2024 14:10:24 - INFO - __main__ - Running validation... 
 Generating 4 images with prompt:on top of green grass with sunflowers around it.
11/30/2024 14:10:38 - INFO - root - Image have been saved in /shenzihe/WD-Disk/output/exp5/dog/checkpoint-100/images/on_top_of_green_grass_with_sunflowers_around_it/
11/30/2024 14:10:51 - INFO - root - Image have been saved in /shenzihe/WD-Disk/output/exp5/dog/checkpoint-100/images/on_top_of_green_grass_with_sunflowers_around_it/
11/30/2024 14:11:05 - INFO - root - Image have been saved in /shenzihe/WD-Disk/output/exp5/dog/checkpoint-100/images/on_top_of_green_grass_with_sunflowers_around_it/
11/30/2024 14:11:18 - INFO - root - Image have been saved in /shenzihe/WD-Disk/output/exp5/dog/checkpoint-100/images/on_top_of_green_grass_with_sunflowers_around_it/
11/30/2024 14:11:18 - INFO - __main__ - Running validation... 
 Generating 4 images with prompt:on top of a mirror.
11/30/2024 14:11:32 - INFO - root - Image have been saved in /shenzihe/WD-Disk/output/exp5/dog/checkpoint-100/images/on_top_of_a_mirror/
11/30/2024 14:11:45 - INFO - root - Image have been saved in /shenzihe/WD-Disk/output/exp5/dog/checkpoint-100/images/on_top_of_a_mirror/
11/30/2024 14:11:59 - INFO - root - Image have been saved in /shenzihe/WD-Disk/output/exp5/dog/checkpoint-100/images/on_top_of_a_mirror/
11/30/2024 14:12:12 - INFO - root - Image have been saved in /shenzihe/WD-Disk/output/exp5/dog/checkpoint-100/images/on_top_of_a_mirror/
11/30/2024 14:12:12 - INFO - __main__ - Running validation... 
 Generating 4 images with prompt:on top of the sidewalk in a crowded street.
11/30/2024 14:12:26 - INFO - root - Image have been saved in /shenzihe/WD-Disk/output/exp5/dog/checkpoint-100/images/on_top_of_the_sidewalk_in_a_crowded_street/
11/30/2024 14:12:40 - INFO - root - Image have been saved in /shenzihe/WD-Disk/output/exp5/dog/checkpoint-100/images/on_top_of_the_sidewalk_in_a_crowded_street/
11/30/2024 14:12:53 - INFO - root - Image have been saved in /shenzihe/WD-Disk/output/exp5/dog/checkpoint-100/images/on_top_of_the_sidewalk_in_a_crowded_street/
11/30/2024 14:13:07 - INFO - root - Image have been saved in /shenzihe/WD-Disk/output/exp5/dog/checkpoint-100/images/on_top_of_the_sidewalk_in_a_crowded_street/
11/30/2024 14:13:07 - INFO - __main__ - Running validation... 
 Generating 4 images with prompt:on top of a dirt road.
11/30/2024 14:13:20 - INFO - root - Image have been saved in /shenzihe/WD-Disk/output/exp5/dog/checkpoint-100/images/on_top_of_a_dirt_road/
11/30/2024 14:13:34 - INFO - root - Image have been saved in /shenzihe/WD-Disk/output/exp5/dog/checkpoint-100/images/on_top_of_a_dirt_road/
11/30/2024 14:13:47 - INFO - root - Image have been saved in /shenzihe/WD-Disk/output/exp5/dog/checkpoint-100/images/on_top_of_a_dirt_road/
11/30/2024 14:14:01 - INFO - root - Image have been saved in /shenzihe/WD-Disk/output/exp5/dog/checkpoint-100/images/on_top_of_a_dirt_road/
11/30/2024 14:14:01 - INFO - __main__ - Running validation... 
 Generating 4 images with prompt:on top of a white rug.
11/30/2024 14:14:14 - INFO - root - Image have been saved in /shenzihe/WD-Disk/output/exp5/dog/checkpoint-100/images/on_top_of_a_white_rug/
11/30/2024 14:14:28 - INFO - root - Image have been saved in /shenzihe/WD-Disk/output/exp5/dog/checkpoint-100/images/on_top_of_a_white_rug/
11/30/2024 14:14:41 - INFO - root - Image have been saved in /shenzihe/WD-Disk/output/exp5/dog/checkpoint-100/images/on_top_of_a_white_rug/
11/30/2024 14:14:55 - INFO - root - Image have been saved in /shenzihe/WD-Disk/output/exp5/dog/checkpoint-100/images/on_top_of_a_white_rug/
11/30/2024 14:14:55 - INFO - __main__ - Running validation... 
 Generating 4 images with prompt:red.
11/30/2024 14:15:08 - INFO - root - Image have been saved in /shenzihe/WD-Disk/output/exp5/dog/checkpoint-100/images/red/
11/30/2024 14:15:22 - INFO - root - Image have been saved in /shenzihe/WD-Disk/output/exp5/dog/checkpoint-100/images/red/
11/30/2024 14:15:35 - INFO - root - Image have been saved in /shenzihe/WD-Disk/output/exp5/dog/checkpoint-100/images/red/
11/30/2024 14:15:49 - INFO - root - Image have been saved in /shenzihe/WD-Disk/output/exp5/dog/checkpoint-100/images/red/
11/30/2024 14:15:49 - INFO - __main__ - Running validation... 
 Generating 4 images with prompt:purple.
11/30/2024 14:16:03 - INFO - root - Image have been saved in /shenzihe/WD-Disk/output/exp5/dog/checkpoint-100/images/purple/
11/30/2024 14:16:16 - INFO - root - Image have been saved in /shenzihe/WD-Disk/output/exp5/dog/checkpoint-100/images/purple/
11/30/2024 14:16:30 - INFO - root - Image have been saved in /shenzihe/WD-Disk/output/exp5/dog/checkpoint-100/images/purple/
11/30/2024 14:16:43 - INFO - root - Image have been saved in /shenzihe/WD-Disk/output/exp5/dog/checkpoint-100/images/purple/
11/30/2024 14:16:43 - INFO - __main__ - Running validation... 
 Generating 4 images with prompt:shiny.
11/30/2024 14:16:57 - INFO - root - Image have been saved in /shenzihe/WD-Disk/output/exp5/dog/checkpoint-100/images/shiny/
11/30/2024 14:17:11 - INFO - root - Image have been saved in /shenzihe/WD-Disk/output/exp5/dog/checkpoint-100/images/shiny/
11/30/2024 14:17:24 - INFO - root - Image have been saved in /shenzihe/WD-Disk/output/exp5/dog/checkpoint-100/images/shiny/
11/30/2024 14:17:38 - INFO - root - Image have been saved in /shenzihe/WD-Disk/output/exp5/dog/checkpoint-100/images/shiny/
11/30/2024 14:17:38 - INFO - __main__ - Running validation... 
 Generating 4 images with prompt:wet.
11/30/2024 14:17:51 - INFO - root - Image have been saved in /shenzihe/WD-Disk/output/exp5/dog/checkpoint-100/images/wet/
11/30/2024 14:18:05 - INFO - root - Image have been saved in /shenzihe/WD-Disk/output/exp5/dog/checkpoint-100/images/wet/
11/30/2024 14:18:19 - INFO - root - Image have been saved in /shenzihe/WD-Disk/output/exp5/dog/checkpoint-100/images/wet/
11/30/2024 14:18:32 - INFO - root - Image have been saved in /shenzihe/WD-Disk/output/exp5/dog/checkpoint-100/images/wet/
11/30/2024 14:18:32 - INFO - __main__ - Running validation... 
 Generating 4 images with prompt:cube shaped.
11/30/2024 14:18:48 - INFO - root - Image have been saved in /shenzihe/WD-Disk/output/exp5/dog/checkpoint-100/images/cube_shaped/
11/30/2024 14:19:01 - INFO - root - Image have been saved in /shenzihe/WD-Disk/output/exp5/dog/checkpoint-100/images/cube_shaped/
11/30/2024 14:19:15 - INFO - root - Image have been saved in /shenzihe/WD-Disk/output/exp5/dog/checkpoint-100/images/cube_shaped/
11/30/2024 14:19:29 - INFO - root - Image have been saved in /shenzihe/WD-Disk/output/exp5/dog/checkpoint-100/images/cube_shaped/
