11/30/2024 16:33:38 - INFO - __main__ - Distributed environment: NO
Num processes: 1
Process index: 0
Local process index: 0
Device: cuda

Mixed precision type: no

11/30/2024 16:33:41 - INFO - root - freeze vision encoder
11/30/2024 16:33:51 - INFO - root - Loading pretrained model from /root/.cache/torch/hub/checkpoints/blip-diffusion
11/30/2024 16:33:51 - INFO - root - Loading pretrained BLIP2 Qformer weights.
11/30/2024 16:33:53 - INFO - root - Loading pretrained projection lyer weights.
11/30/2024 16:33:53 - INFO - root - Loading pretrained text encoder weights.
11/30/2024 16:33:53 - INFO - root - Loading pretrained vae weights.
11/30/2024 16:33:54 - INFO - root - Loading pretrained unet weights.
11/30/2024 16:34:01 - INFO - root - Using xformers.
11/30/2024 16:34:01 - INFO - root - Building datasets...
11/30/2024 16:34:12 - INFO - root - freeze vision encoder
11/30/2024 16:34:38 - INFO - root - load checkpoint from https://storage.googleapis.com/sfr-vision-language-research/LAVIS/models/BLIP2/blip2_pretrained_flant5xl.pth
11/30/2024 16:34:45 - INFO - __main__ - 
***** Running training *****
11/30/2024 16:34:45 - INFO - __main__ -   Num examples = 5
11/30/2024 16:34:45 - INFO - __main__ -   Num batches each epoch = 1
11/30/2024 16:34:45 - INFO - __main__ -   Num Epochs = 100
11/30/2024 16:34:45 - INFO - __main__ -   Instantaneous batch size per device = 6
11/30/2024 16:34:45 - INFO - __main__ -   Total train batch size (w. parallel, distributed & accumulation) = 6
11/30/2024 16:34:45 - INFO - __main__ -   Gradient Accumulation steps = 1
11/30/2024 16:34:45 - INFO - __main__ -   Total optimization steps = 100
11/30/2024 16:34:45 - INFO - __main__ -   Total parameters number = 1995356906
11/30/2024 16:34:45 - INFO - __main__ -   Training parameters number = 576349697
11/30/2024 16:37:25 - INFO - __main__ - Running validation... 
 Generating 4 images with prompt:in the jungle.
11/30/2024 16:37:38 - INFO - root - Image have been saved in /shenzihe/WD-Disk/output/exp5/dog8/checkpoint-100/images/in_the_jungle/
11/30/2024 16:37:52 - INFO - root - Image have been saved in /shenzihe/WD-Disk/output/exp5/dog8/checkpoint-100/images/in_the_jungle/
11/30/2024 16:38:05 - INFO - root - Image have been saved in /shenzihe/WD-Disk/output/exp5/dog8/checkpoint-100/images/in_the_jungle/
11/30/2024 16:38:19 - INFO - root - Image have been saved in /shenzihe/WD-Disk/output/exp5/dog8/checkpoint-100/images/in_the_jungle/
11/30/2024 16:38:19 - INFO - __main__ - Running validation... 
 Generating 4 images with prompt:in the snow.
11/30/2024 16:38:33 - INFO - root - Image have been saved in /shenzihe/WD-Disk/output/exp5/dog8/checkpoint-100/images/in_the_snow/
11/30/2024 16:38:47 - INFO - root - Image have been saved in /shenzihe/WD-Disk/output/exp5/dog8/checkpoint-100/images/in_the_snow/
11/30/2024 16:39:00 - INFO - root - Image have been saved in /shenzihe/WD-Disk/output/exp5/dog8/checkpoint-100/images/in_the_snow/
11/30/2024 16:39:14 - INFO - root - Image have been saved in /shenzihe/WD-Disk/output/exp5/dog8/checkpoint-100/images/in_the_snow/
11/30/2024 16:39:14 - INFO - __main__ - Running validation... 
 Generating 4 images with prompt:on the beach.
11/30/2024 16:39:28 - INFO - root - Image have been saved in /shenzihe/WD-Disk/output/exp5/dog8/checkpoint-100/images/on_the_beach/
11/30/2024 16:39:41 - INFO - root - Image have been saved in /shenzihe/WD-Disk/output/exp5/dog8/checkpoint-100/images/on_the_beach/
11/30/2024 16:39:55 - INFO - root - Image have been saved in /shenzihe/WD-Disk/output/exp5/dog8/checkpoint-100/images/on_the_beach/
11/30/2024 16:40:09 - INFO - root - Image have been saved in /shenzihe/WD-Disk/output/exp5/dog8/checkpoint-100/images/on_the_beach/
11/30/2024 16:40:09 - INFO - __main__ - Running validation... 
 Generating 4 images with prompt:on a cobblestone street.
11/30/2024 16:40:22 - INFO - root - Image have been saved in /shenzihe/WD-Disk/output/exp5/dog8/checkpoint-100/images/on_a_cobblestone_street/
11/30/2024 16:40:36 - INFO - root - Image have been saved in /shenzihe/WD-Disk/output/exp5/dog8/checkpoint-100/images/on_a_cobblestone_street/
11/30/2024 16:40:50 - INFO - root - Image have been saved in /shenzihe/WD-Disk/output/exp5/dog8/checkpoint-100/images/on_a_cobblestone_street/
11/30/2024 16:41:04 - INFO - root - Image have been saved in /shenzihe/WD-Disk/output/exp5/dog8/checkpoint-100/images/on_a_cobblestone_street/
11/30/2024 16:41:04 - INFO - __main__ - Running validation... 
 Generating 4 images with prompt:on top of pink fabric.
11/30/2024 16:41:17 - INFO - root - Image have been saved in /shenzihe/WD-Disk/output/exp5/dog8/checkpoint-100/images/on_top_of_pink_fabric/
11/30/2024 16:41:31 - INFO - root - Image have been saved in /shenzihe/WD-Disk/output/exp5/dog8/checkpoint-100/images/on_top_of_pink_fabric/
11/30/2024 16:41:45 - INFO - root - Image have been saved in /shenzihe/WD-Disk/output/exp5/dog8/checkpoint-100/images/on_top_of_pink_fabric/
11/30/2024 16:41:58 - INFO - root - Image have been saved in /shenzihe/WD-Disk/output/exp5/dog8/checkpoint-100/images/on_top_of_pink_fabric/
11/30/2024 16:41:58 - INFO - __main__ - Running validation... 
 Generating 4 images with prompt:on top of a wooden floor.
11/30/2024 16:42:12 - INFO - root - Image have been saved in /shenzihe/WD-Disk/output/exp5/dog8/checkpoint-100/images/on_top_of_a_wooden_floor/
11/30/2024 16:42:26 - INFO - root - Image have been saved in /shenzihe/WD-Disk/output/exp5/dog8/checkpoint-100/images/on_top_of_a_wooden_floor/
11/30/2024 16:42:39 - INFO - root - Image have been saved in /shenzihe/WD-Disk/output/exp5/dog8/checkpoint-100/images/on_top_of_a_wooden_floor/
11/30/2024 16:42:53 - INFO - root - Image have been saved in /shenzihe/WD-Disk/output/exp5/dog8/checkpoint-100/images/on_top_of_a_wooden_floor/
11/30/2024 16:42:53 - INFO - __main__ - Running validation... 
 Generating 4 images with prompt:with a city in the background.
11/30/2024 16:43:07 - INFO - root - Image have been saved in /shenzihe/WD-Disk/output/exp5/dog8/checkpoint-100/images/with_a_city_in_the_background/
11/30/2024 16:43:20 - INFO - root - Image have been saved in /shenzihe/WD-Disk/output/exp5/dog8/checkpoint-100/images/with_a_city_in_the_background/
11/30/2024 16:43:34 - INFO - root - Image have been saved in /shenzihe/WD-Disk/output/exp5/dog8/checkpoint-100/images/with_a_city_in_the_background/
11/30/2024 16:43:48 - INFO - root - Image have been saved in /shenzihe/WD-Disk/output/exp5/dog8/checkpoint-100/images/with_a_city_in_the_background/
11/30/2024 16:43:48 - INFO - __main__ - Running validation... 
 Generating 4 images with prompt:with a mountain in the background.
11/30/2024 16:44:01 - INFO - root - Image have been saved in /shenzihe/WD-Disk/output/exp5/dog8/checkpoint-100/images/with_a_mountain_in_the_background/
11/30/2024 16:44:15 - INFO - root - Image have been saved in /shenzihe/WD-Disk/output/exp5/dog8/checkpoint-100/images/with_a_mountain_in_the_background/
11/30/2024 16:44:29 - INFO - root - Image have been saved in /shenzihe/WD-Disk/output/exp5/dog8/checkpoint-100/images/with_a_mountain_in_the_background/
11/30/2024 16:44:42 - INFO - root - Image have been saved in /shenzihe/WD-Disk/output/exp5/dog8/checkpoint-100/images/with_a_mountain_in_the_background/
11/30/2024 16:44:42 - INFO - __main__ - Running validation... 
 Generating 4 images with prompt:with a blue house in the background.
11/30/2024 16:44:56 - INFO - root - Image have been saved in /shenzihe/WD-Disk/output/exp5/dog8/checkpoint-100/images/with_a_blue_house_in_the_background/
11/30/2024 16:45:10 - INFO - root - Image have been saved in /shenzihe/WD-Disk/output/exp5/dog8/checkpoint-100/images/with_a_blue_house_in_the_background/
11/30/2024 16:45:24 - INFO - root - Image have been saved in /shenzihe/WD-Disk/output/exp5/dog8/checkpoint-100/images/with_a_blue_house_in_the_background/
11/30/2024 16:45:37 - INFO - root - Image have been saved in /shenzihe/WD-Disk/output/exp5/dog8/checkpoint-100/images/with_a_blue_house_in_the_background/
11/30/2024 16:45:37 - INFO - __main__ - Running validation... 
 Generating 4 images with prompt:on top of a purple rug in a forest.
11/30/2024 16:45:51 - INFO - root - Image have been saved in /shenzihe/WD-Disk/output/exp5/dog8/checkpoint-100/images/on_top_of_a_purple_rug_in_a_forest/
11/30/2024 16:46:05 - INFO - root - Image have been saved in /shenzihe/WD-Disk/output/exp5/dog8/checkpoint-100/images/on_top_of_a_purple_rug_in_a_forest/
11/30/2024 16:46:18 - INFO - root - Image have been saved in /shenzihe/WD-Disk/output/exp5/dog8/checkpoint-100/images/on_top_of_a_purple_rug_in_a_forest/
11/30/2024 16:46:32 - INFO - root - Image have been saved in /shenzihe/WD-Disk/output/exp5/dog8/checkpoint-100/images/on_top_of_a_purple_rug_in_a_forest/
11/30/2024 16:46:32 - INFO - __main__ - Running validation... 
 Generating 4 images with prompt:with a wheat field in the background.
11/30/2024 16:46:46 - INFO - root - Image have been saved in /shenzihe/WD-Disk/output/exp5/dog8/checkpoint-100/images/with_a_wheat_field_in_the_background/
11/30/2024 16:46:59 - INFO - root - Image have been saved in /shenzihe/WD-Disk/output/exp5/dog8/checkpoint-100/images/with_a_wheat_field_in_the_background/
11/30/2024 16:47:13 - INFO - root - Image have been saved in /shenzihe/WD-Disk/output/exp5/dog8/checkpoint-100/images/with_a_wheat_field_in_the_background/
11/30/2024 16:47:27 - INFO - root - Image have been saved in /shenzihe/WD-Disk/output/exp5/dog8/checkpoint-100/images/with_a_wheat_field_in_the_background/
11/30/2024 16:47:27 - INFO - __main__ - Running validation... 
 Generating 4 images with prompt:with a tree and autumn leaves in the background.
11/30/2024 16:47:40 - INFO - root - Image have been saved in /shenzihe/WD-Disk/output/exp5/dog8/checkpoint-100/images/with_a_tree_and_autumn_leaves_in_the_background/
11/30/2024 16:47:54 - INFO - root - Image have been saved in /shenzihe/WD-Disk/output/exp5/dog8/checkpoint-100/images/with_a_tree_and_autumn_leaves_in_the_background/
11/30/2024 16:48:08 - INFO - root - Image have been saved in /shenzihe/WD-Disk/output/exp5/dog8/checkpoint-100/images/with_a_tree_and_autumn_leaves_in_the_background/
11/30/2024 16:48:21 - INFO - root - Image have been saved in /shenzihe/WD-Disk/output/exp5/dog8/checkpoint-100/images/with_a_tree_and_autumn_leaves_in_the_background/
11/30/2024 16:48:21 - INFO - __main__ - Running validation... 
 Generating 4 images with prompt:with the Eiffel Tower in the background.
11/30/2024 16:48:35 - INFO - root - Image have been saved in /shenzihe/WD-Disk/output/exp5/dog8/checkpoint-100/images/with_the_Eiffel_Tower_in_the_background/
11/30/2024 16:48:49 - INFO - root - Image have been saved in /shenzihe/WD-Disk/output/exp5/dog8/checkpoint-100/images/with_the_Eiffel_Tower_in_the_background/
11/30/2024 16:49:02 - INFO - root - Image have been saved in /shenzihe/WD-Disk/output/exp5/dog8/checkpoint-100/images/with_the_Eiffel_Tower_in_the_background/
11/30/2024 16:49:16 - INFO - root - Image have been saved in /shenzihe/WD-Disk/output/exp5/dog8/checkpoint-100/images/with_the_Eiffel_Tower_in_the_background/
11/30/2024 16:49:16 - INFO - __main__ - Running validation... 
 Generating 4 images with prompt:floating on top of water.
11/30/2024 16:49:30 - INFO - root - Image have been saved in /shenzihe/WD-Disk/output/exp5/dog8/checkpoint-100/images/floating_on_top_of_water/
11/30/2024 16:49:43 - INFO - root - Image have been saved in /shenzihe/WD-Disk/output/exp5/dog8/checkpoint-100/images/floating_on_top_of_water/
11/30/2024 16:49:57 - INFO - root - Image have been saved in /shenzihe/WD-Disk/output/exp5/dog8/checkpoint-100/images/floating_on_top_of_water/
11/30/2024 16:50:11 - INFO - root - Image have been saved in /shenzihe/WD-Disk/output/exp5/dog8/checkpoint-100/images/floating_on_top_of_water/
11/30/2024 16:50:11 - INFO - __main__ - Running validation... 
 Generating 4 images with prompt:floating in an ocean of milk.
11/30/2024 16:50:24 - INFO - root - Image have been saved in /shenzihe/WD-Disk/output/exp5/dog8/checkpoint-100/images/floating_in_an_ocean_of_milk/
11/30/2024 16:50:38 - INFO - root - Image have been saved in /shenzihe/WD-Disk/output/exp5/dog8/checkpoint-100/images/floating_in_an_ocean_of_milk/
11/30/2024 16:50:52 - INFO - root - Image have been saved in /shenzihe/WD-Disk/output/exp5/dog8/checkpoint-100/images/floating_in_an_ocean_of_milk/
11/30/2024 16:51:05 - INFO - root - Image have been saved in /shenzihe/WD-Disk/output/exp5/dog8/checkpoint-100/images/floating_in_an_ocean_of_milk/
11/30/2024 16:51:05 - INFO - __main__ - Running validation... 
 Generating 4 images with prompt:on top of green grass with sunflowers around it.
11/30/2024 16:51:19 - INFO - root - Image have been saved in /shenzihe/WD-Disk/output/exp5/dog8/checkpoint-100/images/on_top_of_green_grass_with_sunflowers_around_it/
11/30/2024 16:51:33 - INFO - root - Image have been saved in /shenzihe/WD-Disk/output/exp5/dog8/checkpoint-100/images/on_top_of_green_grass_with_sunflowers_around_it/
11/30/2024 16:51:46 - INFO - root - Image have been saved in /shenzihe/WD-Disk/output/exp5/dog8/checkpoint-100/images/on_top_of_green_grass_with_sunflowers_around_it/
11/30/2024 16:52:00 - INFO - root - Image have been saved in /shenzihe/WD-Disk/output/exp5/dog8/checkpoint-100/images/on_top_of_green_grass_with_sunflowers_around_it/
11/30/2024 16:52:00 - INFO - __main__ - Running validation... 
 Generating 4 images with prompt:on top of a mirror.
11/30/2024 16:52:14 - INFO - root - Image have been saved in /shenzihe/WD-Disk/output/exp5/dog8/checkpoint-100/images/on_top_of_a_mirror/
11/30/2024 16:52:27 - INFO - root - Image have been saved in /shenzihe/WD-Disk/output/exp5/dog8/checkpoint-100/images/on_top_of_a_mirror/
11/30/2024 16:52:41 - INFO - root - Image have been saved in /shenzihe/WD-Disk/output/exp5/dog8/checkpoint-100/images/on_top_of_a_mirror/
11/30/2024 16:52:55 - INFO - root - Image have been saved in /shenzihe/WD-Disk/output/exp5/dog8/checkpoint-100/images/on_top_of_a_mirror/
11/30/2024 16:52:55 - INFO - __main__ - Running validation... 
 Generating 4 images with prompt:on top of the sidewalk in a crowded street.
11/30/2024 16:53:08 - INFO - root - Image have been saved in /shenzihe/WD-Disk/output/exp5/dog8/checkpoint-100/images/on_top_of_the_sidewalk_in_a_crowded_street/
11/30/2024 16:53:22 - INFO - root - Image have been saved in /shenzihe/WD-Disk/output/exp5/dog8/checkpoint-100/images/on_top_of_the_sidewalk_in_a_crowded_street/
11/30/2024 16:53:36 - INFO - root - Image have been saved in /shenzihe/WD-Disk/output/exp5/dog8/checkpoint-100/images/on_top_of_the_sidewalk_in_a_crowded_street/
11/30/2024 16:53:49 - INFO - root - Image have been saved in /shenzihe/WD-Disk/output/exp5/dog8/checkpoint-100/images/on_top_of_the_sidewalk_in_a_crowded_street/
11/30/2024 16:53:49 - INFO - __main__ - Running validation... 
 Generating 4 images with prompt:on top of a dirt road.
11/30/2024 16:54:03 - INFO - root - Image have been saved in /shenzihe/WD-Disk/output/exp5/dog8/checkpoint-100/images/on_top_of_a_dirt_road/
11/30/2024 16:54:17 - INFO - root - Image have been saved in /shenzihe/WD-Disk/output/exp5/dog8/checkpoint-100/images/on_top_of_a_dirt_road/
11/30/2024 16:54:30 - INFO - root - Image have been saved in /shenzihe/WD-Disk/output/exp5/dog8/checkpoint-100/images/on_top_of_a_dirt_road/
11/30/2024 16:54:44 - INFO - root - Image have been saved in /shenzihe/WD-Disk/output/exp5/dog8/checkpoint-100/images/on_top_of_a_dirt_road/
11/30/2024 16:54:44 - INFO - __main__ - Running validation... 
 Generating 4 images with prompt:on top of a white rug.
11/30/2024 16:54:58 - INFO - root - Image have been saved in /shenzihe/WD-Disk/output/exp5/dog8/checkpoint-100/images/on_top_of_a_white_rug/
11/30/2024 16:55:11 - INFO - root - Image have been saved in /shenzihe/WD-Disk/output/exp5/dog8/checkpoint-100/images/on_top_of_a_white_rug/
11/30/2024 16:55:25 - INFO - root - Image have been saved in /shenzihe/WD-Disk/output/exp5/dog8/checkpoint-100/images/on_top_of_a_white_rug/
11/30/2024 16:55:39 - INFO - root - Image have been saved in /shenzihe/WD-Disk/output/exp5/dog8/checkpoint-100/images/on_top_of_a_white_rug/
11/30/2024 16:55:39 - INFO - __main__ - Running validation... 
 Generating 4 images with prompt:red.
11/30/2024 16:55:52 - INFO - root - Image have been saved in /shenzihe/WD-Disk/output/exp5/dog8/checkpoint-100/images/red/
11/30/2024 16:56:06 - INFO - root - Image have been saved in /shenzihe/WD-Disk/output/exp5/dog8/checkpoint-100/images/red/
11/30/2024 16:56:20 - INFO - root - Image have been saved in /shenzihe/WD-Disk/output/exp5/dog8/checkpoint-100/images/red/
11/30/2024 16:56:33 - INFO - root - Image have been saved in /shenzihe/WD-Disk/output/exp5/dog8/checkpoint-100/images/red/
11/30/2024 16:56:33 - INFO - __main__ - Running validation... 
 Generating 4 images with prompt:purple.
11/30/2024 16:56:47 - INFO - root - Image have been saved in /shenzihe/WD-Disk/output/exp5/dog8/checkpoint-100/images/purple/
11/30/2024 16:57:01 - INFO - root - Image have been saved in /shenzihe/WD-Disk/output/exp5/dog8/checkpoint-100/images/purple/
11/30/2024 16:57:14 - INFO - root - Image have been saved in /shenzihe/WD-Disk/output/exp5/dog8/checkpoint-100/images/purple/
11/30/2024 16:57:28 - INFO - root - Image have been saved in /shenzihe/WD-Disk/output/exp5/dog8/checkpoint-100/images/purple/
11/30/2024 16:57:28 - INFO - __main__ - Running validation... 
 Generating 4 images with prompt:shiny.
11/30/2024 16:57:42 - INFO - root - Image have been saved in /shenzihe/WD-Disk/output/exp5/dog8/checkpoint-100/images/shiny/
11/30/2024 16:57:55 - INFO - root - Image have been saved in /shenzihe/WD-Disk/output/exp5/dog8/checkpoint-100/images/shiny/
11/30/2024 16:58:09 - INFO - root - Image have been saved in /shenzihe/WD-Disk/output/exp5/dog8/checkpoint-100/images/shiny/
11/30/2024 16:58:23 - INFO - root - Image have been saved in /shenzihe/WD-Disk/output/exp5/dog8/checkpoint-100/images/shiny/
11/30/2024 16:58:23 - INFO - __main__ - Running validation... 
 Generating 4 images with prompt:wet.
11/30/2024 16:58:36 - INFO - root - Image have been saved in /shenzihe/WD-Disk/output/exp5/dog8/checkpoint-100/images/wet/
11/30/2024 16:58:50 - INFO - root - Image have been saved in /shenzihe/WD-Disk/output/exp5/dog8/checkpoint-100/images/wet/
11/30/2024 16:59:04 - INFO - root - Image have been saved in /shenzihe/WD-Disk/output/exp5/dog8/checkpoint-100/images/wet/
11/30/2024 16:59:17 - INFO - root - Image have been saved in /shenzihe/WD-Disk/output/exp5/dog8/checkpoint-100/images/wet/
11/30/2024 16:59:17 - INFO - __main__ - Running validation... 
 Generating 4 images with prompt:cube shaped.
11/30/2024 16:59:31 - INFO - root - Image have been saved in /shenzihe/WD-Disk/output/exp5/dog8/checkpoint-100/images/cube_shaped/
11/30/2024 16:59:45 - INFO - root - Image have been saved in /shenzihe/WD-Disk/output/exp5/dog8/checkpoint-100/images/cube_shaped/
11/30/2024 16:59:58 - INFO - root - Image have been saved in /shenzihe/WD-Disk/output/exp5/dog8/checkpoint-100/images/cube_shaped/
11/30/2024 17:00:12 - INFO - root - Image have been saved in /shenzihe/WD-Disk/output/exp5/dog8/checkpoint-100/images/cube_shaped/
