11/30/2024 15:40:10 - INFO - __main__ - Distributed environment: NO
Num processes: 1
Process index: 0
Local process index: 0
Device: cuda

Mixed precision type: no

11/30/2024 15:40:13 - INFO - root - freeze vision encoder
11/30/2024 15:40:23 - INFO - root - Loading pretrained model from /root/.cache/torch/hub/checkpoints/blip-diffusion
11/30/2024 15:40:23 - INFO - root - Loading pretrained BLIP2 Qformer weights.
11/30/2024 15:40:25 - INFO - root - Loading pretrained projection lyer weights.
11/30/2024 15:40:25 - INFO - root - Loading pretrained text encoder weights.
11/30/2024 15:40:25 - INFO - root - Loading pretrained vae weights.
11/30/2024 15:40:26 - INFO - root - Loading pretrained unet weights.
11/30/2024 15:40:33 - INFO - root - Using xformers.
11/30/2024 15:40:33 - INFO - root - Building datasets...
11/30/2024 15:40:43 - INFO - root - freeze vision encoder
11/30/2024 15:41:08 - INFO - root - load checkpoint from https://storage.googleapis.com/sfr-vision-language-research/LAVIS/models/BLIP2/blip2_pretrained_flant5xl.pth
11/30/2024 15:41:14 - INFO - __main__ - 
***** Running training *****
11/30/2024 15:41:14 - INFO - __main__ -   Num examples = 5
11/30/2024 15:41:14 - INFO - __main__ -   Num batches each epoch = 1
11/30/2024 15:41:14 - INFO - __main__ -   Num Epochs = 100
11/30/2024 15:41:14 - INFO - __main__ -   Instantaneous batch size per device = 6
11/30/2024 15:41:14 - INFO - __main__ -   Total train batch size (w. parallel, distributed & accumulation) = 6
11/30/2024 15:41:14 - INFO - __main__ -   Gradient Accumulation steps = 1
11/30/2024 15:41:14 - INFO - __main__ -   Total optimization steps = 100
11/30/2024 15:41:14 - INFO - __main__ -   Total parameters number = 1995356906
11/30/2024 15:41:14 - INFO - __main__ -   Training parameters number = 576349697
11/30/2024 15:43:51 - INFO - __main__ - Running validation... 
 Generating 4 images with prompt:in the jungle.
11/30/2024 15:44:05 - INFO - root - Image have been saved in /shenzihe/WD-Disk/output/exp5/dog6/checkpoint-100/images/in_the_jungle/
11/30/2024 15:44:19 - INFO - root - Image have been saved in /shenzihe/WD-Disk/output/exp5/dog6/checkpoint-100/images/in_the_jungle/
11/30/2024 15:44:33 - INFO - root - Image have been saved in /shenzihe/WD-Disk/output/exp5/dog6/checkpoint-100/images/in_the_jungle/
11/30/2024 15:44:46 - INFO - root - Image have been saved in /shenzihe/WD-Disk/output/exp5/dog6/checkpoint-100/images/in_the_jungle/
11/30/2024 15:44:46 - INFO - __main__ - Running validation... 
 Generating 4 images with prompt:in the snow.
11/30/2024 15:45:00 - INFO - root - Image have been saved in /shenzihe/WD-Disk/output/exp5/dog6/checkpoint-100/images/in_the_snow/
11/30/2024 15:45:13 - INFO - root - Image have been saved in /shenzihe/WD-Disk/output/exp5/dog6/checkpoint-100/images/in_the_snow/
11/30/2024 15:45:27 - INFO - root - Image have been saved in /shenzihe/WD-Disk/output/exp5/dog6/checkpoint-100/images/in_the_snow/
11/30/2024 15:45:41 - INFO - root - Image have been saved in /shenzihe/WD-Disk/output/exp5/dog6/checkpoint-100/images/in_the_snow/
11/30/2024 15:45:41 - INFO - __main__ - Running validation... 
 Generating 4 images with prompt:on the beach.
11/30/2024 15:45:54 - INFO - root - Image have been saved in /shenzihe/WD-Disk/output/exp5/dog6/checkpoint-100/images/on_the_beach/
11/30/2024 15:46:08 - INFO - root - Image have been saved in /shenzihe/WD-Disk/output/exp5/dog6/checkpoint-100/images/on_the_beach/
11/30/2024 15:46:22 - INFO - root - Image have been saved in /shenzihe/WD-Disk/output/exp5/dog6/checkpoint-100/images/on_the_beach/
11/30/2024 15:46:35 - INFO - root - Image have been saved in /shenzihe/WD-Disk/output/exp5/dog6/checkpoint-100/images/on_the_beach/
11/30/2024 15:46:35 - INFO - __main__ - Running validation... 
 Generating 4 images with prompt:on a cobblestone street.
11/30/2024 15:46:49 - INFO - root - Image have been saved in /shenzihe/WD-Disk/output/exp5/dog6/checkpoint-100/images/on_a_cobblestone_street/
11/30/2024 15:47:03 - INFO - root - Image have been saved in /shenzihe/WD-Disk/output/exp5/dog6/checkpoint-100/images/on_a_cobblestone_street/
11/30/2024 15:47:16 - INFO - root - Image have been saved in /shenzihe/WD-Disk/output/exp5/dog6/checkpoint-100/images/on_a_cobblestone_street/
11/30/2024 15:47:30 - INFO - root - Image have been saved in /shenzihe/WD-Disk/output/exp5/dog6/checkpoint-100/images/on_a_cobblestone_street/
11/30/2024 15:47:30 - INFO - __main__ - Running validation... 
 Generating 4 images with prompt:on top of pink fabric.
11/30/2024 15:47:44 - INFO - root - Image have been saved in /shenzihe/WD-Disk/output/exp5/dog6/checkpoint-100/images/on_top_of_pink_fabric/
11/30/2024 15:47:57 - INFO - root - Image have been saved in /shenzihe/WD-Disk/output/exp5/dog6/checkpoint-100/images/on_top_of_pink_fabric/
11/30/2024 15:48:11 - INFO - root - Image have been saved in /shenzihe/WD-Disk/output/exp5/dog6/checkpoint-100/images/on_top_of_pink_fabric/
11/30/2024 15:48:25 - INFO - root - Image have been saved in /shenzihe/WD-Disk/output/exp5/dog6/checkpoint-100/images/on_top_of_pink_fabric/
11/30/2024 15:48:25 - INFO - __main__ - Running validation... 
 Generating 4 images with prompt:on top of a wooden floor.
11/30/2024 15:48:38 - INFO - root - Image have been saved in /shenzihe/WD-Disk/output/exp5/dog6/checkpoint-100/images/on_top_of_a_wooden_floor/
11/30/2024 15:48:52 - INFO - root - Image have been saved in /shenzihe/WD-Disk/output/exp5/dog6/checkpoint-100/images/on_top_of_a_wooden_floor/
11/30/2024 15:49:06 - INFO - root - Image have been saved in /shenzihe/WD-Disk/output/exp5/dog6/checkpoint-100/images/on_top_of_a_wooden_floor/
11/30/2024 15:49:19 - INFO - root - Image have been saved in /shenzihe/WD-Disk/output/exp5/dog6/checkpoint-100/images/on_top_of_a_wooden_floor/
11/30/2024 15:49:19 - INFO - __main__ - Running validation... 
 Generating 4 images with prompt:with a city in the background.
11/30/2024 15:49:33 - INFO - root - Image have been saved in /shenzihe/WD-Disk/output/exp5/dog6/checkpoint-100/images/with_a_city_in_the_background/
11/30/2024 15:49:47 - INFO - root - Image have been saved in /shenzihe/WD-Disk/output/exp5/dog6/checkpoint-100/images/with_a_city_in_the_background/
11/30/2024 15:50:00 - INFO - root - Image have been saved in /shenzihe/WD-Disk/output/exp5/dog6/checkpoint-100/images/with_a_city_in_the_background/
11/30/2024 15:50:14 - INFO - root - Image have been saved in /shenzihe/WD-Disk/output/exp5/dog6/checkpoint-100/images/with_a_city_in_the_background/
11/30/2024 15:50:14 - INFO - __main__ - Running validation... 
 Generating 4 images with prompt:with a mountain in the background.
11/30/2024 15:50:28 - INFO - root - Image have been saved in /shenzihe/WD-Disk/output/exp5/dog6/checkpoint-100/images/with_a_mountain_in_the_background/
11/30/2024 15:50:41 - INFO - root - Image have been saved in /shenzihe/WD-Disk/output/exp5/dog6/checkpoint-100/images/with_a_mountain_in_the_background/
11/30/2024 15:50:55 - INFO - root - Image have been saved in /shenzihe/WD-Disk/output/exp5/dog6/checkpoint-100/images/with_a_mountain_in_the_background/
11/30/2024 15:51:09 - INFO - root - Image have been saved in /shenzihe/WD-Disk/output/exp5/dog6/checkpoint-100/images/with_a_mountain_in_the_background/
11/30/2024 15:51:09 - INFO - __main__ - Running validation... 
 Generating 4 images with prompt:with a blue house in the background.
11/30/2024 15:51:23 - INFO - root - Image have been saved in /shenzihe/WD-Disk/output/exp5/dog6/checkpoint-100/images/with_a_blue_house_in_the_background/
11/30/2024 15:51:36 - INFO - root - Image have been saved in /shenzihe/WD-Disk/output/exp5/dog6/checkpoint-100/images/with_a_blue_house_in_the_background/
11/30/2024 15:51:50 - INFO - root - Image have been saved in /shenzihe/WD-Disk/output/exp5/dog6/checkpoint-100/images/with_a_blue_house_in_the_background/
11/30/2024 15:52:04 - INFO - root - Image have been saved in /shenzihe/WD-Disk/output/exp5/dog6/checkpoint-100/images/with_a_blue_house_in_the_background/
11/30/2024 15:52:04 - INFO - __main__ - Running validation... 
 Generating 4 images with prompt:on top of a purple rug in a forest.
11/30/2024 15:52:17 - INFO - root - Image have been saved in /shenzihe/WD-Disk/output/exp5/dog6/checkpoint-100/images/on_top_of_a_purple_rug_in_a_forest/
11/30/2024 15:52:31 - INFO - root - Image have been saved in /shenzihe/WD-Disk/output/exp5/dog6/checkpoint-100/images/on_top_of_a_purple_rug_in_a_forest/
11/30/2024 15:52:45 - INFO - root - Image have been saved in /shenzihe/WD-Disk/output/exp5/dog6/checkpoint-100/images/on_top_of_a_purple_rug_in_a_forest/
11/30/2024 15:52:59 - INFO - root - Image have been saved in /shenzihe/WD-Disk/output/exp5/dog6/checkpoint-100/images/on_top_of_a_purple_rug_in_a_forest/
11/30/2024 15:52:59 - INFO - __main__ - Running validation... 
 Generating 4 images with prompt:with a wheat field in the background.
11/30/2024 15:53:12 - INFO - root - Image have been saved in /shenzihe/WD-Disk/output/exp5/dog6/checkpoint-100/images/with_a_wheat_field_in_the_background/
11/30/2024 15:53:26 - INFO - root - Image have been saved in /shenzihe/WD-Disk/output/exp5/dog6/checkpoint-100/images/with_a_wheat_field_in_the_background/
11/30/2024 15:53:40 - INFO - root - Image have been saved in /shenzihe/WD-Disk/output/exp5/dog6/checkpoint-100/images/with_a_wheat_field_in_the_background/
11/30/2024 15:53:54 - INFO - root - Image have been saved in /shenzihe/WD-Disk/output/exp5/dog6/checkpoint-100/images/with_a_wheat_field_in_the_background/
11/30/2024 15:53:54 - INFO - __main__ - Running validation... 
 Generating 4 images with prompt:with a tree and autumn leaves in the background.
11/30/2024 15:54:07 - INFO - root - Image have been saved in /shenzihe/WD-Disk/output/exp5/dog6/checkpoint-100/images/with_a_tree_and_autumn_leaves_in_the_background/
11/30/2024 15:54:21 - INFO - root - Image have been saved in /shenzihe/WD-Disk/output/exp5/dog6/checkpoint-100/images/with_a_tree_and_autumn_leaves_in_the_background/
11/30/2024 15:54:35 - INFO - root - Image have been saved in /shenzihe/WD-Disk/output/exp5/dog6/checkpoint-100/images/with_a_tree_and_autumn_leaves_in_the_background/
11/30/2024 15:54:48 - INFO - root - Image have been saved in /shenzihe/WD-Disk/output/exp5/dog6/checkpoint-100/images/with_a_tree_and_autumn_leaves_in_the_background/
11/30/2024 15:54:48 - INFO - __main__ - Running validation... 
 Generating 4 images with prompt:with the Eiffel Tower in the background.
11/30/2024 15:55:02 - INFO - root - Image have been saved in /shenzihe/WD-Disk/output/exp5/dog6/checkpoint-100/images/with_the_Eiffel_Tower_in_the_background/
11/30/2024 15:55:16 - INFO - root - Image have been saved in /shenzihe/WD-Disk/output/exp5/dog6/checkpoint-100/images/with_the_Eiffel_Tower_in_the_background/
11/30/2024 15:55:29 - INFO - root - Image have been saved in /shenzihe/WD-Disk/output/exp5/dog6/checkpoint-100/images/with_the_Eiffel_Tower_in_the_background/
11/30/2024 15:55:43 - INFO - root - Image have been saved in /shenzihe/WD-Disk/output/exp5/dog6/checkpoint-100/images/with_the_Eiffel_Tower_in_the_background/
11/30/2024 15:55:43 - INFO - __main__ - Running validation... 
 Generating 4 images with prompt:floating on top of water.
11/30/2024 15:55:57 - INFO - root - Image have been saved in /shenzihe/WD-Disk/output/exp5/dog6/checkpoint-100/images/floating_on_top_of_water/
11/30/2024 15:56:10 - INFO - root - Image have been saved in /shenzihe/WD-Disk/output/exp5/dog6/checkpoint-100/images/floating_on_top_of_water/
11/30/2024 15:56:24 - INFO - root - Image have been saved in /shenzihe/WD-Disk/output/exp5/dog6/checkpoint-100/images/floating_on_top_of_water/
11/30/2024 15:56:37 - INFO - root - Image have been saved in /shenzihe/WD-Disk/output/exp5/dog6/checkpoint-100/images/floating_on_top_of_water/
11/30/2024 15:56:37 - INFO - __main__ - Running validation... 
 Generating 4 images with prompt:floating in an ocean of milk.
11/30/2024 15:56:51 - INFO - root - Image have been saved in /shenzihe/WD-Disk/output/exp5/dog6/checkpoint-100/images/floating_in_an_ocean_of_milk/
11/30/2024 15:57:05 - INFO - root - Image have been saved in /shenzihe/WD-Disk/output/exp5/dog6/checkpoint-100/images/floating_in_an_ocean_of_milk/
11/30/2024 15:57:18 - INFO - root - Image have been saved in /shenzihe/WD-Disk/output/exp5/dog6/checkpoint-100/images/floating_in_an_ocean_of_milk/
11/30/2024 15:57:32 - INFO - root - Image have been saved in /shenzihe/WD-Disk/output/exp5/dog6/checkpoint-100/images/floating_in_an_ocean_of_milk/
11/30/2024 15:57:32 - INFO - __main__ - Running validation... 
 Generating 4 images with prompt:on top of green grass with sunflowers around it.
11/30/2024 15:57:45 - INFO - root - Image have been saved in /shenzihe/WD-Disk/output/exp5/dog6/checkpoint-100/images/on_top_of_green_grass_with_sunflowers_around_it/
11/30/2024 15:57:59 - INFO - root - Image have been saved in /shenzihe/WD-Disk/output/exp5/dog6/checkpoint-100/images/on_top_of_green_grass_with_sunflowers_around_it/
11/30/2024 15:58:13 - INFO - root - Image have been saved in /shenzihe/WD-Disk/output/exp5/dog6/checkpoint-100/images/on_top_of_green_grass_with_sunflowers_around_it/
11/30/2024 15:58:27 - INFO - root - Image have been saved in /shenzihe/WD-Disk/output/exp5/dog6/checkpoint-100/images/on_top_of_green_grass_with_sunflowers_around_it/
11/30/2024 15:58:27 - INFO - __main__ - Running validation... 
 Generating 4 images with prompt:on top of a mirror.
11/30/2024 15:58:40 - INFO - root - Image have been saved in /shenzihe/WD-Disk/output/exp5/dog6/checkpoint-100/images/on_top_of_a_mirror/
11/30/2024 15:58:54 - INFO - root - Image have been saved in /shenzihe/WD-Disk/output/exp5/dog6/checkpoint-100/images/on_top_of_a_mirror/
11/30/2024 15:59:08 - INFO - root - Image have been saved in /shenzihe/WD-Disk/output/exp5/dog6/checkpoint-100/images/on_top_of_a_mirror/
11/30/2024 15:59:22 - INFO - root - Image have been saved in /shenzihe/WD-Disk/output/exp5/dog6/checkpoint-100/images/on_top_of_a_mirror/
11/30/2024 15:59:22 - INFO - __main__ - Running validation... 
 Generating 4 images with prompt:on top of the sidewalk in a crowded street.
11/30/2024 15:59:35 - INFO - root - Image have been saved in /shenzihe/WD-Disk/output/exp5/dog6/checkpoint-100/images/on_top_of_the_sidewalk_in_a_crowded_street/
11/30/2024 15:59:49 - INFO - root - Image have been saved in /shenzihe/WD-Disk/output/exp5/dog6/checkpoint-100/images/on_top_of_the_sidewalk_in_a_crowded_street/
11/30/2024 16:00:03 - INFO - root - Image have been saved in /shenzihe/WD-Disk/output/exp5/dog6/checkpoint-100/images/on_top_of_the_sidewalk_in_a_crowded_street/
11/30/2024 16:00:17 - INFO - root - Image have been saved in /shenzihe/WD-Disk/output/exp5/dog6/checkpoint-100/images/on_top_of_the_sidewalk_in_a_crowded_street/
11/30/2024 16:00:17 - INFO - __main__ - Running validation... 
 Generating 4 images with prompt:on top of a dirt road.
11/30/2024 16:00:30 - INFO - root - Image have been saved in /shenzihe/WD-Disk/output/exp5/dog6/checkpoint-100/images/on_top_of_a_dirt_road/
11/30/2024 16:00:44 - INFO - root - Image have been saved in /shenzihe/WD-Disk/output/exp5/dog6/checkpoint-100/images/on_top_of_a_dirt_road/
11/30/2024 16:00:57 - INFO - root - Image have been saved in /shenzihe/WD-Disk/output/exp5/dog6/checkpoint-100/images/on_top_of_a_dirt_road/
11/30/2024 16:01:11 - INFO - root - Image have been saved in /shenzihe/WD-Disk/output/exp5/dog6/checkpoint-100/images/on_top_of_a_dirt_road/
11/30/2024 16:01:11 - INFO - __main__ - Running validation... 
 Generating 4 images with prompt:on top of a white rug.
11/30/2024 16:01:25 - INFO - root - Image have been saved in /shenzihe/WD-Disk/output/exp5/dog6/checkpoint-100/images/on_top_of_a_white_rug/
11/30/2024 16:01:38 - INFO - root - Image have been saved in /shenzihe/WD-Disk/output/exp5/dog6/checkpoint-100/images/on_top_of_a_white_rug/
11/30/2024 16:01:52 - INFO - root - Image have been saved in /shenzihe/WD-Disk/output/exp5/dog6/checkpoint-100/images/on_top_of_a_white_rug/
11/30/2024 16:02:06 - INFO - root - Image have been saved in /shenzihe/WD-Disk/output/exp5/dog6/checkpoint-100/images/on_top_of_a_white_rug/
11/30/2024 16:02:06 - INFO - __main__ - Running validation... 
 Generating 4 images with prompt:red.
11/30/2024 16:02:19 - INFO - root - Image have been saved in /shenzihe/WD-Disk/output/exp5/dog6/checkpoint-100/images/red/
11/30/2024 16:02:33 - INFO - root - Image have been saved in /shenzihe/WD-Disk/output/exp5/dog6/checkpoint-100/images/red/
11/30/2024 16:02:47 - INFO - root - Image have been saved in /shenzihe/WD-Disk/output/exp5/dog6/checkpoint-100/images/red/
11/30/2024 16:03:00 - INFO - root - Image have been saved in /shenzihe/WD-Disk/output/exp5/dog6/checkpoint-100/images/red/
11/30/2024 16:03:00 - INFO - __main__ - Running validation... 
 Generating 4 images with prompt:purple.
11/30/2024 16:03:14 - INFO - root - Image have been saved in /shenzihe/WD-Disk/output/exp5/dog6/checkpoint-100/images/purple/
11/30/2024 16:03:28 - INFO - root - Image have been saved in /shenzihe/WD-Disk/output/exp5/dog6/checkpoint-100/images/purple/
11/30/2024 16:03:42 - INFO - root - Image have been saved in /shenzihe/WD-Disk/output/exp5/dog6/checkpoint-100/images/purple/
11/30/2024 16:03:55 - INFO - root - Image have been saved in /shenzihe/WD-Disk/output/exp5/dog6/checkpoint-100/images/purple/
11/30/2024 16:03:55 - INFO - __main__ - Running validation... 
 Generating 4 images with prompt:shiny.
11/30/2024 16:04:09 - INFO - root - Image have been saved in /shenzihe/WD-Disk/output/exp5/dog6/checkpoint-100/images/shiny/
11/30/2024 16:04:23 - INFO - root - Image have been saved in /shenzihe/WD-Disk/output/exp5/dog6/checkpoint-100/images/shiny/
11/30/2024 16:04:36 - INFO - root - Image have been saved in /shenzihe/WD-Disk/output/exp5/dog6/checkpoint-100/images/shiny/
11/30/2024 16:04:50 - INFO - root - Image have been saved in /shenzihe/WD-Disk/output/exp5/dog6/checkpoint-100/images/shiny/
11/30/2024 16:04:50 - INFO - __main__ - Running validation... 
 Generating 4 images with prompt:wet.
11/30/2024 16:05:04 - INFO - root - Image have been saved in /shenzihe/WD-Disk/output/exp5/dog6/checkpoint-100/images/wet/
11/30/2024 16:05:17 - INFO - root - Image have been saved in /shenzihe/WD-Disk/output/exp5/dog6/checkpoint-100/images/wet/
11/30/2024 16:05:31 - INFO - root - Image have been saved in /shenzihe/WD-Disk/output/exp5/dog6/checkpoint-100/images/wet/
11/30/2024 16:05:45 - INFO - root - Image have been saved in /shenzihe/WD-Disk/output/exp5/dog6/checkpoint-100/images/wet/
11/30/2024 16:05:45 - INFO - __main__ - Running validation... 
 Generating 4 images with prompt:cube shaped.
11/30/2024 16:05:58 - INFO - root - Image have been saved in /shenzihe/WD-Disk/output/exp5/dog6/checkpoint-100/images/cube_shaped/
11/30/2024 16:06:12 - INFO - root - Image have been saved in /shenzihe/WD-Disk/output/exp5/dog6/checkpoint-100/images/cube_shaped/
11/30/2024 16:06:26 - INFO - root - Image have been saved in /shenzihe/WD-Disk/output/exp5/dog6/checkpoint-100/images/cube_shaped/
11/30/2024 16:06:39 - INFO - root - Image have been saved in /shenzihe/WD-Disk/output/exp5/dog6/checkpoint-100/images/cube_shaped/
