11/30/2024 19:15:11 - INFO - __main__ - Distributed environment: NO
Num processes: 1
Process index: 0
Local process index: 0
Device: cuda

Mixed precision type: no

11/30/2024 19:15:14 - INFO - root - freeze vision encoder
11/30/2024 19:15:23 - INFO - root - Loading pretrained model from /root/.cache/torch/hub/checkpoints/blip-diffusion
11/30/2024 19:15:23 - INFO - root - Loading pretrained BLIP2 Qformer weights.
11/30/2024 19:15:25 - INFO - root - Loading pretrained projection lyer weights.
11/30/2024 19:15:25 - INFO - root - Loading pretrained text encoder weights.
11/30/2024 19:15:26 - INFO - root - Loading pretrained vae weights.
11/30/2024 19:15:26 - INFO - root - Loading pretrained unet weights.
11/30/2024 19:15:34 - INFO - root - Using xformers.
11/30/2024 19:15:34 - INFO - root - Building datasets...
11/30/2024 19:15:44 - INFO - root - freeze vision encoder
11/30/2024 19:16:16 - INFO - root - load checkpoint from https://storage.googleapis.com/sfr-vision-language-research/LAVIS/models/BLIP2/blip2_pretrained_flant5xl.pth
11/30/2024 19:16:25 - INFO - __main__ - 
***** Running training *****
11/30/2024 19:16:25 - INFO - __main__ -   Num examples = 5
11/30/2024 19:16:25 - INFO - __main__ -   Num batches each epoch = 1
11/30/2024 19:16:25 - INFO - __main__ -   Num Epochs = 100
11/30/2024 19:16:25 - INFO - __main__ -   Instantaneous batch size per device = 6
11/30/2024 19:16:25 - INFO - __main__ -   Total train batch size (w. parallel, distributed & accumulation) = 6
11/30/2024 19:16:25 - INFO - __main__ -   Gradient Accumulation steps = 1
11/30/2024 19:16:25 - INFO - __main__ -   Total optimization steps = 100
11/30/2024 19:16:25 - INFO - __main__ -   Total parameters number = 1995356906
11/30/2024 19:16:25 - INFO - __main__ -   Training parameters number = 576349697
11/30/2024 19:19:20 - INFO - __main__ - Running validation... 
 Generating 4 images with prompt:in the jungle.
11/30/2024 19:19:34 - INFO - root - Image have been saved in /shenzihe/WD-Disk/output/exp5/poop_emoji/checkpoint-100/images/in_the_jungle/
11/30/2024 19:19:48 - INFO - root - Image have been saved in /shenzihe/WD-Disk/output/exp5/poop_emoji/checkpoint-100/images/in_the_jungle/
11/30/2024 19:20:01 - INFO - root - Image have been saved in /shenzihe/WD-Disk/output/exp5/poop_emoji/checkpoint-100/images/in_the_jungle/
11/30/2024 19:20:15 - INFO - root - Image have been saved in /shenzihe/WD-Disk/output/exp5/poop_emoji/checkpoint-100/images/in_the_jungle/
11/30/2024 19:20:15 - INFO - __main__ - Running validation... 
 Generating 4 images with prompt:in the snow.
11/30/2024 19:20:29 - INFO - root - Image have been saved in /shenzihe/WD-Disk/output/exp5/poop_emoji/checkpoint-100/images/in_the_snow/
11/30/2024 19:20:42 - INFO - root - Image have been saved in /shenzihe/WD-Disk/output/exp5/poop_emoji/checkpoint-100/images/in_the_snow/
11/30/2024 19:20:56 - INFO - root - Image have been saved in /shenzihe/WD-Disk/output/exp5/poop_emoji/checkpoint-100/images/in_the_snow/
11/30/2024 19:21:10 - INFO - root - Image have been saved in /shenzihe/WD-Disk/output/exp5/poop_emoji/checkpoint-100/images/in_the_snow/
11/30/2024 19:21:10 - INFO - __main__ - Running validation... 
 Generating 4 images with prompt:on the beach.
11/30/2024 19:21:24 - INFO - root - Image have been saved in /shenzihe/WD-Disk/output/exp5/poop_emoji/checkpoint-100/images/on_the_beach/
11/30/2024 19:21:37 - INFO - root - Image have been saved in /shenzihe/WD-Disk/output/exp5/poop_emoji/checkpoint-100/images/on_the_beach/
11/30/2024 19:21:51 - INFO - root - Image have been saved in /shenzihe/WD-Disk/output/exp5/poop_emoji/checkpoint-100/images/on_the_beach/
11/30/2024 19:22:04 - INFO - root - Image have been saved in /shenzihe/WD-Disk/output/exp5/poop_emoji/checkpoint-100/images/on_the_beach/
11/30/2024 19:22:04 - INFO - __main__ - Running validation... 
 Generating 4 images with prompt:on a cobblestone street.
11/30/2024 19:22:18 - INFO - root - Image have been saved in /shenzihe/WD-Disk/output/exp5/poop_emoji/checkpoint-100/images/on_a_cobblestone_street/
11/30/2024 19:22:32 - INFO - root - Image have been saved in /shenzihe/WD-Disk/output/exp5/poop_emoji/checkpoint-100/images/on_a_cobblestone_street/
11/30/2024 19:22:45 - INFO - root - Image have been saved in /shenzihe/WD-Disk/output/exp5/poop_emoji/checkpoint-100/images/on_a_cobblestone_street/
11/30/2024 19:22:59 - INFO - root - Image have been saved in /shenzihe/WD-Disk/output/exp5/poop_emoji/checkpoint-100/images/on_a_cobblestone_street/
11/30/2024 19:22:59 - INFO - __main__ - Running validation... 
 Generating 4 images with prompt:on top of pink fabric.
11/30/2024 19:23:13 - INFO - root - Image have been saved in /shenzihe/WD-Disk/output/exp5/poop_emoji/checkpoint-100/images/on_top_of_pink_fabric/
11/30/2024 19:23:26 - INFO - root - Image have been saved in /shenzihe/WD-Disk/output/exp5/poop_emoji/checkpoint-100/images/on_top_of_pink_fabric/
11/30/2024 19:23:40 - INFO - root - Image have been saved in /shenzihe/WD-Disk/output/exp5/poop_emoji/checkpoint-100/images/on_top_of_pink_fabric/
11/30/2024 19:23:53 - INFO - root - Image have been saved in /shenzihe/WD-Disk/output/exp5/poop_emoji/checkpoint-100/images/on_top_of_pink_fabric/
11/30/2024 19:23:53 - INFO - __main__ - Running validation... 
 Generating 4 images with prompt:on top of a wooden floor.
11/30/2024 19:24:07 - INFO - root - Image have been saved in /shenzihe/WD-Disk/output/exp5/poop_emoji/checkpoint-100/images/on_top_of_a_wooden_floor/
11/30/2024 19:24:21 - INFO - root - Image have been saved in /shenzihe/WD-Disk/output/exp5/poop_emoji/checkpoint-100/images/on_top_of_a_wooden_floor/
11/30/2024 19:24:34 - INFO - root - Image have been saved in /shenzihe/WD-Disk/output/exp5/poop_emoji/checkpoint-100/images/on_top_of_a_wooden_floor/
11/30/2024 19:24:48 - INFO - root - Image have been saved in /shenzihe/WD-Disk/output/exp5/poop_emoji/checkpoint-100/images/on_top_of_a_wooden_floor/
11/30/2024 19:24:48 - INFO - __main__ - Running validation... 
 Generating 4 images with prompt:with a city in the background.
11/30/2024 19:25:02 - INFO - root - Image have been saved in /shenzihe/WD-Disk/output/exp5/poop_emoji/checkpoint-100/images/with_a_city_in_the_background/
11/30/2024 19:25:15 - INFO - root - Image have been saved in /shenzihe/WD-Disk/output/exp5/poop_emoji/checkpoint-100/images/with_a_city_in_the_background/
11/30/2024 19:25:29 - INFO - root - Image have been saved in /shenzihe/WD-Disk/output/exp5/poop_emoji/checkpoint-100/images/with_a_city_in_the_background/
11/30/2024 19:25:43 - INFO - root - Image have been saved in /shenzihe/WD-Disk/output/exp5/poop_emoji/checkpoint-100/images/with_a_city_in_the_background/
11/30/2024 19:25:43 - INFO - __main__ - Running validation... 
 Generating 4 images with prompt:with a mountain in the background.
11/30/2024 19:25:56 - INFO - root - Image have been saved in /shenzihe/WD-Disk/output/exp5/poop_emoji/checkpoint-100/images/with_a_mountain_in_the_background/
11/30/2024 19:26:10 - INFO - root - Image have been saved in /shenzihe/WD-Disk/output/exp5/poop_emoji/checkpoint-100/images/with_a_mountain_in_the_background/
11/30/2024 19:26:24 - INFO - root - Image have been saved in /shenzihe/WD-Disk/output/exp5/poop_emoji/checkpoint-100/images/with_a_mountain_in_the_background/
11/30/2024 19:26:37 - INFO - root - Image have been saved in /shenzihe/WD-Disk/output/exp5/poop_emoji/checkpoint-100/images/with_a_mountain_in_the_background/
11/30/2024 19:26:37 - INFO - __main__ - Running validation... 
 Generating 4 images with prompt:with a blue house in the background.
11/30/2024 19:26:51 - INFO - root - Image have been saved in /shenzihe/WD-Disk/output/exp5/poop_emoji/checkpoint-100/images/with_a_blue_house_in_the_background/
11/30/2024 19:27:05 - INFO - root - Image have been saved in /shenzihe/WD-Disk/output/exp5/poop_emoji/checkpoint-100/images/with_a_blue_house_in_the_background/
11/30/2024 19:27:18 - INFO - root - Image have been saved in /shenzihe/WD-Disk/output/exp5/poop_emoji/checkpoint-100/images/with_a_blue_house_in_the_background/
11/30/2024 19:27:32 - INFO - root - Image have been saved in /shenzihe/WD-Disk/output/exp5/poop_emoji/checkpoint-100/images/with_a_blue_house_in_the_background/
11/30/2024 19:27:32 - INFO - __main__ - Running validation... 
 Generating 4 images with prompt:on top of a purple rug in a forest.
11/30/2024 19:27:45 - INFO - root - Image have been saved in /shenzihe/WD-Disk/output/exp5/poop_emoji/checkpoint-100/images/on_top_of_a_purple_rug_in_a_forest/
11/30/2024 19:27:59 - INFO - root - Image have been saved in /shenzihe/WD-Disk/output/exp5/poop_emoji/checkpoint-100/images/on_top_of_a_purple_rug_in_a_forest/
11/30/2024 19:28:13 - INFO - root - Image have been saved in /shenzihe/WD-Disk/output/exp5/poop_emoji/checkpoint-100/images/on_top_of_a_purple_rug_in_a_forest/
11/30/2024 19:28:26 - INFO - root - Image have been saved in /shenzihe/WD-Disk/output/exp5/poop_emoji/checkpoint-100/images/on_top_of_a_purple_rug_in_a_forest/
11/30/2024 19:28:27 - INFO - __main__ - Running validation... 
 Generating 4 images with prompt:with a wheat field in the background.
11/30/2024 19:28:40 - INFO - root - Image have been saved in /shenzihe/WD-Disk/output/exp5/poop_emoji/checkpoint-100/images/with_a_wheat_field_in_the_background/
11/30/2024 19:28:54 - INFO - root - Image have been saved in /shenzihe/WD-Disk/output/exp5/poop_emoji/checkpoint-100/images/with_a_wheat_field_in_the_background/
11/30/2024 19:29:07 - INFO - root - Image have been saved in /shenzihe/WD-Disk/output/exp5/poop_emoji/checkpoint-100/images/with_a_wheat_field_in_the_background/
11/30/2024 19:29:21 - INFO - root - Image have been saved in /shenzihe/WD-Disk/output/exp5/poop_emoji/checkpoint-100/images/with_a_wheat_field_in_the_background/
11/30/2024 19:29:21 - INFO - __main__ - Running validation... 
 Generating 4 images with prompt:with a tree and autumn leaves in the background.
11/30/2024 19:29:35 - INFO - root - Image have been saved in /shenzihe/WD-Disk/output/exp5/poop_emoji/checkpoint-100/images/with_a_tree_and_autumn_leaves_in_the_background/
11/30/2024 19:29:49 - INFO - root - Image have been saved in /shenzihe/WD-Disk/output/exp5/poop_emoji/checkpoint-100/images/with_a_tree_and_autumn_leaves_in_the_background/
11/30/2024 19:30:02 - INFO - root - Image have been saved in /shenzihe/WD-Disk/output/exp5/poop_emoji/checkpoint-100/images/with_a_tree_and_autumn_leaves_in_the_background/
11/30/2024 19:30:16 - INFO - root - Image have been saved in /shenzihe/WD-Disk/output/exp5/poop_emoji/checkpoint-100/images/with_a_tree_and_autumn_leaves_in_the_background/
11/30/2024 19:30:16 - INFO - __main__ - Running validation... 
 Generating 4 images with prompt:with the Eiffel Tower in the background.
11/30/2024 19:30:29 - INFO - root - Image have been saved in /shenzihe/WD-Disk/output/exp5/poop_emoji/checkpoint-100/images/with_the_Eiffel_Tower_in_the_background/
11/30/2024 19:30:43 - INFO - root - Image have been saved in /shenzihe/WD-Disk/output/exp5/poop_emoji/checkpoint-100/images/with_the_Eiffel_Tower_in_the_background/
11/30/2024 19:30:57 - INFO - root - Image have been saved in /shenzihe/WD-Disk/output/exp5/poop_emoji/checkpoint-100/images/with_the_Eiffel_Tower_in_the_background/
11/30/2024 19:31:11 - INFO - root - Image have been saved in /shenzihe/WD-Disk/output/exp5/poop_emoji/checkpoint-100/images/with_the_Eiffel_Tower_in_the_background/
11/30/2024 19:31:11 - INFO - __main__ - Running validation... 
 Generating 4 images with prompt:floating on top of water.
11/30/2024 19:31:24 - INFO - root - Image have been saved in /shenzihe/WD-Disk/output/exp5/poop_emoji/checkpoint-100/images/floating_on_top_of_water/
11/30/2024 19:31:38 - INFO - root - Image have been saved in /shenzihe/WD-Disk/output/exp5/poop_emoji/checkpoint-100/images/floating_on_top_of_water/
11/30/2024 19:31:52 - INFO - root - Image have been saved in /shenzihe/WD-Disk/output/exp5/poop_emoji/checkpoint-100/images/floating_on_top_of_water/
11/30/2024 19:32:05 - INFO - root - Image have been saved in /shenzihe/WD-Disk/output/exp5/poop_emoji/checkpoint-100/images/floating_on_top_of_water/
11/30/2024 19:32:05 - INFO - __main__ - Running validation... 
 Generating 4 images with prompt:floating in an ocean of milk.
11/30/2024 19:32:19 - INFO - root - Image have been saved in /shenzihe/WD-Disk/output/exp5/poop_emoji/checkpoint-100/images/floating_in_an_ocean_of_milk/
11/30/2024 19:32:32 - INFO - root - Image have been saved in /shenzihe/WD-Disk/output/exp5/poop_emoji/checkpoint-100/images/floating_in_an_ocean_of_milk/
11/30/2024 19:32:46 - INFO - root - Image have been saved in /shenzihe/WD-Disk/output/exp5/poop_emoji/checkpoint-100/images/floating_in_an_ocean_of_milk/
11/30/2024 19:33:00 - INFO - root - Image have been saved in /shenzihe/WD-Disk/output/exp5/poop_emoji/checkpoint-100/images/floating_in_an_ocean_of_milk/
11/30/2024 19:33:00 - INFO - __main__ - Running validation... 
 Generating 4 images with prompt:on top of green grass with sunflowers around it.
11/30/2024 19:33:14 - INFO - root - Image have been saved in /shenzihe/WD-Disk/output/exp5/poop_emoji/checkpoint-100/images/on_top_of_green_grass_with_sunflowers_around_it/
11/30/2024 19:33:27 - INFO - root - Image have been saved in /shenzihe/WD-Disk/output/exp5/poop_emoji/checkpoint-100/images/on_top_of_green_grass_with_sunflowers_around_it/
11/30/2024 19:33:41 - INFO - root - Image have been saved in /shenzihe/WD-Disk/output/exp5/poop_emoji/checkpoint-100/images/on_top_of_green_grass_with_sunflowers_around_it/
11/30/2024 19:33:54 - INFO - root - Image have been saved in /shenzihe/WD-Disk/output/exp5/poop_emoji/checkpoint-100/images/on_top_of_green_grass_with_sunflowers_around_it/
11/30/2024 19:33:54 - INFO - __main__ - Running validation... 
 Generating 4 images with prompt:on top of a mirror.
11/30/2024 19:34:08 - INFO - root - Image have been saved in /shenzihe/WD-Disk/output/exp5/poop_emoji/checkpoint-100/images/on_top_of_a_mirror/
11/30/2024 19:34:22 - INFO - root - Image have been saved in /shenzihe/WD-Disk/output/exp5/poop_emoji/checkpoint-100/images/on_top_of_a_mirror/
11/30/2024 19:34:35 - INFO - root - Image have been saved in /shenzihe/WD-Disk/output/exp5/poop_emoji/checkpoint-100/images/on_top_of_a_mirror/
11/30/2024 19:34:49 - INFO - root - Image have been saved in /shenzihe/WD-Disk/output/exp5/poop_emoji/checkpoint-100/images/on_top_of_a_mirror/
11/30/2024 19:34:49 - INFO - __main__ - Running validation... 
 Generating 4 images with prompt:on top of the sidewalk in a crowded street.
11/30/2024 19:35:03 - INFO - root - Image have been saved in /shenzihe/WD-Disk/output/exp5/poop_emoji/checkpoint-100/images/on_top_of_the_sidewalk_in_a_crowded_street/
11/30/2024 19:35:16 - INFO - root - Image have been saved in /shenzihe/WD-Disk/output/exp5/poop_emoji/checkpoint-100/images/on_top_of_the_sidewalk_in_a_crowded_street/
11/30/2024 19:35:30 - INFO - root - Image have been saved in /shenzihe/WD-Disk/output/exp5/poop_emoji/checkpoint-100/images/on_top_of_the_sidewalk_in_a_crowded_street/
11/30/2024 19:35:44 - INFO - root - Image have been saved in /shenzihe/WD-Disk/output/exp5/poop_emoji/checkpoint-100/images/on_top_of_the_sidewalk_in_a_crowded_street/
11/30/2024 19:35:44 - INFO - __main__ - Running validation... 
 Generating 4 images with prompt:on top of a dirt road.
11/30/2024 19:35:57 - INFO - root - Image have been saved in /shenzihe/WD-Disk/output/exp5/poop_emoji/checkpoint-100/images/on_top_of_a_dirt_road/
11/30/2024 19:36:11 - INFO - root - Image have been saved in /shenzihe/WD-Disk/output/exp5/poop_emoji/checkpoint-100/images/on_top_of_a_dirt_road/
11/30/2024 19:36:25 - INFO - root - Image have been saved in /shenzihe/WD-Disk/output/exp5/poop_emoji/checkpoint-100/images/on_top_of_a_dirt_road/
11/30/2024 19:36:38 - INFO - root - Image have been saved in /shenzihe/WD-Disk/output/exp5/poop_emoji/checkpoint-100/images/on_top_of_a_dirt_road/
11/30/2024 19:36:38 - INFO - __main__ - Running validation... 
 Generating 4 images with prompt:on top of a white rug.
11/30/2024 19:36:52 - INFO - root - Image have been saved in /shenzihe/WD-Disk/output/exp5/poop_emoji/checkpoint-100/images/on_top_of_a_white_rug/
11/30/2024 19:37:06 - INFO - root - Image have been saved in /shenzihe/WD-Disk/output/exp5/poop_emoji/checkpoint-100/images/on_top_of_a_white_rug/
11/30/2024 19:37:19 - INFO - root - Image have been saved in /shenzihe/WD-Disk/output/exp5/poop_emoji/checkpoint-100/images/on_top_of_a_white_rug/
11/30/2024 19:37:33 - INFO - root - Image have been saved in /shenzihe/WD-Disk/output/exp5/poop_emoji/checkpoint-100/images/on_top_of_a_white_rug/
11/30/2024 19:37:33 - INFO - __main__ - Running validation... 
 Generating 4 images with prompt:red.
11/30/2024 19:37:47 - INFO - root - Image have been saved in /shenzihe/WD-Disk/output/exp5/poop_emoji/checkpoint-100/images/red/
11/30/2024 19:38:00 - INFO - root - Image have been saved in /shenzihe/WD-Disk/output/exp5/poop_emoji/checkpoint-100/images/red/
11/30/2024 19:38:14 - INFO - root - Image have been saved in /shenzihe/WD-Disk/output/exp5/poop_emoji/checkpoint-100/images/red/
11/30/2024 19:38:27 - INFO - root - Image have been saved in /shenzihe/WD-Disk/output/exp5/poop_emoji/checkpoint-100/images/red/
11/30/2024 19:38:27 - INFO - __main__ - Running validation... 
 Generating 4 images with prompt:purple.
11/30/2024 19:38:41 - INFO - root - Image have been saved in /shenzihe/WD-Disk/output/exp5/poop_emoji/checkpoint-100/images/purple/
11/30/2024 19:38:55 - INFO - root - Image have been saved in /shenzihe/WD-Disk/output/exp5/poop_emoji/checkpoint-100/images/purple/
11/30/2024 19:39:08 - INFO - root - Image have been saved in /shenzihe/WD-Disk/output/exp5/poop_emoji/checkpoint-100/images/purple/
11/30/2024 19:39:22 - INFO - root - Image have been saved in /shenzihe/WD-Disk/output/exp5/poop_emoji/checkpoint-100/images/purple/
11/30/2024 19:39:22 - INFO - __main__ - Running validation... 
 Generating 4 images with prompt:shiny.
11/30/2024 19:39:36 - INFO - root - Image have been saved in /shenzihe/WD-Disk/output/exp5/poop_emoji/checkpoint-100/images/shiny/
11/30/2024 19:39:49 - INFO - root - Image have been saved in /shenzihe/WD-Disk/output/exp5/poop_emoji/checkpoint-100/images/shiny/
11/30/2024 19:40:03 - INFO - root - Image have been saved in /shenzihe/WD-Disk/output/exp5/poop_emoji/checkpoint-100/images/shiny/
11/30/2024 19:40:16 - INFO - root - Image have been saved in /shenzihe/WD-Disk/output/exp5/poop_emoji/checkpoint-100/images/shiny/
11/30/2024 19:40:16 - INFO - __main__ - Running validation... 
 Generating 4 images with prompt:wet.
11/30/2024 19:40:30 - INFO - root - Image have been saved in /shenzihe/WD-Disk/output/exp5/poop_emoji/checkpoint-100/images/wet/
11/30/2024 19:40:44 - INFO - root - Image have been saved in /shenzihe/WD-Disk/output/exp5/poop_emoji/checkpoint-100/images/wet/
11/30/2024 19:40:58 - INFO - root - Image have been saved in /shenzihe/WD-Disk/output/exp5/poop_emoji/checkpoint-100/images/wet/
11/30/2024 19:41:11 - INFO - root - Image have been saved in /shenzihe/WD-Disk/output/exp5/poop_emoji/checkpoint-100/images/wet/
11/30/2024 19:41:11 - INFO - __main__ - Running validation... 
 Generating 4 images with prompt:cube shaped.
11/30/2024 19:41:25 - INFO - root - Image have been saved in /shenzihe/WD-Disk/output/exp5/poop_emoji/checkpoint-100/images/cube_shaped/
11/30/2024 19:41:39 - INFO - root - Image have been saved in /shenzihe/WD-Disk/output/exp5/poop_emoji/checkpoint-100/images/cube_shaped/
11/30/2024 19:41:52 - INFO - root - Image have been saved in /shenzihe/WD-Disk/output/exp5/poop_emoji/checkpoint-100/images/cube_shaped/
11/30/2024 19:42:06 - INFO - root - Image have been saved in /shenzihe/WD-Disk/output/exp5/poop_emoji/checkpoint-100/images/cube_shaped/
