11/30/2024 16:06:50 - INFO - __main__ - Distributed environment: NO
Num processes: 1
Process index: 0
Local process index: 0
Device: cuda

Mixed precision type: no

11/30/2024 16:06:53 - INFO - root - freeze vision encoder
11/30/2024 16:07:04 - INFO - root - Loading pretrained model from /root/.cache/torch/hub/checkpoints/blip-diffusion
11/30/2024 16:07:04 - INFO - root - Loading pretrained BLIP2 Qformer weights.
11/30/2024 16:07:06 - INFO - root - Loading pretrained projection lyer weights.
11/30/2024 16:07:06 - INFO - root - Loading pretrained text encoder weights.
11/30/2024 16:07:06 - INFO - root - Loading pretrained vae weights.
11/30/2024 16:07:07 - INFO - root - Loading pretrained unet weights.
11/30/2024 16:07:14 - INFO - root - Using xformers.
11/30/2024 16:07:14 - INFO - root - Building datasets...
11/30/2024 16:07:25 - INFO - root - freeze vision encoder
11/30/2024 16:07:50 - INFO - root - load checkpoint from https://storage.googleapis.com/sfr-vision-language-research/LAVIS/models/BLIP2/blip2_pretrained_flant5xl.pth
11/30/2024 16:07:56 - INFO - __main__ - 
***** Running training *****
11/30/2024 16:07:56 - INFO - __main__ -   Num examples = 5
11/30/2024 16:07:56 - INFO - __main__ -   Num batches each epoch = 1
11/30/2024 16:07:56 - INFO - __main__ -   Num Epochs = 100
11/30/2024 16:07:56 - INFO - __main__ -   Instantaneous batch size per device = 6
11/30/2024 16:07:56 - INFO - __main__ -   Total train batch size (w. parallel, distributed & accumulation) = 6
11/30/2024 16:07:56 - INFO - __main__ -   Gradient Accumulation steps = 1
11/30/2024 16:07:56 - INFO - __main__ -   Total optimization steps = 100
11/30/2024 16:07:56 - INFO - __main__ -   Total parameters number = 1995356906
11/30/2024 16:07:56 - INFO - __main__ -   Training parameters number = 576349697
11/30/2024 16:10:38 - INFO - __main__ - Running validation... 
 Generating 4 images with prompt:in the jungle.
11/30/2024 16:10:52 - INFO - root - Image have been saved in /shenzihe/WD-Disk/output/exp5/dog7/checkpoint-100/images/in_the_jungle/
11/30/2024 16:11:06 - INFO - root - Image have been saved in /shenzihe/WD-Disk/output/exp5/dog7/checkpoint-100/images/in_the_jungle/
11/30/2024 16:11:19 - INFO - root - Image have been saved in /shenzihe/WD-Disk/output/exp5/dog7/checkpoint-100/images/in_the_jungle/
11/30/2024 16:11:33 - INFO - root - Image have been saved in /shenzihe/WD-Disk/output/exp5/dog7/checkpoint-100/images/in_the_jungle/
11/30/2024 16:11:33 - INFO - __main__ - Running validation... 
 Generating 4 images with prompt:in the snow.
11/30/2024 16:11:47 - INFO - root - Image have been saved in /shenzihe/WD-Disk/output/exp5/dog7/checkpoint-100/images/in_the_snow/
11/30/2024 16:12:01 - INFO - root - Image have been saved in /shenzihe/WD-Disk/output/exp5/dog7/checkpoint-100/images/in_the_snow/
11/30/2024 16:12:14 - INFO - root - Image have been saved in /shenzihe/WD-Disk/output/exp5/dog7/checkpoint-100/images/in_the_snow/
11/30/2024 16:12:28 - INFO - root - Image have been saved in /shenzihe/WD-Disk/output/exp5/dog7/checkpoint-100/images/in_the_snow/
11/30/2024 16:12:28 - INFO - __main__ - Running validation... 
 Generating 4 images with prompt:on the beach.
11/30/2024 16:12:42 - INFO - root - Image have been saved in /shenzihe/WD-Disk/output/exp5/dog7/checkpoint-100/images/on_the_beach/
11/30/2024 16:12:56 - INFO - root - Image have been saved in /shenzihe/WD-Disk/output/exp5/dog7/checkpoint-100/images/on_the_beach/
11/30/2024 16:13:09 - INFO - root - Image have been saved in /shenzihe/WD-Disk/output/exp5/dog7/checkpoint-100/images/on_the_beach/
11/30/2024 16:13:23 - INFO - root - Image have been saved in /shenzihe/WD-Disk/output/exp5/dog7/checkpoint-100/images/on_the_beach/
11/30/2024 16:13:23 - INFO - __main__ - Running validation... 
 Generating 4 images with prompt:on a cobblestone street.
11/30/2024 16:13:37 - INFO - root - Image have been saved in /shenzihe/WD-Disk/output/exp5/dog7/checkpoint-100/images/on_a_cobblestone_street/
11/30/2024 16:13:50 - INFO - root - Image have been saved in /shenzihe/WD-Disk/output/exp5/dog7/checkpoint-100/images/on_a_cobblestone_street/
11/30/2024 16:14:04 - INFO - root - Image have been saved in /shenzihe/WD-Disk/output/exp5/dog7/checkpoint-100/images/on_a_cobblestone_street/
11/30/2024 16:14:18 - INFO - root - Image have been saved in /shenzihe/WD-Disk/output/exp5/dog7/checkpoint-100/images/on_a_cobblestone_street/
11/30/2024 16:14:18 - INFO - __main__ - Running validation... 
 Generating 4 images with prompt:on top of pink fabric.
11/30/2024 16:14:32 - INFO - root - Image have been saved in /shenzihe/WD-Disk/output/exp5/dog7/checkpoint-100/images/on_top_of_pink_fabric/
11/30/2024 16:14:46 - INFO - root - Image have been saved in /shenzihe/WD-Disk/output/exp5/dog7/checkpoint-100/images/on_top_of_pink_fabric/
11/30/2024 16:14:59 - INFO - root - Image have been saved in /shenzihe/WD-Disk/output/exp5/dog7/checkpoint-100/images/on_top_of_pink_fabric/
11/30/2024 16:15:13 - INFO - root - Image have been saved in /shenzihe/WD-Disk/output/exp5/dog7/checkpoint-100/images/on_top_of_pink_fabric/
11/30/2024 16:15:13 - INFO - __main__ - Running validation... 
 Generating 4 images with prompt:on top of a wooden floor.
11/30/2024 16:15:27 - INFO - root - Image have been saved in /shenzihe/WD-Disk/output/exp5/dog7/checkpoint-100/images/on_top_of_a_wooden_floor/
11/30/2024 16:15:40 - INFO - root - Image have been saved in /shenzihe/WD-Disk/output/exp5/dog7/checkpoint-100/images/on_top_of_a_wooden_floor/
11/30/2024 16:15:54 - INFO - root - Image have been saved in /shenzihe/WD-Disk/output/exp5/dog7/checkpoint-100/images/on_top_of_a_wooden_floor/
11/30/2024 16:16:08 - INFO - root - Image have been saved in /shenzihe/WD-Disk/output/exp5/dog7/checkpoint-100/images/on_top_of_a_wooden_floor/
11/30/2024 16:16:08 - INFO - __main__ - Running validation... 
 Generating 4 images with prompt:with a city in the background.
11/30/2024 16:16:21 - INFO - root - Image have been saved in /shenzihe/WD-Disk/output/exp5/dog7/checkpoint-100/images/with_a_city_in_the_background/
11/30/2024 16:16:35 - INFO - root - Image have been saved in /shenzihe/WD-Disk/output/exp5/dog7/checkpoint-100/images/with_a_city_in_the_background/
11/30/2024 16:16:49 - INFO - root - Image have been saved in /shenzihe/WD-Disk/output/exp5/dog7/checkpoint-100/images/with_a_city_in_the_background/
11/30/2024 16:17:03 - INFO - root - Image have been saved in /shenzihe/WD-Disk/output/exp5/dog7/checkpoint-100/images/with_a_city_in_the_background/
11/30/2024 16:17:03 - INFO - __main__ - Running validation... 
 Generating 4 images with prompt:with a mountain in the background.
11/30/2024 16:17:16 - INFO - root - Image have been saved in /shenzihe/WD-Disk/output/exp5/dog7/checkpoint-100/images/with_a_mountain_in_the_background/
11/30/2024 16:17:30 - INFO - root - Image have been saved in /shenzihe/WD-Disk/output/exp5/dog7/checkpoint-100/images/with_a_mountain_in_the_background/
11/30/2024 16:17:44 - INFO - root - Image have been saved in /shenzihe/WD-Disk/output/exp5/dog7/checkpoint-100/images/with_a_mountain_in_the_background/
11/30/2024 16:17:57 - INFO - root - Image have been saved in /shenzihe/WD-Disk/output/exp5/dog7/checkpoint-100/images/with_a_mountain_in_the_background/
11/30/2024 16:17:57 - INFO - __main__ - Running validation... 
 Generating 4 images with prompt:with a blue house in the background.
11/30/2024 16:18:11 - INFO - root - Image have been saved in /shenzihe/WD-Disk/output/exp5/dog7/checkpoint-100/images/with_a_blue_house_in_the_background/
11/30/2024 16:18:25 - INFO - root - Image have been saved in /shenzihe/WD-Disk/output/exp5/dog7/checkpoint-100/images/with_a_blue_house_in_the_background/
11/30/2024 16:18:38 - INFO - root - Image have been saved in /shenzihe/WD-Disk/output/exp5/dog7/checkpoint-100/images/with_a_blue_house_in_the_background/
11/30/2024 16:18:52 - INFO - root - Image have been saved in /shenzihe/WD-Disk/output/exp5/dog7/checkpoint-100/images/with_a_blue_house_in_the_background/
11/30/2024 16:18:52 - INFO - __main__ - Running validation... 
 Generating 4 images with prompt:on top of a purple rug in a forest.
11/30/2024 16:19:06 - INFO - root - Image have been saved in /shenzihe/WD-Disk/output/exp5/dog7/checkpoint-100/images/on_top_of_a_purple_rug_in_a_forest/
11/30/2024 16:19:20 - INFO - root - Image have been saved in /shenzihe/WD-Disk/output/exp5/dog7/checkpoint-100/images/on_top_of_a_purple_rug_in_a_forest/
11/30/2024 16:19:33 - INFO - root - Image have been saved in /shenzihe/WD-Disk/output/exp5/dog7/checkpoint-100/images/on_top_of_a_purple_rug_in_a_forest/
11/30/2024 16:19:47 - INFO - root - Image have been saved in /shenzihe/WD-Disk/output/exp5/dog7/checkpoint-100/images/on_top_of_a_purple_rug_in_a_forest/
11/30/2024 16:19:47 - INFO - __main__ - Running validation... 
 Generating 4 images with prompt:with a wheat field in the background.
11/30/2024 16:20:01 - INFO - root - Image have been saved in /shenzihe/WD-Disk/output/exp5/dog7/checkpoint-100/images/with_a_wheat_field_in_the_background/
11/30/2024 16:20:14 - INFO - root - Image have been saved in /shenzihe/WD-Disk/output/exp5/dog7/checkpoint-100/images/with_a_wheat_field_in_the_background/
11/30/2024 16:20:28 - INFO - root - Image have been saved in /shenzihe/WD-Disk/output/exp5/dog7/checkpoint-100/images/with_a_wheat_field_in_the_background/
11/30/2024 16:20:42 - INFO - root - Image have been saved in /shenzihe/WD-Disk/output/exp5/dog7/checkpoint-100/images/with_a_wheat_field_in_the_background/
11/30/2024 16:20:42 - INFO - __main__ - Running validation... 
 Generating 4 images with prompt:with a tree and autumn leaves in the background.
11/30/2024 16:20:55 - INFO - root - Image have been saved in /shenzihe/WD-Disk/output/exp5/dog7/checkpoint-100/images/with_a_tree_and_autumn_leaves_in_the_background/
11/30/2024 16:21:09 - INFO - root - Image have been saved in /shenzihe/WD-Disk/output/exp5/dog7/checkpoint-100/images/with_a_tree_and_autumn_leaves_in_the_background/
11/30/2024 16:21:23 - INFO - root - Image have been saved in /shenzihe/WD-Disk/output/exp5/dog7/checkpoint-100/images/with_a_tree_and_autumn_leaves_in_the_background/
11/30/2024 16:21:36 - INFO - root - Image have been saved in /shenzihe/WD-Disk/output/exp5/dog7/checkpoint-100/images/with_a_tree_and_autumn_leaves_in_the_background/
11/30/2024 16:21:36 - INFO - __main__ - Running validation... 
 Generating 4 images with prompt:with the Eiffel Tower in the background.
11/30/2024 16:21:50 - INFO - root - Image have been saved in /shenzihe/WD-Disk/output/exp5/dog7/checkpoint-100/images/with_the_Eiffel_Tower_in_the_background/
11/30/2024 16:22:04 - INFO - root - Image have been saved in /shenzihe/WD-Disk/output/exp5/dog7/checkpoint-100/images/with_the_Eiffel_Tower_in_the_background/
11/30/2024 16:22:17 - INFO - root - Image have been saved in /shenzihe/WD-Disk/output/exp5/dog7/checkpoint-100/images/with_the_Eiffel_Tower_in_the_background/
11/30/2024 16:22:31 - INFO - root - Image have been saved in /shenzihe/WD-Disk/output/exp5/dog7/checkpoint-100/images/with_the_Eiffel_Tower_in_the_background/
11/30/2024 16:22:31 - INFO - __main__ - Running validation... 
 Generating 4 images with prompt:floating on top of water.
11/30/2024 16:22:45 - INFO - root - Image have been saved in /shenzihe/WD-Disk/output/exp5/dog7/checkpoint-100/images/floating_on_top_of_water/
11/30/2024 16:22:59 - INFO - root - Image have been saved in /shenzihe/WD-Disk/output/exp5/dog7/checkpoint-100/images/floating_on_top_of_water/
11/30/2024 16:23:13 - INFO - root - Image have been saved in /shenzihe/WD-Disk/output/exp5/dog7/checkpoint-100/images/floating_on_top_of_water/
11/30/2024 16:23:26 - INFO - root - Image have been saved in /shenzihe/WD-Disk/output/exp5/dog7/checkpoint-100/images/floating_on_top_of_water/
11/30/2024 16:23:26 - INFO - __main__ - Running validation... 
 Generating 4 images with prompt:floating in an ocean of milk.
11/30/2024 16:23:40 - INFO - root - Image have been saved in /shenzihe/WD-Disk/output/exp5/dog7/checkpoint-100/images/floating_in_an_ocean_of_milk/
11/30/2024 16:23:54 - INFO - root - Image have been saved in /shenzihe/WD-Disk/output/exp5/dog7/checkpoint-100/images/floating_in_an_ocean_of_milk/
11/30/2024 16:24:07 - INFO - root - Image have been saved in /shenzihe/WD-Disk/output/exp5/dog7/checkpoint-100/images/floating_in_an_ocean_of_milk/
11/30/2024 16:24:21 - INFO - root - Image have been saved in /shenzihe/WD-Disk/output/exp5/dog7/checkpoint-100/images/floating_in_an_ocean_of_milk/
11/30/2024 16:24:21 - INFO - __main__ - Running validation... 
 Generating 4 images with prompt:on top of green grass with sunflowers around it.
11/30/2024 16:24:35 - INFO - root - Image have been saved in /shenzihe/WD-Disk/output/exp5/dog7/checkpoint-100/images/on_top_of_green_grass_with_sunflowers_around_it/
11/30/2024 16:24:48 - INFO - root - Image have been saved in /shenzihe/WD-Disk/output/exp5/dog7/checkpoint-100/images/on_top_of_green_grass_with_sunflowers_around_it/
11/30/2024 16:25:02 - INFO - root - Image have been saved in /shenzihe/WD-Disk/output/exp5/dog7/checkpoint-100/images/on_top_of_green_grass_with_sunflowers_around_it/
11/30/2024 16:25:16 - INFO - root - Image have been saved in /shenzihe/WD-Disk/output/exp5/dog7/checkpoint-100/images/on_top_of_green_grass_with_sunflowers_around_it/
11/30/2024 16:25:16 - INFO - __main__ - Running validation... 
 Generating 4 images with prompt:on top of a mirror.
11/30/2024 16:25:30 - INFO - root - Image have been saved in /shenzihe/WD-Disk/output/exp5/dog7/checkpoint-100/images/on_top_of_a_mirror/
11/30/2024 16:25:43 - INFO - root - Image have been saved in /shenzihe/WD-Disk/output/exp5/dog7/checkpoint-100/images/on_top_of_a_mirror/
11/30/2024 16:25:57 - INFO - root - Image have been saved in /shenzihe/WD-Disk/output/exp5/dog7/checkpoint-100/images/on_top_of_a_mirror/
11/30/2024 16:26:11 - INFO - root - Image have been saved in /shenzihe/WD-Disk/output/exp5/dog7/checkpoint-100/images/on_top_of_a_mirror/
11/30/2024 16:26:11 - INFO - __main__ - Running validation... 
 Generating 4 images with prompt:on top of the sidewalk in a crowded street.
11/30/2024 16:26:24 - INFO - root - Image have been saved in /shenzihe/WD-Disk/output/exp5/dog7/checkpoint-100/images/on_top_of_the_sidewalk_in_a_crowded_street/
11/30/2024 16:26:38 - INFO - root - Image have been saved in /shenzihe/WD-Disk/output/exp5/dog7/checkpoint-100/images/on_top_of_the_sidewalk_in_a_crowded_street/
11/30/2024 16:26:51 - INFO - root - Image have been saved in /shenzihe/WD-Disk/output/exp5/dog7/checkpoint-100/images/on_top_of_the_sidewalk_in_a_crowded_street/
11/30/2024 16:27:05 - INFO - root - Image have been saved in /shenzihe/WD-Disk/output/exp5/dog7/checkpoint-100/images/on_top_of_the_sidewalk_in_a_crowded_street/
11/30/2024 16:27:05 - INFO - __main__ - Running validation... 
 Generating 4 images with prompt:on top of a dirt road.
11/30/2024 16:27:19 - INFO - root - Image have been saved in /shenzihe/WD-Disk/output/exp5/dog7/checkpoint-100/images/on_top_of_a_dirt_road/
11/30/2024 16:27:32 - INFO - root - Image have been saved in /shenzihe/WD-Disk/output/exp5/dog7/checkpoint-100/images/on_top_of_a_dirt_road/
11/30/2024 16:27:46 - INFO - root - Image have been saved in /shenzihe/WD-Disk/output/exp5/dog7/checkpoint-100/images/on_top_of_a_dirt_road/
11/30/2024 16:28:00 - INFO - root - Image have been saved in /shenzihe/WD-Disk/output/exp5/dog7/checkpoint-100/images/on_top_of_a_dirt_road/
11/30/2024 16:28:00 - INFO - __main__ - Running validation... 
 Generating 4 images with prompt:on top of a white rug.
11/30/2024 16:28:13 - INFO - root - Image have been saved in /shenzihe/WD-Disk/output/exp5/dog7/checkpoint-100/images/on_top_of_a_white_rug/
11/30/2024 16:28:27 - INFO - root - Image have been saved in /shenzihe/WD-Disk/output/exp5/dog7/checkpoint-100/images/on_top_of_a_white_rug/
11/30/2024 16:28:41 - INFO - root - Image have been saved in /shenzihe/WD-Disk/output/exp5/dog7/checkpoint-100/images/on_top_of_a_white_rug/
11/30/2024 16:28:54 - INFO - root - Image have been saved in /shenzihe/WD-Disk/output/exp5/dog7/checkpoint-100/images/on_top_of_a_white_rug/
11/30/2024 16:28:54 - INFO - __main__ - Running validation... 
 Generating 4 images with prompt:red.
11/30/2024 16:29:08 - INFO - root - Image have been saved in /shenzihe/WD-Disk/output/exp5/dog7/checkpoint-100/images/red/
11/30/2024 16:29:22 - INFO - root - Image have been saved in /shenzihe/WD-Disk/output/exp5/dog7/checkpoint-100/images/red/
11/30/2024 16:29:35 - INFO - root - Image have been saved in /shenzihe/WD-Disk/output/exp5/dog7/checkpoint-100/images/red/
11/30/2024 16:29:49 - INFO - root - Image have been saved in /shenzihe/WD-Disk/output/exp5/dog7/checkpoint-100/images/red/
11/30/2024 16:29:49 - INFO - __main__ - Running validation... 
 Generating 4 images with prompt:purple.
11/30/2024 16:30:03 - INFO - root - Image have been saved in /shenzihe/WD-Disk/output/exp5/dog7/checkpoint-100/images/purple/
11/30/2024 16:30:16 - INFO - root - Image have been saved in /shenzihe/WD-Disk/output/exp5/dog7/checkpoint-100/images/purple/
11/30/2024 16:30:30 - INFO - root - Image have been saved in /shenzihe/WD-Disk/output/exp5/dog7/checkpoint-100/images/purple/
11/30/2024 16:30:44 - INFO - root - Image have been saved in /shenzihe/WD-Disk/output/exp5/dog7/checkpoint-100/images/purple/
11/30/2024 16:30:44 - INFO - __main__ - Running validation... 
 Generating 4 images with prompt:shiny.
11/30/2024 16:30:57 - INFO - root - Image have been saved in /shenzihe/WD-Disk/output/exp5/dog7/checkpoint-100/images/shiny/
11/30/2024 16:31:11 - INFO - root - Image have been saved in /shenzihe/WD-Disk/output/exp5/dog7/checkpoint-100/images/shiny/
11/30/2024 16:31:25 - INFO - root - Image have been saved in /shenzihe/WD-Disk/output/exp5/dog7/checkpoint-100/images/shiny/
11/30/2024 16:31:38 - INFO - root - Image have been saved in /shenzihe/WD-Disk/output/exp5/dog7/checkpoint-100/images/shiny/
11/30/2024 16:31:38 - INFO - __main__ - Running validation... 
 Generating 4 images with prompt:wet.
11/30/2024 16:31:52 - INFO - root - Image have been saved in /shenzihe/WD-Disk/output/exp5/dog7/checkpoint-100/images/wet/
11/30/2024 16:32:06 - INFO - root - Image have been saved in /shenzihe/WD-Disk/output/exp5/dog7/checkpoint-100/images/wet/
11/30/2024 16:32:19 - INFO - root - Image have been saved in /shenzihe/WD-Disk/output/exp5/dog7/checkpoint-100/images/wet/
11/30/2024 16:32:33 - INFO - root - Image have been saved in /shenzihe/WD-Disk/output/exp5/dog7/checkpoint-100/images/wet/
11/30/2024 16:32:33 - INFO - __main__ - Running validation... 
 Generating 4 images with prompt:cube shaped.
11/30/2024 16:32:47 - INFO - root - Image have been saved in /shenzihe/WD-Disk/output/exp5/dog7/checkpoint-100/images/cube_shaped/
11/30/2024 16:33:00 - INFO - root - Image have been saved in /shenzihe/WD-Disk/output/exp5/dog7/checkpoint-100/images/cube_shaped/
11/30/2024 16:33:14 - INFO - root - Image have been saved in /shenzihe/WD-Disk/output/exp5/dog7/checkpoint-100/images/cube_shaped/
11/30/2024 16:33:28 - INFO - root - Image have been saved in /shenzihe/WD-Disk/output/exp5/dog7/checkpoint-100/images/cube_shaped/
