11/30/2024 21:02:21 - INFO - __main__ - Distributed environment: NO
Num processes: 1
Process index: 0
Local process index: 0
Device: cuda

Mixed precision type: no

11/30/2024 21:02:26 - INFO - root - freeze vision encoder
11/30/2024 21:02:35 - INFO - root - Loading pretrained model from /root/.cache/torch/hub/checkpoints/blip-diffusion
11/30/2024 21:02:35 - INFO - root - Loading pretrained BLIP2 Qformer weights.
11/30/2024 21:02:37 - INFO - root - Loading pretrained projection lyer weights.
11/30/2024 21:02:37 - INFO - root - Loading pretrained text encoder weights.
11/30/2024 21:02:38 - INFO - root - Loading pretrained vae weights.
11/30/2024 21:02:38 - INFO - root - Loading pretrained unet weights.
11/30/2024 21:02:45 - INFO - root - Using xformers.
11/30/2024 21:02:45 - INFO - root - Building datasets...
11/30/2024 21:02:55 - INFO - root - freeze vision encoder
11/30/2024 21:03:19 - INFO - root - load checkpoint from https://storage.googleapis.com/sfr-vision-language-research/LAVIS/models/BLIP2/blip2_pretrained_flant5xl.pth
11/30/2024 21:03:26 - INFO - __main__ - 
***** Running training *****
11/30/2024 21:03:26 - INFO - __main__ -   Num examples = 6
11/30/2024 21:03:26 - INFO - __main__ -   Num batches each epoch = 1
11/30/2024 21:03:26 - INFO - __main__ -   Num Epochs = 100
11/30/2024 21:03:26 - INFO - __main__ -   Instantaneous batch size per device = 6
11/30/2024 21:03:26 - INFO - __main__ -   Total train batch size (w. parallel, distributed & accumulation) = 6
11/30/2024 21:03:26 - INFO - __main__ -   Gradient Accumulation steps = 1
11/30/2024 21:03:26 - INFO - __main__ -   Total optimization steps = 100
11/30/2024 21:03:26 - INFO - __main__ -   Total parameters number = 1995356906
11/30/2024 21:03:26 - INFO - __main__ -   Training parameters number = 576349697
11/30/2024 21:06:44 - INFO - __main__ - Running validation... 
 Generating 4 images with prompt:in the jungle.
11/30/2024 21:06:58 - INFO - root - Image have been saved in /shenzihe/WD-Disk/output/exp5/shiny_sneaker/checkpoint-100/images/in_the_jungle/
11/30/2024 21:07:11 - INFO - root - Image have been saved in /shenzihe/WD-Disk/output/exp5/shiny_sneaker/checkpoint-100/images/in_the_jungle/
11/30/2024 21:07:25 - INFO - root - Image have been saved in /shenzihe/WD-Disk/output/exp5/shiny_sneaker/checkpoint-100/images/in_the_jungle/
11/30/2024 21:07:39 - INFO - root - Image have been saved in /shenzihe/WD-Disk/output/exp5/shiny_sneaker/checkpoint-100/images/in_the_jungle/
11/30/2024 21:07:39 - INFO - __main__ - Running validation... 
 Generating 4 images with prompt:in the snow.
11/30/2024 21:07:52 - INFO - root - Image have been saved in /shenzihe/WD-Disk/output/exp5/shiny_sneaker/checkpoint-100/images/in_the_snow/
11/30/2024 21:08:06 - INFO - root - Image have been saved in /shenzihe/WD-Disk/output/exp5/shiny_sneaker/checkpoint-100/images/in_the_snow/
11/30/2024 21:08:19 - INFO - root - Image have been saved in /shenzihe/WD-Disk/output/exp5/shiny_sneaker/checkpoint-100/images/in_the_snow/
11/30/2024 21:08:33 - INFO - root - Image have been saved in /shenzihe/WD-Disk/output/exp5/shiny_sneaker/checkpoint-100/images/in_the_snow/
11/30/2024 21:08:33 - INFO - __main__ - Running validation... 
 Generating 4 images with prompt:on the beach.
11/30/2024 21:08:47 - INFO - root - Image have been saved in /shenzihe/WD-Disk/output/exp5/shiny_sneaker/checkpoint-100/images/on_the_beach/
11/30/2024 21:09:00 - INFO - root - Image have been saved in /shenzihe/WD-Disk/output/exp5/shiny_sneaker/checkpoint-100/images/on_the_beach/
11/30/2024 21:09:14 - INFO - root - Image have been saved in /shenzihe/WD-Disk/output/exp5/shiny_sneaker/checkpoint-100/images/on_the_beach/
11/30/2024 21:09:27 - INFO - root - Image have been saved in /shenzihe/WD-Disk/output/exp5/shiny_sneaker/checkpoint-100/images/on_the_beach/
11/30/2024 21:09:28 - INFO - __main__ - Running validation... 
 Generating 4 images with prompt:on a cobblestone street.
11/30/2024 21:09:41 - INFO - root - Image have been saved in /shenzihe/WD-Disk/output/exp5/shiny_sneaker/checkpoint-100/images/on_a_cobblestone_street/
11/30/2024 21:09:55 - INFO - root - Image have been saved in /shenzihe/WD-Disk/output/exp5/shiny_sneaker/checkpoint-100/images/on_a_cobblestone_street/
11/30/2024 21:10:08 - INFO - root - Image have been saved in /shenzihe/WD-Disk/output/exp5/shiny_sneaker/checkpoint-100/images/on_a_cobblestone_street/
11/30/2024 21:10:22 - INFO - root - Image have been saved in /shenzihe/WD-Disk/output/exp5/shiny_sneaker/checkpoint-100/images/on_a_cobblestone_street/
11/30/2024 21:10:22 - INFO - __main__ - Running validation... 
 Generating 4 images with prompt:on top of pink fabric.
11/30/2024 21:10:36 - INFO - root - Image have been saved in /shenzihe/WD-Disk/output/exp5/shiny_sneaker/checkpoint-100/images/on_top_of_pink_fabric/
11/30/2024 21:10:49 - INFO - root - Image have been saved in /shenzihe/WD-Disk/output/exp5/shiny_sneaker/checkpoint-100/images/on_top_of_pink_fabric/
11/30/2024 21:11:03 - INFO - root - Image have been saved in /shenzihe/WD-Disk/output/exp5/shiny_sneaker/checkpoint-100/images/on_top_of_pink_fabric/
11/30/2024 21:11:17 - INFO - root - Image have been saved in /shenzihe/WD-Disk/output/exp5/shiny_sneaker/checkpoint-100/images/on_top_of_pink_fabric/
11/30/2024 21:11:17 - INFO - __main__ - Running validation... 
 Generating 4 images with prompt:on top of a wooden floor.
11/30/2024 21:11:30 - INFO - root - Image have been saved in /shenzihe/WD-Disk/output/exp5/shiny_sneaker/checkpoint-100/images/on_top_of_a_wooden_floor/
11/30/2024 21:11:44 - INFO - root - Image have been saved in /shenzihe/WD-Disk/output/exp5/shiny_sneaker/checkpoint-100/images/on_top_of_a_wooden_floor/
11/30/2024 21:11:57 - INFO - root - Image have been saved in /shenzihe/WD-Disk/output/exp5/shiny_sneaker/checkpoint-100/images/on_top_of_a_wooden_floor/
11/30/2024 21:12:11 - INFO - root - Image have been saved in /shenzihe/WD-Disk/output/exp5/shiny_sneaker/checkpoint-100/images/on_top_of_a_wooden_floor/
11/30/2024 21:12:11 - INFO - __main__ - Running validation... 
 Generating 4 images with prompt:with a city in the background.
11/30/2024 21:12:25 - INFO - root - Image have been saved in /shenzihe/WD-Disk/output/exp5/shiny_sneaker/checkpoint-100/images/with_a_city_in_the_background/
11/30/2024 21:12:38 - INFO - root - Image have been saved in /shenzihe/WD-Disk/output/exp5/shiny_sneaker/checkpoint-100/images/with_a_city_in_the_background/
11/30/2024 21:12:52 - INFO - root - Image have been saved in /shenzihe/WD-Disk/output/exp5/shiny_sneaker/checkpoint-100/images/with_a_city_in_the_background/
11/30/2024 21:13:06 - INFO - root - Image have been saved in /shenzihe/WD-Disk/output/exp5/shiny_sneaker/checkpoint-100/images/with_a_city_in_the_background/
11/30/2024 21:13:06 - INFO - __main__ - Running validation... 
 Generating 4 images with prompt:with a mountain in the background.
11/30/2024 21:13:19 - INFO - root - Image have been saved in /shenzihe/WD-Disk/output/exp5/shiny_sneaker/checkpoint-100/images/with_a_mountain_in_the_background/
11/30/2024 21:13:33 - INFO - root - Image have been saved in /shenzihe/WD-Disk/output/exp5/shiny_sneaker/checkpoint-100/images/with_a_mountain_in_the_background/
11/30/2024 21:13:47 - INFO - root - Image have been saved in /shenzihe/WD-Disk/output/exp5/shiny_sneaker/checkpoint-100/images/with_a_mountain_in_the_background/
11/30/2024 21:14:00 - INFO - root - Image have been saved in /shenzihe/WD-Disk/output/exp5/shiny_sneaker/checkpoint-100/images/with_a_mountain_in_the_background/
11/30/2024 21:14:00 - INFO - __main__ - Running validation... 
 Generating 4 images with prompt:with a blue house in the background.
11/30/2024 21:14:14 - INFO - root - Image have been saved in /shenzihe/WD-Disk/output/exp5/shiny_sneaker/checkpoint-100/images/with_a_blue_house_in_the_background/
11/30/2024 21:14:28 - INFO - root - Image have been saved in /shenzihe/WD-Disk/output/exp5/shiny_sneaker/checkpoint-100/images/with_a_blue_house_in_the_background/
11/30/2024 21:14:41 - INFO - root - Image have been saved in /shenzihe/WD-Disk/output/exp5/shiny_sneaker/checkpoint-100/images/with_a_blue_house_in_the_background/
11/30/2024 21:14:55 - INFO - root - Image have been saved in /shenzihe/WD-Disk/output/exp5/shiny_sneaker/checkpoint-100/images/with_a_blue_house_in_the_background/
11/30/2024 21:14:55 - INFO - __main__ - Running validation... 
 Generating 4 images with prompt:on top of a purple rug in a forest.
11/30/2024 21:15:08 - INFO - root - Image have been saved in /shenzihe/WD-Disk/output/exp5/shiny_sneaker/checkpoint-100/images/on_top_of_a_purple_rug_in_a_forest/
11/30/2024 21:15:22 - INFO - root - Image have been saved in /shenzihe/WD-Disk/output/exp5/shiny_sneaker/checkpoint-100/images/on_top_of_a_purple_rug_in_a_forest/
11/30/2024 21:15:36 - INFO - root - Image have been saved in /shenzihe/WD-Disk/output/exp5/shiny_sneaker/checkpoint-100/images/on_top_of_a_purple_rug_in_a_forest/
11/30/2024 21:15:49 - INFO - root - Image have been saved in /shenzihe/WD-Disk/output/exp5/shiny_sneaker/checkpoint-100/images/on_top_of_a_purple_rug_in_a_forest/
11/30/2024 21:15:49 - INFO - __main__ - Running validation... 
 Generating 4 images with prompt:with a wheat field in the background.
11/30/2024 21:16:03 - INFO - root - Image have been saved in /shenzihe/WD-Disk/output/exp5/shiny_sneaker/checkpoint-100/images/with_a_wheat_field_in_the_background/
11/30/2024 21:16:17 - INFO - root - Image have been saved in /shenzihe/WD-Disk/output/exp5/shiny_sneaker/checkpoint-100/images/with_a_wheat_field_in_the_background/
11/30/2024 21:16:30 - INFO - root - Image have been saved in /shenzihe/WD-Disk/output/exp5/shiny_sneaker/checkpoint-100/images/with_a_wheat_field_in_the_background/
11/30/2024 21:16:44 - INFO - root - Image have been saved in /shenzihe/WD-Disk/output/exp5/shiny_sneaker/checkpoint-100/images/with_a_wheat_field_in_the_background/
11/30/2024 21:16:44 - INFO - __main__ - Running validation... 
 Generating 4 images with prompt:with a tree and autumn leaves in the background.
11/30/2024 21:16:58 - INFO - root - Image have been saved in /shenzihe/WD-Disk/output/exp5/shiny_sneaker/checkpoint-100/images/with_a_tree_and_autumn_leaves_in_the_background/
11/30/2024 21:17:11 - INFO - root - Image have been saved in /shenzihe/WD-Disk/output/exp5/shiny_sneaker/checkpoint-100/images/with_a_tree_and_autumn_leaves_in_the_background/
11/30/2024 21:17:25 - INFO - root - Image have been saved in /shenzihe/WD-Disk/output/exp5/shiny_sneaker/checkpoint-100/images/with_a_tree_and_autumn_leaves_in_the_background/
11/30/2024 21:17:38 - INFO - root - Image have been saved in /shenzihe/WD-Disk/output/exp5/shiny_sneaker/checkpoint-100/images/with_a_tree_and_autumn_leaves_in_the_background/
11/30/2024 21:17:38 - INFO - __main__ - Running validation... 
 Generating 4 images with prompt:with the Eiffel Tower in the background.
11/30/2024 21:17:52 - INFO - root - Image have been saved in /shenzihe/WD-Disk/output/exp5/shiny_sneaker/checkpoint-100/images/with_the_Eiffel_Tower_in_the_background/
11/30/2024 21:18:06 - INFO - root - Image have been saved in /shenzihe/WD-Disk/output/exp5/shiny_sneaker/checkpoint-100/images/with_the_Eiffel_Tower_in_the_background/
11/30/2024 21:18:19 - INFO - root - Image have been saved in /shenzihe/WD-Disk/output/exp5/shiny_sneaker/checkpoint-100/images/with_the_Eiffel_Tower_in_the_background/
11/30/2024 21:18:33 - INFO - root - Image have been saved in /shenzihe/WD-Disk/output/exp5/shiny_sneaker/checkpoint-100/images/with_the_Eiffel_Tower_in_the_background/
11/30/2024 21:18:33 - INFO - __main__ - Running validation... 
 Generating 4 images with prompt:floating on top of water.
11/30/2024 21:18:47 - INFO - root - Image have been saved in /shenzihe/WD-Disk/output/exp5/shiny_sneaker/checkpoint-100/images/floating_on_top_of_water/
11/30/2024 21:19:00 - INFO - root - Image have been saved in /shenzihe/WD-Disk/output/exp5/shiny_sneaker/checkpoint-100/images/floating_on_top_of_water/
11/30/2024 21:19:14 - INFO - root - Image have been saved in /shenzihe/WD-Disk/output/exp5/shiny_sneaker/checkpoint-100/images/floating_on_top_of_water/
11/30/2024 21:19:27 - INFO - root - Image have been saved in /shenzihe/WD-Disk/output/exp5/shiny_sneaker/checkpoint-100/images/floating_on_top_of_water/
11/30/2024 21:19:27 - INFO - __main__ - Running validation... 
 Generating 4 images with prompt:floating in an ocean of milk.
11/30/2024 21:19:41 - INFO - root - Image have been saved in /shenzihe/WD-Disk/output/exp5/shiny_sneaker/checkpoint-100/images/floating_in_an_ocean_of_milk/
11/30/2024 21:19:55 - INFO - root - Image have been saved in /shenzihe/WD-Disk/output/exp5/shiny_sneaker/checkpoint-100/images/floating_in_an_ocean_of_milk/
11/30/2024 21:20:08 - INFO - root - Image have been saved in /shenzihe/WD-Disk/output/exp5/shiny_sneaker/checkpoint-100/images/floating_in_an_ocean_of_milk/
11/30/2024 21:20:22 - INFO - root - Image have been saved in /shenzihe/WD-Disk/output/exp5/shiny_sneaker/checkpoint-100/images/floating_in_an_ocean_of_milk/
11/30/2024 21:20:22 - INFO - __main__ - Running validation... 
 Generating 4 images with prompt:on top of green grass with sunflowers around it.
11/30/2024 21:20:36 - INFO - root - Image have been saved in /shenzihe/WD-Disk/output/exp5/shiny_sneaker/checkpoint-100/images/on_top_of_green_grass_with_sunflowers_around_it/
11/30/2024 21:20:49 - INFO - root - Image have been saved in /shenzihe/WD-Disk/output/exp5/shiny_sneaker/checkpoint-100/images/on_top_of_green_grass_with_sunflowers_around_it/
11/30/2024 21:21:03 - INFO - root - Image have been saved in /shenzihe/WD-Disk/output/exp5/shiny_sneaker/checkpoint-100/images/on_top_of_green_grass_with_sunflowers_around_it/
11/30/2024 21:21:16 - INFO - root - Image have been saved in /shenzihe/WD-Disk/output/exp5/shiny_sneaker/checkpoint-100/images/on_top_of_green_grass_with_sunflowers_around_it/
11/30/2024 21:21:16 - INFO - __main__ - Running validation... 
 Generating 4 images with prompt:on top of a mirror.
11/30/2024 21:21:30 - INFO - root - Image have been saved in /shenzihe/WD-Disk/output/exp5/shiny_sneaker/checkpoint-100/images/on_top_of_a_mirror/
11/30/2024 21:21:44 - INFO - root - Image have been saved in /shenzihe/WD-Disk/output/exp5/shiny_sneaker/checkpoint-100/images/on_top_of_a_mirror/
11/30/2024 21:21:57 - INFO - root - Image have been saved in /shenzihe/WD-Disk/output/exp5/shiny_sneaker/checkpoint-100/images/on_top_of_a_mirror/
11/30/2024 21:22:11 - INFO - root - Image have been saved in /shenzihe/WD-Disk/output/exp5/shiny_sneaker/checkpoint-100/images/on_top_of_a_mirror/
11/30/2024 21:22:11 - INFO - __main__ - Running validation... 
 Generating 4 images with prompt:on top of the sidewalk in a crowded street.
11/30/2024 21:22:24 - INFO - root - Image have been saved in /shenzihe/WD-Disk/output/exp5/shiny_sneaker/checkpoint-100/images/on_top_of_the_sidewalk_in_a_crowded_street/
11/30/2024 21:22:38 - INFO - root - Image have been saved in /shenzihe/WD-Disk/output/exp5/shiny_sneaker/checkpoint-100/images/on_top_of_the_sidewalk_in_a_crowded_street/
11/30/2024 21:22:52 - INFO - root - Image have been saved in /shenzihe/WD-Disk/output/exp5/shiny_sneaker/checkpoint-100/images/on_top_of_the_sidewalk_in_a_crowded_street/
11/30/2024 21:23:05 - INFO - root - Image have been saved in /shenzihe/WD-Disk/output/exp5/shiny_sneaker/checkpoint-100/images/on_top_of_the_sidewalk_in_a_crowded_street/
11/30/2024 21:23:05 - INFO - __main__ - Running validation... 
 Generating 4 images with prompt:on top of a dirt road.
11/30/2024 21:23:19 - INFO - root - Image have been saved in /shenzihe/WD-Disk/output/exp5/shiny_sneaker/checkpoint-100/images/on_top_of_a_dirt_road/
11/30/2024 21:23:32 - INFO - root - Image have been saved in /shenzihe/WD-Disk/output/exp5/shiny_sneaker/checkpoint-100/images/on_top_of_a_dirt_road/
11/30/2024 21:23:46 - INFO - root - Image have been saved in /shenzihe/WD-Disk/output/exp5/shiny_sneaker/checkpoint-100/images/on_top_of_a_dirt_road/
11/30/2024 21:24:00 - INFO - root - Image have been saved in /shenzihe/WD-Disk/output/exp5/shiny_sneaker/checkpoint-100/images/on_top_of_a_dirt_road/
11/30/2024 21:24:00 - INFO - __main__ - Running validation... 
 Generating 4 images with prompt:on top of a white rug.
11/30/2024 21:24:13 - INFO - root - Image have been saved in /shenzihe/WD-Disk/output/exp5/shiny_sneaker/checkpoint-100/images/on_top_of_a_white_rug/
11/30/2024 21:24:27 - INFO - root - Image have been saved in /shenzihe/WD-Disk/output/exp5/shiny_sneaker/checkpoint-100/images/on_top_of_a_white_rug/
11/30/2024 21:24:41 - INFO - root - Image have been saved in /shenzihe/WD-Disk/output/exp5/shiny_sneaker/checkpoint-100/images/on_top_of_a_white_rug/
11/30/2024 21:24:54 - INFO - root - Image have been saved in /shenzihe/WD-Disk/output/exp5/shiny_sneaker/checkpoint-100/images/on_top_of_a_white_rug/
11/30/2024 21:24:54 - INFO - __main__ - Running validation... 
 Generating 4 images with prompt:red.
11/30/2024 21:25:08 - INFO - root - Image have been saved in /shenzihe/WD-Disk/output/exp5/shiny_sneaker/checkpoint-100/images/red/
11/30/2024 21:25:22 - INFO - root - Image have been saved in /shenzihe/WD-Disk/output/exp5/shiny_sneaker/checkpoint-100/images/red/
11/30/2024 21:25:35 - INFO - root - Image have been saved in /shenzihe/WD-Disk/output/exp5/shiny_sneaker/checkpoint-100/images/red/
11/30/2024 21:25:49 - INFO - root - Image have been saved in /shenzihe/WD-Disk/output/exp5/shiny_sneaker/checkpoint-100/images/red/
11/30/2024 21:25:49 - INFO - __main__ - Running validation... 
 Generating 4 images with prompt:purple.
11/30/2024 21:26:02 - INFO - root - Image have been saved in /shenzihe/WD-Disk/output/exp5/shiny_sneaker/checkpoint-100/images/purple/
11/30/2024 21:26:16 - INFO - root - Image have been saved in /shenzihe/WD-Disk/output/exp5/shiny_sneaker/checkpoint-100/images/purple/
11/30/2024 21:26:30 - INFO - root - Image have been saved in /shenzihe/WD-Disk/output/exp5/shiny_sneaker/checkpoint-100/images/purple/
11/30/2024 21:26:43 - INFO - root - Image have been saved in /shenzihe/WD-Disk/output/exp5/shiny_sneaker/checkpoint-100/images/purple/
11/30/2024 21:26:43 - INFO - __main__ - Running validation... 
 Generating 4 images with prompt:shiny.
11/30/2024 21:26:57 - INFO - root - Image have been saved in /shenzihe/WD-Disk/output/exp5/shiny_sneaker/checkpoint-100/images/shiny/
11/30/2024 21:27:10 - INFO - root - Image have been saved in /shenzihe/WD-Disk/output/exp5/shiny_sneaker/checkpoint-100/images/shiny/
11/30/2024 21:27:24 - INFO - root - Image have been saved in /shenzihe/WD-Disk/output/exp5/shiny_sneaker/checkpoint-100/images/shiny/
11/30/2024 21:27:37 - INFO - root - Image have been saved in /shenzihe/WD-Disk/output/exp5/shiny_sneaker/checkpoint-100/images/shiny/
11/30/2024 21:27:37 - INFO - __main__ - Running validation... 
 Generating 4 images with prompt:wet.
11/30/2024 21:27:51 - INFO - root - Image have been saved in /shenzihe/WD-Disk/output/exp5/shiny_sneaker/checkpoint-100/images/wet/
11/30/2024 21:28:05 - INFO - root - Image have been saved in /shenzihe/WD-Disk/output/exp5/shiny_sneaker/checkpoint-100/images/wet/
11/30/2024 21:28:18 - INFO - root - Image have been saved in /shenzihe/WD-Disk/output/exp5/shiny_sneaker/checkpoint-100/images/wet/
11/30/2024 21:28:32 - INFO - root - Image have been saved in /shenzihe/WD-Disk/output/exp5/shiny_sneaker/checkpoint-100/images/wet/
11/30/2024 21:28:32 - INFO - __main__ - Running validation... 
 Generating 4 images with prompt:cube shaped.
11/30/2024 21:28:45 - INFO - root - Image have been saved in /shenzihe/WD-Disk/output/exp5/shiny_sneaker/checkpoint-100/images/cube_shaped/
11/30/2024 21:28:59 - INFO - root - Image have been saved in /shenzihe/WD-Disk/output/exp5/shiny_sneaker/checkpoint-100/images/cube_shaped/
11/30/2024 21:29:13 - INFO - root - Image have been saved in /shenzihe/WD-Disk/output/exp5/shiny_sneaker/checkpoint-100/images/cube_shaped/
11/30/2024 21:29:26 - INFO - root - Image have been saved in /shenzihe/WD-Disk/output/exp5/shiny_sneaker/checkpoint-100/images/cube_shaped/
