11/30/2024 14:46:33 - INFO - __main__ - Distributed environment: NO
Num processes: 1
Process index: 0
Local process index: 0
Device: cuda

Mixed precision type: no

11/30/2024 14:46:35 - INFO - root - freeze vision encoder
11/30/2024 14:46:45 - INFO - root - Loading pretrained model from /root/.cache/torch/hub/checkpoints/blip-diffusion
11/30/2024 14:46:45 - INFO - root - Loading pretrained BLIP2 Qformer weights.
11/30/2024 14:46:47 - INFO - root - Loading pretrained projection lyer weights.
11/30/2024 14:46:47 - INFO - root - Loading pretrained text encoder weights.
11/30/2024 14:46:47 - INFO - root - Loading pretrained vae weights.
11/30/2024 14:46:48 - INFO - root - Loading pretrained unet weights.
11/30/2024 14:46:55 - INFO - root - Using xformers.
11/30/2024 14:46:55 - INFO - root - Building datasets...
11/30/2024 14:47:06 - INFO - root - freeze vision encoder
11/30/2024 14:47:33 - INFO - root - load checkpoint from https://storage.googleapis.com/sfr-vision-language-research/LAVIS/models/BLIP2/blip2_pretrained_flant5xl.pth
11/30/2024 14:47:41 - INFO - __main__ - 
***** Running training *****
11/30/2024 14:47:41 - INFO - __main__ -   Num examples = 6
11/30/2024 14:47:41 - INFO - __main__ -   Num batches each epoch = 1
11/30/2024 14:47:41 - INFO - __main__ -   Num Epochs = 100
11/30/2024 14:47:41 - INFO - __main__ -   Instantaneous batch size per device = 6
11/30/2024 14:47:41 - INFO - __main__ -   Total train batch size (w. parallel, distributed & accumulation) = 6
11/30/2024 14:47:41 - INFO - __main__ -   Gradient Accumulation steps = 1
11/30/2024 14:47:41 - INFO - __main__ -   Total optimization steps = 100
11/30/2024 14:47:41 - INFO - __main__ -   Total parameters number = 1995356906
11/30/2024 14:47:41 - INFO - __main__ -   Training parameters number = 576349697
11/30/2024 14:50:32 - INFO - __main__ - Running validation... 
 Generating 4 images with prompt:in the jungle.
11/30/2024 14:50:45 - INFO - root - Image have been saved in /shenzihe/WD-Disk/output/exp5/dog3/checkpoint-100/images/in_the_jungle/
11/30/2024 14:50:59 - INFO - root - Image have been saved in /shenzihe/WD-Disk/output/exp5/dog3/checkpoint-100/images/in_the_jungle/
11/30/2024 14:51:13 - INFO - root - Image have been saved in /shenzihe/WD-Disk/output/exp5/dog3/checkpoint-100/images/in_the_jungle/
11/30/2024 14:51:26 - INFO - root - Image have been saved in /shenzihe/WD-Disk/output/exp5/dog3/checkpoint-100/images/in_the_jungle/
11/30/2024 14:51:26 - INFO - __main__ - Running validation... 
 Generating 4 images with prompt:in the snow.
11/30/2024 14:51:40 - INFO - root - Image have been saved in /shenzihe/WD-Disk/output/exp5/dog3/checkpoint-100/images/in_the_snow/
11/30/2024 14:51:54 - INFO - root - Image have been saved in /shenzihe/WD-Disk/output/exp5/dog3/checkpoint-100/images/in_the_snow/
11/30/2024 14:52:07 - INFO - root - Image have been saved in /shenzihe/WD-Disk/output/exp5/dog3/checkpoint-100/images/in_the_snow/
11/30/2024 14:52:21 - INFO - root - Image have been saved in /shenzihe/WD-Disk/output/exp5/dog3/checkpoint-100/images/in_the_snow/
11/30/2024 14:52:21 - INFO - __main__ - Running validation... 
 Generating 4 images with prompt:on the beach.
11/30/2024 14:52:34 - INFO - root - Image have been saved in /shenzihe/WD-Disk/output/exp5/dog3/checkpoint-100/images/on_the_beach/
11/30/2024 14:52:48 - INFO - root - Image have been saved in /shenzihe/WD-Disk/output/exp5/dog3/checkpoint-100/images/on_the_beach/
11/30/2024 14:53:02 - INFO - root - Image have been saved in /shenzihe/WD-Disk/output/exp5/dog3/checkpoint-100/images/on_the_beach/
11/30/2024 14:53:15 - INFO - root - Image have been saved in /shenzihe/WD-Disk/output/exp5/dog3/checkpoint-100/images/on_the_beach/
11/30/2024 14:53:15 - INFO - __main__ - Running validation... 
 Generating 4 images with prompt:on a cobblestone street.
11/30/2024 14:53:29 - INFO - root - Image have been saved in /shenzihe/WD-Disk/output/exp5/dog3/checkpoint-100/images/on_a_cobblestone_street/
11/30/2024 14:53:43 - INFO - root - Image have been saved in /shenzihe/WD-Disk/output/exp5/dog3/checkpoint-100/images/on_a_cobblestone_street/
11/30/2024 14:53:56 - INFO - root - Image have been saved in /shenzihe/WD-Disk/output/exp5/dog3/checkpoint-100/images/on_a_cobblestone_street/
11/30/2024 14:54:10 - INFO - root - Image have been saved in /shenzihe/WD-Disk/output/exp5/dog3/checkpoint-100/images/on_a_cobblestone_street/
11/30/2024 14:54:10 - INFO - __main__ - Running validation... 
 Generating 4 images with prompt:on top of pink fabric.
11/30/2024 14:54:23 - INFO - root - Image have been saved in /shenzihe/WD-Disk/output/exp5/dog3/checkpoint-100/images/on_top_of_pink_fabric/
11/30/2024 14:54:37 - INFO - root - Image have been saved in /shenzihe/WD-Disk/output/exp5/dog3/checkpoint-100/images/on_top_of_pink_fabric/
11/30/2024 14:54:51 - INFO - root - Image have been saved in /shenzihe/WD-Disk/output/exp5/dog3/checkpoint-100/images/on_top_of_pink_fabric/
11/30/2024 14:55:04 - INFO - root - Image have been saved in /shenzihe/WD-Disk/output/exp5/dog3/checkpoint-100/images/on_top_of_pink_fabric/
11/30/2024 14:55:04 - INFO - __main__ - Running validation... 
 Generating 4 images with prompt:on top of a wooden floor.
11/30/2024 14:55:18 - INFO - root - Image have been saved in /shenzihe/WD-Disk/output/exp5/dog3/checkpoint-100/images/on_top_of_a_wooden_floor/
11/30/2024 14:55:32 - INFO - root - Image have been saved in /shenzihe/WD-Disk/output/exp5/dog3/checkpoint-100/images/on_top_of_a_wooden_floor/
11/30/2024 14:55:45 - INFO - root - Image have been saved in /shenzihe/WD-Disk/output/exp5/dog3/checkpoint-100/images/on_top_of_a_wooden_floor/
11/30/2024 14:55:59 - INFO - root - Image have been saved in /shenzihe/WD-Disk/output/exp5/dog3/checkpoint-100/images/on_top_of_a_wooden_floor/
11/30/2024 14:55:59 - INFO - __main__ - Running validation... 
 Generating 4 images with prompt:with a city in the background.
11/30/2024 14:56:12 - INFO - root - Image have been saved in /shenzihe/WD-Disk/output/exp5/dog3/checkpoint-100/images/with_a_city_in_the_background/
11/30/2024 14:56:26 - INFO - root - Image have been saved in /shenzihe/WD-Disk/output/exp5/dog3/checkpoint-100/images/with_a_city_in_the_background/
11/30/2024 14:56:40 - INFO - root - Image have been saved in /shenzihe/WD-Disk/output/exp5/dog3/checkpoint-100/images/with_a_city_in_the_background/
11/30/2024 14:56:53 - INFO - root - Image have been saved in /shenzihe/WD-Disk/output/exp5/dog3/checkpoint-100/images/with_a_city_in_the_background/
11/30/2024 14:56:53 - INFO - __main__ - Running validation... 
 Generating 4 images with prompt:with a mountain in the background.
11/30/2024 14:57:07 - INFO - root - Image have been saved in /shenzihe/WD-Disk/output/exp5/dog3/checkpoint-100/images/with_a_mountain_in_the_background/
11/30/2024 14:57:20 - INFO - root - Image have been saved in /shenzihe/WD-Disk/output/exp5/dog3/checkpoint-100/images/with_a_mountain_in_the_background/
11/30/2024 14:57:34 - INFO - root - Image have been saved in /shenzihe/WD-Disk/output/exp5/dog3/checkpoint-100/images/with_a_mountain_in_the_background/
11/30/2024 14:57:48 - INFO - root - Image have been saved in /shenzihe/WD-Disk/output/exp5/dog3/checkpoint-100/images/with_a_mountain_in_the_background/
11/30/2024 14:57:48 - INFO - __main__ - Running validation... 
 Generating 4 images with prompt:with a blue house in the background.
11/30/2024 14:58:01 - INFO - root - Image have been saved in /shenzihe/WD-Disk/output/exp5/dog3/checkpoint-100/images/with_a_blue_house_in_the_background/
11/30/2024 14:58:15 - INFO - root - Image have been saved in /shenzihe/WD-Disk/output/exp5/dog3/checkpoint-100/images/with_a_blue_house_in_the_background/
11/30/2024 14:58:29 - INFO - root - Image have been saved in /shenzihe/WD-Disk/output/exp5/dog3/checkpoint-100/images/with_a_blue_house_in_the_background/
11/30/2024 14:58:42 - INFO - root - Image have been saved in /shenzihe/WD-Disk/output/exp5/dog3/checkpoint-100/images/with_a_blue_house_in_the_background/
11/30/2024 14:58:42 - INFO - __main__ - Running validation... 
 Generating 4 images with prompt:on top of a purple rug in a forest.
11/30/2024 14:58:56 - INFO - root - Image have been saved in /shenzihe/WD-Disk/output/exp5/dog3/checkpoint-100/images/on_top_of_a_purple_rug_in_a_forest/
11/30/2024 14:59:10 - INFO - root - Image have been saved in /shenzihe/WD-Disk/output/exp5/dog3/checkpoint-100/images/on_top_of_a_purple_rug_in_a_forest/
11/30/2024 14:59:23 - INFO - root - Image have been saved in /shenzihe/WD-Disk/output/exp5/dog3/checkpoint-100/images/on_top_of_a_purple_rug_in_a_forest/
11/30/2024 14:59:37 - INFO - root - Image have been saved in /shenzihe/WD-Disk/output/exp5/dog3/checkpoint-100/images/on_top_of_a_purple_rug_in_a_forest/
11/30/2024 14:59:37 - INFO - __main__ - Running validation... 
 Generating 4 images with prompt:with a wheat field in the background.
11/30/2024 14:59:50 - INFO - root - Image have been saved in /shenzihe/WD-Disk/output/exp5/dog3/checkpoint-100/images/with_a_wheat_field_in_the_background/
11/30/2024 15:00:04 - INFO - root - Image have been saved in /shenzihe/WD-Disk/output/exp5/dog3/checkpoint-100/images/with_a_wheat_field_in_the_background/
11/30/2024 15:00:18 - INFO - root - Image have been saved in /shenzihe/WD-Disk/output/exp5/dog3/checkpoint-100/images/with_a_wheat_field_in_the_background/
11/30/2024 15:00:31 - INFO - root - Image have been saved in /shenzihe/WD-Disk/output/exp5/dog3/checkpoint-100/images/with_a_wheat_field_in_the_background/
11/30/2024 15:00:31 - INFO - __main__ - Running validation... 
 Generating 4 images with prompt:with a tree and autumn leaves in the background.
11/30/2024 15:00:45 - INFO - root - Image have been saved in /shenzihe/WD-Disk/output/exp5/dog3/checkpoint-100/images/with_a_tree_and_autumn_leaves_in_the_background/
11/30/2024 15:00:58 - INFO - root - Image have been saved in /shenzihe/WD-Disk/output/exp5/dog3/checkpoint-100/images/with_a_tree_and_autumn_leaves_in_the_background/
11/30/2024 15:01:12 - INFO - root - Image have been saved in /shenzihe/WD-Disk/output/exp5/dog3/checkpoint-100/images/with_a_tree_and_autumn_leaves_in_the_background/
11/30/2024 15:01:25 - INFO - root - Image have been saved in /shenzihe/WD-Disk/output/exp5/dog3/checkpoint-100/images/with_a_tree_and_autumn_leaves_in_the_background/
11/30/2024 15:01:25 - INFO - __main__ - Running validation... 
 Generating 4 images with prompt:with the Eiffel Tower in the background.
11/30/2024 15:01:39 - INFO - root - Image have been saved in /shenzihe/WD-Disk/output/exp5/dog3/checkpoint-100/images/with_the_Eiffel_Tower_in_the_background/
11/30/2024 15:01:53 - INFO - root - Image have been saved in /shenzihe/WD-Disk/output/exp5/dog3/checkpoint-100/images/with_the_Eiffel_Tower_in_the_background/
11/30/2024 15:02:06 - INFO - root - Image have been saved in /shenzihe/WD-Disk/output/exp5/dog3/checkpoint-100/images/with_the_Eiffel_Tower_in_the_background/
11/30/2024 15:02:20 - INFO - root - Image have been saved in /shenzihe/WD-Disk/output/exp5/dog3/checkpoint-100/images/with_the_Eiffel_Tower_in_the_background/
11/30/2024 15:02:20 - INFO - __main__ - Running validation... 
 Generating 4 images with prompt:floating on top of water.
11/30/2024 15:02:34 - INFO - root - Image have been saved in /shenzihe/WD-Disk/output/exp5/dog3/checkpoint-100/images/floating_on_top_of_water/
11/30/2024 15:02:47 - INFO - root - Image have been saved in /shenzihe/WD-Disk/output/exp5/dog3/checkpoint-100/images/floating_on_top_of_water/
11/30/2024 15:03:01 - INFO - root - Image have been saved in /shenzihe/WD-Disk/output/exp5/dog3/checkpoint-100/images/floating_on_top_of_water/
11/30/2024 15:03:15 - INFO - root - Image have been saved in /shenzihe/WD-Disk/output/exp5/dog3/checkpoint-100/images/floating_on_top_of_water/
11/30/2024 15:03:15 - INFO - __main__ - Running validation... 
 Generating 4 images with prompt:floating in an ocean of milk.
11/30/2024 15:03:28 - INFO - root - Image have been saved in /shenzihe/WD-Disk/output/exp5/dog3/checkpoint-100/images/floating_in_an_ocean_of_milk/
11/30/2024 15:03:42 - INFO - root - Image have been saved in /shenzihe/WD-Disk/output/exp5/dog3/checkpoint-100/images/floating_in_an_ocean_of_milk/
11/30/2024 15:03:55 - INFO - root - Image have been saved in /shenzihe/WD-Disk/output/exp5/dog3/checkpoint-100/images/floating_in_an_ocean_of_milk/
11/30/2024 15:04:09 - INFO - root - Image have been saved in /shenzihe/WD-Disk/output/exp5/dog3/checkpoint-100/images/floating_in_an_ocean_of_milk/
11/30/2024 15:04:09 - INFO - __main__ - Running validation... 
 Generating 4 images with prompt:on top of green grass with sunflowers around it.
11/30/2024 15:04:23 - INFO - root - Image have been saved in /shenzihe/WD-Disk/output/exp5/dog3/checkpoint-100/images/on_top_of_green_grass_with_sunflowers_around_it/
11/30/2024 15:04:36 - INFO - root - Image have been saved in /shenzihe/WD-Disk/output/exp5/dog3/checkpoint-100/images/on_top_of_green_grass_with_sunflowers_around_it/
11/30/2024 15:04:50 - INFO - root - Image have been saved in /shenzihe/WD-Disk/output/exp5/dog3/checkpoint-100/images/on_top_of_green_grass_with_sunflowers_around_it/
11/30/2024 15:05:03 - INFO - root - Image have been saved in /shenzihe/WD-Disk/output/exp5/dog3/checkpoint-100/images/on_top_of_green_grass_with_sunflowers_around_it/
11/30/2024 15:05:03 - INFO - __main__ - Running validation... 
 Generating 4 images with prompt:on top of a mirror.
11/30/2024 15:05:17 - INFO - root - Image have been saved in /shenzihe/WD-Disk/output/exp5/dog3/checkpoint-100/images/on_top_of_a_mirror/
11/30/2024 15:05:31 - INFO - root - Image have been saved in /shenzihe/WD-Disk/output/exp5/dog3/checkpoint-100/images/on_top_of_a_mirror/
11/30/2024 15:05:44 - INFO - root - Image have been saved in /shenzihe/WD-Disk/output/exp5/dog3/checkpoint-100/images/on_top_of_a_mirror/
11/30/2024 15:05:58 - INFO - root - Image have been saved in /shenzihe/WD-Disk/output/exp5/dog3/checkpoint-100/images/on_top_of_a_mirror/
11/30/2024 15:05:58 - INFO - __main__ - Running validation... 
 Generating 4 images with prompt:on top of the sidewalk in a crowded street.
11/30/2024 15:06:12 - INFO - root - Image have been saved in /shenzihe/WD-Disk/output/exp5/dog3/checkpoint-100/images/on_top_of_the_sidewalk_in_a_crowded_street/
11/30/2024 15:06:25 - INFO - root - Image have been saved in /shenzihe/WD-Disk/output/exp5/dog3/checkpoint-100/images/on_top_of_the_sidewalk_in_a_crowded_street/
11/30/2024 15:06:39 - INFO - root - Image have been saved in /shenzihe/WD-Disk/output/exp5/dog3/checkpoint-100/images/on_top_of_the_sidewalk_in_a_crowded_street/
11/30/2024 15:06:53 - INFO - root - Image have been saved in /shenzihe/WD-Disk/output/exp5/dog3/checkpoint-100/images/on_top_of_the_sidewalk_in_a_crowded_street/
11/30/2024 15:06:53 - INFO - __main__ - Running validation... 
 Generating 4 images with prompt:on top of a dirt road.
11/30/2024 15:07:06 - INFO - root - Image have been saved in /shenzihe/WD-Disk/output/exp5/dog3/checkpoint-100/images/on_top_of_a_dirt_road/
11/30/2024 15:07:20 - INFO - root - Image have been saved in /shenzihe/WD-Disk/output/exp5/dog3/checkpoint-100/images/on_top_of_a_dirt_road/
11/30/2024 15:07:33 - INFO - root - Image have been saved in /shenzihe/WD-Disk/output/exp5/dog3/checkpoint-100/images/on_top_of_a_dirt_road/
11/30/2024 15:07:47 - INFO - root - Image have been saved in /shenzihe/WD-Disk/output/exp5/dog3/checkpoint-100/images/on_top_of_a_dirt_road/
11/30/2024 15:07:47 - INFO - __main__ - Running validation... 
 Generating 4 images with prompt:on top of a white rug.
11/30/2024 15:08:01 - INFO - root - Image have been saved in /shenzihe/WD-Disk/output/exp5/dog3/checkpoint-100/images/on_top_of_a_white_rug/
11/30/2024 15:08:14 - INFO - root - Image have been saved in /shenzihe/WD-Disk/output/exp5/dog3/checkpoint-100/images/on_top_of_a_white_rug/
11/30/2024 15:08:28 - INFO - root - Image have been saved in /shenzihe/WD-Disk/output/exp5/dog3/checkpoint-100/images/on_top_of_a_white_rug/
11/30/2024 15:08:42 - INFO - root - Image have been saved in /shenzihe/WD-Disk/output/exp5/dog3/checkpoint-100/images/on_top_of_a_white_rug/
11/30/2024 15:08:42 - INFO - __main__ - Running validation... 
 Generating 4 images with prompt:red.
11/30/2024 15:08:55 - INFO - root - Image have been saved in /shenzihe/WD-Disk/output/exp5/dog3/checkpoint-100/images/red/
11/30/2024 15:09:09 - INFO - root - Image have been saved in /shenzihe/WD-Disk/output/exp5/dog3/checkpoint-100/images/red/
11/30/2024 15:09:23 - INFO - root - Image have been saved in /shenzihe/WD-Disk/output/exp5/dog3/checkpoint-100/images/red/
11/30/2024 15:09:36 - INFO - root - Image have been saved in /shenzihe/WD-Disk/output/exp5/dog3/checkpoint-100/images/red/
11/30/2024 15:09:36 - INFO - __main__ - Running validation... 
 Generating 4 images with prompt:purple.
11/30/2024 15:09:50 - INFO - root - Image have been saved in /shenzihe/WD-Disk/output/exp5/dog3/checkpoint-100/images/purple/
11/30/2024 15:10:04 - INFO - root - Image have been saved in /shenzihe/WD-Disk/output/exp5/dog3/checkpoint-100/images/purple/
11/30/2024 15:10:17 - INFO - root - Image have been saved in /shenzihe/WD-Disk/output/exp5/dog3/checkpoint-100/images/purple/
11/30/2024 15:10:31 - INFO - root - Image have been saved in /shenzihe/WD-Disk/output/exp5/dog3/checkpoint-100/images/purple/
11/30/2024 15:10:31 - INFO - __main__ - Running validation... 
 Generating 4 images with prompt:shiny.
11/30/2024 15:10:45 - INFO - root - Image have been saved in /shenzihe/WD-Disk/output/exp5/dog3/checkpoint-100/images/shiny/
11/30/2024 15:10:58 - INFO - root - Image have been saved in /shenzihe/WD-Disk/output/exp5/dog3/checkpoint-100/images/shiny/
11/30/2024 15:11:12 - INFO - root - Image have been saved in /shenzihe/WD-Disk/output/exp5/dog3/checkpoint-100/images/shiny/
11/30/2024 15:11:25 - INFO - root - Image have been saved in /shenzihe/WD-Disk/output/exp5/dog3/checkpoint-100/images/shiny/
11/30/2024 15:11:25 - INFO - __main__ - Running validation... 
 Generating 4 images with prompt:wet.
11/30/2024 15:11:39 - INFO - root - Image have been saved in /shenzihe/WD-Disk/output/exp5/dog3/checkpoint-100/images/wet/
11/30/2024 15:11:53 - INFO - root - Image have been saved in /shenzihe/WD-Disk/output/exp5/dog3/checkpoint-100/images/wet/
11/30/2024 15:12:06 - INFO - root - Image have been saved in /shenzihe/WD-Disk/output/exp5/dog3/checkpoint-100/images/wet/
11/30/2024 15:12:20 - INFO - root - Image have been saved in /shenzihe/WD-Disk/output/exp5/dog3/checkpoint-100/images/wet/
11/30/2024 15:12:20 - INFO - __main__ - Running validation... 
 Generating 4 images with prompt:cube shaped.
11/30/2024 15:12:34 - INFO - root - Image have been saved in /shenzihe/WD-Disk/output/exp5/dog3/checkpoint-100/images/cube_shaped/
11/30/2024 15:12:48 - INFO - root - Image have been saved in /shenzihe/WD-Disk/output/exp5/dog3/checkpoint-100/images/cube_shaped/
11/30/2024 15:13:01 - INFO - root - Image have been saved in /shenzihe/WD-Disk/output/exp5/dog3/checkpoint-100/images/cube_shaped/
11/30/2024 15:13:15 - INFO - root - Image have been saved in /shenzihe/WD-Disk/output/exp5/dog3/checkpoint-100/images/cube_shaped/
