11/30/2024 08:56:13 - INFO - __main__ - Distributed environment: NO
Num processes: 1
Process index: 0
Local process index: 0
Device: cuda

Mixed precision type: no

11/30/2024 08:56:15 - INFO - root - freeze vision encoder
11/30/2024 08:56:25 - INFO - root - Loading pretrained model from /root/.cache/torch/hub/checkpoints/blip-diffusion
11/30/2024 08:56:25 - INFO - root - Loading pretrained BLIP2 Qformer weights.
11/30/2024 08:56:27 - INFO - root - Loading pretrained projection lyer weights.
11/30/2024 08:56:27 - INFO - root - Loading pretrained text encoder weights.
11/30/2024 08:56:27 - INFO - root - Loading pretrained vae weights.
11/30/2024 08:56:28 - INFO - root - Loading pretrained unet weights.
11/30/2024 08:56:35 - INFO - root - Using xformers.
11/30/2024 08:56:35 - INFO - root - Building datasets...
11/30/2024 08:56:46 - INFO - root - freeze vision encoder
11/30/2024 08:57:10 - INFO - root - load checkpoint from https://storage.googleapis.com/sfr-vision-language-research/LAVIS/models/BLIP2/blip2_pretrained_flant5xl.pth
11/30/2024 08:57:16 - INFO - __main__ - 
***** Running training *****
11/30/2024 08:57:16 - INFO - __main__ -   Num examples = 6
11/30/2024 08:57:16 - INFO - __main__ -   Num batches each epoch = 1
11/30/2024 08:57:16 - INFO - __main__ -   Num Epochs = 100
11/30/2024 08:57:16 - INFO - __main__ -   Instantaneous batch size per device = 6
11/30/2024 08:57:16 - INFO - __main__ -   Total train batch size (w. parallel, distributed & accumulation) = 6
11/30/2024 08:57:16 - INFO - __main__ -   Gradient Accumulation steps = 1
11/30/2024 08:57:16 - INFO - __main__ -   Total optimization steps = 100
11/30/2024 08:57:16 - INFO - __main__ -   Total parameters number = 1995356906
11/30/2024 08:57:16 - INFO - __main__ -   Training parameters number = 576349697
11/30/2024 09:00:11 - INFO - __main__ - Running validation... 
 Generating 4 images with prompt:in the jungle.
