11/30/2024 10:45:27 - INFO - __main__ - Distributed environment: NO
Num processes: 1
Process index: 0
Local process index: 0
Device: cuda

Mixed precision type: no

11/30/2024 10:45:30 - INFO - root - freeze vision encoder
11/30/2024 10:45:40 - INFO - root - Loading pretrained model from /root/.cache/torch/hub/checkpoints/blip-diffusion
11/30/2024 10:45:40 - INFO - root - Loading pretrained BLIP2 Qformer weights.
11/30/2024 10:45:42 - INFO - root - Loading pretrained projection lyer weights.
11/30/2024 10:45:42 - INFO - root - Loading pretrained text encoder weights.
11/30/2024 10:45:42 - INFO - root - Loading pretrained vae weights.
11/30/2024 10:45:43 - INFO - root - Loading pretrained unet weights.
11/30/2024 10:45:50 - INFO - root - Using xformers.
11/30/2024 10:45:50 - INFO - root - Building datasets...
11/30/2024 10:46:01 - INFO - root - freeze vision encoder
11/30/2024 10:46:28 - INFO - root - load checkpoint from https://storage.googleapis.com/sfr-vision-language-research/LAVIS/models/BLIP2/blip2_pretrained_flant5xl.pth
11/30/2024 10:46:34 - INFO - __main__ - 
***** Running training *****
11/30/2024 10:46:34 - INFO - __main__ -   Num examples = 6
11/30/2024 10:46:34 - INFO - __main__ -   Num batches each epoch = 1
11/30/2024 10:46:34 - INFO - __main__ -   Num Epochs = 100
11/30/2024 10:46:34 - INFO - __main__ -   Instantaneous batch size per device = 6
11/30/2024 10:46:34 - INFO - __main__ -   Total train batch size (w. parallel, distributed & accumulation) = 6
11/30/2024 10:46:34 - INFO - __main__ -   Gradient Accumulation steps = 1
11/30/2024 10:46:34 - INFO - __main__ -   Total optimization steps = 100
11/30/2024 10:46:34 - INFO - __main__ -   Total parameters number = 1995356906
11/30/2024 10:46:34 - INFO - __main__ -   Training parameters number = 576349697
11/30/2024 10:49:29 - INFO - __main__ - Running validation... 
 Generating 4 images with prompt:in the jungle.
11/30/2024 10:49:42 - INFO - root - Image have been saved in /shenzihe/WD-Disk/output/exp5/berry_bowl/checkpoint-100/images/in_the_jungle/
11/30/2024 10:49:56 - INFO - root - Image have been saved in /shenzihe/WD-Disk/output/exp5/berry_bowl/checkpoint-100/images/in_the_jungle/
11/30/2024 10:50:10 - INFO - root - Image have been saved in /shenzihe/WD-Disk/output/exp5/berry_bowl/checkpoint-100/images/in_the_jungle/
11/30/2024 10:50:23 - INFO - root - Image have been saved in /shenzihe/WD-Disk/output/exp5/berry_bowl/checkpoint-100/images/in_the_jungle/
11/30/2024 10:50:23 - INFO - __main__ - Running validation... 
 Generating 4 images with prompt:in the snow.
11/30/2024 10:50:37 - INFO - root - Image have been saved in /shenzihe/WD-Disk/output/exp5/berry_bowl/checkpoint-100/images/in_the_snow/
11/30/2024 10:50:50 - INFO - root - Image have been saved in /shenzihe/WD-Disk/output/exp5/berry_bowl/checkpoint-100/images/in_the_snow/
11/30/2024 10:51:04 - INFO - root - Image have been saved in /shenzihe/WD-Disk/output/exp5/berry_bowl/checkpoint-100/images/in_the_snow/
11/30/2024 10:51:18 - INFO - root - Image have been saved in /shenzihe/WD-Disk/output/exp5/berry_bowl/checkpoint-100/images/in_the_snow/
11/30/2024 10:51:18 - INFO - __main__ - Running validation... 
 Generating 4 images with prompt:on the beach.
11/30/2024 10:51:31 - INFO - root - Image have been saved in /shenzihe/WD-Disk/output/exp5/berry_bowl/checkpoint-100/images/on_the_beach/
11/30/2024 10:51:45 - INFO - root - Image have been saved in /shenzihe/WD-Disk/output/exp5/berry_bowl/checkpoint-100/images/on_the_beach/
11/30/2024 10:51:58 - INFO - root - Image have been saved in /shenzihe/WD-Disk/output/exp5/berry_bowl/checkpoint-100/images/on_the_beach/
11/30/2024 10:52:12 - INFO - root - Image have been saved in /shenzihe/WD-Disk/output/exp5/berry_bowl/checkpoint-100/images/on_the_beach/
11/30/2024 10:52:12 - INFO - __main__ - Running validation... 
 Generating 4 images with prompt:on a cobblestone street.
11/30/2024 10:52:26 - INFO - root - Image have been saved in /shenzihe/WD-Disk/output/exp5/berry_bowl/checkpoint-100/images/on_a_cobblestone_street/
11/30/2024 10:52:39 - INFO - root - Image have been saved in /shenzihe/WD-Disk/output/exp5/berry_bowl/checkpoint-100/images/on_a_cobblestone_street/
11/30/2024 10:52:53 - INFO - root - Image have been saved in /shenzihe/WD-Disk/output/exp5/berry_bowl/checkpoint-100/images/on_a_cobblestone_street/
11/30/2024 10:53:07 - INFO - root - Image have been saved in /shenzihe/WD-Disk/output/exp5/berry_bowl/checkpoint-100/images/on_a_cobblestone_street/
11/30/2024 10:53:07 - INFO - __main__ - Running validation... 
 Generating 4 images with prompt:on top of pink fabric.
11/30/2024 10:53:20 - INFO - root - Image have been saved in /shenzihe/WD-Disk/output/exp5/berry_bowl/checkpoint-100/images/on_top_of_pink_fabric/
11/30/2024 10:53:34 - INFO - root - Image have been saved in /shenzihe/WD-Disk/output/exp5/berry_bowl/checkpoint-100/images/on_top_of_pink_fabric/
11/30/2024 10:53:47 - INFO - root - Image have been saved in /shenzihe/WD-Disk/output/exp5/berry_bowl/checkpoint-100/images/on_top_of_pink_fabric/
11/30/2024 10:54:01 - INFO - root - Image have been saved in /shenzihe/WD-Disk/output/exp5/berry_bowl/checkpoint-100/images/on_top_of_pink_fabric/
11/30/2024 10:54:01 - INFO - __main__ - Running validation... 
 Generating 4 images with prompt:on top of a wooden floor.
11/30/2024 10:54:15 - INFO - root - Image have been saved in /shenzihe/WD-Disk/output/exp5/berry_bowl/checkpoint-100/images/on_top_of_a_wooden_floor/
11/30/2024 10:54:28 - INFO - root - Image have been saved in /shenzihe/WD-Disk/output/exp5/berry_bowl/checkpoint-100/images/on_top_of_a_wooden_floor/
11/30/2024 10:54:42 - INFO - root - Image have been saved in /shenzihe/WD-Disk/output/exp5/berry_bowl/checkpoint-100/images/on_top_of_a_wooden_floor/
11/30/2024 10:54:55 - INFO - root - Image have been saved in /shenzihe/WD-Disk/output/exp5/berry_bowl/checkpoint-100/images/on_top_of_a_wooden_floor/
11/30/2024 10:54:55 - INFO - __main__ - Running validation... 
 Generating 4 images with prompt:with a city in the background.
11/30/2024 10:55:09 - INFO - root - Image have been saved in /shenzihe/WD-Disk/output/exp5/berry_bowl/checkpoint-100/images/with_a_city_in_the_background/
11/30/2024 10:55:22 - INFO - root - Image have been saved in /shenzihe/WD-Disk/output/exp5/berry_bowl/checkpoint-100/images/with_a_city_in_the_background/
11/30/2024 10:55:36 - INFO - root - Image have been saved in /shenzihe/WD-Disk/output/exp5/berry_bowl/checkpoint-100/images/with_a_city_in_the_background/
11/30/2024 10:55:50 - INFO - root - Image have been saved in /shenzihe/WD-Disk/output/exp5/berry_bowl/checkpoint-100/images/with_a_city_in_the_background/
11/30/2024 10:55:50 - INFO - __main__ - Running validation... 
 Generating 4 images with prompt:with a mountain in the background.
11/30/2024 10:56:03 - INFO - root - Image have been saved in /shenzihe/WD-Disk/output/exp5/berry_bowl/checkpoint-100/images/with_a_mountain_in_the_background/
11/30/2024 10:56:17 - INFO - root - Image have been saved in /shenzihe/WD-Disk/output/exp5/berry_bowl/checkpoint-100/images/with_a_mountain_in_the_background/
11/30/2024 10:56:31 - INFO - root - Image have been saved in /shenzihe/WD-Disk/output/exp5/berry_bowl/checkpoint-100/images/with_a_mountain_in_the_background/
11/30/2024 10:56:44 - INFO - root - Image have been saved in /shenzihe/WD-Disk/output/exp5/berry_bowl/checkpoint-100/images/with_a_mountain_in_the_background/
11/30/2024 10:56:44 - INFO - __main__ - Running validation... 
 Generating 4 images with prompt:with a blue house in the background.
11/30/2024 10:56:58 - INFO - root - Image have been saved in /shenzihe/WD-Disk/output/exp5/berry_bowl/checkpoint-100/images/with_a_blue_house_in_the_background/
11/30/2024 10:57:11 - INFO - root - Image have been saved in /shenzihe/WD-Disk/output/exp5/berry_bowl/checkpoint-100/images/with_a_blue_house_in_the_background/
11/30/2024 10:57:25 - INFO - root - Image have been saved in /shenzihe/WD-Disk/output/exp5/berry_bowl/checkpoint-100/images/with_a_blue_house_in_the_background/
11/30/2024 10:57:39 - INFO - root - Image have been saved in /shenzihe/WD-Disk/output/exp5/berry_bowl/checkpoint-100/images/with_a_blue_house_in_the_background/
11/30/2024 10:57:39 - INFO - __main__ - Running validation... 
 Generating 4 images with prompt:on top of a purple rug in a forest.
11/30/2024 10:57:52 - INFO - root - Image have been saved in /shenzihe/WD-Disk/output/exp5/berry_bowl/checkpoint-100/images/on_top_of_a_purple_rug_in_a_forest/
11/30/2024 10:58:06 - INFO - root - Image have been saved in /shenzihe/WD-Disk/output/exp5/berry_bowl/checkpoint-100/images/on_top_of_a_purple_rug_in_a_forest/
11/30/2024 10:58:19 - INFO - root - Image have been saved in /shenzihe/WD-Disk/output/exp5/berry_bowl/checkpoint-100/images/on_top_of_a_purple_rug_in_a_forest/
11/30/2024 10:58:33 - INFO - root - Image have been saved in /shenzihe/WD-Disk/output/exp5/berry_bowl/checkpoint-100/images/on_top_of_a_purple_rug_in_a_forest/
11/30/2024 10:58:33 - INFO - __main__ - Running validation... 
 Generating 4 images with prompt:with a wheat field in the background.
11/30/2024 10:58:46 - INFO - root - Image have been saved in /shenzihe/WD-Disk/output/exp5/berry_bowl/checkpoint-100/images/with_a_wheat_field_in_the_background/
11/30/2024 10:59:00 - INFO - root - Image have been saved in /shenzihe/WD-Disk/output/exp5/berry_bowl/checkpoint-100/images/with_a_wheat_field_in_the_background/
11/30/2024 10:59:14 - INFO - root - Image have been saved in /shenzihe/WD-Disk/output/exp5/berry_bowl/checkpoint-100/images/with_a_wheat_field_in_the_background/
11/30/2024 10:59:27 - INFO - root - Image have been saved in /shenzihe/WD-Disk/output/exp5/berry_bowl/checkpoint-100/images/with_a_wheat_field_in_the_background/
11/30/2024 10:59:27 - INFO - __main__ - Running validation... 
 Generating 4 images with prompt:with a tree and autumn leaves in the background.
11/30/2024 10:59:41 - INFO - root - Image have been saved in /shenzihe/WD-Disk/output/exp5/berry_bowl/checkpoint-100/images/with_a_tree_and_autumn_leaves_in_the_background/
11/30/2024 10:59:54 - INFO - root - Image have been saved in /shenzihe/WD-Disk/output/exp5/berry_bowl/checkpoint-100/images/with_a_tree_and_autumn_leaves_in_the_background/
11/30/2024 11:00:08 - INFO - root - Image have been saved in /shenzihe/WD-Disk/output/exp5/berry_bowl/checkpoint-100/images/with_a_tree_and_autumn_leaves_in_the_background/
11/30/2024 11:00:21 - INFO - root - Image have been saved in /shenzihe/WD-Disk/output/exp5/berry_bowl/checkpoint-100/images/with_a_tree_and_autumn_leaves_in_the_background/
11/30/2024 11:00:21 - INFO - __main__ - Running validation... 
 Generating 4 images with prompt:with the Eiffel Tower in the background.
11/30/2024 11:00:35 - INFO - root - Image have been saved in /shenzihe/WD-Disk/output/exp5/berry_bowl/checkpoint-100/images/with_the_Eiffel_Tower_in_the_background/
11/30/2024 11:00:48 - INFO - root - Image have been saved in /shenzihe/WD-Disk/output/exp5/berry_bowl/checkpoint-100/images/with_the_Eiffel_Tower_in_the_background/
11/30/2024 11:01:02 - INFO - root - Image have been saved in /shenzihe/WD-Disk/output/exp5/berry_bowl/checkpoint-100/images/with_the_Eiffel_Tower_in_the_background/
11/30/2024 11:01:16 - INFO - root - Image have been saved in /shenzihe/WD-Disk/output/exp5/berry_bowl/checkpoint-100/images/with_the_Eiffel_Tower_in_the_background/
11/30/2024 11:01:16 - INFO - __main__ - Running validation... 
 Generating 4 images with prompt:floating on top of water.
11/30/2024 11:01:29 - INFO - root - Image have been saved in /shenzihe/WD-Disk/output/exp5/berry_bowl/checkpoint-100/images/floating_on_top_of_water/
11/30/2024 11:01:43 - INFO - root - Image have been saved in /shenzihe/WD-Disk/output/exp5/berry_bowl/checkpoint-100/images/floating_on_top_of_water/
11/30/2024 11:01:57 - INFO - root - Image have been saved in /shenzihe/WD-Disk/output/exp5/berry_bowl/checkpoint-100/images/floating_on_top_of_water/
11/30/2024 11:02:10 - INFO - root - Image have been saved in /shenzihe/WD-Disk/output/exp5/berry_bowl/checkpoint-100/images/floating_on_top_of_water/
11/30/2024 11:02:10 - INFO - __main__ - Running validation... 
 Generating 4 images with prompt:floating in an ocean of milk.
11/30/2024 11:02:24 - INFO - root - Image have been saved in /shenzihe/WD-Disk/output/exp5/berry_bowl/checkpoint-100/images/floating_in_an_ocean_of_milk/
11/30/2024 11:02:37 - INFO - root - Image have been saved in /shenzihe/WD-Disk/output/exp5/berry_bowl/checkpoint-100/images/floating_in_an_ocean_of_milk/
11/30/2024 11:02:51 - INFO - root - Image have been saved in /shenzihe/WD-Disk/output/exp5/berry_bowl/checkpoint-100/images/floating_in_an_ocean_of_milk/
11/30/2024 11:03:04 - INFO - root - Image have been saved in /shenzihe/WD-Disk/output/exp5/berry_bowl/checkpoint-100/images/floating_in_an_ocean_of_milk/
11/30/2024 11:03:04 - INFO - __main__ - Running validation... 
 Generating 4 images with prompt:on top of green grass with sunflowers around it.
11/30/2024 11:03:18 - INFO - root - Image have been saved in /shenzihe/WD-Disk/output/exp5/berry_bowl/checkpoint-100/images/on_top_of_green_grass_with_sunflowers_around_it/
11/30/2024 11:03:32 - INFO - root - Image have been saved in /shenzihe/WD-Disk/output/exp5/berry_bowl/checkpoint-100/images/on_top_of_green_grass_with_sunflowers_around_it/
11/30/2024 11:03:45 - INFO - root - Image have been saved in /shenzihe/WD-Disk/output/exp5/berry_bowl/checkpoint-100/images/on_top_of_green_grass_with_sunflowers_around_it/
11/30/2024 11:03:59 - INFO - root - Image have been saved in /shenzihe/WD-Disk/output/exp5/berry_bowl/checkpoint-100/images/on_top_of_green_grass_with_sunflowers_around_it/
11/30/2024 11:03:59 - INFO - __main__ - Running validation... 
 Generating 4 images with prompt:on top of a mirror.
11/30/2024 11:04:12 - INFO - root - Image have been saved in /shenzihe/WD-Disk/output/exp5/berry_bowl/checkpoint-100/images/on_top_of_a_mirror/
11/30/2024 11:04:26 - INFO - root - Image have been saved in /shenzihe/WD-Disk/output/exp5/berry_bowl/checkpoint-100/images/on_top_of_a_mirror/
11/30/2024 11:04:39 - INFO - root - Image have been saved in /shenzihe/WD-Disk/output/exp5/berry_bowl/checkpoint-100/images/on_top_of_a_mirror/
11/30/2024 11:04:53 - INFO - root - Image have been saved in /shenzihe/WD-Disk/output/exp5/berry_bowl/checkpoint-100/images/on_top_of_a_mirror/
11/30/2024 11:04:53 - INFO - __main__ - Running validation... 
 Generating 4 images with prompt:on top of the sidewalk in a crowded street.
11/30/2024 11:05:07 - INFO - root - Image have been saved in /shenzihe/WD-Disk/output/exp5/berry_bowl/checkpoint-100/images/on_top_of_the_sidewalk_in_a_crowded_street/
11/30/2024 11:05:20 - INFO - root - Image have been saved in /shenzihe/WD-Disk/output/exp5/berry_bowl/checkpoint-100/images/on_top_of_the_sidewalk_in_a_crowded_street/
11/30/2024 11:05:34 - INFO - root - Image have been saved in /shenzihe/WD-Disk/output/exp5/berry_bowl/checkpoint-100/images/on_top_of_the_sidewalk_in_a_crowded_street/
11/30/2024 11:05:47 - INFO - root - Image have been saved in /shenzihe/WD-Disk/output/exp5/berry_bowl/checkpoint-100/images/on_top_of_the_sidewalk_in_a_crowded_street/
11/30/2024 11:05:47 - INFO - __main__ - Running validation... 
 Generating 4 images with prompt:on top of a dirt road.
11/30/2024 11:06:01 - INFO - root - Image have been saved in /shenzihe/WD-Disk/output/exp5/berry_bowl/checkpoint-100/images/on_top_of_a_dirt_road/
11/30/2024 11:06:15 - INFO - root - Image have been saved in /shenzihe/WD-Disk/output/exp5/berry_bowl/checkpoint-100/images/on_top_of_a_dirt_road/
11/30/2024 11:06:28 - INFO - root - Image have been saved in /shenzihe/WD-Disk/output/exp5/berry_bowl/checkpoint-100/images/on_top_of_a_dirt_road/
11/30/2024 11:06:42 - INFO - root - Image have been saved in /shenzihe/WD-Disk/output/exp5/berry_bowl/checkpoint-100/images/on_top_of_a_dirt_road/
11/30/2024 11:06:42 - INFO - __main__ - Running validation... 
 Generating 4 images with prompt:on top of a white rug.
11/30/2024 11:06:56 - INFO - root - Image have been saved in /shenzihe/WD-Disk/output/exp5/berry_bowl/checkpoint-100/images/on_top_of_a_white_rug/
11/30/2024 11:07:09 - INFO - root - Image have been saved in /shenzihe/WD-Disk/output/exp5/berry_bowl/checkpoint-100/images/on_top_of_a_white_rug/
11/30/2024 11:07:23 - INFO - root - Image have been saved in /shenzihe/WD-Disk/output/exp5/berry_bowl/checkpoint-100/images/on_top_of_a_white_rug/
11/30/2024 11:07:36 - INFO - root - Image have been saved in /shenzihe/WD-Disk/output/exp5/berry_bowl/checkpoint-100/images/on_top_of_a_white_rug/
11/30/2024 11:07:36 - INFO - __main__ - Running validation... 
 Generating 4 images with prompt:red.
11/30/2024 11:07:50 - INFO - root - Image have been saved in /shenzihe/WD-Disk/output/exp5/berry_bowl/checkpoint-100/images/red/
11/30/2024 11:08:04 - INFO - root - Image have been saved in /shenzihe/WD-Disk/output/exp5/berry_bowl/checkpoint-100/images/red/
11/30/2024 11:08:17 - INFO - root - Image have been saved in /shenzihe/WD-Disk/output/exp5/berry_bowl/checkpoint-100/images/red/
11/30/2024 11:08:31 - INFO - root - Image have been saved in /shenzihe/WD-Disk/output/exp5/berry_bowl/checkpoint-100/images/red/
11/30/2024 11:08:31 - INFO - __main__ - Running validation... 
 Generating 4 images with prompt:purple.
11/30/2024 11:08:44 - INFO - root - Image have been saved in /shenzihe/WD-Disk/output/exp5/berry_bowl/checkpoint-100/images/purple/
11/30/2024 11:08:58 - INFO - root - Image have been saved in /shenzihe/WD-Disk/output/exp5/berry_bowl/checkpoint-100/images/purple/
11/30/2024 11:09:12 - INFO - root - Image have been saved in /shenzihe/WD-Disk/output/exp5/berry_bowl/checkpoint-100/images/purple/
11/30/2024 11:09:25 - INFO - root - Image have been saved in /shenzihe/WD-Disk/output/exp5/berry_bowl/checkpoint-100/images/purple/
11/30/2024 11:09:25 - INFO - __main__ - Running validation... 
 Generating 4 images with prompt:shiny.
11/30/2024 11:09:39 - INFO - root - Image have been saved in /shenzihe/WD-Disk/output/exp5/berry_bowl/checkpoint-100/images/shiny/
11/30/2024 11:09:52 - INFO - root - Image have been saved in /shenzihe/WD-Disk/output/exp5/berry_bowl/checkpoint-100/images/shiny/
11/30/2024 11:10:06 - INFO - root - Image have been saved in /shenzihe/WD-Disk/output/exp5/berry_bowl/checkpoint-100/images/shiny/
11/30/2024 11:10:20 - INFO - root - Image have been saved in /shenzihe/WD-Disk/output/exp5/berry_bowl/checkpoint-100/images/shiny/
11/30/2024 11:10:20 - INFO - __main__ - Running validation... 
 Generating 4 images with prompt:wet.
11/30/2024 11:10:33 - INFO - root - Image have been saved in /shenzihe/WD-Disk/output/exp5/berry_bowl/checkpoint-100/images/wet/
11/30/2024 11:10:47 - INFO - root - Image have been saved in /shenzihe/WD-Disk/output/exp5/berry_bowl/checkpoint-100/images/wet/
11/30/2024 11:11:00 - INFO - root - Image have been saved in /shenzihe/WD-Disk/output/exp5/berry_bowl/checkpoint-100/images/wet/
11/30/2024 11:11:14 - INFO - root - Image have been saved in /shenzihe/WD-Disk/output/exp5/berry_bowl/checkpoint-100/images/wet/
11/30/2024 11:11:14 - INFO - __main__ - Running validation... 
 Generating 4 images with prompt:cube shaped.
11/30/2024 11:11:28 - INFO - root - Image have been saved in /shenzihe/WD-Disk/output/exp5/berry_bowl/checkpoint-100/images/cube_shaped/
11/30/2024 11:11:41 - INFO - root - Image have been saved in /shenzihe/WD-Disk/output/exp5/berry_bowl/checkpoint-100/images/cube_shaped/
11/30/2024 11:11:55 - INFO - root - Image have been saved in /shenzihe/WD-Disk/output/exp5/berry_bowl/checkpoint-100/images/cube_shaped/
11/30/2024 11:12:08 - INFO - root - Image have been saved in /shenzihe/WD-Disk/output/exp5/berry_bowl/checkpoint-100/images/cube_shaped/
