11/30/2024 12:32:45 - INFO - __main__ - Distributed environment: NO
Num processes: 1
Process index: 0
Local process index: 0
Device: cuda

Mixed precision type: no

11/30/2024 12:32:53 - INFO - root - freeze vision encoder
11/30/2024 12:33:03 - INFO - root - Loading pretrained model from /root/.cache/torch/hub/checkpoints/blip-diffusion
11/30/2024 12:33:03 - INFO - root - Loading pretrained BLIP2 Qformer weights.
11/30/2024 12:33:05 - INFO - root - Loading pretrained projection lyer weights.
11/30/2024 12:33:05 - INFO - root - Loading pretrained text encoder weights.
11/30/2024 12:33:06 - INFO - root - Loading pretrained vae weights.
11/30/2024 12:33:06 - INFO - root - Loading pretrained unet weights.
11/30/2024 12:33:14 - INFO - root - Using xformers.
11/30/2024 12:33:14 - INFO - root - Building datasets...
11/30/2024 12:33:24 - INFO - root - freeze vision encoder
11/30/2024 12:33:50 - INFO - root - load checkpoint from https://storage.googleapis.com/sfr-vision-language-research/LAVIS/models/BLIP2/blip2_pretrained_flant5xl.pth
11/30/2024 12:33:58 - INFO - __main__ - 
***** Running training *****
11/30/2024 12:33:58 - INFO - __main__ -   Num examples = 5
11/30/2024 12:33:58 - INFO - __main__ -   Num batches each epoch = 1
11/30/2024 12:33:58 - INFO - __main__ -   Num Epochs = 100
11/30/2024 12:33:58 - INFO - __main__ -   Instantaneous batch size per device = 6
11/30/2024 12:33:58 - INFO - __main__ -   Total train batch size (w. parallel, distributed & accumulation) = 6
11/30/2024 12:33:58 - INFO - __main__ -   Gradient Accumulation steps = 1
11/30/2024 12:33:58 - INFO - __main__ -   Total optimization steps = 100
11/30/2024 12:33:58 - INFO - __main__ -   Total parameters number = 1995356906
11/30/2024 12:33:58 - INFO - __main__ -   Training parameters number = 576349697
11/30/2024 12:36:42 - INFO - __main__ - Running validation... 
 Generating 4 images with prompt:in the jungle.
11/30/2024 12:36:56 - INFO - root - Image have been saved in /shenzihe/WD-Disk/output/exp5/cat2/checkpoint-100/images/in_the_jungle/
11/30/2024 12:37:09 - INFO - root - Image have been saved in /shenzihe/WD-Disk/output/exp5/cat2/checkpoint-100/images/in_the_jungle/
11/30/2024 12:37:23 - INFO - root - Image have been saved in /shenzihe/WD-Disk/output/exp5/cat2/checkpoint-100/images/in_the_jungle/
11/30/2024 12:37:37 - INFO - root - Image have been saved in /shenzihe/WD-Disk/output/exp5/cat2/checkpoint-100/images/in_the_jungle/
11/30/2024 12:37:37 - INFO - __main__ - Running validation... 
 Generating 4 images with prompt:in the snow.
11/30/2024 12:37:50 - INFO - root - Image have been saved in /shenzihe/WD-Disk/output/exp5/cat2/checkpoint-100/images/in_the_snow/
11/30/2024 12:38:04 - INFO - root - Image have been saved in /shenzihe/WD-Disk/output/exp5/cat2/checkpoint-100/images/in_the_snow/
11/30/2024 12:38:17 - INFO - root - Image have been saved in /shenzihe/WD-Disk/output/exp5/cat2/checkpoint-100/images/in_the_snow/
11/30/2024 12:38:31 - INFO - root - Image have been saved in /shenzihe/WD-Disk/output/exp5/cat2/checkpoint-100/images/in_the_snow/
11/30/2024 12:38:31 - INFO - __main__ - Running validation... 
 Generating 4 images with prompt:on the beach.
11/30/2024 12:38:45 - INFO - root - Image have been saved in /shenzihe/WD-Disk/output/exp5/cat2/checkpoint-100/images/on_the_beach/
11/30/2024 12:38:58 - INFO - root - Image have been saved in /shenzihe/WD-Disk/output/exp5/cat2/checkpoint-100/images/on_the_beach/
11/30/2024 12:39:12 - INFO - root - Image have been saved in /shenzihe/WD-Disk/output/exp5/cat2/checkpoint-100/images/on_the_beach/
11/30/2024 12:39:25 - INFO - root - Image have been saved in /shenzihe/WD-Disk/output/exp5/cat2/checkpoint-100/images/on_the_beach/
11/30/2024 12:39:25 - INFO - __main__ - Running validation... 
 Generating 4 images with prompt:on a cobblestone street.
11/30/2024 12:39:39 - INFO - root - Image have been saved in /shenzihe/WD-Disk/output/exp5/cat2/checkpoint-100/images/on_a_cobblestone_street/
11/30/2024 12:39:53 - INFO - root - Image have been saved in /shenzihe/WD-Disk/output/exp5/cat2/checkpoint-100/images/on_a_cobblestone_street/
11/30/2024 12:40:06 - INFO - root - Image have been saved in /shenzihe/WD-Disk/output/exp5/cat2/checkpoint-100/images/on_a_cobblestone_street/
11/30/2024 12:40:20 - INFO - root - Image have been saved in /shenzihe/WD-Disk/output/exp5/cat2/checkpoint-100/images/on_a_cobblestone_street/
11/30/2024 12:40:20 - INFO - __main__ - Running validation... 
 Generating 4 images with prompt:on top of pink fabric.
11/30/2024 12:40:33 - INFO - root - Image have been saved in /shenzihe/WD-Disk/output/exp5/cat2/checkpoint-100/images/on_top_of_pink_fabric/
11/30/2024 12:40:47 - INFO - root - Image have been saved in /shenzihe/WD-Disk/output/exp5/cat2/checkpoint-100/images/on_top_of_pink_fabric/
11/30/2024 12:41:00 - INFO - root - Image have been saved in /shenzihe/WD-Disk/output/exp5/cat2/checkpoint-100/images/on_top_of_pink_fabric/
11/30/2024 12:41:14 - INFO - root - Image have been saved in /shenzihe/WD-Disk/output/exp5/cat2/checkpoint-100/images/on_top_of_pink_fabric/
11/30/2024 12:41:14 - INFO - __main__ - Running validation... 
 Generating 4 images with prompt:on top of a wooden floor.
11/30/2024 12:41:28 - INFO - root - Image have been saved in /shenzihe/WD-Disk/output/exp5/cat2/checkpoint-100/images/on_top_of_a_wooden_floor/
11/30/2024 12:41:41 - INFO - root - Image have been saved in /shenzihe/WD-Disk/output/exp5/cat2/checkpoint-100/images/on_top_of_a_wooden_floor/
11/30/2024 12:41:55 - INFO - root - Image have been saved in /shenzihe/WD-Disk/output/exp5/cat2/checkpoint-100/images/on_top_of_a_wooden_floor/
11/30/2024 12:42:08 - INFO - root - Image have been saved in /shenzihe/WD-Disk/output/exp5/cat2/checkpoint-100/images/on_top_of_a_wooden_floor/
11/30/2024 12:42:08 - INFO - __main__ - Running validation... 
 Generating 4 images with prompt:with a city in the background.
11/30/2024 12:42:22 - INFO - root - Image have been saved in /shenzihe/WD-Disk/output/exp5/cat2/checkpoint-100/images/with_a_city_in_the_background/
11/30/2024 12:42:35 - INFO - root - Image have been saved in /shenzihe/WD-Disk/output/exp5/cat2/checkpoint-100/images/with_a_city_in_the_background/
11/30/2024 12:42:49 - INFO - root - Image have been saved in /shenzihe/WD-Disk/output/exp5/cat2/checkpoint-100/images/with_a_city_in_the_background/
11/30/2024 12:43:03 - INFO - root - Image have been saved in /shenzihe/WD-Disk/output/exp5/cat2/checkpoint-100/images/with_a_city_in_the_background/
11/30/2024 12:43:03 - INFO - __main__ - Running validation... 
 Generating 4 images with prompt:with a mountain in the background.
11/30/2024 12:43:16 - INFO - root - Image have been saved in /shenzihe/WD-Disk/output/exp5/cat2/checkpoint-100/images/with_a_mountain_in_the_background/
11/30/2024 12:43:30 - INFO - root - Image have been saved in /shenzihe/WD-Disk/output/exp5/cat2/checkpoint-100/images/with_a_mountain_in_the_background/
11/30/2024 12:43:44 - INFO - root - Image have been saved in /shenzihe/WD-Disk/output/exp5/cat2/checkpoint-100/images/with_a_mountain_in_the_background/
11/30/2024 12:43:57 - INFO - root - Image have been saved in /shenzihe/WD-Disk/output/exp5/cat2/checkpoint-100/images/with_a_mountain_in_the_background/
11/30/2024 12:43:57 - INFO - __main__ - Running validation... 
 Generating 4 images with prompt:with a blue house in the background.
11/30/2024 12:44:11 - INFO - root - Image have been saved in /shenzihe/WD-Disk/output/exp5/cat2/checkpoint-100/images/with_a_blue_house_in_the_background/
11/30/2024 12:44:24 - INFO - root - Image have been saved in /shenzihe/WD-Disk/output/exp5/cat2/checkpoint-100/images/with_a_blue_house_in_the_background/
11/30/2024 12:44:38 - INFO - root - Image have been saved in /shenzihe/WD-Disk/output/exp5/cat2/checkpoint-100/images/with_a_blue_house_in_the_background/
11/30/2024 12:44:52 - INFO - root - Image have been saved in /shenzihe/WD-Disk/output/exp5/cat2/checkpoint-100/images/with_a_blue_house_in_the_background/
11/30/2024 12:44:52 - INFO - __main__ - Running validation... 
 Generating 4 images with prompt:on top of a purple rug in a forest.
11/30/2024 12:45:05 - INFO - root - Image have been saved in /shenzihe/WD-Disk/output/exp5/cat2/checkpoint-100/images/on_top_of_a_purple_rug_in_a_forest/
11/30/2024 12:45:19 - INFO - root - Image have been saved in /shenzihe/WD-Disk/output/exp5/cat2/checkpoint-100/images/on_top_of_a_purple_rug_in_a_forest/
11/30/2024 12:45:33 - INFO - root - Image have been saved in /shenzihe/WD-Disk/output/exp5/cat2/checkpoint-100/images/on_top_of_a_purple_rug_in_a_forest/
11/30/2024 12:45:46 - INFO - root - Image have been saved in /shenzihe/WD-Disk/output/exp5/cat2/checkpoint-100/images/on_top_of_a_purple_rug_in_a_forest/
11/30/2024 12:45:46 - INFO - __main__ - Running validation... 
 Generating 4 images with prompt:with a wheat field in the background.
11/30/2024 12:46:00 - INFO - root - Image have been saved in /shenzihe/WD-Disk/output/exp5/cat2/checkpoint-100/images/with_a_wheat_field_in_the_background/
11/30/2024 12:46:13 - INFO - root - Image have been saved in /shenzihe/WD-Disk/output/exp5/cat2/checkpoint-100/images/with_a_wheat_field_in_the_background/
11/30/2024 12:46:27 - INFO - root - Image have been saved in /shenzihe/WD-Disk/output/exp5/cat2/checkpoint-100/images/with_a_wheat_field_in_the_background/
11/30/2024 12:46:41 - INFO - root - Image have been saved in /shenzihe/WD-Disk/output/exp5/cat2/checkpoint-100/images/with_a_wheat_field_in_the_background/
11/30/2024 12:46:41 - INFO - __main__ - Running validation... 
 Generating 4 images with prompt:with a tree and autumn leaves in the background.
11/30/2024 12:46:54 - INFO - root - Image have been saved in /shenzihe/WD-Disk/output/exp5/cat2/checkpoint-100/images/with_a_tree_and_autumn_leaves_in_the_background/
11/30/2024 12:47:08 - INFO - root - Image have been saved in /shenzihe/WD-Disk/output/exp5/cat2/checkpoint-100/images/with_a_tree_and_autumn_leaves_in_the_background/
11/30/2024 12:47:21 - INFO - root - Image have been saved in /shenzihe/WD-Disk/output/exp5/cat2/checkpoint-100/images/with_a_tree_and_autumn_leaves_in_the_background/
11/30/2024 12:47:35 - INFO - root - Image have been saved in /shenzihe/WD-Disk/output/exp5/cat2/checkpoint-100/images/with_a_tree_and_autumn_leaves_in_the_background/
11/30/2024 12:47:35 - INFO - __main__ - Running validation... 
 Generating 4 images with prompt:with the Eiffel Tower in the background.
11/30/2024 12:47:49 - INFO - root - Image have been saved in /shenzihe/WD-Disk/output/exp5/cat2/checkpoint-100/images/with_the_Eiffel_Tower_in_the_background/
11/30/2024 12:48:02 - INFO - root - Image have been saved in /shenzihe/WD-Disk/output/exp5/cat2/checkpoint-100/images/with_the_Eiffel_Tower_in_the_background/
11/30/2024 12:48:16 - INFO - root - Image have been saved in /shenzihe/WD-Disk/output/exp5/cat2/checkpoint-100/images/with_the_Eiffel_Tower_in_the_background/
11/30/2024 12:48:29 - INFO - root - Image have been saved in /shenzihe/WD-Disk/output/exp5/cat2/checkpoint-100/images/with_the_Eiffel_Tower_in_the_background/
11/30/2024 12:48:29 - INFO - __main__ - Running validation... 
 Generating 4 images with prompt:floating on top of water.
11/30/2024 12:48:43 - INFO - root - Image have been saved in /shenzihe/WD-Disk/output/exp5/cat2/checkpoint-100/images/floating_on_top_of_water/
11/30/2024 12:48:57 - INFO - root - Image have been saved in /shenzihe/WD-Disk/output/exp5/cat2/checkpoint-100/images/floating_on_top_of_water/
11/30/2024 12:49:10 - INFO - root - Image have been saved in /shenzihe/WD-Disk/output/exp5/cat2/checkpoint-100/images/floating_on_top_of_water/
11/30/2024 12:49:24 - INFO - root - Image have been saved in /shenzihe/WD-Disk/output/exp5/cat2/checkpoint-100/images/floating_on_top_of_water/
11/30/2024 12:49:24 - INFO - __main__ - Running validation... 
 Generating 4 images with prompt:floating in an ocean of milk.
11/30/2024 12:49:37 - INFO - root - Image have been saved in /shenzihe/WD-Disk/output/exp5/cat2/checkpoint-100/images/floating_in_an_ocean_of_milk/
11/30/2024 12:49:51 - INFO - root - Image have been saved in /shenzihe/WD-Disk/output/exp5/cat2/checkpoint-100/images/floating_in_an_ocean_of_milk/
11/30/2024 12:50:05 - INFO - root - Image have been saved in /shenzihe/WD-Disk/output/exp5/cat2/checkpoint-100/images/floating_in_an_ocean_of_milk/
11/30/2024 12:50:18 - INFO - root - Image have been saved in /shenzihe/WD-Disk/output/exp5/cat2/checkpoint-100/images/floating_in_an_ocean_of_milk/
11/30/2024 12:50:18 - INFO - __main__ - Running validation... 
 Generating 4 images with prompt:on top of green grass with sunflowers around it.
11/30/2024 12:50:32 - INFO - root - Image have been saved in /shenzihe/WD-Disk/output/exp5/cat2/checkpoint-100/images/on_top_of_green_grass_with_sunflowers_around_it/
11/30/2024 12:50:45 - INFO - root - Image have been saved in /shenzihe/WD-Disk/output/exp5/cat2/checkpoint-100/images/on_top_of_green_grass_with_sunflowers_around_it/
11/30/2024 12:50:59 - INFO - root - Image have been saved in /shenzihe/WD-Disk/output/exp5/cat2/checkpoint-100/images/on_top_of_green_grass_with_sunflowers_around_it/
11/30/2024 12:51:13 - INFO - root - Image have been saved in /shenzihe/WD-Disk/output/exp5/cat2/checkpoint-100/images/on_top_of_green_grass_with_sunflowers_around_it/
11/30/2024 12:51:13 - INFO - __main__ - Running validation... 
 Generating 4 images with prompt:on top of a mirror.
11/30/2024 12:51:26 - INFO - root - Image have been saved in /shenzihe/WD-Disk/output/exp5/cat2/checkpoint-100/images/on_top_of_a_mirror/
11/30/2024 12:51:40 - INFO - root - Image have been saved in /shenzihe/WD-Disk/output/exp5/cat2/checkpoint-100/images/on_top_of_a_mirror/
11/30/2024 12:51:53 - INFO - root - Image have been saved in /shenzihe/WD-Disk/output/exp5/cat2/checkpoint-100/images/on_top_of_a_mirror/
11/30/2024 12:52:07 - INFO - root - Image have been saved in /shenzihe/WD-Disk/output/exp5/cat2/checkpoint-100/images/on_top_of_a_mirror/
11/30/2024 12:52:07 - INFO - __main__ - Running validation... 
 Generating 4 images with prompt:on top of the sidewalk in a crowded street.
11/30/2024 12:52:21 - INFO - root - Image have been saved in /shenzihe/WD-Disk/output/exp5/cat2/checkpoint-100/images/on_top_of_the_sidewalk_in_a_crowded_street/
11/30/2024 12:52:34 - INFO - root - Image have been saved in /shenzihe/WD-Disk/output/exp5/cat2/checkpoint-100/images/on_top_of_the_sidewalk_in_a_crowded_street/
11/30/2024 12:52:48 - INFO - root - Image have been saved in /shenzihe/WD-Disk/output/exp5/cat2/checkpoint-100/images/on_top_of_the_sidewalk_in_a_crowded_street/
11/30/2024 12:53:01 - INFO - root - Image have been saved in /shenzihe/WD-Disk/output/exp5/cat2/checkpoint-100/images/on_top_of_the_sidewalk_in_a_crowded_street/
11/30/2024 12:53:01 - INFO - __main__ - Running validation... 
 Generating 4 images with prompt:on top of a dirt road.
11/30/2024 12:53:15 - INFO - root - Image have been saved in /shenzihe/WD-Disk/output/exp5/cat2/checkpoint-100/images/on_top_of_a_dirt_road/
11/30/2024 12:53:29 - INFO - root - Image have been saved in /shenzihe/WD-Disk/output/exp5/cat2/checkpoint-100/images/on_top_of_a_dirt_road/
11/30/2024 12:53:42 - INFO - root - Image have been saved in /shenzihe/WD-Disk/output/exp5/cat2/checkpoint-100/images/on_top_of_a_dirt_road/
11/30/2024 12:53:56 - INFO - root - Image have been saved in /shenzihe/WD-Disk/output/exp5/cat2/checkpoint-100/images/on_top_of_a_dirt_road/
11/30/2024 12:53:56 - INFO - __main__ - Running validation... 
 Generating 4 images with prompt:on top of a white rug.
11/30/2024 12:54:09 - INFO - root - Image have been saved in /shenzihe/WD-Disk/output/exp5/cat2/checkpoint-100/images/on_top_of_a_white_rug/
11/30/2024 12:54:23 - INFO - root - Image have been saved in /shenzihe/WD-Disk/output/exp5/cat2/checkpoint-100/images/on_top_of_a_white_rug/
11/30/2024 12:54:37 - INFO - root - Image have been saved in /shenzihe/WD-Disk/output/exp5/cat2/checkpoint-100/images/on_top_of_a_white_rug/
11/30/2024 12:54:50 - INFO - root - Image have been saved in /shenzihe/WD-Disk/output/exp5/cat2/checkpoint-100/images/on_top_of_a_white_rug/
11/30/2024 12:54:50 - INFO - __main__ - Running validation... 
 Generating 4 images with prompt:red.
11/30/2024 12:55:04 - INFO - root - Image have been saved in /shenzihe/WD-Disk/output/exp5/cat2/checkpoint-100/images/red/
11/30/2024 12:55:17 - INFO - root - Image have been saved in /shenzihe/WD-Disk/output/exp5/cat2/checkpoint-100/images/red/
11/30/2024 12:55:31 - INFO - root - Image have been saved in /shenzihe/WD-Disk/output/exp5/cat2/checkpoint-100/images/red/
11/30/2024 12:55:45 - INFO - root - Image have been saved in /shenzihe/WD-Disk/output/exp5/cat2/checkpoint-100/images/red/
11/30/2024 12:55:45 - INFO - __main__ - Running validation... 
 Generating 4 images with prompt:purple.
11/30/2024 12:55:58 - INFO - root - Image have been saved in /shenzihe/WD-Disk/output/exp5/cat2/checkpoint-100/images/purple/
11/30/2024 12:56:12 - INFO - root - Image have been saved in /shenzihe/WD-Disk/output/exp5/cat2/checkpoint-100/images/purple/
11/30/2024 12:56:26 - INFO - root - Image have been saved in /shenzihe/WD-Disk/output/exp5/cat2/checkpoint-100/images/purple/
11/30/2024 12:56:39 - INFO - root - Image have been saved in /shenzihe/WD-Disk/output/exp5/cat2/checkpoint-100/images/purple/
11/30/2024 12:56:39 - INFO - __main__ - Running validation... 
 Generating 4 images with prompt:shiny.
11/30/2024 12:56:53 - INFO - root - Image have been saved in /shenzihe/WD-Disk/output/exp5/cat2/checkpoint-100/images/shiny/
11/30/2024 12:57:07 - INFO - root - Image have been saved in /shenzihe/WD-Disk/output/exp5/cat2/checkpoint-100/images/shiny/
11/30/2024 12:57:20 - INFO - root - Image have been saved in /shenzihe/WD-Disk/output/exp5/cat2/checkpoint-100/images/shiny/
11/30/2024 12:57:34 - INFO - root - Image have been saved in /shenzihe/WD-Disk/output/exp5/cat2/checkpoint-100/images/shiny/
11/30/2024 12:57:34 - INFO - __main__ - Running validation... 
 Generating 4 images with prompt:wet.
11/30/2024 12:57:47 - INFO - root - Image have been saved in /shenzihe/WD-Disk/output/exp5/cat2/checkpoint-100/images/wet/
11/30/2024 12:58:01 - INFO - root - Image have been saved in /shenzihe/WD-Disk/output/exp5/cat2/checkpoint-100/images/wet/
11/30/2024 12:58:15 - INFO - root - Image have been saved in /shenzihe/WD-Disk/output/exp5/cat2/checkpoint-100/images/wet/
11/30/2024 12:58:28 - INFO - root - Image have been saved in /shenzihe/WD-Disk/output/exp5/cat2/checkpoint-100/images/wet/
11/30/2024 12:58:28 - INFO - __main__ - Running validation... 
 Generating 4 images with prompt:cube shaped.
11/30/2024 12:58:42 - INFO - root - Image have been saved in /shenzihe/WD-Disk/output/exp5/cat2/checkpoint-100/images/cube_shaped/
11/30/2024 12:58:55 - INFO - root - Image have been saved in /shenzihe/WD-Disk/output/exp5/cat2/checkpoint-100/images/cube_shaped/
11/30/2024 12:59:09 - INFO - root - Image have been saved in /shenzihe/WD-Disk/output/exp5/cat2/checkpoint-100/images/cube_shaped/
11/30/2024 12:59:22 - INFO - root - Image have been saved in /shenzihe/WD-Disk/output/exp5/cat2/checkpoint-100/images/cube_shaped/
