11/30/2024 21:56:19 - INFO - __main__ - Distributed environment: NO
Num processes: 1
Process index: 0
Local process index: 0
Device: cuda

Mixed precision type: no

11/30/2024 21:56:22 - INFO - root - freeze vision encoder
11/30/2024 21:56:31 - INFO - root - Loading pretrained model from /root/.cache/torch/hub/checkpoints/blip-diffusion
11/30/2024 21:56:31 - INFO - root - Loading pretrained BLIP2 Qformer weights.
11/30/2024 21:56:33 - INFO - root - Loading pretrained projection lyer weights.
11/30/2024 21:56:33 - INFO - root - Loading pretrained text encoder weights.
11/30/2024 21:56:34 - INFO - root - Loading pretrained vae weights.
11/30/2024 21:56:34 - INFO - root - Loading pretrained unet weights.
11/30/2024 21:56:42 - INFO - root - Using xformers.
11/30/2024 21:56:42 - INFO - root - Building datasets...
11/30/2024 21:56:52 - INFO - root - freeze vision encoder
11/30/2024 21:57:19 - INFO - root - load checkpoint from https://storage.googleapis.com/sfr-vision-language-research/LAVIS/models/BLIP2/blip2_pretrained_flant5xl.pth
11/30/2024 21:57:25 - INFO - __main__ - 
***** Running training *****
11/30/2024 21:57:25 - INFO - __main__ -   Num examples = 6
11/30/2024 21:57:25 - INFO - __main__ -   Num batches each epoch = 1
11/30/2024 21:57:25 - INFO - __main__ -   Num Epochs = 100
11/30/2024 21:57:25 - INFO - __main__ -   Instantaneous batch size per device = 6
11/30/2024 21:57:25 - INFO - __main__ -   Total train batch size (w. parallel, distributed & accumulation) = 6
11/30/2024 21:57:25 - INFO - __main__ -   Gradient Accumulation steps = 1
11/30/2024 21:57:25 - INFO - __main__ -   Total optimization steps = 100
11/30/2024 21:57:25 - INFO - __main__ -   Total parameters number = 1995356906
11/30/2024 21:57:25 - INFO - __main__ -   Training parameters number = 576349697
11/30/2024 22:00:17 - INFO - __main__ - Running validation... 
 Generating 4 images with prompt:in the jungle.
11/30/2024 22:00:31 - INFO - root - Image have been saved in /shenzihe/WD-Disk/output/exp5/vase/checkpoint-100/images/in_the_jungle/
11/30/2024 22:00:45 - INFO - root - Image have been saved in /shenzihe/WD-Disk/output/exp5/vase/checkpoint-100/images/in_the_jungle/
11/30/2024 22:00:58 - INFO - root - Image have been saved in /shenzihe/WD-Disk/output/exp5/vase/checkpoint-100/images/in_the_jungle/
11/30/2024 22:01:12 - INFO - root - Image have been saved in /shenzihe/WD-Disk/output/exp5/vase/checkpoint-100/images/in_the_jungle/
11/30/2024 22:01:12 - INFO - __main__ - Running validation... 
 Generating 4 images with prompt:in the snow.
11/30/2024 22:01:25 - INFO - root - Image have been saved in /shenzihe/WD-Disk/output/exp5/vase/checkpoint-100/images/in_the_snow/
11/30/2024 22:01:39 - INFO - root - Image have been saved in /shenzihe/WD-Disk/output/exp5/vase/checkpoint-100/images/in_the_snow/
11/30/2024 22:01:53 - INFO - root - Image have been saved in /shenzihe/WD-Disk/output/exp5/vase/checkpoint-100/images/in_the_snow/
11/30/2024 22:02:07 - INFO - root - Image have been saved in /shenzihe/WD-Disk/output/exp5/vase/checkpoint-100/images/in_the_snow/
11/30/2024 22:02:07 - INFO - __main__ - Running validation... 
 Generating 4 images with prompt:on the beach.
11/30/2024 22:02:20 - INFO - root - Image have been saved in /shenzihe/WD-Disk/output/exp5/vase/checkpoint-100/images/on_the_beach/
11/30/2024 22:02:34 - INFO - root - Image have been saved in /shenzihe/WD-Disk/output/exp5/vase/checkpoint-100/images/on_the_beach/
11/30/2024 22:02:48 - INFO - root - Image have been saved in /shenzihe/WD-Disk/output/exp5/vase/checkpoint-100/images/on_the_beach/
11/30/2024 22:03:01 - INFO - root - Image have been saved in /shenzihe/WD-Disk/output/exp5/vase/checkpoint-100/images/on_the_beach/
11/30/2024 22:03:01 - INFO - __main__ - Running validation... 
 Generating 4 images with prompt:on a cobblestone street.
11/30/2024 22:03:15 - INFO - root - Image have been saved in /shenzihe/WD-Disk/output/exp5/vase/checkpoint-100/images/on_a_cobblestone_street/
11/30/2024 22:03:29 - INFO - root - Image have been saved in /shenzihe/WD-Disk/output/exp5/vase/checkpoint-100/images/on_a_cobblestone_street/
11/30/2024 22:03:42 - INFO - root - Image have been saved in /shenzihe/WD-Disk/output/exp5/vase/checkpoint-100/images/on_a_cobblestone_street/
11/30/2024 22:03:56 - INFO - root - Image have been saved in /shenzihe/WD-Disk/output/exp5/vase/checkpoint-100/images/on_a_cobblestone_street/
11/30/2024 22:03:56 - INFO - __main__ - Running validation... 
 Generating 4 images with prompt:on top of pink fabric.
11/30/2024 22:04:10 - INFO - root - Image have been saved in /shenzihe/WD-Disk/output/exp5/vase/checkpoint-100/images/on_top_of_pink_fabric/
11/30/2024 22:04:23 - INFO - root - Image have been saved in /shenzihe/WD-Disk/output/exp5/vase/checkpoint-100/images/on_top_of_pink_fabric/
11/30/2024 22:04:37 - INFO - root - Image have been saved in /shenzihe/WD-Disk/output/exp5/vase/checkpoint-100/images/on_top_of_pink_fabric/
11/30/2024 22:04:51 - INFO - root - Image have been saved in /shenzihe/WD-Disk/output/exp5/vase/checkpoint-100/images/on_top_of_pink_fabric/
11/30/2024 22:04:51 - INFO - __main__ - Running validation... 
 Generating 4 images with prompt:on top of a wooden floor.
11/30/2024 22:05:04 - INFO - root - Image have been saved in /shenzihe/WD-Disk/output/exp5/vase/checkpoint-100/images/on_top_of_a_wooden_floor/
11/30/2024 22:05:18 - INFO - root - Image have been saved in /shenzihe/WD-Disk/output/exp5/vase/checkpoint-100/images/on_top_of_a_wooden_floor/
11/30/2024 22:05:32 - INFO - root - Image have been saved in /shenzihe/WD-Disk/output/exp5/vase/checkpoint-100/images/on_top_of_a_wooden_floor/
11/30/2024 22:05:45 - INFO - root - Image have been saved in /shenzihe/WD-Disk/output/exp5/vase/checkpoint-100/images/on_top_of_a_wooden_floor/
11/30/2024 22:05:45 - INFO - __main__ - Running validation... 
 Generating 4 images with prompt:with a city in the background.
11/30/2024 22:05:59 - INFO - root - Image have been saved in /shenzihe/WD-Disk/output/exp5/vase/checkpoint-100/images/with_a_city_in_the_background/
11/30/2024 22:06:13 - INFO - root - Image have been saved in /shenzihe/WD-Disk/output/exp5/vase/checkpoint-100/images/with_a_city_in_the_background/
11/30/2024 22:06:26 - INFO - root - Image have been saved in /shenzihe/WD-Disk/output/exp5/vase/checkpoint-100/images/with_a_city_in_the_background/
11/30/2024 22:06:40 - INFO - root - Image have been saved in /shenzihe/WD-Disk/output/exp5/vase/checkpoint-100/images/with_a_city_in_the_background/
11/30/2024 22:06:40 - INFO - __main__ - Running validation... 
 Generating 4 images with prompt:with a mountain in the background.
11/30/2024 22:06:54 - INFO - root - Image have been saved in /shenzihe/WD-Disk/output/exp5/vase/checkpoint-100/images/with_a_mountain_in_the_background/
11/30/2024 22:07:07 - INFO - root - Image have been saved in /shenzihe/WD-Disk/output/exp5/vase/checkpoint-100/images/with_a_mountain_in_the_background/
11/30/2024 22:07:21 - INFO - root - Image have been saved in /shenzihe/WD-Disk/output/exp5/vase/checkpoint-100/images/with_a_mountain_in_the_background/
11/30/2024 22:07:35 - INFO - root - Image have been saved in /shenzihe/WD-Disk/output/exp5/vase/checkpoint-100/images/with_a_mountain_in_the_background/
11/30/2024 22:07:35 - INFO - __main__ - Running validation... 
 Generating 4 images with prompt:with a blue house in the background.
11/30/2024 22:07:48 - INFO - root - Image have been saved in /shenzihe/WD-Disk/output/exp5/vase/checkpoint-100/images/with_a_blue_house_in_the_background/
11/30/2024 22:08:02 - INFO - root - Image have been saved in /shenzihe/WD-Disk/output/exp5/vase/checkpoint-100/images/with_a_blue_house_in_the_background/
11/30/2024 22:08:16 - INFO - root - Image have been saved in /shenzihe/WD-Disk/output/exp5/vase/checkpoint-100/images/with_a_blue_house_in_the_background/
11/30/2024 22:08:29 - INFO - root - Image have been saved in /shenzihe/WD-Disk/output/exp5/vase/checkpoint-100/images/with_a_blue_house_in_the_background/
11/30/2024 22:08:29 - INFO - __main__ - Running validation... 
 Generating 4 images with prompt:on top of a purple rug in a forest.
11/30/2024 22:08:43 - INFO - root - Image have been saved in /shenzihe/WD-Disk/output/exp5/vase/checkpoint-100/images/on_top_of_a_purple_rug_in_a_forest/
11/30/2024 22:08:57 - INFO - root - Image have been saved in /shenzihe/WD-Disk/output/exp5/vase/checkpoint-100/images/on_top_of_a_purple_rug_in_a_forest/
11/30/2024 22:09:10 - INFO - root - Image have been saved in /shenzihe/WD-Disk/output/exp5/vase/checkpoint-100/images/on_top_of_a_purple_rug_in_a_forest/
11/30/2024 22:09:24 - INFO - root - Image have been saved in /shenzihe/WD-Disk/output/exp5/vase/checkpoint-100/images/on_top_of_a_purple_rug_in_a_forest/
11/30/2024 22:09:24 - INFO - __main__ - Running validation... 
 Generating 4 images with prompt:with a wheat field in the background.
11/30/2024 22:09:37 - INFO - root - Image have been saved in /shenzihe/WD-Disk/output/exp5/vase/checkpoint-100/images/with_a_wheat_field_in_the_background/
11/30/2024 22:09:51 - INFO - root - Image have been saved in /shenzihe/WD-Disk/output/exp5/vase/checkpoint-100/images/with_a_wheat_field_in_the_background/
11/30/2024 22:10:05 - INFO - root - Image have been saved in /shenzihe/WD-Disk/output/exp5/vase/checkpoint-100/images/with_a_wheat_field_in_the_background/
11/30/2024 22:10:18 - INFO - root - Image have been saved in /shenzihe/WD-Disk/output/exp5/vase/checkpoint-100/images/with_a_wheat_field_in_the_background/
11/30/2024 22:10:18 - INFO - __main__ - Running validation... 
 Generating 4 images with prompt:with a tree and autumn leaves in the background.
11/30/2024 22:10:32 - INFO - root - Image have been saved in /shenzihe/WD-Disk/output/exp5/vase/checkpoint-100/images/with_a_tree_and_autumn_leaves_in_the_background/
11/30/2024 22:10:46 - INFO - root - Image have been saved in /shenzihe/WD-Disk/output/exp5/vase/checkpoint-100/images/with_a_tree_and_autumn_leaves_in_the_background/
11/30/2024 22:10:59 - INFO - root - Image have been saved in /shenzihe/WD-Disk/output/exp5/vase/checkpoint-100/images/with_a_tree_and_autumn_leaves_in_the_background/
11/30/2024 22:11:13 - INFO - root - Image have been saved in /shenzihe/WD-Disk/output/exp5/vase/checkpoint-100/images/with_a_tree_and_autumn_leaves_in_the_background/
11/30/2024 22:11:13 - INFO - __main__ - Running validation... 
 Generating 4 images with prompt:with the Eiffel Tower in the background.
11/30/2024 22:11:27 - INFO - root - Image have been saved in /shenzihe/WD-Disk/output/exp5/vase/checkpoint-100/images/with_the_Eiffel_Tower_in_the_background/
11/30/2024 22:11:40 - INFO - root - Image have been saved in /shenzihe/WD-Disk/output/exp5/vase/checkpoint-100/images/with_the_Eiffel_Tower_in_the_background/
11/30/2024 22:11:54 - INFO - root - Image have been saved in /shenzihe/WD-Disk/output/exp5/vase/checkpoint-100/images/with_the_Eiffel_Tower_in_the_background/
11/30/2024 22:12:07 - INFO - root - Image have been saved in /shenzihe/WD-Disk/output/exp5/vase/checkpoint-100/images/with_the_Eiffel_Tower_in_the_background/
11/30/2024 22:12:07 - INFO - __main__ - Running validation... 
 Generating 4 images with prompt:floating on top of water.
11/30/2024 22:12:21 - INFO - root - Image have been saved in /shenzihe/WD-Disk/output/exp5/vase/checkpoint-100/images/floating_on_top_of_water/
11/30/2024 22:12:35 - INFO - root - Image have been saved in /shenzihe/WD-Disk/output/exp5/vase/checkpoint-100/images/floating_on_top_of_water/
11/30/2024 22:12:48 - INFO - root - Image have been saved in /shenzihe/WD-Disk/output/exp5/vase/checkpoint-100/images/floating_on_top_of_water/
11/30/2024 22:13:02 - INFO - root - Image have been saved in /shenzihe/WD-Disk/output/exp5/vase/checkpoint-100/images/floating_on_top_of_water/
11/30/2024 22:13:02 - INFO - __main__ - Running validation... 
 Generating 4 images with prompt:floating in an ocean of milk.
11/30/2024 22:13:16 - INFO - root - Image have been saved in /shenzihe/WD-Disk/output/exp5/vase/checkpoint-100/images/floating_in_an_ocean_of_milk/
11/30/2024 22:13:29 - INFO - root - Image have been saved in /shenzihe/WD-Disk/output/exp5/vase/checkpoint-100/images/floating_in_an_ocean_of_milk/
11/30/2024 22:13:43 - INFO - root - Image have been saved in /shenzihe/WD-Disk/output/exp5/vase/checkpoint-100/images/floating_in_an_ocean_of_milk/
11/30/2024 22:13:57 - INFO - root - Image have been saved in /shenzihe/WD-Disk/output/exp5/vase/checkpoint-100/images/floating_in_an_ocean_of_milk/
11/30/2024 22:13:57 - INFO - __main__ - Running validation... 
 Generating 4 images with prompt:on top of green grass with sunflowers around it.
11/30/2024 22:14:10 - INFO - root - Image have been saved in /shenzihe/WD-Disk/output/exp5/vase/checkpoint-100/images/on_top_of_green_grass_with_sunflowers_around_it/
11/30/2024 22:14:24 - INFO - root - Image have been saved in /shenzihe/WD-Disk/output/exp5/vase/checkpoint-100/images/on_top_of_green_grass_with_sunflowers_around_it/
11/30/2024 22:14:37 - INFO - root - Image have been saved in /shenzihe/WD-Disk/output/exp5/vase/checkpoint-100/images/on_top_of_green_grass_with_sunflowers_around_it/
11/30/2024 22:14:51 - INFO - root - Image have been saved in /shenzihe/WD-Disk/output/exp5/vase/checkpoint-100/images/on_top_of_green_grass_with_sunflowers_around_it/
11/30/2024 22:14:51 - INFO - __main__ - Running validation... 
 Generating 4 images with prompt:on top of a mirror.
11/30/2024 22:15:05 - INFO - root - Image have been saved in /shenzihe/WD-Disk/output/exp5/vase/checkpoint-100/images/on_top_of_a_mirror/
11/30/2024 22:15:18 - INFO - root - Image have been saved in /shenzihe/WD-Disk/output/exp5/vase/checkpoint-100/images/on_top_of_a_mirror/
11/30/2024 22:15:32 - INFO - root - Image have been saved in /shenzihe/WD-Disk/output/exp5/vase/checkpoint-100/images/on_top_of_a_mirror/
11/30/2024 22:15:45 - INFO - root - Image have been saved in /shenzihe/WD-Disk/output/exp5/vase/checkpoint-100/images/on_top_of_a_mirror/
11/30/2024 22:15:45 - INFO - __main__ - Running validation... 
 Generating 4 images with prompt:on top of the sidewalk in a crowded street.
11/30/2024 22:15:59 - INFO - root - Image have been saved in /shenzihe/WD-Disk/output/exp5/vase/checkpoint-100/images/on_top_of_the_sidewalk_in_a_crowded_street/
11/30/2024 22:16:13 - INFO - root - Image have been saved in /shenzihe/WD-Disk/output/exp5/vase/checkpoint-100/images/on_top_of_the_sidewalk_in_a_crowded_street/
11/30/2024 22:16:27 - INFO - root - Image have been saved in /shenzihe/WD-Disk/output/exp5/vase/checkpoint-100/images/on_top_of_the_sidewalk_in_a_crowded_street/
11/30/2024 22:16:40 - INFO - root - Image have been saved in /shenzihe/WD-Disk/output/exp5/vase/checkpoint-100/images/on_top_of_the_sidewalk_in_a_crowded_street/
11/30/2024 22:16:40 - INFO - __main__ - Running validation... 
 Generating 4 images with prompt:on top of a dirt road.
11/30/2024 22:16:54 - INFO - root - Image have been saved in /shenzihe/WD-Disk/output/exp5/vase/checkpoint-100/images/on_top_of_a_dirt_road/
11/30/2024 22:17:07 - INFO - root - Image have been saved in /shenzihe/WD-Disk/output/exp5/vase/checkpoint-100/images/on_top_of_a_dirt_road/
11/30/2024 22:17:21 - INFO - root - Image have been saved in /shenzihe/WD-Disk/output/exp5/vase/checkpoint-100/images/on_top_of_a_dirt_road/
11/30/2024 22:17:35 - INFO - root - Image have been saved in /shenzihe/WD-Disk/output/exp5/vase/checkpoint-100/images/on_top_of_a_dirt_road/
11/30/2024 22:17:35 - INFO - __main__ - Running validation... 
 Generating 4 images with prompt:on top of a white rug.
11/30/2024 22:17:48 - INFO - root - Image have been saved in /shenzihe/WD-Disk/output/exp5/vase/checkpoint-100/images/on_top_of_a_white_rug/
11/30/2024 22:18:02 - INFO - root - Image have been saved in /shenzihe/WD-Disk/output/exp5/vase/checkpoint-100/images/on_top_of_a_white_rug/
11/30/2024 22:18:16 - INFO - root - Image have been saved in /shenzihe/WD-Disk/output/exp5/vase/checkpoint-100/images/on_top_of_a_white_rug/
11/30/2024 22:18:29 - INFO - root - Image have been saved in /shenzihe/WD-Disk/output/exp5/vase/checkpoint-100/images/on_top_of_a_white_rug/
11/30/2024 22:18:29 - INFO - __main__ - Running validation... 
 Generating 4 images with prompt:red.
11/30/2024 22:18:43 - INFO - root - Image have been saved in /shenzihe/WD-Disk/output/exp5/vase/checkpoint-100/images/red/
11/30/2024 22:18:57 - INFO - root - Image have been saved in /shenzihe/WD-Disk/output/exp5/vase/checkpoint-100/images/red/
11/30/2024 22:19:10 - INFO - root - Image have been saved in /shenzihe/WD-Disk/output/exp5/vase/checkpoint-100/images/red/
11/30/2024 22:19:24 - INFO - root - Image have been saved in /shenzihe/WD-Disk/output/exp5/vase/checkpoint-100/images/red/
11/30/2024 22:19:24 - INFO - __main__ - Running validation... 
 Generating 4 images with prompt:purple.
11/30/2024 22:19:38 - INFO - root - Image have been saved in /shenzihe/WD-Disk/output/exp5/vase/checkpoint-100/images/purple/
11/30/2024 22:19:51 - INFO - root - Image have been saved in /shenzihe/WD-Disk/output/exp5/vase/checkpoint-100/images/purple/
11/30/2024 22:20:05 - INFO - root - Image have been saved in /shenzihe/WD-Disk/output/exp5/vase/checkpoint-100/images/purple/
11/30/2024 22:20:19 - INFO - root - Image have been saved in /shenzihe/WD-Disk/output/exp5/vase/checkpoint-100/images/purple/
11/30/2024 22:20:19 - INFO - __main__ - Running validation... 
 Generating 4 images with prompt:shiny.
11/30/2024 22:20:32 - INFO - root - Image have been saved in /shenzihe/WD-Disk/output/exp5/vase/checkpoint-100/images/shiny/
11/30/2024 22:20:46 - INFO - root - Image have been saved in /shenzihe/WD-Disk/output/exp5/vase/checkpoint-100/images/shiny/
11/30/2024 22:20:59 - INFO - root - Image have been saved in /shenzihe/WD-Disk/output/exp5/vase/checkpoint-100/images/shiny/
11/30/2024 22:21:13 - INFO - root - Image have been saved in /shenzihe/WD-Disk/output/exp5/vase/checkpoint-100/images/shiny/
11/30/2024 22:21:13 - INFO - __main__ - Running validation... 
 Generating 4 images with prompt:wet.
11/30/2024 22:21:27 - INFO - root - Image have been saved in /shenzihe/WD-Disk/output/exp5/vase/checkpoint-100/images/wet/
11/30/2024 22:21:40 - INFO - root - Image have been saved in /shenzihe/WD-Disk/output/exp5/vase/checkpoint-100/images/wet/
11/30/2024 22:21:54 - INFO - root - Image have been saved in /shenzihe/WD-Disk/output/exp5/vase/checkpoint-100/images/wet/
11/30/2024 22:22:08 - INFO - root - Image have been saved in /shenzihe/WD-Disk/output/exp5/vase/checkpoint-100/images/wet/
11/30/2024 22:22:08 - INFO - __main__ - Running validation... 
 Generating 4 images with prompt:cube shaped.
11/30/2024 22:22:21 - INFO - root - Image have been saved in /shenzihe/WD-Disk/output/exp5/vase/checkpoint-100/images/cube_shaped/
11/30/2024 22:22:35 - INFO - root - Image have been saved in /shenzihe/WD-Disk/output/exp5/vase/checkpoint-100/images/cube_shaped/
11/30/2024 22:22:49 - INFO - root - Image have been saved in /shenzihe/WD-Disk/output/exp5/vase/checkpoint-100/images/cube_shaped/
11/30/2024 22:23:02 - INFO - root - Image have been saved in /shenzihe/WD-Disk/output/exp5/vase/checkpoint-100/images/cube_shaped/
